[2024-12-28T00:00:02.599+0000] {processor.py:186} INFO - Started process (PID=27745) to work on /opt/airflow/dags/dags.py
[2024-12-28T00:00:02.600+0000] {processor.py:914} INFO - Processing file /opt/airflow/dags/dags.py for tasks to queue
[2024-12-28T00:00:02.602+0000] {logging_mixin.py:190} INFO - [2024-12-28T00:00:02.601+0000] {dagbag.py:588} INFO - Filling up the DagBag from /opt/airflow/dags/dags.py
[2024-12-28T00:00:02.628+0000] {processor.py:925} INFO - DAG(s) 'de01-final-project-dag' retrieved from /opt/airflow/dags/dags.py
[2024-12-28T00:00:02.654+0000] {logging_mixin.py:190} INFO - [2024-12-28T00:00:02.654+0000] {dag.py:3239} INFO - Sync 1 DAGs
[2024-12-28T00:00:02.680+0000] {logging_mixin.py:190} INFO - [2024-12-28T00:00:02.680+0000] {dag.py:4180} INFO - Setting next_dagrun for de01-final-project-dag to 2024-12-28 00:00:00+00:00, run_after=2024-12-29 00:00:00+00:00
[2024-12-28T00:00:02.713+0000] {processor.py:208} INFO - Processing /opt/airflow/dags/dags.py took 0.120 seconds
[2024-12-28T00:00:32.931+0000] {processor.py:186} INFO - Started process (PID=27808) to work on /opt/airflow/dags/dags.py
[2024-12-28T00:00:32.933+0000] {processor.py:914} INFO - Processing file /opt/airflow/dags/dags.py for tasks to queue
[2024-12-28T00:00:32.936+0000] {logging_mixin.py:190} INFO - [2024-12-28T00:00:32.935+0000] {dagbag.py:588} INFO - Filling up the DagBag from /opt/airflow/dags/dags.py
[2024-12-28T00:00:32.963+0000] {processor.py:925} INFO - DAG(s) 'de01-final-project-dag' retrieved from /opt/airflow/dags/dags.py
[2024-12-28T00:00:32.986+0000] {logging_mixin.py:190} INFO - [2024-12-28T00:00:32.986+0000] {dag.py:3239} INFO - Sync 1 DAGs
[2024-12-28T00:00:33.010+0000] {logging_mixin.py:190} INFO - [2024-12-28T00:00:33.010+0000] {dag.py:4180} INFO - Setting next_dagrun for de01-final-project-dag to 2024-12-28 00:00:00+00:00, run_after=2024-12-29 00:00:00+00:00
[2024-12-28T00:00:33.039+0000] {processor.py:208} INFO - Processing /opt/airflow/dags/dags.py took 0.113 seconds
[2024-12-28T00:01:03.596+0000] {processor.py:186} INFO - Started process (PID=27872) to work on /opt/airflow/dags/dags.py
[2024-12-28T00:01:03.597+0000] {processor.py:914} INFO - Processing file /opt/airflow/dags/dags.py for tasks to queue
[2024-12-28T00:01:03.599+0000] {logging_mixin.py:190} INFO - [2024-12-28T00:01:03.598+0000] {dagbag.py:588} INFO - Filling up the DagBag from /opt/airflow/dags/dags.py
[2024-12-28T00:01:03.623+0000] {processor.py:925} INFO - DAG(s) 'de01-final-project-dag' retrieved from /opt/airflow/dags/dags.py
[2024-12-28T00:01:03.647+0000] {logging_mixin.py:190} INFO - [2024-12-28T00:01:03.646+0000] {dag.py:3239} INFO - Sync 1 DAGs
[2024-12-28T00:01:03.674+0000] {logging_mixin.py:190} INFO - [2024-12-28T00:01:03.674+0000] {dag.py:4180} INFO - Setting next_dagrun for de01-final-project-dag to 2024-12-28 00:00:00+00:00, run_after=2024-12-29 00:00:00+00:00
[2024-12-28T00:01:03.701+0000] {processor.py:208} INFO - Processing /opt/airflow/dags/dags.py took 0.111 seconds
[2024-12-28T00:01:34.293+0000] {processor.py:186} INFO - Started process (PID=27936) to work on /opt/airflow/dags/dags.py
[2024-12-28T00:01:34.295+0000] {processor.py:914} INFO - Processing file /opt/airflow/dags/dags.py for tasks to queue
[2024-12-28T00:01:34.297+0000] {logging_mixin.py:190} INFO - [2024-12-28T00:01:34.296+0000] {dagbag.py:588} INFO - Filling up the DagBag from /opt/airflow/dags/dags.py
[2024-12-28T00:01:34.321+0000] {processor.py:925} INFO - DAG(s) 'de01-final-project-dag' retrieved from /opt/airflow/dags/dags.py
[2024-12-28T00:01:34.346+0000] {logging_mixin.py:190} INFO - [2024-12-28T00:01:34.345+0000] {dag.py:3239} INFO - Sync 1 DAGs
[2024-12-28T00:01:34.374+0000] {logging_mixin.py:190} INFO - [2024-12-28T00:01:34.373+0000] {dag.py:4180} INFO - Setting next_dagrun for de01-final-project-dag to 2024-12-28 00:00:00+00:00, run_after=2024-12-29 00:00:00+00:00
[2024-12-28T00:01:34.405+0000] {processor.py:208} INFO - Processing /opt/airflow/dags/dags.py took 0.119 seconds
[2024-12-28T00:02:04.535+0000] {processor.py:186} INFO - Started process (PID=28000) to work on /opt/airflow/dags/dags.py
[2024-12-28T00:02:04.536+0000] {processor.py:914} INFO - Processing file /opt/airflow/dags/dags.py for tasks to queue
[2024-12-28T00:02:04.538+0000] {logging_mixin.py:190} INFO - [2024-12-28T00:02:04.538+0000] {dagbag.py:588} INFO - Filling up the DagBag from /opt/airflow/dags/dags.py
[2024-12-28T00:02:04.561+0000] {processor.py:925} INFO - DAG(s) 'de01-final-project-dag' retrieved from /opt/airflow/dags/dags.py
[2024-12-28T00:02:04.585+0000] {logging_mixin.py:190} INFO - [2024-12-28T00:02:04.585+0000] {dag.py:3239} INFO - Sync 1 DAGs
[2024-12-28T00:02:04.611+0000] {logging_mixin.py:190} INFO - [2024-12-28T00:02:04.611+0000] {dag.py:4180} INFO - Setting next_dagrun for de01-final-project-dag to 2024-12-28 00:00:00+00:00, run_after=2024-12-29 00:00:00+00:00
[2024-12-28T00:02:04.646+0000] {processor.py:208} INFO - Processing /opt/airflow/dags/dags.py took 0.116 seconds
[2024-12-28T00:02:34.815+0000] {processor.py:186} INFO - Started process (PID=28064) to work on /opt/airflow/dags/dags.py
[2024-12-28T00:02:34.816+0000] {processor.py:914} INFO - Processing file /opt/airflow/dags/dags.py for tasks to queue
[2024-12-28T00:02:34.818+0000] {logging_mixin.py:190} INFO - [2024-12-28T00:02:34.818+0000] {dagbag.py:588} INFO - Filling up the DagBag from /opt/airflow/dags/dags.py
[2024-12-28T00:02:34.842+0000] {processor.py:925} INFO - DAG(s) 'de01-final-project-dag' retrieved from /opt/airflow/dags/dags.py
[2024-12-28T00:02:34.868+0000] {logging_mixin.py:190} INFO - [2024-12-28T00:02:34.867+0000] {dag.py:3239} INFO - Sync 1 DAGs
[2024-12-28T00:02:34.894+0000] {logging_mixin.py:190} INFO - [2024-12-28T00:02:34.894+0000] {dag.py:4180} INFO - Setting next_dagrun for de01-final-project-dag to 2024-12-28 00:00:00+00:00, run_after=2024-12-29 00:00:00+00:00
[2024-12-28T00:02:34.925+0000] {processor.py:208} INFO - Processing /opt/airflow/dags/dags.py took 0.117 seconds
[2024-12-28T00:03:05.601+0000] {processor.py:186} INFO - Started process (PID=28128) to work on /opt/airflow/dags/dags.py
[2024-12-28T00:03:05.603+0000] {processor.py:914} INFO - Processing file /opt/airflow/dags/dags.py for tasks to queue
[2024-12-28T00:03:05.605+0000] {logging_mixin.py:190} INFO - [2024-12-28T00:03:05.604+0000] {dagbag.py:588} INFO - Filling up the DagBag from /opt/airflow/dags/dags.py
[2024-12-28T00:03:05.628+0000] {processor.py:925} INFO - DAG(s) 'de01-final-project-dag' retrieved from /opt/airflow/dags/dags.py
[2024-12-28T00:03:05.651+0000] {logging_mixin.py:190} INFO - [2024-12-28T00:03:05.651+0000] {dag.py:3239} INFO - Sync 1 DAGs
[2024-12-28T00:03:05.678+0000] {logging_mixin.py:190} INFO - [2024-12-28T00:03:05.678+0000] {dag.py:4180} INFO - Setting next_dagrun for de01-final-project-dag to 2024-12-28 00:00:00+00:00, run_after=2024-12-29 00:00:00+00:00
[2024-12-28T00:03:05.707+0000] {processor.py:208} INFO - Processing /opt/airflow/dags/dags.py took 0.112 seconds
[2024-12-28T00:03:35.927+0000] {processor.py:186} INFO - Started process (PID=28192) to work on /opt/airflow/dags/dags.py
[2024-12-28T00:03:35.929+0000] {processor.py:914} INFO - Processing file /opt/airflow/dags/dags.py for tasks to queue
[2024-12-28T00:03:35.931+0000] {logging_mixin.py:190} INFO - [2024-12-28T00:03:35.930+0000] {dagbag.py:588} INFO - Filling up the DagBag from /opt/airflow/dags/dags.py
[2024-12-28T00:03:35.953+0000] {processor.py:925} INFO - DAG(s) 'de01-final-project-dag' retrieved from /opt/airflow/dags/dags.py
[2024-12-28T00:03:35.978+0000] {logging_mixin.py:190} INFO - [2024-12-28T00:03:35.977+0000] {dag.py:3239} INFO - Sync 1 DAGs
[2024-12-28T00:03:36.015+0000] {logging_mixin.py:190} INFO - [2024-12-28T00:03:36.014+0000] {dag.py:4180} INFO - Setting next_dagrun for de01-final-project-dag to 2024-12-28 00:00:00+00:00, run_after=2024-12-29 00:00:00+00:00
[2024-12-28T00:03:36.051+0000] {processor.py:208} INFO - Processing /opt/airflow/dags/dags.py took 0.130 seconds
[2024-12-28T00:04:06.159+0000] {processor.py:186} INFO - Started process (PID=28256) to work on /opt/airflow/dags/dags.py
[2024-12-28T00:04:06.161+0000] {processor.py:914} INFO - Processing file /opt/airflow/dags/dags.py for tasks to queue
[2024-12-28T00:04:06.163+0000] {logging_mixin.py:190} INFO - [2024-12-28T00:04:06.163+0000] {dagbag.py:588} INFO - Filling up the DagBag from /opt/airflow/dags/dags.py
[2024-12-28T00:04:06.189+0000] {processor.py:925} INFO - DAG(s) 'de01-final-project-dag' retrieved from /opt/airflow/dags/dags.py
[2024-12-28T00:04:06.218+0000] {logging_mixin.py:190} INFO - [2024-12-28T00:04:06.218+0000] {dag.py:3239} INFO - Sync 1 DAGs
[2024-12-28T00:04:06.247+0000] {logging_mixin.py:190} INFO - [2024-12-28T00:04:06.246+0000] {dag.py:4180} INFO - Setting next_dagrun for de01-final-project-dag to 2024-12-28 00:00:00+00:00, run_after=2024-12-29 00:00:00+00:00
[2024-12-28T00:04:06.277+0000] {processor.py:208} INFO - Processing /opt/airflow/dags/dags.py took 0.124 seconds
[2024-12-28T00:04:36.433+0000] {processor.py:186} INFO - Started process (PID=28321) to work on /opt/airflow/dags/dags.py
[2024-12-28T00:04:36.435+0000] {processor.py:914} INFO - Processing file /opt/airflow/dags/dags.py for tasks to queue
[2024-12-28T00:04:36.436+0000] {logging_mixin.py:190} INFO - [2024-12-28T00:04:36.436+0000] {dagbag.py:588} INFO - Filling up the DagBag from /opt/airflow/dags/dags.py
[2024-12-28T00:04:36.458+0000] {processor.py:925} INFO - DAG(s) 'de01-final-project-dag' retrieved from /opt/airflow/dags/dags.py
[2024-12-28T00:04:36.482+0000] {logging_mixin.py:190} INFO - [2024-12-28T00:04:36.482+0000] {dag.py:3239} INFO - Sync 1 DAGs
[2024-12-28T00:04:36.510+0000] {logging_mixin.py:190} INFO - [2024-12-28T00:04:36.509+0000] {dag.py:4180} INFO - Setting next_dagrun for de01-final-project-dag to 2024-12-28 00:00:00+00:00, run_after=2024-12-29 00:00:00+00:00
[2024-12-28T00:04:36.542+0000] {processor.py:208} INFO - Processing /opt/airflow/dags/dags.py took 0.115 seconds
[2024-12-28T00:05:06.639+0000] {processor.py:186} INFO - Started process (PID=28385) to work on /opt/airflow/dags/dags.py
[2024-12-28T00:05:06.641+0000] {processor.py:914} INFO - Processing file /opt/airflow/dags/dags.py for tasks to queue
[2024-12-28T00:05:06.643+0000] {logging_mixin.py:190} INFO - [2024-12-28T00:05:06.643+0000] {dagbag.py:588} INFO - Filling up the DagBag from /opt/airflow/dags/dags.py
[2024-12-28T00:05:06.665+0000] {processor.py:925} INFO - DAG(s) 'de01-final-project-dag' retrieved from /opt/airflow/dags/dags.py
[2024-12-28T00:05:06.691+0000] {logging_mixin.py:190} INFO - [2024-12-28T00:05:06.690+0000] {dag.py:3239} INFO - Sync 1 DAGs
[2024-12-28T00:05:06.720+0000] {logging_mixin.py:190} INFO - [2024-12-28T00:05:06.719+0000] {dag.py:4180} INFO - Setting next_dagrun for de01-final-project-dag to 2024-12-28 00:00:00+00:00, run_after=2024-12-29 00:00:00+00:00
[2024-12-28T00:05:06.751+0000] {processor.py:208} INFO - Processing /opt/airflow/dags/dags.py took 0.118 seconds
[2024-12-28T00:05:36.911+0000] {processor.py:186} INFO - Started process (PID=28449) to work on /opt/airflow/dags/dags.py
[2024-12-28T00:05:36.912+0000] {processor.py:914} INFO - Processing file /opt/airflow/dags/dags.py for tasks to queue
[2024-12-28T00:05:36.914+0000] {logging_mixin.py:190} INFO - [2024-12-28T00:05:36.914+0000] {dagbag.py:588} INFO - Filling up the DagBag from /opt/airflow/dags/dags.py
[2024-12-28T00:05:36.939+0000] {processor.py:925} INFO - DAG(s) 'de01-final-project-dag' retrieved from /opt/airflow/dags/dags.py
[2024-12-28T00:05:36.964+0000] {logging_mixin.py:190} INFO - [2024-12-28T00:05:36.964+0000] {dag.py:3239} INFO - Sync 1 DAGs
[2024-12-28T00:05:36.990+0000] {logging_mixin.py:190} INFO - [2024-12-28T00:05:36.989+0000] {dag.py:4180} INFO - Setting next_dagrun for de01-final-project-dag to 2024-12-28 00:00:00+00:00, run_after=2024-12-29 00:00:00+00:00
[2024-12-28T00:05:37.023+0000] {processor.py:208} INFO - Processing /opt/airflow/dags/dags.py took 0.118 seconds
[2024-12-28T00:06:07.378+0000] {processor.py:186} INFO - Started process (PID=28512) to work on /opt/airflow/dags/dags.py
[2024-12-28T00:06:07.379+0000] {processor.py:914} INFO - Processing file /opt/airflow/dags/dags.py for tasks to queue
[2024-12-28T00:06:07.382+0000] {logging_mixin.py:190} INFO - [2024-12-28T00:06:07.381+0000] {dagbag.py:588} INFO - Filling up the DagBag from /opt/airflow/dags/dags.py
[2024-12-28T00:06:07.411+0000] {processor.py:925} INFO - DAG(s) 'de01-final-project-dag' retrieved from /opt/airflow/dags/dags.py
[2024-12-28T00:06:07.443+0000] {logging_mixin.py:190} INFO - [2024-12-28T00:06:07.442+0000] {dag.py:3239} INFO - Sync 1 DAGs
[2024-12-28T00:06:07.478+0000] {logging_mixin.py:190} INFO - [2024-12-28T00:06:07.477+0000] {dag.py:4180} INFO - Setting next_dagrun for de01-final-project-dag to 2024-12-28 00:00:00+00:00, run_after=2024-12-29 00:00:00+00:00
[2024-12-28T00:06:07.514+0000] {processor.py:208} INFO - Processing /opt/airflow/dags/dags.py took 0.144 seconds
[2024-12-28T00:06:37.688+0000] {processor.py:186} INFO - Started process (PID=28576) to work on /opt/airflow/dags/dags.py
[2024-12-28T00:06:37.690+0000] {processor.py:914} INFO - Processing file /opt/airflow/dags/dags.py for tasks to queue
[2024-12-28T00:06:37.692+0000] {logging_mixin.py:190} INFO - [2024-12-28T00:06:37.691+0000] {dagbag.py:588} INFO - Filling up the DagBag from /opt/airflow/dags/dags.py
[2024-12-28T00:06:37.717+0000] {processor.py:925} INFO - DAG(s) 'de01-final-project-dag' retrieved from /opt/airflow/dags/dags.py
[2024-12-28T00:06:37.743+0000] {logging_mixin.py:190} INFO - [2024-12-28T00:06:37.742+0000] {dag.py:3239} INFO - Sync 1 DAGs
[2024-12-28T00:06:37.774+0000] {logging_mixin.py:190} INFO - [2024-12-28T00:06:37.773+0000] {dag.py:4180} INFO - Setting next_dagrun for de01-final-project-dag to 2024-12-28 00:00:00+00:00, run_after=2024-12-29 00:00:00+00:00
[2024-12-28T00:06:37.803+0000] {processor.py:208} INFO - Processing /opt/airflow/dags/dags.py took 0.120 seconds
[2024-12-28T00:07:08.135+0000] {processor.py:186} INFO - Started process (PID=28641) to work on /opt/airflow/dags/dags.py
[2024-12-28T00:07:08.137+0000] {processor.py:914} INFO - Processing file /opt/airflow/dags/dags.py for tasks to queue
[2024-12-28T00:07:08.139+0000] {logging_mixin.py:190} INFO - [2024-12-28T00:07:08.139+0000] {dagbag.py:588} INFO - Filling up the DagBag from /opt/airflow/dags/dags.py
[2024-12-28T00:07:08.168+0000] {processor.py:925} INFO - DAG(s) 'de01-final-project-dag' retrieved from /opt/airflow/dags/dags.py
[2024-12-28T00:07:08.195+0000] {logging_mixin.py:190} INFO - [2024-12-28T00:07:08.194+0000] {dag.py:3239} INFO - Sync 1 DAGs
[2024-12-28T00:07:08.226+0000] {logging_mixin.py:190} INFO - [2024-12-28T00:07:08.225+0000] {dag.py:4180} INFO - Setting next_dagrun for de01-final-project-dag to 2024-12-28 00:00:00+00:00, run_after=2024-12-29 00:00:00+00:00
[2024-12-28T00:07:08.260+0000] {processor.py:208} INFO - Processing /opt/airflow/dags/dags.py took 0.132 seconds
[2024-12-28T00:07:38.335+0000] {processor.py:186} INFO - Started process (PID=28703) to work on /opt/airflow/dags/dags.py
[2024-12-28T00:07:38.337+0000] {processor.py:914} INFO - Processing file /opt/airflow/dags/dags.py for tasks to queue
[2024-12-28T00:07:38.338+0000] {logging_mixin.py:190} INFO - [2024-12-28T00:07:38.338+0000] {dagbag.py:588} INFO - Filling up the DagBag from /opt/airflow/dags/dags.py
[2024-12-28T00:07:38.360+0000] {processor.py:925} INFO - DAG(s) 'de01-final-project-dag' retrieved from /opt/airflow/dags/dags.py
[2024-12-28T00:07:38.387+0000] {logging_mixin.py:190} INFO - [2024-12-28T00:07:38.387+0000] {dag.py:3239} INFO - Sync 1 DAGs
[2024-12-28T00:07:38.414+0000] {logging_mixin.py:190} INFO - [2024-12-28T00:07:38.414+0000] {dag.py:4180} INFO - Setting next_dagrun for de01-final-project-dag to 2024-12-28 00:00:00+00:00, run_after=2024-12-29 00:00:00+00:00
[2024-12-28T00:07:38.446+0000] {processor.py:208} INFO - Processing /opt/airflow/dags/dags.py took 0.117 seconds
[2024-12-28T00:08:08.805+0000] {processor.py:186} INFO - Started process (PID=28767) to work on /opt/airflow/dags/dags.py
[2024-12-28T00:08:08.807+0000] {processor.py:914} INFO - Processing file /opt/airflow/dags/dags.py for tasks to queue
[2024-12-28T00:08:08.809+0000] {logging_mixin.py:190} INFO - [2024-12-28T00:08:08.808+0000] {dagbag.py:588} INFO - Filling up the DagBag from /opt/airflow/dags/dags.py
[2024-12-28T00:08:08.833+0000] {processor.py:925} INFO - DAG(s) 'de01-final-project-dag' retrieved from /opt/airflow/dags/dags.py
[2024-12-28T00:08:08.855+0000] {logging_mixin.py:190} INFO - [2024-12-28T00:08:08.855+0000] {dag.py:3239} INFO - Sync 1 DAGs
[2024-12-28T00:08:08.880+0000] {logging_mixin.py:190} INFO - [2024-12-28T00:08:08.880+0000] {dag.py:4180} INFO - Setting next_dagrun for de01-final-project-dag to 2024-12-28 00:00:00+00:00, run_after=2024-12-29 00:00:00+00:00
[2024-12-28T00:08:08.909+0000] {processor.py:208} INFO - Processing /opt/airflow/dags/dags.py took 0.110 seconds
[2024-12-28T00:08:38.998+0000] {processor.py:186} INFO - Started process (PID=28831) to work on /opt/airflow/dags/dags.py
[2024-12-28T00:08:38.999+0000] {processor.py:914} INFO - Processing file /opt/airflow/dags/dags.py for tasks to queue
[2024-12-28T00:08:39.001+0000] {logging_mixin.py:190} INFO - [2024-12-28T00:08:39.001+0000] {dagbag.py:588} INFO - Filling up the DagBag from /opt/airflow/dags/dags.py
[2024-12-28T00:08:39.023+0000] {processor.py:925} INFO - DAG(s) 'de01-final-project-dag' retrieved from /opt/airflow/dags/dags.py
[2024-12-28T00:08:39.047+0000] {logging_mixin.py:190} INFO - [2024-12-28T00:08:39.047+0000] {dag.py:3239} INFO - Sync 1 DAGs
[2024-12-28T00:08:39.074+0000] {logging_mixin.py:190} INFO - [2024-12-28T00:08:39.074+0000] {dag.py:4180} INFO - Setting next_dagrun for de01-final-project-dag to 2024-12-28 00:00:00+00:00, run_after=2024-12-29 00:00:00+00:00
[2024-12-28T00:08:39.106+0000] {processor.py:208} INFO - Processing /opt/airflow/dags/dags.py took 0.113 seconds
[2024-12-28T00:09:09.505+0000] {processor.py:186} INFO - Started process (PID=28895) to work on /opt/airflow/dags/dags.py
[2024-12-28T00:09:09.507+0000] {processor.py:914} INFO - Processing file /opt/airflow/dags/dags.py for tasks to queue
[2024-12-28T00:09:09.509+0000] {logging_mixin.py:190} INFO - [2024-12-28T00:09:09.508+0000] {dagbag.py:588} INFO - Filling up the DagBag from /opt/airflow/dags/dags.py
[2024-12-28T00:09:09.534+0000] {processor.py:925} INFO - DAG(s) 'de01-final-project-dag' retrieved from /opt/airflow/dags/dags.py
[2024-12-28T00:09:09.562+0000] {logging_mixin.py:190} INFO - [2024-12-28T00:09:09.561+0000] {dag.py:3239} INFO - Sync 1 DAGs
[2024-12-28T00:09:09.586+0000] {logging_mixin.py:190} INFO - [2024-12-28T00:09:09.585+0000] {dag.py:4180} INFO - Setting next_dagrun for de01-final-project-dag to 2024-12-28 00:00:00+00:00, run_after=2024-12-29 00:00:00+00:00
[2024-12-28T00:09:09.614+0000] {processor.py:208} INFO - Processing /opt/airflow/dags/dags.py took 0.116 seconds
[2024-12-28T00:09:40.398+0000] {processor.py:186} INFO - Started process (PID=28959) to work on /opt/airflow/dags/dags.py
[2024-12-28T00:09:40.400+0000] {processor.py:914} INFO - Processing file /opt/airflow/dags/dags.py for tasks to queue
[2024-12-28T00:09:40.402+0000] {logging_mixin.py:190} INFO - [2024-12-28T00:09:40.401+0000] {dagbag.py:588} INFO - Filling up the DagBag from /opt/airflow/dags/dags.py
[2024-12-28T00:09:40.421+0000] {processor.py:925} INFO - DAG(s) 'de01-final-project-dag' retrieved from /opt/airflow/dags/dags.py
[2024-12-28T00:09:40.446+0000] {logging_mixin.py:190} INFO - [2024-12-28T00:09:40.446+0000] {dag.py:3239} INFO - Sync 1 DAGs
[2024-12-28T00:09:40.472+0000] {logging_mixin.py:190} INFO - [2024-12-28T00:09:40.472+0000] {dag.py:4180} INFO - Setting next_dagrun for de01-final-project-dag to 2024-12-28 00:00:00+00:00, run_after=2024-12-29 00:00:00+00:00
[2024-12-28T00:09:40.503+0000] {processor.py:208} INFO - Processing /opt/airflow/dags/dags.py took 0.111 seconds
[2024-12-28T00:10:10.916+0000] {processor.py:186} INFO - Started process (PID=29023) to work on /opt/airflow/dags/dags.py
[2024-12-28T00:10:10.917+0000] {processor.py:914} INFO - Processing file /opt/airflow/dags/dags.py for tasks to queue
[2024-12-28T00:10:10.919+0000] {logging_mixin.py:190} INFO - [2024-12-28T00:10:10.919+0000] {dagbag.py:588} INFO - Filling up the DagBag from /opt/airflow/dags/dags.py
[2024-12-28T00:10:10.949+0000] {processor.py:925} INFO - DAG(s) 'de01-final-project-dag' retrieved from /opt/airflow/dags/dags.py
[2024-12-28T00:10:10.971+0000] {logging_mixin.py:190} INFO - [2024-12-28T00:10:10.971+0000] {dag.py:3239} INFO - Sync 1 DAGs
[2024-12-28T00:10:10.997+0000] {logging_mixin.py:190} INFO - [2024-12-28T00:10:10.997+0000] {dag.py:4180} INFO - Setting next_dagrun for de01-final-project-dag to 2024-12-28 00:00:00+00:00, run_after=2024-12-29 00:00:00+00:00
[2024-12-28T00:10:11.023+0000] {processor.py:208} INFO - Processing /opt/airflow/dags/dags.py took 0.114 seconds
[2024-12-28T00:10:41.220+0000] {processor.py:186} INFO - Started process (PID=29088) to work on /opt/airflow/dags/dags.py
[2024-12-28T00:10:41.222+0000] {processor.py:914} INFO - Processing file /opt/airflow/dags/dags.py for tasks to queue
[2024-12-28T00:10:41.224+0000] {logging_mixin.py:190} INFO - [2024-12-28T00:10:41.223+0000] {dagbag.py:588} INFO - Filling up the DagBag from /opt/airflow/dags/dags.py
[2024-12-28T00:10:41.250+0000] {processor.py:925} INFO - DAG(s) 'de01-final-project-dag' retrieved from /opt/airflow/dags/dags.py
[2024-12-28T00:10:41.275+0000] {logging_mixin.py:190} INFO - [2024-12-28T00:10:41.275+0000] {dag.py:3239} INFO - Sync 1 DAGs
[2024-12-28T00:10:41.300+0000] {logging_mixin.py:190} INFO - [2024-12-28T00:10:41.300+0000] {dag.py:4180} INFO - Setting next_dagrun for de01-final-project-dag to 2024-12-28 00:00:00+00:00, run_after=2024-12-29 00:00:00+00:00
[2024-12-28T00:10:41.332+0000] {processor.py:208} INFO - Processing /opt/airflow/dags/dags.py took 0.117 seconds
[2024-12-28T00:11:11.983+0000] {processor.py:186} INFO - Started process (PID=29151) to work on /opt/airflow/dags/dags.py
[2024-12-28T00:11:11.984+0000] {processor.py:914} INFO - Processing file /opt/airflow/dags/dags.py for tasks to queue
[2024-12-28T00:11:11.986+0000] {logging_mixin.py:190} INFO - [2024-12-28T00:11:11.985+0000] {dagbag.py:588} INFO - Filling up the DagBag from /opt/airflow/dags/dags.py
[2024-12-28T00:11:12.010+0000] {processor.py:925} INFO - DAG(s) 'de01-final-project-dag' retrieved from /opt/airflow/dags/dags.py
[2024-12-28T00:11:12.035+0000] {logging_mixin.py:190} INFO - [2024-12-28T00:11:12.035+0000] {dag.py:3239} INFO - Sync 1 DAGs
[2024-12-28T00:11:12.059+0000] {logging_mixin.py:190} INFO - [2024-12-28T00:11:12.059+0000] {dag.py:4180} INFO - Setting next_dagrun for de01-final-project-dag to 2024-12-28 00:00:00+00:00, run_after=2024-12-29 00:00:00+00:00
[2024-12-28T00:11:12.086+0000] {processor.py:208} INFO - Processing /opt/airflow/dags/dags.py took 0.109 seconds
[2024-12-28T00:11:42.218+0000] {processor.py:186} INFO - Started process (PID=29215) to work on /opt/airflow/dags/dags.py
[2024-12-28T00:11:42.219+0000] {processor.py:914} INFO - Processing file /opt/airflow/dags/dags.py for tasks to queue
[2024-12-28T00:11:42.221+0000] {logging_mixin.py:190} INFO - [2024-12-28T00:11:42.220+0000] {dagbag.py:588} INFO - Filling up the DagBag from /opt/airflow/dags/dags.py
[2024-12-28T00:11:42.246+0000] {processor.py:925} INFO - DAG(s) 'de01-final-project-dag' retrieved from /opt/airflow/dags/dags.py
[2024-12-28T00:11:42.273+0000] {logging_mixin.py:190} INFO - [2024-12-28T00:11:42.272+0000] {dag.py:3239} INFO - Sync 1 DAGs
[2024-12-28T00:11:42.303+0000] {logging_mixin.py:190} INFO - [2024-12-28T00:11:42.303+0000] {dag.py:4180} INFO - Setting next_dagrun for de01-final-project-dag to 2024-12-28 00:00:00+00:00, run_after=2024-12-29 00:00:00+00:00
[2024-12-28T00:11:42.334+0000] {processor.py:208} INFO - Processing /opt/airflow/dags/dags.py took 0.122 seconds
[2024-12-28T00:12:12.587+0000] {processor.py:186} INFO - Started process (PID=29279) to work on /opt/airflow/dags/dags.py
[2024-12-28T00:12:12.589+0000] {processor.py:914} INFO - Processing file /opt/airflow/dags/dags.py for tasks to queue
[2024-12-28T00:12:12.590+0000] {logging_mixin.py:190} INFO - [2024-12-28T00:12:12.590+0000] {dagbag.py:588} INFO - Filling up the DagBag from /opt/airflow/dags/dags.py
[2024-12-28T00:12:12.623+0000] {processor.py:925} INFO - DAG(s) 'de01-final-project-dag' retrieved from /opt/airflow/dags/dags.py
[2024-12-28T00:12:12.649+0000] {logging_mixin.py:190} INFO - [2024-12-28T00:12:12.649+0000] {dag.py:3239} INFO - Sync 1 DAGs
[2024-12-28T00:12:12.682+0000] {logging_mixin.py:190} INFO - [2024-12-28T00:12:12.681+0000] {dag.py:4180} INFO - Setting next_dagrun for de01-final-project-dag to 2024-12-28 00:00:00+00:00, run_after=2024-12-29 00:00:00+00:00
[2024-12-28T00:12:12.715+0000] {processor.py:208} INFO - Processing /opt/airflow/dags/dags.py took 0.134 seconds
[2024-12-28T00:12:43.350+0000] {processor.py:186} INFO - Started process (PID=29343) to work on /opt/airflow/dags/dags.py
[2024-12-28T00:12:43.351+0000] {processor.py:914} INFO - Processing file /opt/airflow/dags/dags.py for tasks to queue
[2024-12-28T00:12:43.353+0000] {logging_mixin.py:190} INFO - [2024-12-28T00:12:43.353+0000] {dagbag.py:588} INFO - Filling up the DagBag from /opt/airflow/dags/dags.py
[2024-12-28T00:12:43.377+0000] {processor.py:925} INFO - DAG(s) 'de01-final-project-dag' retrieved from /opt/airflow/dags/dags.py
[2024-12-28T00:12:43.401+0000] {logging_mixin.py:190} INFO - [2024-12-28T00:12:43.401+0000] {dag.py:3239} INFO - Sync 1 DAGs
[2024-12-28T00:12:43.428+0000] {logging_mixin.py:190} INFO - [2024-12-28T00:12:43.427+0000] {dag.py:4180} INFO - Setting next_dagrun for de01-final-project-dag to 2024-12-28 00:00:00+00:00, run_after=2024-12-29 00:00:00+00:00
[2024-12-28T00:12:43.457+0000] {processor.py:208} INFO - Processing /opt/airflow/dags/dags.py took 0.113 seconds
[2024-12-28T00:13:13.850+0000] {processor.py:186} INFO - Started process (PID=29406) to work on /opt/airflow/dags/dags.py
[2024-12-28T00:13:13.852+0000] {processor.py:914} INFO - Processing file /opt/airflow/dags/dags.py for tasks to queue
[2024-12-28T00:13:13.854+0000] {logging_mixin.py:190} INFO - [2024-12-28T00:13:13.853+0000] {dagbag.py:588} INFO - Filling up the DagBag from /opt/airflow/dags/dags.py
[2024-12-28T00:13:13.878+0000] {processor.py:925} INFO - DAG(s) 'de01-final-project-dag' retrieved from /opt/airflow/dags/dags.py
[2024-12-28T00:13:13.904+0000] {logging_mixin.py:190} INFO - [2024-12-28T00:13:13.904+0000] {dag.py:3239} INFO - Sync 1 DAGs
[2024-12-28T00:13:13.931+0000] {logging_mixin.py:190} INFO - [2024-12-28T00:13:13.930+0000] {dag.py:4180} INFO - Setting next_dagrun for de01-final-project-dag to 2024-12-28 00:00:00+00:00, run_after=2024-12-29 00:00:00+00:00
[2024-12-28T00:13:13.963+0000] {processor.py:208} INFO - Processing /opt/airflow/dags/dags.py took 0.118 seconds
[2024-12-28T00:13:44.814+0000] {processor.py:186} INFO - Started process (PID=29469) to work on /opt/airflow/dags/dags.py
[2024-12-28T00:13:44.815+0000] {processor.py:914} INFO - Processing file /opt/airflow/dags/dags.py for tasks to queue
[2024-12-28T00:13:44.817+0000] {logging_mixin.py:190} INFO - [2024-12-28T00:13:44.817+0000] {dagbag.py:588} INFO - Filling up the DagBag from /opt/airflow/dags/dags.py
[2024-12-28T00:13:44.839+0000] {processor.py:925} INFO - DAG(s) 'de01-final-project-dag' retrieved from /opt/airflow/dags/dags.py
[2024-12-28T00:13:44.865+0000] {logging_mixin.py:190} INFO - [2024-12-28T00:13:44.864+0000] {dag.py:3239} INFO - Sync 1 DAGs
[2024-12-28T00:13:44.891+0000] {logging_mixin.py:190} INFO - [2024-12-28T00:13:44.891+0000] {dag.py:4180} INFO - Setting next_dagrun for de01-final-project-dag to 2024-12-28 00:00:00+00:00, run_after=2024-12-29 00:00:00+00:00
[2024-12-28T00:13:44.920+0000] {processor.py:208} INFO - Processing /opt/airflow/dags/dags.py took 0.112 seconds
[2024-12-28T00:14:15.040+0000] {processor.py:186} INFO - Started process (PID=29533) to work on /opt/airflow/dags/dags.py
[2024-12-28T00:14:15.041+0000] {processor.py:914} INFO - Processing file /opt/airflow/dags/dags.py for tasks to queue
[2024-12-28T00:14:15.043+0000] {logging_mixin.py:190} INFO - [2024-12-28T00:14:15.042+0000] {dagbag.py:588} INFO - Filling up the DagBag from /opt/airflow/dags/dags.py
[2024-12-28T00:14:15.064+0000] {processor.py:925} INFO - DAG(s) 'de01-final-project-dag' retrieved from /opt/airflow/dags/dags.py
[2024-12-28T00:14:15.087+0000] {logging_mixin.py:190} INFO - [2024-12-28T00:14:15.087+0000] {dag.py:3239} INFO - Sync 1 DAGs
[2024-12-28T00:14:15.114+0000] {logging_mixin.py:190} INFO - [2024-12-28T00:14:15.114+0000] {dag.py:4180} INFO - Setting next_dagrun for de01-final-project-dag to 2024-12-28 00:00:00+00:00, run_after=2024-12-29 00:00:00+00:00
[2024-12-28T00:14:15.145+0000] {processor.py:208} INFO - Processing /opt/airflow/dags/dags.py took 0.110 seconds
[2024-12-28T00:14:45.508+0000] {processor.py:186} INFO - Started process (PID=29597) to work on /opt/airflow/dags/dags.py
[2024-12-28T00:14:45.509+0000] {processor.py:914} INFO - Processing file /opt/airflow/dags/dags.py for tasks to queue
[2024-12-28T00:14:45.510+0000] {logging_mixin.py:190} INFO - [2024-12-28T00:14:45.510+0000] {dagbag.py:588} INFO - Filling up the DagBag from /opt/airflow/dags/dags.py
[2024-12-28T00:14:45.533+0000] {processor.py:925} INFO - DAG(s) 'de01-final-project-dag' retrieved from /opt/airflow/dags/dags.py
[2024-12-28T00:14:45.561+0000] {logging_mixin.py:190} INFO - [2024-12-28T00:14:45.560+0000] {dag.py:3239} INFO - Sync 1 DAGs
[2024-12-28T00:14:45.588+0000] {logging_mixin.py:190} INFO - [2024-12-28T00:14:45.588+0000] {dag.py:4180} INFO - Setting next_dagrun for de01-final-project-dag to 2024-12-28 00:00:00+00:00, run_after=2024-12-29 00:00:00+00:00
[2024-12-28T00:14:45.621+0000] {processor.py:208} INFO - Processing /opt/airflow/dags/dags.py took 0.119 seconds
[2024-12-28T00:15:15.701+0000] {processor.py:186} INFO - Started process (PID=29661) to work on /opt/airflow/dags/dags.py
[2024-12-28T00:15:15.703+0000] {processor.py:914} INFO - Processing file /opt/airflow/dags/dags.py for tasks to queue
[2024-12-28T00:15:15.704+0000] {logging_mixin.py:190} INFO - [2024-12-28T00:15:15.704+0000] {dagbag.py:588} INFO - Filling up the DagBag from /opt/airflow/dags/dags.py
[2024-12-28T00:15:15.728+0000] {processor.py:925} INFO - DAG(s) 'de01-final-project-dag' retrieved from /opt/airflow/dags/dags.py
[2024-12-28T00:15:15.753+0000] {logging_mixin.py:190} INFO - [2024-12-28T00:15:15.752+0000] {dag.py:3239} INFO - Sync 1 DAGs
[2024-12-28T00:15:15.779+0000] {logging_mixin.py:190} INFO - [2024-12-28T00:15:15.779+0000] {dag.py:4180} INFO - Setting next_dagrun for de01-final-project-dag to 2024-12-28 00:00:00+00:00, run_after=2024-12-29 00:00:00+00:00
[2024-12-28T00:15:15.805+0000] {processor.py:208} INFO - Processing /opt/airflow/dags/dags.py took 0.108 seconds
[2024-12-28T00:15:45.998+0000] {processor.py:186} INFO - Started process (PID=29725) to work on /opt/airflow/dags/dags.py
[2024-12-28T00:15:45.999+0000] {processor.py:914} INFO - Processing file /opt/airflow/dags/dags.py for tasks to queue
[2024-12-28T00:15:46.002+0000] {logging_mixin.py:190} INFO - [2024-12-28T00:15:46.001+0000] {dagbag.py:588} INFO - Filling up the DagBag from /opt/airflow/dags/dags.py
[2024-12-28T00:15:46.026+0000] {processor.py:925} INFO - DAG(s) 'de01-final-project-dag' retrieved from /opt/airflow/dags/dags.py
[2024-12-28T00:15:46.048+0000] {logging_mixin.py:190} INFO - [2024-12-28T00:15:46.048+0000] {dag.py:3239} INFO - Sync 1 DAGs
[2024-12-28T00:15:46.073+0000] {logging_mixin.py:190} INFO - [2024-12-28T00:15:46.073+0000] {dag.py:4180} INFO - Setting next_dagrun for de01-final-project-dag to 2024-12-28 00:00:00+00:00, run_after=2024-12-29 00:00:00+00:00
[2024-12-28T00:15:46.100+0000] {processor.py:208} INFO - Processing /opt/airflow/dags/dags.py took 0.108 seconds
[2024-12-28T00:16:16.657+0000] {processor.py:186} INFO - Started process (PID=29789) to work on /opt/airflow/dags/dags.py
[2024-12-28T00:16:16.658+0000] {processor.py:914} INFO - Processing file /opt/airflow/dags/dags.py for tasks to queue
[2024-12-28T00:16:16.660+0000] {logging_mixin.py:190} INFO - [2024-12-28T00:16:16.659+0000] {dagbag.py:588} INFO - Filling up the DagBag from /opt/airflow/dags/dags.py
[2024-12-28T00:16:16.681+0000] {processor.py:925} INFO - DAG(s) 'de01-final-project-dag' retrieved from /opt/airflow/dags/dags.py
[2024-12-28T00:16:16.704+0000] {logging_mixin.py:190} INFO - [2024-12-28T00:16:16.703+0000] {dag.py:3239} INFO - Sync 1 DAGs
[2024-12-28T00:16:16.728+0000] {logging_mixin.py:190} INFO - [2024-12-28T00:16:16.728+0000] {dag.py:4180} INFO - Setting next_dagrun for de01-final-project-dag to 2024-12-28 00:00:00+00:00, run_after=2024-12-29 00:00:00+00:00
[2024-12-28T00:16:16.756+0000] {processor.py:208} INFO - Processing /opt/airflow/dags/dags.py took 0.105 seconds
[2024-12-28T00:16:47.084+0000] {processor.py:186} INFO - Started process (PID=29853) to work on /opt/airflow/dags/dags.py
[2024-12-28T00:16:47.085+0000] {processor.py:914} INFO - Processing file /opt/airflow/dags/dags.py for tasks to queue
[2024-12-28T00:16:47.087+0000] {logging_mixin.py:190} INFO - [2024-12-28T00:16:47.087+0000] {dagbag.py:588} INFO - Filling up the DagBag from /opt/airflow/dags/dags.py
[2024-12-28T00:16:47.112+0000] {processor.py:925} INFO - DAG(s) 'de01-final-project-dag' retrieved from /opt/airflow/dags/dags.py
[2024-12-28T00:16:47.144+0000] {logging_mixin.py:190} INFO - [2024-12-28T00:16:47.144+0000] {dag.py:3239} INFO - Sync 1 DAGs
[2024-12-28T00:16:47.170+0000] {logging_mixin.py:190} INFO - [2024-12-28T00:16:47.170+0000] {dag.py:4180} INFO - Setting next_dagrun for de01-final-project-dag to 2024-12-28 00:00:00+00:00, run_after=2024-12-29 00:00:00+00:00
[2024-12-28T00:16:47.197+0000] {processor.py:208} INFO - Processing /opt/airflow/dags/dags.py took 0.121 seconds
[2024-12-28T00:17:17.414+0000] {processor.py:186} INFO - Started process (PID=29918) to work on /opt/airflow/dags/dags.py
[2024-12-28T00:17:17.416+0000] {processor.py:914} INFO - Processing file /opt/airflow/dags/dags.py for tasks to queue
[2024-12-28T00:17:17.418+0000] {logging_mixin.py:190} INFO - [2024-12-28T00:17:17.418+0000] {dagbag.py:588} INFO - Filling up the DagBag from /opt/airflow/dags/dags.py
[2024-12-28T00:17:17.440+0000] {processor.py:925} INFO - DAG(s) 'de01-final-project-dag' retrieved from /opt/airflow/dags/dags.py
[2024-12-28T00:17:17.462+0000] {logging_mixin.py:190} INFO - [2024-12-28T00:17:17.462+0000] {dag.py:3239} INFO - Sync 1 DAGs
[2024-12-28T00:17:17.490+0000] {logging_mixin.py:190} INFO - [2024-12-28T00:17:17.490+0000] {dag.py:4180} INFO - Setting next_dagrun for de01-final-project-dag to 2024-12-28 00:00:00+00:00, run_after=2024-12-29 00:00:00+00:00
[2024-12-28T00:17:17.517+0000] {processor.py:208} INFO - Processing /opt/airflow/dags/dags.py took 0.108 seconds
[2024-12-28T00:17:48.093+0000] {processor.py:186} INFO - Started process (PID=29982) to work on /opt/airflow/dags/dags.py
[2024-12-28T00:17:48.094+0000] {processor.py:914} INFO - Processing file /opt/airflow/dags/dags.py for tasks to queue
[2024-12-28T00:17:48.096+0000] {logging_mixin.py:190} INFO - [2024-12-28T00:17:48.096+0000] {dagbag.py:588} INFO - Filling up the DagBag from /opt/airflow/dags/dags.py
[2024-12-28T00:17:48.119+0000] {processor.py:925} INFO - DAG(s) 'de01-final-project-dag' retrieved from /opt/airflow/dags/dags.py
[2024-12-28T00:17:48.142+0000] {logging_mixin.py:190} INFO - [2024-12-28T00:17:48.141+0000] {dag.py:3239} INFO - Sync 1 DAGs
[2024-12-28T00:17:48.166+0000] {logging_mixin.py:190} INFO - [2024-12-28T00:17:48.166+0000] {dag.py:4180} INFO - Setting next_dagrun for de01-final-project-dag to 2024-12-28 00:00:00+00:00, run_after=2024-12-29 00:00:00+00:00
[2024-12-28T00:17:48.196+0000] {processor.py:208} INFO - Processing /opt/airflow/dags/dags.py took 0.109 seconds
[2024-12-28T00:18:18.341+0000] {processor.py:186} INFO - Started process (PID=30046) to work on /opt/airflow/dags/dags.py
[2024-12-28T00:18:18.342+0000] {processor.py:914} INFO - Processing file /opt/airflow/dags/dags.py for tasks to queue
[2024-12-28T00:18:18.343+0000] {logging_mixin.py:190} INFO - [2024-12-28T00:18:18.343+0000] {dagbag.py:588} INFO - Filling up the DagBag from /opt/airflow/dags/dags.py
[2024-12-28T00:18:18.366+0000] {processor.py:925} INFO - DAG(s) 'de01-final-project-dag' retrieved from /opt/airflow/dags/dags.py
[2024-12-28T00:18:18.387+0000] {logging_mixin.py:190} INFO - [2024-12-28T00:18:18.386+0000] {dag.py:3239} INFO - Sync 1 DAGs
[2024-12-28T00:18:18.412+0000] {logging_mixin.py:190} INFO - [2024-12-28T00:18:18.411+0000] {dag.py:4180} INFO - Setting next_dagrun for de01-final-project-dag to 2024-12-28 00:00:00+00:00, run_after=2024-12-29 00:00:00+00:00
[2024-12-28T00:18:18.441+0000] {processor.py:208} INFO - Processing /opt/airflow/dags/dags.py took 0.106 seconds
[2024-12-28T00:18:48.539+0000] {processor.py:186} INFO - Started process (PID=30110) to work on /opt/airflow/dags/dags.py
[2024-12-28T00:18:48.540+0000] {processor.py:914} INFO - Processing file /opt/airflow/dags/dags.py for tasks to queue
[2024-12-28T00:18:48.541+0000] {logging_mixin.py:190} INFO - [2024-12-28T00:18:48.541+0000] {dagbag.py:588} INFO - Filling up the DagBag from /opt/airflow/dags/dags.py
[2024-12-28T00:18:48.563+0000] {processor.py:925} INFO - DAG(s) 'de01-final-project-dag' retrieved from /opt/airflow/dags/dags.py
[2024-12-28T00:18:48.589+0000] {logging_mixin.py:190} INFO - [2024-12-28T00:18:48.588+0000] {dag.py:3239} INFO - Sync 1 DAGs
[2024-12-28T00:18:48.614+0000] {logging_mixin.py:190} INFO - [2024-12-28T00:18:48.614+0000] {dag.py:4180} INFO - Setting next_dagrun for de01-final-project-dag to 2024-12-28 00:00:00+00:00, run_after=2024-12-29 00:00:00+00:00
[2024-12-28T00:18:48.648+0000] {processor.py:208} INFO - Processing /opt/airflow/dags/dags.py took 0.114 seconds
[2024-12-28T00:19:19.400+0000] {processor.py:186} INFO - Started process (PID=30174) to work on /opt/airflow/dags/dags.py
[2024-12-28T00:19:19.401+0000] {processor.py:914} INFO - Processing file /opt/airflow/dags/dags.py for tasks to queue
[2024-12-28T00:19:19.403+0000] {logging_mixin.py:190} INFO - [2024-12-28T00:19:19.402+0000] {dagbag.py:588} INFO - Filling up the DagBag from /opt/airflow/dags/dags.py
[2024-12-28T00:19:19.425+0000] {processor.py:925} INFO - DAG(s) 'de01-final-project-dag' retrieved from /opt/airflow/dags/dags.py
[2024-12-28T00:19:19.449+0000] {logging_mixin.py:190} INFO - [2024-12-28T00:19:19.449+0000] {dag.py:3239} INFO - Sync 1 DAGs
[2024-12-28T00:19:19.474+0000] {logging_mixin.py:190} INFO - [2024-12-28T00:19:19.474+0000] {dag.py:4180} INFO - Setting next_dagrun for de01-final-project-dag to 2024-12-28 00:00:00+00:00, run_after=2024-12-29 00:00:00+00:00
[2024-12-28T00:19:19.501+0000] {processor.py:208} INFO - Processing /opt/airflow/dags/dags.py took 0.106 seconds
[2024-12-28T00:19:49.644+0000] {processor.py:186} INFO - Started process (PID=30238) to work on /opt/airflow/dags/dags.py
[2024-12-28T00:19:49.645+0000] {processor.py:914} INFO - Processing file /opt/airflow/dags/dags.py for tasks to queue
[2024-12-28T00:19:49.647+0000] {logging_mixin.py:190} INFO - [2024-12-28T00:19:49.646+0000] {dagbag.py:588} INFO - Filling up the DagBag from /opt/airflow/dags/dags.py
[2024-12-28T00:19:49.670+0000] {processor.py:925} INFO - DAG(s) 'de01-final-project-dag' retrieved from /opt/airflow/dags/dags.py
[2024-12-28T00:19:49.709+0000] {logging_mixin.py:190} INFO - [2024-12-28T00:19:49.709+0000] {dag.py:3239} INFO - Sync 1 DAGs
[2024-12-28T00:19:49.744+0000] {logging_mixin.py:190} INFO - [2024-12-28T00:19:49.743+0000] {dag.py:4180} INFO - Setting next_dagrun for de01-final-project-dag to 2024-12-28 00:00:00+00:00, run_after=2024-12-29 00:00:00+00:00
[2024-12-28T00:19:49.769+0000] {processor.py:208} INFO - Processing /opt/airflow/dags/dags.py took 0.131 seconds
[2024-12-28T00:20:19.978+0000] {processor.py:186} INFO - Started process (PID=30309) to work on /opt/airflow/dags/dags.py
[2024-12-28T00:20:19.980+0000] {processor.py:914} INFO - Processing file /opt/airflow/dags/dags.py for tasks to queue
[2024-12-28T00:20:19.982+0000] {logging_mixin.py:190} INFO - [2024-12-28T00:20:19.982+0000] {dagbag.py:588} INFO - Filling up the DagBag from /opt/airflow/dags/dags.py
[2024-12-28T00:20:20.008+0000] {processor.py:925} INFO - DAG(s) 'de01-final-project-dag' retrieved from /opt/airflow/dags/dags.py
[2024-12-28T00:20:20.032+0000] {logging_mixin.py:190} INFO - [2024-12-28T00:20:20.032+0000] {dag.py:3239} INFO - Sync 1 DAGs
[2024-12-28T00:20:20.058+0000] {logging_mixin.py:190} INFO - [2024-12-28T00:20:20.058+0000] {dag.py:4180} INFO - Setting next_dagrun for de01-final-project-dag to 2024-12-28 00:00:00+00:00, run_after=2024-12-29 00:00:00+00:00
[2024-12-28T00:20:20.087+0000] {processor.py:208} INFO - Processing /opt/airflow/dags/dags.py took 0.114 seconds
[2024-12-28T00:20:50.234+0000] {processor.py:186} INFO - Started process (PID=30373) to work on /opt/airflow/dags/dags.py
[2024-12-28T00:20:50.235+0000] {processor.py:914} INFO - Processing file /opt/airflow/dags/dags.py for tasks to queue
[2024-12-28T00:20:50.237+0000] {logging_mixin.py:190} INFO - [2024-12-28T00:20:50.237+0000] {dagbag.py:588} INFO - Filling up the DagBag from /opt/airflow/dags/dags.py
[2024-12-28T00:20:50.258+0000] {processor.py:925} INFO - DAG(s) 'de01-final-project-dag' retrieved from /opt/airflow/dags/dags.py
[2024-12-28T00:20:50.282+0000] {logging_mixin.py:190} INFO - [2024-12-28T00:20:50.282+0000] {dag.py:3239} INFO - Sync 1 DAGs
[2024-12-28T00:20:50.308+0000] {logging_mixin.py:190} INFO - [2024-12-28T00:20:50.308+0000] {dag.py:4180} INFO - Setting next_dagrun for de01-final-project-dag to 2024-12-28 00:00:00+00:00, run_after=2024-12-29 00:00:00+00:00
[2024-12-28T00:20:50.340+0000] {processor.py:208} INFO - Processing /opt/airflow/dags/dags.py took 0.111 seconds
[2024-12-28T00:21:20.462+0000] {processor.py:186} INFO - Started process (PID=30437) to work on /opt/airflow/dags/dags.py
[2024-12-28T00:21:20.463+0000] {processor.py:914} INFO - Processing file /opt/airflow/dags/dags.py for tasks to queue
[2024-12-28T00:21:20.465+0000] {logging_mixin.py:190} INFO - [2024-12-28T00:21:20.465+0000] {dagbag.py:588} INFO - Filling up the DagBag from /opt/airflow/dags/dags.py
[2024-12-28T00:21:20.487+0000] {processor.py:925} INFO - DAG(s) 'de01-final-project-dag' retrieved from /opt/airflow/dags/dags.py
[2024-12-28T00:21:20.514+0000] {logging_mixin.py:190} INFO - [2024-12-28T00:21:20.513+0000] {dag.py:3239} INFO - Sync 1 DAGs
[2024-12-28T00:21:20.542+0000] {logging_mixin.py:190} INFO - [2024-12-28T00:21:20.542+0000] {dag.py:4180} INFO - Setting next_dagrun for de01-final-project-dag to 2024-12-28 00:00:00+00:00, run_after=2024-12-29 00:00:00+00:00
[2024-12-28T00:21:20.574+0000] {processor.py:208} INFO - Processing /opt/airflow/dags/dags.py took 0.117 seconds
[2024-12-28T00:21:50.651+0000] {processor.py:186} INFO - Started process (PID=30499) to work on /opt/airflow/dags/dags.py
[2024-12-28T00:21:50.652+0000] {processor.py:914} INFO - Processing file /opt/airflow/dags/dags.py for tasks to queue
[2024-12-28T00:21:50.654+0000] {logging_mixin.py:190} INFO - [2024-12-28T00:21:50.653+0000] {dagbag.py:588} INFO - Filling up the DagBag from /opt/airflow/dags/dags.py
[2024-12-28T00:21:50.676+0000] {processor.py:925} INFO - DAG(s) 'de01-final-project-dag' retrieved from /opt/airflow/dags/dags.py
[2024-12-28T00:21:50.701+0000] {logging_mixin.py:190} INFO - [2024-12-28T00:21:50.701+0000] {dag.py:3239} INFO - Sync 1 DAGs
[2024-12-28T00:21:50.726+0000] {logging_mixin.py:190} INFO - [2024-12-28T00:21:50.725+0000] {dag.py:4180} INFO - Setting next_dagrun for de01-final-project-dag to 2024-12-28 00:00:00+00:00, run_after=2024-12-29 00:00:00+00:00
[2024-12-28T00:21:50.753+0000] {processor.py:208} INFO - Processing /opt/airflow/dags/dags.py took 0.109 seconds
[2024-12-28T00:22:21.112+0000] {processor.py:186} INFO - Started process (PID=30563) to work on /opt/airflow/dags/dags.py
[2024-12-28T00:22:21.113+0000] {processor.py:914} INFO - Processing file /opt/airflow/dags/dags.py for tasks to queue
[2024-12-28T00:22:21.115+0000] {logging_mixin.py:190} INFO - [2024-12-28T00:22:21.115+0000] {dagbag.py:588} INFO - Filling up the DagBag from /opt/airflow/dags/dags.py
[2024-12-28T00:22:21.138+0000] {processor.py:925} INFO - DAG(s) 'de01-final-project-dag' retrieved from /opt/airflow/dags/dags.py
[2024-12-28T00:22:21.166+0000] {logging_mixin.py:190} INFO - [2024-12-28T00:22:21.165+0000] {dag.py:3239} INFO - Sync 1 DAGs
[2024-12-28T00:22:21.191+0000] {logging_mixin.py:190} INFO - [2024-12-28T00:22:21.191+0000] {dag.py:4180} INFO - Setting next_dagrun for de01-final-project-dag to 2024-12-28 00:00:00+00:00, run_after=2024-12-29 00:00:00+00:00
[2024-12-28T00:22:21.221+0000] {processor.py:208} INFO - Processing /opt/airflow/dags/dags.py took 0.114 seconds
