[2024-12-31T12:07:29.741+0000] {local_task_job_runner.py:123} INFO - ::group::Pre task execution logs
[2024-12-31T12:07:29.770+0000] {taskinstance.py:2613} INFO - Dependencies all met for dep_context=non-requeueable deps ti=<TaskInstance: de01-final-project-dag.load-and-clean manual__2024-12-31T12:07:26.782114+00:00 [queued]>
[2024-12-31T12:07:29.783+0000] {taskinstance.py:2613} INFO - Dependencies all met for dep_context=requeueable deps ti=<TaskInstance: de01-final-project-dag.load-and-clean manual__2024-12-31T12:07:26.782114+00:00 [queued]>
[2024-12-31T12:07:29.785+0000] {taskinstance.py:2866} INFO - Starting attempt 1 of 11
[2024-12-31T12:07:29.807+0000] {taskinstance.py:2889} INFO - Executing <Task(PythonOperator): load-and-clean> on 2024-12-31 12:07:26.782114+00:00
[2024-12-31T12:07:29.820+0000] {warnings.py:112} WARNING - /home/***/.local/lib/python3.12/site-packages/***/task/task_runner/standard_task_runner.py:70: DeprecationWarning: This process (pid=237) is multi-threaded, use of fork() may lead to deadlocks in the child.
  pid = os.fork()

[2024-12-31T12:07:29.823+0000] {standard_task_runner.py:72} INFO - Started process 239 to run task
[2024-12-31T12:07:29.824+0000] {standard_task_runner.py:104} INFO - Running: ['***', 'tasks', 'run', 'de01-final-project-dag', 'load-and-clean', 'manual__2024-12-31T12:07:26.782114+00:00', '--job-id', '59', '--raw', '--subdir', 'DAGS_FOLDER/dags.py', '--cfg-path', '/tmp/tmp3ch2s1d_']
[2024-12-31T12:07:29.826+0000] {standard_task_runner.py:105} INFO - Job 59: Subtask load-and-clean
[2024-12-31T12:07:29.901+0000] {task_command.py:467} INFO - Running <TaskInstance: de01-final-project-dag.load-and-clean manual__2024-12-31T12:07:26.782114+00:00 [running]> on host d42ff0ee97b0
[2024-12-31T12:07:30.050+0000] {taskinstance.py:3132} INFO - Exporting env vars: AIRFLOW_CTX_DAG_EMAIL='test@***.com' AIRFLOW_CTX_DAG_OWNER='***' AIRFLOW_CTX_DAG_ID='de01-final-project-dag' AIRFLOW_CTX_TASK_ID='load-and-clean' AIRFLOW_CTX_EXECUTION_DATE='2024-12-31T12:07:26.782114+00:00' AIRFLOW_CTX_TRY_NUMBER='1' AIRFLOW_CTX_DAG_RUN_ID='manual__2024-12-31T12:07:26.782114+00:00'
[2024-12-31T12:07:30.053+0000] {logging_mixin.py:190} INFO - Task instance is in running state
[2024-12-31T12:07:30.054+0000] {logging_mixin.py:190} INFO -  Previous state of the Task instance: queued
[2024-12-31T12:07:30.055+0000] {logging_mixin.py:190} INFO - Current task name:load-and-clean state:running start_date:2024-12-31 12:07:29.771455+00:00
[2024-12-31T12:07:30.056+0000] {logging_mixin.py:190} INFO - Dag name:de01-final-project-dag and current dag run status:running
[2024-12-31T12:07:30.057+0000] {taskinstance.py:731} INFO - ::endgroup::
[2024-12-31T12:07:36.876+0000] {logging_mixin.py:190} INFO - fetching (1)
[2024-12-31T12:07:47.116+0000] {logging_mixin.py:190} INFO - fetching (2)
[2024-12-31T12:07:53.824+0000] {logging_mixin.py:190} INFO - fetching (3)
[2024-12-31T12:08:01.977+0000] {logging_mixin.py:190} INFO - fetching (4)
[2024-12-31T12:08:09.463+0000] {logging_mixin.py:190} INFO - fetching (5)
[2024-12-31T12:08:16.516+0000] {logging_mixin.py:190} INFO - fetching (6)
[2024-12-31T12:08:31.378+0000] {logging_mixin.py:190} INFO - fetching (7)
[2024-12-31T12:08:36.873+0000] {logging_mixin.py:190} INFO - fetching (8)
[2024-12-31T12:08:43.514+0000] {logging_mixin.py:190} INFO - fetching (9)
[2024-12-31T12:08:50.815+0000] {logging_mixin.py:190} INFO - fetching (10)
[2024-12-31T12:08:57.626+0000] {logging_mixin.py:190} INFO - fetching (11)
[2024-12-31T12:09:03.579+0000] {logging_mixin.py:190} INFO - fetching (12)
[2024-12-31T12:09:09.841+0000] {logging_mixin.py:190} INFO - fetching (13)
[2024-12-31T12:09:15.966+0000] {logging_mixin.py:190} INFO - fetching (14)
[2024-12-31T12:09:21.911+0000] {logging_mixin.py:190} INFO - fetching (15)
[2024-12-31T12:09:27.332+0000] {logging_mixin.py:190} INFO - fetching (16)
[2024-12-31T12:09:33.315+0000] {logging_mixin.py:190} INFO - fetching (17)
[2024-12-31T12:09:37.847+0000] {logging_mixin.py:190} INFO - fetching (18)
[2024-12-31T12:09:42.632+0000] {logging_mixin.py:190} INFO - fetching (19)
[2024-12-31T12:09:47.481+0000] {logging_mixin.py:190} INFO - fetching (20)
[2024-12-31T12:09:53.136+0000] {logging_mixin.py:190} INFO - fetching (21)
[2024-12-31T12:09:56.850+0000] {logging_mixin.py:190} INFO - fetching (22)
[2024-12-31T12:09:59.993+0000] {logging_mixin.py:190} INFO - fetching (23)
[2024-12-31T12:10:03.326+0000] {logging_mixin.py:190} INFO - fetching (24)
[2024-12-31T12:10:06.507+0000] {logging_mixin.py:190} INFO - fetching (25)
[2024-12-31T12:10:10.195+0000] {logging_mixin.py:190} INFO - fetching (26)
[2024-12-31T12:10:14.345+0000] {logging_mixin.py:190} INFO - fetching (27)
[2024-12-31T12:10:17.341+0000] {logging_mixin.py:190} INFO - fetching (28)
[2024-12-31T12:10:20.589+0000] {logging_mixin.py:190} INFO - fetching (29)
[2024-12-31T12:10:23.375+0000] {logging_mixin.py:190} INFO - fetching (30)
[2024-12-31T12:10:33.889+0000] {logging_mixin.py:190} INFO - 30 page(s) of dataset were downloaded successfully.
[2024-12-31T12:10:34.588+0000] {python.py:240} INFO - Done. Returned value was: None
[2024-12-31T12:10:34.608+0000] {taskinstance.py:340} INFO - ::group::Post task execution logs
[2024-12-31T12:10:34.609+0000] {taskinstance.py:352} INFO - Marking task as SUCCESS. dag_id=de01-final-project-dag, task_id=load-and-clean, run_id=manual__2024-12-31T12:07:26.782114+00:00, execution_date=20241231T120726, start_date=20241231T120729, end_date=20241231T121034
[2024-12-31T12:10:34.629+0000] {logging_mixin.py:190} INFO - Task instance in success state
[2024-12-31T12:10:34.630+0000] {logging_mixin.py:190} INFO -  Previous state of the Task instance: running
[2024-12-31T12:10:34.631+0000] {logging_mixin.py:190} INFO - Dag name:de01-final-project-dag queued_at:2024-12-31 12:07:26.811408+00:00
[2024-12-31T12:10:34.632+0000] {logging_mixin.py:190} INFO - Task hostname:d42ff0ee97b0 operator:PythonOperator
[2024-12-31T12:10:34.684+0000] {local_task_job_runner.py:266} INFO - Task exited with return code 0
[2024-12-31T12:10:34.708+0000] {taskinstance.py:3895} INFO - 0 downstream tasks scheduled from follow-on schedule check
[2024-12-31T12:10:34.712+0000] {local_task_job_runner.py:245} INFO - ::endgroup::
