[2024-12-27T01:56:21.515+0000] {processor.py:186} INFO - Started process (PID=74) to work on /home/airflow/.local/lib/python3.12/site-packages/airflow/example_dags/example_branch_python_dop_operator_3.py
[2024-12-27T01:56:21.517+0000] {processor.py:914} INFO - Processing file /home/airflow/.local/lib/python3.12/site-packages/airflow/example_dags/example_branch_python_dop_operator_3.py for tasks to queue
[2024-12-27T01:56:21.523+0000] {logging_mixin.py:190} INFO - [2024-12-27T01:56:21.522+0000] {dagbag.py:588} INFO - Filling up the DagBag from /home/airflow/.local/lib/python3.12/site-packages/airflow/example_dags/example_branch_python_dop_operator_3.py
[2024-12-27T01:56:21.561+0000] {processor.py:925} INFO - DAG(s) 'example_branch_dop_operator_v3' retrieved from /home/airflow/.local/lib/python3.12/site-packages/airflow/example_dags/example_branch_python_dop_operator_3.py
[2024-12-27T01:56:22.084+0000] {logging_mixin.py:190} INFO - [2024-12-27T01:56:22.083+0000] {override.py:1911} INFO - Created Permission View: can read on DAG:example_branch_dop_operator_v3
[2024-12-27T01:56:22.100+0000] {logging_mixin.py:190} INFO - [2024-12-27T01:56:22.100+0000] {override.py:1911} INFO - Created Permission View: can edit on DAG:example_branch_dop_operator_v3
[2024-12-27T01:56:22.113+0000] {logging_mixin.py:190} INFO - [2024-12-27T01:56:22.112+0000] {override.py:1911} INFO - Created Permission View: can delete on DAG:example_branch_dop_operator_v3
[2024-12-27T01:56:22.128+0000] {logging_mixin.py:190} INFO - [2024-12-27T01:56:22.127+0000] {override.py:1911} INFO - Created Permission View: menu access on DAG Run:example_branch_dop_operator_v3
[2024-12-27T01:56:22.140+0000] {logging_mixin.py:190} INFO - [2024-12-27T01:56:22.140+0000] {override.py:1911} INFO - Created Permission View: can read on DAG Run:example_branch_dop_operator_v3
[2024-12-27T01:56:22.152+0000] {logging_mixin.py:190} INFO - [2024-12-27T01:56:22.152+0000] {override.py:1911} INFO - Created Permission View: can create on DAG Run:example_branch_dop_operator_v3
[2024-12-27T01:56:22.165+0000] {logging_mixin.py:190} INFO - [2024-12-27T01:56:22.164+0000] {override.py:1911} INFO - Created Permission View: can delete on DAG Run:example_branch_dop_operator_v3
[2024-12-27T01:56:22.166+0000] {logging_mixin.py:190} INFO - [2024-12-27T01:56:22.166+0000] {dag.py:3239} INFO - Sync 1 DAGs
[2024-12-27T01:56:22.183+0000] {logging_mixin.py:190} INFO - [2024-12-27T01:56:22.183+0000] {dag.py:3262} INFO - Creating ORM DAG for example_branch_dop_operator_v3
[2024-12-27T01:56:22.206+0000] {logging_mixin.py:190} INFO - [2024-12-27T01:56:22.206+0000] {dag.py:4180} INFO - Setting next_dagrun for example_branch_dop_operator_v3 to 2024-12-27 01:55:00+00:00, run_after=2024-12-27 01:56:00+00:00
[2024-12-27T01:56:22.249+0000] {processor.py:208} INFO - Processing /home/airflow/.local/lib/python3.12/site-packages/airflow/example_dags/example_branch_python_dop_operator_3.py took 0.743 seconds
[2024-12-27T01:56:53.257+0000] {processor.py:186} INFO - Started process (PID=144) to work on /home/airflow/.local/lib/python3.12/site-packages/airflow/example_dags/example_branch_python_dop_operator_3.py
[2024-12-27T01:56:53.258+0000] {processor.py:914} INFO - Processing file /home/airflow/.local/lib/python3.12/site-packages/airflow/example_dags/example_branch_python_dop_operator_3.py for tasks to queue
[2024-12-27T01:56:53.264+0000] {logging_mixin.py:190} INFO - [2024-12-27T01:56:53.264+0000] {dagbag.py:588} INFO - Filling up the DagBag from /home/airflow/.local/lib/python3.12/site-packages/airflow/example_dags/example_branch_python_dop_operator_3.py
[2024-12-27T01:56:53.280+0000] {processor.py:925} INFO - DAG(s) 'example_branch_dop_operator_v3' retrieved from /home/airflow/.local/lib/python3.12/site-packages/airflow/example_dags/example_branch_python_dop_operator_3.py
[2024-12-27T01:56:53.314+0000] {logging_mixin.py:190} INFO - [2024-12-27T01:56:53.314+0000] {dag.py:3239} INFO - Sync 1 DAGs
[2024-12-27T01:56:53.358+0000] {logging_mixin.py:190} INFO - [2024-12-27T01:56:53.357+0000] {dag.py:4180} INFO - Setting next_dagrun for example_branch_dop_operator_v3 to 2024-12-27 01:55:00+00:00, run_after=2024-12-27 01:56:00+00:00
[2024-12-27T01:56:53.394+0000] {processor.py:208} INFO - Processing /home/airflow/.local/lib/python3.12/site-packages/airflow/example_dags/example_branch_python_dop_operator_3.py took 0.145 seconds
[2024-12-27T01:57:24.036+0000] {processor.py:186} INFO - Started process (PID=207) to work on /home/airflow/.local/lib/python3.12/site-packages/airflow/example_dags/example_branch_python_dop_operator_3.py
[2024-12-27T01:57:24.037+0000] {processor.py:914} INFO - Processing file /home/airflow/.local/lib/python3.12/site-packages/airflow/example_dags/example_branch_python_dop_operator_3.py for tasks to queue
[2024-12-27T01:57:24.040+0000] {logging_mixin.py:190} INFO - [2024-12-27T01:57:24.040+0000] {dagbag.py:588} INFO - Filling up the DagBag from /home/airflow/.local/lib/python3.12/site-packages/airflow/example_dags/example_branch_python_dop_operator_3.py
[2024-12-27T01:57:24.049+0000] {processor.py:925} INFO - DAG(s) 'example_branch_dop_operator_v3' retrieved from /home/airflow/.local/lib/python3.12/site-packages/airflow/example_dags/example_branch_python_dop_operator_3.py
[2024-12-27T01:57:24.072+0000] {logging_mixin.py:190} INFO - [2024-12-27T01:57:24.072+0000] {dag.py:3239} INFO - Sync 1 DAGs
[2024-12-27T01:57:24.101+0000] {logging_mixin.py:190} INFO - [2024-12-27T01:57:24.100+0000] {dag.py:4180} INFO - Setting next_dagrun for example_branch_dop_operator_v3 to 2024-12-27 01:56:00+00:00, run_after=2024-12-27 01:57:00+00:00
[2024-12-27T01:57:24.127+0000] {processor.py:208} INFO - Processing /home/airflow/.local/lib/python3.12/site-packages/airflow/example_dags/example_branch_python_dop_operator_3.py took 0.095 seconds
[2024-12-27T01:57:54.390+0000] {processor.py:186} INFO - Started process (PID=270) to work on /home/airflow/.local/lib/python3.12/site-packages/airflow/example_dags/example_branch_python_dop_operator_3.py
[2024-12-27T01:57:54.391+0000] {processor.py:914} INFO - Processing file /home/airflow/.local/lib/python3.12/site-packages/airflow/example_dags/example_branch_python_dop_operator_3.py for tasks to queue
[2024-12-27T01:57:54.395+0000] {logging_mixin.py:190} INFO - [2024-12-27T01:57:54.394+0000] {dagbag.py:588} INFO - Filling up the DagBag from /home/airflow/.local/lib/python3.12/site-packages/airflow/example_dags/example_branch_python_dop_operator_3.py
[2024-12-27T01:57:54.405+0000] {processor.py:925} INFO - DAG(s) 'example_branch_dop_operator_v3' retrieved from /home/airflow/.local/lib/python3.12/site-packages/airflow/example_dags/example_branch_python_dop_operator_3.py
[2024-12-27T01:57:54.431+0000] {logging_mixin.py:190} INFO - [2024-12-27T01:57:54.431+0000] {dag.py:3239} INFO - Sync 1 DAGs
[2024-12-27T01:57:54.457+0000] {logging_mixin.py:190} INFO - [2024-12-27T01:57:54.457+0000] {dag.py:4180} INFO - Setting next_dagrun for example_branch_dop_operator_v3 to 2024-12-27 01:56:00+00:00, run_after=2024-12-27 01:57:00+00:00
[2024-12-27T01:57:54.485+0000] {processor.py:208} INFO - Processing /home/airflow/.local/lib/python3.12/site-packages/airflow/example_dags/example_branch_python_dop_operator_3.py took 0.101 seconds
[2024-12-27T01:58:24.623+0000] {processor.py:186} INFO - Started process (PID=333) to work on /home/airflow/.local/lib/python3.12/site-packages/airflow/example_dags/example_branch_python_dop_operator_3.py
[2024-12-27T01:58:24.625+0000] {processor.py:914} INFO - Processing file /home/airflow/.local/lib/python3.12/site-packages/airflow/example_dags/example_branch_python_dop_operator_3.py for tasks to queue
[2024-12-27T01:58:24.629+0000] {logging_mixin.py:190} INFO - [2024-12-27T01:58:24.628+0000] {dagbag.py:588} INFO - Filling up the DagBag from /home/airflow/.local/lib/python3.12/site-packages/airflow/example_dags/example_branch_python_dop_operator_3.py
[2024-12-27T01:58:24.639+0000] {processor.py:925} INFO - DAG(s) 'example_branch_dop_operator_v3' retrieved from /home/airflow/.local/lib/python3.12/site-packages/airflow/example_dags/example_branch_python_dop_operator_3.py
[2024-12-27T01:58:24.666+0000] {logging_mixin.py:190} INFO - [2024-12-27T01:58:24.665+0000] {dag.py:3239} INFO - Sync 1 DAGs
[2024-12-27T01:58:24.695+0000] {logging_mixin.py:190} INFO - [2024-12-27T01:58:24.695+0000] {dag.py:4180} INFO - Setting next_dagrun for example_branch_dop_operator_v3 to 2024-12-27 01:57:00+00:00, run_after=2024-12-27 01:58:00+00:00
[2024-12-27T01:58:24.727+0000] {processor.py:208} INFO - Processing /home/airflow/.local/lib/python3.12/site-packages/airflow/example_dags/example_branch_python_dop_operator_3.py took 0.108 seconds
[2024-12-27T01:58:55.140+0000] {processor.py:186} INFO - Started process (PID=396) to work on /home/airflow/.local/lib/python3.12/site-packages/airflow/example_dags/example_branch_python_dop_operator_3.py
[2024-12-27T01:58:55.141+0000] {processor.py:914} INFO - Processing file /home/airflow/.local/lib/python3.12/site-packages/airflow/example_dags/example_branch_python_dop_operator_3.py for tasks to queue
[2024-12-27T01:58:55.144+0000] {logging_mixin.py:190} INFO - [2024-12-27T01:58:55.143+0000] {dagbag.py:588} INFO - Filling up the DagBag from /home/airflow/.local/lib/python3.12/site-packages/airflow/example_dags/example_branch_python_dop_operator_3.py
[2024-12-27T01:58:55.153+0000] {processor.py:925} INFO - DAG(s) 'example_branch_dop_operator_v3' retrieved from /home/airflow/.local/lib/python3.12/site-packages/airflow/example_dags/example_branch_python_dop_operator_3.py
[2024-12-27T01:58:55.177+0000] {logging_mixin.py:190} INFO - [2024-12-27T01:58:55.177+0000] {dag.py:3239} INFO - Sync 1 DAGs
[2024-12-27T01:58:55.212+0000] {logging_mixin.py:190} INFO - [2024-12-27T01:58:55.212+0000] {dag.py:4180} INFO - Setting next_dagrun for example_branch_dop_operator_v3 to 2024-12-27 01:57:00+00:00, run_after=2024-12-27 01:58:00+00:00
[2024-12-27T01:58:55.244+0000] {processor.py:208} INFO - Processing /home/airflow/.local/lib/python3.12/site-packages/airflow/example_dags/example_branch_python_dop_operator_3.py took 0.109 seconds
[2024-12-27T01:59:25.809+0000] {processor.py:186} INFO - Started process (PID=459) to work on /home/airflow/.local/lib/python3.12/site-packages/airflow/example_dags/example_branch_python_dop_operator_3.py
[2024-12-27T01:59:25.811+0000] {processor.py:914} INFO - Processing file /home/airflow/.local/lib/python3.12/site-packages/airflow/example_dags/example_branch_python_dop_operator_3.py for tasks to queue
[2024-12-27T01:59:25.814+0000] {logging_mixin.py:190} INFO - [2024-12-27T01:59:25.813+0000] {dagbag.py:588} INFO - Filling up the DagBag from /home/airflow/.local/lib/python3.12/site-packages/airflow/example_dags/example_branch_python_dop_operator_3.py
[2024-12-27T01:59:25.824+0000] {processor.py:925} INFO - DAG(s) 'example_branch_dop_operator_v3' retrieved from /home/airflow/.local/lib/python3.12/site-packages/airflow/example_dags/example_branch_python_dop_operator_3.py
[2024-12-27T01:59:25.849+0000] {logging_mixin.py:190} INFO - [2024-12-27T01:59:25.849+0000] {dag.py:3239} INFO - Sync 1 DAGs
[2024-12-27T01:59:25.881+0000] {logging_mixin.py:190} INFO - [2024-12-27T01:59:25.881+0000] {dag.py:4180} INFO - Setting next_dagrun for example_branch_dop_operator_v3 to 2024-12-27 01:58:00+00:00, run_after=2024-12-27 01:59:00+00:00
[2024-12-27T01:59:25.911+0000] {processor.py:208} INFO - Processing /home/airflow/.local/lib/python3.12/site-packages/airflow/example_dags/example_branch_python_dop_operator_3.py took 0.106 seconds
[2024-12-27T01:59:56.226+0000] {processor.py:186} INFO - Started process (PID=522) to work on /home/airflow/.local/lib/python3.12/site-packages/airflow/example_dags/example_branch_python_dop_operator_3.py
[2024-12-27T01:59:56.228+0000] {processor.py:914} INFO - Processing file /home/airflow/.local/lib/python3.12/site-packages/airflow/example_dags/example_branch_python_dop_operator_3.py for tasks to queue
[2024-12-27T01:59:56.232+0000] {logging_mixin.py:190} INFO - [2024-12-27T01:59:56.231+0000] {dagbag.py:588} INFO - Filling up the DagBag from /home/airflow/.local/lib/python3.12/site-packages/airflow/example_dags/example_branch_python_dop_operator_3.py
[2024-12-27T01:59:56.243+0000] {processor.py:925} INFO - DAG(s) 'example_branch_dop_operator_v3' retrieved from /home/airflow/.local/lib/python3.12/site-packages/airflow/example_dags/example_branch_python_dop_operator_3.py
[2024-12-27T01:59:56.271+0000] {logging_mixin.py:190} INFO - [2024-12-27T01:59:56.270+0000] {dag.py:3239} INFO - Sync 1 DAGs
[2024-12-27T01:59:56.305+0000] {logging_mixin.py:190} INFO - [2024-12-27T01:59:56.305+0000] {dag.py:4180} INFO - Setting next_dagrun for example_branch_dop_operator_v3 to 2024-12-27 01:58:00+00:00, run_after=2024-12-27 01:59:00+00:00
[2024-12-27T01:59:56.332+0000] {processor.py:208} INFO - Processing /home/airflow/.local/lib/python3.12/site-packages/airflow/example_dags/example_branch_python_dop_operator_3.py took 0.112 seconds
[2024-12-27T02:00:26.467+0000] {processor.py:186} INFO - Started process (PID=585) to work on /home/airflow/.local/lib/python3.12/site-packages/airflow/example_dags/example_branch_python_dop_operator_3.py
[2024-12-27T02:00:26.468+0000] {processor.py:914} INFO - Processing file /home/airflow/.local/lib/python3.12/site-packages/airflow/example_dags/example_branch_python_dop_operator_3.py for tasks to queue
[2024-12-27T02:00:26.471+0000] {logging_mixin.py:190} INFO - [2024-12-27T02:00:26.470+0000] {dagbag.py:588} INFO - Filling up the DagBag from /home/airflow/.local/lib/python3.12/site-packages/airflow/example_dags/example_branch_python_dop_operator_3.py
[2024-12-27T02:00:26.482+0000] {processor.py:925} INFO - DAG(s) 'example_branch_dop_operator_v3' retrieved from /home/airflow/.local/lib/python3.12/site-packages/airflow/example_dags/example_branch_python_dop_operator_3.py
[2024-12-27T02:00:26.507+0000] {logging_mixin.py:190} INFO - [2024-12-27T02:00:26.507+0000] {dag.py:3239} INFO - Sync 1 DAGs
[2024-12-27T02:00:26.536+0000] {logging_mixin.py:190} INFO - [2024-12-27T02:00:26.535+0000] {dag.py:4180} INFO - Setting next_dagrun for example_branch_dop_operator_v3 to 2024-12-27 01:59:00+00:00, run_after=2024-12-27 02:00:00+00:00
[2024-12-27T02:00:26.565+0000] {processor.py:208} INFO - Processing /home/airflow/.local/lib/python3.12/site-packages/airflow/example_dags/example_branch_python_dop_operator_3.py took 0.105 seconds
[2024-12-27T02:00:57.362+0000] {processor.py:186} INFO - Started process (PID=648) to work on /home/airflow/.local/lib/python3.12/site-packages/airflow/example_dags/example_branch_python_dop_operator_3.py
[2024-12-27T02:00:57.363+0000] {processor.py:914} INFO - Processing file /home/airflow/.local/lib/python3.12/site-packages/airflow/example_dags/example_branch_python_dop_operator_3.py for tasks to queue
[2024-12-27T02:00:57.366+0000] {logging_mixin.py:190} INFO - [2024-12-27T02:00:57.366+0000] {dagbag.py:588} INFO - Filling up the DagBag from /home/airflow/.local/lib/python3.12/site-packages/airflow/example_dags/example_branch_python_dop_operator_3.py
[2024-12-27T02:00:57.377+0000] {processor.py:925} INFO - DAG(s) 'example_branch_dop_operator_v3' retrieved from /home/airflow/.local/lib/python3.12/site-packages/airflow/example_dags/example_branch_python_dop_operator_3.py
[2024-12-27T02:00:57.405+0000] {logging_mixin.py:190} INFO - [2024-12-27T02:00:57.404+0000] {dag.py:3239} INFO - Sync 1 DAGs
[2024-12-27T02:00:57.433+0000] {logging_mixin.py:190} INFO - [2024-12-27T02:00:57.433+0000] {dag.py:4180} INFO - Setting next_dagrun for example_branch_dop_operator_v3 to 2024-12-27 01:59:00+00:00, run_after=2024-12-27 02:00:00+00:00
[2024-12-27T02:00:57.458+0000] {processor.py:208} INFO - Processing /home/airflow/.local/lib/python3.12/site-packages/airflow/example_dags/example_branch_python_dop_operator_3.py took 0.101 seconds
[2024-12-27T02:01:28.143+0000] {processor.py:186} INFO - Started process (PID=711) to work on /home/airflow/.local/lib/python3.12/site-packages/airflow/example_dags/example_branch_python_dop_operator_3.py
[2024-12-27T02:01:28.144+0000] {processor.py:914} INFO - Processing file /home/airflow/.local/lib/python3.12/site-packages/airflow/example_dags/example_branch_python_dop_operator_3.py for tasks to queue
[2024-12-27T02:01:28.148+0000] {logging_mixin.py:190} INFO - [2024-12-27T02:01:28.148+0000] {dagbag.py:588} INFO - Filling up the DagBag from /home/airflow/.local/lib/python3.12/site-packages/airflow/example_dags/example_branch_python_dop_operator_3.py
[2024-12-27T02:01:28.158+0000] {processor.py:925} INFO - DAG(s) 'example_branch_dop_operator_v3' retrieved from /home/airflow/.local/lib/python3.12/site-packages/airflow/example_dags/example_branch_python_dop_operator_3.py
[2024-12-27T02:01:28.184+0000] {logging_mixin.py:190} INFO - [2024-12-27T02:01:28.184+0000] {dag.py:3239} INFO - Sync 1 DAGs
[2024-12-27T02:01:28.218+0000] {logging_mixin.py:190} INFO - [2024-12-27T02:01:28.218+0000] {dag.py:4180} INFO - Setting next_dagrun for example_branch_dop_operator_v3 to 2024-12-27 02:00:00+00:00, run_after=2024-12-27 02:01:00+00:00
[2024-12-27T02:01:28.246+0000] {processor.py:208} INFO - Processing /home/airflow/.local/lib/python3.12/site-packages/airflow/example_dags/example_branch_python_dop_operator_3.py took 0.108 seconds
[2024-12-27T02:01:58.891+0000] {processor.py:186} INFO - Started process (PID=774) to work on /home/airflow/.local/lib/python3.12/site-packages/airflow/example_dags/example_branch_python_dop_operator_3.py
[2024-12-27T02:01:58.894+0000] {processor.py:914} INFO - Processing file /home/airflow/.local/lib/python3.12/site-packages/airflow/example_dags/example_branch_python_dop_operator_3.py for tasks to queue
[2024-12-27T02:01:58.897+0000] {logging_mixin.py:190} INFO - [2024-12-27T02:01:58.897+0000] {dagbag.py:588} INFO - Filling up the DagBag from /home/airflow/.local/lib/python3.12/site-packages/airflow/example_dags/example_branch_python_dop_operator_3.py
[2024-12-27T02:01:58.908+0000] {processor.py:925} INFO - DAG(s) 'example_branch_dop_operator_v3' retrieved from /home/airflow/.local/lib/python3.12/site-packages/airflow/example_dags/example_branch_python_dop_operator_3.py
[2024-12-27T02:01:58.934+0000] {logging_mixin.py:190} INFO - [2024-12-27T02:01:58.934+0000] {dag.py:3239} INFO - Sync 1 DAGs
[2024-12-27T02:01:58.963+0000] {logging_mixin.py:190} INFO - [2024-12-27T02:01:58.963+0000] {dag.py:4180} INFO - Setting next_dagrun for example_branch_dop_operator_v3 to 2024-12-27 02:00:00+00:00, run_after=2024-12-27 02:01:00+00:00
[2024-12-27T02:01:58.990+0000] {processor.py:208} INFO - Processing /home/airflow/.local/lib/python3.12/site-packages/airflow/example_dags/example_branch_python_dop_operator_3.py took 0.104 seconds
[2024-12-27T02:02:29.205+0000] {processor.py:186} INFO - Started process (PID=837) to work on /home/airflow/.local/lib/python3.12/site-packages/airflow/example_dags/example_branch_python_dop_operator_3.py
[2024-12-27T02:02:29.206+0000] {processor.py:914} INFO - Processing file /home/airflow/.local/lib/python3.12/site-packages/airflow/example_dags/example_branch_python_dop_operator_3.py for tasks to queue
[2024-12-27T02:02:29.209+0000] {logging_mixin.py:190} INFO - [2024-12-27T02:02:29.209+0000] {dagbag.py:588} INFO - Filling up the DagBag from /home/airflow/.local/lib/python3.12/site-packages/airflow/example_dags/example_branch_python_dop_operator_3.py
[2024-12-27T02:02:29.218+0000] {processor.py:925} INFO - DAG(s) 'example_branch_dop_operator_v3' retrieved from /home/airflow/.local/lib/python3.12/site-packages/airflow/example_dags/example_branch_python_dop_operator_3.py
[2024-12-27T02:02:29.242+0000] {logging_mixin.py:190} INFO - [2024-12-27T02:02:29.242+0000] {dag.py:3239} INFO - Sync 1 DAGs
[2024-12-27T02:02:29.269+0000] {logging_mixin.py:190} INFO - [2024-12-27T02:02:29.268+0000] {dag.py:4180} INFO - Setting next_dagrun for example_branch_dop_operator_v3 to 2024-12-27 02:01:00+00:00, run_after=2024-12-27 02:02:00+00:00
[2024-12-27T02:02:29.296+0000] {processor.py:208} INFO - Processing /home/airflow/.local/lib/python3.12/site-packages/airflow/example_dags/example_branch_python_dop_operator_3.py took 0.096 seconds
[2024-12-27T02:02:59.831+0000] {processor.py:186} INFO - Started process (PID=900) to work on /home/airflow/.local/lib/python3.12/site-packages/airflow/example_dags/example_branch_python_dop_operator_3.py
[2024-12-27T02:02:59.833+0000] {processor.py:914} INFO - Processing file /home/airflow/.local/lib/python3.12/site-packages/airflow/example_dags/example_branch_python_dop_operator_3.py for tasks to queue
[2024-12-27T02:02:59.836+0000] {logging_mixin.py:190} INFO - [2024-12-27T02:02:59.836+0000] {dagbag.py:588} INFO - Filling up the DagBag from /home/airflow/.local/lib/python3.12/site-packages/airflow/example_dags/example_branch_python_dop_operator_3.py
[2024-12-27T02:02:59.848+0000] {processor.py:925} INFO - DAG(s) 'example_branch_dop_operator_v3' retrieved from /home/airflow/.local/lib/python3.12/site-packages/airflow/example_dags/example_branch_python_dop_operator_3.py
[2024-12-27T02:02:59.878+0000] {logging_mixin.py:190} INFO - [2024-12-27T02:02:59.877+0000] {dag.py:3239} INFO - Sync 1 DAGs
[2024-12-27T02:02:59.911+0000] {logging_mixin.py:190} INFO - [2024-12-27T02:02:59.911+0000] {dag.py:4180} INFO - Setting next_dagrun for example_branch_dop_operator_v3 to 2024-12-27 02:01:00+00:00, run_after=2024-12-27 02:02:00+00:00
[2024-12-27T02:02:59.953+0000] {processor.py:208} INFO - Processing /home/airflow/.local/lib/python3.12/site-packages/airflow/example_dags/example_branch_python_dop_operator_3.py took 0.127 seconds
[2024-12-27T02:03:30.511+0000] {processor.py:186} INFO - Started process (PID=963) to work on /home/airflow/.local/lib/python3.12/site-packages/airflow/example_dags/example_branch_python_dop_operator_3.py
[2024-12-27T02:03:30.513+0000] {processor.py:914} INFO - Processing file /home/airflow/.local/lib/python3.12/site-packages/airflow/example_dags/example_branch_python_dop_operator_3.py for tasks to queue
[2024-12-27T02:03:30.517+0000] {logging_mixin.py:190} INFO - [2024-12-27T02:03:30.516+0000] {dagbag.py:588} INFO - Filling up the DagBag from /home/airflow/.local/lib/python3.12/site-packages/airflow/example_dags/example_branch_python_dop_operator_3.py
[2024-12-27T02:03:30.528+0000] {processor.py:925} INFO - DAG(s) 'example_branch_dop_operator_v3' retrieved from /home/airflow/.local/lib/python3.12/site-packages/airflow/example_dags/example_branch_python_dop_operator_3.py
[2024-12-27T02:03:30.550+0000] {logging_mixin.py:190} INFO - [2024-12-27T02:03:30.550+0000] {dag.py:3239} INFO - Sync 1 DAGs
[2024-12-27T02:03:30.579+0000] {logging_mixin.py:190} INFO - [2024-12-27T02:03:30.579+0000] {dag.py:4180} INFO - Setting next_dagrun for example_branch_dop_operator_v3 to 2024-12-27 02:02:00+00:00, run_after=2024-12-27 02:03:00+00:00
[2024-12-27T02:03:30.605+0000] {processor.py:208} INFO - Processing /home/airflow/.local/lib/python3.12/site-packages/airflow/example_dags/example_branch_python_dop_operator_3.py took 0.099 seconds
[2024-12-27T02:04:01.006+0000] {processor.py:186} INFO - Started process (PID=1026) to work on /home/airflow/.local/lib/python3.12/site-packages/airflow/example_dags/example_branch_python_dop_operator_3.py
[2024-12-27T02:04:01.007+0000] {processor.py:914} INFO - Processing file /home/airflow/.local/lib/python3.12/site-packages/airflow/example_dags/example_branch_python_dop_operator_3.py for tasks to queue
[2024-12-27T02:04:01.010+0000] {logging_mixin.py:190} INFO - [2024-12-27T02:04:01.010+0000] {dagbag.py:588} INFO - Filling up the DagBag from /home/airflow/.local/lib/python3.12/site-packages/airflow/example_dags/example_branch_python_dop_operator_3.py
[2024-12-27T02:04:01.019+0000] {processor.py:925} INFO - DAG(s) 'example_branch_dop_operator_v3' retrieved from /home/airflow/.local/lib/python3.12/site-packages/airflow/example_dags/example_branch_python_dop_operator_3.py
[2024-12-27T02:04:01.046+0000] {logging_mixin.py:190} INFO - [2024-12-27T02:04:01.046+0000] {dag.py:3239} INFO - Sync 1 DAGs
[2024-12-27T02:04:01.074+0000] {logging_mixin.py:190} INFO - [2024-12-27T02:04:01.073+0000] {dag.py:4180} INFO - Setting next_dagrun for example_branch_dop_operator_v3 to 2024-12-27 02:03:00+00:00, run_after=2024-12-27 02:04:00+00:00
[2024-12-27T02:04:01.099+0000] {processor.py:208} INFO - Processing /home/airflow/.local/lib/python3.12/site-packages/airflow/example_dags/example_branch_python_dop_operator_3.py took 0.099 seconds
[2024-12-27T02:04:31.355+0000] {processor.py:186} INFO - Started process (PID=1089) to work on /home/airflow/.local/lib/python3.12/site-packages/airflow/example_dags/example_branch_python_dop_operator_3.py
[2024-12-27T02:04:31.356+0000] {processor.py:914} INFO - Processing file /home/airflow/.local/lib/python3.12/site-packages/airflow/example_dags/example_branch_python_dop_operator_3.py for tasks to queue
[2024-12-27T02:04:31.359+0000] {logging_mixin.py:190} INFO - [2024-12-27T02:04:31.359+0000] {dagbag.py:588} INFO - Filling up the DagBag from /home/airflow/.local/lib/python3.12/site-packages/airflow/example_dags/example_branch_python_dop_operator_3.py
[2024-12-27T02:04:31.369+0000] {processor.py:925} INFO - DAG(s) 'example_branch_dop_operator_v3' retrieved from /home/airflow/.local/lib/python3.12/site-packages/airflow/example_dags/example_branch_python_dop_operator_3.py
[2024-12-27T02:04:31.392+0000] {logging_mixin.py:190} INFO - [2024-12-27T02:04:31.392+0000] {dag.py:3239} INFO - Sync 1 DAGs
[2024-12-27T02:04:31.420+0000] {logging_mixin.py:190} INFO - [2024-12-27T02:04:31.420+0000] {dag.py:4180} INFO - Setting next_dagrun for example_branch_dop_operator_v3 to 2024-12-27 02:03:00+00:00, run_after=2024-12-27 02:04:00+00:00
[2024-12-27T02:04:31.446+0000] {processor.py:208} INFO - Processing /home/airflow/.local/lib/python3.12/site-packages/airflow/example_dags/example_branch_python_dop_operator_3.py took 0.096 seconds
[2024-12-27T02:05:01.931+0000] {processor.py:186} INFO - Started process (PID=1152) to work on /home/airflow/.local/lib/python3.12/site-packages/airflow/example_dags/example_branch_python_dop_operator_3.py
[2024-12-27T02:05:01.933+0000] {processor.py:914} INFO - Processing file /home/airflow/.local/lib/python3.12/site-packages/airflow/example_dags/example_branch_python_dop_operator_3.py for tasks to queue
[2024-12-27T02:05:01.936+0000] {logging_mixin.py:190} INFO - [2024-12-27T02:05:01.936+0000] {dagbag.py:588} INFO - Filling up the DagBag from /home/airflow/.local/lib/python3.12/site-packages/airflow/example_dags/example_branch_python_dop_operator_3.py
[2024-12-27T02:05:01.946+0000] {processor.py:925} INFO - DAG(s) 'example_branch_dop_operator_v3' retrieved from /home/airflow/.local/lib/python3.12/site-packages/airflow/example_dags/example_branch_python_dop_operator_3.py
[2024-12-27T02:05:01.970+0000] {logging_mixin.py:190} INFO - [2024-12-27T02:05:01.970+0000] {dag.py:3239} INFO - Sync 1 DAGs
[2024-12-27T02:05:01.997+0000] {logging_mixin.py:190} INFO - [2024-12-27T02:05:01.997+0000] {dag.py:4180} INFO - Setting next_dagrun for example_branch_dop_operator_v3 to 2024-12-27 02:04:00+00:00, run_after=2024-12-27 02:05:00+00:00
[2024-12-27T02:05:02.023+0000] {processor.py:208} INFO - Processing /home/airflow/.local/lib/python3.12/site-packages/airflow/example_dags/example_branch_python_dop_operator_3.py took 0.097 seconds
[2024-12-27T02:05:32.092+0000] {processor.py:186} INFO - Started process (PID=1215) to work on /home/airflow/.local/lib/python3.12/site-packages/airflow/example_dags/example_branch_python_dop_operator_3.py
[2024-12-27T02:05:32.094+0000] {processor.py:914} INFO - Processing file /home/airflow/.local/lib/python3.12/site-packages/airflow/example_dags/example_branch_python_dop_operator_3.py for tasks to queue
[2024-12-27T02:05:32.097+0000] {logging_mixin.py:190} INFO - [2024-12-27T02:05:32.096+0000] {dagbag.py:588} INFO - Filling up the DagBag from /home/airflow/.local/lib/python3.12/site-packages/airflow/example_dags/example_branch_python_dop_operator_3.py
[2024-12-27T02:05:32.107+0000] {processor.py:925} INFO - DAG(s) 'example_branch_dop_operator_v3' retrieved from /home/airflow/.local/lib/python3.12/site-packages/airflow/example_dags/example_branch_python_dop_operator_3.py
[2024-12-27T02:05:32.133+0000] {logging_mixin.py:190} INFO - [2024-12-27T02:05:32.133+0000] {dag.py:3239} INFO - Sync 1 DAGs
[2024-12-27T02:05:32.163+0000] {logging_mixin.py:190} INFO - [2024-12-27T02:05:32.163+0000] {dag.py:4180} INFO - Setting next_dagrun for example_branch_dop_operator_v3 to 2024-12-27 02:04:00+00:00, run_after=2024-12-27 02:05:00+00:00
[2024-12-27T02:05:32.200+0000] {processor.py:208} INFO - Processing /home/airflow/.local/lib/python3.12/site-packages/airflow/example_dags/example_branch_python_dop_operator_3.py took 0.113 seconds
[2024-12-27T02:06:02.428+0000] {processor.py:186} INFO - Started process (PID=1278) to work on /home/airflow/.local/lib/python3.12/site-packages/airflow/example_dags/example_branch_python_dop_operator_3.py
[2024-12-27T02:06:02.430+0000] {processor.py:914} INFO - Processing file /home/airflow/.local/lib/python3.12/site-packages/airflow/example_dags/example_branch_python_dop_operator_3.py for tasks to queue
[2024-12-27T02:06:02.437+0000] {logging_mixin.py:190} INFO - [2024-12-27T02:06:02.436+0000] {dagbag.py:588} INFO - Filling up the DagBag from /home/airflow/.local/lib/python3.12/site-packages/airflow/example_dags/example_branch_python_dop_operator_3.py
[2024-12-27T02:06:02.451+0000] {processor.py:925} INFO - DAG(s) 'example_branch_dop_operator_v3' retrieved from /home/airflow/.local/lib/python3.12/site-packages/airflow/example_dags/example_branch_python_dop_operator_3.py
[2024-12-27T02:06:02.476+0000] {logging_mixin.py:190} INFO - [2024-12-27T02:06:02.476+0000] {dag.py:3239} INFO - Sync 1 DAGs
[2024-12-27T02:06:02.505+0000] {logging_mixin.py:190} INFO - [2024-12-27T02:06:02.505+0000] {dag.py:4180} INFO - Setting next_dagrun for example_branch_dop_operator_v3 to 2024-12-27 02:05:00+00:00, run_after=2024-12-27 02:06:00+00:00
[2024-12-27T02:06:02.534+0000] {processor.py:208} INFO - Processing /home/airflow/.local/lib/python3.12/site-packages/airflow/example_dags/example_branch_python_dop_operator_3.py took 0.113 seconds
[2024-12-27T02:06:32.620+0000] {processor.py:186} INFO - Started process (PID=1341) to work on /home/airflow/.local/lib/python3.12/site-packages/airflow/example_dags/example_branch_python_dop_operator_3.py
[2024-12-27T02:06:32.621+0000] {processor.py:914} INFO - Processing file /home/airflow/.local/lib/python3.12/site-packages/airflow/example_dags/example_branch_python_dop_operator_3.py for tasks to queue
[2024-12-27T02:06:32.625+0000] {logging_mixin.py:190} INFO - [2024-12-27T02:06:32.624+0000] {dagbag.py:588} INFO - Filling up the DagBag from /home/airflow/.local/lib/python3.12/site-packages/airflow/example_dags/example_branch_python_dop_operator_3.py
[2024-12-27T02:06:32.638+0000] {processor.py:925} INFO - DAG(s) 'example_branch_dop_operator_v3' retrieved from /home/airflow/.local/lib/python3.12/site-packages/airflow/example_dags/example_branch_python_dop_operator_3.py
[2024-12-27T02:06:32.666+0000] {logging_mixin.py:190} INFO - [2024-12-27T02:06:32.666+0000] {dag.py:3239} INFO - Sync 1 DAGs
[2024-12-27T02:06:32.698+0000] {logging_mixin.py:190} INFO - [2024-12-27T02:06:32.697+0000] {dag.py:4180} INFO - Setting next_dagrun for example_branch_dop_operator_v3 to 2024-12-27 02:05:00+00:00, run_after=2024-12-27 02:06:00+00:00
[2024-12-27T02:06:32.724+0000] {processor.py:208} INFO - Processing /home/airflow/.local/lib/python3.12/site-packages/airflow/example_dags/example_branch_python_dop_operator_3.py took 0.111 seconds
[2024-12-27T02:07:02.853+0000] {processor.py:186} INFO - Started process (PID=1404) to work on /home/airflow/.local/lib/python3.12/site-packages/airflow/example_dags/example_branch_python_dop_operator_3.py
[2024-12-27T02:07:02.855+0000] {processor.py:914} INFO - Processing file /home/airflow/.local/lib/python3.12/site-packages/airflow/example_dags/example_branch_python_dop_operator_3.py for tasks to queue
[2024-12-27T02:07:02.858+0000] {logging_mixin.py:190} INFO - [2024-12-27T02:07:02.857+0000] {dagbag.py:588} INFO - Filling up the DagBag from /home/airflow/.local/lib/python3.12/site-packages/airflow/example_dags/example_branch_python_dop_operator_3.py
[2024-12-27T02:07:02.869+0000] {processor.py:925} INFO - DAG(s) 'example_branch_dop_operator_v3' retrieved from /home/airflow/.local/lib/python3.12/site-packages/airflow/example_dags/example_branch_python_dop_operator_3.py
[2024-12-27T02:07:02.891+0000] {logging_mixin.py:190} INFO - [2024-12-27T02:07:02.890+0000] {dag.py:3239} INFO - Sync 1 DAGs
[2024-12-27T02:07:02.921+0000] {logging_mixin.py:190} INFO - [2024-12-27T02:07:02.921+0000] {dag.py:4180} INFO - Setting next_dagrun for example_branch_dop_operator_v3 to 2024-12-27 02:06:00+00:00, run_after=2024-12-27 02:07:00+00:00
[2024-12-27T02:07:02.949+0000] {processor.py:208} INFO - Processing /home/airflow/.local/lib/python3.12/site-packages/airflow/example_dags/example_branch_python_dop_operator_3.py took 0.101 seconds
[2024-12-27T02:07:33.396+0000] {processor.py:186} INFO - Started process (PID=1465) to work on /home/airflow/.local/lib/python3.12/site-packages/airflow/example_dags/example_branch_python_dop_operator_3.py
[2024-12-27T02:07:33.397+0000] {processor.py:914} INFO - Processing file /home/airflow/.local/lib/python3.12/site-packages/airflow/example_dags/example_branch_python_dop_operator_3.py for tasks to queue
[2024-12-27T02:07:33.400+0000] {logging_mixin.py:190} INFO - [2024-12-27T02:07:33.399+0000] {dagbag.py:588} INFO - Filling up the DagBag from /home/airflow/.local/lib/python3.12/site-packages/airflow/example_dags/example_branch_python_dop_operator_3.py
[2024-12-27T02:07:33.410+0000] {processor.py:925} INFO - DAG(s) 'example_branch_dop_operator_v3' retrieved from /home/airflow/.local/lib/python3.12/site-packages/airflow/example_dags/example_branch_python_dop_operator_3.py
[2024-12-27T02:07:33.433+0000] {logging_mixin.py:190} INFO - [2024-12-27T02:07:33.433+0000] {dag.py:3239} INFO - Sync 1 DAGs
[2024-12-27T02:07:33.462+0000] {logging_mixin.py:190} INFO - [2024-12-27T02:07:33.462+0000] {dag.py:4180} INFO - Setting next_dagrun for example_branch_dop_operator_v3 to 2024-12-27 02:06:00+00:00, run_after=2024-12-27 02:07:00+00:00
[2024-12-27T02:07:33.489+0000] {processor.py:208} INFO - Processing /home/airflow/.local/lib/python3.12/site-packages/airflow/example_dags/example_branch_python_dop_operator_3.py took 0.098 seconds
[2024-12-27T02:08:03.737+0000] {processor.py:186} INFO - Started process (PID=1528) to work on /home/airflow/.local/lib/python3.12/site-packages/airflow/example_dags/example_branch_python_dop_operator_3.py
[2024-12-27T02:08:03.738+0000] {processor.py:914} INFO - Processing file /home/airflow/.local/lib/python3.12/site-packages/airflow/example_dags/example_branch_python_dop_operator_3.py for tasks to queue
[2024-12-27T02:08:03.741+0000] {logging_mixin.py:190} INFO - [2024-12-27T02:08:03.741+0000] {dagbag.py:588} INFO - Filling up the DagBag from /home/airflow/.local/lib/python3.12/site-packages/airflow/example_dags/example_branch_python_dop_operator_3.py
[2024-12-27T02:08:03.754+0000] {processor.py:925} INFO - DAG(s) 'example_branch_dop_operator_v3' retrieved from /home/airflow/.local/lib/python3.12/site-packages/airflow/example_dags/example_branch_python_dop_operator_3.py
[2024-12-27T02:08:03.778+0000] {logging_mixin.py:190} INFO - [2024-12-27T02:08:03.778+0000] {dag.py:3239} INFO - Sync 1 DAGs
[2024-12-27T02:08:03.807+0000] {logging_mixin.py:190} INFO - [2024-12-27T02:08:03.807+0000] {dag.py:4180} INFO - Setting next_dagrun for example_branch_dop_operator_v3 to 2024-12-27 02:07:00+00:00, run_after=2024-12-27 02:08:00+00:00
[2024-12-27T02:08:03.834+0000] {processor.py:208} INFO - Processing /home/airflow/.local/lib/python3.12/site-packages/airflow/example_dags/example_branch_python_dop_operator_3.py took 0.102 seconds
[2024-12-27T02:08:34.100+0000] {processor.py:186} INFO - Started process (PID=1591) to work on /home/airflow/.local/lib/python3.12/site-packages/airflow/example_dags/example_branch_python_dop_operator_3.py
[2024-12-27T02:08:34.102+0000] {processor.py:914} INFO - Processing file /home/airflow/.local/lib/python3.12/site-packages/airflow/example_dags/example_branch_python_dop_operator_3.py for tasks to queue
[2024-12-27T02:08:34.105+0000] {logging_mixin.py:190} INFO - [2024-12-27T02:08:34.104+0000] {dagbag.py:588} INFO - Filling up the DagBag from /home/airflow/.local/lib/python3.12/site-packages/airflow/example_dags/example_branch_python_dop_operator_3.py
[2024-12-27T02:08:34.115+0000] {processor.py:925} INFO - DAG(s) 'example_branch_dop_operator_v3' retrieved from /home/airflow/.local/lib/python3.12/site-packages/airflow/example_dags/example_branch_python_dop_operator_3.py
[2024-12-27T02:08:34.138+0000] {logging_mixin.py:190} INFO - [2024-12-27T02:08:34.138+0000] {dag.py:3239} INFO - Sync 1 DAGs
[2024-12-27T02:08:34.165+0000] {logging_mixin.py:190} INFO - [2024-12-27T02:08:34.164+0000] {dag.py:4180} INFO - Setting next_dagrun for example_branch_dop_operator_v3 to 2024-12-27 02:07:00+00:00, run_after=2024-12-27 02:08:00+00:00
[2024-12-27T02:08:34.190+0000] {processor.py:208} INFO - Processing /home/airflow/.local/lib/python3.12/site-packages/airflow/example_dags/example_branch_python_dop_operator_3.py took 0.095 seconds
[2024-12-27T02:09:04.860+0000] {processor.py:186} INFO - Started process (PID=1654) to work on /home/airflow/.local/lib/python3.12/site-packages/airflow/example_dags/example_branch_python_dop_operator_3.py
[2024-12-27T02:09:04.862+0000] {processor.py:914} INFO - Processing file /home/airflow/.local/lib/python3.12/site-packages/airflow/example_dags/example_branch_python_dop_operator_3.py for tasks to queue
[2024-12-27T02:09:04.865+0000] {logging_mixin.py:190} INFO - [2024-12-27T02:09:04.865+0000] {dagbag.py:588} INFO - Filling up the DagBag from /home/airflow/.local/lib/python3.12/site-packages/airflow/example_dags/example_branch_python_dop_operator_3.py
[2024-12-27T02:09:04.878+0000] {processor.py:925} INFO - DAG(s) 'example_branch_dop_operator_v3' retrieved from /home/airflow/.local/lib/python3.12/site-packages/airflow/example_dags/example_branch_python_dop_operator_3.py
[2024-12-27T02:09:04.917+0000] {logging_mixin.py:190} INFO - [2024-12-27T02:09:04.917+0000] {dag.py:3239} INFO - Sync 1 DAGs
[2024-12-27T02:09:04.969+0000] {logging_mixin.py:190} INFO - [2024-12-27T02:09:04.969+0000] {dag.py:4180} INFO - Setting next_dagrun for example_branch_dop_operator_v3 to 2024-12-27 02:08:00+00:00, run_after=2024-12-27 02:09:00+00:00
[2024-12-27T02:09:05.006+0000] {processor.py:208} INFO - Processing /home/airflow/.local/lib/python3.12/site-packages/airflow/example_dags/example_branch_python_dop_operator_3.py took 0.152 seconds
[2024-12-27T02:09:35.466+0000] {processor.py:186} INFO - Started process (PID=1717) to work on /home/airflow/.local/lib/python3.12/site-packages/airflow/example_dags/example_branch_python_dop_operator_3.py
[2024-12-27T02:09:35.473+0000] {processor.py:914} INFO - Processing file /home/airflow/.local/lib/python3.12/site-packages/airflow/example_dags/example_branch_python_dop_operator_3.py for tasks to queue
[2024-12-27T02:09:35.477+0000] {logging_mixin.py:190} INFO - [2024-12-27T02:09:35.477+0000] {dagbag.py:588} INFO - Filling up the DagBag from /home/airflow/.local/lib/python3.12/site-packages/airflow/example_dags/example_branch_python_dop_operator_3.py
[2024-12-27T02:09:35.494+0000] {processor.py:925} INFO - DAG(s) 'example_branch_dop_operator_v3' retrieved from /home/airflow/.local/lib/python3.12/site-packages/airflow/example_dags/example_branch_python_dop_operator_3.py
[2024-12-27T02:09:35.526+0000] {logging_mixin.py:190} INFO - [2024-12-27T02:09:35.526+0000] {dag.py:3239} INFO - Sync 1 DAGs
[2024-12-27T02:09:35.567+0000] {logging_mixin.py:190} INFO - [2024-12-27T02:09:35.567+0000] {dag.py:4180} INFO - Setting next_dagrun for example_branch_dop_operator_v3 to 2024-12-27 02:08:00+00:00, run_after=2024-12-27 02:09:00+00:00
[2024-12-27T02:09:35.602+0000] {processor.py:208} INFO - Processing /home/airflow/.local/lib/python3.12/site-packages/airflow/example_dags/example_branch_python_dop_operator_3.py took 0.141 seconds
[2024-12-27T02:10:05.786+0000] {processor.py:186} INFO - Started process (PID=1780) to work on /home/airflow/.local/lib/python3.12/site-packages/airflow/example_dags/example_branch_python_dop_operator_3.py
[2024-12-27T02:10:05.788+0000] {processor.py:914} INFO - Processing file /home/airflow/.local/lib/python3.12/site-packages/airflow/example_dags/example_branch_python_dop_operator_3.py for tasks to queue
[2024-12-27T02:10:05.791+0000] {logging_mixin.py:190} INFO - [2024-12-27T02:10:05.791+0000] {dagbag.py:588} INFO - Filling up the DagBag from /home/airflow/.local/lib/python3.12/site-packages/airflow/example_dags/example_branch_python_dop_operator_3.py
[2024-12-27T02:10:05.802+0000] {processor.py:925} INFO - DAG(s) 'example_branch_dop_operator_v3' retrieved from /home/airflow/.local/lib/python3.12/site-packages/airflow/example_dags/example_branch_python_dop_operator_3.py
[2024-12-27T02:10:05.829+0000] {logging_mixin.py:190} INFO - [2024-12-27T02:10:05.829+0000] {dag.py:3239} INFO - Sync 1 DAGs
[2024-12-27T02:10:05.861+0000] {logging_mixin.py:190} INFO - [2024-12-27T02:10:05.861+0000] {dag.py:4180} INFO - Setting next_dagrun for example_branch_dop_operator_v3 to 2024-12-27 02:09:00+00:00, run_after=2024-12-27 02:10:00+00:00
[2024-12-27T02:10:05.890+0000] {processor.py:208} INFO - Processing /home/airflow/.local/lib/python3.12/site-packages/airflow/example_dags/example_branch_python_dop_operator_3.py took 0.110 seconds
[2024-12-27T02:10:35.953+0000] {processor.py:186} INFO - Started process (PID=1836) to work on /home/airflow/.local/lib/python3.12/site-packages/airflow/example_dags/example_branch_python_dop_operator_3.py
[2024-12-27T02:10:35.955+0000] {processor.py:914} INFO - Processing file /home/airflow/.local/lib/python3.12/site-packages/airflow/example_dags/example_branch_python_dop_operator_3.py for tasks to queue
[2024-12-27T02:10:35.958+0000] {logging_mixin.py:190} INFO - [2024-12-27T02:10:35.957+0000] {dagbag.py:588} INFO - Filling up the DagBag from /home/airflow/.local/lib/python3.12/site-packages/airflow/example_dags/example_branch_python_dop_operator_3.py
[2024-12-27T02:10:35.969+0000] {processor.py:925} INFO - DAG(s) 'example_branch_dop_operator_v3' retrieved from /home/airflow/.local/lib/python3.12/site-packages/airflow/example_dags/example_branch_python_dop_operator_3.py
[2024-12-27T02:10:35.995+0000] {logging_mixin.py:190} INFO - [2024-12-27T02:10:35.995+0000] {dag.py:3239} INFO - Sync 1 DAGs
[2024-12-27T02:10:36.029+0000] {logging_mixin.py:190} INFO - [2024-12-27T02:10:36.028+0000] {dag.py:4180} INFO - Setting next_dagrun for example_branch_dop_operator_v3 to 2024-12-27 02:09:00+00:00, run_after=2024-12-27 02:10:00+00:00
[2024-12-27T02:10:36.058+0000] {processor.py:208} INFO - Processing /home/airflow/.local/lib/python3.12/site-packages/airflow/example_dags/example_branch_python_dop_operator_3.py took 0.110 seconds
[2024-12-27T02:11:06.511+0000] {processor.py:186} INFO - Started process (PID=1898) to work on /home/airflow/.local/lib/python3.12/site-packages/airflow/example_dags/example_branch_python_dop_operator_3.py
[2024-12-27T02:11:06.513+0000] {processor.py:914} INFO - Processing file /home/airflow/.local/lib/python3.12/site-packages/airflow/example_dags/example_branch_python_dop_operator_3.py for tasks to queue
[2024-12-27T02:11:06.517+0000] {logging_mixin.py:190} INFO - [2024-12-27T02:11:06.516+0000] {dagbag.py:588} INFO - Filling up the DagBag from /home/airflow/.local/lib/python3.12/site-packages/airflow/example_dags/example_branch_python_dop_operator_3.py
[2024-12-27T02:11:06.531+0000] {processor.py:925} INFO - DAG(s) 'example_branch_dop_operator_v3' retrieved from /home/airflow/.local/lib/python3.12/site-packages/airflow/example_dags/example_branch_python_dop_operator_3.py
[2024-12-27T02:11:06.563+0000] {logging_mixin.py:190} INFO - [2024-12-27T02:11:06.563+0000] {dag.py:3239} INFO - Sync 1 DAGs
[2024-12-27T02:11:06.605+0000] {logging_mixin.py:190} INFO - [2024-12-27T02:11:06.604+0000] {dag.py:4180} INFO - Setting next_dagrun for example_branch_dop_operator_v3 to 2024-12-27 02:10:00+00:00, run_after=2024-12-27 02:11:00+00:00
[2024-12-27T02:11:06.640+0000] {processor.py:208} INFO - Processing /home/airflow/.local/lib/python3.12/site-packages/airflow/example_dags/example_branch_python_dop_operator_3.py took 0.136 seconds
[2024-12-27T02:11:36.924+0000] {processor.py:186} INFO - Started process (PID=1959) to work on /home/airflow/.local/lib/python3.12/site-packages/airflow/example_dags/example_branch_python_dop_operator_3.py
[2024-12-27T02:11:36.926+0000] {processor.py:914} INFO - Processing file /home/airflow/.local/lib/python3.12/site-packages/airflow/example_dags/example_branch_python_dop_operator_3.py for tasks to queue
[2024-12-27T02:11:36.929+0000] {logging_mixin.py:190} INFO - [2024-12-27T02:11:36.929+0000] {dagbag.py:588} INFO - Filling up the DagBag from /home/airflow/.local/lib/python3.12/site-packages/airflow/example_dags/example_branch_python_dop_operator_3.py
[2024-12-27T02:11:36.942+0000] {processor.py:925} INFO - DAG(s) 'example_branch_dop_operator_v3' retrieved from /home/airflow/.local/lib/python3.12/site-packages/airflow/example_dags/example_branch_python_dop_operator_3.py
[2024-12-27T02:11:36.970+0000] {logging_mixin.py:190} INFO - [2024-12-27T02:11:36.970+0000] {dag.py:3239} INFO - Sync 1 DAGs
[2024-12-27T02:11:37.004+0000] {logging_mixin.py:190} INFO - [2024-12-27T02:11:37.004+0000] {dag.py:4180} INFO - Setting next_dagrun for example_branch_dop_operator_v3 to 2024-12-27 02:10:00+00:00, run_after=2024-12-27 02:11:00+00:00
[2024-12-27T02:11:37.032+0000] {processor.py:208} INFO - Processing /home/airflow/.local/lib/python3.12/site-packages/airflow/example_dags/example_branch_python_dop_operator_3.py took 0.114 seconds
[2024-12-27T02:12:07.169+0000] {processor.py:186} INFO - Started process (PID=2020) to work on /home/airflow/.local/lib/python3.12/site-packages/airflow/example_dags/example_branch_python_dop_operator_3.py
[2024-12-27T02:12:07.171+0000] {processor.py:914} INFO - Processing file /home/airflow/.local/lib/python3.12/site-packages/airflow/example_dags/example_branch_python_dop_operator_3.py for tasks to queue
[2024-12-27T02:12:07.174+0000] {logging_mixin.py:190} INFO - [2024-12-27T02:12:07.173+0000] {dagbag.py:588} INFO - Filling up the DagBag from /home/airflow/.local/lib/python3.12/site-packages/airflow/example_dags/example_branch_python_dop_operator_3.py
[2024-12-27T02:12:07.184+0000] {processor.py:925} INFO - DAG(s) 'example_branch_dop_operator_v3' retrieved from /home/airflow/.local/lib/python3.12/site-packages/airflow/example_dags/example_branch_python_dop_operator_3.py
[2024-12-27T02:12:07.208+0000] {logging_mixin.py:190} INFO - [2024-12-27T02:12:07.208+0000] {dag.py:3239} INFO - Sync 1 DAGs
[2024-12-27T02:12:07.238+0000] {logging_mixin.py:190} INFO - [2024-12-27T02:12:07.237+0000] {dag.py:4180} INFO - Setting next_dagrun for example_branch_dop_operator_v3 to 2024-12-27 02:11:00+00:00, run_after=2024-12-27 02:12:00+00:00
[2024-12-27T02:12:07.265+0000] {processor.py:208} INFO - Processing /home/airflow/.local/lib/python3.12/site-packages/airflow/example_dags/example_branch_python_dop_operator_3.py took 0.100 seconds
[2024-12-27T02:12:37.923+0000] {processor.py:186} INFO - Started process (PID=2082) to work on /home/airflow/.local/lib/python3.12/site-packages/airflow/example_dags/example_branch_python_dop_operator_3.py
[2024-12-27T02:12:37.925+0000] {processor.py:914} INFO - Processing file /home/airflow/.local/lib/python3.12/site-packages/airflow/example_dags/example_branch_python_dop_operator_3.py for tasks to queue
[2024-12-27T02:12:37.928+0000] {logging_mixin.py:190} INFO - [2024-12-27T02:12:37.928+0000] {dagbag.py:588} INFO - Filling up the DagBag from /home/airflow/.local/lib/python3.12/site-packages/airflow/example_dags/example_branch_python_dop_operator_3.py
[2024-12-27T02:12:37.941+0000] {processor.py:925} INFO - DAG(s) 'example_branch_dop_operator_v3' retrieved from /home/airflow/.local/lib/python3.12/site-packages/airflow/example_dags/example_branch_python_dop_operator_3.py
[2024-12-27T02:12:37.968+0000] {logging_mixin.py:190} INFO - [2024-12-27T02:12:37.968+0000] {dag.py:3239} INFO - Sync 1 DAGs
[2024-12-27T02:12:38.002+0000] {logging_mixin.py:190} INFO - [2024-12-27T02:12:38.002+0000] {dag.py:4180} INFO - Setting next_dagrun for example_branch_dop_operator_v3 to 2024-12-27 02:11:00+00:00, run_after=2024-12-27 02:12:00+00:00
[2024-12-27T02:12:38.274+0000] {processor.py:208} INFO - Processing /home/airflow/.local/lib/python3.12/site-packages/airflow/example_dags/example_branch_python_dop_operator_3.py took 0.358 seconds
[2024-12-27T02:13:08.347+0000] {processor.py:186} INFO - Started process (PID=2145) to work on /home/airflow/.local/lib/python3.12/site-packages/airflow/example_dags/example_branch_python_dop_operator_3.py
[2024-12-27T02:13:08.348+0000] {processor.py:914} INFO - Processing file /home/airflow/.local/lib/python3.12/site-packages/airflow/example_dags/example_branch_python_dop_operator_3.py for tasks to queue
[2024-12-27T02:13:08.351+0000] {logging_mixin.py:190} INFO - [2024-12-27T02:13:08.350+0000] {dagbag.py:588} INFO - Filling up the DagBag from /home/airflow/.local/lib/python3.12/site-packages/airflow/example_dags/example_branch_python_dop_operator_3.py
[2024-12-27T02:13:08.361+0000] {processor.py:925} INFO - DAG(s) 'example_branch_dop_operator_v3' retrieved from /home/airflow/.local/lib/python3.12/site-packages/airflow/example_dags/example_branch_python_dop_operator_3.py
[2024-12-27T02:13:08.387+0000] {logging_mixin.py:190} INFO - [2024-12-27T02:13:08.387+0000] {dag.py:3239} INFO - Sync 1 DAGs
[2024-12-27T02:13:08.422+0000] {logging_mixin.py:190} INFO - [2024-12-27T02:13:08.421+0000] {dag.py:4180} INFO - Setting next_dagrun for example_branch_dop_operator_v3 to 2024-12-27 02:12:00+00:00, run_after=2024-12-27 02:13:00+00:00
[2024-12-27T02:13:08.452+0000] {processor.py:208} INFO - Processing /home/airflow/.local/lib/python3.12/site-packages/airflow/example_dags/example_branch_python_dop_operator_3.py took 0.111 seconds
[2024-12-27T02:13:39.283+0000] {processor.py:186} INFO - Started process (PID=2206) to work on /home/airflow/.local/lib/python3.12/site-packages/airflow/example_dags/example_branch_python_dop_operator_3.py
[2024-12-27T02:13:39.285+0000] {processor.py:914} INFO - Processing file /home/airflow/.local/lib/python3.12/site-packages/airflow/example_dags/example_branch_python_dop_operator_3.py for tasks to queue
[2024-12-27T02:13:39.287+0000] {logging_mixin.py:190} INFO - [2024-12-27T02:13:39.287+0000] {dagbag.py:588} INFO - Filling up the DagBag from /home/airflow/.local/lib/python3.12/site-packages/airflow/example_dags/example_branch_python_dop_operator_3.py
[2024-12-27T02:13:39.297+0000] {processor.py:925} INFO - DAG(s) 'example_branch_dop_operator_v3' retrieved from /home/airflow/.local/lib/python3.12/site-packages/airflow/example_dags/example_branch_python_dop_operator_3.py
[2024-12-27T02:13:39.323+0000] {logging_mixin.py:190} INFO - [2024-12-27T02:13:39.323+0000] {dag.py:3239} INFO - Sync 1 DAGs
[2024-12-27T02:13:39.353+0000] {logging_mixin.py:190} INFO - [2024-12-27T02:13:39.352+0000] {dag.py:4180} INFO - Setting next_dagrun for example_branch_dop_operator_v3 to 2024-12-27 02:12:00+00:00, run_after=2024-12-27 02:13:00+00:00
[2024-12-27T02:13:39.384+0000] {processor.py:208} INFO - Processing /home/airflow/.local/lib/python3.12/site-packages/airflow/example_dags/example_branch_python_dop_operator_3.py took 0.105 seconds
[2024-12-27T02:14:09.994+0000] {processor.py:186} INFO - Started process (PID=2269) to work on /home/airflow/.local/lib/python3.12/site-packages/airflow/example_dags/example_branch_python_dop_operator_3.py
[2024-12-27T02:14:09.996+0000] {processor.py:914} INFO - Processing file /home/airflow/.local/lib/python3.12/site-packages/airflow/example_dags/example_branch_python_dop_operator_3.py for tasks to queue
[2024-12-27T02:14:09.999+0000] {logging_mixin.py:190} INFO - [2024-12-27T02:14:09.999+0000] {dagbag.py:588} INFO - Filling up the DagBag from /home/airflow/.local/lib/python3.12/site-packages/airflow/example_dags/example_branch_python_dop_operator_3.py
[2024-12-27T02:14:10.017+0000] {processor.py:925} INFO - DAG(s) 'example_branch_dop_operator_v3' retrieved from /home/airflow/.local/lib/python3.12/site-packages/airflow/example_dags/example_branch_python_dop_operator_3.py
[2024-12-27T02:14:10.051+0000] {logging_mixin.py:190} INFO - [2024-12-27T02:14:10.050+0000] {dag.py:3239} INFO - Sync 1 DAGs
[2024-12-27T02:14:10.094+0000] {logging_mixin.py:190} INFO - [2024-12-27T02:14:10.094+0000] {dag.py:4180} INFO - Setting next_dagrun for example_branch_dop_operator_v3 to 2024-12-27 02:13:00+00:00, run_after=2024-12-27 02:14:00+00:00
[2024-12-27T02:14:10.125+0000] {processor.py:208} INFO - Processing /home/airflow/.local/lib/python3.12/site-packages/airflow/example_dags/example_branch_python_dop_operator_3.py took 0.137 seconds
[2024-12-27T02:14:40.685+0000] {processor.py:186} INFO - Started process (PID=2332) to work on /home/airflow/.local/lib/python3.12/site-packages/airflow/example_dags/example_branch_python_dop_operator_3.py
[2024-12-27T02:14:40.686+0000] {processor.py:914} INFO - Processing file /home/airflow/.local/lib/python3.12/site-packages/airflow/example_dags/example_branch_python_dop_operator_3.py for tasks to queue
[2024-12-27T02:14:40.690+0000] {logging_mixin.py:190} INFO - [2024-12-27T02:14:40.689+0000] {dagbag.py:588} INFO - Filling up the DagBag from /home/airflow/.local/lib/python3.12/site-packages/airflow/example_dags/example_branch_python_dop_operator_3.py
[2024-12-27T02:14:40.704+0000] {processor.py:925} INFO - DAG(s) 'example_branch_dop_operator_v3' retrieved from /home/airflow/.local/lib/python3.12/site-packages/airflow/example_dags/example_branch_python_dop_operator_3.py
[2024-12-27T02:14:40.732+0000] {logging_mixin.py:190} INFO - [2024-12-27T02:14:40.732+0000] {dag.py:3239} INFO - Sync 1 DAGs
[2024-12-27T02:14:40.762+0000] {logging_mixin.py:190} INFO - [2024-12-27T02:14:40.762+0000] {dag.py:4180} INFO - Setting next_dagrun for example_branch_dop_operator_v3 to 2024-12-27 02:13:00+00:00, run_after=2024-12-27 02:14:00+00:00
[2024-12-27T02:14:40.790+0000] {processor.py:208} INFO - Processing /home/airflow/.local/lib/python3.12/site-packages/airflow/example_dags/example_branch_python_dop_operator_3.py took 0.111 seconds
[2024-12-27T02:15:11.318+0000] {processor.py:186} INFO - Started process (PID=2395) to work on /home/airflow/.local/lib/python3.12/site-packages/airflow/example_dags/example_branch_python_dop_operator_3.py
[2024-12-27T02:15:11.320+0000] {processor.py:914} INFO - Processing file /home/airflow/.local/lib/python3.12/site-packages/airflow/example_dags/example_branch_python_dop_operator_3.py for tasks to queue
[2024-12-27T02:15:11.323+0000] {logging_mixin.py:190} INFO - [2024-12-27T02:15:11.322+0000] {dagbag.py:588} INFO - Filling up the DagBag from /home/airflow/.local/lib/python3.12/site-packages/airflow/example_dags/example_branch_python_dop_operator_3.py
[2024-12-27T02:15:11.334+0000] {processor.py:925} INFO - DAG(s) 'example_branch_dop_operator_v3' retrieved from /home/airflow/.local/lib/python3.12/site-packages/airflow/example_dags/example_branch_python_dop_operator_3.py
[2024-12-27T02:15:11.362+0000] {logging_mixin.py:190} INFO - [2024-12-27T02:15:11.362+0000] {dag.py:3239} INFO - Sync 1 DAGs
[2024-12-27T02:15:11.391+0000] {logging_mixin.py:190} INFO - [2024-12-27T02:15:11.390+0000] {dag.py:4180} INFO - Setting next_dagrun for example_branch_dop_operator_v3 to 2024-12-27 02:14:00+00:00, run_after=2024-12-27 02:15:00+00:00
[2024-12-27T02:15:11.417+0000] {processor.py:208} INFO - Processing /home/airflow/.local/lib/python3.12/site-packages/airflow/example_dags/example_branch_python_dop_operator_3.py took 0.104 seconds
[2024-12-27T02:15:42.384+0000] {processor.py:186} INFO - Started process (PID=2459) to work on /home/airflow/.local/lib/python3.12/site-packages/airflow/example_dags/example_branch_python_dop_operator_3.py
[2024-12-27T02:15:42.386+0000] {processor.py:914} INFO - Processing file /home/airflow/.local/lib/python3.12/site-packages/airflow/example_dags/example_branch_python_dop_operator_3.py for tasks to queue
[2024-12-27T02:15:42.389+0000] {logging_mixin.py:190} INFO - [2024-12-27T02:15:42.389+0000] {dagbag.py:588} INFO - Filling up the DagBag from /home/airflow/.local/lib/python3.12/site-packages/airflow/example_dags/example_branch_python_dop_operator_3.py
[2024-12-27T02:15:42.401+0000] {processor.py:925} INFO - DAG(s) 'example_branch_dop_operator_v3' retrieved from /home/airflow/.local/lib/python3.12/site-packages/airflow/example_dags/example_branch_python_dop_operator_3.py
[2024-12-27T02:15:42.427+0000] {logging_mixin.py:190} INFO - [2024-12-27T02:15:42.427+0000] {dag.py:3239} INFO - Sync 1 DAGs
[2024-12-27T02:15:42.457+0000] {logging_mixin.py:190} INFO - [2024-12-27T02:15:42.457+0000] {dag.py:4180} INFO - Setting next_dagrun for example_branch_dop_operator_v3 to 2024-12-27 02:14:00+00:00, run_after=2024-12-27 02:15:00+00:00
[2024-12-27T02:15:42.483+0000] {processor.py:208} INFO - Processing /home/airflow/.local/lib/python3.12/site-packages/airflow/example_dags/example_branch_python_dop_operator_3.py took 0.105 seconds
[2024-12-27T02:16:13.134+0000] {processor.py:186} INFO - Started process (PID=2522) to work on /home/airflow/.local/lib/python3.12/site-packages/airflow/example_dags/example_branch_python_dop_operator_3.py
[2024-12-27T02:16:13.135+0000] {processor.py:914} INFO - Processing file /home/airflow/.local/lib/python3.12/site-packages/airflow/example_dags/example_branch_python_dop_operator_3.py for tasks to queue
[2024-12-27T02:16:13.139+0000] {logging_mixin.py:190} INFO - [2024-12-27T02:16:13.138+0000] {dagbag.py:588} INFO - Filling up the DagBag from /home/airflow/.local/lib/python3.12/site-packages/airflow/example_dags/example_branch_python_dop_operator_3.py
[2024-12-27T02:16:13.150+0000] {processor.py:925} INFO - DAG(s) 'example_branch_dop_operator_v3' retrieved from /home/airflow/.local/lib/python3.12/site-packages/airflow/example_dags/example_branch_python_dop_operator_3.py
[2024-12-27T02:16:13.178+0000] {logging_mixin.py:190} INFO - [2024-12-27T02:16:13.177+0000] {dag.py:3239} INFO - Sync 1 DAGs
[2024-12-27T02:16:13.208+0000] {logging_mixin.py:190} INFO - [2024-12-27T02:16:13.208+0000] {dag.py:4180} INFO - Setting next_dagrun for example_branch_dop_operator_v3 to 2024-12-27 02:15:00+00:00, run_after=2024-12-27 02:16:00+00:00
[2024-12-27T02:16:13.241+0000] {processor.py:208} INFO - Processing /home/airflow/.local/lib/python3.12/site-packages/airflow/example_dags/example_branch_python_dop_operator_3.py took 0.112 seconds
[2024-12-27T02:16:43.527+0000] {processor.py:186} INFO - Started process (PID=2585) to work on /home/airflow/.local/lib/python3.12/site-packages/airflow/example_dags/example_branch_python_dop_operator_3.py
[2024-12-27T02:16:43.528+0000] {processor.py:914} INFO - Processing file /home/airflow/.local/lib/python3.12/site-packages/airflow/example_dags/example_branch_python_dop_operator_3.py for tasks to queue
[2024-12-27T02:16:43.530+0000] {logging_mixin.py:190} INFO - [2024-12-27T02:16:43.530+0000] {dagbag.py:588} INFO - Filling up the DagBag from /home/airflow/.local/lib/python3.12/site-packages/airflow/example_dags/example_branch_python_dop_operator_3.py
[2024-12-27T02:16:43.540+0000] {processor.py:925} INFO - DAG(s) 'example_branch_dop_operator_v3' retrieved from /home/airflow/.local/lib/python3.12/site-packages/airflow/example_dags/example_branch_python_dop_operator_3.py
[2024-12-27T02:16:43.566+0000] {logging_mixin.py:190} INFO - [2024-12-27T02:16:43.565+0000] {dag.py:3239} INFO - Sync 1 DAGs
[2024-12-27T02:16:43.597+0000] {logging_mixin.py:190} INFO - [2024-12-27T02:16:43.597+0000] {dag.py:4180} INFO - Setting next_dagrun for example_branch_dop_operator_v3 to 2024-12-27 02:15:00+00:00, run_after=2024-12-27 02:16:00+00:00
[2024-12-27T02:16:43.624+0000] {processor.py:208} INFO - Processing /home/airflow/.local/lib/python3.12/site-packages/airflow/example_dags/example_branch_python_dop_operator_3.py took 0.103 seconds
[2024-12-27T02:17:13.920+0000] {processor.py:186} INFO - Started process (PID=2648) to work on /home/airflow/.local/lib/python3.12/site-packages/airflow/example_dags/example_branch_python_dop_operator_3.py
[2024-12-27T02:17:13.922+0000] {processor.py:914} INFO - Processing file /home/airflow/.local/lib/python3.12/site-packages/airflow/example_dags/example_branch_python_dop_operator_3.py for tasks to queue
[2024-12-27T02:17:13.925+0000] {logging_mixin.py:190} INFO - [2024-12-27T02:17:13.924+0000] {dagbag.py:588} INFO - Filling up the DagBag from /home/airflow/.local/lib/python3.12/site-packages/airflow/example_dags/example_branch_python_dop_operator_3.py
[2024-12-27T02:17:13.936+0000] {processor.py:925} INFO - DAG(s) 'example_branch_dop_operator_v3' retrieved from /home/airflow/.local/lib/python3.12/site-packages/airflow/example_dags/example_branch_python_dop_operator_3.py
[2024-12-27T02:17:13.961+0000] {logging_mixin.py:190} INFO - [2024-12-27T02:17:13.961+0000] {dag.py:3239} INFO - Sync 1 DAGs
[2024-12-27T02:17:13.991+0000] {logging_mixin.py:190} INFO - [2024-12-27T02:17:13.990+0000] {dag.py:4180} INFO - Setting next_dagrun for example_branch_dop_operator_v3 to 2024-12-27 02:16:00+00:00, run_after=2024-12-27 02:17:00+00:00
[2024-12-27T02:17:14.017+0000] {processor.py:208} INFO - Processing /home/airflow/.local/lib/python3.12/site-packages/airflow/example_dags/example_branch_python_dop_operator_3.py took 0.102 seconds
[2024-12-27T02:17:44.682+0000] {processor.py:186} INFO - Started process (PID=2711) to work on /home/airflow/.local/lib/python3.12/site-packages/airflow/example_dags/example_branch_python_dop_operator_3.py
[2024-12-27T02:17:44.684+0000] {processor.py:914} INFO - Processing file /home/airflow/.local/lib/python3.12/site-packages/airflow/example_dags/example_branch_python_dop_operator_3.py for tasks to queue
[2024-12-27T02:17:44.687+0000] {logging_mixin.py:190} INFO - [2024-12-27T02:17:44.686+0000] {dagbag.py:588} INFO - Filling up the DagBag from /home/airflow/.local/lib/python3.12/site-packages/airflow/example_dags/example_branch_python_dop_operator_3.py
[2024-12-27T02:17:44.701+0000] {processor.py:925} INFO - DAG(s) 'example_branch_dop_operator_v3' retrieved from /home/airflow/.local/lib/python3.12/site-packages/airflow/example_dags/example_branch_python_dop_operator_3.py
[2024-12-27T02:17:44.734+0000] {logging_mixin.py:190} INFO - [2024-12-27T02:17:44.734+0000] {dag.py:3239} INFO - Sync 1 DAGs
[2024-12-27T02:17:44.773+0000] {logging_mixin.py:190} INFO - [2024-12-27T02:17:44.772+0000] {dag.py:4180} INFO - Setting next_dagrun for example_branch_dop_operator_v3 to 2024-12-27 02:16:00+00:00, run_after=2024-12-27 02:17:00+00:00
[2024-12-27T02:17:44.812+0000] {processor.py:208} INFO - Processing /home/airflow/.local/lib/python3.12/site-packages/airflow/example_dags/example_branch_python_dop_operator_3.py took 0.136 seconds
[2024-12-27T02:18:15.237+0000] {processor.py:186} INFO - Started process (PID=2774) to work on /home/airflow/.local/lib/python3.12/site-packages/airflow/example_dags/example_branch_python_dop_operator_3.py
[2024-12-27T02:18:15.238+0000] {processor.py:914} INFO - Processing file /home/airflow/.local/lib/python3.12/site-packages/airflow/example_dags/example_branch_python_dop_operator_3.py for tasks to queue
[2024-12-27T02:18:15.241+0000] {logging_mixin.py:190} INFO - [2024-12-27T02:18:15.241+0000] {dagbag.py:588} INFO - Filling up the DagBag from /home/airflow/.local/lib/python3.12/site-packages/airflow/example_dags/example_branch_python_dop_operator_3.py
[2024-12-27T02:18:15.255+0000] {processor.py:925} INFO - DAG(s) 'example_branch_dop_operator_v3' retrieved from /home/airflow/.local/lib/python3.12/site-packages/airflow/example_dags/example_branch_python_dop_operator_3.py
[2024-12-27T02:18:15.287+0000] {logging_mixin.py:190} INFO - [2024-12-27T02:18:15.287+0000] {dag.py:3239} INFO - Sync 1 DAGs
[2024-12-27T02:18:15.347+0000] {logging_mixin.py:190} INFO - [2024-12-27T02:18:15.346+0000] {dag.py:4180} INFO - Setting next_dagrun for example_branch_dop_operator_v3 to 2024-12-27 02:17:00+00:00, run_after=2024-12-27 02:18:00+00:00
[2024-12-27T02:18:15.395+0000] {processor.py:208} INFO - Processing /home/airflow/.local/lib/python3.12/site-packages/airflow/example_dags/example_branch_python_dop_operator_3.py took 0.164 seconds
[2024-12-27T02:18:46.262+0000] {processor.py:186} INFO - Started process (PID=2837) to work on /home/airflow/.local/lib/python3.12/site-packages/airflow/example_dags/example_branch_python_dop_operator_3.py
[2024-12-27T02:18:46.264+0000] {processor.py:914} INFO - Processing file /home/airflow/.local/lib/python3.12/site-packages/airflow/example_dags/example_branch_python_dop_operator_3.py for tasks to queue
[2024-12-27T02:18:46.270+0000] {logging_mixin.py:190} INFO - [2024-12-27T02:18:46.269+0000] {dagbag.py:588} INFO - Filling up the DagBag from /home/airflow/.local/lib/python3.12/site-packages/airflow/example_dags/example_branch_python_dop_operator_3.py
[2024-12-27T02:18:46.293+0000] {processor.py:925} INFO - DAG(s) 'example_branch_dop_operator_v3' retrieved from /home/airflow/.local/lib/python3.12/site-packages/airflow/example_dags/example_branch_python_dop_operator_3.py
[2024-12-27T02:18:46.338+0000] {logging_mixin.py:190} INFO - [2024-12-27T02:18:46.338+0000] {dag.py:3239} INFO - Sync 1 DAGs
[2024-12-27T02:18:46.382+0000] {logging_mixin.py:190} INFO - [2024-12-27T02:18:46.382+0000] {dag.py:4180} INFO - Setting next_dagrun for example_branch_dop_operator_v3 to 2024-12-27 02:17:00+00:00, run_after=2024-12-27 02:18:00+00:00
[2024-12-27T02:18:46.422+0000] {processor.py:208} INFO - Processing /home/airflow/.local/lib/python3.12/site-packages/airflow/example_dags/example_branch_python_dop_operator_3.py took 0.176 seconds
[2024-12-27T02:19:16.747+0000] {processor.py:186} INFO - Started process (PID=2900) to work on /home/airflow/.local/lib/python3.12/site-packages/airflow/example_dags/example_branch_python_dop_operator_3.py
[2024-12-27T02:19:16.749+0000] {processor.py:914} INFO - Processing file /home/airflow/.local/lib/python3.12/site-packages/airflow/example_dags/example_branch_python_dop_operator_3.py for tasks to queue
[2024-12-27T02:19:16.752+0000] {logging_mixin.py:190} INFO - [2024-12-27T02:19:16.752+0000] {dagbag.py:588} INFO - Filling up the DagBag from /home/airflow/.local/lib/python3.12/site-packages/airflow/example_dags/example_branch_python_dop_operator_3.py
[2024-12-27T02:19:16.765+0000] {processor.py:925} INFO - DAG(s) 'example_branch_dop_operator_v3' retrieved from /home/airflow/.local/lib/python3.12/site-packages/airflow/example_dags/example_branch_python_dop_operator_3.py
[2024-12-27T02:19:16.797+0000] {logging_mixin.py:190} INFO - [2024-12-27T02:19:16.797+0000] {dag.py:3239} INFO - Sync 1 DAGs
[2024-12-27T02:19:16.847+0000] {logging_mixin.py:190} INFO - [2024-12-27T02:19:16.847+0000] {dag.py:4180} INFO - Setting next_dagrun for example_branch_dop_operator_v3 to 2024-12-27 02:18:00+00:00, run_after=2024-12-27 02:19:00+00:00
[2024-12-27T02:19:16.879+0000] {processor.py:208} INFO - Processing /home/airflow/.local/lib/python3.12/site-packages/airflow/example_dags/example_branch_python_dop_operator_3.py took 0.138 seconds
[2024-12-27T02:19:46.956+0000] {processor.py:186} INFO - Started process (PID=2963) to work on /home/airflow/.local/lib/python3.12/site-packages/airflow/example_dags/example_branch_python_dop_operator_3.py
[2024-12-27T02:19:46.957+0000] {processor.py:914} INFO - Processing file /home/airflow/.local/lib/python3.12/site-packages/airflow/example_dags/example_branch_python_dop_operator_3.py for tasks to queue
[2024-12-27T02:19:46.960+0000] {logging_mixin.py:190} INFO - [2024-12-27T02:19:46.960+0000] {dagbag.py:588} INFO - Filling up the DagBag from /home/airflow/.local/lib/python3.12/site-packages/airflow/example_dags/example_branch_python_dop_operator_3.py
[2024-12-27T02:19:46.972+0000] {processor.py:925} INFO - DAG(s) 'example_branch_dop_operator_v3' retrieved from /home/airflow/.local/lib/python3.12/site-packages/airflow/example_dags/example_branch_python_dop_operator_3.py
[2024-12-27T02:19:47.000+0000] {logging_mixin.py:190} INFO - [2024-12-27T02:19:47.000+0000] {dag.py:3239} INFO - Sync 1 DAGs
[2024-12-27T02:19:47.036+0000] {logging_mixin.py:190} INFO - [2024-12-27T02:19:47.036+0000] {dag.py:4180} INFO - Setting next_dagrun for example_branch_dop_operator_v3 to 2024-12-27 02:18:00+00:00, run_after=2024-12-27 02:19:00+00:00
[2024-12-27T02:19:47.066+0000] {processor.py:208} INFO - Processing /home/airflow/.local/lib/python3.12/site-packages/airflow/example_dags/example_branch_python_dop_operator_3.py took 0.115 seconds
[2024-12-27T02:20:17.213+0000] {processor.py:186} INFO - Started process (PID=3026) to work on /home/airflow/.local/lib/python3.12/site-packages/airflow/example_dags/example_branch_python_dop_operator_3.py
[2024-12-27T02:20:17.214+0000] {processor.py:914} INFO - Processing file /home/airflow/.local/lib/python3.12/site-packages/airflow/example_dags/example_branch_python_dop_operator_3.py for tasks to queue
[2024-12-27T02:20:17.218+0000] {logging_mixin.py:190} INFO - [2024-12-27T02:20:17.217+0000] {dagbag.py:588} INFO - Filling up the DagBag from /home/airflow/.local/lib/python3.12/site-packages/airflow/example_dags/example_branch_python_dop_operator_3.py
[2024-12-27T02:20:17.229+0000] {processor.py:925} INFO - DAG(s) 'example_branch_dop_operator_v3' retrieved from /home/airflow/.local/lib/python3.12/site-packages/airflow/example_dags/example_branch_python_dop_operator_3.py
[2024-12-27T02:20:17.257+0000] {logging_mixin.py:190} INFO - [2024-12-27T02:20:17.256+0000] {dag.py:3239} INFO - Sync 1 DAGs
[2024-12-27T02:20:17.288+0000] {logging_mixin.py:190} INFO - [2024-12-27T02:20:17.288+0000] {dag.py:4180} INFO - Setting next_dagrun for example_branch_dop_operator_v3 to 2024-12-27 02:19:00+00:00, run_after=2024-12-27 02:20:00+00:00
[2024-12-27T02:20:17.327+0000] {processor.py:208} INFO - Processing /home/airflow/.local/lib/python3.12/site-packages/airflow/example_dags/example_branch_python_dop_operator_3.py took 0.121 seconds
[2024-12-27T02:20:47.422+0000] {processor.py:186} INFO - Started process (PID=3089) to work on /home/airflow/.local/lib/python3.12/site-packages/airflow/example_dags/example_branch_python_dop_operator_3.py
[2024-12-27T02:20:47.424+0000] {processor.py:914} INFO - Processing file /home/airflow/.local/lib/python3.12/site-packages/airflow/example_dags/example_branch_python_dop_operator_3.py for tasks to queue
[2024-12-27T02:20:47.428+0000] {logging_mixin.py:190} INFO - [2024-12-27T02:20:47.427+0000] {dagbag.py:588} INFO - Filling up the DagBag from /home/airflow/.local/lib/python3.12/site-packages/airflow/example_dags/example_branch_python_dop_operator_3.py
[2024-12-27T02:20:47.439+0000] {processor.py:925} INFO - DAG(s) 'example_branch_dop_operator_v3' retrieved from /home/airflow/.local/lib/python3.12/site-packages/airflow/example_dags/example_branch_python_dop_operator_3.py
[2024-12-27T02:20:47.466+0000] {logging_mixin.py:190} INFO - [2024-12-27T02:20:47.466+0000] {dag.py:3239} INFO - Sync 1 DAGs
[2024-12-27T02:20:47.497+0000] {logging_mixin.py:190} INFO - [2024-12-27T02:20:47.497+0000] {dag.py:4180} INFO - Setting next_dagrun for example_branch_dop_operator_v3 to 2024-12-27 02:19:00+00:00, run_after=2024-12-27 02:20:00+00:00
[2024-12-27T02:20:47.522+0000] {processor.py:208} INFO - Processing /home/airflow/.local/lib/python3.12/site-packages/airflow/example_dags/example_branch_python_dop_operator_3.py took 0.105 seconds
[2024-12-27T02:21:17.832+0000] {processor.py:186} INFO - Started process (PID=3152) to work on /home/airflow/.local/lib/python3.12/site-packages/airflow/example_dags/example_branch_python_dop_operator_3.py
[2024-12-27T02:21:17.833+0000] {processor.py:914} INFO - Processing file /home/airflow/.local/lib/python3.12/site-packages/airflow/example_dags/example_branch_python_dop_operator_3.py for tasks to queue
[2024-12-27T02:21:17.837+0000] {logging_mixin.py:190} INFO - [2024-12-27T02:21:17.836+0000] {dagbag.py:588} INFO - Filling up the DagBag from /home/airflow/.local/lib/python3.12/site-packages/airflow/example_dags/example_branch_python_dop_operator_3.py
[2024-12-27T02:21:17.847+0000] {processor.py:925} INFO - DAG(s) 'example_branch_dop_operator_v3' retrieved from /home/airflow/.local/lib/python3.12/site-packages/airflow/example_dags/example_branch_python_dop_operator_3.py
[2024-12-27T02:21:17.872+0000] {logging_mixin.py:190} INFO - [2024-12-27T02:21:17.871+0000] {dag.py:3239} INFO - Sync 1 DAGs
[2024-12-27T02:21:17.910+0000] {logging_mixin.py:190} INFO - [2024-12-27T02:21:17.910+0000] {dag.py:4180} INFO - Setting next_dagrun for example_branch_dop_operator_v3 to 2024-12-27 02:20:00+00:00, run_after=2024-12-27 02:21:00+00:00
[2024-12-27T02:21:17.944+0000] {processor.py:208} INFO - Processing /home/airflow/.local/lib/python3.12/site-packages/airflow/example_dags/example_branch_python_dop_operator_3.py took 0.117 seconds
[2024-12-27T02:21:48.355+0000] {processor.py:186} INFO - Started process (PID=3215) to work on /home/airflow/.local/lib/python3.12/site-packages/airflow/example_dags/example_branch_python_dop_operator_3.py
[2024-12-27T02:21:48.356+0000] {processor.py:914} INFO - Processing file /home/airflow/.local/lib/python3.12/site-packages/airflow/example_dags/example_branch_python_dop_operator_3.py for tasks to queue
[2024-12-27T02:21:48.360+0000] {logging_mixin.py:190} INFO - [2024-12-27T02:21:48.360+0000] {dagbag.py:588} INFO - Filling up the DagBag from /home/airflow/.local/lib/python3.12/site-packages/airflow/example_dags/example_branch_python_dop_operator_3.py
[2024-12-27T02:21:48.372+0000] {processor.py:925} INFO - DAG(s) 'example_branch_dop_operator_v3' retrieved from /home/airflow/.local/lib/python3.12/site-packages/airflow/example_dags/example_branch_python_dop_operator_3.py
[2024-12-27T02:21:48.403+0000] {logging_mixin.py:190} INFO - [2024-12-27T02:21:48.402+0000] {dag.py:3239} INFO - Sync 1 DAGs
[2024-12-27T02:21:48.436+0000] {logging_mixin.py:190} INFO - [2024-12-27T02:21:48.436+0000] {dag.py:4180} INFO - Setting next_dagrun for example_branch_dop_operator_v3 to 2024-12-27 02:20:00+00:00, run_after=2024-12-27 02:21:00+00:00
[2024-12-27T02:21:48.466+0000] {processor.py:208} INFO - Processing /home/airflow/.local/lib/python3.12/site-packages/airflow/example_dags/example_branch_python_dop_operator_3.py took 0.117 seconds
[2024-12-27T02:22:19.058+0000] {processor.py:186} INFO - Started process (PID=3278) to work on /home/airflow/.local/lib/python3.12/site-packages/airflow/example_dags/example_branch_python_dop_operator_3.py
[2024-12-27T02:22:19.059+0000] {processor.py:914} INFO - Processing file /home/airflow/.local/lib/python3.12/site-packages/airflow/example_dags/example_branch_python_dop_operator_3.py for tasks to queue
[2024-12-27T02:22:19.063+0000] {logging_mixin.py:190} INFO - [2024-12-27T02:22:19.062+0000] {dagbag.py:588} INFO - Filling up the DagBag from /home/airflow/.local/lib/python3.12/site-packages/airflow/example_dags/example_branch_python_dop_operator_3.py
[2024-12-27T02:22:19.075+0000] {processor.py:925} INFO - DAG(s) 'example_branch_dop_operator_v3' retrieved from /home/airflow/.local/lib/python3.12/site-packages/airflow/example_dags/example_branch_python_dop_operator_3.py
[2024-12-27T02:22:19.101+0000] {logging_mixin.py:190} INFO - [2024-12-27T02:22:19.101+0000] {dag.py:3239} INFO - Sync 1 DAGs
[2024-12-27T02:22:19.130+0000] {logging_mixin.py:190} INFO - [2024-12-27T02:22:19.130+0000] {dag.py:4180} INFO - Setting next_dagrun for example_branch_dop_operator_v3 to 2024-12-27 02:21:00+00:00, run_after=2024-12-27 02:22:00+00:00
[2024-12-27T02:22:19.160+0000] {processor.py:208} INFO - Processing /home/airflow/.local/lib/python3.12/site-packages/airflow/example_dags/example_branch_python_dop_operator_3.py took 0.108 seconds
[2024-12-27T02:22:49.233+0000] {processor.py:186} INFO - Started process (PID=3341) to work on /home/airflow/.local/lib/python3.12/site-packages/airflow/example_dags/example_branch_python_dop_operator_3.py
[2024-12-27T02:22:49.234+0000] {processor.py:914} INFO - Processing file /home/airflow/.local/lib/python3.12/site-packages/airflow/example_dags/example_branch_python_dop_operator_3.py for tasks to queue
[2024-12-27T02:22:49.236+0000] {logging_mixin.py:190} INFO - [2024-12-27T02:22:49.236+0000] {dagbag.py:588} INFO - Filling up the DagBag from /home/airflow/.local/lib/python3.12/site-packages/airflow/example_dags/example_branch_python_dop_operator_3.py
[2024-12-27T02:22:49.247+0000] {processor.py:925} INFO - DAG(s) 'example_branch_dop_operator_v3' retrieved from /home/airflow/.local/lib/python3.12/site-packages/airflow/example_dags/example_branch_python_dop_operator_3.py
[2024-12-27T02:22:49.272+0000] {logging_mixin.py:190} INFO - [2024-12-27T02:22:49.272+0000] {dag.py:3239} INFO - Sync 1 DAGs
[2024-12-27T02:22:49.301+0000] {logging_mixin.py:190} INFO - [2024-12-27T02:22:49.301+0000] {dag.py:4180} INFO - Setting next_dagrun for example_branch_dop_operator_v3 to 2024-12-27 02:21:00+00:00, run_after=2024-12-27 02:22:00+00:00
[2024-12-27T02:22:49.324+0000] {processor.py:208} INFO - Processing /home/airflow/.local/lib/python3.12/site-packages/airflow/example_dags/example_branch_python_dop_operator_3.py took 0.096 seconds
[2024-12-27T02:23:19.627+0000] {processor.py:186} INFO - Started process (PID=3403) to work on /home/airflow/.local/lib/python3.12/site-packages/airflow/example_dags/example_branch_python_dop_operator_3.py
[2024-12-27T02:23:19.629+0000] {processor.py:914} INFO - Processing file /home/airflow/.local/lib/python3.12/site-packages/airflow/example_dags/example_branch_python_dop_operator_3.py for tasks to queue
[2024-12-27T02:23:19.634+0000] {logging_mixin.py:190} INFO - [2024-12-27T02:23:19.633+0000] {dagbag.py:588} INFO - Filling up the DagBag from /home/airflow/.local/lib/python3.12/site-packages/airflow/example_dags/example_branch_python_dop_operator_3.py
[2024-12-27T02:23:19.655+0000] {processor.py:925} INFO - DAG(s) 'example_branch_dop_operator_v3' retrieved from /home/airflow/.local/lib/python3.12/site-packages/airflow/example_dags/example_branch_python_dop_operator_3.py
[2024-12-27T02:23:19.693+0000] {logging_mixin.py:190} INFO - [2024-12-27T02:23:19.693+0000] {dag.py:3239} INFO - Sync 1 DAGs
[2024-12-27T02:23:19.755+0000] {logging_mixin.py:190} INFO - [2024-12-27T02:23:19.755+0000] {dag.py:4180} INFO - Setting next_dagrun for example_branch_dop_operator_v3 to 2024-12-27 02:22:00+00:00, run_after=2024-12-27 02:23:00+00:00
[2024-12-27T02:23:19.803+0000] {processor.py:208} INFO - Processing /home/airflow/.local/lib/python3.12/site-packages/airflow/example_dags/example_branch_python_dop_operator_3.py took 0.183 seconds
