[2024-12-27T01:56:23.657+0000] {processor.py:186} INFO - Started process (PID=88) to work on /home/airflow/.local/lib/python3.12/site-packages/airflow/example_dags/example_workday_timetable.py
[2024-12-27T01:56:23.658+0000] {processor.py:914} INFO - Processing file /home/airflow/.local/lib/python3.12/site-packages/airflow/example_dags/example_workday_timetable.py for tasks to queue
[2024-12-27T01:56:23.662+0000] {logging_mixin.py:190} INFO - [2024-12-27T01:56:23.662+0000] {dagbag.py:588} INFO - Filling up the DagBag from /home/airflow/.local/lib/python3.12/site-packages/airflow/example_dags/example_workday_timetable.py
[2024-12-27T01:56:23.669+0000] {processor.py:925} INFO - DAG(s) 'example_workday_timetable' retrieved from /home/airflow/.local/lib/python3.12/site-packages/airflow/example_dags/example_workday_timetable.py
[2024-12-27T01:56:23.775+0000] {logging_mixin.py:190} INFO - [2024-12-27T01:56:23.774+0000] {override.py:1911} INFO - Created Permission View: can read on DAG:example_workday_timetable
[2024-12-27T01:56:23.792+0000] {logging_mixin.py:190} INFO - [2024-12-27T01:56:23.792+0000] {override.py:1911} INFO - Created Permission View: can edit on DAG:example_workday_timetable
[2024-12-27T01:56:23.806+0000] {logging_mixin.py:190} INFO - [2024-12-27T01:56:23.805+0000] {override.py:1911} INFO - Created Permission View: can delete on DAG:example_workday_timetable
[2024-12-27T01:56:23.819+0000] {logging_mixin.py:190} INFO - [2024-12-27T01:56:23.819+0000] {override.py:1911} INFO - Created Permission View: menu access on DAG Run:example_workday_timetable
[2024-12-27T01:56:23.831+0000] {logging_mixin.py:190} INFO - [2024-12-27T01:56:23.831+0000] {override.py:1911} INFO - Created Permission View: can read on DAG Run:example_workday_timetable
[2024-12-27T01:56:23.843+0000] {logging_mixin.py:190} INFO - [2024-12-27T01:56:23.842+0000] {override.py:1911} INFO - Created Permission View: can create on DAG Run:example_workday_timetable
[2024-12-27T01:56:23.856+0000] {logging_mixin.py:190} INFO - [2024-12-27T01:56:23.855+0000] {override.py:1911} INFO - Created Permission View: can delete on DAG Run:example_workday_timetable
[2024-12-27T01:56:23.857+0000] {logging_mixin.py:190} INFO - [2024-12-27T01:56:23.857+0000] {dag.py:3239} INFO - Sync 1 DAGs
[2024-12-27T01:56:23.871+0000] {logging_mixin.py:190} INFO - [2024-12-27T01:56:23.870+0000] {dag.py:3262} INFO - Creating ORM DAG for example_workday_timetable
[2024-12-27T01:56:23.919+0000] {logging_mixin.py:190} INFO - [2024-12-27T01:56:23.918+0000] {dag.py:4180} INFO - Setting next_dagrun for example_workday_timetable to 2021-01-04 00:00:00+00:00, run_after=2021-01-05 00:00:00+00:00
[2024-12-27T01:56:23.944+0000] {processor.py:208} INFO - Processing /home/airflow/.local/lib/python3.12/site-packages/airflow/example_dags/example_workday_timetable.py took 0.291 seconds
[2024-12-27T01:56:54.806+0000] {processor.py:186} INFO - Started process (PID=150) to work on /home/airflow/.local/lib/python3.12/site-packages/airflow/example_dags/example_workday_timetable.py
[2024-12-27T01:56:54.808+0000] {processor.py:914} INFO - Processing file /home/airflow/.local/lib/python3.12/site-packages/airflow/example_dags/example_workday_timetable.py for tasks to queue
[2024-12-27T01:56:54.810+0000] {logging_mixin.py:190} INFO - [2024-12-27T01:56:54.810+0000] {dagbag.py:588} INFO - Filling up the DagBag from /home/airflow/.local/lib/python3.12/site-packages/airflow/example_dags/example_workday_timetable.py
[2024-12-27T01:56:54.817+0000] {processor.py:925} INFO - DAG(s) 'example_workday_timetable' retrieved from /home/airflow/.local/lib/python3.12/site-packages/airflow/example_dags/example_workday_timetable.py
[2024-12-27T01:56:54.838+0000] {logging_mixin.py:190} INFO - [2024-12-27T01:56:54.838+0000] {dag.py:3239} INFO - Sync 1 DAGs
[2024-12-27T01:56:54.902+0000] {logging_mixin.py:190} INFO - [2024-12-27T01:56:54.901+0000] {dag.py:4180} INFO - Setting next_dagrun for example_workday_timetable to 2021-01-04 00:00:00+00:00, run_after=2021-01-05 00:00:00+00:00
[2024-12-27T01:56:54.929+0000] {processor.py:208} INFO - Processing /home/airflow/.local/lib/python3.12/site-packages/airflow/example_dags/example_workday_timetable.py took 0.127 seconds
[2024-12-27T01:57:25.468+0000] {processor.py:186} INFO - Started process (PID=213) to work on /home/airflow/.local/lib/python3.12/site-packages/airflow/example_dags/example_workday_timetable.py
[2024-12-27T01:57:25.469+0000] {processor.py:914} INFO - Processing file /home/airflow/.local/lib/python3.12/site-packages/airflow/example_dags/example_workday_timetable.py for tasks to queue
[2024-12-27T01:57:25.472+0000] {logging_mixin.py:190} INFO - [2024-12-27T01:57:25.472+0000] {dagbag.py:588} INFO - Filling up the DagBag from /home/airflow/.local/lib/python3.12/site-packages/airflow/example_dags/example_workday_timetable.py
[2024-12-27T01:57:25.477+0000] {processor.py:925} INFO - DAG(s) 'example_workday_timetable' retrieved from /home/airflow/.local/lib/python3.12/site-packages/airflow/example_dags/example_workday_timetable.py
[2024-12-27T01:57:25.498+0000] {logging_mixin.py:190} INFO - [2024-12-27T01:57:25.498+0000] {dag.py:3239} INFO - Sync 1 DAGs
[2024-12-27T01:57:25.562+0000] {logging_mixin.py:190} INFO - [2024-12-27T01:57:25.562+0000] {dag.py:4180} INFO - Setting next_dagrun for example_workday_timetable to 2021-01-04 00:00:00+00:00, run_after=2021-01-05 00:00:00+00:00
[2024-12-27T01:57:25.587+0000] {processor.py:208} INFO - Processing /home/airflow/.local/lib/python3.12/site-packages/airflow/example_dags/example_workday_timetable.py took 0.124 seconds
[2024-12-27T01:57:55.817+0000] {processor.py:186} INFO - Started process (PID=276) to work on /home/airflow/.local/lib/python3.12/site-packages/airflow/example_dags/example_workday_timetable.py
[2024-12-27T01:57:55.818+0000] {processor.py:914} INFO - Processing file /home/airflow/.local/lib/python3.12/site-packages/airflow/example_dags/example_workday_timetable.py for tasks to queue
[2024-12-27T01:57:55.821+0000] {logging_mixin.py:190} INFO - [2024-12-27T01:57:55.821+0000] {dagbag.py:588} INFO - Filling up the DagBag from /home/airflow/.local/lib/python3.12/site-packages/airflow/example_dags/example_workday_timetable.py
[2024-12-27T01:57:55.827+0000] {processor.py:925} INFO - DAG(s) 'example_workday_timetable' retrieved from /home/airflow/.local/lib/python3.12/site-packages/airflow/example_dags/example_workday_timetable.py
[2024-12-27T01:57:55.857+0000] {logging_mixin.py:190} INFO - [2024-12-27T01:57:55.856+0000] {dag.py:3239} INFO - Sync 1 DAGs
[2024-12-27T01:57:55.935+0000] {logging_mixin.py:190} INFO - [2024-12-27T01:57:55.935+0000] {dag.py:4180} INFO - Setting next_dagrun for example_workday_timetable to 2021-01-04 00:00:00+00:00, run_after=2021-01-05 00:00:00+00:00
[2024-12-27T01:57:55.963+0000] {processor.py:208} INFO - Processing /home/airflow/.local/lib/python3.12/site-packages/airflow/example_dags/example_workday_timetable.py took 0.151 seconds
[2024-12-27T01:58:26.208+0000] {processor.py:186} INFO - Started process (PID=339) to work on /home/airflow/.local/lib/python3.12/site-packages/airflow/example_dags/example_workday_timetable.py
[2024-12-27T01:58:26.209+0000] {processor.py:914} INFO - Processing file /home/airflow/.local/lib/python3.12/site-packages/airflow/example_dags/example_workday_timetable.py for tasks to queue
[2024-12-27T01:58:26.212+0000] {logging_mixin.py:190} INFO - [2024-12-27T01:58:26.212+0000] {dagbag.py:588} INFO - Filling up the DagBag from /home/airflow/.local/lib/python3.12/site-packages/airflow/example_dags/example_workday_timetable.py
[2024-12-27T01:58:26.219+0000] {processor.py:925} INFO - DAG(s) 'example_workday_timetable' retrieved from /home/airflow/.local/lib/python3.12/site-packages/airflow/example_dags/example_workday_timetable.py
[2024-12-27T01:58:26.242+0000] {logging_mixin.py:190} INFO - [2024-12-27T01:58:26.242+0000] {dag.py:3239} INFO - Sync 1 DAGs
[2024-12-27T01:58:26.323+0000] {logging_mixin.py:190} INFO - [2024-12-27T01:58:26.323+0000] {dag.py:4180} INFO - Setting next_dagrun for example_workday_timetable to 2021-01-04 00:00:00+00:00, run_after=2021-01-05 00:00:00+00:00
[2024-12-27T01:58:26.356+0000] {processor.py:208} INFO - Processing /home/airflow/.local/lib/python3.12/site-packages/airflow/example_dags/example_workday_timetable.py took 0.152 seconds
[2024-12-27T01:58:56.699+0000] {processor.py:186} INFO - Started process (PID=402) to work on /home/airflow/.local/lib/python3.12/site-packages/airflow/example_dags/example_workday_timetable.py
[2024-12-27T01:58:56.701+0000] {processor.py:914} INFO - Processing file /home/airflow/.local/lib/python3.12/site-packages/airflow/example_dags/example_workday_timetable.py for tasks to queue
[2024-12-27T01:58:56.704+0000] {logging_mixin.py:190} INFO - [2024-12-27T01:58:56.703+0000] {dagbag.py:588} INFO - Filling up the DagBag from /home/airflow/.local/lib/python3.12/site-packages/airflow/example_dags/example_workday_timetable.py
[2024-12-27T01:58:56.709+0000] {processor.py:925} INFO - DAG(s) 'example_workday_timetable' retrieved from /home/airflow/.local/lib/python3.12/site-packages/airflow/example_dags/example_workday_timetable.py
[2024-12-27T01:58:56.733+0000] {logging_mixin.py:190} INFO - [2024-12-27T01:58:56.733+0000] {dag.py:3239} INFO - Sync 1 DAGs
[2024-12-27T01:58:56.793+0000] {logging_mixin.py:190} INFO - [2024-12-27T01:58:56.793+0000] {dag.py:4180} INFO - Setting next_dagrun for example_workday_timetable to 2021-01-04 00:00:00+00:00, run_after=2021-01-05 00:00:00+00:00
[2024-12-27T01:58:56.820+0000] {processor.py:208} INFO - Processing /home/airflow/.local/lib/python3.12/site-packages/airflow/example_dags/example_workday_timetable.py took 0.127 seconds
[2024-12-27T01:59:27.249+0000] {processor.py:186} INFO - Started process (PID=465) to work on /home/airflow/.local/lib/python3.12/site-packages/airflow/example_dags/example_workday_timetable.py
[2024-12-27T01:59:27.250+0000] {processor.py:914} INFO - Processing file /home/airflow/.local/lib/python3.12/site-packages/airflow/example_dags/example_workday_timetable.py for tasks to queue
[2024-12-27T01:59:27.254+0000] {logging_mixin.py:190} INFO - [2024-12-27T01:59:27.253+0000] {dagbag.py:588} INFO - Filling up the DagBag from /home/airflow/.local/lib/python3.12/site-packages/airflow/example_dags/example_workday_timetable.py
[2024-12-27T01:59:27.260+0000] {processor.py:925} INFO - DAG(s) 'example_workday_timetable' retrieved from /home/airflow/.local/lib/python3.12/site-packages/airflow/example_dags/example_workday_timetable.py
[2024-12-27T01:59:27.284+0000] {logging_mixin.py:190} INFO - [2024-12-27T01:59:27.283+0000] {dag.py:3239} INFO - Sync 1 DAGs
[2024-12-27T01:59:27.343+0000] {logging_mixin.py:190} INFO - [2024-12-27T01:59:27.343+0000] {dag.py:4180} INFO - Setting next_dagrun for example_workday_timetable to 2021-01-04 00:00:00+00:00, run_after=2021-01-05 00:00:00+00:00
[2024-12-27T01:59:27.370+0000] {processor.py:208} INFO - Processing /home/airflow/.local/lib/python3.12/site-packages/airflow/example_dags/example_workday_timetable.py took 0.126 seconds
[2024-12-27T01:59:57.824+0000] {processor.py:186} INFO - Started process (PID=528) to work on /home/airflow/.local/lib/python3.12/site-packages/airflow/example_dags/example_workday_timetable.py
[2024-12-27T01:59:57.831+0000] {processor.py:914} INFO - Processing file /home/airflow/.local/lib/python3.12/site-packages/airflow/example_dags/example_workday_timetable.py for tasks to queue
[2024-12-27T01:59:57.834+0000] {logging_mixin.py:190} INFO - [2024-12-27T01:59:57.833+0000] {dagbag.py:588} INFO - Filling up the DagBag from /home/airflow/.local/lib/python3.12/site-packages/airflow/example_dags/example_workday_timetable.py
[2024-12-27T01:59:57.840+0000] {processor.py:925} INFO - DAG(s) 'example_workday_timetable' retrieved from /home/airflow/.local/lib/python3.12/site-packages/airflow/example_dags/example_workday_timetable.py
[2024-12-27T01:59:57.861+0000] {logging_mixin.py:190} INFO - [2024-12-27T01:59:57.861+0000] {dag.py:3239} INFO - Sync 1 DAGs
[2024-12-27T01:59:57.922+0000] {logging_mixin.py:190} INFO - [2024-12-27T01:59:57.922+0000] {dag.py:4180} INFO - Setting next_dagrun for example_workday_timetable to 2021-01-04 00:00:00+00:00, run_after=2021-01-05 00:00:00+00:00
[2024-12-27T01:59:57.947+0000] {processor.py:208} INFO - Processing /home/airflow/.local/lib/python3.12/site-packages/airflow/example_dags/example_workday_timetable.py took 0.128 seconds
[2024-12-27T02:00:28.051+0000] {processor.py:186} INFO - Started process (PID=591) to work on /home/airflow/.local/lib/python3.12/site-packages/airflow/example_dags/example_workday_timetable.py
[2024-12-27T02:00:28.053+0000] {processor.py:914} INFO - Processing file /home/airflow/.local/lib/python3.12/site-packages/airflow/example_dags/example_workday_timetable.py for tasks to queue
[2024-12-27T02:00:28.057+0000] {logging_mixin.py:190} INFO - [2024-12-27T02:00:28.056+0000] {dagbag.py:588} INFO - Filling up the DagBag from /home/airflow/.local/lib/python3.12/site-packages/airflow/example_dags/example_workday_timetable.py
[2024-12-27T02:00:28.063+0000] {processor.py:925} INFO - DAG(s) 'example_workday_timetable' retrieved from /home/airflow/.local/lib/python3.12/site-packages/airflow/example_dags/example_workday_timetable.py
[2024-12-27T02:00:28.087+0000] {logging_mixin.py:190} INFO - [2024-12-27T02:00:28.087+0000] {dag.py:3239} INFO - Sync 1 DAGs
[2024-12-27T02:00:28.172+0000] {logging_mixin.py:190} INFO - [2024-12-27T02:00:28.172+0000] {dag.py:4180} INFO - Setting next_dagrun for example_workday_timetable to 2021-01-04 00:00:00+00:00, run_after=2021-01-05 00:00:00+00:00
[2024-12-27T02:00:28.206+0000] {processor.py:208} INFO - Processing /home/airflow/.local/lib/python3.12/site-packages/airflow/example_dags/example_workday_timetable.py took 0.161 seconds
[2024-12-27T02:00:58.789+0000] {processor.py:186} INFO - Started process (PID=654) to work on /home/airflow/.local/lib/python3.12/site-packages/airflow/example_dags/example_workday_timetable.py
[2024-12-27T02:00:58.790+0000] {processor.py:914} INFO - Processing file /home/airflow/.local/lib/python3.12/site-packages/airflow/example_dags/example_workday_timetable.py for tasks to queue
[2024-12-27T02:00:58.794+0000] {logging_mixin.py:190} INFO - [2024-12-27T02:00:58.793+0000] {dagbag.py:588} INFO - Filling up the DagBag from /home/airflow/.local/lib/python3.12/site-packages/airflow/example_dags/example_workday_timetable.py
[2024-12-27T02:00:58.799+0000] {processor.py:925} INFO - DAG(s) 'example_workday_timetable' retrieved from /home/airflow/.local/lib/python3.12/site-packages/airflow/example_dags/example_workday_timetable.py
[2024-12-27T02:00:58.823+0000] {logging_mixin.py:190} INFO - [2024-12-27T02:00:58.823+0000] {dag.py:3239} INFO - Sync 1 DAGs
[2024-12-27T02:00:58.895+0000] {logging_mixin.py:190} INFO - [2024-12-27T02:00:58.895+0000] {dag.py:4180} INFO - Setting next_dagrun for example_workday_timetable to 2021-01-04 00:00:00+00:00, run_after=2021-01-05 00:00:00+00:00
[2024-12-27T02:00:58.922+0000] {processor.py:208} INFO - Processing /home/airflow/.local/lib/python3.12/site-packages/airflow/example_dags/example_workday_timetable.py took 0.139 seconds
[2024-12-27T02:01:29.622+0000] {processor.py:186} INFO - Started process (PID=717) to work on /home/airflow/.local/lib/python3.12/site-packages/airflow/example_dags/example_workday_timetable.py
[2024-12-27T02:01:29.624+0000] {processor.py:914} INFO - Processing file /home/airflow/.local/lib/python3.12/site-packages/airflow/example_dags/example_workday_timetable.py for tasks to queue
[2024-12-27T02:01:29.627+0000] {logging_mixin.py:190} INFO - [2024-12-27T02:01:29.627+0000] {dagbag.py:588} INFO - Filling up the DagBag from /home/airflow/.local/lib/python3.12/site-packages/airflow/example_dags/example_workday_timetable.py
[2024-12-27T02:01:29.633+0000] {processor.py:925} INFO - DAG(s) 'example_workday_timetable' retrieved from /home/airflow/.local/lib/python3.12/site-packages/airflow/example_dags/example_workday_timetable.py
[2024-12-27T02:01:29.655+0000] {logging_mixin.py:190} INFO - [2024-12-27T02:01:29.655+0000] {dag.py:3239} INFO - Sync 1 DAGs
[2024-12-27T02:01:29.718+0000] {logging_mixin.py:190} INFO - [2024-12-27T02:01:29.718+0000] {dag.py:4180} INFO - Setting next_dagrun for example_workday_timetable to 2021-01-04 00:00:00+00:00, run_after=2021-01-05 00:00:00+00:00
[2024-12-27T02:01:29.743+0000] {processor.py:208} INFO - Processing /home/airflow/.local/lib/python3.12/site-packages/airflow/example_dags/example_workday_timetable.py took 0.125 seconds
[2024-12-27T02:02:00.436+0000] {processor.py:186} INFO - Started process (PID=780) to work on /home/airflow/.local/lib/python3.12/site-packages/airflow/example_dags/example_workday_timetable.py
[2024-12-27T02:02:00.449+0000] {processor.py:914} INFO - Processing file /home/airflow/.local/lib/python3.12/site-packages/airflow/example_dags/example_workday_timetable.py for tasks to queue
[2024-12-27T02:02:00.452+0000] {logging_mixin.py:190} INFO - [2024-12-27T02:02:00.452+0000] {dagbag.py:588} INFO - Filling up the DagBag from /home/airflow/.local/lib/python3.12/site-packages/airflow/example_dags/example_workday_timetable.py
[2024-12-27T02:02:00.458+0000] {processor.py:925} INFO - DAG(s) 'example_workday_timetable' retrieved from /home/airflow/.local/lib/python3.12/site-packages/airflow/example_dags/example_workday_timetable.py
[2024-12-27T02:02:00.482+0000] {logging_mixin.py:190} INFO - [2024-12-27T02:02:00.482+0000] {dag.py:3239} INFO - Sync 1 DAGs
[2024-12-27T02:02:00.551+0000] {logging_mixin.py:190} INFO - [2024-12-27T02:02:00.550+0000] {dag.py:4180} INFO - Setting next_dagrun for example_workday_timetable to 2021-01-04 00:00:00+00:00, run_after=2021-01-05 00:00:00+00:00
[2024-12-27T02:02:00.578+0000] {processor.py:208} INFO - Processing /home/airflow/.local/lib/python3.12/site-packages/airflow/example_dags/example_workday_timetable.py took 0.147 seconds
[2024-12-27T02:02:30.633+0000] {processor.py:186} INFO - Started process (PID=843) to work on /home/airflow/.local/lib/python3.12/site-packages/airflow/example_dags/example_workday_timetable.py
[2024-12-27T02:02:30.634+0000] {processor.py:914} INFO - Processing file /home/airflow/.local/lib/python3.12/site-packages/airflow/example_dags/example_workday_timetable.py for tasks to queue
[2024-12-27T02:02:30.637+0000] {logging_mixin.py:190} INFO - [2024-12-27T02:02:30.637+0000] {dagbag.py:588} INFO - Filling up the DagBag from /home/airflow/.local/lib/python3.12/site-packages/airflow/example_dags/example_workday_timetable.py
[2024-12-27T02:02:30.644+0000] {processor.py:925} INFO - DAG(s) 'example_workday_timetable' retrieved from /home/airflow/.local/lib/python3.12/site-packages/airflow/example_dags/example_workday_timetable.py
[2024-12-27T02:02:30.669+0000] {logging_mixin.py:190} INFO - [2024-12-27T02:02:30.669+0000] {dag.py:3239} INFO - Sync 1 DAGs
[2024-12-27T02:02:30.739+0000] {logging_mixin.py:190} INFO - [2024-12-27T02:02:30.739+0000] {dag.py:4180} INFO - Setting next_dagrun for example_workday_timetable to 2021-01-04 00:00:00+00:00, run_after=2021-01-05 00:00:00+00:00
[2024-12-27T02:02:30.950+0000] {processor.py:208} INFO - Processing /home/airflow/.local/lib/python3.12/site-packages/airflow/example_dags/example_workday_timetable.py took 0.322 seconds
[2024-12-27T02:03:01.361+0000] {processor.py:186} INFO - Started process (PID=906) to work on /home/airflow/.local/lib/python3.12/site-packages/airflow/example_dags/example_workday_timetable.py
[2024-12-27T02:03:01.362+0000] {processor.py:914} INFO - Processing file /home/airflow/.local/lib/python3.12/site-packages/airflow/example_dags/example_workday_timetable.py for tasks to queue
[2024-12-27T02:03:01.365+0000] {logging_mixin.py:190} INFO - [2024-12-27T02:03:01.365+0000] {dagbag.py:588} INFO - Filling up the DagBag from /home/airflow/.local/lib/python3.12/site-packages/airflow/example_dags/example_workday_timetable.py
[2024-12-27T02:03:01.372+0000] {processor.py:925} INFO - DAG(s) 'example_workday_timetable' retrieved from /home/airflow/.local/lib/python3.12/site-packages/airflow/example_dags/example_workday_timetable.py
[2024-12-27T02:03:01.401+0000] {logging_mixin.py:190} INFO - [2024-12-27T02:03:01.400+0000] {dag.py:3239} INFO - Sync 1 DAGs
[2024-12-27T02:03:01.534+0000] {logging_mixin.py:190} INFO - [2024-12-27T02:03:01.534+0000] {dag.py:4180} INFO - Setting next_dagrun for example_workday_timetable to 2021-01-04 00:00:00+00:00, run_after=2021-01-05 00:00:00+00:00
[2024-12-27T02:03:01.572+0000] {processor.py:208} INFO - Processing /home/airflow/.local/lib/python3.12/site-packages/airflow/example_dags/example_workday_timetable.py took 0.217 seconds
[2024-12-27T02:03:31.987+0000] {processor.py:186} INFO - Started process (PID=969) to work on /home/airflow/.local/lib/python3.12/site-packages/airflow/example_dags/example_workday_timetable.py
[2024-12-27T02:03:31.988+0000] {processor.py:914} INFO - Processing file /home/airflow/.local/lib/python3.12/site-packages/airflow/example_dags/example_workday_timetable.py for tasks to queue
[2024-12-27T02:03:31.991+0000] {logging_mixin.py:190} INFO - [2024-12-27T02:03:31.991+0000] {dagbag.py:588} INFO - Filling up the DagBag from /home/airflow/.local/lib/python3.12/site-packages/airflow/example_dags/example_workday_timetable.py
[2024-12-27T02:03:31.999+0000] {processor.py:925} INFO - DAG(s) 'example_workday_timetable' retrieved from /home/airflow/.local/lib/python3.12/site-packages/airflow/example_dags/example_workday_timetable.py
[2024-12-27T02:03:32.025+0000] {logging_mixin.py:190} INFO - [2024-12-27T02:03:32.024+0000] {dag.py:3239} INFO - Sync 1 DAGs
[2024-12-27T02:03:32.106+0000] {logging_mixin.py:190} INFO - [2024-12-27T02:03:32.106+0000] {dag.py:4180} INFO - Setting next_dagrun for example_workday_timetable to 2021-01-04 00:00:00+00:00, run_after=2021-01-05 00:00:00+00:00
[2024-12-27T02:03:32.133+0000] {processor.py:208} INFO - Processing /home/airflow/.local/lib/python3.12/site-packages/airflow/example_dags/example_workday_timetable.py took 0.152 seconds
[2024-12-27T02:04:02.521+0000] {processor.py:186} INFO - Started process (PID=1032) to work on /home/airflow/.local/lib/python3.12/site-packages/airflow/example_dags/example_workday_timetable.py
[2024-12-27T02:04:02.522+0000] {processor.py:914} INFO - Processing file /home/airflow/.local/lib/python3.12/site-packages/airflow/example_dags/example_workday_timetable.py for tasks to queue
[2024-12-27T02:04:02.525+0000] {logging_mixin.py:190} INFO - [2024-12-27T02:04:02.525+0000] {dagbag.py:588} INFO - Filling up the DagBag from /home/airflow/.local/lib/python3.12/site-packages/airflow/example_dags/example_workday_timetable.py
[2024-12-27T02:04:02.531+0000] {processor.py:925} INFO - DAG(s) 'example_workday_timetable' retrieved from /home/airflow/.local/lib/python3.12/site-packages/airflow/example_dags/example_workday_timetable.py
[2024-12-27T02:04:02.554+0000] {logging_mixin.py:190} INFO - [2024-12-27T02:04:02.554+0000] {dag.py:3239} INFO - Sync 1 DAGs
[2024-12-27T02:04:02.653+0000] {logging_mixin.py:190} INFO - [2024-12-27T02:04:02.652+0000] {dag.py:4180} INFO - Setting next_dagrun for example_workday_timetable to 2021-01-04 00:00:00+00:00, run_after=2021-01-05 00:00:00+00:00
[2024-12-27T02:04:02.685+0000] {processor.py:208} INFO - Processing /home/airflow/.local/lib/python3.12/site-packages/airflow/example_dags/example_workday_timetable.py took 0.170 seconds
[2024-12-27T02:04:32.825+0000] {processor.py:186} INFO - Started process (PID=1095) to work on /home/airflow/.local/lib/python3.12/site-packages/airflow/example_dags/example_workday_timetable.py
[2024-12-27T02:04:32.827+0000] {processor.py:914} INFO - Processing file /home/airflow/.local/lib/python3.12/site-packages/airflow/example_dags/example_workday_timetable.py for tasks to queue
[2024-12-27T02:04:32.832+0000] {logging_mixin.py:190} INFO - [2024-12-27T02:04:32.831+0000] {dagbag.py:588} INFO - Filling up the DagBag from /home/airflow/.local/lib/python3.12/site-packages/airflow/example_dags/example_workday_timetable.py
[2024-12-27T02:04:32.842+0000] {processor.py:925} INFO - DAG(s) 'example_workday_timetable' retrieved from /home/airflow/.local/lib/python3.12/site-packages/airflow/example_dags/example_workday_timetable.py
[2024-12-27T02:04:32.873+0000] {logging_mixin.py:190} INFO - [2024-12-27T02:04:32.872+0000] {dag.py:3239} INFO - Sync 1 DAGs
[2024-12-27T02:04:32.950+0000] {logging_mixin.py:190} INFO - [2024-12-27T02:04:32.949+0000] {dag.py:4180} INFO - Setting next_dagrun for example_workday_timetable to 2021-01-04 00:00:00+00:00, run_after=2021-01-05 00:00:00+00:00
[2024-12-27T02:04:32.980+0000] {processor.py:208} INFO - Processing /home/airflow/.local/lib/python3.12/site-packages/airflow/example_dags/example_workday_timetable.py took 0.163 seconds
[2024-12-27T02:05:03.374+0000] {processor.py:186} INFO - Started process (PID=1158) to work on /home/airflow/.local/lib/python3.12/site-packages/airflow/example_dags/example_workday_timetable.py
[2024-12-27T02:05:03.376+0000] {processor.py:914} INFO - Processing file /home/airflow/.local/lib/python3.12/site-packages/airflow/example_dags/example_workday_timetable.py for tasks to queue
[2024-12-27T02:05:03.380+0000] {logging_mixin.py:190} INFO - [2024-12-27T02:05:03.379+0000] {dagbag.py:588} INFO - Filling up the DagBag from /home/airflow/.local/lib/python3.12/site-packages/airflow/example_dags/example_workday_timetable.py
[2024-12-27T02:05:03.386+0000] {processor.py:925} INFO - DAG(s) 'example_workday_timetable' retrieved from /home/airflow/.local/lib/python3.12/site-packages/airflow/example_dags/example_workday_timetable.py
[2024-12-27T02:05:03.412+0000] {logging_mixin.py:190} INFO - [2024-12-27T02:05:03.412+0000] {dag.py:3239} INFO - Sync 1 DAGs
[2024-12-27T02:05:03.493+0000] {logging_mixin.py:190} INFO - [2024-12-27T02:05:03.492+0000] {dag.py:4180} INFO - Setting next_dagrun for example_workday_timetable to 2021-01-04 00:00:00+00:00, run_after=2021-01-05 00:00:00+00:00
[2024-12-27T02:05:03.523+0000] {processor.py:208} INFO - Processing /home/airflow/.local/lib/python3.12/site-packages/airflow/example_dags/example_workday_timetable.py took 0.155 seconds
[2024-12-27T02:05:33.639+0000] {processor.py:186} INFO - Started process (PID=1221) to work on /home/airflow/.local/lib/python3.12/site-packages/airflow/example_dags/example_workday_timetable.py
[2024-12-27T02:05:33.641+0000] {processor.py:914} INFO - Processing file /home/airflow/.local/lib/python3.12/site-packages/airflow/example_dags/example_workday_timetable.py for tasks to queue
[2024-12-27T02:05:33.643+0000] {logging_mixin.py:190} INFO - [2024-12-27T02:05:33.643+0000] {dagbag.py:588} INFO - Filling up the DagBag from /home/airflow/.local/lib/python3.12/site-packages/airflow/example_dags/example_workday_timetable.py
[2024-12-27T02:05:33.651+0000] {processor.py:925} INFO - DAG(s) 'example_workday_timetable' retrieved from /home/airflow/.local/lib/python3.12/site-packages/airflow/example_dags/example_workday_timetable.py
[2024-12-27T02:05:33.680+0000] {logging_mixin.py:190} INFO - [2024-12-27T02:05:33.679+0000] {dag.py:3239} INFO - Sync 1 DAGs
[2024-12-27T02:05:33.763+0000] {logging_mixin.py:190} INFO - [2024-12-27T02:05:33.762+0000] {dag.py:4180} INFO - Setting next_dagrun for example_workday_timetable to 2021-01-04 00:00:00+00:00, run_after=2021-01-05 00:00:00+00:00
[2024-12-27T02:05:33.794+0000] {processor.py:208} INFO - Processing /home/airflow/.local/lib/python3.12/site-packages/airflow/example_dags/example_workday_timetable.py took 0.160 seconds
[2024-12-27T02:06:04.023+0000] {processor.py:186} INFO - Started process (PID=1284) to work on /home/airflow/.local/lib/python3.12/site-packages/airflow/example_dags/example_workday_timetable.py
[2024-12-27T02:06:04.024+0000] {processor.py:914} INFO - Processing file /home/airflow/.local/lib/python3.12/site-packages/airflow/example_dags/example_workday_timetable.py for tasks to queue
[2024-12-27T02:06:04.028+0000] {logging_mixin.py:190} INFO - [2024-12-27T02:06:04.027+0000] {dagbag.py:588} INFO - Filling up the DagBag from /home/airflow/.local/lib/python3.12/site-packages/airflow/example_dags/example_workday_timetable.py
[2024-12-27T02:06:04.033+0000] {processor.py:925} INFO - DAG(s) 'example_workday_timetable' retrieved from /home/airflow/.local/lib/python3.12/site-packages/airflow/example_dags/example_workday_timetable.py
[2024-12-27T02:06:04.057+0000] {logging_mixin.py:190} INFO - [2024-12-27T02:06:04.057+0000] {dag.py:3239} INFO - Sync 1 DAGs
[2024-12-27T02:06:04.137+0000] {logging_mixin.py:190} INFO - [2024-12-27T02:06:04.136+0000] {dag.py:4180} INFO - Setting next_dagrun for example_workday_timetable to 2021-01-04 00:00:00+00:00, run_after=2021-01-05 00:00:00+00:00
[2024-12-27T02:06:04.163+0000] {processor.py:208} INFO - Processing /home/airflow/.local/lib/python3.12/site-packages/airflow/example_dags/example_workday_timetable.py took 0.145 seconds
[2024-12-27T02:06:34.257+0000] {processor.py:186} INFO - Started process (PID=1347) to work on /home/airflow/.local/lib/python3.12/site-packages/airflow/example_dags/example_workday_timetable.py
[2024-12-27T02:06:34.258+0000] {processor.py:914} INFO - Processing file /home/airflow/.local/lib/python3.12/site-packages/airflow/example_dags/example_workday_timetable.py for tasks to queue
[2024-12-27T02:06:34.262+0000] {logging_mixin.py:190} INFO - [2024-12-27T02:06:34.262+0000] {dagbag.py:588} INFO - Filling up the DagBag from /home/airflow/.local/lib/python3.12/site-packages/airflow/example_dags/example_workday_timetable.py
[2024-12-27T02:06:34.267+0000] {processor.py:925} INFO - DAG(s) 'example_workday_timetable' retrieved from /home/airflow/.local/lib/python3.12/site-packages/airflow/example_dags/example_workday_timetable.py
[2024-12-27T02:06:34.288+0000] {logging_mixin.py:190} INFO - [2024-12-27T02:06:34.288+0000] {dag.py:3239} INFO - Sync 1 DAGs
[2024-12-27T02:06:34.357+0000] {logging_mixin.py:190} INFO - [2024-12-27T02:06:34.357+0000] {dag.py:4180} INFO - Setting next_dagrun for example_workday_timetable to 2021-01-04 00:00:00+00:00, run_after=2021-01-05 00:00:00+00:00
[2024-12-27T02:06:34.382+0000] {processor.py:208} INFO - Processing /home/airflow/.local/lib/python3.12/site-packages/airflow/example_dags/example_workday_timetable.py took 0.130 seconds
[2024-12-27T02:07:04.430+0000] {processor.py:186} INFO - Started process (PID=1411) to work on /home/airflow/.local/lib/python3.12/site-packages/airflow/example_dags/example_workday_timetable.py
[2024-12-27T02:07:04.431+0000] {processor.py:914} INFO - Processing file /home/airflow/.local/lib/python3.12/site-packages/airflow/example_dags/example_workday_timetable.py for tasks to queue
[2024-12-27T02:07:04.435+0000] {logging_mixin.py:190} INFO - [2024-12-27T02:07:04.434+0000] {dagbag.py:588} INFO - Filling up the DagBag from /home/airflow/.local/lib/python3.12/site-packages/airflow/example_dags/example_workday_timetable.py
[2024-12-27T02:07:04.442+0000] {processor.py:925} INFO - DAG(s) 'example_workday_timetable' retrieved from /home/airflow/.local/lib/python3.12/site-packages/airflow/example_dags/example_workday_timetable.py
[2024-12-27T02:07:04.470+0000] {logging_mixin.py:190} INFO - [2024-12-27T02:07:04.469+0000] {dag.py:3239} INFO - Sync 1 DAGs
[2024-12-27T02:07:04.567+0000] {logging_mixin.py:190} INFO - [2024-12-27T02:07:04.566+0000] {dag.py:4180} INFO - Setting next_dagrun for example_workday_timetable to 2021-01-04 00:00:00+00:00, run_after=2021-01-05 00:00:00+00:00
[2024-12-27T02:07:04.597+0000] {processor.py:208} INFO - Processing /home/airflow/.local/lib/python3.12/site-packages/airflow/example_dags/example_workday_timetable.py took 0.172 seconds
[2024-12-27T02:07:35.070+0000] {processor.py:186} INFO - Started process (PID=1473) to work on /home/airflow/.local/lib/python3.12/site-packages/airflow/example_dags/example_workday_timetable.py
[2024-12-27T02:07:35.072+0000] {processor.py:914} INFO - Processing file /home/airflow/.local/lib/python3.12/site-packages/airflow/example_dags/example_workday_timetable.py for tasks to queue
[2024-12-27T02:07:35.076+0000] {logging_mixin.py:190} INFO - [2024-12-27T02:07:35.076+0000] {dagbag.py:588} INFO - Filling up the DagBag from /home/airflow/.local/lib/python3.12/site-packages/airflow/example_dags/example_workday_timetable.py
[2024-12-27T02:07:35.086+0000] {processor.py:925} INFO - DAG(s) 'example_workday_timetable' retrieved from /home/airflow/.local/lib/python3.12/site-packages/airflow/example_dags/example_workday_timetable.py
[2024-12-27T02:07:35.125+0000] {logging_mixin.py:190} INFO - [2024-12-27T02:07:35.124+0000] {dag.py:3239} INFO - Sync 1 DAGs
[2024-12-27T02:07:35.252+0000] {logging_mixin.py:190} INFO - [2024-12-27T02:07:35.251+0000] {dag.py:4180} INFO - Setting next_dagrun for example_workday_timetable to 2021-01-04 00:00:00+00:00, run_after=2021-01-05 00:00:00+00:00
[2024-12-27T02:07:35.291+0000] {processor.py:208} INFO - Processing /home/airflow/.local/lib/python3.12/site-packages/airflow/example_dags/example_workday_timetable.py took 0.227 seconds
[2024-12-27T02:08:05.348+0000] {processor.py:186} INFO - Started process (PID=1535) to work on /home/airflow/.local/lib/python3.12/site-packages/airflow/example_dags/example_workday_timetable.py
[2024-12-27T02:08:05.354+0000] {processor.py:914} INFO - Processing file /home/airflow/.local/lib/python3.12/site-packages/airflow/example_dags/example_workday_timetable.py for tasks to queue
[2024-12-27T02:08:05.359+0000] {logging_mixin.py:190} INFO - [2024-12-27T02:08:05.359+0000] {dagbag.py:588} INFO - Filling up the DagBag from /home/airflow/.local/lib/python3.12/site-packages/airflow/example_dags/example_workday_timetable.py
[2024-12-27T02:08:05.368+0000] {processor.py:925} INFO - DAG(s) 'example_workday_timetable' retrieved from /home/airflow/.local/lib/python3.12/site-packages/airflow/example_dags/example_workday_timetable.py
[2024-12-27T02:08:05.415+0000] {logging_mixin.py:190} INFO - [2024-12-27T02:08:05.414+0000] {dag.py:3239} INFO - Sync 1 DAGs
[2024-12-27T02:08:05.510+0000] {logging_mixin.py:190} INFO - [2024-12-27T02:08:05.509+0000] {dag.py:4180} INFO - Setting next_dagrun for example_workday_timetable to 2021-01-04 00:00:00+00:00, run_after=2021-01-05 00:00:00+00:00
[2024-12-27T02:08:05.541+0000] {processor.py:208} INFO - Processing /home/airflow/.local/lib/python3.12/site-packages/airflow/example_dags/example_workday_timetable.py took 0.204 seconds
[2024-12-27T02:08:35.634+0000] {processor.py:186} INFO - Started process (PID=1597) to work on /home/airflow/.local/lib/python3.12/site-packages/airflow/example_dags/example_workday_timetable.py
[2024-12-27T02:08:35.636+0000] {processor.py:914} INFO - Processing file /home/airflow/.local/lib/python3.12/site-packages/airflow/example_dags/example_workday_timetable.py for tasks to queue
[2024-12-27T02:08:35.639+0000] {logging_mixin.py:190} INFO - [2024-12-27T02:08:35.639+0000] {dagbag.py:588} INFO - Filling up the DagBag from /home/airflow/.local/lib/python3.12/site-packages/airflow/example_dags/example_workday_timetable.py
[2024-12-27T02:08:35.648+0000] {processor.py:925} INFO - DAG(s) 'example_workday_timetable' retrieved from /home/airflow/.local/lib/python3.12/site-packages/airflow/example_dags/example_workday_timetable.py
[2024-12-27T02:08:35.676+0000] {logging_mixin.py:190} INFO - [2024-12-27T02:08:35.676+0000] {dag.py:3239} INFO - Sync 1 DAGs
[2024-12-27T02:08:35.749+0000] {logging_mixin.py:190} INFO - [2024-12-27T02:08:35.749+0000] {dag.py:4180} INFO - Setting next_dagrun for example_workday_timetable to 2021-01-04 00:00:00+00:00, run_after=2021-01-05 00:00:00+00:00
[2024-12-27T02:08:35.776+0000] {processor.py:208} INFO - Processing /home/airflow/.local/lib/python3.12/site-packages/airflow/example_dags/example_workday_timetable.py took 0.148 seconds
[2024-12-27T02:09:06.378+0000] {processor.py:186} INFO - Started process (PID=1660) to work on /home/airflow/.local/lib/python3.12/site-packages/airflow/example_dags/example_workday_timetable.py
[2024-12-27T02:09:06.379+0000] {processor.py:914} INFO - Processing file /home/airflow/.local/lib/python3.12/site-packages/airflow/example_dags/example_workday_timetable.py for tasks to queue
[2024-12-27T02:09:06.383+0000] {logging_mixin.py:190} INFO - [2024-12-27T02:09:06.383+0000] {dagbag.py:588} INFO - Filling up the DagBag from /home/airflow/.local/lib/python3.12/site-packages/airflow/example_dags/example_workday_timetable.py
[2024-12-27T02:09:06.392+0000] {processor.py:925} INFO - DAG(s) 'example_workday_timetable' retrieved from /home/airflow/.local/lib/python3.12/site-packages/airflow/example_dags/example_workday_timetable.py
[2024-12-27T02:09:06.421+0000] {logging_mixin.py:190} INFO - [2024-12-27T02:09:06.421+0000] {dag.py:3239} INFO - Sync 1 DAGs
[2024-12-27T02:09:06.526+0000] {logging_mixin.py:190} INFO - [2024-12-27T02:09:06.526+0000] {dag.py:4180} INFO - Setting next_dagrun for example_workday_timetable to 2021-01-04 00:00:00+00:00, run_after=2021-01-05 00:00:00+00:00
[2024-12-27T02:09:06.566+0000] {processor.py:208} INFO - Processing /home/airflow/.local/lib/python3.12/site-packages/airflow/example_dags/example_workday_timetable.py took 0.193 seconds
[2024-12-27T02:09:36.871+0000] {processor.py:186} INFO - Started process (PID=1723) to work on /home/airflow/.local/lib/python3.12/site-packages/airflow/example_dags/example_workday_timetable.py
[2024-12-27T02:09:36.873+0000] {processor.py:914} INFO - Processing file /home/airflow/.local/lib/python3.12/site-packages/airflow/example_dags/example_workday_timetable.py for tasks to queue
[2024-12-27T02:09:36.876+0000] {logging_mixin.py:190} INFO - [2024-12-27T02:09:36.875+0000] {dagbag.py:588} INFO - Filling up the DagBag from /home/airflow/.local/lib/python3.12/site-packages/airflow/example_dags/example_workday_timetable.py
[2024-12-27T02:09:36.881+0000] {processor.py:925} INFO - DAG(s) 'example_workday_timetable' retrieved from /home/airflow/.local/lib/python3.12/site-packages/airflow/example_dags/example_workday_timetable.py
[2024-12-27T02:09:36.906+0000] {logging_mixin.py:190} INFO - [2024-12-27T02:09:36.906+0000] {dag.py:3239} INFO - Sync 1 DAGs
[2024-12-27T02:09:36.973+0000] {logging_mixin.py:190} INFO - [2024-12-27T02:09:36.973+0000] {dag.py:4180} INFO - Setting next_dagrun for example_workday_timetable to 2021-01-04 00:00:00+00:00, run_after=2021-01-05 00:00:00+00:00
[2024-12-27T02:09:36.999+0000] {processor.py:208} INFO - Processing /home/airflow/.local/lib/python3.12/site-packages/airflow/example_dags/example_workday_timetable.py took 0.133 seconds
[2024-12-27T02:10:07.269+0000] {processor.py:186} INFO - Started process (PID=1786) to work on /home/airflow/.local/lib/python3.12/site-packages/airflow/example_dags/example_workday_timetable.py
[2024-12-27T02:10:07.270+0000] {processor.py:914} INFO - Processing file /home/airflow/.local/lib/python3.12/site-packages/airflow/example_dags/example_workday_timetable.py for tasks to queue
[2024-12-27T02:10:07.273+0000] {logging_mixin.py:190} INFO - [2024-12-27T02:10:07.272+0000] {dagbag.py:588} INFO - Filling up the DagBag from /home/airflow/.local/lib/python3.12/site-packages/airflow/example_dags/example_workday_timetable.py
[2024-12-27T02:10:07.280+0000] {processor.py:925} INFO - DAG(s) 'example_workday_timetable' retrieved from /home/airflow/.local/lib/python3.12/site-packages/airflow/example_dags/example_workday_timetable.py
[2024-12-27T02:10:07.306+0000] {logging_mixin.py:190} INFO - [2024-12-27T02:10:07.305+0000] {dag.py:3239} INFO - Sync 1 DAGs
[2024-12-27T02:10:07.416+0000] {logging_mixin.py:190} INFO - [2024-12-27T02:10:07.415+0000] {dag.py:4180} INFO - Setting next_dagrun for example_workday_timetable to 2021-01-04 00:00:00+00:00, run_after=2021-01-05 00:00:00+00:00
[2024-12-27T02:10:07.448+0000] {processor.py:208} INFO - Processing /home/airflow/.local/lib/python3.12/site-packages/airflow/example_dags/example_workday_timetable.py took 0.183 seconds
[2024-12-27T02:10:38.092+0000] {processor.py:186} INFO - Started process (PID=1849) to work on /home/airflow/.local/lib/python3.12/site-packages/airflow/example_dags/example_workday_timetable.py
[2024-12-27T02:10:38.094+0000] {processor.py:914} INFO - Processing file /home/airflow/.local/lib/python3.12/site-packages/airflow/example_dags/example_workday_timetable.py for tasks to queue
[2024-12-27T02:10:38.097+0000] {logging_mixin.py:190} INFO - [2024-12-27T02:10:38.097+0000] {dagbag.py:588} INFO - Filling up the DagBag from /home/airflow/.local/lib/python3.12/site-packages/airflow/example_dags/example_workday_timetable.py
[2024-12-27T02:10:38.109+0000] {processor.py:925} INFO - DAG(s) 'example_workday_timetable' retrieved from /home/airflow/.local/lib/python3.12/site-packages/airflow/example_dags/example_workday_timetable.py
[2024-12-27T02:10:38.140+0000] {logging_mixin.py:190} INFO - [2024-12-27T02:10:38.140+0000] {dag.py:3239} INFO - Sync 1 DAGs
[2024-12-27T02:10:38.238+0000] {logging_mixin.py:190} INFO - [2024-12-27T02:10:38.237+0000] {dag.py:4180} INFO - Setting next_dagrun for example_workday_timetable to 2021-01-04 00:00:00+00:00, run_after=2021-01-05 00:00:00+00:00
[2024-12-27T02:10:38.270+0000] {processor.py:208} INFO - Processing /home/airflow/.local/lib/python3.12/site-packages/airflow/example_dags/example_workday_timetable.py took 0.185 seconds
[2024-12-27T02:11:09.003+0000] {processor.py:186} INFO - Started process (PID=1912) to work on /home/airflow/.local/lib/python3.12/site-packages/airflow/example_dags/example_workday_timetable.py
[2024-12-27T02:11:09.005+0000] {processor.py:914} INFO - Processing file /home/airflow/.local/lib/python3.12/site-packages/airflow/example_dags/example_workday_timetable.py for tasks to queue
[2024-12-27T02:11:09.008+0000] {logging_mixin.py:190} INFO - [2024-12-27T02:11:09.008+0000] {dagbag.py:588} INFO - Filling up the DagBag from /home/airflow/.local/lib/python3.12/site-packages/airflow/example_dags/example_workday_timetable.py
[2024-12-27T02:11:09.017+0000] {processor.py:925} INFO - DAG(s) 'example_workday_timetable' retrieved from /home/airflow/.local/lib/python3.12/site-packages/airflow/example_dags/example_workday_timetable.py
[2024-12-27T02:11:09.047+0000] {logging_mixin.py:190} INFO - [2024-12-27T02:11:09.047+0000] {dag.py:3239} INFO - Sync 1 DAGs
[2024-12-27T02:11:09.163+0000] {logging_mixin.py:190} INFO - [2024-12-27T02:11:09.163+0000] {dag.py:4180} INFO - Setting next_dagrun for example_workday_timetable to 2021-01-04 00:00:00+00:00, run_after=2021-01-05 00:00:00+00:00
[2024-12-27T02:11:09.196+0000] {processor.py:208} INFO - Processing /home/airflow/.local/lib/python3.12/site-packages/airflow/example_dags/example_workday_timetable.py took 0.201 seconds
[2024-12-27T02:11:39.332+0000] {processor.py:186} INFO - Started process (PID=1975) to work on /home/airflow/.local/lib/python3.12/site-packages/airflow/example_dags/example_workday_timetable.py
[2024-12-27T02:11:39.335+0000] {processor.py:914} INFO - Processing file /home/airflow/.local/lib/python3.12/site-packages/airflow/example_dags/example_workday_timetable.py for tasks to queue
[2024-12-27T02:11:39.341+0000] {logging_mixin.py:190} INFO - [2024-12-27T02:11:39.340+0000] {dagbag.py:588} INFO - Filling up the DagBag from /home/airflow/.local/lib/python3.12/site-packages/airflow/example_dags/example_workday_timetable.py
[2024-12-27T02:11:39.355+0000] {processor.py:925} INFO - DAG(s) 'example_workday_timetable' retrieved from /home/airflow/.local/lib/python3.12/site-packages/airflow/example_dags/example_workday_timetable.py
[2024-12-27T02:11:39.400+0000] {logging_mixin.py:190} INFO - [2024-12-27T02:11:39.400+0000] {dag.py:3239} INFO - Sync 1 DAGs
[2024-12-27T02:11:39.496+0000] {logging_mixin.py:190} INFO - [2024-12-27T02:11:39.495+0000] {dag.py:4180} INFO - Setting next_dagrun for example_workday_timetable to 2021-01-04 00:00:00+00:00, run_after=2021-01-05 00:00:00+00:00
[2024-12-27T02:11:39.524+0000] {processor.py:208} INFO - Processing /home/airflow/.local/lib/python3.12/site-packages/airflow/example_dags/example_workday_timetable.py took 0.204 seconds
[2024-12-27T02:12:09.953+0000] {processor.py:186} INFO - Started process (PID=2038) to work on /home/airflow/.local/lib/python3.12/site-packages/airflow/example_dags/example_workday_timetable.py
[2024-12-27T02:12:09.954+0000] {processor.py:914} INFO - Processing file /home/airflow/.local/lib/python3.12/site-packages/airflow/example_dags/example_workday_timetable.py for tasks to queue
[2024-12-27T02:12:09.957+0000] {logging_mixin.py:190} INFO - [2024-12-27T02:12:09.956+0000] {dagbag.py:588} INFO - Filling up the DagBag from /home/airflow/.local/lib/python3.12/site-packages/airflow/example_dags/example_workday_timetable.py
[2024-12-27T02:12:09.963+0000] {processor.py:925} INFO - DAG(s) 'example_workday_timetable' retrieved from /home/airflow/.local/lib/python3.12/site-packages/airflow/example_dags/example_workday_timetable.py
[2024-12-27T02:12:09.991+0000] {logging_mixin.py:190} INFO - [2024-12-27T02:12:09.990+0000] {dag.py:3239} INFO - Sync 1 DAGs
[2024-12-27T02:12:10.068+0000] {logging_mixin.py:190} INFO - [2024-12-27T02:12:10.068+0000] {dag.py:4180} INFO - Setting next_dagrun for example_workday_timetable to 2021-01-04 00:00:00+00:00, run_after=2021-01-05 00:00:00+00:00
[2024-12-27T02:12:10.099+0000] {processor.py:208} INFO - Processing /home/airflow/.local/lib/python3.12/site-packages/airflow/example_dags/example_workday_timetable.py took 0.152 seconds
[2024-12-27T02:12:40.216+0000] {processor.py:186} INFO - Started process (PID=2100) to work on /home/airflow/.local/lib/python3.12/site-packages/airflow/example_dags/example_workday_timetable.py
[2024-12-27T02:12:40.217+0000] {processor.py:914} INFO - Processing file /home/airflow/.local/lib/python3.12/site-packages/airflow/example_dags/example_workday_timetable.py for tasks to queue
[2024-12-27T02:12:40.220+0000] {logging_mixin.py:190} INFO - [2024-12-27T02:12:40.220+0000] {dagbag.py:588} INFO - Filling up the DagBag from /home/airflow/.local/lib/python3.12/site-packages/airflow/example_dags/example_workday_timetable.py
[2024-12-27T02:12:40.226+0000] {processor.py:925} INFO - DAG(s) 'example_workday_timetable' retrieved from /home/airflow/.local/lib/python3.12/site-packages/airflow/example_dags/example_workday_timetable.py
[2024-12-27T02:12:40.250+0000] {logging_mixin.py:190} INFO - [2024-12-27T02:12:40.250+0000] {dag.py:3239} INFO - Sync 1 DAGs
[2024-12-27T02:12:40.316+0000] {logging_mixin.py:190} INFO - [2024-12-27T02:12:40.316+0000] {dag.py:4180} INFO - Setting next_dagrun for example_workday_timetable to 2021-01-04 00:00:00+00:00, run_after=2021-01-05 00:00:00+00:00
[2024-12-27T02:12:40.345+0000] {processor.py:208} INFO - Processing /home/airflow/.local/lib/python3.12/site-packages/airflow/example_dags/example_workday_timetable.py took 0.134 seconds
[2024-12-27T02:13:10.756+0000] {processor.py:186} INFO - Started process (PID=2162) to work on /home/airflow/.local/lib/python3.12/site-packages/airflow/example_dags/example_workday_timetable.py
[2024-12-27T02:13:10.758+0000] {processor.py:914} INFO - Processing file /home/airflow/.local/lib/python3.12/site-packages/airflow/example_dags/example_workday_timetable.py for tasks to queue
[2024-12-27T02:13:10.761+0000] {logging_mixin.py:190} INFO - [2024-12-27T02:13:10.760+0000] {dagbag.py:588} INFO - Filling up the DagBag from /home/airflow/.local/lib/python3.12/site-packages/airflow/example_dags/example_workday_timetable.py
[2024-12-27T02:13:10.768+0000] {processor.py:925} INFO - DAG(s) 'example_workday_timetable' retrieved from /home/airflow/.local/lib/python3.12/site-packages/airflow/example_dags/example_workday_timetable.py
[2024-12-27T02:13:10.799+0000] {logging_mixin.py:190} INFO - [2024-12-27T02:13:10.798+0000] {dag.py:3239} INFO - Sync 1 DAGs
[2024-12-27T02:13:11.067+0000] {logging_mixin.py:190} INFO - [2024-12-27T02:13:11.067+0000] {dag.py:4180} INFO - Setting next_dagrun for example_workday_timetable to 2021-01-04 00:00:00+00:00, run_after=2021-01-05 00:00:00+00:00
[2024-12-27T02:13:11.097+0000] {processor.py:208} INFO - Processing /home/airflow/.local/lib/python3.12/site-packages/airflow/example_dags/example_workday_timetable.py took 0.347 seconds
[2024-12-27T02:13:42.015+0000] {processor.py:186} INFO - Started process (PID=2225) to work on /home/airflow/.local/lib/python3.12/site-packages/airflow/example_dags/example_workday_timetable.py
[2024-12-27T02:13:42.017+0000] {processor.py:914} INFO - Processing file /home/airflow/.local/lib/python3.12/site-packages/airflow/example_dags/example_workday_timetable.py for tasks to queue
[2024-12-27T02:13:42.020+0000] {logging_mixin.py:190} INFO - [2024-12-27T02:13:42.019+0000] {dagbag.py:588} INFO - Filling up the DagBag from /home/airflow/.local/lib/python3.12/site-packages/airflow/example_dags/example_workday_timetable.py
[2024-12-27T02:13:42.026+0000] {processor.py:925} INFO - DAG(s) 'example_workday_timetable' retrieved from /home/airflow/.local/lib/python3.12/site-packages/airflow/example_dags/example_workday_timetable.py
[2024-12-27T02:13:42.049+0000] {logging_mixin.py:190} INFO - [2024-12-27T02:13:42.049+0000] {dag.py:3239} INFO - Sync 1 DAGs
[2024-12-27T02:13:42.112+0000] {logging_mixin.py:190} INFO - [2024-12-27T02:13:42.112+0000] {dag.py:4180} INFO - Setting next_dagrun for example_workday_timetable to 2021-01-04 00:00:00+00:00, run_after=2021-01-05 00:00:00+00:00
[2024-12-27T02:13:42.321+0000] {processor.py:208} INFO - Processing /home/airflow/.local/lib/python3.12/site-packages/airflow/example_dags/example_workday_timetable.py took 0.311 seconds
[2024-12-27T02:14:12.504+0000] {processor.py:186} INFO - Started process (PID=2288) to work on /home/airflow/.local/lib/python3.12/site-packages/airflow/example_dags/example_workday_timetable.py
[2024-12-27T02:14:12.546+0000] {processor.py:914} INFO - Processing file /home/airflow/.local/lib/python3.12/site-packages/airflow/example_dags/example_workday_timetable.py for tasks to queue
[2024-12-27T02:14:12.549+0000] {logging_mixin.py:190} INFO - [2024-12-27T02:14:12.549+0000] {dagbag.py:588} INFO - Filling up the DagBag from /home/airflow/.local/lib/python3.12/site-packages/airflow/example_dags/example_workday_timetable.py
[2024-12-27T02:14:12.555+0000] {processor.py:925} INFO - DAG(s) 'example_workday_timetable' retrieved from /home/airflow/.local/lib/python3.12/site-packages/airflow/example_dags/example_workday_timetable.py
[2024-12-27T02:14:12.580+0000] {logging_mixin.py:190} INFO - [2024-12-27T02:14:12.579+0000] {dag.py:3239} INFO - Sync 1 DAGs
[2024-12-27T02:14:12.645+0000] {logging_mixin.py:190} INFO - [2024-12-27T02:14:12.645+0000] {dag.py:4180} INFO - Setting next_dagrun for example_workday_timetable to 2021-01-04 00:00:00+00:00, run_after=2021-01-05 00:00:00+00:00
[2024-12-27T02:14:12.860+0000] {processor.py:208} INFO - Processing /home/airflow/.local/lib/python3.12/site-packages/airflow/example_dags/example_workday_timetable.py took 0.361 seconds
[2024-12-27T02:14:43.122+0000] {processor.py:186} INFO - Started process (PID=2351) to work on /home/airflow/.local/lib/python3.12/site-packages/airflow/example_dags/example_workday_timetable.py
[2024-12-27T02:14:43.124+0000] {processor.py:914} INFO - Processing file /home/airflow/.local/lib/python3.12/site-packages/airflow/example_dags/example_workday_timetable.py for tasks to queue
[2024-12-27T02:14:43.127+0000] {logging_mixin.py:190} INFO - [2024-12-27T02:14:43.127+0000] {dagbag.py:588} INFO - Filling up the DagBag from /home/airflow/.local/lib/python3.12/site-packages/airflow/example_dags/example_workday_timetable.py
[2024-12-27T02:14:43.135+0000] {processor.py:925} INFO - DAG(s) 'example_workday_timetable' retrieved from /home/airflow/.local/lib/python3.12/site-packages/airflow/example_dags/example_workday_timetable.py
[2024-12-27T02:14:43.162+0000] {logging_mixin.py:190} INFO - [2024-12-27T02:14:43.162+0000] {dag.py:3239} INFO - Sync 1 DAGs
[2024-12-27T02:14:43.252+0000] {logging_mixin.py:190} INFO - [2024-12-27T02:14:43.252+0000] {dag.py:4180} INFO - Setting next_dagrun for example_workday_timetable to 2021-01-04 00:00:00+00:00, run_after=2021-01-05 00:00:00+00:00
[2024-12-27T02:14:43.283+0000] {processor.py:208} INFO - Processing /home/airflow/.local/lib/python3.12/site-packages/airflow/example_dags/example_workday_timetable.py took 0.167 seconds
[2024-12-27T02:15:13.562+0000] {processor.py:186} INFO - Started process (PID=2410) to work on /home/airflow/.local/lib/python3.12/site-packages/airflow/example_dags/example_workday_timetable.py
[2024-12-27T02:15:13.563+0000] {processor.py:914} INFO - Processing file /home/airflow/.local/lib/python3.12/site-packages/airflow/example_dags/example_workday_timetable.py for tasks to queue
[2024-12-27T02:15:13.566+0000] {logging_mixin.py:190} INFO - [2024-12-27T02:15:13.566+0000] {dagbag.py:588} INFO - Filling up the DagBag from /home/airflow/.local/lib/python3.12/site-packages/airflow/example_dags/example_workday_timetable.py
[2024-12-27T02:15:13.573+0000] {processor.py:925} INFO - DAG(s) 'example_workday_timetable' retrieved from /home/airflow/.local/lib/python3.12/site-packages/airflow/example_dags/example_workday_timetable.py
[2024-12-27T02:15:13.595+0000] {logging_mixin.py:190} INFO - [2024-12-27T02:15:13.595+0000] {dag.py:3239} INFO - Sync 1 DAGs
[2024-12-27T02:15:13.657+0000] {logging_mixin.py:190} INFO - [2024-12-27T02:15:13.657+0000] {dag.py:4180} INFO - Setting next_dagrun for example_workday_timetable to 2021-01-04 00:00:00+00:00, run_after=2021-01-05 00:00:00+00:00
[2024-12-27T02:15:13.682+0000] {processor.py:208} INFO - Processing /home/airflow/.local/lib/python3.12/site-packages/airflow/example_dags/example_workday_timetable.py took 0.125 seconds
[2024-12-27T02:15:43.729+0000] {processor.py:186} INFO - Started process (PID=2474) to work on /home/airflow/.local/lib/python3.12/site-packages/airflow/example_dags/example_workday_timetable.py
[2024-12-27T02:15:43.730+0000] {processor.py:914} INFO - Processing file /home/airflow/.local/lib/python3.12/site-packages/airflow/example_dags/example_workday_timetable.py for tasks to queue
[2024-12-27T02:15:43.734+0000] {logging_mixin.py:190} INFO - [2024-12-27T02:15:43.733+0000] {dagbag.py:588} INFO - Filling up the DagBag from /home/airflow/.local/lib/python3.12/site-packages/airflow/example_dags/example_workday_timetable.py
[2024-12-27T02:15:43.741+0000] {processor.py:925} INFO - DAG(s) 'example_workday_timetable' retrieved from /home/airflow/.local/lib/python3.12/site-packages/airflow/example_dags/example_workday_timetable.py
[2024-12-27T02:15:43.766+0000] {logging_mixin.py:190} INFO - [2024-12-27T02:15:43.766+0000] {dag.py:3239} INFO - Sync 1 DAGs
[2024-12-27T02:15:43.841+0000] {logging_mixin.py:190} INFO - [2024-12-27T02:15:43.840+0000] {dag.py:4180} INFO - Setting next_dagrun for example_workday_timetable to 2021-01-04 00:00:00+00:00, run_after=2021-01-05 00:00:00+00:00
[2024-12-27T02:15:43.869+0000] {processor.py:208} INFO - Processing /home/airflow/.local/lib/python3.12/site-packages/airflow/example_dags/example_workday_timetable.py took 0.147 seconds
[2024-12-27T02:16:14.494+0000] {processor.py:186} INFO - Started process (PID=2536) to work on /home/airflow/.local/lib/python3.12/site-packages/airflow/example_dags/example_workday_timetable.py
[2024-12-27T02:16:14.495+0000] {processor.py:914} INFO - Processing file /home/airflow/.local/lib/python3.12/site-packages/airflow/example_dags/example_workday_timetable.py for tasks to queue
[2024-12-27T02:16:14.498+0000] {logging_mixin.py:190} INFO - [2024-12-27T02:16:14.498+0000] {dagbag.py:588} INFO - Filling up the DagBag from /home/airflow/.local/lib/python3.12/site-packages/airflow/example_dags/example_workday_timetable.py
[2024-12-27T02:16:14.505+0000] {processor.py:925} INFO - DAG(s) 'example_workday_timetable' retrieved from /home/airflow/.local/lib/python3.12/site-packages/airflow/example_dags/example_workday_timetable.py
[2024-12-27T02:16:14.533+0000] {logging_mixin.py:190} INFO - [2024-12-27T02:16:14.533+0000] {dag.py:3239} INFO - Sync 1 DAGs
[2024-12-27T02:16:14.617+0000] {logging_mixin.py:190} INFO - [2024-12-27T02:16:14.616+0000] {dag.py:4180} INFO - Setting next_dagrun for example_workday_timetable to 2021-01-04 00:00:00+00:00, run_after=2021-01-05 00:00:00+00:00
[2024-12-27T02:16:14.647+0000] {processor.py:208} INFO - Processing /home/airflow/.local/lib/python3.12/site-packages/airflow/example_dags/example_workday_timetable.py took 0.159 seconds
[2024-12-27T02:16:44.798+0000] {processor.py:186} INFO - Started process (PID=2599) to work on /home/airflow/.local/lib/python3.12/site-packages/airflow/example_dags/example_workday_timetable.py
[2024-12-27T02:16:44.800+0000] {processor.py:914} INFO - Processing file /home/airflow/.local/lib/python3.12/site-packages/airflow/example_dags/example_workday_timetable.py for tasks to queue
[2024-12-27T02:16:44.803+0000] {logging_mixin.py:190} INFO - [2024-12-27T02:16:44.803+0000] {dagbag.py:588} INFO - Filling up the DagBag from /home/airflow/.local/lib/python3.12/site-packages/airflow/example_dags/example_workday_timetable.py
[2024-12-27T02:16:44.809+0000] {processor.py:925} INFO - DAG(s) 'example_workday_timetable' retrieved from /home/airflow/.local/lib/python3.12/site-packages/airflow/example_dags/example_workday_timetable.py
[2024-12-27T02:16:44.834+0000] {logging_mixin.py:190} INFO - [2024-12-27T02:16:44.834+0000] {dag.py:3239} INFO - Sync 1 DAGs
[2024-12-27T02:16:44.898+0000] {logging_mixin.py:190} INFO - [2024-12-27T02:16:44.898+0000] {dag.py:4180} INFO - Setting next_dagrun for example_workday_timetable to 2021-01-04 00:00:00+00:00, run_after=2021-01-05 00:00:00+00:00
[2024-12-27T02:16:44.927+0000] {processor.py:208} INFO - Processing /home/airflow/.local/lib/python3.12/site-packages/airflow/example_dags/example_workday_timetable.py took 0.134 seconds
