[2024-12-27T01:56:32.080+0000] {processor.py:186} INFO - Started process (PID=111) to work on /home/airflow/.local/lib/python3.12/site-packages/airflow/example_dags/example_latest_only.py
[2024-12-27T01:56:32.081+0000] {processor.py:914} INFO - Processing file /home/airflow/.local/lib/python3.12/site-packages/airflow/example_dags/example_latest_only.py for tasks to queue
[2024-12-27T01:56:32.085+0000] {logging_mixin.py:190} INFO - [2024-12-27T01:56:32.084+0000] {dagbag.py:588} INFO - Filling up the DagBag from /home/airflow/.local/lib/python3.12/site-packages/airflow/example_dags/example_latest_only.py
[2024-12-27T01:56:32.094+0000] {processor.py:925} INFO - DAG(s) 'latest_only' retrieved from /home/airflow/.local/lib/python3.12/site-packages/airflow/example_dags/example_latest_only.py
[2024-12-27T01:56:32.239+0000] {logging_mixin.py:190} INFO - [2024-12-27T01:56:32.238+0000] {override.py:1911} INFO - Created Permission View: can read on DAG:latest_only
[2024-12-27T01:56:32.259+0000] {logging_mixin.py:190} INFO - [2024-12-27T01:56:32.258+0000] {override.py:1911} INFO - Created Permission View: can edit on DAG:latest_only
[2024-12-27T01:56:32.273+0000] {logging_mixin.py:190} INFO - [2024-12-27T01:56:32.272+0000] {override.py:1911} INFO - Created Permission View: can delete on DAG:latest_only
[2024-12-27T01:56:32.287+0000] {logging_mixin.py:190} INFO - [2024-12-27T01:56:32.287+0000] {override.py:1911} INFO - Created Permission View: menu access on DAG Run:latest_only
[2024-12-27T01:56:32.300+0000] {logging_mixin.py:190} INFO - [2024-12-27T01:56:32.299+0000] {override.py:1911} INFO - Created Permission View: can read on DAG Run:latest_only
[2024-12-27T01:56:32.312+0000] {logging_mixin.py:190} INFO - [2024-12-27T01:56:32.312+0000] {override.py:1911} INFO - Created Permission View: can create on DAG Run:latest_only
[2024-12-27T01:56:32.327+0000] {logging_mixin.py:190} INFO - [2024-12-27T01:56:32.326+0000] {override.py:1911} INFO - Created Permission View: can delete on DAG Run:latest_only
[2024-12-27T01:56:32.328+0000] {logging_mixin.py:190} INFO - [2024-12-27T01:56:32.327+0000] {dag.py:3239} INFO - Sync 1 DAGs
[2024-12-27T01:56:32.344+0000] {logging_mixin.py:190} INFO - [2024-12-27T01:56:32.344+0000] {dag.py:3262} INFO - Creating ORM DAG for latest_only
[2024-12-27T01:56:32.358+0000] {logging_mixin.py:190} INFO - [2024-12-27T01:56:32.358+0000] {dag.py:4180} INFO - Setting next_dagrun for latest_only to 2024-12-26 20:00:00+00:00, run_after=2024-12-27 00:00:00+00:00
[2024-12-27T01:56:32.386+0000] {processor.py:208} INFO - Processing /home/airflow/.local/lib/python3.12/site-packages/airflow/example_dags/example_latest_only.py took 0.313 seconds
[2024-12-27T01:57:02.737+0000] {processor.py:186} INFO - Started process (PID=174) to work on /home/airflow/.local/lib/python3.12/site-packages/airflow/example_dags/example_latest_only.py
[2024-12-27T01:57:02.738+0000] {processor.py:914} INFO - Processing file /home/airflow/.local/lib/python3.12/site-packages/airflow/example_dags/example_latest_only.py for tasks to queue
[2024-12-27T01:57:02.742+0000] {logging_mixin.py:190} INFO - [2024-12-27T01:57:02.741+0000] {dagbag.py:588} INFO - Filling up the DagBag from /home/airflow/.local/lib/python3.12/site-packages/airflow/example_dags/example_latest_only.py
[2024-12-27T01:57:02.753+0000] {processor.py:925} INFO - DAG(s) 'latest_only' retrieved from /home/airflow/.local/lib/python3.12/site-packages/airflow/example_dags/example_latest_only.py
[2024-12-27T01:57:02.789+0000] {logging_mixin.py:190} INFO - [2024-12-27T01:57:02.789+0000] {dag.py:3239} INFO - Sync 1 DAGs
[2024-12-27T01:57:02.832+0000] {logging_mixin.py:190} INFO - [2024-12-27T01:57:02.831+0000] {dag.py:4180} INFO - Setting next_dagrun for latest_only to 2024-12-26 20:00:00+00:00, run_after=2024-12-27 00:00:00+00:00
[2024-12-27T01:57:02.868+0000] {processor.py:208} INFO - Processing /home/airflow/.local/lib/python3.12/site-packages/airflow/example_dags/example_latest_only.py took 0.138 seconds
[2024-12-27T01:57:33.694+0000] {processor.py:186} INFO - Started process (PID=237) to work on /home/airflow/.local/lib/python3.12/site-packages/airflow/example_dags/example_latest_only.py
[2024-12-27T01:57:33.695+0000] {processor.py:914} INFO - Processing file /home/airflow/.local/lib/python3.12/site-packages/airflow/example_dags/example_latest_only.py for tasks to queue
[2024-12-27T01:57:33.699+0000] {logging_mixin.py:190} INFO - [2024-12-27T01:57:33.699+0000] {dagbag.py:588} INFO - Filling up the DagBag from /home/airflow/.local/lib/python3.12/site-packages/airflow/example_dags/example_latest_only.py
[2024-12-27T01:57:33.706+0000] {processor.py:925} INFO - DAG(s) 'latest_only' retrieved from /home/airflow/.local/lib/python3.12/site-packages/airflow/example_dags/example_latest_only.py
[2024-12-27T01:57:33.730+0000] {logging_mixin.py:190} INFO - [2024-12-27T01:57:33.729+0000] {dag.py:3239} INFO - Sync 1 DAGs
[2024-12-27T01:57:33.754+0000] {logging_mixin.py:190} INFO - [2024-12-27T01:57:33.754+0000] {dag.py:4180} INFO - Setting next_dagrun for latest_only to 2024-12-26 20:00:00+00:00, run_after=2024-12-27 00:00:00+00:00
[2024-12-27T01:57:33.780+0000] {processor.py:208} INFO - Processing /home/airflow/.local/lib/python3.12/site-packages/airflow/example_dags/example_latest_only.py took 0.090 seconds
[2024-12-27T01:58:04.903+0000] {processor.py:186} INFO - Started process (PID=300) to work on /home/airflow/.local/lib/python3.12/site-packages/airflow/example_dags/example_latest_only.py
[2024-12-27T01:58:04.904+0000] {processor.py:914} INFO - Processing file /home/airflow/.local/lib/python3.12/site-packages/airflow/example_dags/example_latest_only.py for tasks to queue
[2024-12-27T01:58:04.907+0000] {logging_mixin.py:190} INFO - [2024-12-27T01:58:04.907+0000] {dagbag.py:588} INFO - Filling up the DagBag from /home/airflow/.local/lib/python3.12/site-packages/airflow/example_dags/example_latest_only.py
[2024-12-27T01:58:04.915+0000] {processor.py:925} INFO - DAG(s) 'latest_only' retrieved from /home/airflow/.local/lib/python3.12/site-packages/airflow/example_dags/example_latest_only.py
[2024-12-27T01:58:04.942+0000] {logging_mixin.py:190} INFO - [2024-12-27T01:58:04.942+0000] {dag.py:3239} INFO - Sync 1 DAGs
[2024-12-27T01:58:04.968+0000] {logging_mixin.py:190} INFO - [2024-12-27T01:58:04.968+0000] {dag.py:4180} INFO - Setting next_dagrun for latest_only to 2024-12-26 20:00:00+00:00, run_after=2024-12-27 00:00:00+00:00
[2024-12-27T01:58:04.992+0000] {processor.py:208} INFO - Processing /home/airflow/.local/lib/python3.12/site-packages/airflow/example_dags/example_latest_only.py took 0.094 seconds
[2024-12-27T01:58:36.087+0000] {processor.py:186} INFO - Started process (PID=363) to work on /home/airflow/.local/lib/python3.12/site-packages/airflow/example_dags/example_latest_only.py
[2024-12-27T01:58:36.088+0000] {processor.py:914} INFO - Processing file /home/airflow/.local/lib/python3.12/site-packages/airflow/example_dags/example_latest_only.py for tasks to queue
[2024-12-27T01:58:36.091+0000] {logging_mixin.py:190} INFO - [2024-12-27T01:58:36.091+0000] {dagbag.py:588} INFO - Filling up the DagBag from /home/airflow/.local/lib/python3.12/site-packages/airflow/example_dags/example_latest_only.py
[2024-12-27T01:58:36.098+0000] {processor.py:925} INFO - DAG(s) 'latest_only' retrieved from /home/airflow/.local/lib/python3.12/site-packages/airflow/example_dags/example_latest_only.py
[2024-12-27T01:58:36.121+0000] {logging_mixin.py:190} INFO - [2024-12-27T01:58:36.121+0000] {dag.py:3239} INFO - Sync 1 DAGs
[2024-12-27T01:58:36.146+0000] {logging_mixin.py:190} INFO - [2024-12-27T01:58:36.146+0000] {dag.py:4180} INFO - Setting next_dagrun for latest_only to 2024-12-26 20:00:00+00:00, run_after=2024-12-27 00:00:00+00:00
[2024-12-27T01:58:36.171+0000] {processor.py:208} INFO - Processing /home/airflow/.local/lib/python3.12/site-packages/airflow/example_dags/example_latest_only.py took 0.088 seconds
[2024-12-27T01:59:07.129+0000] {processor.py:186} INFO - Started process (PID=425) to work on /home/airflow/.local/lib/python3.12/site-packages/airflow/example_dags/example_latest_only.py
[2024-12-27T01:59:07.130+0000] {processor.py:914} INFO - Processing file /home/airflow/.local/lib/python3.12/site-packages/airflow/example_dags/example_latest_only.py for tasks to queue
[2024-12-27T01:59:07.133+0000] {logging_mixin.py:190} INFO - [2024-12-27T01:59:07.132+0000] {dagbag.py:588} INFO - Filling up the DagBag from /home/airflow/.local/lib/python3.12/site-packages/airflow/example_dags/example_latest_only.py
[2024-12-27T01:59:07.141+0000] {processor.py:925} INFO - DAG(s) 'latest_only' retrieved from /home/airflow/.local/lib/python3.12/site-packages/airflow/example_dags/example_latest_only.py
[2024-12-27T01:59:07.166+0000] {logging_mixin.py:190} INFO - [2024-12-27T01:59:07.166+0000] {dag.py:3239} INFO - Sync 1 DAGs
[2024-12-27T01:59:07.197+0000] {logging_mixin.py:190} INFO - [2024-12-27T01:59:07.196+0000] {dag.py:4180} INFO - Setting next_dagrun for latest_only to 2024-12-26 20:00:00+00:00, run_after=2024-12-27 00:00:00+00:00
[2024-12-27T01:59:07.224+0000] {processor.py:208} INFO - Processing /home/airflow/.local/lib/python3.12/site-packages/airflow/example_dags/example_latest_only.py took 0.101 seconds
[2024-12-27T01:59:38.672+0000] {processor.py:186} INFO - Started process (PID=488) to work on /home/airflow/.local/lib/python3.12/site-packages/airflow/example_dags/example_latest_only.py
[2024-12-27T01:59:38.674+0000] {processor.py:914} INFO - Processing file /home/airflow/.local/lib/python3.12/site-packages/airflow/example_dags/example_latest_only.py for tasks to queue
[2024-12-27T01:59:38.678+0000] {logging_mixin.py:190} INFO - [2024-12-27T01:59:38.678+0000] {dagbag.py:588} INFO - Filling up the DagBag from /home/airflow/.local/lib/python3.12/site-packages/airflow/example_dags/example_latest_only.py
[2024-12-27T01:59:38.688+0000] {processor.py:925} INFO - DAG(s) 'latest_only' retrieved from /home/airflow/.local/lib/python3.12/site-packages/airflow/example_dags/example_latest_only.py
[2024-12-27T01:59:38.713+0000] {logging_mixin.py:190} INFO - [2024-12-27T01:59:38.713+0000] {dag.py:3239} INFO - Sync 1 DAGs
[2024-12-27T01:59:38.741+0000] {logging_mixin.py:190} INFO - [2024-12-27T01:59:38.740+0000] {dag.py:4180} INFO - Setting next_dagrun for latest_only to 2024-12-26 20:00:00+00:00, run_after=2024-12-27 00:00:00+00:00
[2024-12-27T01:59:38.772+0000] {processor.py:208} INFO - Processing /home/airflow/.local/lib/python3.12/site-packages/airflow/example_dags/example_latest_only.py took 0.104 seconds
[2024-12-27T02:00:10.162+0000] {processor.py:186} INFO - Started process (PID=551) to work on /home/airflow/.local/lib/python3.12/site-packages/airflow/example_dags/example_latest_only.py
[2024-12-27T02:00:10.163+0000] {processor.py:914} INFO - Processing file /home/airflow/.local/lib/python3.12/site-packages/airflow/example_dags/example_latest_only.py for tasks to queue
[2024-12-27T02:00:10.167+0000] {logging_mixin.py:190} INFO - [2024-12-27T02:00:10.167+0000] {dagbag.py:588} INFO - Filling up the DagBag from /home/airflow/.local/lib/python3.12/site-packages/airflow/example_dags/example_latest_only.py
[2024-12-27T02:00:10.175+0000] {processor.py:925} INFO - DAG(s) 'latest_only' retrieved from /home/airflow/.local/lib/python3.12/site-packages/airflow/example_dags/example_latest_only.py
[2024-12-27T02:00:10.201+0000] {logging_mixin.py:190} INFO - [2024-12-27T02:00:10.201+0000] {dag.py:3239} INFO - Sync 1 DAGs
[2024-12-27T02:00:10.226+0000] {logging_mixin.py:190} INFO - [2024-12-27T02:00:10.226+0000] {dag.py:4180} INFO - Setting next_dagrun for latest_only to 2024-12-26 20:00:00+00:00, run_after=2024-12-27 00:00:00+00:00
[2024-12-27T02:00:10.252+0000] {processor.py:208} INFO - Processing /home/airflow/.local/lib/python3.12/site-packages/airflow/example_dags/example_latest_only.py took 0.095 seconds
[2024-12-27T02:00:41.702+0000] {processor.py:186} INFO - Started process (PID=614) to work on /home/airflow/.local/lib/python3.12/site-packages/airflow/example_dags/example_latest_only.py
[2024-12-27T02:00:41.703+0000] {processor.py:914} INFO - Processing file /home/airflow/.local/lib/python3.12/site-packages/airflow/example_dags/example_latest_only.py for tasks to queue
[2024-12-27T02:00:41.707+0000] {logging_mixin.py:190} INFO - [2024-12-27T02:00:41.706+0000] {dagbag.py:588} INFO - Filling up the DagBag from /home/airflow/.local/lib/python3.12/site-packages/airflow/example_dags/example_latest_only.py
[2024-12-27T02:00:41.716+0000] {processor.py:925} INFO - DAG(s) 'latest_only' retrieved from /home/airflow/.local/lib/python3.12/site-packages/airflow/example_dags/example_latest_only.py
[2024-12-27T02:00:41.741+0000] {logging_mixin.py:190} INFO - [2024-12-27T02:00:41.741+0000] {dag.py:3239} INFO - Sync 1 DAGs
[2024-12-27T02:00:41.766+0000] {logging_mixin.py:190} INFO - [2024-12-27T02:00:41.766+0000] {dag.py:4180} INFO - Setting next_dagrun for latest_only to 2024-12-26 20:00:00+00:00, run_after=2024-12-27 00:00:00+00:00
[2024-12-27T02:00:41.793+0000] {processor.py:208} INFO - Processing /home/airflow/.local/lib/python3.12/site-packages/airflow/example_dags/example_latest_only.py took 0.096 seconds
[2024-12-27T02:01:13.048+0000] {processor.py:186} INFO - Started process (PID=677) to work on /home/airflow/.local/lib/python3.12/site-packages/airflow/example_dags/example_latest_only.py
[2024-12-27T02:01:13.050+0000] {processor.py:914} INFO - Processing file /home/airflow/.local/lib/python3.12/site-packages/airflow/example_dags/example_latest_only.py for tasks to queue
[2024-12-27T02:01:13.056+0000] {logging_mixin.py:190} INFO - [2024-12-27T02:01:13.055+0000] {dagbag.py:588} INFO - Filling up the DagBag from /home/airflow/.local/lib/python3.12/site-packages/airflow/example_dags/example_latest_only.py
[2024-12-27T02:01:13.073+0000] {processor.py:925} INFO - DAG(s) 'latest_only' retrieved from /home/airflow/.local/lib/python3.12/site-packages/airflow/example_dags/example_latest_only.py
[2024-12-27T02:01:13.118+0000] {logging_mixin.py:190} INFO - [2024-12-27T02:01:13.118+0000] {dag.py:3239} INFO - Sync 1 DAGs
[2024-12-27T02:01:13.183+0000] {logging_mixin.py:190} INFO - [2024-12-27T02:01:13.182+0000] {dag.py:4180} INFO - Setting next_dagrun for latest_only to 2024-12-26 20:00:00+00:00, run_after=2024-12-27 00:00:00+00:00
[2024-12-27T02:01:13.238+0000] {processor.py:208} INFO - Processing /home/airflow/.local/lib/python3.12/site-packages/airflow/example_dags/example_latest_only.py took 0.202 seconds
[2024-12-27T02:01:44.375+0000] {processor.py:186} INFO - Started process (PID=740) to work on /home/airflow/.local/lib/python3.12/site-packages/airflow/example_dags/example_latest_only.py
[2024-12-27T02:01:44.380+0000] {processor.py:914} INFO - Processing file /home/airflow/.local/lib/python3.12/site-packages/airflow/example_dags/example_latest_only.py for tasks to queue
[2024-12-27T02:01:44.388+0000] {logging_mixin.py:190} INFO - [2024-12-27T02:01:44.387+0000] {dagbag.py:588} INFO - Filling up the DagBag from /home/airflow/.local/lib/python3.12/site-packages/airflow/example_dags/example_latest_only.py
[2024-12-27T02:01:44.415+0000] {processor.py:925} INFO - DAG(s) 'latest_only' retrieved from /home/airflow/.local/lib/python3.12/site-packages/airflow/example_dags/example_latest_only.py
[2024-12-27T02:01:44.466+0000] {logging_mixin.py:190} INFO - [2024-12-27T02:01:44.466+0000] {dag.py:3239} INFO - Sync 1 DAGs
[2024-12-27T02:01:44.516+0000] {logging_mixin.py:190} INFO - [2024-12-27T02:01:44.515+0000] {dag.py:4180} INFO - Setting next_dagrun for latest_only to 2024-12-26 20:00:00+00:00, run_after=2024-12-27 00:00:00+00:00
[2024-12-27T02:01:44.556+0000] {processor.py:208} INFO - Processing /home/airflow/.local/lib/python3.12/site-packages/airflow/example_dags/example_latest_only.py took 0.202 seconds
[2024-12-27T02:02:17.208+0000] {processor.py:186} INFO - Started process (PID=804) to work on /home/airflow/.local/lib/python3.12/site-packages/airflow/example_dags/example_latest_only.py
[2024-12-27T02:02:17.209+0000] {processor.py:914} INFO - Processing file /home/airflow/.local/lib/python3.12/site-packages/airflow/example_dags/example_latest_only.py for tasks to queue
[2024-12-27T02:02:17.212+0000] {logging_mixin.py:190} INFO - [2024-12-27T02:02:17.212+0000] {dagbag.py:588} INFO - Filling up the DagBag from /home/airflow/.local/lib/python3.12/site-packages/airflow/example_dags/example_latest_only.py
[2024-12-27T02:02:17.221+0000] {processor.py:925} INFO - DAG(s) 'latest_only' retrieved from /home/airflow/.local/lib/python3.12/site-packages/airflow/example_dags/example_latest_only.py
[2024-12-27T02:02:17.248+0000] {logging_mixin.py:190} INFO - [2024-12-27T02:02:17.248+0000] {dag.py:3239} INFO - Sync 1 DAGs
[2024-12-27T02:02:17.278+0000] {logging_mixin.py:190} INFO - [2024-12-27T02:02:17.278+0000] {dag.py:4180} INFO - Setting next_dagrun for latest_only to 2024-12-26 20:00:00+00:00, run_after=2024-12-27 00:00:00+00:00
[2024-12-27T02:02:17.308+0000] {processor.py:208} INFO - Processing /home/airflow/.local/lib/python3.12/site-packages/airflow/example_dags/example_latest_only.py took 0.105 seconds
[2024-12-27T02:02:47.781+0000] {processor.py:186} INFO - Started process (PID=867) to work on /home/airflow/.local/lib/python3.12/site-packages/airflow/example_dags/example_latest_only.py
[2024-12-27T02:02:47.783+0000] {processor.py:914} INFO - Processing file /home/airflow/.local/lib/python3.12/site-packages/airflow/example_dags/example_latest_only.py for tasks to queue
[2024-12-27T02:02:47.786+0000] {logging_mixin.py:190} INFO - [2024-12-27T02:02:47.786+0000] {dagbag.py:588} INFO - Filling up the DagBag from /home/airflow/.local/lib/python3.12/site-packages/airflow/example_dags/example_latest_only.py
[2024-12-27T02:02:47.798+0000] {processor.py:925} INFO - DAG(s) 'latest_only' retrieved from /home/airflow/.local/lib/python3.12/site-packages/airflow/example_dags/example_latest_only.py
[2024-12-27T02:02:47.834+0000] {logging_mixin.py:190} INFO - [2024-12-27T02:02:47.833+0000] {dag.py:3239} INFO - Sync 1 DAGs
[2024-12-27T02:02:47.870+0000] {logging_mixin.py:190} INFO - [2024-12-27T02:02:47.870+0000] {dag.py:4180} INFO - Setting next_dagrun for latest_only to 2024-12-26 20:00:00+00:00, run_after=2024-12-27 00:00:00+00:00
[2024-12-27T02:02:47.902+0000] {processor.py:208} INFO - Processing /home/airflow/.local/lib/python3.12/site-packages/airflow/example_dags/example_latest_only.py took 0.128 seconds
[2024-12-27T02:03:18.355+0000] {processor.py:186} INFO - Started process (PID=929) to work on /home/airflow/.local/lib/python3.12/site-packages/airflow/example_dags/example_latest_only.py
[2024-12-27T02:03:18.357+0000] {processor.py:914} INFO - Processing file /home/airflow/.local/lib/python3.12/site-packages/airflow/example_dags/example_latest_only.py for tasks to queue
[2024-12-27T02:03:18.360+0000] {logging_mixin.py:190} INFO - [2024-12-27T02:03:18.359+0000] {dagbag.py:588} INFO - Filling up the DagBag from /home/airflow/.local/lib/python3.12/site-packages/airflow/example_dags/example_latest_only.py
[2024-12-27T02:03:18.368+0000] {processor.py:925} INFO - DAG(s) 'latest_only' retrieved from /home/airflow/.local/lib/python3.12/site-packages/airflow/example_dags/example_latest_only.py
[2024-12-27T02:03:18.393+0000] {logging_mixin.py:190} INFO - [2024-12-27T02:03:18.393+0000] {dag.py:3239} INFO - Sync 1 DAGs
[2024-12-27T02:03:18.418+0000] {logging_mixin.py:190} INFO - [2024-12-27T02:03:18.418+0000] {dag.py:4180} INFO - Setting next_dagrun for latest_only to 2024-12-26 20:00:00+00:00, run_after=2024-12-27 00:00:00+00:00
[2024-12-27T02:03:18.449+0000] {processor.py:208} INFO - Processing /home/airflow/.local/lib/python3.12/site-packages/airflow/example_dags/example_latest_only.py took 0.100 seconds
[2024-12-27T02:03:49.061+0000] {processor.py:186} INFO - Started process (PID=992) to work on /home/airflow/.local/lib/python3.12/site-packages/airflow/example_dags/example_latest_only.py
[2024-12-27T02:03:49.062+0000] {processor.py:914} INFO - Processing file /home/airflow/.local/lib/python3.12/site-packages/airflow/example_dags/example_latest_only.py for tasks to queue
[2024-12-27T02:03:49.065+0000] {logging_mixin.py:190} INFO - [2024-12-27T02:03:49.065+0000] {dagbag.py:588} INFO - Filling up the DagBag from /home/airflow/.local/lib/python3.12/site-packages/airflow/example_dags/example_latest_only.py
[2024-12-27T02:03:49.073+0000] {processor.py:925} INFO - DAG(s) 'latest_only' retrieved from /home/airflow/.local/lib/python3.12/site-packages/airflow/example_dags/example_latest_only.py
[2024-12-27T02:03:49.099+0000] {logging_mixin.py:190} INFO - [2024-12-27T02:03:49.098+0000] {dag.py:3239} INFO - Sync 1 DAGs
[2024-12-27T02:03:49.127+0000] {logging_mixin.py:190} INFO - [2024-12-27T02:03:49.127+0000] {dag.py:4180} INFO - Setting next_dagrun for latest_only to 2024-12-26 20:00:00+00:00, run_after=2024-12-27 00:00:00+00:00
[2024-12-27T02:03:49.170+0000] {processor.py:208} INFO - Processing /home/airflow/.local/lib/python3.12/site-packages/airflow/example_dags/example_latest_only.py took 0.115 seconds
[2024-12-27T02:04:20.402+0000] {processor.py:186} INFO - Started process (PID=1055) to work on /home/airflow/.local/lib/python3.12/site-packages/airflow/example_dags/example_latest_only.py
[2024-12-27T02:04:20.405+0000] {processor.py:914} INFO - Processing file /home/airflow/.local/lib/python3.12/site-packages/airflow/example_dags/example_latest_only.py for tasks to queue
[2024-12-27T02:04:20.408+0000] {logging_mixin.py:190} INFO - [2024-12-27T02:04:20.408+0000] {dagbag.py:588} INFO - Filling up the DagBag from /home/airflow/.local/lib/python3.12/site-packages/airflow/example_dags/example_latest_only.py
[2024-12-27T02:04:20.417+0000] {processor.py:925} INFO - DAG(s) 'latest_only' retrieved from /home/airflow/.local/lib/python3.12/site-packages/airflow/example_dags/example_latest_only.py
[2024-12-27T02:04:20.442+0000] {logging_mixin.py:190} INFO - [2024-12-27T02:04:20.442+0000] {dag.py:3239} INFO - Sync 1 DAGs
[2024-12-27T02:04:20.471+0000] {logging_mixin.py:190} INFO - [2024-12-27T02:04:20.471+0000] {dag.py:4180} INFO - Setting next_dagrun for latest_only to 2024-12-26 20:00:00+00:00, run_after=2024-12-27 00:00:00+00:00
[2024-12-27T02:04:20.498+0000] {processor.py:208} INFO - Processing /home/airflow/.local/lib/python3.12/site-packages/airflow/example_dags/example_latest_only.py took 0.101 seconds
[2024-12-27T02:04:51.900+0000] {processor.py:186} INFO - Started process (PID=1118) to work on /home/airflow/.local/lib/python3.12/site-packages/airflow/example_dags/example_latest_only.py
[2024-12-27T02:04:51.901+0000] {processor.py:914} INFO - Processing file /home/airflow/.local/lib/python3.12/site-packages/airflow/example_dags/example_latest_only.py for tasks to queue
[2024-12-27T02:04:51.904+0000] {logging_mixin.py:190} INFO - [2024-12-27T02:04:51.903+0000] {dagbag.py:588} INFO - Filling up the DagBag from /home/airflow/.local/lib/python3.12/site-packages/airflow/example_dags/example_latest_only.py
[2024-12-27T02:04:51.912+0000] {processor.py:925} INFO - DAG(s) 'latest_only' retrieved from /home/airflow/.local/lib/python3.12/site-packages/airflow/example_dags/example_latest_only.py
[2024-12-27T02:04:51.938+0000] {logging_mixin.py:190} INFO - [2024-12-27T02:04:51.937+0000] {dag.py:3239} INFO - Sync 1 DAGs
[2024-12-27T02:04:51.963+0000] {logging_mixin.py:190} INFO - [2024-12-27T02:04:51.963+0000] {dag.py:4180} INFO - Setting next_dagrun for latest_only to 2024-12-26 20:00:00+00:00, run_after=2024-12-27 00:00:00+00:00
[2024-12-27T02:04:51.993+0000] {processor.py:208} INFO - Processing /home/airflow/.local/lib/python3.12/site-packages/airflow/example_dags/example_latest_only.py took 0.098 seconds
[2024-12-27T02:05:22.508+0000] {processor.py:186} INFO - Started process (PID=1182) to work on /home/airflow/.local/lib/python3.12/site-packages/airflow/example_dags/example_latest_only.py
[2024-12-27T02:05:22.509+0000] {processor.py:914} INFO - Processing file /home/airflow/.local/lib/python3.12/site-packages/airflow/example_dags/example_latest_only.py for tasks to queue
[2024-12-27T02:05:22.512+0000] {logging_mixin.py:190} INFO - [2024-12-27T02:05:22.511+0000] {dagbag.py:588} INFO - Filling up the DagBag from /home/airflow/.local/lib/python3.12/site-packages/airflow/example_dags/example_latest_only.py
[2024-12-27T02:05:22.520+0000] {processor.py:925} INFO - DAG(s) 'latest_only' retrieved from /home/airflow/.local/lib/python3.12/site-packages/airflow/example_dags/example_latest_only.py
[2024-12-27T02:05:22.545+0000] {logging_mixin.py:190} INFO - [2024-12-27T02:05:22.544+0000] {dag.py:3239} INFO - Sync 1 DAGs
[2024-12-27T02:05:22.572+0000] {logging_mixin.py:190} INFO - [2024-12-27T02:05:22.572+0000] {dag.py:4180} INFO - Setting next_dagrun for latest_only to 2024-12-26 20:00:00+00:00, run_after=2024-12-27 00:00:00+00:00
[2024-12-27T02:05:22.597+0000] {processor.py:208} INFO - Processing /home/airflow/.local/lib/python3.12/site-packages/airflow/example_dags/example_latest_only.py took 0.094 seconds
[2024-12-27T02:05:53.231+0000] {processor.py:186} INFO - Started process (PID=1244) to work on /home/airflow/.local/lib/python3.12/site-packages/airflow/example_dags/example_latest_only.py
[2024-12-27T02:05:53.232+0000] {processor.py:914} INFO - Processing file /home/airflow/.local/lib/python3.12/site-packages/airflow/example_dags/example_latest_only.py for tasks to queue
[2024-12-27T02:05:53.235+0000] {logging_mixin.py:190} INFO - [2024-12-27T02:05:53.235+0000] {dagbag.py:588} INFO - Filling up the DagBag from /home/airflow/.local/lib/python3.12/site-packages/airflow/example_dags/example_latest_only.py
[2024-12-27T02:05:53.245+0000] {processor.py:925} INFO - DAG(s) 'latest_only' retrieved from /home/airflow/.local/lib/python3.12/site-packages/airflow/example_dags/example_latest_only.py
[2024-12-27T02:05:53.268+0000] {logging_mixin.py:190} INFO - [2024-12-27T02:05:53.268+0000] {dag.py:3239} INFO - Sync 1 DAGs
[2024-12-27T02:05:53.296+0000] {logging_mixin.py:190} INFO - [2024-12-27T02:05:53.296+0000] {dag.py:4180} INFO - Setting next_dagrun for latest_only to 2024-12-26 20:00:00+00:00, run_after=2024-12-27 00:00:00+00:00
[2024-12-27T02:05:53.324+0000] {processor.py:208} INFO - Processing /home/airflow/.local/lib/python3.12/site-packages/airflow/example_dags/example_latest_only.py took 0.100 seconds
[2024-12-27T02:06:24.037+0000] {processor.py:186} INFO - Started process (PID=1312) to work on /home/airflow/.local/lib/python3.12/site-packages/airflow/example_dags/example_latest_only.py
[2024-12-27T02:06:24.038+0000] {processor.py:914} INFO - Processing file /home/airflow/.local/lib/python3.12/site-packages/airflow/example_dags/example_latest_only.py for tasks to queue
[2024-12-27T02:06:24.041+0000] {logging_mixin.py:190} INFO - [2024-12-27T02:06:24.041+0000] {dagbag.py:588} INFO - Filling up the DagBag from /home/airflow/.local/lib/python3.12/site-packages/airflow/example_dags/example_latest_only.py
[2024-12-27T02:06:24.050+0000] {processor.py:925} INFO - DAG(s) 'latest_only' retrieved from /home/airflow/.local/lib/python3.12/site-packages/airflow/example_dags/example_latest_only.py
[2024-12-27T02:06:24.078+0000] {logging_mixin.py:190} INFO - [2024-12-27T02:06:24.078+0000] {dag.py:3239} INFO - Sync 1 DAGs
[2024-12-27T02:06:24.107+0000] {logging_mixin.py:190} INFO - [2024-12-27T02:06:24.106+0000] {dag.py:4180} INFO - Setting next_dagrun for latest_only to 2024-12-26 20:00:00+00:00, run_after=2024-12-27 00:00:00+00:00
[2024-12-27T02:06:24.136+0000] {processor.py:208} INFO - Processing /home/airflow/.local/lib/python3.12/site-packages/airflow/example_dags/example_latest_only.py took 0.105 seconds
[2024-12-27T02:06:55.085+0000] {processor.py:186} INFO - Started process (PID=1375) to work on /home/airflow/.local/lib/python3.12/site-packages/airflow/example_dags/example_latest_only.py
[2024-12-27T02:06:55.087+0000] {processor.py:914} INFO - Processing file /home/airflow/.local/lib/python3.12/site-packages/airflow/example_dags/example_latest_only.py for tasks to queue
[2024-12-27T02:06:55.091+0000] {logging_mixin.py:190} INFO - [2024-12-27T02:06:55.090+0000] {dagbag.py:588} INFO - Filling up the DagBag from /home/airflow/.local/lib/python3.12/site-packages/airflow/example_dags/example_latest_only.py
[2024-12-27T02:06:55.101+0000] {processor.py:925} INFO - DAG(s) 'latest_only' retrieved from /home/airflow/.local/lib/python3.12/site-packages/airflow/example_dags/example_latest_only.py
[2024-12-27T02:06:55.133+0000] {logging_mixin.py:190} INFO - [2024-12-27T02:06:55.133+0000] {dag.py:3239} INFO - Sync 1 DAGs
[2024-12-27T02:06:55.168+0000] {logging_mixin.py:190} INFO - [2024-12-27T02:06:55.168+0000] {dag.py:4180} INFO - Setting next_dagrun for latest_only to 2024-12-26 20:00:00+00:00, run_after=2024-12-27 00:00:00+00:00
[2024-12-27T02:06:55.217+0000] {processor.py:208} INFO - Processing /home/airflow/.local/lib/python3.12/site-packages/airflow/example_dags/example_latest_only.py took 0.139 seconds
[2024-12-27T02:07:25.299+0000] {processor.py:186} INFO - Started process (PID=1437) to work on /home/airflow/.local/lib/python3.12/site-packages/airflow/example_dags/example_latest_only.py
[2024-12-27T02:07:25.301+0000] {processor.py:914} INFO - Processing file /home/airflow/.local/lib/python3.12/site-packages/airflow/example_dags/example_latest_only.py for tasks to queue
[2024-12-27T02:07:25.304+0000] {logging_mixin.py:190} INFO - [2024-12-27T02:07:25.303+0000] {dagbag.py:588} INFO - Filling up the DagBag from /home/airflow/.local/lib/python3.12/site-packages/airflow/example_dags/example_latest_only.py
[2024-12-27T02:07:25.313+0000] {processor.py:925} INFO - DAG(s) 'latest_only' retrieved from /home/airflow/.local/lib/python3.12/site-packages/airflow/example_dags/example_latest_only.py
[2024-12-27T02:07:25.338+0000] {logging_mixin.py:190} INFO - [2024-12-27T02:07:25.338+0000] {dag.py:3239} INFO - Sync 1 DAGs
[2024-12-27T02:07:25.366+0000] {logging_mixin.py:190} INFO - [2024-12-27T02:07:25.366+0000] {dag.py:4180} INFO - Setting next_dagrun for latest_only to 2024-12-26 20:00:00+00:00, run_after=2024-12-27 00:00:00+00:00
[2024-12-27T02:07:25.395+0000] {processor.py:208} INFO - Processing /home/airflow/.local/lib/python3.12/site-packages/airflow/example_dags/example_latest_only.py took 0.101 seconds
[2024-12-27T02:07:55.931+0000] {processor.py:186} INFO - Started process (PID=1500) to work on /home/airflow/.local/lib/python3.12/site-packages/airflow/example_dags/example_latest_only.py
[2024-12-27T02:07:55.932+0000] {processor.py:914} INFO - Processing file /home/airflow/.local/lib/python3.12/site-packages/airflow/example_dags/example_latest_only.py for tasks to queue
[2024-12-27T02:07:55.935+0000] {logging_mixin.py:190} INFO - [2024-12-27T02:07:55.935+0000] {dagbag.py:588} INFO - Filling up the DagBag from /home/airflow/.local/lib/python3.12/site-packages/airflow/example_dags/example_latest_only.py
[2024-12-27T02:07:55.942+0000] {processor.py:925} INFO - DAG(s) 'latest_only' retrieved from /home/airflow/.local/lib/python3.12/site-packages/airflow/example_dags/example_latest_only.py
[2024-12-27T02:07:55.966+0000] {logging_mixin.py:190} INFO - [2024-12-27T02:07:55.966+0000] {dag.py:3239} INFO - Sync 1 DAGs
[2024-12-27T02:07:55.992+0000] {logging_mixin.py:190} INFO - [2024-12-27T02:07:55.992+0000] {dag.py:4180} INFO - Setting next_dagrun for latest_only to 2024-12-26 20:00:00+00:00, run_after=2024-12-27 00:00:00+00:00
[2024-12-27T02:07:56.020+0000] {processor.py:208} INFO - Processing /home/airflow/.local/lib/python3.12/site-packages/airflow/example_dags/example_latest_only.py took 0.095 seconds
[2024-12-27T02:08:26.592+0000] {processor.py:186} INFO - Started process (PID=1563) to work on /home/airflow/.local/lib/python3.12/site-packages/airflow/example_dags/example_latest_only.py
[2024-12-27T02:08:26.593+0000] {processor.py:914} INFO - Processing file /home/airflow/.local/lib/python3.12/site-packages/airflow/example_dags/example_latest_only.py for tasks to queue
[2024-12-27T02:08:26.596+0000] {logging_mixin.py:190} INFO - [2024-12-27T02:08:26.596+0000] {dagbag.py:588} INFO - Filling up the DagBag from /home/airflow/.local/lib/python3.12/site-packages/airflow/example_dags/example_latest_only.py
[2024-12-27T02:08:26.603+0000] {processor.py:925} INFO - DAG(s) 'latest_only' retrieved from /home/airflow/.local/lib/python3.12/site-packages/airflow/example_dags/example_latest_only.py
[2024-12-27T02:08:26.627+0000] {logging_mixin.py:190} INFO - [2024-12-27T02:08:26.627+0000] {dag.py:3239} INFO - Sync 1 DAGs
[2024-12-27T02:08:26.653+0000] {logging_mixin.py:190} INFO - [2024-12-27T02:08:26.653+0000] {dag.py:4180} INFO - Setting next_dagrun for latest_only to 2024-12-26 20:00:00+00:00, run_after=2024-12-27 00:00:00+00:00
[2024-12-27T02:08:26.679+0000] {processor.py:208} INFO - Processing /home/airflow/.local/lib/python3.12/site-packages/airflow/example_dags/example_latest_only.py took 0.092 seconds
[2024-12-27T02:08:56.854+0000] {processor.py:186} INFO - Started process (PID=1626) to work on /home/airflow/.local/lib/python3.12/site-packages/airflow/example_dags/example_latest_only.py
[2024-12-27T02:08:56.856+0000] {processor.py:914} INFO - Processing file /home/airflow/.local/lib/python3.12/site-packages/airflow/example_dags/example_latest_only.py for tasks to queue
[2024-12-27T02:08:56.859+0000] {logging_mixin.py:190} INFO - [2024-12-27T02:08:56.859+0000] {dagbag.py:588} INFO - Filling up the DagBag from /home/airflow/.local/lib/python3.12/site-packages/airflow/example_dags/example_latest_only.py
[2024-12-27T02:08:56.868+0000] {processor.py:925} INFO - DAG(s) 'latest_only' retrieved from /home/airflow/.local/lib/python3.12/site-packages/airflow/example_dags/example_latest_only.py
[2024-12-27T02:08:56.893+0000] {logging_mixin.py:190} INFO - [2024-12-27T02:08:56.893+0000] {dag.py:3239} INFO - Sync 1 DAGs
[2024-12-27T02:08:56.919+0000] {logging_mixin.py:190} INFO - [2024-12-27T02:08:56.919+0000] {dag.py:4180} INFO - Setting next_dagrun for latest_only to 2024-12-26 20:00:00+00:00, run_after=2024-12-27 00:00:00+00:00
[2024-12-27T02:08:56.952+0000] {processor.py:208} INFO - Processing /home/airflow/.local/lib/python3.12/site-packages/airflow/example_dags/example_latest_only.py took 0.104 seconds
[2024-12-27T02:09:28.398+0000] {processor.py:186} INFO - Started process (PID=1689) to work on /home/airflow/.local/lib/python3.12/site-packages/airflow/example_dags/example_latest_only.py
[2024-12-27T02:09:28.401+0000] {processor.py:914} INFO - Processing file /home/airflow/.local/lib/python3.12/site-packages/airflow/example_dags/example_latest_only.py for tasks to queue
[2024-12-27T02:09:28.406+0000] {logging_mixin.py:190} INFO - [2024-12-27T02:09:28.405+0000] {dagbag.py:588} INFO - Filling up the DagBag from /home/airflow/.local/lib/python3.12/site-packages/airflow/example_dags/example_latest_only.py
[2024-12-27T02:09:28.419+0000] {processor.py:925} INFO - DAG(s) 'latest_only' retrieved from /home/airflow/.local/lib/python3.12/site-packages/airflow/example_dags/example_latest_only.py
[2024-12-27T02:09:28.457+0000] {logging_mixin.py:190} INFO - [2024-12-27T02:09:28.457+0000] {dag.py:3239} INFO - Sync 1 DAGs
[2024-12-27T02:09:28.496+0000] {logging_mixin.py:190} INFO - [2024-12-27T02:09:28.496+0000] {dag.py:4180} INFO - Setting next_dagrun for latest_only to 2024-12-26 20:00:00+00:00, run_after=2024-12-27 00:00:00+00:00
[2024-12-27T02:09:28.533+0000] {processor.py:208} INFO - Processing /home/airflow/.local/lib/python3.12/site-packages/airflow/example_dags/example_latest_only.py took 0.148 seconds
[2024-12-27T02:09:59.163+0000] {processor.py:186} INFO - Started process (PID=1752) to work on /home/airflow/.local/lib/python3.12/site-packages/airflow/example_dags/example_latest_only.py
[2024-12-27T02:09:59.165+0000] {processor.py:914} INFO - Processing file /home/airflow/.local/lib/python3.12/site-packages/airflow/example_dags/example_latest_only.py for tasks to queue
[2024-12-27T02:09:59.168+0000] {logging_mixin.py:190} INFO - [2024-12-27T02:09:59.167+0000] {dagbag.py:588} INFO - Filling up the DagBag from /home/airflow/.local/lib/python3.12/site-packages/airflow/example_dags/example_latest_only.py
[2024-12-27T02:09:59.176+0000] {processor.py:925} INFO - DAG(s) 'latest_only' retrieved from /home/airflow/.local/lib/python3.12/site-packages/airflow/example_dags/example_latest_only.py
[2024-12-27T02:09:59.205+0000] {logging_mixin.py:190} INFO - [2024-12-27T02:09:59.204+0000] {dag.py:3239} INFO - Sync 1 DAGs
[2024-12-27T02:09:59.242+0000] {logging_mixin.py:190} INFO - [2024-12-27T02:09:59.241+0000] {dag.py:4180} INFO - Setting next_dagrun for latest_only to 2024-12-26 20:00:00+00:00, run_after=2024-12-27 00:00:00+00:00
[2024-12-27T02:09:59.273+0000] {processor.py:208} INFO - Processing /home/airflow/.local/lib/python3.12/site-packages/airflow/example_dags/example_latest_only.py took 0.114 seconds
[2024-12-27T02:10:29.559+0000] {processor.py:186} INFO - Started process (PID=1815) to work on /home/airflow/.local/lib/python3.12/site-packages/airflow/example_dags/example_latest_only.py
[2024-12-27T02:10:29.561+0000] {processor.py:914} INFO - Processing file /home/airflow/.local/lib/python3.12/site-packages/airflow/example_dags/example_latest_only.py for tasks to queue
[2024-12-27T02:10:29.564+0000] {logging_mixin.py:190} INFO - [2024-12-27T02:10:29.563+0000] {dagbag.py:588} INFO - Filling up the DagBag from /home/airflow/.local/lib/python3.12/site-packages/airflow/example_dags/example_latest_only.py
[2024-12-27T02:10:29.570+0000] {processor.py:925} INFO - DAG(s) 'latest_only' retrieved from /home/airflow/.local/lib/python3.12/site-packages/airflow/example_dags/example_latest_only.py
[2024-12-27T02:10:29.594+0000] {logging_mixin.py:190} INFO - [2024-12-27T02:10:29.593+0000] {dag.py:3239} INFO - Sync 1 DAGs
[2024-12-27T02:10:29.619+0000] {logging_mixin.py:190} INFO - [2024-12-27T02:10:29.619+0000] {dag.py:4180} INFO - Setting next_dagrun for latest_only to 2024-12-26 20:00:00+00:00, run_after=2024-12-27 00:00:00+00:00
[2024-12-27T02:10:29.644+0000] {processor.py:208} INFO - Processing /home/airflow/.local/lib/python3.12/site-packages/airflow/example_dags/example_latest_only.py took 0.090 seconds
[2024-12-27T02:10:59.935+0000] {processor.py:186} INFO - Started process (PID=1878) to work on /home/airflow/.local/lib/python3.12/site-packages/airflow/example_dags/example_latest_only.py
[2024-12-27T02:10:59.937+0000] {processor.py:914} INFO - Processing file /home/airflow/.local/lib/python3.12/site-packages/airflow/example_dags/example_latest_only.py for tasks to queue
[2024-12-27T02:10:59.941+0000] {logging_mixin.py:190} INFO - [2024-12-27T02:10:59.941+0000] {dagbag.py:588} INFO - Filling up the DagBag from /home/airflow/.local/lib/python3.12/site-packages/airflow/example_dags/example_latest_only.py
[2024-12-27T02:10:59.952+0000] {processor.py:925} INFO - DAG(s) 'latest_only' retrieved from /home/airflow/.local/lib/python3.12/site-packages/airflow/example_dags/example_latest_only.py
[2024-12-27T02:10:59.991+0000] {logging_mixin.py:190} INFO - [2024-12-27T02:10:59.990+0000] {dag.py:3239} INFO - Sync 1 DAGs
[2024-12-27T02:11:00.036+0000] {logging_mixin.py:190} INFO - [2024-12-27T02:11:00.036+0000] {dag.py:4180} INFO - Setting next_dagrun for latest_only to 2024-12-26 20:00:00+00:00, run_after=2024-12-27 00:00:00+00:00
[2024-12-27T02:11:00.077+0000] {processor.py:208} INFO - Processing /home/airflow/.local/lib/python3.12/site-packages/airflow/example_dags/example_latest_only.py took 0.151 seconds
[2024-12-27T02:11:30.405+0000] {processor.py:186} INFO - Started process (PID=1941) to work on /home/airflow/.local/lib/python3.12/site-packages/airflow/example_dags/example_latest_only.py
[2024-12-27T02:11:30.406+0000] {processor.py:914} INFO - Processing file /home/airflow/.local/lib/python3.12/site-packages/airflow/example_dags/example_latest_only.py for tasks to queue
[2024-12-27T02:11:30.409+0000] {logging_mixin.py:190} INFO - [2024-12-27T02:11:30.409+0000] {dagbag.py:588} INFO - Filling up the DagBag from /home/airflow/.local/lib/python3.12/site-packages/airflow/example_dags/example_latest_only.py
[2024-12-27T02:11:30.417+0000] {processor.py:925} INFO - DAG(s) 'latest_only' retrieved from /home/airflow/.local/lib/python3.12/site-packages/airflow/example_dags/example_latest_only.py
[2024-12-27T02:11:30.441+0000] {logging_mixin.py:190} INFO - [2024-12-27T02:11:30.441+0000] {dag.py:3239} INFO - Sync 1 DAGs
[2024-12-27T02:11:30.466+0000] {logging_mixin.py:190} INFO - [2024-12-27T02:11:30.466+0000] {dag.py:4180} INFO - Setting next_dagrun for latest_only to 2024-12-26 20:00:00+00:00, run_after=2024-12-27 00:00:00+00:00
[2024-12-27T02:11:30.490+0000] {processor.py:208} INFO - Processing /home/airflow/.local/lib/python3.12/site-packages/airflow/example_dags/example_latest_only.py took 0.090 seconds
[2024-12-27T02:12:00.722+0000] {processor.py:186} INFO - Started process (PID=2004) to work on /home/airflow/.local/lib/python3.12/site-packages/airflow/example_dags/example_latest_only.py
[2024-12-27T02:12:00.724+0000] {processor.py:914} INFO - Processing file /home/airflow/.local/lib/python3.12/site-packages/airflow/example_dags/example_latest_only.py for tasks to queue
[2024-12-27T02:12:00.727+0000] {logging_mixin.py:190} INFO - [2024-12-27T02:12:00.726+0000] {dagbag.py:588} INFO - Filling up the DagBag from /home/airflow/.local/lib/python3.12/site-packages/airflow/example_dags/example_latest_only.py
[2024-12-27T02:12:00.735+0000] {processor.py:925} INFO - DAG(s) 'latest_only' retrieved from /home/airflow/.local/lib/python3.12/site-packages/airflow/example_dags/example_latest_only.py
[2024-12-27T02:12:00.759+0000] {logging_mixin.py:190} INFO - [2024-12-27T02:12:00.759+0000] {dag.py:3239} INFO - Sync 1 DAGs
[2024-12-27T02:12:00.787+0000] {logging_mixin.py:190} INFO - [2024-12-27T02:12:00.786+0000] {dag.py:4180} INFO - Setting next_dagrun for latest_only to 2024-12-26 20:00:00+00:00, run_after=2024-12-27 00:00:00+00:00
[2024-12-27T02:12:00.817+0000] {processor.py:208} INFO - Processing /home/airflow/.local/lib/python3.12/site-packages/airflow/example_dags/example_latest_only.py took 0.100 seconds
[2024-12-27T02:12:30.973+0000] {processor.py:186} INFO - Started process (PID=2067) to work on /home/airflow/.local/lib/python3.12/site-packages/airflow/example_dags/example_latest_only.py
[2024-12-27T02:12:30.975+0000] {processor.py:914} INFO - Processing file /home/airflow/.local/lib/python3.12/site-packages/airflow/example_dags/example_latest_only.py for tasks to queue
[2024-12-27T02:12:30.977+0000] {logging_mixin.py:190} INFO - [2024-12-27T02:12:30.977+0000] {dagbag.py:588} INFO - Filling up the DagBag from /home/airflow/.local/lib/python3.12/site-packages/airflow/example_dags/example_latest_only.py
[2024-12-27T02:12:30.984+0000] {processor.py:925} INFO - DAG(s) 'latest_only' retrieved from /home/airflow/.local/lib/python3.12/site-packages/airflow/example_dags/example_latest_only.py
[2024-12-27T02:12:31.009+0000] {logging_mixin.py:190} INFO - [2024-12-27T02:12:31.008+0000] {dag.py:3239} INFO - Sync 1 DAGs
[2024-12-27T02:12:31.035+0000] {logging_mixin.py:190} INFO - [2024-12-27T02:12:31.034+0000] {dag.py:4180} INFO - Setting next_dagrun for latest_only to 2024-12-26 20:00:00+00:00, run_after=2024-12-27 00:00:00+00:00
[2024-12-27T02:12:31.064+0000] {processor.py:208} INFO - Processing /home/airflow/.local/lib/python3.12/site-packages/airflow/example_dags/example_latest_only.py took 0.095 seconds
[2024-12-27T02:13:01.998+0000] {processor.py:186} INFO - Started process (PID=2130) to work on /home/airflow/.local/lib/python3.12/site-packages/airflow/example_dags/example_latest_only.py
[2024-12-27T02:13:01.999+0000] {processor.py:914} INFO - Processing file /home/airflow/.local/lib/python3.12/site-packages/airflow/example_dags/example_latest_only.py for tasks to queue
[2024-12-27T02:13:02.002+0000] {logging_mixin.py:190} INFO - [2024-12-27T02:13:02.002+0000] {dagbag.py:588} INFO - Filling up the DagBag from /home/airflow/.local/lib/python3.12/site-packages/airflow/example_dags/example_latest_only.py
[2024-12-27T02:13:02.011+0000] {processor.py:925} INFO - DAG(s) 'latest_only' retrieved from /home/airflow/.local/lib/python3.12/site-packages/airflow/example_dags/example_latest_only.py
[2024-12-27T02:13:02.037+0000] {logging_mixin.py:190} INFO - [2024-12-27T02:13:02.037+0000] {dag.py:3239} INFO - Sync 1 DAGs
[2024-12-27T02:13:02.070+0000] {logging_mixin.py:190} INFO - [2024-12-27T02:13:02.070+0000] {dag.py:4180} INFO - Setting next_dagrun for latest_only to 2024-12-26 20:00:00+00:00, run_after=2024-12-27 00:00:00+00:00
[2024-12-27T02:13:02.103+0000] {processor.py:208} INFO - Processing /home/airflow/.local/lib/python3.12/site-packages/airflow/example_dags/example_latest_only.py took 0.111 seconds
[2024-12-27T02:13:32.242+0000] {processor.py:186} INFO - Started process (PID=2193) to work on /home/airflow/.local/lib/python3.12/site-packages/airflow/example_dags/example_latest_only.py
[2024-12-27T02:13:32.244+0000] {processor.py:914} INFO - Processing file /home/airflow/.local/lib/python3.12/site-packages/airflow/example_dags/example_latest_only.py for tasks to queue
[2024-12-27T02:13:32.247+0000] {logging_mixin.py:190} INFO - [2024-12-27T02:13:32.247+0000] {dagbag.py:588} INFO - Filling up the DagBag from /home/airflow/.local/lib/python3.12/site-packages/airflow/example_dags/example_latest_only.py
[2024-12-27T02:13:32.254+0000] {processor.py:925} INFO - DAG(s) 'latest_only' retrieved from /home/airflow/.local/lib/python3.12/site-packages/airflow/example_dags/example_latest_only.py
[2024-12-27T02:13:32.278+0000] {logging_mixin.py:190} INFO - [2024-12-27T02:13:32.278+0000] {dag.py:3239} INFO - Sync 1 DAGs
[2024-12-27T02:13:32.305+0000] {logging_mixin.py:190} INFO - [2024-12-27T02:13:32.305+0000] {dag.py:4180} INFO - Setting next_dagrun for latest_only to 2024-12-26 20:00:00+00:00, run_after=2024-12-27 00:00:00+00:00
[2024-12-27T02:13:32.332+0000] {processor.py:208} INFO - Processing /home/airflow/.local/lib/python3.12/site-packages/airflow/example_dags/example_latest_only.py took 0.095 seconds
[2024-12-27T02:14:02.450+0000] {processor.py:186} INFO - Started process (PID=2256) to work on /home/airflow/.local/lib/python3.12/site-packages/airflow/example_dags/example_latest_only.py
[2024-12-27T02:14:02.452+0000] {processor.py:914} INFO - Processing file /home/airflow/.local/lib/python3.12/site-packages/airflow/example_dags/example_latest_only.py for tasks to queue
[2024-12-27T02:14:02.455+0000] {logging_mixin.py:190} INFO - [2024-12-27T02:14:02.454+0000] {dagbag.py:588} INFO - Filling up the DagBag from /home/airflow/.local/lib/python3.12/site-packages/airflow/example_dags/example_latest_only.py
[2024-12-27T02:14:02.463+0000] {processor.py:925} INFO - DAG(s) 'latest_only' retrieved from /home/airflow/.local/lib/python3.12/site-packages/airflow/example_dags/example_latest_only.py
[2024-12-27T02:14:02.491+0000] {logging_mixin.py:190} INFO - [2024-12-27T02:14:02.491+0000] {dag.py:3239} INFO - Sync 1 DAGs
[2024-12-27T02:14:02.523+0000] {logging_mixin.py:190} INFO - [2024-12-27T02:14:02.522+0000] {dag.py:4180} INFO - Setting next_dagrun for latest_only to 2024-12-26 20:00:00+00:00, run_after=2024-12-27 00:00:00+00:00
[2024-12-27T02:14:02.553+0000] {processor.py:208} INFO - Processing /home/airflow/.local/lib/python3.12/site-packages/airflow/example_dags/example_latest_only.py took 0.109 seconds
[2024-12-27T02:14:35.007+0000] {processor.py:186} INFO - Started process (PID=2319) to work on /home/airflow/.local/lib/python3.12/site-packages/airflow/example_dags/example_latest_only.py
[2024-12-27T02:14:35.065+0000] {processor.py:914} INFO - Processing file /home/airflow/.local/lib/python3.12/site-packages/airflow/example_dags/example_latest_only.py for tasks to queue
[2024-12-27T02:14:35.069+0000] {logging_mixin.py:190} INFO - [2024-12-27T02:14:35.068+0000] {dagbag.py:588} INFO - Filling up the DagBag from /home/airflow/.local/lib/python3.12/site-packages/airflow/example_dags/example_latest_only.py
[2024-12-27T02:14:35.078+0000] {processor.py:925} INFO - DAG(s) 'latest_only' retrieved from /home/airflow/.local/lib/python3.12/site-packages/airflow/example_dags/example_latest_only.py
[2024-12-27T02:14:35.101+0000] {logging_mixin.py:190} INFO - [2024-12-27T02:14:35.100+0000] {dag.py:3239} INFO - Sync 1 DAGs
[2024-12-27T02:14:35.126+0000] {logging_mixin.py:190} INFO - [2024-12-27T02:14:35.126+0000] {dag.py:4180} INFO - Setting next_dagrun for latest_only to 2024-12-26 20:00:00+00:00, run_after=2024-12-27 00:00:00+00:00
[2024-12-27T02:14:35.635+0000] {processor.py:208} INFO - Processing /home/airflow/.local/lib/python3.12/site-packages/airflow/example_dags/example_latest_only.py took 0.634 seconds
[2024-12-27T02:15:06.023+0000] {processor.py:186} INFO - Started process (PID=2382) to work on /home/airflow/.local/lib/python3.12/site-packages/airflow/example_dags/example_latest_only.py
[2024-12-27T02:15:06.024+0000] {processor.py:914} INFO - Processing file /home/airflow/.local/lib/python3.12/site-packages/airflow/example_dags/example_latest_only.py for tasks to queue
[2024-12-27T02:15:06.028+0000] {logging_mixin.py:190} INFO - [2024-12-27T02:15:06.027+0000] {dagbag.py:588} INFO - Filling up the DagBag from /home/airflow/.local/lib/python3.12/site-packages/airflow/example_dags/example_latest_only.py
[2024-12-27T02:15:06.035+0000] {processor.py:925} INFO - DAG(s) 'latest_only' retrieved from /home/airflow/.local/lib/python3.12/site-packages/airflow/example_dags/example_latest_only.py
[2024-12-27T02:15:06.061+0000] {logging_mixin.py:190} INFO - [2024-12-27T02:15:06.061+0000] {dag.py:3239} INFO - Sync 1 DAGs
[2024-12-27T02:15:06.265+0000] {logging_mixin.py:190} INFO - [2024-12-27T02:15:06.265+0000] {dag.py:4180} INFO - Setting next_dagrun for latest_only to 2024-12-26 20:00:00+00:00, run_after=2024-12-27 00:00:00+00:00
[2024-12-27T02:15:06.294+0000] {processor.py:208} INFO - Processing /home/airflow/.local/lib/python3.12/site-packages/airflow/example_dags/example_latest_only.py took 0.277 seconds
[2024-12-27T02:15:36.358+0000] {processor.py:186} INFO - Started process (PID=2446) to work on /home/airflow/.local/lib/python3.12/site-packages/airflow/example_dags/example_latest_only.py
[2024-12-27T02:15:36.359+0000] {processor.py:914} INFO - Processing file /home/airflow/.local/lib/python3.12/site-packages/airflow/example_dags/example_latest_only.py for tasks to queue
[2024-12-27T02:15:36.362+0000] {logging_mixin.py:190} INFO - [2024-12-27T02:15:36.362+0000] {dagbag.py:588} INFO - Filling up the DagBag from /home/airflow/.local/lib/python3.12/site-packages/airflow/example_dags/example_latest_only.py
[2024-12-27T02:15:36.369+0000] {processor.py:925} INFO - DAG(s) 'latest_only' retrieved from /home/airflow/.local/lib/python3.12/site-packages/airflow/example_dags/example_latest_only.py
[2024-12-27T02:15:36.395+0000] {logging_mixin.py:190} INFO - [2024-12-27T02:15:36.394+0000] {dag.py:3239} INFO - Sync 1 DAGs
[2024-12-27T02:15:36.421+0000] {logging_mixin.py:190} INFO - [2024-12-27T02:15:36.421+0000] {dag.py:4180} INFO - Setting next_dagrun for latest_only to 2024-12-26 20:00:00+00:00, run_after=2024-12-27 00:00:00+00:00
[2024-12-27T02:15:36.460+0000] {processor.py:208} INFO - Processing /home/airflow/.local/lib/python3.12/site-packages/airflow/example_dags/example_latest_only.py took 0.108 seconds
[2024-12-27T02:16:07.183+0000] {processor.py:186} INFO - Started process (PID=2509) to work on /home/airflow/.local/lib/python3.12/site-packages/airflow/example_dags/example_latest_only.py
[2024-12-27T02:16:07.185+0000] {processor.py:914} INFO - Processing file /home/airflow/.local/lib/python3.12/site-packages/airflow/example_dags/example_latest_only.py for tasks to queue
[2024-12-27T02:16:07.189+0000] {logging_mixin.py:190} INFO - [2024-12-27T02:16:07.188+0000] {dagbag.py:588} INFO - Filling up the DagBag from /home/airflow/.local/lib/python3.12/site-packages/airflow/example_dags/example_latest_only.py
[2024-12-27T02:16:07.198+0000] {processor.py:925} INFO - DAG(s) 'latest_only' retrieved from /home/airflow/.local/lib/python3.12/site-packages/airflow/example_dags/example_latest_only.py
[2024-12-27T02:16:07.226+0000] {logging_mixin.py:190} INFO - [2024-12-27T02:16:07.226+0000] {dag.py:3239} INFO - Sync 1 DAGs
[2024-12-27T02:16:07.260+0000] {logging_mixin.py:190} INFO - [2024-12-27T02:16:07.259+0000] {dag.py:4180} INFO - Setting next_dagrun for latest_only to 2024-12-26 20:00:00+00:00, run_after=2024-12-27 00:00:00+00:00
[2024-12-27T02:16:07.290+0000] {processor.py:208} INFO - Processing /home/airflow/.local/lib/python3.12/site-packages/airflow/example_dags/example_latest_only.py took 0.113 seconds
[2024-12-27T02:16:37.737+0000] {processor.py:186} INFO - Started process (PID=2572) to work on /home/airflow/.local/lib/python3.12/site-packages/airflow/example_dags/example_latest_only.py
[2024-12-27T02:16:37.739+0000] {processor.py:914} INFO - Processing file /home/airflow/.local/lib/python3.12/site-packages/airflow/example_dags/example_latest_only.py for tasks to queue
[2024-12-27T02:16:37.742+0000] {logging_mixin.py:190} INFO - [2024-12-27T02:16:37.742+0000] {dagbag.py:588} INFO - Filling up the DagBag from /home/airflow/.local/lib/python3.12/site-packages/airflow/example_dags/example_latest_only.py
[2024-12-27T02:16:37.751+0000] {processor.py:925} INFO - DAG(s) 'latest_only' retrieved from /home/airflow/.local/lib/python3.12/site-packages/airflow/example_dags/example_latest_only.py
[2024-12-27T02:16:37.775+0000] {logging_mixin.py:190} INFO - [2024-12-27T02:16:37.775+0000] {dag.py:3239} INFO - Sync 1 DAGs
[2024-12-27T02:16:37.806+0000] {logging_mixin.py:190} INFO - [2024-12-27T02:16:37.806+0000] {dag.py:4180} INFO - Setting next_dagrun for latest_only to 2024-12-26 20:00:00+00:00, run_after=2024-12-27 00:00:00+00:00
[2024-12-27T02:16:37.838+0000] {processor.py:208} INFO - Processing /home/airflow/.local/lib/python3.12/site-packages/airflow/example_dags/example_latest_only.py took 0.106 seconds
[2024-12-27T02:17:08.096+0000] {processor.py:186} INFO - Started process (PID=2635) to work on /home/airflow/.local/lib/python3.12/site-packages/airflow/example_dags/example_latest_only.py
[2024-12-27T02:17:08.097+0000] {processor.py:914} INFO - Processing file /home/airflow/.local/lib/python3.12/site-packages/airflow/example_dags/example_latest_only.py for tasks to queue
[2024-12-27T02:17:08.101+0000] {logging_mixin.py:190} INFO - [2024-12-27T02:17:08.101+0000] {dagbag.py:588} INFO - Filling up the DagBag from /home/airflow/.local/lib/python3.12/site-packages/airflow/example_dags/example_latest_only.py
[2024-12-27T02:17:08.112+0000] {processor.py:925} INFO - DAG(s) 'latest_only' retrieved from /home/airflow/.local/lib/python3.12/site-packages/airflow/example_dags/example_latest_only.py
[2024-12-27T02:17:08.142+0000] {logging_mixin.py:190} INFO - [2024-12-27T02:17:08.141+0000] {dag.py:3239} INFO - Sync 1 DAGs
[2024-12-27T02:17:08.184+0000] {logging_mixin.py:190} INFO - [2024-12-27T02:17:08.184+0000] {dag.py:4180} INFO - Setting next_dagrun for latest_only to 2024-12-26 20:00:00+00:00, run_after=2024-12-27 00:00:00+00:00
[2024-12-27T02:17:08.222+0000] {processor.py:208} INFO - Processing /home/airflow/.local/lib/python3.12/site-packages/airflow/example_dags/example_latest_only.py took 0.133 seconds
[2024-12-27T02:17:38.750+0000] {processor.py:186} INFO - Started process (PID=2698) to work on /home/airflow/.local/lib/python3.12/site-packages/airflow/example_dags/example_latest_only.py
[2024-12-27T02:17:38.751+0000] {processor.py:914} INFO - Processing file /home/airflow/.local/lib/python3.12/site-packages/airflow/example_dags/example_latest_only.py for tasks to queue
[2024-12-27T02:17:38.754+0000] {logging_mixin.py:190} INFO - [2024-12-27T02:17:38.753+0000] {dagbag.py:588} INFO - Filling up the DagBag from /home/airflow/.local/lib/python3.12/site-packages/airflow/example_dags/example_latest_only.py
[2024-12-27T02:17:38.761+0000] {processor.py:925} INFO - DAG(s) 'latest_only' retrieved from /home/airflow/.local/lib/python3.12/site-packages/airflow/example_dags/example_latest_only.py
[2024-12-27T02:17:38.787+0000] {logging_mixin.py:190} INFO - [2024-12-27T02:17:38.786+0000] {dag.py:3239} INFO - Sync 1 DAGs
[2024-12-27T02:17:38.811+0000] {logging_mixin.py:190} INFO - [2024-12-27T02:17:38.811+0000] {dag.py:4180} INFO - Setting next_dagrun for latest_only to 2024-12-26 20:00:00+00:00, run_after=2024-12-27 00:00:00+00:00
[2024-12-27T02:17:38.836+0000] {processor.py:208} INFO - Processing /home/airflow/.local/lib/python3.12/site-packages/airflow/example_dags/example_latest_only.py took 0.092 seconds
[2024-12-27T02:18:09.380+0000] {processor.py:186} INFO - Started process (PID=2761) to work on /home/airflow/.local/lib/python3.12/site-packages/airflow/example_dags/example_latest_only.py
[2024-12-27T02:18:09.382+0000] {processor.py:914} INFO - Processing file /home/airflow/.local/lib/python3.12/site-packages/airflow/example_dags/example_latest_only.py for tasks to queue
[2024-12-27T02:18:09.385+0000] {logging_mixin.py:190} INFO - [2024-12-27T02:18:09.385+0000] {dagbag.py:588} INFO - Filling up the DagBag from /home/airflow/.local/lib/python3.12/site-packages/airflow/example_dags/example_latest_only.py
[2024-12-27T02:18:09.395+0000] {processor.py:925} INFO - DAG(s) 'latest_only' retrieved from /home/airflow/.local/lib/python3.12/site-packages/airflow/example_dags/example_latest_only.py
[2024-12-27T02:18:09.424+0000] {logging_mixin.py:190} INFO - [2024-12-27T02:18:09.424+0000] {dag.py:3239} INFO - Sync 1 DAGs
[2024-12-27T02:18:09.456+0000] {logging_mixin.py:190} INFO - [2024-12-27T02:18:09.456+0000] {dag.py:4180} INFO - Setting next_dagrun for latest_only to 2024-12-26 20:00:00+00:00, run_after=2024-12-27 00:00:00+00:00
[2024-12-27T02:18:09.484+0000] {processor.py:208} INFO - Processing /home/airflow/.local/lib/python3.12/site-packages/airflow/example_dags/example_latest_only.py took 0.110 seconds
[2024-12-27T02:18:39.977+0000] {processor.py:186} INFO - Started process (PID=2824) to work on /home/airflow/.local/lib/python3.12/site-packages/airflow/example_dags/example_latest_only.py
[2024-12-27T02:18:39.979+0000] {processor.py:914} INFO - Processing file /home/airflow/.local/lib/python3.12/site-packages/airflow/example_dags/example_latest_only.py for tasks to queue
[2024-12-27T02:18:39.982+0000] {logging_mixin.py:190} INFO - [2024-12-27T02:18:39.981+0000] {dagbag.py:588} INFO - Filling up the DagBag from /home/airflow/.local/lib/python3.12/site-packages/airflow/example_dags/example_latest_only.py
[2024-12-27T02:18:39.994+0000] {processor.py:925} INFO - DAG(s) 'latest_only' retrieved from /home/airflow/.local/lib/python3.12/site-packages/airflow/example_dags/example_latest_only.py
[2024-12-27T02:18:40.033+0000] {logging_mixin.py:190} INFO - [2024-12-27T02:18:40.032+0000] {dag.py:3239} INFO - Sync 1 DAGs
[2024-12-27T02:18:40.088+0000] {logging_mixin.py:190} INFO - [2024-12-27T02:18:40.087+0000] {dag.py:4180} INFO - Setting next_dagrun for latest_only to 2024-12-26 20:00:00+00:00, run_after=2024-12-27 00:00:00+00:00
[2024-12-27T02:18:40.128+0000] {processor.py:208} INFO - Processing /home/airflow/.local/lib/python3.12/site-packages/airflow/example_dags/example_latest_only.py took 0.158 seconds
[2024-12-27T02:19:10.478+0000] {processor.py:186} INFO - Started process (PID=2887) to work on /home/airflow/.local/lib/python3.12/site-packages/airflow/example_dags/example_latest_only.py
[2024-12-27T02:19:10.479+0000] {processor.py:914} INFO - Processing file /home/airflow/.local/lib/python3.12/site-packages/airflow/example_dags/example_latest_only.py for tasks to queue
[2024-12-27T02:19:10.482+0000] {logging_mixin.py:190} INFO - [2024-12-27T02:19:10.482+0000] {dagbag.py:588} INFO - Filling up the DagBag from /home/airflow/.local/lib/python3.12/site-packages/airflow/example_dags/example_latest_only.py
[2024-12-27T02:19:10.490+0000] {processor.py:925} INFO - DAG(s) 'latest_only' retrieved from /home/airflow/.local/lib/python3.12/site-packages/airflow/example_dags/example_latest_only.py
[2024-12-27T02:19:10.512+0000] {logging_mixin.py:190} INFO - [2024-12-27T02:19:10.511+0000] {dag.py:3239} INFO - Sync 1 DAGs
[2024-12-27T02:19:10.540+0000] {logging_mixin.py:190} INFO - [2024-12-27T02:19:10.540+0000] {dag.py:4180} INFO - Setting next_dagrun for latest_only to 2024-12-26 20:00:00+00:00, run_after=2024-12-27 00:00:00+00:00
[2024-12-27T02:19:10.566+0000] {processor.py:208} INFO - Processing /home/airflow/.local/lib/python3.12/site-packages/airflow/example_dags/example_latest_only.py took 0.092 seconds
[2024-12-27T02:19:40.783+0000] {processor.py:186} INFO - Started process (PID=2950) to work on /home/airflow/.local/lib/python3.12/site-packages/airflow/example_dags/example_latest_only.py
[2024-12-27T02:19:40.784+0000] {processor.py:914} INFO - Processing file /home/airflow/.local/lib/python3.12/site-packages/airflow/example_dags/example_latest_only.py for tasks to queue
[2024-12-27T02:19:40.787+0000] {logging_mixin.py:190} INFO - [2024-12-27T02:19:40.787+0000] {dagbag.py:588} INFO - Filling up the DagBag from /home/airflow/.local/lib/python3.12/site-packages/airflow/example_dags/example_latest_only.py
[2024-12-27T02:19:40.796+0000] {processor.py:925} INFO - DAG(s) 'latest_only' retrieved from /home/airflow/.local/lib/python3.12/site-packages/airflow/example_dags/example_latest_only.py
[2024-12-27T02:19:40.827+0000] {logging_mixin.py:190} INFO - [2024-12-27T02:19:40.826+0000] {dag.py:3239} INFO - Sync 1 DAGs
[2024-12-27T02:19:40.858+0000] {logging_mixin.py:190} INFO - [2024-12-27T02:19:40.857+0000] {dag.py:4180} INFO - Setting next_dagrun for latest_only to 2024-12-26 20:00:00+00:00, run_after=2024-12-27 00:00:00+00:00
[2024-12-27T02:19:40.893+0000] {processor.py:208} INFO - Processing /home/airflow/.local/lib/python3.12/site-packages/airflow/example_dags/example_latest_only.py took 0.117 seconds
[2024-12-27T02:20:11.413+0000] {processor.py:186} INFO - Started process (PID=3011) to work on /home/airflow/.local/lib/python3.12/site-packages/airflow/example_dags/example_latest_only.py
[2024-12-27T02:20:11.415+0000] {processor.py:914} INFO - Processing file /home/airflow/.local/lib/python3.12/site-packages/airflow/example_dags/example_latest_only.py for tasks to queue
[2024-12-27T02:20:11.417+0000] {logging_mixin.py:190} INFO - [2024-12-27T02:20:11.417+0000] {dagbag.py:588} INFO - Filling up the DagBag from /home/airflow/.local/lib/python3.12/site-packages/airflow/example_dags/example_latest_only.py
[2024-12-27T02:20:11.427+0000] {processor.py:925} INFO - DAG(s) 'latest_only' retrieved from /home/airflow/.local/lib/python3.12/site-packages/airflow/example_dags/example_latest_only.py
[2024-12-27T02:20:11.456+0000] {logging_mixin.py:190} INFO - [2024-12-27T02:20:11.455+0000] {dag.py:3239} INFO - Sync 1 DAGs
[2024-12-27T02:20:11.490+0000] {logging_mixin.py:190} INFO - [2024-12-27T02:20:11.490+0000] {dag.py:4180} INFO - Setting next_dagrun for latest_only to 2024-12-26 20:00:00+00:00, run_after=2024-12-27 00:00:00+00:00
[2024-12-27T02:20:11.520+0000] {processor.py:208} INFO - Processing /home/airflow/.local/lib/python3.12/site-packages/airflow/example_dags/example_latest_only.py took 0.113 seconds
[2024-12-27T02:20:41.784+0000] {processor.py:186} INFO - Started process (PID=3074) to work on /home/airflow/.local/lib/python3.12/site-packages/airflow/example_dags/example_latest_only.py
[2024-12-27T02:20:41.785+0000] {processor.py:914} INFO - Processing file /home/airflow/.local/lib/python3.12/site-packages/airflow/example_dags/example_latest_only.py for tasks to queue
[2024-12-27T02:20:41.789+0000] {logging_mixin.py:190} INFO - [2024-12-27T02:20:41.789+0000] {dagbag.py:588} INFO - Filling up the DagBag from /home/airflow/.local/lib/python3.12/site-packages/airflow/example_dags/example_latest_only.py
[2024-12-27T02:20:41.798+0000] {processor.py:925} INFO - DAG(s) 'latest_only' retrieved from /home/airflow/.local/lib/python3.12/site-packages/airflow/example_dags/example_latest_only.py
[2024-12-27T02:20:41.826+0000] {logging_mixin.py:190} INFO - [2024-12-27T02:20:41.826+0000] {dag.py:3239} INFO - Sync 1 DAGs
[2024-12-27T02:20:41.860+0000] {logging_mixin.py:190} INFO - [2024-12-27T02:20:41.860+0000] {dag.py:4180} INFO - Setting next_dagrun for latest_only to 2024-12-26 20:00:00+00:00, run_after=2024-12-27 00:00:00+00:00
[2024-12-27T02:20:41.891+0000] {processor.py:208} INFO - Processing /home/airflow/.local/lib/python3.12/site-packages/airflow/example_dags/example_latest_only.py took 0.113 seconds
[2024-12-27T02:21:12.050+0000] {processor.py:186} INFO - Started process (PID=3137) to work on /home/airflow/.local/lib/python3.12/site-packages/airflow/example_dags/example_latest_only.py
[2024-12-27T02:21:12.051+0000] {processor.py:914} INFO - Processing file /home/airflow/.local/lib/python3.12/site-packages/airflow/example_dags/example_latest_only.py for tasks to queue
[2024-12-27T02:21:12.055+0000] {logging_mixin.py:190} INFO - [2024-12-27T02:21:12.054+0000] {dagbag.py:588} INFO - Filling up the DagBag from /home/airflow/.local/lib/python3.12/site-packages/airflow/example_dags/example_latest_only.py
[2024-12-27T02:21:12.064+0000] {processor.py:925} INFO - DAG(s) 'latest_only' retrieved from /home/airflow/.local/lib/python3.12/site-packages/airflow/example_dags/example_latest_only.py
[2024-12-27T02:21:12.090+0000] {logging_mixin.py:190} INFO - [2024-12-27T02:21:12.090+0000] {dag.py:3239} INFO - Sync 1 DAGs
[2024-12-27T02:21:12.114+0000] {logging_mixin.py:190} INFO - [2024-12-27T02:21:12.114+0000] {dag.py:4180} INFO - Setting next_dagrun for latest_only to 2024-12-26 20:00:00+00:00, run_after=2024-12-27 00:00:00+00:00
[2024-12-27T02:21:12.140+0000] {processor.py:208} INFO - Processing /home/airflow/.local/lib/python3.12/site-packages/airflow/example_dags/example_latest_only.py took 0.094 seconds
[2024-12-27T02:21:42.872+0000] {processor.py:186} INFO - Started process (PID=3200) to work on /home/airflow/.local/lib/python3.12/site-packages/airflow/example_dags/example_latest_only.py
[2024-12-27T02:21:42.874+0000] {processor.py:914} INFO - Processing file /home/airflow/.local/lib/python3.12/site-packages/airflow/example_dags/example_latest_only.py for tasks to queue
[2024-12-27T02:21:42.877+0000] {logging_mixin.py:190} INFO - [2024-12-27T02:21:42.876+0000] {dagbag.py:588} INFO - Filling up the DagBag from /home/airflow/.local/lib/python3.12/site-packages/airflow/example_dags/example_latest_only.py
[2024-12-27T02:21:42.885+0000] {processor.py:925} INFO - DAG(s) 'latest_only' retrieved from /home/airflow/.local/lib/python3.12/site-packages/airflow/example_dags/example_latest_only.py
[2024-12-27T02:21:42.920+0000] {logging_mixin.py:190} INFO - [2024-12-27T02:21:42.919+0000] {dag.py:3239} INFO - Sync 1 DAGs
[2024-12-27T02:21:42.953+0000] {logging_mixin.py:190} INFO - [2024-12-27T02:21:42.953+0000] {dag.py:4180} INFO - Setting next_dagrun for latest_only to 2024-12-26 20:00:00+00:00, run_after=2024-12-27 00:00:00+00:00
[2024-12-27T02:21:42.981+0000] {processor.py:208} INFO - Processing /home/airflow/.local/lib/python3.12/site-packages/airflow/example_dags/example_latest_only.py took 0.115 seconds
[2024-12-27T02:22:13.077+0000] {processor.py:186} INFO - Started process (PID=3263) to work on /home/airflow/.local/lib/python3.12/site-packages/airflow/example_dags/example_latest_only.py
[2024-12-27T02:22:13.078+0000] {processor.py:914} INFO - Processing file /home/airflow/.local/lib/python3.12/site-packages/airflow/example_dags/example_latest_only.py for tasks to queue
[2024-12-27T02:22:13.081+0000] {logging_mixin.py:190} INFO - [2024-12-27T02:22:13.081+0000] {dagbag.py:588} INFO - Filling up the DagBag from /home/airflow/.local/lib/python3.12/site-packages/airflow/example_dags/example_latest_only.py
[2024-12-27T02:22:13.090+0000] {processor.py:925} INFO - DAG(s) 'latest_only' retrieved from /home/airflow/.local/lib/python3.12/site-packages/airflow/example_dags/example_latest_only.py
[2024-12-27T02:22:13.114+0000] {logging_mixin.py:190} INFO - [2024-12-27T02:22:13.113+0000] {dag.py:3239} INFO - Sync 1 DAGs
[2024-12-27T02:22:13.140+0000] {logging_mixin.py:190} INFO - [2024-12-27T02:22:13.140+0000] {dag.py:4180} INFO - Setting next_dagrun for latest_only to 2024-12-26 20:00:00+00:00, run_after=2024-12-27 00:00:00+00:00
[2024-12-27T02:22:13.164+0000] {processor.py:208} INFO - Processing /home/airflow/.local/lib/python3.12/site-packages/airflow/example_dags/example_latest_only.py took 0.092 seconds
[2024-12-27T02:22:43.222+0000] {processor.py:186} INFO - Started process (PID=3326) to work on /home/airflow/.local/lib/python3.12/site-packages/airflow/example_dags/example_latest_only.py
[2024-12-27T02:22:43.224+0000] {processor.py:914} INFO - Processing file /home/airflow/.local/lib/python3.12/site-packages/airflow/example_dags/example_latest_only.py for tasks to queue
[2024-12-27T02:22:43.227+0000] {logging_mixin.py:190} INFO - [2024-12-27T02:22:43.227+0000] {dagbag.py:588} INFO - Filling up the DagBag from /home/airflow/.local/lib/python3.12/site-packages/airflow/example_dags/example_latest_only.py
[2024-12-27T02:22:43.234+0000] {processor.py:925} INFO - DAG(s) 'latest_only' retrieved from /home/airflow/.local/lib/python3.12/site-packages/airflow/example_dags/example_latest_only.py
[2024-12-27T02:22:43.256+0000] {logging_mixin.py:190} INFO - [2024-12-27T02:22:43.256+0000] {dag.py:3239} INFO - Sync 1 DAGs
[2024-12-27T02:22:43.281+0000] {logging_mixin.py:190} INFO - [2024-12-27T02:22:43.281+0000] {dag.py:4180} INFO - Setting next_dagrun for latest_only to 2024-12-26 20:00:00+00:00, run_after=2024-12-27 00:00:00+00:00
[2024-12-27T02:22:43.304+0000] {processor.py:208} INFO - Processing /home/airflow/.local/lib/python3.12/site-packages/airflow/example_dags/example_latest_only.py took 0.086 seconds
[2024-12-27T02:23:13.651+0000] {processor.py:186} INFO - Started process (PID=3389) to work on /home/airflow/.local/lib/python3.12/site-packages/airflow/example_dags/example_latest_only.py
[2024-12-27T02:23:13.653+0000] {processor.py:914} INFO - Processing file /home/airflow/.local/lib/python3.12/site-packages/airflow/example_dags/example_latest_only.py for tasks to queue
[2024-12-27T02:23:13.656+0000] {logging_mixin.py:190} INFO - [2024-12-27T02:23:13.656+0000] {dagbag.py:588} INFO - Filling up the DagBag from /home/airflow/.local/lib/python3.12/site-packages/airflow/example_dags/example_latest_only.py
[2024-12-27T02:23:13.663+0000] {processor.py:925} INFO - DAG(s) 'latest_only' retrieved from /home/airflow/.local/lib/python3.12/site-packages/airflow/example_dags/example_latest_only.py
[2024-12-27T02:23:13.691+0000] {logging_mixin.py:190} INFO - [2024-12-27T02:23:13.690+0000] {dag.py:3239} INFO - Sync 1 DAGs
[2024-12-27T02:23:13.719+0000] {logging_mixin.py:190} INFO - [2024-12-27T02:23:13.719+0000] {dag.py:4180} INFO - Setting next_dagrun for latest_only to 2024-12-26 20:00:00+00:00, run_after=2024-12-27 00:00:00+00:00
[2024-12-27T02:23:13.750+0000] {processor.py:208} INFO - Processing /home/airflow/.local/lib/python3.12/site-packages/airflow/example_dags/example_latest_only.py took 0.105 seconds
