[2024-12-27T01:56:35.265+0000] {processor.py:186} INFO - Started process (PID=126) to work on /home/airflow/.local/lib/python3.12/site-packages/airflow/example_dags/example_kubernetes_executor.py
[2024-12-27T01:56:35.266+0000] {processor.py:914} INFO - Processing file /home/airflow/.local/lib/python3.12/site-packages/airflow/example_dags/example_kubernetes_executor.py for tasks to queue
[2024-12-27T01:56:35.269+0000] {logging_mixin.py:190} INFO - [2024-12-27T01:56:35.269+0000] {dagbag.py:588} INFO - Filling up the DagBag from /home/airflow/.local/lib/python3.12/site-packages/airflow/example_dags/example_kubernetes_executor.py
[2024-12-27T01:56:35.285+0000] {processor.py:925} INFO - DAG(s) 'example_kubernetes_executor' retrieved from /home/airflow/.local/lib/python3.12/site-packages/airflow/example_dags/example_kubernetes_executor.py
[2024-12-27T01:56:35.437+0000] {logging_mixin.py:190} INFO - [2024-12-27T01:56:35.436+0000] {override.py:1911} INFO - Created Permission View: can read on DAG:example_kubernetes_executor
[2024-12-27T01:56:35.454+0000] {logging_mixin.py:190} INFO - [2024-12-27T01:56:35.453+0000] {override.py:1911} INFO - Created Permission View: can edit on DAG:example_kubernetes_executor
[2024-12-27T01:56:35.467+0000] {logging_mixin.py:190} INFO - [2024-12-27T01:56:35.466+0000] {override.py:1911} INFO - Created Permission View: can delete on DAG:example_kubernetes_executor
[2024-12-27T01:56:35.482+0000] {logging_mixin.py:190} INFO - [2024-12-27T01:56:35.481+0000] {override.py:1911} INFO - Created Permission View: menu access on DAG Run:example_kubernetes_executor
[2024-12-27T01:56:35.495+0000] {logging_mixin.py:190} INFO - [2024-12-27T01:56:35.495+0000] {override.py:1911} INFO - Created Permission View: can read on DAG Run:example_kubernetes_executor
[2024-12-27T01:56:35.510+0000] {logging_mixin.py:190} INFO - [2024-12-27T01:56:35.509+0000] {override.py:1911} INFO - Created Permission View: can create on DAG Run:example_kubernetes_executor
[2024-12-27T01:56:35.524+0000] {logging_mixin.py:190} INFO - [2024-12-27T01:56:35.524+0000] {override.py:1911} INFO - Created Permission View: can delete on DAG Run:example_kubernetes_executor
[2024-12-27T01:56:35.525+0000] {logging_mixin.py:190} INFO - [2024-12-27T01:56:35.525+0000] {dag.py:3239} INFO - Sync 1 DAGs
[2024-12-27T01:56:35.543+0000] {logging_mixin.py:190} INFO - [2024-12-27T01:56:35.543+0000] {dag.py:3262} INFO - Creating ORM DAG for example_kubernetes_executor
[2024-12-27T01:56:35.545+0000] {logging_mixin.py:190} INFO - [2024-12-27T01:56:35.544+0000] {dag.py:4180} INFO - Setting next_dagrun for example_kubernetes_executor to None, run_after=None
[2024-12-27T01:56:35.573+0000] {processor.py:208} INFO - Processing /home/airflow/.local/lib/python3.12/site-packages/airflow/example_dags/example_kubernetes_executor.py took 0.313 seconds
[2024-12-27T01:57:06.415+0000] {processor.py:186} INFO - Started process (PID=189) to work on /home/airflow/.local/lib/python3.12/site-packages/airflow/example_dags/example_kubernetes_executor.py
[2024-12-27T01:57:06.416+0000] {processor.py:914} INFO - Processing file /home/airflow/.local/lib/python3.12/site-packages/airflow/example_dags/example_kubernetes_executor.py for tasks to queue
[2024-12-27T01:57:06.420+0000] {logging_mixin.py:190} INFO - [2024-12-27T01:57:06.420+0000] {dagbag.py:588} INFO - Filling up the DagBag from /home/airflow/.local/lib/python3.12/site-packages/airflow/example_dags/example_kubernetes_executor.py
[2024-12-27T01:57:06.439+0000] {processor.py:925} INFO - DAG(s) 'example_kubernetes_executor' retrieved from /home/airflow/.local/lib/python3.12/site-packages/airflow/example_dags/example_kubernetes_executor.py
[2024-12-27T01:57:06.466+0000] {logging_mixin.py:190} INFO - [2024-12-27T01:57:06.465+0000] {dag.py:3239} INFO - Sync 1 DAGs
[2024-12-27T01:57:06.481+0000] {logging_mixin.py:190} INFO - [2024-12-27T01:57:06.481+0000] {dag.py:4180} INFO - Setting next_dagrun for example_kubernetes_executor to None, run_after=None
[2024-12-27T01:57:06.510+0000] {processor.py:208} INFO - Processing /home/airflow/.local/lib/python3.12/site-packages/airflow/example_dags/example_kubernetes_executor.py took 0.100 seconds
[2024-12-27T01:57:37.115+0000] {processor.py:186} INFO - Started process (PID=252) to work on /home/airflow/.local/lib/python3.12/site-packages/airflow/example_dags/example_kubernetes_executor.py
[2024-12-27T01:57:37.117+0000] {processor.py:914} INFO - Processing file /home/airflow/.local/lib/python3.12/site-packages/airflow/example_dags/example_kubernetes_executor.py for tasks to queue
[2024-12-27T01:57:37.119+0000] {logging_mixin.py:190} INFO - [2024-12-27T01:57:37.119+0000] {dagbag.py:588} INFO - Filling up the DagBag from /home/airflow/.local/lib/python3.12/site-packages/airflow/example_dags/example_kubernetes_executor.py
[2024-12-27T01:57:37.132+0000] {processor.py:925} INFO - DAG(s) 'example_kubernetes_executor' retrieved from /home/airflow/.local/lib/python3.12/site-packages/airflow/example_dags/example_kubernetes_executor.py
[2024-12-27T01:57:37.158+0000] {logging_mixin.py:190} INFO - [2024-12-27T01:57:37.158+0000] {dag.py:3239} INFO - Sync 1 DAGs
[2024-12-27T01:57:37.172+0000] {logging_mixin.py:190} INFO - [2024-12-27T01:57:37.172+0000] {dag.py:4180} INFO - Setting next_dagrun for example_kubernetes_executor to None, run_after=None
[2024-12-27T01:57:37.197+0000] {processor.py:208} INFO - Processing /home/airflow/.local/lib/python3.12/site-packages/airflow/example_dags/example_kubernetes_executor.py took 0.087 seconds
[2024-12-27T01:58:07.620+0000] {processor.py:186} INFO - Started process (PID=315) to work on /home/airflow/.local/lib/python3.12/site-packages/airflow/example_dags/example_kubernetes_executor.py
[2024-12-27T01:58:07.625+0000] {processor.py:914} INFO - Processing file /home/airflow/.local/lib/python3.12/site-packages/airflow/example_dags/example_kubernetes_executor.py for tasks to queue
[2024-12-27T01:58:07.629+0000] {logging_mixin.py:190} INFO - [2024-12-27T01:58:07.629+0000] {dagbag.py:588} INFO - Filling up the DagBag from /home/airflow/.local/lib/python3.12/site-packages/airflow/example_dags/example_kubernetes_executor.py
[2024-12-27T01:58:07.646+0000] {processor.py:925} INFO - DAG(s) 'example_kubernetes_executor' retrieved from /home/airflow/.local/lib/python3.12/site-packages/airflow/example_dags/example_kubernetes_executor.py
[2024-12-27T01:58:07.686+0000] {logging_mixin.py:190} INFO - [2024-12-27T01:58:07.686+0000] {dag.py:3239} INFO - Sync 1 DAGs
[2024-12-27T01:58:07.705+0000] {logging_mixin.py:190} INFO - [2024-12-27T01:58:07.705+0000] {dag.py:4180} INFO - Setting next_dagrun for example_kubernetes_executor to None, run_after=None
[2024-12-27T01:58:07.737+0000] {processor.py:208} INFO - Processing /home/airflow/.local/lib/python3.12/site-packages/airflow/example_dags/example_kubernetes_executor.py took 0.124 seconds
[2024-12-27T01:58:38.631+0000] {processor.py:186} INFO - Started process (PID=378) to work on /home/airflow/.local/lib/python3.12/site-packages/airflow/example_dags/example_kubernetes_executor.py
[2024-12-27T01:58:38.632+0000] {processor.py:914} INFO - Processing file /home/airflow/.local/lib/python3.12/site-packages/airflow/example_dags/example_kubernetes_executor.py for tasks to queue
[2024-12-27T01:58:38.636+0000] {logging_mixin.py:190} INFO - [2024-12-27T01:58:38.635+0000] {dagbag.py:588} INFO - Filling up the DagBag from /home/airflow/.local/lib/python3.12/site-packages/airflow/example_dags/example_kubernetes_executor.py
[2024-12-27T01:58:38.651+0000] {processor.py:925} INFO - DAG(s) 'example_kubernetes_executor' retrieved from /home/airflow/.local/lib/python3.12/site-packages/airflow/example_dags/example_kubernetes_executor.py
[2024-12-27T01:58:38.686+0000] {logging_mixin.py:190} INFO - [2024-12-27T01:58:38.686+0000] {dag.py:3239} INFO - Sync 1 DAGs
[2024-12-27T01:58:38.703+0000] {logging_mixin.py:190} INFO - [2024-12-27T01:58:38.703+0000] {dag.py:4180} INFO - Setting next_dagrun for example_kubernetes_executor to None, run_after=None
[2024-12-27T01:58:38.734+0000] {processor.py:208} INFO - Processing /home/airflow/.local/lib/python3.12/site-packages/airflow/example_dags/example_kubernetes_executor.py took 0.110 seconds
[2024-12-27T01:59:08.875+0000] {processor.py:186} INFO - Started process (PID=441) to work on /home/airflow/.local/lib/python3.12/site-packages/airflow/example_dags/example_kubernetes_executor.py
[2024-12-27T01:59:08.877+0000] {processor.py:914} INFO - Processing file /home/airflow/.local/lib/python3.12/site-packages/airflow/example_dags/example_kubernetes_executor.py for tasks to queue
[2024-12-27T01:59:08.880+0000] {logging_mixin.py:190} INFO - [2024-12-27T01:59:08.879+0000] {dagbag.py:588} INFO - Filling up the DagBag from /home/airflow/.local/lib/python3.12/site-packages/airflow/example_dags/example_kubernetes_executor.py
[2024-12-27T01:59:08.895+0000] {processor.py:925} INFO - DAG(s) 'example_kubernetes_executor' retrieved from /home/airflow/.local/lib/python3.12/site-packages/airflow/example_dags/example_kubernetes_executor.py
[2024-12-27T01:59:08.926+0000] {logging_mixin.py:190} INFO - [2024-12-27T01:59:08.926+0000] {dag.py:3239} INFO - Sync 1 DAGs
[2024-12-27T01:59:08.942+0000] {logging_mixin.py:190} INFO - [2024-12-27T01:59:08.941+0000] {dag.py:4180} INFO - Setting next_dagrun for example_kubernetes_executor to None, run_after=None
[2024-12-27T01:59:08.973+0000] {processor.py:208} INFO - Processing /home/airflow/.local/lib/python3.12/site-packages/airflow/example_dags/example_kubernetes_executor.py took 0.103 seconds
[2024-12-27T01:59:40.035+0000] {processor.py:186} INFO - Started process (PID=503) to work on /home/airflow/.local/lib/python3.12/site-packages/airflow/example_dags/example_kubernetes_executor.py
[2024-12-27T01:59:40.037+0000] {processor.py:914} INFO - Processing file /home/airflow/.local/lib/python3.12/site-packages/airflow/example_dags/example_kubernetes_executor.py for tasks to queue
[2024-12-27T01:59:40.040+0000] {logging_mixin.py:190} INFO - [2024-12-27T01:59:40.039+0000] {dagbag.py:588} INFO - Filling up the DagBag from /home/airflow/.local/lib/python3.12/site-packages/airflow/example_dags/example_kubernetes_executor.py
[2024-12-27T01:59:40.057+0000] {processor.py:925} INFO - DAG(s) 'example_kubernetes_executor' retrieved from /home/airflow/.local/lib/python3.12/site-packages/airflow/example_dags/example_kubernetes_executor.py
[2024-12-27T01:59:40.090+0000] {logging_mixin.py:190} INFO - [2024-12-27T01:59:40.090+0000] {dag.py:3239} INFO - Sync 1 DAGs
[2024-12-27T01:59:40.108+0000] {logging_mixin.py:190} INFO - [2024-12-27T01:59:40.108+0000] {dag.py:4180} INFO - Setting next_dagrun for example_kubernetes_executor to None, run_after=None
[2024-12-27T01:59:40.135+0000] {processor.py:208} INFO - Processing /home/airflow/.local/lib/python3.12/site-packages/airflow/example_dags/example_kubernetes_executor.py took 0.105 seconds
[2024-12-27T02:00:11.486+0000] {processor.py:186} INFO - Started process (PID=566) to work on /home/airflow/.local/lib/python3.12/site-packages/airflow/example_dags/example_kubernetes_executor.py
[2024-12-27T02:00:11.488+0000] {processor.py:914} INFO - Processing file /home/airflow/.local/lib/python3.12/site-packages/airflow/example_dags/example_kubernetes_executor.py for tasks to queue
[2024-12-27T02:00:11.491+0000] {logging_mixin.py:190} INFO - [2024-12-27T02:00:11.490+0000] {dagbag.py:588} INFO - Filling up the DagBag from /home/airflow/.local/lib/python3.12/site-packages/airflow/example_dags/example_kubernetes_executor.py
[2024-12-27T02:00:11.506+0000] {processor.py:925} INFO - DAG(s) 'example_kubernetes_executor' retrieved from /home/airflow/.local/lib/python3.12/site-packages/airflow/example_dags/example_kubernetes_executor.py
[2024-12-27T02:00:11.539+0000] {logging_mixin.py:190} INFO - [2024-12-27T02:00:11.539+0000] {dag.py:3239} INFO - Sync 1 DAGs
[2024-12-27T02:00:11.559+0000] {logging_mixin.py:190} INFO - [2024-12-27T02:00:11.558+0000] {dag.py:4180} INFO - Setting next_dagrun for example_kubernetes_executor to None, run_after=None
[2024-12-27T02:00:11.589+0000] {processor.py:208} INFO - Processing /home/airflow/.local/lib/python3.12/site-packages/airflow/example_dags/example_kubernetes_executor.py took 0.108 seconds
[2024-12-27T02:00:43.286+0000] {processor.py:186} INFO - Started process (PID=629) to work on /home/airflow/.local/lib/python3.12/site-packages/airflow/example_dags/example_kubernetes_executor.py
[2024-12-27T02:00:43.288+0000] {processor.py:914} INFO - Processing file /home/airflow/.local/lib/python3.12/site-packages/airflow/example_dags/example_kubernetes_executor.py for tasks to queue
[2024-12-27T02:00:43.292+0000] {logging_mixin.py:190} INFO - [2024-12-27T02:00:43.291+0000] {dagbag.py:588} INFO - Filling up the DagBag from /home/airflow/.local/lib/python3.12/site-packages/airflow/example_dags/example_kubernetes_executor.py
[2024-12-27T02:00:43.311+0000] {processor.py:925} INFO - DAG(s) 'example_kubernetes_executor' retrieved from /home/airflow/.local/lib/python3.12/site-packages/airflow/example_dags/example_kubernetes_executor.py
[2024-12-27T02:00:43.347+0000] {logging_mixin.py:190} INFO - [2024-12-27T02:00:43.346+0000] {dag.py:3239} INFO - Sync 1 DAGs
[2024-12-27T02:00:43.376+0000] {logging_mixin.py:190} INFO - [2024-12-27T02:00:43.375+0000] {dag.py:4180} INFO - Setting next_dagrun for example_kubernetes_executor to None, run_after=None
[2024-12-27T02:00:43.413+0000] {processor.py:208} INFO - Processing /home/airflow/.local/lib/python3.12/site-packages/airflow/example_dags/example_kubernetes_executor.py took 0.133 seconds
[2024-12-27T02:01:16.590+0000] {processor.py:186} INFO - Started process (PID=693) to work on /home/airflow/.local/lib/python3.12/site-packages/airflow/example_dags/example_kubernetes_executor.py
[2024-12-27T02:01:16.591+0000] {processor.py:914} INFO - Processing file /home/airflow/.local/lib/python3.12/site-packages/airflow/example_dags/example_kubernetes_executor.py for tasks to queue
[2024-12-27T02:01:16.594+0000] {logging_mixin.py:190} INFO - [2024-12-27T02:01:16.594+0000] {dagbag.py:588} INFO - Filling up the DagBag from /home/airflow/.local/lib/python3.12/site-packages/airflow/example_dags/example_kubernetes_executor.py
[2024-12-27T02:01:16.613+0000] {processor.py:925} INFO - DAG(s) 'example_kubernetes_executor' retrieved from /home/airflow/.local/lib/python3.12/site-packages/airflow/example_dags/example_kubernetes_executor.py
[2024-12-27T02:01:16.644+0000] {logging_mixin.py:190} INFO - [2024-12-27T02:01:16.643+0000] {dag.py:3239} INFO - Sync 1 DAGs
[2024-12-27T02:01:16.662+0000] {logging_mixin.py:190} INFO - [2024-12-27T02:01:16.661+0000] {dag.py:4180} INFO - Setting next_dagrun for example_kubernetes_executor to None, run_after=None
[2024-12-27T02:01:16.693+0000] {processor.py:208} INFO - Processing /home/airflow/.local/lib/python3.12/site-packages/airflow/example_dags/example_kubernetes_executor.py took 0.110 seconds
[2024-12-27T02:01:47.618+0000] {processor.py:186} INFO - Started process (PID=756) to work on /home/airflow/.local/lib/python3.12/site-packages/airflow/example_dags/example_kubernetes_executor.py
[2024-12-27T02:01:47.620+0000] {processor.py:914} INFO - Processing file /home/airflow/.local/lib/python3.12/site-packages/airflow/example_dags/example_kubernetes_executor.py for tasks to queue
[2024-12-27T02:01:47.624+0000] {logging_mixin.py:190} INFO - [2024-12-27T02:01:47.624+0000] {dagbag.py:588} INFO - Filling up the DagBag from /home/airflow/.local/lib/python3.12/site-packages/airflow/example_dags/example_kubernetes_executor.py
[2024-12-27T02:01:47.660+0000] {processor.py:925} INFO - DAG(s) 'example_kubernetes_executor' retrieved from /home/airflow/.local/lib/python3.12/site-packages/airflow/example_dags/example_kubernetes_executor.py
[2024-12-27T02:01:47.708+0000] {logging_mixin.py:190} INFO - [2024-12-27T02:01:47.708+0000] {dag.py:3239} INFO - Sync 1 DAGs
[2024-12-27T02:01:47.730+0000] {logging_mixin.py:190} INFO - [2024-12-27T02:01:47.730+0000] {dag.py:4180} INFO - Setting next_dagrun for example_kubernetes_executor to None, run_after=None
[2024-12-27T02:01:47.767+0000] {processor.py:208} INFO - Processing /home/airflow/.local/lib/python3.12/site-packages/airflow/example_dags/example_kubernetes_executor.py took 0.157 seconds
[2024-12-27T02:02:18.455+0000] {processor.py:186} INFO - Started process (PID=818) to work on /home/airflow/.local/lib/python3.12/site-packages/airflow/example_dags/example_kubernetes_executor.py
[2024-12-27T02:02:18.456+0000] {processor.py:914} INFO - Processing file /home/airflow/.local/lib/python3.12/site-packages/airflow/example_dags/example_kubernetes_executor.py for tasks to queue
[2024-12-27T02:02:18.459+0000] {logging_mixin.py:190} INFO - [2024-12-27T02:02:18.459+0000] {dagbag.py:588} INFO - Filling up the DagBag from /home/airflow/.local/lib/python3.12/site-packages/airflow/example_dags/example_kubernetes_executor.py
[2024-12-27T02:02:18.475+0000] {processor.py:925} INFO - DAG(s) 'example_kubernetes_executor' retrieved from /home/airflow/.local/lib/python3.12/site-packages/airflow/example_dags/example_kubernetes_executor.py
[2024-12-27T02:02:18.505+0000] {logging_mixin.py:190} INFO - [2024-12-27T02:02:18.504+0000] {dag.py:3239} INFO - Sync 1 DAGs
[2024-12-27T02:02:18.519+0000] {logging_mixin.py:190} INFO - [2024-12-27T02:02:18.519+0000] {dag.py:4180} INFO - Setting next_dagrun for example_kubernetes_executor to None, run_after=None
[2024-12-27T02:02:18.546+0000] {processor.py:208} INFO - Processing /home/airflow/.local/lib/python3.12/site-packages/airflow/example_dags/example_kubernetes_executor.py took 0.096 seconds
[2024-12-27T02:02:49.734+0000] {processor.py:186} INFO - Started process (PID=881) to work on /home/airflow/.local/lib/python3.12/site-packages/airflow/example_dags/example_kubernetes_executor.py
[2024-12-27T02:02:49.736+0000] {processor.py:914} INFO - Processing file /home/airflow/.local/lib/python3.12/site-packages/airflow/example_dags/example_kubernetes_executor.py for tasks to queue
[2024-12-27T02:02:49.739+0000] {logging_mixin.py:190} INFO - [2024-12-27T02:02:49.739+0000] {dagbag.py:588} INFO - Filling up the DagBag from /home/airflow/.local/lib/python3.12/site-packages/airflow/example_dags/example_kubernetes_executor.py
[2024-12-27T02:02:49.757+0000] {processor.py:925} INFO - DAG(s) 'example_kubernetes_executor' retrieved from /home/airflow/.local/lib/python3.12/site-packages/airflow/example_dags/example_kubernetes_executor.py
[2024-12-27T02:02:49.788+0000] {logging_mixin.py:190} INFO - [2024-12-27T02:02:49.788+0000] {dag.py:3239} INFO - Sync 1 DAGs
[2024-12-27T02:02:49.807+0000] {logging_mixin.py:190} INFO - [2024-12-27T02:02:49.806+0000] {dag.py:4180} INFO - Setting next_dagrun for example_kubernetes_executor to None, run_after=None
[2024-12-27T02:02:49.853+0000] {processor.py:208} INFO - Processing /home/airflow/.local/lib/python3.12/site-packages/airflow/example_dags/example_kubernetes_executor.py took 0.125 seconds
[2024-12-27T02:03:19.947+0000] {processor.py:186} INFO - Started process (PID=944) to work on /home/airflow/.local/lib/python3.12/site-packages/airflow/example_dags/example_kubernetes_executor.py
[2024-12-27T02:03:19.949+0000] {processor.py:914} INFO - Processing file /home/airflow/.local/lib/python3.12/site-packages/airflow/example_dags/example_kubernetes_executor.py for tasks to queue
[2024-12-27T02:03:19.952+0000] {logging_mixin.py:190} INFO - [2024-12-27T02:03:19.951+0000] {dagbag.py:588} INFO - Filling up the DagBag from /home/airflow/.local/lib/python3.12/site-packages/airflow/example_dags/example_kubernetes_executor.py
[2024-12-27T02:03:19.967+0000] {processor.py:925} INFO - DAG(s) 'example_kubernetes_executor' retrieved from /home/airflow/.local/lib/python3.12/site-packages/airflow/example_dags/example_kubernetes_executor.py
[2024-12-27T02:03:20.002+0000] {logging_mixin.py:190} INFO - [2024-12-27T02:03:20.002+0000] {dag.py:3239} INFO - Sync 1 DAGs
[2024-12-27T02:03:20.022+0000] {logging_mixin.py:190} INFO - [2024-12-27T02:03:20.021+0000] {dag.py:4180} INFO - Setting next_dagrun for example_kubernetes_executor to None, run_after=None
[2024-12-27T02:03:20.053+0000] {processor.py:208} INFO - Processing /home/airflow/.local/lib/python3.12/site-packages/airflow/example_dags/example_kubernetes_executor.py took 0.111 seconds
[2024-12-27T02:03:50.613+0000] {processor.py:186} INFO - Started process (PID=1007) to work on /home/airflow/.local/lib/python3.12/site-packages/airflow/example_dags/example_kubernetes_executor.py
[2024-12-27T02:03:50.614+0000] {processor.py:914} INFO - Processing file /home/airflow/.local/lib/python3.12/site-packages/airflow/example_dags/example_kubernetes_executor.py for tasks to queue
[2024-12-27T02:03:50.617+0000] {logging_mixin.py:190} INFO - [2024-12-27T02:03:50.616+0000] {dagbag.py:588} INFO - Filling up the DagBag from /home/airflow/.local/lib/python3.12/site-packages/airflow/example_dags/example_kubernetes_executor.py
[2024-12-27T02:03:50.632+0000] {processor.py:925} INFO - DAG(s) 'example_kubernetes_executor' retrieved from /home/airflow/.local/lib/python3.12/site-packages/airflow/example_dags/example_kubernetes_executor.py
[2024-12-27T02:03:50.664+0000] {logging_mixin.py:190} INFO - [2024-12-27T02:03:50.664+0000] {dag.py:3239} INFO - Sync 1 DAGs
[2024-12-27T02:03:50.680+0000] {logging_mixin.py:190} INFO - [2024-12-27T02:03:50.680+0000] {dag.py:4180} INFO - Setting next_dagrun for example_kubernetes_executor to None, run_after=None
[2024-12-27T02:03:50.728+0000] {processor.py:208} INFO - Processing /home/airflow/.local/lib/python3.12/site-packages/airflow/example_dags/example_kubernetes_executor.py took 0.121 seconds
[2024-12-27T02:04:21.930+0000] {processor.py:186} INFO - Started process (PID=1070) to work on /home/airflow/.local/lib/python3.12/site-packages/airflow/example_dags/example_kubernetes_executor.py
[2024-12-27T02:04:21.931+0000] {processor.py:914} INFO - Processing file /home/airflow/.local/lib/python3.12/site-packages/airflow/example_dags/example_kubernetes_executor.py for tasks to queue
[2024-12-27T02:04:21.934+0000] {logging_mixin.py:190} INFO - [2024-12-27T02:04:21.933+0000] {dagbag.py:588} INFO - Filling up the DagBag from /home/airflow/.local/lib/python3.12/site-packages/airflow/example_dags/example_kubernetes_executor.py
[2024-12-27T02:04:21.949+0000] {processor.py:925} INFO - DAG(s) 'example_kubernetes_executor' retrieved from /home/airflow/.local/lib/python3.12/site-packages/airflow/example_dags/example_kubernetes_executor.py
[2024-12-27T02:04:22.001+0000] {logging_mixin.py:190} INFO - [2024-12-27T02:04:22.000+0000] {dag.py:3239} INFO - Sync 1 DAGs
[2024-12-27T02:04:22.029+0000] {logging_mixin.py:190} INFO - [2024-12-27T02:04:22.028+0000] {dag.py:4180} INFO - Setting next_dagrun for example_kubernetes_executor to None, run_after=None
[2024-12-27T02:04:22.057+0000] {processor.py:208} INFO - Processing /home/airflow/.local/lib/python3.12/site-packages/airflow/example_dags/example_kubernetes_executor.py took 0.132 seconds
[2024-12-27T02:04:53.490+0000] {processor.py:186} INFO - Started process (PID=1139) to work on /home/airflow/.local/lib/python3.12/site-packages/airflow/example_dags/example_kubernetes_executor.py
[2024-12-27T02:04:53.491+0000] {processor.py:914} INFO - Processing file /home/airflow/.local/lib/python3.12/site-packages/airflow/example_dags/example_kubernetes_executor.py for tasks to queue
[2024-12-27T02:04:53.495+0000] {logging_mixin.py:190} INFO - [2024-12-27T02:04:53.495+0000] {dagbag.py:588} INFO - Filling up the DagBag from /home/airflow/.local/lib/python3.12/site-packages/airflow/example_dags/example_kubernetes_executor.py
[2024-12-27T02:04:53.514+0000] {processor.py:925} INFO - DAG(s) 'example_kubernetes_executor' retrieved from /home/airflow/.local/lib/python3.12/site-packages/airflow/example_dags/example_kubernetes_executor.py
[2024-12-27T02:04:53.550+0000] {logging_mixin.py:190} INFO - [2024-12-27T02:04:53.550+0000] {dag.py:3239} INFO - Sync 1 DAGs
[2024-12-27T02:04:53.569+0000] {logging_mixin.py:190} INFO - [2024-12-27T02:04:53.568+0000] {dag.py:4180} INFO - Setting next_dagrun for example_kubernetes_executor to None, run_after=None
[2024-12-27T02:04:53.599+0000] {processor.py:208} INFO - Processing /home/airflow/.local/lib/python3.12/site-packages/airflow/example_dags/example_kubernetes_executor.py took 0.115 seconds
[2024-12-27T02:05:23.948+0000] {processor.py:186} INFO - Started process (PID=1202) to work on /home/airflow/.local/lib/python3.12/site-packages/airflow/example_dags/example_kubernetes_executor.py
[2024-12-27T02:05:23.949+0000] {processor.py:914} INFO - Processing file /home/airflow/.local/lib/python3.12/site-packages/airflow/example_dags/example_kubernetes_executor.py for tasks to queue
[2024-12-27T02:05:23.953+0000] {logging_mixin.py:190} INFO - [2024-12-27T02:05:23.952+0000] {dagbag.py:588} INFO - Filling up the DagBag from /home/airflow/.local/lib/python3.12/site-packages/airflow/example_dags/example_kubernetes_executor.py
[2024-12-27T02:05:23.970+0000] {processor.py:925} INFO - DAG(s) 'example_kubernetes_executor' retrieved from /home/airflow/.local/lib/python3.12/site-packages/airflow/example_dags/example_kubernetes_executor.py
[2024-12-27T02:05:24.005+0000] {logging_mixin.py:190} INFO - [2024-12-27T02:05:24.005+0000] {dag.py:3239} INFO - Sync 1 DAGs
[2024-12-27T02:05:24.024+0000] {logging_mixin.py:190} INFO - [2024-12-27T02:05:24.024+0000] {dag.py:4180} INFO - Setting next_dagrun for example_kubernetes_executor to None, run_after=None
[2024-12-27T02:05:24.054+0000] {processor.py:208} INFO - Processing /home/airflow/.local/lib/python3.12/site-packages/airflow/example_dags/example_kubernetes_executor.py took 0.112 seconds
[2024-12-27T02:05:55.653+0000] {processor.py:186} INFO - Started process (PID=1265) to work on /home/airflow/.local/lib/python3.12/site-packages/airflow/example_dags/example_kubernetes_executor.py
[2024-12-27T02:05:55.655+0000] {processor.py:914} INFO - Processing file /home/airflow/.local/lib/python3.12/site-packages/airflow/example_dags/example_kubernetes_executor.py for tasks to queue
[2024-12-27T02:05:55.658+0000] {logging_mixin.py:190} INFO - [2024-12-27T02:05:55.657+0000] {dagbag.py:588} INFO - Filling up the DagBag from /home/airflow/.local/lib/python3.12/site-packages/airflow/example_dags/example_kubernetes_executor.py
[2024-12-27T02:05:55.672+0000] {processor.py:925} INFO - DAG(s) 'example_kubernetes_executor' retrieved from /home/airflow/.local/lib/python3.12/site-packages/airflow/example_dags/example_kubernetes_executor.py
[2024-12-27T02:05:55.706+0000] {logging_mixin.py:190} INFO - [2024-12-27T02:05:55.706+0000] {dag.py:3239} INFO - Sync 1 DAGs
[2024-12-27T02:05:55.725+0000] {logging_mixin.py:190} INFO - [2024-12-27T02:05:55.724+0000] {dag.py:4180} INFO - Setting next_dagrun for example_kubernetes_executor to None, run_after=None
[2024-12-27T02:05:55.756+0000] {processor.py:208} INFO - Processing /home/airflow/.local/lib/python3.12/site-packages/airflow/example_dags/example_kubernetes_executor.py took 0.109 seconds
[2024-12-27T02:06:26.833+0000] {processor.py:186} INFO - Started process (PID=1328) to work on /home/airflow/.local/lib/python3.12/site-packages/airflow/example_dags/example_kubernetes_executor.py
[2024-12-27T02:06:26.834+0000] {processor.py:914} INFO - Processing file /home/airflow/.local/lib/python3.12/site-packages/airflow/example_dags/example_kubernetes_executor.py for tasks to queue
[2024-12-27T02:06:26.837+0000] {logging_mixin.py:190} INFO - [2024-12-27T02:06:26.836+0000] {dagbag.py:588} INFO - Filling up the DagBag from /home/airflow/.local/lib/python3.12/site-packages/airflow/example_dags/example_kubernetes_executor.py
[2024-12-27T02:06:26.850+0000] {processor.py:925} INFO - DAG(s) 'example_kubernetes_executor' retrieved from /home/airflow/.local/lib/python3.12/site-packages/airflow/example_dags/example_kubernetes_executor.py
[2024-12-27T02:06:26.890+0000] {logging_mixin.py:190} INFO - [2024-12-27T02:06:26.890+0000] {dag.py:3239} INFO - Sync 1 DAGs
[2024-12-27T02:06:26.906+0000] {logging_mixin.py:190} INFO - [2024-12-27T02:06:26.906+0000] {dag.py:4180} INFO - Setting next_dagrun for example_kubernetes_executor to None, run_after=None
[2024-12-27T02:06:26.937+0000] {processor.py:208} INFO - Processing /home/airflow/.local/lib/python3.12/site-packages/airflow/example_dags/example_kubernetes_executor.py took 0.109 seconds
[2024-12-27T02:06:57.188+0000] {processor.py:186} INFO - Started process (PID=1391) to work on /home/airflow/.local/lib/python3.12/site-packages/airflow/example_dags/example_kubernetes_executor.py
[2024-12-27T02:06:57.190+0000] {processor.py:914} INFO - Processing file /home/airflow/.local/lib/python3.12/site-packages/airflow/example_dags/example_kubernetes_executor.py for tasks to queue
[2024-12-27T02:06:57.192+0000] {logging_mixin.py:190} INFO - [2024-12-27T02:06:57.192+0000] {dagbag.py:588} INFO - Filling up the DagBag from /home/airflow/.local/lib/python3.12/site-packages/airflow/example_dags/example_kubernetes_executor.py
[2024-12-27T02:06:57.209+0000] {processor.py:925} INFO - DAG(s) 'example_kubernetes_executor' retrieved from /home/airflow/.local/lib/python3.12/site-packages/airflow/example_dags/example_kubernetes_executor.py
[2024-12-27T02:06:57.247+0000] {logging_mixin.py:190} INFO - [2024-12-27T02:06:57.246+0000] {dag.py:3239} INFO - Sync 1 DAGs
[2024-12-27T02:06:57.264+0000] {logging_mixin.py:190} INFO - [2024-12-27T02:06:57.264+0000] {dag.py:4180} INFO - Setting next_dagrun for example_kubernetes_executor to None, run_after=None
[2024-12-27T02:06:57.291+0000] {processor.py:208} INFO - Processing /home/airflow/.local/lib/python3.12/site-packages/airflow/example_dags/example_kubernetes_executor.py took 0.108 seconds
[2024-12-27T02:07:28.630+0000] {processor.py:186} INFO - Started process (PID=1454) to work on /home/airflow/.local/lib/python3.12/site-packages/airflow/example_dags/example_kubernetes_executor.py
[2024-12-27T02:07:28.632+0000] {processor.py:914} INFO - Processing file /home/airflow/.local/lib/python3.12/site-packages/airflow/example_dags/example_kubernetes_executor.py for tasks to queue
[2024-12-27T02:07:28.641+0000] {logging_mixin.py:190} INFO - [2024-12-27T02:07:28.638+0000] {dagbag.py:588} INFO - Filling up the DagBag from /home/airflow/.local/lib/python3.12/site-packages/airflow/example_dags/example_kubernetes_executor.py
[2024-12-27T02:07:28.677+0000] {processor.py:925} INFO - DAG(s) 'example_kubernetes_executor' retrieved from /home/airflow/.local/lib/python3.12/site-packages/airflow/example_dags/example_kubernetes_executor.py
[2024-12-27T02:07:28.720+0000] {logging_mixin.py:190} INFO - [2024-12-27T02:07:28.720+0000] {dag.py:3239} INFO - Sync 1 DAGs
[2024-12-27T02:07:28.743+0000] {logging_mixin.py:190} INFO - [2024-12-27T02:07:28.742+0000] {dag.py:4180} INFO - Setting next_dagrun for example_kubernetes_executor to None, run_after=None
[2024-12-27T02:07:28.772+0000] {processor.py:208} INFO - Processing /home/airflow/.local/lib/python3.12/site-packages/airflow/example_dags/example_kubernetes_executor.py took 0.153 seconds
[2024-12-27T02:08:00.031+0000] {processor.py:186} INFO - Started process (PID=1517) to work on /home/airflow/.local/lib/python3.12/site-packages/airflow/example_dags/example_kubernetes_executor.py
[2024-12-27T02:08:00.033+0000] {processor.py:914} INFO - Processing file /home/airflow/.local/lib/python3.12/site-packages/airflow/example_dags/example_kubernetes_executor.py for tasks to queue
[2024-12-27T02:08:00.035+0000] {logging_mixin.py:190} INFO - [2024-12-27T02:08:00.035+0000] {dagbag.py:588} INFO - Filling up the DagBag from /home/airflow/.local/lib/python3.12/site-packages/airflow/example_dags/example_kubernetes_executor.py
[2024-12-27T02:08:00.051+0000] {processor.py:925} INFO - DAG(s) 'example_kubernetes_executor' retrieved from /home/airflow/.local/lib/python3.12/site-packages/airflow/example_dags/example_kubernetes_executor.py
[2024-12-27T02:08:00.085+0000] {logging_mixin.py:190} INFO - [2024-12-27T02:08:00.084+0000] {dag.py:3239} INFO - Sync 1 DAGs
[2024-12-27T02:08:00.102+0000] {logging_mixin.py:190} INFO - [2024-12-27T02:08:00.101+0000] {dag.py:4180} INFO - Setting next_dagrun for example_kubernetes_executor to None, run_after=None
[2024-12-27T02:08:00.130+0000] {processor.py:208} INFO - Processing /home/airflow/.local/lib/python3.12/site-packages/airflow/example_dags/example_kubernetes_executor.py took 0.104 seconds
[2024-12-27T02:08:31.457+0000] {processor.py:186} INFO - Started process (PID=1580) to work on /home/airflow/.local/lib/python3.12/site-packages/airflow/example_dags/example_kubernetes_executor.py
[2024-12-27T02:08:31.458+0000] {processor.py:914} INFO - Processing file /home/airflow/.local/lib/python3.12/site-packages/airflow/example_dags/example_kubernetes_executor.py for tasks to queue
[2024-12-27T02:08:31.461+0000] {logging_mixin.py:190} INFO - [2024-12-27T02:08:31.461+0000] {dagbag.py:588} INFO - Filling up the DagBag from /home/airflow/.local/lib/python3.12/site-packages/airflow/example_dags/example_kubernetes_executor.py
[2024-12-27T02:08:31.481+0000] {processor.py:925} INFO - DAG(s) 'example_kubernetes_executor' retrieved from /home/airflow/.local/lib/python3.12/site-packages/airflow/example_dags/example_kubernetes_executor.py
[2024-12-27T02:08:31.512+0000] {logging_mixin.py:190} INFO - [2024-12-27T02:08:31.512+0000] {dag.py:3239} INFO - Sync 1 DAGs
[2024-12-27T02:08:31.528+0000] {logging_mixin.py:190} INFO - [2024-12-27T02:08:31.528+0000] {dag.py:4180} INFO - Setting next_dagrun for example_kubernetes_executor to None, run_after=None
[2024-12-27T02:08:31.555+0000] {processor.py:208} INFO - Processing /home/airflow/.local/lib/python3.12/site-packages/airflow/example_dags/example_kubernetes_executor.py took 0.103 seconds
[2024-12-27T02:09:02.773+0000] {processor.py:186} INFO - Started process (PID=1643) to work on /home/airflow/.local/lib/python3.12/site-packages/airflow/example_dags/example_kubernetes_executor.py
[2024-12-27T02:09:02.774+0000] {processor.py:914} INFO - Processing file /home/airflow/.local/lib/python3.12/site-packages/airflow/example_dags/example_kubernetes_executor.py for tasks to queue
[2024-12-27T02:09:02.777+0000] {logging_mixin.py:190} INFO - [2024-12-27T02:09:02.777+0000] {dagbag.py:588} INFO - Filling up the DagBag from /home/airflow/.local/lib/python3.12/site-packages/airflow/example_dags/example_kubernetes_executor.py
[2024-12-27T02:09:02.792+0000] {processor.py:925} INFO - DAG(s) 'example_kubernetes_executor' retrieved from /home/airflow/.local/lib/python3.12/site-packages/airflow/example_dags/example_kubernetes_executor.py
[2024-12-27T02:09:02.824+0000] {logging_mixin.py:190} INFO - [2024-12-27T02:09:02.824+0000] {dag.py:3239} INFO - Sync 1 DAGs
[2024-12-27T02:09:02.841+0000] {logging_mixin.py:190} INFO - [2024-12-27T02:09:02.841+0000] {dag.py:4180} INFO - Setting next_dagrun for example_kubernetes_executor to None, run_after=None
[2024-12-27T02:09:02.874+0000] {processor.py:208} INFO - Processing /home/airflow/.local/lib/python3.12/site-packages/airflow/example_dags/example_kubernetes_executor.py took 0.108 seconds
[2024-12-27T02:09:33.757+0000] {processor.py:186} INFO - Started process (PID=1706) to work on /home/airflow/.local/lib/python3.12/site-packages/airflow/example_dags/example_kubernetes_executor.py
[2024-12-27T02:09:33.759+0000] {processor.py:914} INFO - Processing file /home/airflow/.local/lib/python3.12/site-packages/airflow/example_dags/example_kubernetes_executor.py for tasks to queue
[2024-12-27T02:09:33.764+0000] {logging_mixin.py:190} INFO - [2024-12-27T02:09:33.763+0000] {dagbag.py:588} INFO - Filling up the DagBag from /home/airflow/.local/lib/python3.12/site-packages/airflow/example_dags/example_kubernetes_executor.py
[2024-12-27T02:09:33.785+0000] {processor.py:925} INFO - DAG(s) 'example_kubernetes_executor' retrieved from /home/airflow/.local/lib/python3.12/site-packages/airflow/example_dags/example_kubernetes_executor.py
[2024-12-27T02:09:33.820+0000] {logging_mixin.py:190} INFO - [2024-12-27T02:09:33.820+0000] {dag.py:3239} INFO - Sync 1 DAGs
[2024-12-27T02:09:33.840+0000] {logging_mixin.py:190} INFO - [2024-12-27T02:09:33.840+0000] {dag.py:4180} INFO - Setting next_dagrun for example_kubernetes_executor to None, run_after=None
[2024-12-27T02:09:33.875+0000] {processor.py:208} INFO - Processing /home/airflow/.local/lib/python3.12/site-packages/airflow/example_dags/example_kubernetes_executor.py took 0.125 seconds
[2024-12-27T02:10:04.633+0000] {processor.py:186} INFO - Started process (PID=1769) to work on /home/airflow/.local/lib/python3.12/site-packages/airflow/example_dags/example_kubernetes_executor.py
[2024-12-27T02:10:04.634+0000] {processor.py:914} INFO - Processing file /home/airflow/.local/lib/python3.12/site-packages/airflow/example_dags/example_kubernetes_executor.py for tasks to queue
[2024-12-27T02:10:04.638+0000] {logging_mixin.py:190} INFO - [2024-12-27T02:10:04.638+0000] {dagbag.py:588} INFO - Filling up the DagBag from /home/airflow/.local/lib/python3.12/site-packages/airflow/example_dags/example_kubernetes_executor.py
[2024-12-27T02:10:04.661+0000] {processor.py:925} INFO - DAG(s) 'example_kubernetes_executor' retrieved from /home/airflow/.local/lib/python3.12/site-packages/airflow/example_dags/example_kubernetes_executor.py
[2024-12-27T02:10:04.711+0000] {logging_mixin.py:190} INFO - [2024-12-27T02:10:04.710+0000] {dag.py:3239} INFO - Sync 1 DAGs
[2024-12-27T02:10:04.747+0000] {logging_mixin.py:190} INFO - [2024-12-27T02:10:04.747+0000] {dag.py:4180} INFO - Setting next_dagrun for example_kubernetes_executor to None, run_after=None
[2024-12-27T02:10:04.785+0000] {processor.py:208} INFO - Processing /home/airflow/.local/lib/python3.12/site-packages/airflow/example_dags/example_kubernetes_executor.py took 0.159 seconds
[2024-12-27T02:10:35.300+0000] {processor.py:186} INFO - Started process (PID=1831) to work on /home/airflow/.local/lib/python3.12/site-packages/airflow/example_dags/example_kubernetes_executor.py
[2024-12-27T02:10:35.302+0000] {processor.py:914} INFO - Processing file /home/airflow/.local/lib/python3.12/site-packages/airflow/example_dags/example_kubernetes_executor.py for tasks to queue
[2024-12-27T02:10:35.306+0000] {logging_mixin.py:190} INFO - [2024-12-27T02:10:35.306+0000] {dagbag.py:588} INFO - Filling up the DagBag from /home/airflow/.local/lib/python3.12/site-packages/airflow/example_dags/example_kubernetes_executor.py
[2024-12-27T02:10:35.334+0000] {processor.py:925} INFO - DAG(s) 'example_kubernetes_executor' retrieved from /home/airflow/.local/lib/python3.12/site-packages/airflow/example_dags/example_kubernetes_executor.py
[2024-12-27T02:10:35.383+0000] {logging_mixin.py:190} INFO - [2024-12-27T02:10:35.383+0000] {dag.py:3239} INFO - Sync 1 DAGs
[2024-12-27T02:10:35.413+0000] {logging_mixin.py:190} INFO - [2024-12-27T02:10:35.412+0000] {dag.py:4180} INFO - Setting next_dagrun for example_kubernetes_executor to None, run_after=None
[2024-12-27T02:10:35.457+0000] {processor.py:208} INFO - Processing /home/airflow/.local/lib/python3.12/site-packages/airflow/example_dags/example_kubernetes_executor.py took 0.165 seconds
[2024-12-27T02:11:05.854+0000] {processor.py:186} INFO - Started process (PID=1894) to work on /home/airflow/.local/lib/python3.12/site-packages/airflow/example_dags/example_kubernetes_executor.py
[2024-12-27T02:11:05.855+0000] {processor.py:914} INFO - Processing file /home/airflow/.local/lib/python3.12/site-packages/airflow/example_dags/example_kubernetes_executor.py for tasks to queue
[2024-12-27T02:11:05.859+0000] {logging_mixin.py:190} INFO - [2024-12-27T02:11:05.858+0000] {dagbag.py:588} INFO - Filling up the DagBag from /home/airflow/.local/lib/python3.12/site-packages/airflow/example_dags/example_kubernetes_executor.py
[2024-12-27T02:11:05.879+0000] {processor.py:925} INFO - DAG(s) 'example_kubernetes_executor' retrieved from /home/airflow/.local/lib/python3.12/site-packages/airflow/example_dags/example_kubernetes_executor.py
[2024-12-27T02:11:05.922+0000] {logging_mixin.py:190} INFO - [2024-12-27T02:11:05.921+0000] {dag.py:3239} INFO - Sync 1 DAGs
[2024-12-27T02:11:05.942+0000] {logging_mixin.py:190} INFO - [2024-12-27T02:11:05.942+0000] {dag.py:4180} INFO - Setting next_dagrun for example_kubernetes_executor to None, run_after=None
[2024-12-27T02:11:05.974+0000] {processor.py:208} INFO - Processing /home/airflow/.local/lib/python3.12/site-packages/airflow/example_dags/example_kubernetes_executor.py took 0.127 seconds
[2024-12-27T02:11:36.630+0000] {processor.py:186} INFO - Started process (PID=1956) to work on /home/airflow/.local/lib/python3.12/site-packages/airflow/example_dags/example_kubernetes_executor.py
[2024-12-27T02:11:36.631+0000] {processor.py:914} INFO - Processing file /home/airflow/.local/lib/python3.12/site-packages/airflow/example_dags/example_kubernetes_executor.py for tasks to queue
[2024-12-27T02:11:36.635+0000] {logging_mixin.py:190} INFO - [2024-12-27T02:11:36.634+0000] {dagbag.py:588} INFO - Filling up the DagBag from /home/airflow/.local/lib/python3.12/site-packages/airflow/example_dags/example_kubernetes_executor.py
[2024-12-27T02:11:36.649+0000] {processor.py:925} INFO - DAG(s) 'example_kubernetes_executor' retrieved from /home/airflow/.local/lib/python3.12/site-packages/airflow/example_dags/example_kubernetes_executor.py
[2024-12-27T02:11:36.682+0000] {logging_mixin.py:190} INFO - [2024-12-27T02:11:36.682+0000] {dag.py:3239} INFO - Sync 1 DAGs
[2024-12-27T02:11:36.697+0000] {logging_mixin.py:190} INFO - [2024-12-27T02:11:36.696+0000] {dag.py:4180} INFO - Setting next_dagrun for example_kubernetes_executor to None, run_after=None
[2024-12-27T02:11:36.726+0000] {processor.py:208} INFO - Processing /home/airflow/.local/lib/python3.12/site-packages/airflow/example_dags/example_kubernetes_executor.py took 0.101 seconds
[2024-12-27T02:12:07.026+0000] {processor.py:186} INFO - Started process (PID=2019) to work on /home/airflow/.local/lib/python3.12/site-packages/airflow/example_dags/example_kubernetes_executor.py
[2024-12-27T02:12:07.027+0000] {processor.py:914} INFO - Processing file /home/airflow/.local/lib/python3.12/site-packages/airflow/example_dags/example_kubernetes_executor.py for tasks to queue
[2024-12-27T02:12:07.031+0000] {logging_mixin.py:190} INFO - [2024-12-27T02:12:07.030+0000] {dagbag.py:588} INFO - Filling up the DagBag from /home/airflow/.local/lib/python3.12/site-packages/airflow/example_dags/example_kubernetes_executor.py
[2024-12-27T02:12:07.045+0000] {processor.py:925} INFO - DAG(s) 'example_kubernetes_executor' retrieved from /home/airflow/.local/lib/python3.12/site-packages/airflow/example_dags/example_kubernetes_executor.py
[2024-12-27T02:12:07.077+0000] {logging_mixin.py:190} INFO - [2024-12-27T02:12:07.077+0000] {dag.py:3239} INFO - Sync 1 DAGs
[2024-12-27T02:12:07.094+0000] {logging_mixin.py:190} INFO - [2024-12-27T02:12:07.094+0000] {dag.py:4180} INFO - Setting next_dagrun for example_kubernetes_executor to None, run_after=None
[2024-12-27T02:12:07.119+0000] {processor.py:208} INFO - Processing /home/airflow/.local/lib/python3.12/site-packages/airflow/example_dags/example_kubernetes_executor.py took 0.098 seconds
[2024-12-27T02:12:38.069+0000] {processor.py:186} INFO - Started process (PID=2083) to work on /home/airflow/.local/lib/python3.12/site-packages/airflow/example_dags/example_kubernetes_executor.py
[2024-12-27T02:12:38.071+0000] {processor.py:914} INFO - Processing file /home/airflow/.local/lib/python3.12/site-packages/airflow/example_dags/example_kubernetes_executor.py for tasks to queue
[2024-12-27T02:12:38.074+0000] {logging_mixin.py:190} INFO - [2024-12-27T02:12:38.074+0000] {dagbag.py:588} INFO - Filling up the DagBag from /home/airflow/.local/lib/python3.12/site-packages/airflow/example_dags/example_kubernetes_executor.py
[2024-12-27T02:12:38.095+0000] {processor.py:925} INFO - DAG(s) 'example_kubernetes_executor' retrieved from /home/airflow/.local/lib/python3.12/site-packages/airflow/example_dags/example_kubernetes_executor.py
[2024-12-27T02:12:38.140+0000] {logging_mixin.py:190} INFO - [2024-12-27T02:12:38.139+0000] {dag.py:3239} INFO - Sync 1 DAGs
[2024-12-27T02:12:38.161+0000] {logging_mixin.py:190} INFO - [2024-12-27T02:12:38.161+0000] {dag.py:4180} INFO - Setting next_dagrun for example_kubernetes_executor to None, run_after=None
[2024-12-27T02:12:38.193+0000] {processor.py:208} INFO - Processing /home/airflow/.local/lib/python3.12/site-packages/airflow/example_dags/example_kubernetes_executor.py took 0.134 seconds
[2024-12-27T02:13:08.497+0000] {processor.py:186} INFO - Started process (PID=2146) to work on /home/airflow/.local/lib/python3.12/site-packages/airflow/example_dags/example_kubernetes_executor.py
[2024-12-27T02:13:08.498+0000] {processor.py:914} INFO - Processing file /home/airflow/.local/lib/python3.12/site-packages/airflow/example_dags/example_kubernetes_executor.py for tasks to queue
[2024-12-27T02:13:08.501+0000] {logging_mixin.py:190} INFO - [2024-12-27T02:13:08.501+0000] {dagbag.py:588} INFO - Filling up the DagBag from /home/airflow/.local/lib/python3.12/site-packages/airflow/example_dags/example_kubernetes_executor.py
[2024-12-27T02:13:08.520+0000] {processor.py:925} INFO - DAG(s) 'example_kubernetes_executor' retrieved from /home/airflow/.local/lib/python3.12/site-packages/airflow/example_dags/example_kubernetes_executor.py
[2024-12-27T02:13:08.553+0000] {logging_mixin.py:190} INFO - [2024-12-27T02:13:08.553+0000] {dag.py:3239} INFO - Sync 1 DAGs
[2024-12-27T02:13:08.571+0000] {logging_mixin.py:190} INFO - [2024-12-27T02:13:08.571+0000] {dag.py:4180} INFO - Setting next_dagrun for example_kubernetes_executor to None, run_after=None
[2024-12-27T02:13:08.599+0000] {processor.py:208} INFO - Processing /home/airflow/.local/lib/python3.12/site-packages/airflow/example_dags/example_kubernetes_executor.py took 0.107 seconds
[2024-12-27T02:13:39.563+0000] {processor.py:186} INFO - Started process (PID=2209) to work on /home/airflow/.local/lib/python3.12/site-packages/airflow/example_dags/example_kubernetes_executor.py
[2024-12-27T02:13:39.564+0000] {processor.py:914} INFO - Processing file /home/airflow/.local/lib/python3.12/site-packages/airflow/example_dags/example_kubernetes_executor.py for tasks to queue
[2024-12-27T02:13:39.567+0000] {logging_mixin.py:190} INFO - [2024-12-27T02:13:39.566+0000] {dagbag.py:588} INFO - Filling up the DagBag from /home/airflow/.local/lib/python3.12/site-packages/airflow/example_dags/example_kubernetes_executor.py
[2024-12-27T02:13:39.580+0000] {processor.py:925} INFO - DAG(s) 'example_kubernetes_executor' retrieved from /home/airflow/.local/lib/python3.12/site-packages/airflow/example_dags/example_kubernetes_executor.py
[2024-12-27T02:13:39.613+0000] {logging_mixin.py:190} INFO - [2024-12-27T02:13:39.612+0000] {dag.py:3239} INFO - Sync 1 DAGs
[2024-12-27T02:13:39.629+0000] {logging_mixin.py:190} INFO - [2024-12-27T02:13:39.629+0000] {dag.py:4180} INFO - Setting next_dagrun for example_kubernetes_executor to None, run_after=None
[2024-12-27T02:13:39.657+0000] {processor.py:208} INFO - Processing /home/airflow/.local/lib/python3.12/site-packages/airflow/example_dags/example_kubernetes_executor.py took 0.099 seconds
[2024-12-27T02:14:10.182+0000] {processor.py:186} INFO - Started process (PID=2271) to work on /home/airflow/.local/lib/python3.12/site-packages/airflow/example_dags/example_kubernetes_executor.py
[2024-12-27T02:14:10.184+0000] {processor.py:914} INFO - Processing file /home/airflow/.local/lib/python3.12/site-packages/airflow/example_dags/example_kubernetes_executor.py for tasks to queue
[2024-12-27T02:14:10.187+0000] {logging_mixin.py:190} INFO - [2024-12-27T02:14:10.186+0000] {dagbag.py:588} INFO - Filling up the DagBag from /home/airflow/.local/lib/python3.12/site-packages/airflow/example_dags/example_kubernetes_executor.py
[2024-12-27T02:14:10.207+0000] {processor.py:925} INFO - DAG(s) 'example_kubernetes_executor' retrieved from /home/airflow/.local/lib/python3.12/site-packages/airflow/example_dags/example_kubernetes_executor.py
[2024-12-27T02:14:10.247+0000] {logging_mixin.py:190} INFO - [2024-12-27T02:14:10.247+0000] {dag.py:3239} INFO - Sync 1 DAGs
[2024-12-27T02:14:10.269+0000] {logging_mixin.py:190} INFO - [2024-12-27T02:14:10.268+0000] {dag.py:4180} INFO - Setting next_dagrun for example_kubernetes_executor to None, run_after=None
[2024-12-27T02:14:10.300+0000] {processor.py:208} INFO - Processing /home/airflow/.local/lib/python3.12/site-packages/airflow/example_dags/example_kubernetes_executor.py took 0.125 seconds
[2024-12-27T02:14:40.847+0000] {processor.py:186} INFO - Started process (PID=2334) to work on /home/airflow/.local/lib/python3.12/site-packages/airflow/example_dags/example_kubernetes_executor.py
[2024-12-27T02:14:40.849+0000] {processor.py:914} INFO - Processing file /home/airflow/.local/lib/python3.12/site-packages/airflow/example_dags/example_kubernetes_executor.py for tasks to queue
[2024-12-27T02:14:40.851+0000] {logging_mixin.py:190} INFO - [2024-12-27T02:14:40.851+0000] {dagbag.py:588} INFO - Filling up the DagBag from /home/airflow/.local/lib/python3.12/site-packages/airflow/example_dags/example_kubernetes_executor.py
[2024-12-27T02:14:40.867+0000] {processor.py:925} INFO - DAG(s) 'example_kubernetes_executor' retrieved from /home/airflow/.local/lib/python3.12/site-packages/airflow/example_dags/example_kubernetes_executor.py
[2024-12-27T02:14:40.901+0000] {logging_mixin.py:190} INFO - [2024-12-27T02:14:40.901+0000] {dag.py:3239} INFO - Sync 1 DAGs
[2024-12-27T02:14:40.921+0000] {logging_mixin.py:190} INFO - [2024-12-27T02:14:40.921+0000] {dag.py:4180} INFO - Setting next_dagrun for example_kubernetes_executor to None, run_after=None
[2024-12-27T02:14:40.958+0000] {processor.py:208} INFO - Processing /home/airflow/.local/lib/python3.12/site-packages/airflow/example_dags/example_kubernetes_executor.py took 0.117 seconds
[2024-12-27T02:15:11.463+0000] {processor.py:186} INFO - Started process (PID=2397) to work on /home/airflow/.local/lib/python3.12/site-packages/airflow/example_dags/example_kubernetes_executor.py
[2024-12-27T02:15:11.465+0000] {processor.py:914} INFO - Processing file /home/airflow/.local/lib/python3.12/site-packages/airflow/example_dags/example_kubernetes_executor.py for tasks to queue
[2024-12-27T02:15:11.468+0000] {logging_mixin.py:190} INFO - [2024-12-27T02:15:11.467+0000] {dagbag.py:588} INFO - Filling up the DagBag from /home/airflow/.local/lib/python3.12/site-packages/airflow/example_dags/example_kubernetes_executor.py
[2024-12-27T02:15:11.693+0000] {processor.py:925} INFO - DAG(s) 'example_kubernetes_executor' retrieved from /home/airflow/.local/lib/python3.12/site-packages/airflow/example_dags/example_kubernetes_executor.py
[2024-12-27T02:15:11.733+0000] {logging_mixin.py:190} INFO - [2024-12-27T02:15:11.733+0000] {dag.py:3239} INFO - Sync 1 DAGs
[2024-12-27T02:15:11.750+0000] {logging_mixin.py:190} INFO - [2024-12-27T02:15:11.749+0000] {dag.py:4180} INFO - Setting next_dagrun for example_kubernetes_executor to None, run_after=None
[2024-12-27T02:15:11.777+0000] {processor.py:208} INFO - Processing /home/airflow/.local/lib/python3.12/site-packages/airflow/example_dags/example_kubernetes_executor.py took 0.319 seconds
[2024-12-27T02:15:42.535+0000] {processor.py:186} INFO - Started process (PID=2461) to work on /home/airflow/.local/lib/python3.12/site-packages/airflow/example_dags/example_kubernetes_executor.py
[2024-12-27T02:15:42.536+0000] {processor.py:914} INFO - Processing file /home/airflow/.local/lib/python3.12/site-packages/airflow/example_dags/example_kubernetes_executor.py for tasks to queue
[2024-12-27T02:15:42.539+0000] {logging_mixin.py:190} INFO - [2024-12-27T02:15:42.539+0000] {dagbag.py:588} INFO - Filling up the DagBag from /home/airflow/.local/lib/python3.12/site-packages/airflow/example_dags/example_kubernetes_executor.py
[2024-12-27T02:15:42.556+0000] {processor.py:925} INFO - DAG(s) 'example_kubernetes_executor' retrieved from /home/airflow/.local/lib/python3.12/site-packages/airflow/example_dags/example_kubernetes_executor.py
[2024-12-27T02:15:42.586+0000] {logging_mixin.py:190} INFO - [2024-12-27T02:15:42.586+0000] {dag.py:3239} INFO - Sync 1 DAGs
[2024-12-27T02:15:42.600+0000] {logging_mixin.py:190} INFO - [2024-12-27T02:15:42.600+0000] {dag.py:4180} INFO - Setting next_dagrun for example_kubernetes_executor to None, run_after=None
[2024-12-27T02:15:42.628+0000] {processor.py:208} INFO - Processing /home/airflow/.local/lib/python3.12/site-packages/airflow/example_dags/example_kubernetes_executor.py took 0.098 seconds
[2024-12-27T02:16:13.457+0000] {processor.py:186} INFO - Started process (PID=2526) to work on /home/airflow/.local/lib/python3.12/site-packages/airflow/example_dags/example_kubernetes_executor.py
[2024-12-27T02:16:13.458+0000] {processor.py:914} INFO - Processing file /home/airflow/.local/lib/python3.12/site-packages/airflow/example_dags/example_kubernetes_executor.py for tasks to queue
[2024-12-27T02:16:13.461+0000] {logging_mixin.py:190} INFO - [2024-12-27T02:16:13.460+0000] {dagbag.py:588} INFO - Filling up the DagBag from /home/airflow/.local/lib/python3.12/site-packages/airflow/example_dags/example_kubernetes_executor.py
[2024-12-27T02:16:13.475+0000] {processor.py:925} INFO - DAG(s) 'example_kubernetes_executor' retrieved from /home/airflow/.local/lib/python3.12/site-packages/airflow/example_dags/example_kubernetes_executor.py
[2024-12-27T02:16:13.505+0000] {logging_mixin.py:190} INFO - [2024-12-27T02:16:13.505+0000] {dag.py:3239} INFO - Sync 1 DAGs
[2024-12-27T02:16:13.521+0000] {logging_mixin.py:190} INFO - [2024-12-27T02:16:13.520+0000] {dag.py:4180} INFO - Setting next_dagrun for example_kubernetes_executor to None, run_after=None
[2024-12-27T02:16:13.548+0000] {processor.py:208} INFO - Processing /home/airflow/.local/lib/python3.12/site-packages/airflow/example_dags/example_kubernetes_executor.py took 0.097 seconds
[2024-12-27T02:16:43.844+0000] {processor.py:186} INFO - Started process (PID=2589) to work on /home/airflow/.local/lib/python3.12/site-packages/airflow/example_dags/example_kubernetes_executor.py
[2024-12-27T02:16:43.845+0000] {processor.py:914} INFO - Processing file /home/airflow/.local/lib/python3.12/site-packages/airflow/example_dags/example_kubernetes_executor.py for tasks to queue
[2024-12-27T02:16:43.848+0000] {logging_mixin.py:190} INFO - [2024-12-27T02:16:43.847+0000] {dagbag.py:588} INFO - Filling up the DagBag from /home/airflow/.local/lib/python3.12/site-packages/airflow/example_dags/example_kubernetes_executor.py
[2024-12-27T02:16:43.862+0000] {processor.py:925} INFO - DAG(s) 'example_kubernetes_executor' retrieved from /home/airflow/.local/lib/python3.12/site-packages/airflow/example_dags/example_kubernetes_executor.py
[2024-12-27T02:16:43.893+0000] {logging_mixin.py:190} INFO - [2024-12-27T02:16:43.892+0000] {dag.py:3239} INFO - Sync 1 DAGs
[2024-12-27T02:16:43.909+0000] {logging_mixin.py:190} INFO - [2024-12-27T02:16:43.908+0000] {dag.py:4180} INFO - Setting next_dagrun for example_kubernetes_executor to None, run_after=None
[2024-12-27T02:16:43.935+0000] {processor.py:208} INFO - Processing /home/airflow/.local/lib/python3.12/site-packages/airflow/example_dags/example_kubernetes_executor.py took 0.097 seconds
[2024-12-27T02:17:14.235+0000] {processor.py:186} INFO - Started process (PID=2652) to work on /home/airflow/.local/lib/python3.12/site-packages/airflow/example_dags/example_kubernetes_executor.py
[2024-12-27T02:17:14.236+0000] {processor.py:914} INFO - Processing file /home/airflow/.local/lib/python3.12/site-packages/airflow/example_dags/example_kubernetes_executor.py for tasks to queue
[2024-12-27T02:17:14.239+0000] {logging_mixin.py:190} INFO - [2024-12-27T02:17:14.238+0000] {dagbag.py:588} INFO - Filling up the DagBag from /home/airflow/.local/lib/python3.12/site-packages/airflow/example_dags/example_kubernetes_executor.py
[2024-12-27T02:17:14.253+0000] {processor.py:925} INFO - DAG(s) 'example_kubernetes_executor' retrieved from /home/airflow/.local/lib/python3.12/site-packages/airflow/example_dags/example_kubernetes_executor.py
[2024-12-27T02:17:14.281+0000] {logging_mixin.py:190} INFO - [2024-12-27T02:17:14.281+0000] {dag.py:3239} INFO - Sync 1 DAGs
[2024-12-27T02:17:14.298+0000] {logging_mixin.py:190} INFO - [2024-12-27T02:17:14.298+0000] {dag.py:4180} INFO - Setting next_dagrun for example_kubernetes_executor to None, run_after=None
[2024-12-27T02:17:14.327+0000] {processor.py:208} INFO - Processing /home/airflow/.local/lib/python3.12/site-packages/airflow/example_dags/example_kubernetes_executor.py took 0.098 seconds
[2024-12-27T02:17:45.155+0000] {processor.py:186} INFO - Started process (PID=2715) to work on /home/airflow/.local/lib/python3.12/site-packages/airflow/example_dags/example_kubernetes_executor.py
[2024-12-27T02:17:45.157+0000] {processor.py:914} INFO - Processing file /home/airflow/.local/lib/python3.12/site-packages/airflow/example_dags/example_kubernetes_executor.py for tasks to queue
[2024-12-27T02:17:45.163+0000] {logging_mixin.py:190} INFO - [2024-12-27T02:17:45.163+0000] {dagbag.py:588} INFO - Filling up the DagBag from /home/airflow/.local/lib/python3.12/site-packages/airflow/example_dags/example_kubernetes_executor.py
[2024-12-27T02:17:45.202+0000] {processor.py:925} INFO - DAG(s) 'example_kubernetes_executor' retrieved from /home/airflow/.local/lib/python3.12/site-packages/airflow/example_dags/example_kubernetes_executor.py
[2024-12-27T02:17:45.272+0000] {logging_mixin.py:190} INFO - [2024-12-27T02:17:45.271+0000] {dag.py:3239} INFO - Sync 1 DAGs
[2024-12-27T02:17:45.304+0000] {logging_mixin.py:190} INFO - [2024-12-27T02:17:45.304+0000] {dag.py:4180} INFO - Setting next_dagrun for example_kubernetes_executor to None, run_after=None
[2024-12-27T02:17:45.348+0000] {processor.py:208} INFO - Processing /home/airflow/.local/lib/python3.12/site-packages/airflow/example_dags/example_kubernetes_executor.py took 0.210 seconds
[2024-12-27T02:18:15.833+0000] {processor.py:186} INFO - Started process (PID=2778) to work on /home/airflow/.local/lib/python3.12/site-packages/airflow/example_dags/example_kubernetes_executor.py
[2024-12-27T02:18:15.838+0000] {processor.py:914} INFO - Processing file /home/airflow/.local/lib/python3.12/site-packages/airflow/example_dags/example_kubernetes_executor.py for tasks to queue
[2024-12-27T02:18:15.845+0000] {logging_mixin.py:190} INFO - [2024-12-27T02:18:15.844+0000] {dagbag.py:588} INFO - Filling up the DagBag from /home/airflow/.local/lib/python3.12/site-packages/airflow/example_dags/example_kubernetes_executor.py
[2024-12-27T02:18:15.877+0000] {processor.py:925} INFO - DAG(s) 'example_kubernetes_executor' retrieved from /home/airflow/.local/lib/python3.12/site-packages/airflow/example_dags/example_kubernetes_executor.py
[2024-12-27T02:18:15.922+0000] {logging_mixin.py:190} INFO - [2024-12-27T02:18:15.921+0000] {dag.py:3239} INFO - Sync 1 DAGs
[2024-12-27T02:18:15.945+0000] {logging_mixin.py:190} INFO - [2024-12-27T02:18:15.945+0000] {dag.py:4180} INFO - Setting next_dagrun for example_kubernetes_executor to None, run_after=None
[2024-12-27T02:18:15.983+0000] {processor.py:208} INFO - Processing /home/airflow/.local/lib/python3.12/site-packages/airflow/example_dags/example_kubernetes_executor.py took 0.170 seconds
[2024-12-27T02:18:46.743+0000] {processor.py:186} INFO - Started process (PID=2841) to work on /home/airflow/.local/lib/python3.12/site-packages/airflow/example_dags/example_kubernetes_executor.py
[2024-12-27T02:18:46.745+0000] {processor.py:914} INFO - Processing file /home/airflow/.local/lib/python3.12/site-packages/airflow/example_dags/example_kubernetes_executor.py for tasks to queue
[2024-12-27T02:18:46.750+0000] {logging_mixin.py:190} INFO - [2024-12-27T02:18:46.749+0000] {dagbag.py:588} INFO - Filling up the DagBag from /home/airflow/.local/lib/python3.12/site-packages/airflow/example_dags/example_kubernetes_executor.py
[2024-12-27T02:18:46.775+0000] {processor.py:925} INFO - DAG(s) 'example_kubernetes_executor' retrieved from /home/airflow/.local/lib/python3.12/site-packages/airflow/example_dags/example_kubernetes_executor.py
[2024-12-27T02:18:46.820+0000] {logging_mixin.py:190} INFO - [2024-12-27T02:18:46.820+0000] {dag.py:3239} INFO - Sync 1 DAGs
[2024-12-27T02:18:46.842+0000] {logging_mixin.py:190} INFO - [2024-12-27T02:18:46.842+0000] {dag.py:4180} INFO - Setting next_dagrun for example_kubernetes_executor to None, run_after=None
[2024-12-27T02:18:46.875+0000] {processor.py:208} INFO - Processing /home/airflow/.local/lib/python3.12/site-packages/airflow/example_dags/example_kubernetes_executor.py took 0.141 seconds
[2024-12-27T02:19:17.590+0000] {processor.py:186} INFO - Started process (PID=2906) to work on /home/airflow/.local/lib/python3.12/site-packages/airflow/example_dags/example_kubernetes_executor.py
[2024-12-27T02:19:17.591+0000] {processor.py:914} INFO - Processing file /home/airflow/.local/lib/python3.12/site-packages/airflow/example_dags/example_kubernetes_executor.py for tasks to queue
[2024-12-27T02:19:17.595+0000] {logging_mixin.py:190} INFO - [2024-12-27T02:19:17.594+0000] {dagbag.py:588} INFO - Filling up the DagBag from /home/airflow/.local/lib/python3.12/site-packages/airflow/example_dags/example_kubernetes_executor.py
[2024-12-27T02:19:17.614+0000] {processor.py:925} INFO - DAG(s) 'example_kubernetes_executor' retrieved from /home/airflow/.local/lib/python3.12/site-packages/airflow/example_dags/example_kubernetes_executor.py
[2024-12-27T02:19:17.650+0000] {logging_mixin.py:190} INFO - [2024-12-27T02:19:17.649+0000] {dag.py:3239} INFO - Sync 1 DAGs
[2024-12-27T02:19:17.666+0000] {logging_mixin.py:190} INFO - [2024-12-27T02:19:17.666+0000] {dag.py:4180} INFO - Setting next_dagrun for example_kubernetes_executor to None, run_after=None
[2024-12-27T02:19:17.693+0000] {processor.py:208} INFO - Processing /home/airflow/.local/lib/python3.12/site-packages/airflow/example_dags/example_kubernetes_executor.py took 0.110 seconds
[2024-12-27T02:19:48.763+0000] {processor.py:186} INFO - Started process (PID=2972) to work on /home/airflow/.local/lib/python3.12/site-packages/airflow/example_dags/example_kubernetes_executor.py
[2024-12-27T02:19:48.764+0000] {processor.py:914} INFO - Processing file /home/airflow/.local/lib/python3.12/site-packages/airflow/example_dags/example_kubernetes_executor.py for tasks to queue
[2024-12-27T02:19:48.768+0000] {logging_mixin.py:190} INFO - [2024-12-27T02:19:48.767+0000] {dagbag.py:588} INFO - Filling up the DagBag from /home/airflow/.local/lib/python3.12/site-packages/airflow/example_dags/example_kubernetes_executor.py
[2024-12-27T02:19:48.786+0000] {processor.py:925} INFO - DAG(s) 'example_kubernetes_executor' retrieved from /home/airflow/.local/lib/python3.12/site-packages/airflow/example_dags/example_kubernetes_executor.py
[2024-12-27T02:19:48.826+0000] {logging_mixin.py:190} INFO - [2024-12-27T02:19:48.826+0000] {dag.py:3239} INFO - Sync 1 DAGs
[2024-12-27T02:19:48.847+0000] {logging_mixin.py:190} INFO - [2024-12-27T02:19:48.847+0000] {dag.py:4180} INFO - Setting next_dagrun for example_kubernetes_executor to None, run_after=None
[2024-12-27T02:19:48.879+0000] {processor.py:208} INFO - Processing /home/airflow/.local/lib/python3.12/site-packages/airflow/example_dags/example_kubernetes_executor.py took 0.123 seconds
[2024-12-27T02:20:19.025+0000] {processor.py:186} INFO - Started process (PID=3035) to work on /home/airflow/.local/lib/python3.12/site-packages/airflow/example_dags/example_kubernetes_executor.py
[2024-12-27T02:20:19.026+0000] {processor.py:914} INFO - Processing file /home/airflow/.local/lib/python3.12/site-packages/airflow/example_dags/example_kubernetes_executor.py for tasks to queue
[2024-12-27T02:20:19.030+0000] {logging_mixin.py:190} INFO - [2024-12-27T02:20:19.030+0000] {dagbag.py:588} INFO - Filling up the DagBag from /home/airflow/.local/lib/python3.12/site-packages/airflow/example_dags/example_kubernetes_executor.py
[2024-12-27T02:20:19.048+0000] {processor.py:925} INFO - DAG(s) 'example_kubernetes_executor' retrieved from /home/airflow/.local/lib/python3.12/site-packages/airflow/example_dags/example_kubernetes_executor.py
[2024-12-27T02:20:19.084+0000] {logging_mixin.py:190} INFO - [2024-12-27T02:20:19.084+0000] {dag.py:3239} INFO - Sync 1 DAGs
[2024-12-27T02:20:19.106+0000] {logging_mixin.py:190} INFO - [2024-12-27T02:20:19.105+0000] {dag.py:4180} INFO - Setting next_dagrun for example_kubernetes_executor to None, run_after=None
[2024-12-27T02:20:19.137+0000] {processor.py:208} INFO - Processing /home/airflow/.local/lib/python3.12/site-packages/airflow/example_dags/example_kubernetes_executor.py took 0.118 seconds
[2024-12-27T02:20:49.990+0000] {processor.py:186} INFO - Started process (PID=3099) to work on /home/airflow/.local/lib/python3.12/site-packages/airflow/example_dags/example_kubernetes_executor.py
[2024-12-27T02:20:49.991+0000] {processor.py:914} INFO - Processing file /home/airflow/.local/lib/python3.12/site-packages/airflow/example_dags/example_kubernetes_executor.py for tasks to queue
[2024-12-27T02:20:49.995+0000] {logging_mixin.py:190} INFO - [2024-12-27T02:20:49.994+0000] {dagbag.py:588} INFO - Filling up the DagBag from /home/airflow/.local/lib/python3.12/site-packages/airflow/example_dags/example_kubernetes_executor.py
[2024-12-27T02:20:50.015+0000] {processor.py:925} INFO - DAG(s) 'example_kubernetes_executor' retrieved from /home/airflow/.local/lib/python3.12/site-packages/airflow/example_dags/example_kubernetes_executor.py
[2024-12-27T02:20:50.046+0000] {logging_mixin.py:190} INFO - [2024-12-27T02:20:50.046+0000] {dag.py:3239} INFO - Sync 1 DAGs
[2024-12-27T02:20:50.062+0000] {logging_mixin.py:190} INFO - [2024-12-27T02:20:50.062+0000] {dag.py:4180} INFO - Setting next_dagrun for example_kubernetes_executor to None, run_after=None
[2024-12-27T02:20:50.090+0000] {processor.py:208} INFO - Processing /home/airflow/.local/lib/python3.12/site-packages/airflow/example_dags/example_kubernetes_executor.py took 0.106 seconds
[2024-12-27T02:21:20.381+0000] {processor.py:186} INFO - Started process (PID=3162) to work on /home/airflow/.local/lib/python3.12/site-packages/airflow/example_dags/example_kubernetes_executor.py
[2024-12-27T02:21:20.382+0000] {processor.py:914} INFO - Processing file /home/airflow/.local/lib/python3.12/site-packages/airflow/example_dags/example_kubernetes_executor.py for tasks to queue
[2024-12-27T02:21:20.385+0000] {logging_mixin.py:190} INFO - [2024-12-27T02:21:20.385+0000] {dagbag.py:588} INFO - Filling up the DagBag from /home/airflow/.local/lib/python3.12/site-packages/airflow/example_dags/example_kubernetes_executor.py
[2024-12-27T02:21:20.400+0000] {processor.py:925} INFO - DAG(s) 'example_kubernetes_executor' retrieved from /home/airflow/.local/lib/python3.12/site-packages/airflow/example_dags/example_kubernetes_executor.py
[2024-12-27T02:21:20.433+0000] {logging_mixin.py:190} INFO - [2024-12-27T02:21:20.433+0000] {dag.py:3239} INFO - Sync 1 DAGs
[2024-12-27T02:21:20.449+0000] {logging_mixin.py:190} INFO - [2024-12-27T02:21:20.449+0000] {dag.py:4180} INFO - Setting next_dagrun for example_kubernetes_executor to None, run_after=None
[2024-12-27T02:21:20.477+0000] {processor.py:208} INFO - Processing /home/airflow/.local/lib/python3.12/site-packages/airflow/example_dags/example_kubernetes_executor.py took 0.101 seconds
[2024-12-27T02:21:51.050+0000] {processor.py:186} INFO - Started process (PID=3225) to work on /home/airflow/.local/lib/python3.12/site-packages/airflow/example_dags/example_kubernetes_executor.py
[2024-12-27T02:21:51.051+0000] {processor.py:914} INFO - Processing file /home/airflow/.local/lib/python3.12/site-packages/airflow/example_dags/example_kubernetes_executor.py for tasks to queue
[2024-12-27T02:21:51.055+0000] {logging_mixin.py:190} INFO - [2024-12-27T02:21:51.054+0000] {dagbag.py:588} INFO - Filling up the DagBag from /home/airflow/.local/lib/python3.12/site-packages/airflow/example_dags/example_kubernetes_executor.py
[2024-12-27T02:21:51.069+0000] {processor.py:925} INFO - DAG(s) 'example_kubernetes_executor' retrieved from /home/airflow/.local/lib/python3.12/site-packages/airflow/example_dags/example_kubernetes_executor.py
[2024-12-27T02:21:51.099+0000] {logging_mixin.py:190} INFO - [2024-12-27T02:21:51.099+0000] {dag.py:3239} INFO - Sync 1 DAGs
[2024-12-27T02:21:51.114+0000] {logging_mixin.py:190} INFO - [2024-12-27T02:21:51.114+0000] {dag.py:4180} INFO - Setting next_dagrun for example_kubernetes_executor to None, run_after=None
[2024-12-27T02:21:51.142+0000] {processor.py:208} INFO - Processing /home/airflow/.local/lib/python3.12/site-packages/airflow/example_dags/example_kubernetes_executor.py took 0.097 seconds
[2024-12-27T02:22:21.634+0000] {processor.py:186} INFO - Started process (PID=3288) to work on /home/airflow/.local/lib/python3.12/site-packages/airflow/example_dags/example_kubernetes_executor.py
[2024-12-27T02:22:21.635+0000] {processor.py:914} INFO - Processing file /home/airflow/.local/lib/python3.12/site-packages/airflow/example_dags/example_kubernetes_executor.py for tasks to queue
[2024-12-27T02:22:21.638+0000] {logging_mixin.py:190} INFO - [2024-12-27T02:22:21.637+0000] {dagbag.py:588} INFO - Filling up the DagBag from /home/airflow/.local/lib/python3.12/site-packages/airflow/example_dags/example_kubernetes_executor.py
[2024-12-27T02:22:21.651+0000] {processor.py:925} INFO - DAG(s) 'example_kubernetes_executor' retrieved from /home/airflow/.local/lib/python3.12/site-packages/airflow/example_dags/example_kubernetes_executor.py
[2024-12-27T02:22:21.681+0000] {logging_mixin.py:190} INFO - [2024-12-27T02:22:21.680+0000] {dag.py:3239} INFO - Sync 1 DAGs
[2024-12-27T02:22:21.698+0000] {logging_mixin.py:190} INFO - [2024-12-27T02:22:21.697+0000] {dag.py:4180} INFO - Setting next_dagrun for example_kubernetes_executor to None, run_after=None
[2024-12-27T02:22:21.728+0000] {processor.py:208} INFO - Processing /home/airflow/.local/lib/python3.12/site-packages/airflow/example_dags/example_kubernetes_executor.py took 0.099 seconds
[2024-12-27T02:22:51.961+0000] {processor.py:186} INFO - Started process (PID=3351) to work on /home/airflow/.local/lib/python3.12/site-packages/airflow/example_dags/example_kubernetes_executor.py
[2024-12-27T02:22:51.962+0000] {processor.py:914} INFO - Processing file /home/airflow/.local/lib/python3.12/site-packages/airflow/example_dags/example_kubernetes_executor.py for tasks to queue
[2024-12-27T02:22:51.965+0000] {logging_mixin.py:190} INFO - [2024-12-27T02:22:51.965+0000] {dagbag.py:588} INFO - Filling up the DagBag from /home/airflow/.local/lib/python3.12/site-packages/airflow/example_dags/example_kubernetes_executor.py
[2024-12-27T02:22:51.980+0000] {processor.py:925} INFO - DAG(s) 'example_kubernetes_executor' retrieved from /home/airflow/.local/lib/python3.12/site-packages/airflow/example_dags/example_kubernetes_executor.py
[2024-12-27T02:22:52.013+0000] {logging_mixin.py:190} INFO - [2024-12-27T02:22:52.013+0000] {dag.py:3239} INFO - Sync 1 DAGs
[2024-12-27T02:22:52.030+0000] {logging_mixin.py:190} INFO - [2024-12-27T02:22:52.030+0000] {dag.py:4180} INFO - Setting next_dagrun for example_kubernetes_executor to None, run_after=None
[2024-12-27T02:22:52.054+0000] {processor.py:208} INFO - Processing /home/airflow/.local/lib/python3.12/site-packages/airflow/example_dags/example_kubernetes_executor.py took 0.100 seconds
[2024-12-27T02:23:22.479+0000] {processor.py:186} INFO - Started process (PID=3414) to work on /home/airflow/.local/lib/python3.12/site-packages/airflow/example_dags/example_kubernetes_executor.py
[2024-12-27T02:23:22.481+0000] {processor.py:914} INFO - Processing file /home/airflow/.local/lib/python3.12/site-packages/airflow/example_dags/example_kubernetes_executor.py for tasks to queue
[2024-12-27T02:23:22.486+0000] {logging_mixin.py:190} INFO - [2024-12-27T02:23:22.486+0000] {dagbag.py:588} INFO - Filling up the DagBag from /home/airflow/.local/lib/python3.12/site-packages/airflow/example_dags/example_kubernetes_executor.py
[2024-12-27T02:23:22.526+0000] {processor.py:925} INFO - DAG(s) 'example_kubernetes_executor' retrieved from /home/airflow/.local/lib/python3.12/site-packages/airflow/example_dags/example_kubernetes_executor.py
[2024-12-27T02:23:22.568+0000] {logging_mixin.py:190} INFO - [2024-12-27T02:23:22.568+0000] {dag.py:3239} INFO - Sync 1 DAGs
[2024-12-27T02:23:22.587+0000] {logging_mixin.py:190} INFO - [2024-12-27T02:23:22.587+0000] {dag.py:4180} INFO - Setting next_dagrun for example_kubernetes_executor to None, run_after=None
[2024-12-27T02:23:22.617+0000] {processor.py:208} INFO - Processing /home/airflow/.local/lib/python3.12/site-packages/airflow/example_dags/example_kubernetes_executor.py took 0.153 seconds
