[2024-12-27T01:56:31.166+0000] {processor.py:186} INFO - Started process (PID=107) to work on /home/airflow/.local/lib/python3.12/site-packages/airflow/example_dags/example_nested_branch_dag.py
[2024-12-27T01:56:31.167+0000] {processor.py:914} INFO - Processing file /home/airflow/.local/lib/python3.12/site-packages/airflow/example_dags/example_nested_branch_dag.py for tasks to queue
[2024-12-27T01:56:31.173+0000] {logging_mixin.py:190} INFO - [2024-12-27T01:56:31.170+0000] {dagbag.py:588} INFO - Filling up the DagBag from /home/airflow/.local/lib/python3.12/site-packages/airflow/example_dags/example_nested_branch_dag.py
[2024-12-27T01:56:31.187+0000] {processor.py:925} INFO - DAG(s) 'example_nested_branch_dag' retrieved from /home/airflow/.local/lib/python3.12/site-packages/airflow/example_dags/example_nested_branch_dag.py
[2024-12-27T01:56:31.442+0000] {logging_mixin.py:190} INFO - [2024-12-27T01:56:31.439+0000] {override.py:1911} INFO - Created Permission View: can read on DAG:example_nested_branch_dag
[2024-12-27T01:56:31.464+0000] {logging_mixin.py:190} INFO - [2024-12-27T01:56:31.464+0000] {override.py:1911} INFO - Created Permission View: can edit on DAG:example_nested_branch_dag
[2024-12-27T01:56:31.480+0000] {logging_mixin.py:190} INFO - [2024-12-27T01:56:31.480+0000] {override.py:1911} INFO - Created Permission View: can delete on DAG:example_nested_branch_dag
[2024-12-27T01:56:31.500+0000] {logging_mixin.py:190} INFO - [2024-12-27T01:56:31.499+0000] {override.py:1911} INFO - Created Permission View: menu access on DAG Run:example_nested_branch_dag
[2024-12-27T01:56:31.516+0000] {logging_mixin.py:190} INFO - [2024-12-27T01:56:31.515+0000] {override.py:1911} INFO - Created Permission View: can read on DAG Run:example_nested_branch_dag
[2024-12-27T01:56:31.531+0000] {logging_mixin.py:190} INFO - [2024-12-27T01:56:31.531+0000] {override.py:1911} INFO - Created Permission View: can create on DAG Run:example_nested_branch_dag
[2024-12-27T01:56:31.544+0000] {logging_mixin.py:190} INFO - [2024-12-27T01:56:31.544+0000] {override.py:1911} INFO - Created Permission View: can delete on DAG Run:example_nested_branch_dag
[2024-12-27T01:56:31.546+0000] {logging_mixin.py:190} INFO - [2024-12-27T01:56:31.545+0000] {dag.py:3239} INFO - Sync 1 DAGs
[2024-12-27T01:56:31.565+0000] {logging_mixin.py:190} INFO - [2024-12-27T01:56:31.565+0000] {dag.py:3262} INFO - Creating ORM DAG for example_nested_branch_dag
[2024-12-27T01:56:31.580+0000] {logging_mixin.py:190} INFO - [2024-12-27T01:56:31.579+0000] {dag.py:4180} INFO - Setting next_dagrun for example_nested_branch_dag to 2024-12-26 00:00:00+00:00, run_after=2024-12-27 00:00:00+00:00
[2024-12-27T01:56:31.613+0000] {processor.py:208} INFO - Processing /home/airflow/.local/lib/python3.12/site-packages/airflow/example_dags/example_nested_branch_dag.py took 0.454 seconds
[2024-12-27T01:57:02.269+0000] {processor.py:186} INFO - Started process (PID=170) to work on /home/airflow/.local/lib/python3.12/site-packages/airflow/example_dags/example_nested_branch_dag.py
[2024-12-27T01:57:02.277+0000] {processor.py:914} INFO - Processing file /home/airflow/.local/lib/python3.12/site-packages/airflow/example_dags/example_nested_branch_dag.py for tasks to queue
[2024-12-27T01:57:02.282+0000] {logging_mixin.py:190} INFO - [2024-12-27T01:57:02.280+0000] {dagbag.py:588} INFO - Filling up the DagBag from /home/airflow/.local/lib/python3.12/site-packages/airflow/example_dags/example_nested_branch_dag.py
[2024-12-27T01:57:02.302+0000] {processor.py:925} INFO - DAG(s) 'example_nested_branch_dag' retrieved from /home/airflow/.local/lib/python3.12/site-packages/airflow/example_dags/example_nested_branch_dag.py
[2024-12-27T01:57:02.330+0000] {logging_mixin.py:190} INFO - [2024-12-27T01:57:02.329+0000] {dag.py:3239} INFO - Sync 1 DAGs
[2024-12-27T01:57:02.358+0000] {logging_mixin.py:190} INFO - [2024-12-27T01:57:02.358+0000] {dag.py:4180} INFO - Setting next_dagrun for example_nested_branch_dag to 2024-12-26 00:00:00+00:00, run_after=2024-12-27 00:00:00+00:00
[2024-12-27T01:57:02.384+0000] {processor.py:208} INFO - Processing /home/airflow/.local/lib/python3.12/site-packages/airflow/example_dags/example_nested_branch_dag.py took 0.131 seconds
[2024-12-27T01:57:32.477+0000] {processor.py:186} INFO - Started process (PID=232) to work on /home/airflow/.local/lib/python3.12/site-packages/airflow/example_dags/example_nested_branch_dag.py
[2024-12-27T01:57:32.478+0000] {processor.py:914} INFO - Processing file /home/airflow/.local/lib/python3.12/site-packages/airflow/example_dags/example_nested_branch_dag.py for tasks to queue
[2024-12-27T01:57:32.481+0000] {logging_mixin.py:190} INFO - [2024-12-27T01:57:32.481+0000] {dagbag.py:588} INFO - Filling up the DagBag from /home/airflow/.local/lib/python3.12/site-packages/airflow/example_dags/example_nested_branch_dag.py
[2024-12-27T01:57:32.493+0000] {processor.py:925} INFO - DAG(s) 'example_nested_branch_dag' retrieved from /home/airflow/.local/lib/python3.12/site-packages/airflow/example_dags/example_nested_branch_dag.py
[2024-12-27T01:57:32.519+0000] {logging_mixin.py:190} INFO - [2024-12-27T01:57:32.518+0000] {dag.py:3239} INFO - Sync 1 DAGs
[2024-12-27T01:57:32.545+0000] {logging_mixin.py:190} INFO - [2024-12-27T01:57:32.545+0000] {dag.py:4180} INFO - Setting next_dagrun for example_nested_branch_dag to 2024-12-26 00:00:00+00:00, run_after=2024-12-27 00:00:00+00:00
[2024-12-27T01:57:32.570+0000] {processor.py:208} INFO - Processing /home/airflow/.local/lib/python3.12/site-packages/airflow/example_dags/example_nested_branch_dag.py took 0.098 seconds
[2024-12-27T01:58:04.306+0000] {processor.py:186} INFO - Started process (PID=295) to work on /home/airflow/.local/lib/python3.12/site-packages/airflow/example_dags/example_nested_branch_dag.py
[2024-12-27T01:58:04.307+0000] {processor.py:914} INFO - Processing file /home/airflow/.local/lib/python3.12/site-packages/airflow/example_dags/example_nested_branch_dag.py for tasks to queue
[2024-12-27T01:58:04.310+0000] {logging_mixin.py:190} INFO - [2024-12-27T01:58:04.310+0000] {dagbag.py:588} INFO - Filling up the DagBag from /home/airflow/.local/lib/python3.12/site-packages/airflow/example_dags/example_nested_branch_dag.py
[2024-12-27T01:58:04.321+0000] {processor.py:925} INFO - DAG(s) 'example_nested_branch_dag' retrieved from /home/airflow/.local/lib/python3.12/site-packages/airflow/example_dags/example_nested_branch_dag.py
[2024-12-27T01:58:04.348+0000] {logging_mixin.py:190} INFO - [2024-12-27T01:58:04.348+0000] {dag.py:3239} INFO - Sync 1 DAGs
[2024-12-27T01:58:04.375+0000] {logging_mixin.py:190} INFO - [2024-12-27T01:58:04.375+0000] {dag.py:4180} INFO - Setting next_dagrun for example_nested_branch_dag to 2024-12-26 00:00:00+00:00, run_after=2024-12-27 00:00:00+00:00
[2024-12-27T01:58:04.402+0000] {processor.py:208} INFO - Processing /home/airflow/.local/lib/python3.12/site-packages/airflow/example_dags/example_nested_branch_dag.py took 0.102 seconds
[2024-12-27T01:58:35.403+0000] {processor.py:186} INFO - Started process (PID=358) to work on /home/airflow/.local/lib/python3.12/site-packages/airflow/example_dags/example_nested_branch_dag.py
[2024-12-27T01:58:35.404+0000] {processor.py:914} INFO - Processing file /home/airflow/.local/lib/python3.12/site-packages/airflow/example_dags/example_nested_branch_dag.py for tasks to queue
[2024-12-27T01:58:35.408+0000] {logging_mixin.py:190} INFO - [2024-12-27T01:58:35.407+0000] {dagbag.py:588} INFO - Filling up the DagBag from /home/airflow/.local/lib/python3.12/site-packages/airflow/example_dags/example_nested_branch_dag.py
[2024-12-27T01:58:35.418+0000] {processor.py:925} INFO - DAG(s) 'example_nested_branch_dag' retrieved from /home/airflow/.local/lib/python3.12/site-packages/airflow/example_dags/example_nested_branch_dag.py
[2024-12-27T01:58:35.443+0000] {logging_mixin.py:190} INFO - [2024-12-27T01:58:35.442+0000] {dag.py:3239} INFO - Sync 1 DAGs
[2024-12-27T01:58:35.470+0000] {logging_mixin.py:190} INFO - [2024-12-27T01:58:35.470+0000] {dag.py:4180} INFO - Setting next_dagrun for example_nested_branch_dag to 2024-12-26 00:00:00+00:00, run_after=2024-12-27 00:00:00+00:00
[2024-12-27T01:58:35.497+0000] {processor.py:208} INFO - Processing /home/airflow/.local/lib/python3.12/site-packages/airflow/example_dags/example_nested_branch_dag.py took 0.098 seconds
[2024-12-27T01:59:06.760+0000] {processor.py:186} INFO - Started process (PID=421) to work on /home/airflow/.local/lib/python3.12/site-packages/airflow/example_dags/example_nested_branch_dag.py
[2024-12-27T01:59:06.761+0000] {processor.py:914} INFO - Processing file /home/airflow/.local/lib/python3.12/site-packages/airflow/example_dags/example_nested_branch_dag.py for tasks to queue
[2024-12-27T01:59:06.765+0000] {logging_mixin.py:190} INFO - [2024-12-27T01:59:06.765+0000] {dagbag.py:588} INFO - Filling up the DagBag from /home/airflow/.local/lib/python3.12/site-packages/airflow/example_dags/example_nested_branch_dag.py
[2024-12-27T01:59:06.775+0000] {processor.py:925} INFO - DAG(s) 'example_nested_branch_dag' retrieved from /home/airflow/.local/lib/python3.12/site-packages/airflow/example_dags/example_nested_branch_dag.py
[2024-12-27T01:59:06.800+0000] {logging_mixin.py:190} INFO - [2024-12-27T01:59:06.800+0000] {dag.py:3239} INFO - Sync 1 DAGs
[2024-12-27T01:59:06.828+0000] {logging_mixin.py:190} INFO - [2024-12-27T01:59:06.828+0000] {dag.py:4180} INFO - Setting next_dagrun for example_nested_branch_dag to 2024-12-26 00:00:00+00:00, run_after=2024-12-27 00:00:00+00:00
[2024-12-27T01:59:06.856+0000] {processor.py:208} INFO - Processing /home/airflow/.local/lib/python3.12/site-packages/airflow/example_dags/example_nested_branch_dag.py took 0.101 seconds
[2024-12-27T01:59:38.302+0000] {processor.py:186} INFO - Started process (PID=484) to work on /home/airflow/.local/lib/python3.12/site-packages/airflow/example_dags/example_nested_branch_dag.py
[2024-12-27T01:59:38.303+0000] {processor.py:914} INFO - Processing file /home/airflow/.local/lib/python3.12/site-packages/airflow/example_dags/example_nested_branch_dag.py for tasks to queue
[2024-12-27T01:59:38.306+0000] {logging_mixin.py:190} INFO - [2024-12-27T01:59:38.306+0000] {dagbag.py:588} INFO - Filling up the DagBag from /home/airflow/.local/lib/python3.12/site-packages/airflow/example_dags/example_nested_branch_dag.py
[2024-12-27T01:59:38.318+0000] {processor.py:925} INFO - DAG(s) 'example_nested_branch_dag' retrieved from /home/airflow/.local/lib/python3.12/site-packages/airflow/example_dags/example_nested_branch_dag.py
[2024-12-27T01:59:38.346+0000] {logging_mixin.py:190} INFO - [2024-12-27T01:59:38.346+0000] {dag.py:3239} INFO - Sync 1 DAGs
[2024-12-27T01:59:38.374+0000] {logging_mixin.py:190} INFO - [2024-12-27T01:59:38.374+0000] {dag.py:4180} INFO - Setting next_dagrun for example_nested_branch_dag to 2024-12-26 00:00:00+00:00, run_after=2024-12-27 00:00:00+00:00
[2024-12-27T01:59:38.403+0000] {processor.py:208} INFO - Processing /home/airflow/.local/lib/python3.12/site-packages/airflow/example_dags/example_nested_branch_dag.py took 0.106 seconds
[2024-12-27T02:00:09.846+0000] {processor.py:186} INFO - Started process (PID=547) to work on /home/airflow/.local/lib/python3.12/site-packages/airflow/example_dags/example_nested_branch_dag.py
[2024-12-27T02:00:09.848+0000] {processor.py:914} INFO - Processing file /home/airflow/.local/lib/python3.12/site-packages/airflow/example_dags/example_nested_branch_dag.py for tasks to queue
[2024-12-27T02:00:09.851+0000] {logging_mixin.py:190} INFO - [2024-12-27T02:00:09.850+0000] {dagbag.py:588} INFO - Filling up the DagBag from /home/airflow/.local/lib/python3.12/site-packages/airflow/example_dags/example_nested_branch_dag.py
[2024-12-27T02:00:09.860+0000] {processor.py:925} INFO - DAG(s) 'example_nested_branch_dag' retrieved from /home/airflow/.local/lib/python3.12/site-packages/airflow/example_dags/example_nested_branch_dag.py
[2024-12-27T02:00:09.889+0000] {logging_mixin.py:190} INFO - [2024-12-27T02:00:09.889+0000] {dag.py:3239} INFO - Sync 1 DAGs
[2024-12-27T02:00:09.915+0000] {logging_mixin.py:190} INFO - [2024-12-27T02:00:09.915+0000] {dag.py:4180} INFO - Setting next_dagrun for example_nested_branch_dag to 2024-12-26 00:00:00+00:00, run_after=2024-12-27 00:00:00+00:00
[2024-12-27T02:00:09.940+0000] {processor.py:208} INFO - Processing /home/airflow/.local/lib/python3.12/site-packages/airflow/example_dags/example_nested_branch_dag.py took 0.099 seconds
[2024-12-27T02:00:41.264+0000] {processor.py:186} INFO - Started process (PID=610) to work on /home/airflow/.local/lib/python3.12/site-packages/airflow/example_dags/example_nested_branch_dag.py
[2024-12-27T02:00:41.265+0000] {processor.py:914} INFO - Processing file /home/airflow/.local/lib/python3.12/site-packages/airflow/example_dags/example_nested_branch_dag.py for tasks to queue
[2024-12-27T02:00:41.268+0000] {logging_mixin.py:190} INFO - [2024-12-27T02:00:41.268+0000] {dagbag.py:588} INFO - Filling up the DagBag from /home/airflow/.local/lib/python3.12/site-packages/airflow/example_dags/example_nested_branch_dag.py
[2024-12-27T02:00:41.285+0000] {processor.py:925} INFO - DAG(s) 'example_nested_branch_dag' retrieved from /home/airflow/.local/lib/python3.12/site-packages/airflow/example_dags/example_nested_branch_dag.py
[2024-12-27T02:00:41.313+0000] {logging_mixin.py:190} INFO - [2024-12-27T02:00:41.313+0000] {dag.py:3239} INFO - Sync 1 DAGs
[2024-12-27T02:00:41.338+0000] {logging_mixin.py:190} INFO - [2024-12-27T02:00:41.337+0000] {dag.py:4180} INFO - Setting next_dagrun for example_nested_branch_dag to 2024-12-26 00:00:00+00:00, run_after=2024-12-27 00:00:00+00:00
[2024-12-27T02:00:41.363+0000] {processor.py:208} INFO - Processing /home/airflow/.local/lib/python3.12/site-packages/airflow/example_dags/example_nested_branch_dag.py took 0.106 seconds
[2024-12-27T02:01:12.686+0000] {processor.py:186} INFO - Started process (PID=673) to work on /home/airflow/.local/lib/python3.12/site-packages/airflow/example_dags/example_nested_branch_dag.py
[2024-12-27T02:01:12.688+0000] {processor.py:914} INFO - Processing file /home/airflow/.local/lib/python3.12/site-packages/airflow/example_dags/example_nested_branch_dag.py for tasks to queue
[2024-12-27T02:01:12.691+0000] {logging_mixin.py:190} INFO - [2024-12-27T02:01:12.690+0000] {dagbag.py:588} INFO - Filling up the DagBag from /home/airflow/.local/lib/python3.12/site-packages/airflow/example_dags/example_nested_branch_dag.py
[2024-12-27T02:01:12.703+0000] {processor.py:925} INFO - DAG(s) 'example_nested_branch_dag' retrieved from /home/airflow/.local/lib/python3.12/site-packages/airflow/example_dags/example_nested_branch_dag.py
[2024-12-27T02:01:12.727+0000] {logging_mixin.py:190} INFO - [2024-12-27T02:01:12.727+0000] {dag.py:3239} INFO - Sync 1 DAGs
[2024-12-27T02:01:12.754+0000] {logging_mixin.py:190} INFO - [2024-12-27T02:01:12.754+0000] {dag.py:4180} INFO - Setting next_dagrun for example_nested_branch_dag to 2024-12-26 00:00:00+00:00, run_after=2024-12-27 00:00:00+00:00
[2024-12-27T02:01:12.779+0000] {processor.py:208} INFO - Processing /home/airflow/.local/lib/python3.12/site-packages/airflow/example_dags/example_nested_branch_dag.py took 0.098 seconds
[2024-12-27T02:01:43.672+0000] {processor.py:186} INFO - Started process (PID=736) to work on /home/airflow/.local/lib/python3.12/site-packages/airflow/example_dags/example_nested_branch_dag.py
[2024-12-27T02:01:43.673+0000] {processor.py:914} INFO - Processing file /home/airflow/.local/lib/python3.12/site-packages/airflow/example_dags/example_nested_branch_dag.py for tasks to queue
[2024-12-27T02:01:43.677+0000] {logging_mixin.py:190} INFO - [2024-12-27T02:01:43.676+0000] {dagbag.py:588} INFO - Filling up the DagBag from /home/airflow/.local/lib/python3.12/site-packages/airflow/example_dags/example_nested_branch_dag.py
[2024-12-27T02:01:43.695+0000] {processor.py:925} INFO - DAG(s) 'example_nested_branch_dag' retrieved from /home/airflow/.local/lib/python3.12/site-packages/airflow/example_dags/example_nested_branch_dag.py
[2024-12-27T02:01:43.729+0000] {logging_mixin.py:190} INFO - [2024-12-27T02:01:43.728+0000] {dag.py:3239} INFO - Sync 1 DAGs
[2024-12-27T02:01:43.769+0000] {logging_mixin.py:190} INFO - [2024-12-27T02:01:43.769+0000] {dag.py:4180} INFO - Setting next_dagrun for example_nested_branch_dag to 2024-12-26 00:00:00+00:00, run_after=2024-12-27 00:00:00+00:00
[2024-12-27T02:01:43.811+0000] {processor.py:208} INFO - Processing /home/airflow/.local/lib/python3.12/site-packages/airflow/example_dags/example_nested_branch_dag.py took 0.148 seconds
[2024-12-27T02:02:16.439+0000] {processor.py:186} INFO - Started process (PID=799) to work on /home/airflow/.local/lib/python3.12/site-packages/airflow/example_dags/example_nested_branch_dag.py
[2024-12-27T02:02:16.440+0000] {processor.py:914} INFO - Processing file /home/airflow/.local/lib/python3.12/site-packages/airflow/example_dags/example_nested_branch_dag.py for tasks to queue
[2024-12-27T02:02:16.444+0000] {logging_mixin.py:190} INFO - [2024-12-27T02:02:16.444+0000] {dagbag.py:588} INFO - Filling up the DagBag from /home/airflow/.local/lib/python3.12/site-packages/airflow/example_dags/example_nested_branch_dag.py
[2024-12-27T02:02:16.459+0000] {processor.py:925} INFO - DAG(s) 'example_nested_branch_dag' retrieved from /home/airflow/.local/lib/python3.12/site-packages/airflow/example_dags/example_nested_branch_dag.py
[2024-12-27T02:02:16.484+0000] {logging_mixin.py:190} INFO - [2024-12-27T02:02:16.484+0000] {dag.py:3239} INFO - Sync 1 DAGs
[2024-12-27T02:02:16.521+0000] {logging_mixin.py:190} INFO - [2024-12-27T02:02:16.521+0000] {dag.py:4180} INFO - Setting next_dagrun for example_nested_branch_dag to 2024-12-26 00:00:00+00:00, run_after=2024-12-27 00:00:00+00:00
[2024-12-27T02:02:16.558+0000] {processor.py:208} INFO - Processing /home/airflow/.local/lib/python3.12/site-packages/airflow/example_dags/example_nested_branch_dag.py took 0.124 seconds
[2024-12-27T02:02:47.282+0000] {processor.py:186} INFO - Started process (PID=862) to work on /home/airflow/.local/lib/python3.12/site-packages/airflow/example_dags/example_nested_branch_dag.py
[2024-12-27T02:02:47.284+0000] {processor.py:914} INFO - Processing file /home/airflow/.local/lib/python3.12/site-packages/airflow/example_dags/example_nested_branch_dag.py for tasks to queue
[2024-12-27T02:02:47.286+0000] {logging_mixin.py:190} INFO - [2024-12-27T02:02:47.286+0000] {dagbag.py:588} INFO - Filling up the DagBag from /home/airflow/.local/lib/python3.12/site-packages/airflow/example_dags/example_nested_branch_dag.py
[2024-12-27T02:02:47.297+0000] {processor.py:925} INFO - DAG(s) 'example_nested_branch_dag' retrieved from /home/airflow/.local/lib/python3.12/site-packages/airflow/example_dags/example_nested_branch_dag.py
[2024-12-27T02:02:47.324+0000] {logging_mixin.py:190} INFO - [2024-12-27T02:02:47.324+0000] {dag.py:3239} INFO - Sync 1 DAGs
[2024-12-27T02:02:47.354+0000] {logging_mixin.py:190} INFO - [2024-12-27T02:02:47.354+0000] {dag.py:4180} INFO - Setting next_dagrun for example_nested_branch_dag to 2024-12-26 00:00:00+00:00, run_after=2024-12-27 00:00:00+00:00
[2024-12-27T02:02:47.388+0000] {processor.py:208} INFO - Processing /home/airflow/.local/lib/python3.12/site-packages/airflow/example_dags/example_nested_branch_dag.py took 0.112 seconds
[2024-12-27T02:03:17.511+0000] {processor.py:186} INFO - Started process (PID=924) to work on /home/airflow/.local/lib/python3.12/site-packages/airflow/example_dags/example_nested_branch_dag.py
[2024-12-27T02:03:17.512+0000] {processor.py:914} INFO - Processing file /home/airflow/.local/lib/python3.12/site-packages/airflow/example_dags/example_nested_branch_dag.py for tasks to queue
[2024-12-27T02:03:17.515+0000] {logging_mixin.py:190} INFO - [2024-12-27T02:03:17.515+0000] {dagbag.py:588} INFO - Filling up the DagBag from /home/airflow/.local/lib/python3.12/site-packages/airflow/example_dags/example_nested_branch_dag.py
[2024-12-27T02:03:17.528+0000] {processor.py:925} INFO - DAG(s) 'example_nested_branch_dag' retrieved from /home/airflow/.local/lib/python3.12/site-packages/airflow/example_dags/example_nested_branch_dag.py
[2024-12-27T02:03:17.557+0000] {logging_mixin.py:190} INFO - [2024-12-27T02:03:17.556+0000] {dag.py:3239} INFO - Sync 1 DAGs
[2024-12-27T02:03:17.586+0000] {logging_mixin.py:190} INFO - [2024-12-27T02:03:17.585+0000] {dag.py:4180} INFO - Setting next_dagrun for example_nested_branch_dag to 2024-12-26 00:00:00+00:00, run_after=2024-12-27 00:00:00+00:00
[2024-12-27T02:03:17.780+0000] {processor.py:208} INFO - Processing /home/airflow/.local/lib/python3.12/site-packages/airflow/example_dags/example_nested_branch_dag.py took 0.274 seconds
[2024-12-27T02:03:48.156+0000] {processor.py:186} INFO - Started process (PID=986) to work on /home/airflow/.local/lib/python3.12/site-packages/airflow/example_dags/example_nested_branch_dag.py
[2024-12-27T02:03:48.157+0000] {processor.py:914} INFO - Processing file /home/airflow/.local/lib/python3.12/site-packages/airflow/example_dags/example_nested_branch_dag.py for tasks to queue
[2024-12-27T02:03:48.160+0000] {logging_mixin.py:190} INFO - [2024-12-27T02:03:48.160+0000] {dagbag.py:588} INFO - Filling up the DagBag from /home/airflow/.local/lib/python3.12/site-packages/airflow/example_dags/example_nested_branch_dag.py
[2024-12-27T02:03:48.173+0000] {processor.py:925} INFO - DAG(s) 'example_nested_branch_dag' retrieved from /home/airflow/.local/lib/python3.12/site-packages/airflow/example_dags/example_nested_branch_dag.py
[2024-12-27T02:03:48.200+0000] {logging_mixin.py:190} INFO - [2024-12-27T02:03:48.199+0000] {dag.py:3239} INFO - Sync 1 DAGs
[2024-12-27T02:03:48.225+0000] {logging_mixin.py:190} INFO - [2024-12-27T02:03:48.225+0000] {dag.py:4180} INFO - Setting next_dagrun for example_nested_branch_dag to 2024-12-26 00:00:00+00:00, run_after=2024-12-27 00:00:00+00:00
[2024-12-27T02:03:48.254+0000] {processor.py:208} INFO - Processing /home/airflow/.local/lib/python3.12/site-packages/airflow/example_dags/example_nested_branch_dag.py took 0.103 seconds
[2024-12-27T02:04:19.514+0000] {processor.py:186} INFO - Started process (PID=1049) to work on /home/airflow/.local/lib/python3.12/site-packages/airflow/example_dags/example_nested_branch_dag.py
[2024-12-27T02:04:19.515+0000] {processor.py:914} INFO - Processing file /home/airflow/.local/lib/python3.12/site-packages/airflow/example_dags/example_nested_branch_dag.py for tasks to queue
[2024-12-27T02:04:19.517+0000] {logging_mixin.py:190} INFO - [2024-12-27T02:04:19.517+0000] {dagbag.py:588} INFO - Filling up the DagBag from /home/airflow/.local/lib/python3.12/site-packages/airflow/example_dags/example_nested_branch_dag.py
[2024-12-27T02:04:19.528+0000] {processor.py:925} INFO - DAG(s) 'example_nested_branch_dag' retrieved from /home/airflow/.local/lib/python3.12/site-packages/airflow/example_dags/example_nested_branch_dag.py
[2024-12-27T02:04:19.556+0000] {logging_mixin.py:190} INFO - [2024-12-27T02:04:19.555+0000] {dag.py:3239} INFO - Sync 1 DAGs
[2024-12-27T02:04:19.583+0000] {logging_mixin.py:190} INFO - [2024-12-27T02:04:19.582+0000] {dag.py:4180} INFO - Setting next_dagrun for example_nested_branch_dag to 2024-12-26 00:00:00+00:00, run_after=2024-12-27 00:00:00+00:00
[2024-12-27T02:04:19.610+0000] {processor.py:208} INFO - Processing /home/airflow/.local/lib/python3.12/site-packages/airflow/example_dags/example_nested_branch_dag.py took 0.101 seconds
[2024-12-27T02:04:50.624+0000] {processor.py:186} INFO - Started process (PID=1113) to work on /home/airflow/.local/lib/python3.12/site-packages/airflow/example_dags/example_nested_branch_dag.py
[2024-12-27T02:04:50.626+0000] {processor.py:914} INFO - Processing file /home/airflow/.local/lib/python3.12/site-packages/airflow/example_dags/example_nested_branch_dag.py for tasks to queue
[2024-12-27T02:04:50.628+0000] {logging_mixin.py:190} INFO - [2024-12-27T02:04:50.628+0000] {dagbag.py:588} INFO - Filling up the DagBag from /home/airflow/.local/lib/python3.12/site-packages/airflow/example_dags/example_nested_branch_dag.py
[2024-12-27T02:04:50.641+0000] {processor.py:925} INFO - DAG(s) 'example_nested_branch_dag' retrieved from /home/airflow/.local/lib/python3.12/site-packages/airflow/example_dags/example_nested_branch_dag.py
[2024-12-27T02:04:50.668+0000] {logging_mixin.py:190} INFO - [2024-12-27T02:04:50.668+0000] {dag.py:3239} INFO - Sync 1 DAGs
[2024-12-27T02:04:50.696+0000] {logging_mixin.py:190} INFO - [2024-12-27T02:04:50.696+0000] {dag.py:4180} INFO - Setting next_dagrun for example_nested_branch_dag to 2024-12-26 00:00:00+00:00, run_after=2024-12-27 00:00:00+00:00
[2024-12-27T02:04:50.722+0000] {processor.py:208} INFO - Processing /home/airflow/.local/lib/python3.12/site-packages/airflow/example_dags/example_nested_branch_dag.py took 0.102 seconds
[2024-12-27T02:05:20.876+0000] {processor.py:186} INFO - Started process (PID=1176) to work on /home/airflow/.local/lib/python3.12/site-packages/airflow/example_dags/example_nested_branch_dag.py
[2024-12-27T02:05:20.877+0000] {processor.py:914} INFO - Processing file /home/airflow/.local/lib/python3.12/site-packages/airflow/example_dags/example_nested_branch_dag.py for tasks to queue
[2024-12-27T02:05:20.880+0000] {logging_mixin.py:190} INFO - [2024-12-27T02:05:20.880+0000] {dagbag.py:588} INFO - Filling up the DagBag from /home/airflow/.local/lib/python3.12/site-packages/airflow/example_dags/example_nested_branch_dag.py
[2024-12-27T02:05:20.892+0000] {processor.py:925} INFO - DAG(s) 'example_nested_branch_dag' retrieved from /home/airflow/.local/lib/python3.12/site-packages/airflow/example_dags/example_nested_branch_dag.py
[2024-12-27T02:05:20.915+0000] {logging_mixin.py:190} INFO - [2024-12-27T02:05:20.915+0000] {dag.py:3239} INFO - Sync 1 DAGs
[2024-12-27T02:05:20.942+0000] {logging_mixin.py:190} INFO - [2024-12-27T02:05:20.942+0000] {dag.py:4180} INFO - Setting next_dagrun for example_nested_branch_dag to 2024-12-26 00:00:00+00:00, run_after=2024-12-27 00:00:00+00:00
[2024-12-27T02:05:20.973+0000] {processor.py:208} INFO - Processing /home/airflow/.local/lib/python3.12/site-packages/airflow/example_dags/example_nested_branch_dag.py took 0.102 seconds
[2024-12-27T02:05:51.179+0000] {processor.py:186} INFO - Started process (PID=1238) to work on /home/airflow/.local/lib/python3.12/site-packages/airflow/example_dags/example_nested_branch_dag.py
[2024-12-27T02:05:51.180+0000] {processor.py:914} INFO - Processing file /home/airflow/.local/lib/python3.12/site-packages/airflow/example_dags/example_nested_branch_dag.py for tasks to queue
[2024-12-27T02:05:51.183+0000] {logging_mixin.py:190} INFO - [2024-12-27T02:05:51.183+0000] {dagbag.py:588} INFO - Filling up the DagBag from /home/airflow/.local/lib/python3.12/site-packages/airflow/example_dags/example_nested_branch_dag.py
[2024-12-27T02:05:51.196+0000] {processor.py:925} INFO - DAG(s) 'example_nested_branch_dag' retrieved from /home/airflow/.local/lib/python3.12/site-packages/airflow/example_dags/example_nested_branch_dag.py
[2024-12-27T02:05:51.224+0000] {logging_mixin.py:190} INFO - [2024-12-27T02:05:51.223+0000] {dag.py:3239} INFO - Sync 1 DAGs
[2024-12-27T02:05:51.248+0000] {logging_mixin.py:190} INFO - [2024-12-27T02:05:51.248+0000] {dag.py:4180} INFO - Setting next_dagrun for example_nested_branch_dag to 2024-12-26 00:00:00+00:00, run_after=2024-12-27 00:00:00+00:00
[2024-12-27T02:05:51.276+0000] {processor.py:208} INFO - Processing /home/airflow/.local/lib/python3.12/site-packages/airflow/example_dags/example_nested_branch_dag.py took 0.102 seconds
[2024-12-27T02:06:21.562+0000] {processor.py:186} INFO - Started process (PID=1301) to work on /home/airflow/.local/lib/python3.12/site-packages/airflow/example_dags/example_nested_branch_dag.py
[2024-12-27T02:06:21.564+0000] {processor.py:914} INFO - Processing file /home/airflow/.local/lib/python3.12/site-packages/airflow/example_dags/example_nested_branch_dag.py for tasks to queue
[2024-12-27T02:06:21.566+0000] {logging_mixin.py:190} INFO - [2024-12-27T02:06:21.566+0000] {dagbag.py:588} INFO - Filling up the DagBag from /home/airflow/.local/lib/python3.12/site-packages/airflow/example_dags/example_nested_branch_dag.py
[2024-12-27T02:06:21.579+0000] {processor.py:925} INFO - DAG(s) 'example_nested_branch_dag' retrieved from /home/airflow/.local/lib/python3.12/site-packages/airflow/example_dags/example_nested_branch_dag.py
[2024-12-27T02:06:21.606+0000] {logging_mixin.py:190} INFO - [2024-12-27T02:06:21.605+0000] {dag.py:3239} INFO - Sync 1 DAGs
[2024-12-27T02:06:21.631+0000] {logging_mixin.py:190} INFO - [2024-12-27T02:06:21.630+0000] {dag.py:4180} INFO - Setting next_dagrun for example_nested_branch_dag to 2024-12-26 00:00:00+00:00, run_after=2024-12-27 00:00:00+00:00
[2024-12-27T02:06:21.657+0000] {processor.py:208} INFO - Processing /home/airflow/.local/lib/python3.12/site-packages/airflow/example_dags/example_nested_branch_dag.py took 0.100 seconds
[2024-12-27T02:06:52.400+0000] {processor.py:186} INFO - Started process (PID=1364) to work on /home/airflow/.local/lib/python3.12/site-packages/airflow/example_dags/example_nested_branch_dag.py
[2024-12-27T02:06:52.402+0000] {processor.py:914} INFO - Processing file /home/airflow/.local/lib/python3.12/site-packages/airflow/example_dags/example_nested_branch_dag.py for tasks to queue
[2024-12-27T02:06:52.405+0000] {logging_mixin.py:190} INFO - [2024-12-27T02:06:52.405+0000] {dagbag.py:588} INFO - Filling up the DagBag from /home/airflow/.local/lib/python3.12/site-packages/airflow/example_dags/example_nested_branch_dag.py
[2024-12-27T02:06:52.418+0000] {processor.py:925} INFO - DAG(s) 'example_nested_branch_dag' retrieved from /home/airflow/.local/lib/python3.12/site-packages/airflow/example_dags/example_nested_branch_dag.py
[2024-12-27T02:06:52.445+0000] {logging_mixin.py:190} INFO - [2024-12-27T02:06:52.445+0000] {dag.py:3239} INFO - Sync 1 DAGs
[2024-12-27T02:06:52.471+0000] {logging_mixin.py:190} INFO - [2024-12-27T02:06:52.471+0000] {dag.py:4180} INFO - Setting next_dagrun for example_nested_branch_dag to 2024-12-26 00:00:00+00:00, run_after=2024-12-27 00:00:00+00:00
[2024-12-27T02:06:52.497+0000] {processor.py:208} INFO - Processing /home/airflow/.local/lib/python3.12/site-packages/airflow/example_dags/example_nested_branch_dag.py took 0.102 seconds
[2024-12-27T02:07:22.601+0000] {processor.py:186} INFO - Started process (PID=1426) to work on /home/airflow/.local/lib/python3.12/site-packages/airflow/example_dags/example_nested_branch_dag.py
[2024-12-27T02:07:22.602+0000] {processor.py:914} INFO - Processing file /home/airflow/.local/lib/python3.12/site-packages/airflow/example_dags/example_nested_branch_dag.py for tasks to queue
[2024-12-27T02:07:22.605+0000] {logging_mixin.py:190} INFO - [2024-12-27T02:07:22.605+0000] {dagbag.py:588} INFO - Filling up the DagBag from /home/airflow/.local/lib/python3.12/site-packages/airflow/example_dags/example_nested_branch_dag.py
[2024-12-27T02:07:22.617+0000] {processor.py:925} INFO - DAG(s) 'example_nested_branch_dag' retrieved from /home/airflow/.local/lib/python3.12/site-packages/airflow/example_dags/example_nested_branch_dag.py
[2024-12-27T02:07:22.644+0000] {logging_mixin.py:190} INFO - [2024-12-27T02:07:22.644+0000] {dag.py:3239} INFO - Sync 1 DAGs
[2024-12-27T02:07:22.669+0000] {logging_mixin.py:190} INFO - [2024-12-27T02:07:22.668+0000] {dag.py:4180} INFO - Setting next_dagrun for example_nested_branch_dag to 2024-12-26 00:00:00+00:00, run_after=2024-12-27 00:00:00+00:00
[2024-12-27T02:07:22.697+0000] {processor.py:208} INFO - Processing /home/airflow/.local/lib/python3.12/site-packages/airflow/example_dags/example_nested_branch_dag.py took 0.100 seconds
[2024-12-27T02:07:53.515+0000] {processor.py:186} INFO - Started process (PID=1490) to work on /home/airflow/.local/lib/python3.12/site-packages/airflow/example_dags/example_nested_branch_dag.py
[2024-12-27T02:07:53.517+0000] {processor.py:914} INFO - Processing file /home/airflow/.local/lib/python3.12/site-packages/airflow/example_dags/example_nested_branch_dag.py for tasks to queue
[2024-12-27T02:07:53.519+0000] {logging_mixin.py:190} INFO - [2024-12-27T02:07:53.519+0000] {dagbag.py:588} INFO - Filling up the DagBag from /home/airflow/.local/lib/python3.12/site-packages/airflow/example_dags/example_nested_branch_dag.py
[2024-12-27T02:07:53.531+0000] {processor.py:925} INFO - DAG(s) 'example_nested_branch_dag' retrieved from /home/airflow/.local/lib/python3.12/site-packages/airflow/example_dags/example_nested_branch_dag.py
[2024-12-27T02:07:53.574+0000] {logging_mixin.py:190} INFO - [2024-12-27T02:07:53.573+0000] {dag.py:3239} INFO - Sync 1 DAGs
[2024-12-27T02:07:53.603+0000] {logging_mixin.py:190} INFO - [2024-12-27T02:07:53.602+0000] {dag.py:4180} INFO - Setting next_dagrun for example_nested_branch_dag to 2024-12-26 00:00:00+00:00, run_after=2024-12-27 00:00:00+00:00
[2024-12-27T02:07:53.630+0000] {processor.py:208} INFO - Processing /home/airflow/.local/lib/python3.12/site-packages/airflow/example_dags/example_nested_branch_dag.py took 0.120 seconds
[2024-12-27T02:08:24.139+0000] {processor.py:186} INFO - Started process (PID=1559) to work on /home/airflow/.local/lib/python3.12/site-packages/airflow/example_dags/example_nested_branch_dag.py
[2024-12-27T02:08:24.140+0000] {processor.py:914} INFO - Processing file /home/airflow/.local/lib/python3.12/site-packages/airflow/example_dags/example_nested_branch_dag.py for tasks to queue
[2024-12-27T02:08:24.143+0000] {logging_mixin.py:190} INFO - [2024-12-27T02:08:24.143+0000] {dagbag.py:588} INFO - Filling up the DagBag from /home/airflow/.local/lib/python3.12/site-packages/airflow/example_dags/example_nested_branch_dag.py
[2024-12-27T02:08:24.155+0000] {processor.py:925} INFO - DAG(s) 'example_nested_branch_dag' retrieved from /home/airflow/.local/lib/python3.12/site-packages/airflow/example_dags/example_nested_branch_dag.py
[2024-12-27T02:08:24.184+0000] {logging_mixin.py:190} INFO - [2024-12-27T02:08:24.184+0000] {dag.py:3239} INFO - Sync 1 DAGs
[2024-12-27T02:08:24.216+0000] {logging_mixin.py:190} INFO - [2024-12-27T02:08:24.216+0000] {dag.py:4180} INFO - Setting next_dagrun for example_nested_branch_dag to 2024-12-26 00:00:00+00:00, run_after=2024-12-27 00:00:00+00:00
[2024-12-27T02:08:24.250+0000] {processor.py:208} INFO - Processing /home/airflow/.local/lib/python3.12/site-packages/airflow/example_dags/example_nested_branch_dag.py took 0.116 seconds
[2024-12-27T02:08:54.314+0000] {processor.py:186} INFO - Started process (PID=1621) to work on /home/airflow/.local/lib/python3.12/site-packages/airflow/example_dags/example_nested_branch_dag.py
[2024-12-27T02:08:54.316+0000] {processor.py:914} INFO - Processing file /home/airflow/.local/lib/python3.12/site-packages/airflow/example_dags/example_nested_branch_dag.py for tasks to queue
[2024-12-27T02:08:54.320+0000] {logging_mixin.py:190} INFO - [2024-12-27T02:08:54.320+0000] {dagbag.py:588} INFO - Filling up the DagBag from /home/airflow/.local/lib/python3.12/site-packages/airflow/example_dags/example_nested_branch_dag.py
[2024-12-27T02:08:54.334+0000] {processor.py:925} INFO - DAG(s) 'example_nested_branch_dag' retrieved from /home/airflow/.local/lib/python3.12/site-packages/airflow/example_dags/example_nested_branch_dag.py
[2024-12-27T02:08:54.362+0000] {logging_mixin.py:190} INFO - [2024-12-27T02:08:54.362+0000] {dag.py:3239} INFO - Sync 1 DAGs
[2024-12-27T02:08:54.487+0000] {logging_mixin.py:190} INFO - [2024-12-27T02:08:54.487+0000] {dag.py:4180} INFO - Setting next_dagrun for example_nested_branch_dag to 2024-12-26 00:00:00+00:00, run_after=2024-12-27 00:00:00+00:00
[2024-12-27T02:08:54.560+0000] {processor.py:208} INFO - Processing /home/airflow/.local/lib/python3.12/site-packages/airflow/example_dags/example_nested_branch_dag.py took 0.252 seconds
[2024-12-27T02:09:25.081+0000] {processor.py:186} INFO - Started process (PID=1684) to work on /home/airflow/.local/lib/python3.12/site-packages/airflow/example_dags/example_nested_branch_dag.py
[2024-12-27T02:09:25.083+0000] {processor.py:914} INFO - Processing file /home/airflow/.local/lib/python3.12/site-packages/airflow/example_dags/example_nested_branch_dag.py for tasks to queue
[2024-12-27T02:09:25.086+0000] {logging_mixin.py:190} INFO - [2024-12-27T02:09:25.086+0000] {dagbag.py:588} INFO - Filling up the DagBag from /home/airflow/.local/lib/python3.12/site-packages/airflow/example_dags/example_nested_branch_dag.py
[2024-12-27T02:09:25.102+0000] {processor.py:925} INFO - DAG(s) 'example_nested_branch_dag' retrieved from /home/airflow/.local/lib/python3.12/site-packages/airflow/example_dags/example_nested_branch_dag.py
[2024-12-27T02:09:25.137+0000] {logging_mixin.py:190} INFO - [2024-12-27T02:09:25.136+0000] {dag.py:3239} INFO - Sync 1 DAGs
[2024-12-27T02:09:25.176+0000] {logging_mixin.py:190} INFO - [2024-12-27T02:09:25.176+0000] {dag.py:4180} INFO - Setting next_dagrun for example_nested_branch_dag to 2024-12-26 00:00:00+00:00, run_after=2024-12-27 00:00:00+00:00
[2024-12-27T02:09:25.214+0000] {processor.py:208} INFO - Processing /home/airflow/.local/lib/python3.12/site-packages/airflow/example_dags/example_nested_branch_dag.py took 0.140 seconds
[2024-12-27T02:09:55.783+0000] {processor.py:186} INFO - Started process (PID=1748) to work on /home/airflow/.local/lib/python3.12/site-packages/airflow/example_dags/example_nested_branch_dag.py
[2024-12-27T02:09:55.784+0000] {processor.py:914} INFO - Processing file /home/airflow/.local/lib/python3.12/site-packages/airflow/example_dags/example_nested_branch_dag.py for tasks to queue
[2024-12-27T02:09:55.788+0000] {logging_mixin.py:190} INFO - [2024-12-27T02:09:55.787+0000] {dagbag.py:588} INFO - Filling up the DagBag from /home/airflow/.local/lib/python3.12/site-packages/airflow/example_dags/example_nested_branch_dag.py
[2024-12-27T02:09:55.800+0000] {processor.py:925} INFO - DAG(s) 'example_nested_branch_dag' retrieved from /home/airflow/.local/lib/python3.12/site-packages/airflow/example_dags/example_nested_branch_dag.py
[2024-12-27T02:09:55.830+0000] {logging_mixin.py:190} INFO - [2024-12-27T02:09:55.830+0000] {dag.py:3239} INFO - Sync 1 DAGs
[2024-12-27T02:09:55.856+0000] {logging_mixin.py:190} INFO - [2024-12-27T02:09:55.856+0000] {dag.py:4180} INFO - Setting next_dagrun for example_nested_branch_dag to 2024-12-26 00:00:00+00:00, run_after=2024-12-27 00:00:00+00:00
[2024-12-27T02:09:55.881+0000] {processor.py:208} INFO - Processing /home/airflow/.local/lib/python3.12/site-packages/airflow/example_dags/example_nested_branch_dag.py took 0.104 seconds
[2024-12-27T02:10:25.948+0000] {processor.py:186} INFO - Started process (PID=1811) to work on /home/airflow/.local/lib/python3.12/site-packages/airflow/example_dags/example_nested_branch_dag.py
[2024-12-27T02:10:25.949+0000] {processor.py:914} INFO - Processing file /home/airflow/.local/lib/python3.12/site-packages/airflow/example_dags/example_nested_branch_dag.py for tasks to queue
[2024-12-27T02:10:25.952+0000] {logging_mixin.py:190} INFO - [2024-12-27T02:10:25.952+0000] {dagbag.py:588} INFO - Filling up the DagBag from /home/airflow/.local/lib/python3.12/site-packages/airflow/example_dags/example_nested_branch_dag.py
[2024-12-27T02:10:25.964+0000] {processor.py:925} INFO - DAG(s) 'example_nested_branch_dag' retrieved from /home/airflow/.local/lib/python3.12/site-packages/airflow/example_dags/example_nested_branch_dag.py
[2024-12-27T02:10:25.990+0000] {logging_mixin.py:190} INFO - [2024-12-27T02:10:25.989+0000] {dag.py:3239} INFO - Sync 1 DAGs
[2024-12-27T02:10:26.017+0000] {logging_mixin.py:190} INFO - [2024-12-27T02:10:26.017+0000] {dag.py:4180} INFO - Setting next_dagrun for example_nested_branch_dag to 2024-12-26 00:00:00+00:00, run_after=2024-12-27 00:00:00+00:00
[2024-12-27T02:10:26.050+0000] {processor.py:208} INFO - Processing /home/airflow/.local/lib/python3.12/site-packages/airflow/example_dags/example_nested_branch_dag.py took 0.106 seconds
[2024-12-27T02:10:56.172+0000] {processor.py:186} INFO - Started process (PID=1873) to work on /home/airflow/.local/lib/python3.12/site-packages/airflow/example_dags/example_nested_branch_dag.py
[2024-12-27T02:10:56.174+0000] {processor.py:914} INFO - Processing file /home/airflow/.local/lib/python3.12/site-packages/airflow/example_dags/example_nested_branch_dag.py for tasks to queue
[2024-12-27T02:10:56.177+0000] {logging_mixin.py:190} INFO - [2024-12-27T02:10:56.177+0000] {dagbag.py:588} INFO - Filling up the DagBag from /home/airflow/.local/lib/python3.12/site-packages/airflow/example_dags/example_nested_branch_dag.py
[2024-12-27T02:10:56.192+0000] {processor.py:925} INFO - DAG(s) 'example_nested_branch_dag' retrieved from /home/airflow/.local/lib/python3.12/site-packages/airflow/example_dags/example_nested_branch_dag.py
[2024-12-27T02:10:56.219+0000] {logging_mixin.py:190} INFO - [2024-12-27T02:10:56.218+0000] {dag.py:3239} INFO - Sync 1 DAGs
[2024-12-27T02:10:56.246+0000] {logging_mixin.py:190} INFO - [2024-12-27T02:10:56.246+0000] {dag.py:4180} INFO - Setting next_dagrun for example_nested_branch_dag to 2024-12-26 00:00:00+00:00, run_after=2024-12-27 00:00:00+00:00
[2024-12-27T02:10:56.273+0000] {processor.py:208} INFO - Processing /home/airflow/.local/lib/python3.12/site-packages/airflow/example_dags/example_nested_branch_dag.py took 0.105 seconds
[2024-12-27T02:11:26.561+0000] {processor.py:186} INFO - Started process (PID=1936) to work on /home/airflow/.local/lib/python3.12/site-packages/airflow/example_dags/example_nested_branch_dag.py
[2024-12-27T02:11:26.562+0000] {processor.py:914} INFO - Processing file /home/airflow/.local/lib/python3.12/site-packages/airflow/example_dags/example_nested_branch_dag.py for tasks to queue
[2024-12-27T02:11:26.565+0000] {logging_mixin.py:190} INFO - [2024-12-27T02:11:26.565+0000] {dagbag.py:588} INFO - Filling up the DagBag from /home/airflow/.local/lib/python3.12/site-packages/airflow/example_dags/example_nested_branch_dag.py
[2024-12-27T02:11:26.577+0000] {processor.py:925} INFO - DAG(s) 'example_nested_branch_dag' retrieved from /home/airflow/.local/lib/python3.12/site-packages/airflow/example_dags/example_nested_branch_dag.py
[2024-12-27T02:11:26.601+0000] {logging_mixin.py:190} INFO - [2024-12-27T02:11:26.601+0000] {dag.py:3239} INFO - Sync 1 DAGs
[2024-12-27T02:11:26.633+0000] {logging_mixin.py:190} INFO - [2024-12-27T02:11:26.632+0000] {dag.py:4180} INFO - Setting next_dagrun for example_nested_branch_dag to 2024-12-26 00:00:00+00:00, run_after=2024-12-27 00:00:00+00:00
[2024-12-27T02:11:26.663+0000] {processor.py:208} INFO - Processing /home/airflow/.local/lib/python3.12/site-packages/airflow/example_dags/example_nested_branch_dag.py took 0.107 seconds
[2024-12-27T02:11:57.064+0000] {processor.py:186} INFO - Started process (PID=1999) to work on /home/airflow/.local/lib/python3.12/site-packages/airflow/example_dags/example_nested_branch_dag.py
[2024-12-27T02:11:57.065+0000] {processor.py:914} INFO - Processing file /home/airflow/.local/lib/python3.12/site-packages/airflow/example_dags/example_nested_branch_dag.py for tasks to queue
[2024-12-27T02:11:57.068+0000] {logging_mixin.py:190} INFO - [2024-12-27T02:11:57.068+0000] {dagbag.py:588} INFO - Filling up the DagBag from /home/airflow/.local/lib/python3.12/site-packages/airflow/example_dags/example_nested_branch_dag.py
[2024-12-27T02:11:57.080+0000] {processor.py:925} INFO - DAG(s) 'example_nested_branch_dag' retrieved from /home/airflow/.local/lib/python3.12/site-packages/airflow/example_dags/example_nested_branch_dag.py
[2024-12-27T02:11:57.105+0000] {logging_mixin.py:190} INFO - [2024-12-27T02:11:57.104+0000] {dag.py:3239} INFO - Sync 1 DAGs
[2024-12-27T02:11:57.131+0000] {logging_mixin.py:190} INFO - [2024-12-27T02:11:57.131+0000] {dag.py:4180} INFO - Setting next_dagrun for example_nested_branch_dag to 2024-12-26 00:00:00+00:00, run_after=2024-12-27 00:00:00+00:00
[2024-12-27T02:11:57.353+0000] {processor.py:208} INFO - Processing /home/airflow/.local/lib/python3.12/site-packages/airflow/example_dags/example_nested_branch_dag.py took 0.293 seconds
[2024-12-27T02:12:28.259+0000] {processor.py:186} INFO - Started process (PID=2062) to work on /home/airflow/.local/lib/python3.12/site-packages/airflow/example_dags/example_nested_branch_dag.py
[2024-12-27T02:12:28.261+0000] {processor.py:914} INFO - Processing file /home/airflow/.local/lib/python3.12/site-packages/airflow/example_dags/example_nested_branch_dag.py for tasks to queue
[2024-12-27T02:12:28.263+0000] {logging_mixin.py:190} INFO - [2024-12-27T02:12:28.263+0000] {dagbag.py:588} INFO - Filling up the DagBag from /home/airflow/.local/lib/python3.12/site-packages/airflow/example_dags/example_nested_branch_dag.py
[2024-12-27T02:12:28.274+0000] {processor.py:925} INFO - DAG(s) 'example_nested_branch_dag' retrieved from /home/airflow/.local/lib/python3.12/site-packages/airflow/example_dags/example_nested_branch_dag.py
[2024-12-27T02:12:28.299+0000] {logging_mixin.py:190} INFO - [2024-12-27T02:12:28.299+0000] {dag.py:3239} INFO - Sync 1 DAGs
[2024-12-27T02:12:28.325+0000] {logging_mixin.py:190} INFO - [2024-12-27T02:12:28.324+0000] {dag.py:4180} INFO - Setting next_dagrun for example_nested_branch_dag to 2024-12-26 00:00:00+00:00, run_after=2024-12-27 00:00:00+00:00
[2024-12-27T02:12:28.350+0000] {processor.py:208} INFO - Processing /home/airflow/.local/lib/python3.12/site-packages/airflow/example_dags/example_nested_branch_dag.py took 0.096 seconds
[2024-12-27T02:12:58.481+0000] {processor.py:186} INFO - Started process (PID=2125) to work on /home/airflow/.local/lib/python3.12/site-packages/airflow/example_dags/example_nested_branch_dag.py
[2024-12-27T02:12:58.482+0000] {processor.py:914} INFO - Processing file /home/airflow/.local/lib/python3.12/site-packages/airflow/example_dags/example_nested_branch_dag.py for tasks to queue
[2024-12-27T02:12:58.485+0000] {logging_mixin.py:190} INFO - [2024-12-27T02:12:58.485+0000] {dagbag.py:588} INFO - Filling up the DagBag from /home/airflow/.local/lib/python3.12/site-packages/airflow/example_dags/example_nested_branch_dag.py
[2024-12-27T02:12:58.496+0000] {processor.py:925} INFO - DAG(s) 'example_nested_branch_dag' retrieved from /home/airflow/.local/lib/python3.12/site-packages/airflow/example_dags/example_nested_branch_dag.py
[2024-12-27T02:12:58.523+0000] {logging_mixin.py:190} INFO - [2024-12-27T02:12:58.523+0000] {dag.py:3239} INFO - Sync 1 DAGs
[2024-12-27T02:12:58.548+0000] {logging_mixin.py:190} INFO - [2024-12-27T02:12:58.547+0000] {dag.py:4180} INFO - Setting next_dagrun for example_nested_branch_dag to 2024-12-26 00:00:00+00:00, run_after=2024-12-27 00:00:00+00:00
[2024-12-27T02:12:58.579+0000] {processor.py:208} INFO - Processing /home/airflow/.local/lib/python3.12/site-packages/airflow/example_dags/example_nested_branch_dag.py took 0.103 seconds
[2024-12-27T02:13:28.769+0000] {processor.py:186} INFO - Started process (PID=2188) to work on /home/airflow/.local/lib/python3.12/site-packages/airflow/example_dags/example_nested_branch_dag.py
[2024-12-27T02:13:28.770+0000] {processor.py:914} INFO - Processing file /home/airflow/.local/lib/python3.12/site-packages/airflow/example_dags/example_nested_branch_dag.py for tasks to queue
[2024-12-27T02:13:28.773+0000] {logging_mixin.py:190} INFO - [2024-12-27T02:13:28.772+0000] {dagbag.py:588} INFO - Filling up the DagBag from /home/airflow/.local/lib/python3.12/site-packages/airflow/example_dags/example_nested_branch_dag.py
[2024-12-27T02:13:28.783+0000] {processor.py:925} INFO - DAG(s) 'example_nested_branch_dag' retrieved from /home/airflow/.local/lib/python3.12/site-packages/airflow/example_dags/example_nested_branch_dag.py
[2024-12-27T02:13:28.807+0000] {logging_mixin.py:190} INFO - [2024-12-27T02:13:28.806+0000] {dag.py:3239} INFO - Sync 1 DAGs
[2024-12-27T02:13:28.831+0000] {logging_mixin.py:190} INFO - [2024-12-27T02:13:28.830+0000] {dag.py:4180} INFO - Setting next_dagrun for example_nested_branch_dag to 2024-12-26 00:00:00+00:00, run_after=2024-12-27 00:00:00+00:00
[2024-12-27T02:13:28.860+0000] {processor.py:208} INFO - Processing /home/airflow/.local/lib/python3.12/site-packages/airflow/example_dags/example_nested_branch_dag.py took 0.095 seconds
[2024-12-27T02:13:59.862+0000] {processor.py:186} INFO - Started process (PID=2251) to work on /home/airflow/.local/lib/python3.12/site-packages/airflow/example_dags/example_nested_branch_dag.py
[2024-12-27T02:13:59.864+0000] {processor.py:914} INFO - Processing file /home/airflow/.local/lib/python3.12/site-packages/airflow/example_dags/example_nested_branch_dag.py for tasks to queue
[2024-12-27T02:13:59.867+0000] {logging_mixin.py:190} INFO - [2024-12-27T02:13:59.867+0000] {dagbag.py:588} INFO - Filling up the DagBag from /home/airflow/.local/lib/python3.12/site-packages/airflow/example_dags/example_nested_branch_dag.py
[2024-12-27T02:13:59.881+0000] {processor.py:925} INFO - DAG(s) 'example_nested_branch_dag' retrieved from /home/airflow/.local/lib/python3.12/site-packages/airflow/example_dags/example_nested_branch_dag.py
[2024-12-27T02:13:59.914+0000] {logging_mixin.py:190} INFO - [2024-12-27T02:13:59.913+0000] {dag.py:3239} INFO - Sync 1 DAGs
[2024-12-27T02:13:59.952+0000] {logging_mixin.py:190} INFO - [2024-12-27T02:13:59.952+0000] {dag.py:4180} INFO - Setting next_dagrun for example_nested_branch_dag to 2024-12-26 00:00:00+00:00, run_after=2024-12-27 00:00:00+00:00
[2024-12-27T02:13:59.987+0000] {processor.py:208} INFO - Processing /home/airflow/.local/lib/python3.12/site-packages/airflow/example_dags/example_nested_branch_dag.py took 0.132 seconds
[2024-12-27T02:14:33.496+0000] {processor.py:186} INFO - Started process (PID=2315) to work on /home/airflow/.local/lib/python3.12/site-packages/airflow/example_dags/example_nested_branch_dag.py
[2024-12-27T02:14:33.498+0000] {processor.py:914} INFO - Processing file /home/airflow/.local/lib/python3.12/site-packages/airflow/example_dags/example_nested_branch_dag.py for tasks to queue
[2024-12-27T02:14:33.501+0000] {logging_mixin.py:190} INFO - [2024-12-27T02:14:33.500+0000] {dagbag.py:588} INFO - Filling up the DagBag from /home/airflow/.local/lib/python3.12/site-packages/airflow/example_dags/example_nested_branch_dag.py
[2024-12-27T02:14:33.512+0000] {processor.py:925} INFO - DAG(s) 'example_nested_branch_dag' retrieved from /home/airflow/.local/lib/python3.12/site-packages/airflow/example_dags/example_nested_branch_dag.py
[2024-12-27T02:14:33.537+0000] {logging_mixin.py:190} INFO - [2024-12-27T02:14:33.537+0000] {dag.py:3239} INFO - Sync 1 DAGs
[2024-12-27T02:14:33.724+0000] {logging_mixin.py:190} INFO - [2024-12-27T02:14:33.724+0000] {dag.py:4180} INFO - Setting next_dagrun for example_nested_branch_dag to 2024-12-26 00:00:00+00:00, run_after=2024-12-27 00:00:00+00:00
[2024-12-27T02:14:33.854+0000] {processor.py:208} INFO - Processing /home/airflow/.local/lib/python3.12/site-packages/airflow/example_dags/example_nested_branch_dag.py took 0.364 seconds
[2024-12-27T02:15:04.121+0000] {processor.py:186} INFO - Started process (PID=2378) to work on /home/airflow/.local/lib/python3.12/site-packages/airflow/example_dags/example_nested_branch_dag.py
[2024-12-27T02:15:04.123+0000] {processor.py:914} INFO - Processing file /home/airflow/.local/lib/python3.12/site-packages/airflow/example_dags/example_nested_branch_dag.py for tasks to queue
[2024-12-27T02:15:04.126+0000] {logging_mixin.py:190} INFO - [2024-12-27T02:15:04.126+0000] {dagbag.py:588} INFO - Filling up the DagBag from /home/airflow/.local/lib/python3.12/site-packages/airflow/example_dags/example_nested_branch_dag.py
[2024-12-27T02:15:04.140+0000] {processor.py:925} INFO - DAG(s) 'example_nested_branch_dag' retrieved from /home/airflow/.local/lib/python3.12/site-packages/airflow/example_dags/example_nested_branch_dag.py
[2024-12-27T02:15:04.169+0000] {logging_mixin.py:190} INFO - [2024-12-27T02:15:04.168+0000] {dag.py:3239} INFO - Sync 1 DAGs
[2024-12-27T02:15:04.402+0000] {logging_mixin.py:190} INFO - [2024-12-27T02:15:04.402+0000] {dag.py:4180} INFO - Setting next_dagrun for example_nested_branch_dag to 2024-12-26 00:00:00+00:00, run_after=2024-12-27 00:00:00+00:00
[2024-12-27T02:15:04.441+0000] {processor.py:208} INFO - Processing /home/airflow/.local/lib/python3.12/site-packages/airflow/example_dags/example_nested_branch_dag.py took 0.324 seconds
[2024-12-27T02:15:34.519+0000] {processor.py:186} INFO - Started process (PID=2441) to work on /home/airflow/.local/lib/python3.12/site-packages/airflow/example_dags/example_nested_branch_dag.py
[2024-12-27T02:15:34.521+0000] {processor.py:914} INFO - Processing file /home/airflow/.local/lib/python3.12/site-packages/airflow/example_dags/example_nested_branch_dag.py for tasks to queue
[2024-12-27T02:15:34.524+0000] {logging_mixin.py:190} INFO - [2024-12-27T02:15:34.524+0000] {dagbag.py:588} INFO - Filling up the DagBag from /home/airflow/.local/lib/python3.12/site-packages/airflow/example_dags/example_nested_branch_dag.py
[2024-12-27T02:15:34.538+0000] {processor.py:925} INFO - DAG(s) 'example_nested_branch_dag' retrieved from /home/airflow/.local/lib/python3.12/site-packages/airflow/example_dags/example_nested_branch_dag.py
[2024-12-27T02:15:34.568+0000] {logging_mixin.py:190} INFO - [2024-12-27T02:15:34.568+0000] {dag.py:3239} INFO - Sync 1 DAGs
[2024-12-27T02:15:34.602+0000] {logging_mixin.py:190} INFO - [2024-12-27T02:15:34.602+0000] {dag.py:4180} INFO - Setting next_dagrun for example_nested_branch_dag to 2024-12-26 00:00:00+00:00, run_after=2024-12-27 00:00:00+00:00
[2024-12-27T02:15:34.645+0000] {processor.py:208} INFO - Processing /home/airflow/.local/lib/python3.12/site-packages/airflow/example_dags/example_nested_branch_dag.py took 0.131 seconds
[2024-12-27T02:16:04.733+0000] {processor.py:186} INFO - Started process (PID=2504) to work on /home/airflow/.local/lib/python3.12/site-packages/airflow/example_dags/example_nested_branch_dag.py
[2024-12-27T02:16:04.734+0000] {processor.py:914} INFO - Processing file /home/airflow/.local/lib/python3.12/site-packages/airflow/example_dags/example_nested_branch_dag.py for tasks to queue
[2024-12-27T02:16:04.737+0000] {logging_mixin.py:190} INFO - [2024-12-27T02:16:04.737+0000] {dagbag.py:588} INFO - Filling up the DagBag from /home/airflow/.local/lib/python3.12/site-packages/airflow/example_dags/example_nested_branch_dag.py
[2024-12-27T02:16:04.750+0000] {processor.py:925} INFO - DAG(s) 'example_nested_branch_dag' retrieved from /home/airflow/.local/lib/python3.12/site-packages/airflow/example_dags/example_nested_branch_dag.py
[2024-12-27T02:16:04.780+0000] {logging_mixin.py:190} INFO - [2024-12-27T02:16:04.780+0000] {dag.py:3239} INFO - Sync 1 DAGs
[2024-12-27T02:16:04.814+0000] {logging_mixin.py:190} INFO - [2024-12-27T02:16:04.814+0000] {dag.py:4180} INFO - Setting next_dagrun for example_nested_branch_dag to 2024-12-26 00:00:00+00:00, run_after=2024-12-27 00:00:00+00:00
[2024-12-27T02:16:04.844+0000] {processor.py:208} INFO - Processing /home/airflow/.local/lib/python3.12/site-packages/airflow/example_dags/example_nested_branch_dag.py took 0.117 seconds
[2024-12-27T02:16:35.395+0000] {processor.py:186} INFO - Started process (PID=2567) to work on /home/airflow/.local/lib/python3.12/site-packages/airflow/example_dags/example_nested_branch_dag.py
[2024-12-27T02:16:35.397+0000] {processor.py:914} INFO - Processing file /home/airflow/.local/lib/python3.12/site-packages/airflow/example_dags/example_nested_branch_dag.py for tasks to queue
[2024-12-27T02:16:35.401+0000] {logging_mixin.py:190} INFO - [2024-12-27T02:16:35.400+0000] {dagbag.py:588} INFO - Filling up the DagBag from /home/airflow/.local/lib/python3.12/site-packages/airflow/example_dags/example_nested_branch_dag.py
[2024-12-27T02:16:35.415+0000] {processor.py:925} INFO - DAG(s) 'example_nested_branch_dag' retrieved from /home/airflow/.local/lib/python3.12/site-packages/airflow/example_dags/example_nested_branch_dag.py
[2024-12-27T02:16:35.452+0000] {logging_mixin.py:190} INFO - [2024-12-27T02:16:35.451+0000] {dag.py:3239} INFO - Sync 1 DAGs
[2024-12-27T02:16:35.494+0000] {logging_mixin.py:190} INFO - [2024-12-27T02:16:35.493+0000] {dag.py:4180} INFO - Setting next_dagrun for example_nested_branch_dag to 2024-12-26 00:00:00+00:00, run_after=2024-12-27 00:00:00+00:00
[2024-12-27T02:16:35.529+0000] {processor.py:208} INFO - Processing /home/airflow/.local/lib/python3.12/site-packages/airflow/example_dags/example_nested_branch_dag.py took 0.141 seconds
[2024-12-27T02:17:05.742+0000] {processor.py:186} INFO - Started process (PID=2630) to work on /home/airflow/.local/lib/python3.12/site-packages/airflow/example_dags/example_nested_branch_dag.py
[2024-12-27T02:17:05.743+0000] {processor.py:914} INFO - Processing file /home/airflow/.local/lib/python3.12/site-packages/airflow/example_dags/example_nested_branch_dag.py for tasks to queue
[2024-12-27T02:17:05.747+0000] {logging_mixin.py:190} INFO - [2024-12-27T02:17:05.747+0000] {dagbag.py:588} INFO - Filling up the DagBag from /home/airflow/.local/lib/python3.12/site-packages/airflow/example_dags/example_nested_branch_dag.py
[2024-12-27T02:17:05.769+0000] {processor.py:925} INFO - DAG(s) 'example_nested_branch_dag' retrieved from /home/airflow/.local/lib/python3.12/site-packages/airflow/example_dags/example_nested_branch_dag.py
[2024-12-27T02:17:05.804+0000] {logging_mixin.py:190} INFO - [2024-12-27T02:17:05.803+0000] {dag.py:3239} INFO - Sync 1 DAGs
[2024-12-27T02:17:05.846+0000] {logging_mixin.py:190} INFO - [2024-12-27T02:17:05.845+0000] {dag.py:4180} INFO - Setting next_dagrun for example_nested_branch_dag to 2024-12-26 00:00:00+00:00, run_after=2024-12-27 00:00:00+00:00
[2024-12-27T02:17:05.874+0000] {processor.py:208} INFO - Processing /home/airflow/.local/lib/python3.12/site-packages/airflow/example_dags/example_nested_branch_dag.py took 0.141 seconds
[2024-12-27T02:17:36.415+0000] {processor.py:186} INFO - Started process (PID=2693) to work on /home/airflow/.local/lib/python3.12/site-packages/airflow/example_dags/example_nested_branch_dag.py
[2024-12-27T02:17:36.416+0000] {processor.py:914} INFO - Processing file /home/airflow/.local/lib/python3.12/site-packages/airflow/example_dags/example_nested_branch_dag.py for tasks to queue
[2024-12-27T02:17:36.419+0000] {logging_mixin.py:190} INFO - [2024-12-27T02:17:36.418+0000] {dagbag.py:588} INFO - Filling up the DagBag from /home/airflow/.local/lib/python3.12/site-packages/airflow/example_dags/example_nested_branch_dag.py
[2024-12-27T02:17:36.433+0000] {processor.py:925} INFO - DAG(s) 'example_nested_branch_dag' retrieved from /home/airflow/.local/lib/python3.12/site-packages/airflow/example_dags/example_nested_branch_dag.py
[2024-12-27T02:17:36.461+0000] {logging_mixin.py:190} INFO - [2024-12-27T02:17:36.461+0000] {dag.py:3239} INFO - Sync 1 DAGs
[2024-12-27T02:17:36.490+0000] {logging_mixin.py:190} INFO - [2024-12-27T02:17:36.490+0000] {dag.py:4180} INFO - Setting next_dagrun for example_nested_branch_dag to 2024-12-26 00:00:00+00:00, run_after=2024-12-27 00:00:00+00:00
[2024-12-27T02:17:36.520+0000] {processor.py:208} INFO - Processing /home/airflow/.local/lib/python3.12/site-packages/airflow/example_dags/example_nested_branch_dag.py took 0.111 seconds
[2024-12-27T02:18:06.934+0000] {processor.py:186} INFO - Started process (PID=2756) to work on /home/airflow/.local/lib/python3.12/site-packages/airflow/example_dags/example_nested_branch_dag.py
[2024-12-27T02:18:06.935+0000] {processor.py:914} INFO - Processing file /home/airflow/.local/lib/python3.12/site-packages/airflow/example_dags/example_nested_branch_dag.py for tasks to queue
[2024-12-27T02:18:06.939+0000] {logging_mixin.py:190} INFO - [2024-12-27T02:18:06.938+0000] {dagbag.py:588} INFO - Filling up the DagBag from /home/airflow/.local/lib/python3.12/site-packages/airflow/example_dags/example_nested_branch_dag.py
[2024-12-27T02:18:06.952+0000] {processor.py:925} INFO - DAG(s) 'example_nested_branch_dag' retrieved from /home/airflow/.local/lib/python3.12/site-packages/airflow/example_dags/example_nested_branch_dag.py
[2024-12-27T02:18:06.981+0000] {logging_mixin.py:190} INFO - [2024-12-27T02:18:06.981+0000] {dag.py:3239} INFO - Sync 1 DAGs
[2024-12-27T02:18:07.015+0000] {logging_mixin.py:190} INFO - [2024-12-27T02:18:07.015+0000] {dag.py:4180} INFO - Setting next_dagrun for example_nested_branch_dag to 2024-12-26 00:00:00+00:00, run_after=2024-12-27 00:00:00+00:00
[2024-12-27T02:18:07.042+0000] {processor.py:208} INFO - Processing /home/airflow/.local/lib/python3.12/site-packages/airflow/example_dags/example_nested_branch_dag.py took 0.115 seconds
[2024-12-27T02:18:37.777+0000] {processor.py:186} INFO - Started process (PID=2818) to work on /home/airflow/.local/lib/python3.12/site-packages/airflow/example_dags/example_nested_branch_dag.py
[2024-12-27T02:18:37.778+0000] {processor.py:914} INFO - Processing file /home/airflow/.local/lib/python3.12/site-packages/airflow/example_dags/example_nested_branch_dag.py for tasks to queue
[2024-12-27T02:18:37.781+0000] {logging_mixin.py:190} INFO - [2024-12-27T02:18:37.781+0000] {dagbag.py:588} INFO - Filling up the DagBag from /home/airflow/.local/lib/python3.12/site-packages/airflow/example_dags/example_nested_branch_dag.py
[2024-12-27T02:18:37.794+0000] {processor.py:925} INFO - DAG(s) 'example_nested_branch_dag' retrieved from /home/airflow/.local/lib/python3.12/site-packages/airflow/example_dags/example_nested_branch_dag.py
[2024-12-27T02:18:37.824+0000] {logging_mixin.py:190} INFO - [2024-12-27T02:18:37.823+0000] {dag.py:3239} INFO - Sync 1 DAGs
[2024-12-27T02:18:37.854+0000] {logging_mixin.py:190} INFO - [2024-12-27T02:18:37.853+0000] {dag.py:4180} INFO - Setting next_dagrun for example_nested_branch_dag to 2024-12-26 00:00:00+00:00, run_after=2024-12-27 00:00:00+00:00
[2024-12-27T02:18:37.882+0000] {processor.py:208} INFO - Processing /home/airflow/.local/lib/python3.12/site-packages/airflow/example_dags/example_nested_branch_dag.py took 0.111 seconds
[2024-12-27T02:19:08.294+0000] {processor.py:186} INFO - Started process (PID=2880) to work on /home/airflow/.local/lib/python3.12/site-packages/airflow/example_dags/example_nested_branch_dag.py
[2024-12-27T02:19:08.295+0000] {processor.py:914} INFO - Processing file /home/airflow/.local/lib/python3.12/site-packages/airflow/example_dags/example_nested_branch_dag.py for tasks to queue
[2024-12-27T02:19:08.298+0000] {logging_mixin.py:190} INFO - [2024-12-27T02:19:08.298+0000] {dagbag.py:588} INFO - Filling up the DagBag from /home/airflow/.local/lib/python3.12/site-packages/airflow/example_dags/example_nested_branch_dag.py
[2024-12-27T02:19:08.310+0000] {processor.py:925} INFO - DAG(s) 'example_nested_branch_dag' retrieved from /home/airflow/.local/lib/python3.12/site-packages/airflow/example_dags/example_nested_branch_dag.py
[2024-12-27T02:19:08.346+0000] {logging_mixin.py:190} INFO - [2024-12-27T02:19:08.343+0000] {dag.py:3239} INFO - Sync 1 DAGs
[2024-12-27T02:19:08.379+0000] {logging_mixin.py:190} INFO - [2024-12-27T02:19:08.379+0000] {dag.py:4180} INFO - Setting next_dagrun for example_nested_branch_dag to 2024-12-26 00:00:00+00:00, run_after=2024-12-27 00:00:00+00:00
[2024-12-27T02:19:08.403+0000] {processor.py:208} INFO - Processing /home/airflow/.local/lib/python3.12/site-packages/airflow/example_dags/example_nested_branch_dag.py took 0.113 seconds
[2024-12-27T02:19:38.637+0000] {processor.py:186} INFO - Started process (PID=2943) to work on /home/airflow/.local/lib/python3.12/site-packages/airflow/example_dags/example_nested_branch_dag.py
[2024-12-27T02:19:38.638+0000] {processor.py:914} INFO - Processing file /home/airflow/.local/lib/python3.12/site-packages/airflow/example_dags/example_nested_branch_dag.py for tasks to queue
[2024-12-27T02:19:38.642+0000] {logging_mixin.py:190} INFO - [2024-12-27T02:19:38.641+0000] {dagbag.py:588} INFO - Filling up the DagBag from /home/airflow/.local/lib/python3.12/site-packages/airflow/example_dags/example_nested_branch_dag.py
[2024-12-27T02:19:38.654+0000] {processor.py:925} INFO - DAG(s) 'example_nested_branch_dag' retrieved from /home/airflow/.local/lib/python3.12/site-packages/airflow/example_dags/example_nested_branch_dag.py
[2024-12-27T02:19:38.687+0000] {logging_mixin.py:190} INFO - [2024-12-27T02:19:38.686+0000] {dag.py:3239} INFO - Sync 1 DAGs
[2024-12-27T02:19:38.717+0000] {logging_mixin.py:190} INFO - [2024-12-27T02:19:38.716+0000] {dag.py:4180} INFO - Setting next_dagrun for example_nested_branch_dag to 2024-12-26 00:00:00+00:00, run_after=2024-12-27 00:00:00+00:00
[2024-12-27T02:19:38.747+0000] {processor.py:208} INFO - Processing /home/airflow/.local/lib/python3.12/site-packages/airflow/example_dags/example_nested_branch_dag.py took 0.117 seconds
[2024-12-27T02:20:09.041+0000] {processor.py:186} INFO - Started process (PID=3006) to work on /home/airflow/.local/lib/python3.12/site-packages/airflow/example_dags/example_nested_branch_dag.py
[2024-12-27T02:20:09.042+0000] {processor.py:914} INFO - Processing file /home/airflow/.local/lib/python3.12/site-packages/airflow/example_dags/example_nested_branch_dag.py for tasks to queue
[2024-12-27T02:20:09.045+0000] {logging_mixin.py:190} INFO - [2024-12-27T02:20:09.045+0000] {dagbag.py:588} INFO - Filling up the DagBag from /home/airflow/.local/lib/python3.12/site-packages/airflow/example_dags/example_nested_branch_dag.py
[2024-12-27T02:20:09.058+0000] {processor.py:925} INFO - DAG(s) 'example_nested_branch_dag' retrieved from /home/airflow/.local/lib/python3.12/site-packages/airflow/example_dags/example_nested_branch_dag.py
[2024-12-27T02:20:09.086+0000] {logging_mixin.py:190} INFO - [2024-12-27T02:20:09.086+0000] {dag.py:3239} INFO - Sync 1 DAGs
[2024-12-27T02:20:09.112+0000] {logging_mixin.py:190} INFO - [2024-12-27T02:20:09.112+0000] {dag.py:4180} INFO - Setting next_dagrun for example_nested_branch_dag to 2024-12-26 00:00:00+00:00, run_after=2024-12-27 00:00:00+00:00
[2024-12-27T02:20:09.144+0000] {processor.py:208} INFO - Processing /home/airflow/.local/lib/python3.12/site-packages/airflow/example_dags/example_nested_branch_dag.py took 0.108 seconds
[2024-12-27T02:20:39.396+0000] {processor.py:186} INFO - Started process (PID=3069) to work on /home/airflow/.local/lib/python3.12/site-packages/airflow/example_dags/example_nested_branch_dag.py
[2024-12-27T02:20:39.398+0000] {processor.py:914} INFO - Processing file /home/airflow/.local/lib/python3.12/site-packages/airflow/example_dags/example_nested_branch_dag.py for tasks to queue
[2024-12-27T02:20:39.401+0000] {logging_mixin.py:190} INFO - [2024-12-27T02:20:39.401+0000] {dagbag.py:588} INFO - Filling up the DagBag from /home/airflow/.local/lib/python3.12/site-packages/airflow/example_dags/example_nested_branch_dag.py
[2024-12-27T02:20:39.415+0000] {processor.py:925} INFO - DAG(s) 'example_nested_branch_dag' retrieved from /home/airflow/.local/lib/python3.12/site-packages/airflow/example_dags/example_nested_branch_dag.py
[2024-12-27T02:20:39.448+0000] {logging_mixin.py:190} INFO - [2024-12-27T02:20:39.448+0000] {dag.py:3239} INFO - Sync 1 DAGs
[2024-12-27T02:20:39.475+0000] {logging_mixin.py:190} INFO - [2024-12-27T02:20:39.475+0000] {dag.py:4180} INFO - Setting next_dagrun for example_nested_branch_dag to 2024-12-26 00:00:00+00:00, run_after=2024-12-27 00:00:00+00:00
[2024-12-27T02:20:39.503+0000] {processor.py:208} INFO - Processing /home/airflow/.local/lib/python3.12/site-packages/airflow/example_dags/example_nested_branch_dag.py took 0.113 seconds
[2024-12-27T02:21:09.698+0000] {processor.py:186} INFO - Started process (PID=3132) to work on /home/airflow/.local/lib/python3.12/site-packages/airflow/example_dags/example_nested_branch_dag.py
[2024-12-27T02:21:09.700+0000] {processor.py:914} INFO - Processing file /home/airflow/.local/lib/python3.12/site-packages/airflow/example_dags/example_nested_branch_dag.py for tasks to queue
[2024-12-27T02:21:09.702+0000] {logging_mixin.py:190} INFO - [2024-12-27T02:21:09.702+0000] {dagbag.py:588} INFO - Filling up the DagBag from /home/airflow/.local/lib/python3.12/site-packages/airflow/example_dags/example_nested_branch_dag.py
[2024-12-27T02:21:09.713+0000] {processor.py:925} INFO - DAG(s) 'example_nested_branch_dag' retrieved from /home/airflow/.local/lib/python3.12/site-packages/airflow/example_dags/example_nested_branch_dag.py
[2024-12-27T02:21:09.736+0000] {logging_mixin.py:190} INFO - [2024-12-27T02:21:09.736+0000] {dag.py:3239} INFO - Sync 1 DAGs
[2024-12-27T02:21:09.764+0000] {logging_mixin.py:190} INFO - [2024-12-27T02:21:09.763+0000] {dag.py:4180} INFO - Setting next_dagrun for example_nested_branch_dag to 2024-12-26 00:00:00+00:00, run_after=2024-12-27 00:00:00+00:00
[2024-12-27T02:21:09.792+0000] {processor.py:208} INFO - Processing /home/airflow/.local/lib/python3.12/site-packages/airflow/example_dags/example_nested_branch_dag.py took 0.100 seconds
[2024-12-27T02:21:40.526+0000] {processor.py:186} INFO - Started process (PID=3195) to work on /home/airflow/.local/lib/python3.12/site-packages/airflow/example_dags/example_nested_branch_dag.py
[2024-12-27T02:21:40.528+0000] {processor.py:914} INFO - Processing file /home/airflow/.local/lib/python3.12/site-packages/airflow/example_dags/example_nested_branch_dag.py for tasks to queue
[2024-12-27T02:21:40.531+0000] {logging_mixin.py:190} INFO - [2024-12-27T02:21:40.531+0000] {dagbag.py:588} INFO - Filling up the DagBag from /home/airflow/.local/lib/python3.12/site-packages/airflow/example_dags/example_nested_branch_dag.py
[2024-12-27T02:21:40.545+0000] {processor.py:925} INFO - DAG(s) 'example_nested_branch_dag' retrieved from /home/airflow/.local/lib/python3.12/site-packages/airflow/example_dags/example_nested_branch_dag.py
[2024-12-27T02:21:40.582+0000] {logging_mixin.py:190} INFO - [2024-12-27T02:21:40.582+0000] {dag.py:3239} INFO - Sync 1 DAGs
[2024-12-27T02:21:40.617+0000] {logging_mixin.py:190} INFO - [2024-12-27T02:21:40.617+0000] {dag.py:4180} INFO - Setting next_dagrun for example_nested_branch_dag to 2024-12-26 00:00:00+00:00, run_after=2024-12-27 00:00:00+00:00
[2024-12-27T02:21:40.652+0000] {processor.py:208} INFO - Processing /home/airflow/.local/lib/python3.12/site-packages/airflow/example_dags/example_nested_branch_dag.py took 0.132 seconds
[2024-12-27T02:22:11.529+0000] {processor.py:186} INFO - Started process (PID=3258) to work on /home/airflow/.local/lib/python3.12/site-packages/airflow/example_dags/example_nested_branch_dag.py
[2024-12-27T02:22:11.531+0000] {processor.py:914} INFO - Processing file /home/airflow/.local/lib/python3.12/site-packages/airflow/example_dags/example_nested_branch_dag.py for tasks to queue
[2024-12-27T02:22:11.534+0000] {logging_mixin.py:190} INFO - [2024-12-27T02:22:11.534+0000] {dagbag.py:588} INFO - Filling up the DagBag from /home/airflow/.local/lib/python3.12/site-packages/airflow/example_dags/example_nested_branch_dag.py
[2024-12-27T02:22:11.546+0000] {processor.py:925} INFO - DAG(s) 'example_nested_branch_dag' retrieved from /home/airflow/.local/lib/python3.12/site-packages/airflow/example_dags/example_nested_branch_dag.py
[2024-12-27T02:22:11.573+0000] {logging_mixin.py:190} INFO - [2024-12-27T02:22:11.572+0000] {dag.py:3239} INFO - Sync 1 DAGs
[2024-12-27T02:22:11.600+0000] {logging_mixin.py:190} INFO - [2024-12-27T02:22:11.600+0000] {dag.py:4180} INFO - Setting next_dagrun for example_nested_branch_dag to 2024-12-26 00:00:00+00:00, run_after=2024-12-27 00:00:00+00:00
[2024-12-27T02:22:11.626+0000] {processor.py:208} INFO - Processing /home/airflow/.local/lib/python3.12/site-packages/airflow/example_dags/example_nested_branch_dag.py took 0.102 seconds
[2024-12-27T02:22:41.758+0000] {processor.py:186} INFO - Started process (PID=3321) to work on /home/airflow/.local/lib/python3.12/site-packages/airflow/example_dags/example_nested_branch_dag.py
[2024-12-27T02:22:41.759+0000] {processor.py:914} INFO - Processing file /home/airflow/.local/lib/python3.12/site-packages/airflow/example_dags/example_nested_branch_dag.py for tasks to queue
[2024-12-27T02:22:41.763+0000] {logging_mixin.py:190} INFO - [2024-12-27T02:22:41.762+0000] {dagbag.py:588} INFO - Filling up the DagBag from /home/airflow/.local/lib/python3.12/site-packages/airflow/example_dags/example_nested_branch_dag.py
[2024-12-27T02:22:41.775+0000] {processor.py:925} INFO - DAG(s) 'example_nested_branch_dag' retrieved from /home/airflow/.local/lib/python3.12/site-packages/airflow/example_dags/example_nested_branch_dag.py
[2024-12-27T02:22:41.800+0000] {logging_mixin.py:190} INFO - [2024-12-27T02:22:41.800+0000] {dag.py:3239} INFO - Sync 1 DAGs
[2024-12-27T02:22:41.827+0000] {logging_mixin.py:190} INFO - [2024-12-27T02:22:41.827+0000] {dag.py:4180} INFO - Setting next_dagrun for example_nested_branch_dag to 2024-12-26 00:00:00+00:00, run_after=2024-12-27 00:00:00+00:00
[2024-12-27T02:22:41.850+0000] {processor.py:208} INFO - Processing /home/airflow/.local/lib/python3.12/site-packages/airflow/example_dags/example_nested_branch_dag.py took 0.097 seconds
[2024-12-27T02:23:12.186+0000] {processor.py:186} INFO - Started process (PID=3384) to work on /home/airflow/.local/lib/python3.12/site-packages/airflow/example_dags/example_nested_branch_dag.py
[2024-12-27T02:23:12.188+0000] {processor.py:914} INFO - Processing file /home/airflow/.local/lib/python3.12/site-packages/airflow/example_dags/example_nested_branch_dag.py for tasks to queue
[2024-12-27T02:23:12.191+0000] {logging_mixin.py:190} INFO - [2024-12-27T02:23:12.190+0000] {dagbag.py:588} INFO - Filling up the DagBag from /home/airflow/.local/lib/python3.12/site-packages/airflow/example_dags/example_nested_branch_dag.py
[2024-12-27T02:23:12.206+0000] {processor.py:925} INFO - DAG(s) 'example_nested_branch_dag' retrieved from /home/airflow/.local/lib/python3.12/site-packages/airflow/example_dags/example_nested_branch_dag.py
[2024-12-27T02:23:12.235+0000] {logging_mixin.py:190} INFO - [2024-12-27T02:23:12.235+0000] {dag.py:3239} INFO - Sync 1 DAGs
[2024-12-27T02:23:12.261+0000] {logging_mixin.py:190} INFO - [2024-12-27T02:23:12.261+0000] {dag.py:4180} INFO - Setting next_dagrun for example_nested_branch_dag to 2024-12-26 00:00:00+00:00, run_after=2024-12-27 00:00:00+00:00
[2024-12-27T02:23:12.288+0000] {processor.py:208} INFO - Processing /home/airflow/.local/lib/python3.12/site-packages/airflow/example_dags/example_nested_branch_dag.py took 0.107 seconds
