[2024-12-27T01:56:32.862+0000] {processor.py:186} INFO - Started process (PID=115) to work on /home/airflow/.local/lib/python3.12/site-packages/airflow/example_dags/example_latest_only_with_trigger.py
[2024-12-27T01:56:32.864+0000] {processor.py:914} INFO - Processing file /home/airflow/.local/lib/python3.12/site-packages/airflow/example_dags/example_latest_only_with_trigger.py for tasks to queue
[2024-12-27T01:56:32.867+0000] {logging_mixin.py:190} INFO - [2024-12-27T01:56:32.867+0000] {dagbag.py:588} INFO - Filling up the DagBag from /home/airflow/.local/lib/python3.12/site-packages/airflow/example_dags/example_latest_only_with_trigger.py
[2024-12-27T01:56:32.880+0000] {processor.py:925} INFO - DAG(s) 'latest_only_with_trigger' retrieved from /home/airflow/.local/lib/python3.12/site-packages/airflow/example_dags/example_latest_only_with_trigger.py
[2024-12-27T01:56:33.096+0000] {logging_mixin.py:190} INFO - [2024-12-27T01:56:33.095+0000] {override.py:1911} INFO - Created Permission View: can read on DAG:latest_only_with_trigger
[2024-12-27T01:56:33.118+0000] {logging_mixin.py:190} INFO - [2024-12-27T01:56:33.117+0000] {override.py:1911} INFO - Created Permission View: can edit on DAG:latest_only_with_trigger
[2024-12-27T01:56:33.135+0000] {logging_mixin.py:190} INFO - [2024-12-27T01:56:33.134+0000] {override.py:1911} INFO - Created Permission View: can delete on DAG:latest_only_with_trigger
[2024-12-27T01:56:33.153+0000] {logging_mixin.py:190} INFO - [2024-12-27T01:56:33.152+0000] {override.py:1911} INFO - Created Permission View: menu access on DAG Run:latest_only_with_trigger
[2024-12-27T01:56:33.171+0000] {logging_mixin.py:190} INFO - [2024-12-27T01:56:33.169+0000] {override.py:1911} INFO - Created Permission View: can read on DAG Run:latest_only_with_trigger
[2024-12-27T01:56:33.188+0000] {logging_mixin.py:190} INFO - [2024-12-27T01:56:33.187+0000] {override.py:1911} INFO - Created Permission View: can create on DAG Run:latest_only_with_trigger
[2024-12-27T01:56:33.208+0000] {logging_mixin.py:190} INFO - [2024-12-27T01:56:33.207+0000] {override.py:1911} INFO - Created Permission View: can delete on DAG Run:latest_only_with_trigger
[2024-12-27T01:56:33.210+0000] {logging_mixin.py:190} INFO - [2024-12-27T01:56:33.209+0000] {dag.py:3239} INFO - Sync 1 DAGs
[2024-12-27T01:56:33.240+0000] {logging_mixin.py:190} INFO - [2024-12-27T01:56:33.239+0000] {dag.py:3262} INFO - Creating ORM DAG for latest_only_with_trigger
[2024-12-27T01:56:33.262+0000] {logging_mixin.py:190} INFO - [2024-12-27T01:56:33.261+0000] {dag.py:4180} INFO - Setting next_dagrun for latest_only_with_trigger to 2024-12-26 20:00:00+00:00, run_after=2024-12-27 00:00:00+00:00
[2024-12-27T01:56:33.314+0000] {processor.py:208} INFO - Processing /home/airflow/.local/lib/python3.12/site-packages/airflow/example_dags/example_latest_only_with_trigger.py took 0.459 seconds
[2024-12-27T01:57:04.022+0000] {processor.py:186} INFO - Started process (PID=177) to work on /home/airflow/.local/lib/python3.12/site-packages/airflow/example_dags/example_latest_only_with_trigger.py
[2024-12-27T01:57:04.023+0000] {processor.py:914} INFO - Processing file /home/airflow/.local/lib/python3.12/site-packages/airflow/example_dags/example_latest_only_with_trigger.py for tasks to queue
[2024-12-27T01:57:04.027+0000] {logging_mixin.py:190} INFO - [2024-12-27T01:57:04.026+0000] {dagbag.py:588} INFO - Filling up the DagBag from /home/airflow/.local/lib/python3.12/site-packages/airflow/example_dags/example_latest_only_with_trigger.py
[2024-12-27T01:57:04.034+0000] {processor.py:925} INFO - DAG(s) 'latest_only_with_trigger' retrieved from /home/airflow/.local/lib/python3.12/site-packages/airflow/example_dags/example_latest_only_with_trigger.py
[2024-12-27T01:57:04.058+0000] {logging_mixin.py:190} INFO - [2024-12-27T01:57:04.058+0000] {dag.py:3239} INFO - Sync 1 DAGs
[2024-12-27T01:57:04.083+0000] {logging_mixin.py:190} INFO - [2024-12-27T01:57:04.083+0000] {dag.py:4180} INFO - Setting next_dagrun for latest_only_with_trigger to 2024-12-26 20:00:00+00:00, run_after=2024-12-27 00:00:00+00:00
[2024-12-27T01:57:04.110+0000] {processor.py:208} INFO - Processing /home/airflow/.local/lib/python3.12/site-packages/airflow/example_dags/example_latest_only_with_trigger.py took 0.094 seconds
[2024-12-27T01:57:34.950+0000] {processor.py:186} INFO - Started process (PID=240) to work on /home/airflow/.local/lib/python3.12/site-packages/airflow/example_dags/example_latest_only_with_trigger.py
[2024-12-27T01:57:34.951+0000] {processor.py:914} INFO - Processing file /home/airflow/.local/lib/python3.12/site-packages/airflow/example_dags/example_latest_only_with_trigger.py for tasks to queue
[2024-12-27T01:57:34.964+0000] {logging_mixin.py:190} INFO - [2024-12-27T01:57:34.963+0000] {dagbag.py:588} INFO - Filling up the DagBag from /home/airflow/.local/lib/python3.12/site-packages/airflow/example_dags/example_latest_only_with_trigger.py
[2024-12-27T01:57:34.972+0000] {processor.py:925} INFO - DAG(s) 'latest_only_with_trigger' retrieved from /home/airflow/.local/lib/python3.12/site-packages/airflow/example_dags/example_latest_only_with_trigger.py
[2024-12-27T01:57:35.019+0000] {logging_mixin.py:190} INFO - [2024-12-27T01:57:35.018+0000] {dag.py:3239} INFO - Sync 1 DAGs
[2024-12-27T01:57:35.048+0000] {logging_mixin.py:190} INFO - [2024-12-27T01:57:35.048+0000] {dag.py:4180} INFO - Setting next_dagrun for latest_only_with_trigger to 2024-12-26 20:00:00+00:00, run_after=2024-12-27 00:00:00+00:00
[2024-12-27T01:57:35.078+0000] {processor.py:208} INFO - Processing /home/airflow/.local/lib/python3.12/site-packages/airflow/example_dags/example_latest_only_with_trigger.py took 0.133 seconds
[2024-12-27T01:58:05.210+0000] {processor.py:186} INFO - Started process (PID=303) to work on /home/airflow/.local/lib/python3.12/site-packages/airflow/example_dags/example_latest_only_with_trigger.py
[2024-12-27T01:58:05.211+0000] {processor.py:914} INFO - Processing file /home/airflow/.local/lib/python3.12/site-packages/airflow/example_dags/example_latest_only_with_trigger.py for tasks to queue
[2024-12-27T01:58:05.215+0000] {logging_mixin.py:190} INFO - [2024-12-27T01:58:05.215+0000] {dagbag.py:588} INFO - Filling up the DagBag from /home/airflow/.local/lib/python3.12/site-packages/airflow/example_dags/example_latest_only_with_trigger.py
[2024-12-27T01:58:05.223+0000] {processor.py:925} INFO - DAG(s) 'latest_only_with_trigger' retrieved from /home/airflow/.local/lib/python3.12/site-packages/airflow/example_dags/example_latest_only_with_trigger.py
[2024-12-27T01:58:05.250+0000] {logging_mixin.py:190} INFO - [2024-12-27T01:58:05.250+0000] {dag.py:3239} INFO - Sync 1 DAGs
[2024-12-27T01:58:05.277+0000] {logging_mixin.py:190} INFO - [2024-12-27T01:58:05.277+0000] {dag.py:4180} INFO - Setting next_dagrun for latest_only_with_trigger to 2024-12-26 20:00:00+00:00, run_after=2024-12-27 00:00:00+00:00
[2024-12-27T01:58:05.311+0000] {processor.py:208} INFO - Processing /home/airflow/.local/lib/python3.12/site-packages/airflow/example_dags/example_latest_only_with_trigger.py took 0.107 seconds
[2024-12-27T01:58:36.334+0000] {processor.py:186} INFO - Started process (PID=366) to work on /home/airflow/.local/lib/python3.12/site-packages/airflow/example_dags/example_latest_only_with_trigger.py
[2024-12-27T01:58:36.335+0000] {processor.py:914} INFO - Processing file /home/airflow/.local/lib/python3.12/site-packages/airflow/example_dags/example_latest_only_with_trigger.py for tasks to queue
[2024-12-27T01:58:36.339+0000] {logging_mixin.py:190} INFO - [2024-12-27T01:58:36.338+0000] {dagbag.py:588} INFO - Filling up the DagBag from /home/airflow/.local/lib/python3.12/site-packages/airflow/example_dags/example_latest_only_with_trigger.py
[2024-12-27T01:58:36.347+0000] {processor.py:925} INFO - DAG(s) 'latest_only_with_trigger' retrieved from /home/airflow/.local/lib/python3.12/site-packages/airflow/example_dags/example_latest_only_with_trigger.py
[2024-12-27T01:58:36.371+0000] {logging_mixin.py:190} INFO - [2024-12-27T01:58:36.370+0000] {dag.py:3239} INFO - Sync 1 DAGs
[2024-12-27T01:58:36.398+0000] {logging_mixin.py:190} INFO - [2024-12-27T01:58:36.398+0000] {dag.py:4180} INFO - Setting next_dagrun for latest_only_with_trigger to 2024-12-26 20:00:00+00:00, run_after=2024-12-27 00:00:00+00:00
[2024-12-27T01:58:36.425+0000] {processor.py:208} INFO - Processing /home/airflow/.local/lib/python3.12/site-packages/airflow/example_dags/example_latest_only_with_trigger.py took 0.096 seconds
[2024-12-27T01:59:07.637+0000] {processor.py:186} INFO - Started process (PID=429) to work on /home/airflow/.local/lib/python3.12/site-packages/airflow/example_dags/example_latest_only_with_trigger.py
[2024-12-27T01:59:07.639+0000] {processor.py:914} INFO - Processing file /home/airflow/.local/lib/python3.12/site-packages/airflow/example_dags/example_latest_only_with_trigger.py for tasks to queue
[2024-12-27T01:59:07.641+0000] {logging_mixin.py:190} INFO - [2024-12-27T01:59:07.641+0000] {dagbag.py:588} INFO - Filling up the DagBag from /home/airflow/.local/lib/python3.12/site-packages/airflow/example_dags/example_latest_only_with_trigger.py
[2024-12-27T01:59:07.649+0000] {processor.py:925} INFO - DAG(s) 'latest_only_with_trigger' retrieved from /home/airflow/.local/lib/python3.12/site-packages/airflow/example_dags/example_latest_only_with_trigger.py
[2024-12-27T01:59:07.676+0000] {logging_mixin.py:190} INFO - [2024-12-27T01:59:07.676+0000] {dag.py:3239} INFO - Sync 1 DAGs
[2024-12-27T01:59:07.707+0000] {logging_mixin.py:190} INFO - [2024-12-27T01:59:07.707+0000] {dag.py:4180} INFO - Setting next_dagrun for latest_only_with_trigger to 2024-12-26 20:00:00+00:00, run_after=2024-12-27 00:00:00+00:00
[2024-12-27T01:59:07.737+0000] {processor.py:208} INFO - Processing /home/airflow/.local/lib/python3.12/site-packages/airflow/example_dags/example_latest_only_with_trigger.py took 0.105 seconds
[2024-12-27T01:59:38.895+0000] {processor.py:186} INFO - Started process (PID=491) to work on /home/airflow/.local/lib/python3.12/site-packages/airflow/example_dags/example_latest_only_with_trigger.py
[2024-12-27T01:59:38.897+0000] {processor.py:914} INFO - Processing file /home/airflow/.local/lib/python3.12/site-packages/airflow/example_dags/example_latest_only_with_trigger.py for tasks to queue
[2024-12-27T01:59:38.900+0000] {logging_mixin.py:190} INFO - [2024-12-27T01:59:38.900+0000] {dagbag.py:588} INFO - Filling up the DagBag from /home/airflow/.local/lib/python3.12/site-packages/airflow/example_dags/example_latest_only_with_trigger.py
[2024-12-27T01:59:38.909+0000] {processor.py:925} INFO - DAG(s) 'latest_only_with_trigger' retrieved from /home/airflow/.local/lib/python3.12/site-packages/airflow/example_dags/example_latest_only_with_trigger.py
[2024-12-27T01:59:38.935+0000] {logging_mixin.py:190} INFO - [2024-12-27T01:59:38.934+0000] {dag.py:3239} INFO - Sync 1 DAGs
[2024-12-27T01:59:38.960+0000] {logging_mixin.py:190} INFO - [2024-12-27T01:59:38.959+0000] {dag.py:4180} INFO - Setting next_dagrun for latest_only_with_trigger to 2024-12-26 20:00:00+00:00, run_after=2024-12-27 00:00:00+00:00
[2024-12-27T01:59:38.987+0000] {processor.py:208} INFO - Processing /home/airflow/.local/lib/python3.12/site-packages/airflow/example_dags/example_latest_only_with_trigger.py took 0.097 seconds
[2024-12-27T02:00:10.379+0000] {processor.py:186} INFO - Started process (PID=554) to work on /home/airflow/.local/lib/python3.12/site-packages/airflow/example_dags/example_latest_only_with_trigger.py
[2024-12-27T02:00:10.381+0000] {processor.py:914} INFO - Processing file /home/airflow/.local/lib/python3.12/site-packages/airflow/example_dags/example_latest_only_with_trigger.py for tasks to queue
[2024-12-27T02:00:10.384+0000] {logging_mixin.py:190} INFO - [2024-12-27T02:00:10.384+0000] {dagbag.py:588} INFO - Filling up the DagBag from /home/airflow/.local/lib/python3.12/site-packages/airflow/example_dags/example_latest_only_with_trigger.py
[2024-12-27T02:00:10.392+0000] {processor.py:925} INFO - DAG(s) 'latest_only_with_trigger' retrieved from /home/airflow/.local/lib/python3.12/site-packages/airflow/example_dags/example_latest_only_with_trigger.py
[2024-12-27T02:00:10.417+0000] {logging_mixin.py:190} INFO - [2024-12-27T02:00:10.416+0000] {dag.py:3239} INFO - Sync 1 DAGs
[2024-12-27T02:00:10.443+0000] {logging_mixin.py:190} INFO - [2024-12-27T02:00:10.442+0000] {dag.py:4180} INFO - Setting next_dagrun for latest_only_with_trigger to 2024-12-26 20:00:00+00:00, run_after=2024-12-27 00:00:00+00:00
[2024-12-27T02:00:10.468+0000] {processor.py:208} INFO - Processing /home/airflow/.local/lib/python3.12/site-packages/airflow/example_dags/example_latest_only_with_trigger.py took 0.094 seconds
[2024-12-27T02:00:41.980+0000] {processor.py:186} INFO - Started process (PID=617) to work on /home/airflow/.local/lib/python3.12/site-packages/airflow/example_dags/example_latest_only_with_trigger.py
[2024-12-27T02:00:41.982+0000] {processor.py:914} INFO - Processing file /home/airflow/.local/lib/python3.12/site-packages/airflow/example_dags/example_latest_only_with_trigger.py for tasks to queue
[2024-12-27T02:00:41.985+0000] {logging_mixin.py:190} INFO - [2024-12-27T02:00:41.985+0000] {dagbag.py:588} INFO - Filling up the DagBag from /home/airflow/.local/lib/python3.12/site-packages/airflow/example_dags/example_latest_only_with_trigger.py
[2024-12-27T02:00:41.996+0000] {processor.py:925} INFO - DAG(s) 'latest_only_with_trigger' retrieved from /home/airflow/.local/lib/python3.12/site-packages/airflow/example_dags/example_latest_only_with_trigger.py
[2024-12-27T02:00:42.023+0000] {logging_mixin.py:190} INFO - [2024-12-27T02:00:42.022+0000] {dag.py:3239} INFO - Sync 1 DAGs
[2024-12-27T02:00:42.049+0000] {logging_mixin.py:190} INFO - [2024-12-27T02:00:42.049+0000] {dag.py:4180} INFO - Setting next_dagrun for latest_only_with_trigger to 2024-12-26 20:00:00+00:00, run_after=2024-12-27 00:00:00+00:00
[2024-12-27T02:00:42.079+0000] {processor.py:208} INFO - Processing /home/airflow/.local/lib/python3.12/site-packages/airflow/example_dags/example_latest_only_with_trigger.py took 0.104 seconds
[2024-12-27T02:01:13.993+0000] {processor.py:186} INFO - Started process (PID=681) to work on /home/airflow/.local/lib/python3.12/site-packages/airflow/example_dags/example_latest_only_with_trigger.py
[2024-12-27T02:01:13.995+0000] {processor.py:914} INFO - Processing file /home/airflow/.local/lib/python3.12/site-packages/airflow/example_dags/example_latest_only_with_trigger.py for tasks to queue
[2024-12-27T02:01:14.000+0000] {logging_mixin.py:190} INFO - [2024-12-27T02:01:13.999+0000] {dagbag.py:588} INFO - Filling up the DagBag from /home/airflow/.local/lib/python3.12/site-packages/airflow/example_dags/example_latest_only_with_trigger.py
[2024-12-27T02:01:14.017+0000] {processor.py:925} INFO - DAG(s) 'latest_only_with_trigger' retrieved from /home/airflow/.local/lib/python3.12/site-packages/airflow/example_dags/example_latest_only_with_trigger.py
[2024-12-27T02:01:14.062+0000] {logging_mixin.py:190} INFO - [2024-12-27T02:01:14.062+0000] {dag.py:3239} INFO - Sync 1 DAGs
[2024-12-27T02:01:14.151+0000] {logging_mixin.py:190} INFO - [2024-12-27T02:01:14.150+0000] {dag.py:4180} INFO - Setting next_dagrun for latest_only_with_trigger to 2024-12-26 20:00:00+00:00, run_after=2024-12-27 00:00:00+00:00
[2024-12-27T02:01:14.219+0000] {processor.py:208} INFO - Processing /home/airflow/.local/lib/python3.12/site-packages/airflow/example_dags/example_latest_only_with_trigger.py took 0.235 seconds
[2024-12-27T02:01:44.800+0000] {processor.py:186} INFO - Started process (PID=743) to work on /home/airflow/.local/lib/python3.12/site-packages/airflow/example_dags/example_latest_only_with_trigger.py
[2024-12-27T02:01:44.802+0000] {processor.py:914} INFO - Processing file /home/airflow/.local/lib/python3.12/site-packages/airflow/example_dags/example_latest_only_with_trigger.py for tasks to queue
[2024-12-27T02:01:44.805+0000] {logging_mixin.py:190} INFO - [2024-12-27T02:01:44.805+0000] {dagbag.py:588} INFO - Filling up the DagBag from /home/airflow/.local/lib/python3.12/site-packages/airflow/example_dags/example_latest_only_with_trigger.py
[2024-12-27T02:01:44.815+0000] {processor.py:925} INFO - DAG(s) 'latest_only_with_trigger' retrieved from /home/airflow/.local/lib/python3.12/site-packages/airflow/example_dags/example_latest_only_with_trigger.py
[2024-12-27T02:01:44.843+0000] {logging_mixin.py:190} INFO - [2024-12-27T02:01:44.843+0000] {dag.py:3239} INFO - Sync 1 DAGs
[2024-12-27T02:01:44.875+0000] {logging_mixin.py:190} INFO - [2024-12-27T02:01:44.875+0000] {dag.py:4180} INFO - Setting next_dagrun for latest_only_with_trigger to 2024-12-26 20:00:00+00:00, run_after=2024-12-27 00:00:00+00:00
[2024-12-27T02:01:44.907+0000] {processor.py:208} INFO - Processing /home/airflow/.local/lib/python3.12/site-packages/airflow/example_dags/example_latest_only_with_trigger.py took 0.114 seconds
[2024-12-27T02:02:17.647+0000] {processor.py:186} INFO - Started process (PID=807) to work on /home/airflow/.local/lib/python3.12/site-packages/airflow/example_dags/example_latest_only_with_trigger.py
[2024-12-27T02:02:17.648+0000] {processor.py:914} INFO - Processing file /home/airflow/.local/lib/python3.12/site-packages/airflow/example_dags/example_latest_only_with_trigger.py for tasks to queue
[2024-12-27T02:02:17.651+0000] {logging_mixin.py:190} INFO - [2024-12-27T02:02:17.651+0000] {dagbag.py:588} INFO - Filling up the DagBag from /home/airflow/.local/lib/python3.12/site-packages/airflow/example_dags/example_latest_only_with_trigger.py
[2024-12-27T02:02:17.661+0000] {processor.py:925} INFO - DAG(s) 'latest_only_with_trigger' retrieved from /home/airflow/.local/lib/python3.12/site-packages/airflow/example_dags/example_latest_only_with_trigger.py
[2024-12-27T02:02:17.687+0000] {logging_mixin.py:190} INFO - [2024-12-27T02:02:17.687+0000] {dag.py:3239} INFO - Sync 1 DAGs
[2024-12-27T02:02:17.717+0000] {logging_mixin.py:190} INFO - [2024-12-27T02:02:17.717+0000] {dag.py:4180} INFO - Setting next_dagrun for latest_only_with_trigger to 2024-12-26 20:00:00+00:00, run_after=2024-12-27 00:00:00+00:00
[2024-12-27T02:02:17.745+0000] {processor.py:208} INFO - Processing /home/airflow/.local/lib/python3.12/site-packages/airflow/example_dags/example_latest_only_with_trigger.py took 0.103 seconds
[2024-12-27T02:02:48.365+0000] {processor.py:186} INFO - Started process (PID=870) to work on /home/airflow/.local/lib/python3.12/site-packages/airflow/example_dags/example_latest_only_with_trigger.py
[2024-12-27T02:02:48.366+0000] {processor.py:914} INFO - Processing file /home/airflow/.local/lib/python3.12/site-packages/airflow/example_dags/example_latest_only_with_trigger.py for tasks to queue
[2024-12-27T02:02:48.369+0000] {logging_mixin.py:190} INFO - [2024-12-27T02:02:48.369+0000] {dagbag.py:588} INFO - Filling up the DagBag from /home/airflow/.local/lib/python3.12/site-packages/airflow/example_dags/example_latest_only_with_trigger.py
[2024-12-27T02:02:48.381+0000] {processor.py:925} INFO - DAG(s) 'latest_only_with_trigger' retrieved from /home/airflow/.local/lib/python3.12/site-packages/airflow/example_dags/example_latest_only_with_trigger.py
[2024-12-27T02:02:48.417+0000] {logging_mixin.py:190} INFO - [2024-12-27T02:02:48.416+0000] {dag.py:3239} INFO - Sync 1 DAGs
[2024-12-27T02:02:48.453+0000] {logging_mixin.py:190} INFO - [2024-12-27T02:02:48.452+0000] {dag.py:4180} INFO - Setting next_dagrun for latest_only_with_trigger to 2024-12-26 20:00:00+00:00, run_after=2024-12-27 00:00:00+00:00
[2024-12-27T02:02:48.488+0000] {processor.py:208} INFO - Processing /home/airflow/.local/lib/python3.12/site-packages/airflow/example_dags/example_latest_only_with_trigger.py took 0.130 seconds
[2024-12-27T02:03:18.597+0000] {processor.py:186} INFO - Started process (PID=932) to work on /home/airflow/.local/lib/python3.12/site-packages/airflow/example_dags/example_latest_only_with_trigger.py
[2024-12-27T02:03:18.599+0000] {processor.py:914} INFO - Processing file /home/airflow/.local/lib/python3.12/site-packages/airflow/example_dags/example_latest_only_with_trigger.py for tasks to queue
[2024-12-27T02:03:18.602+0000] {logging_mixin.py:190} INFO - [2024-12-27T02:03:18.601+0000] {dagbag.py:588} INFO - Filling up the DagBag from /home/airflow/.local/lib/python3.12/site-packages/airflow/example_dags/example_latest_only_with_trigger.py
[2024-12-27T02:03:18.611+0000] {processor.py:925} INFO - DAG(s) 'latest_only_with_trigger' retrieved from /home/airflow/.local/lib/python3.12/site-packages/airflow/example_dags/example_latest_only_with_trigger.py
[2024-12-27T02:03:18.636+0000] {logging_mixin.py:190} INFO - [2024-12-27T02:03:18.636+0000] {dag.py:3239} INFO - Sync 1 DAGs
[2024-12-27T02:03:18.664+0000] {logging_mixin.py:190} INFO - [2024-12-27T02:03:18.663+0000] {dag.py:4180} INFO - Setting next_dagrun for latest_only_with_trigger to 2024-12-26 20:00:00+00:00, run_after=2024-12-27 00:00:00+00:00
[2024-12-27T02:03:18.690+0000] {processor.py:208} INFO - Processing /home/airflow/.local/lib/python3.12/site-packages/airflow/example_dags/example_latest_only_with_trigger.py took 0.098 seconds
[2024-12-27T02:03:49.299+0000] {processor.py:186} INFO - Started process (PID=995) to work on /home/airflow/.local/lib/python3.12/site-packages/airflow/example_dags/example_latest_only_with_trigger.py
[2024-12-27T02:03:49.301+0000] {processor.py:914} INFO - Processing file /home/airflow/.local/lib/python3.12/site-packages/airflow/example_dags/example_latest_only_with_trigger.py for tasks to queue
[2024-12-27T02:03:49.304+0000] {logging_mixin.py:190} INFO - [2024-12-27T02:03:49.303+0000] {dagbag.py:588} INFO - Filling up the DagBag from /home/airflow/.local/lib/python3.12/site-packages/airflow/example_dags/example_latest_only_with_trigger.py
[2024-12-27T02:03:49.312+0000] {processor.py:925} INFO - DAG(s) 'latest_only_with_trigger' retrieved from /home/airflow/.local/lib/python3.12/site-packages/airflow/example_dags/example_latest_only_with_trigger.py
[2024-12-27T02:03:49.338+0000] {logging_mixin.py:190} INFO - [2024-12-27T02:03:49.338+0000] {dag.py:3239} INFO - Sync 1 DAGs
[2024-12-27T02:03:49.367+0000] {logging_mixin.py:190} INFO - [2024-12-27T02:03:49.367+0000] {dag.py:4180} INFO - Setting next_dagrun for latest_only_with_trigger to 2024-12-26 20:00:00+00:00, run_after=2024-12-27 00:00:00+00:00
[2024-12-27T02:03:49.403+0000] {processor.py:208} INFO - Processing /home/airflow/.local/lib/python3.12/site-packages/airflow/example_dags/example_latest_only_with_trigger.py took 0.110 seconds
[2024-12-27T02:04:20.685+0000] {processor.py:186} INFO - Started process (PID=1058) to work on /home/airflow/.local/lib/python3.12/site-packages/airflow/example_dags/example_latest_only_with_trigger.py
[2024-12-27T02:04:20.687+0000] {processor.py:914} INFO - Processing file /home/airflow/.local/lib/python3.12/site-packages/airflow/example_dags/example_latest_only_with_trigger.py for tasks to queue
[2024-12-27T02:04:20.690+0000] {logging_mixin.py:190} INFO - [2024-12-27T02:04:20.689+0000] {dagbag.py:588} INFO - Filling up the DagBag from /home/airflow/.local/lib/python3.12/site-packages/airflow/example_dags/example_latest_only_with_trigger.py
[2024-12-27T02:04:20.700+0000] {processor.py:925} INFO - DAG(s) 'latest_only_with_trigger' retrieved from /home/airflow/.local/lib/python3.12/site-packages/airflow/example_dags/example_latest_only_with_trigger.py
[2024-12-27T02:04:20.727+0000] {logging_mixin.py:190} INFO - [2024-12-27T02:04:20.727+0000] {dag.py:3239} INFO - Sync 1 DAGs
[2024-12-27T02:04:20.755+0000] {logging_mixin.py:190} INFO - [2024-12-27T02:04:20.754+0000] {dag.py:4180} INFO - Setting next_dagrun for latest_only_with_trigger to 2024-12-26 20:00:00+00:00, run_after=2024-12-27 00:00:00+00:00
[2024-12-27T02:04:20.785+0000] {processor.py:208} INFO - Processing /home/airflow/.local/lib/python3.12/site-packages/airflow/example_dags/example_latest_only_with_trigger.py took 0.107 seconds
[2024-12-27T02:04:52.219+0000] {processor.py:186} INFO - Started process (PID=1122) to work on /home/airflow/.local/lib/python3.12/site-packages/airflow/example_dags/example_latest_only_with_trigger.py
[2024-12-27T02:04:52.221+0000] {processor.py:914} INFO - Processing file /home/airflow/.local/lib/python3.12/site-packages/airflow/example_dags/example_latest_only_with_trigger.py for tasks to queue
[2024-12-27T02:04:52.223+0000] {logging_mixin.py:190} INFO - [2024-12-27T02:04:52.223+0000] {dagbag.py:588} INFO - Filling up the DagBag from /home/airflow/.local/lib/python3.12/site-packages/airflow/example_dags/example_latest_only_with_trigger.py
[2024-12-27T02:04:52.233+0000] {processor.py:925} INFO - DAG(s) 'latest_only_with_trigger' retrieved from /home/airflow/.local/lib/python3.12/site-packages/airflow/example_dags/example_latest_only_with_trigger.py
[2024-12-27T02:04:52.261+0000] {logging_mixin.py:190} INFO - [2024-12-27T02:04:52.261+0000] {dag.py:3239} INFO - Sync 1 DAGs
[2024-12-27T02:04:52.289+0000] {logging_mixin.py:190} INFO - [2024-12-27T02:04:52.289+0000] {dag.py:4180} INFO - Setting next_dagrun for latest_only_with_trigger to 2024-12-26 20:00:00+00:00, run_after=2024-12-27 00:00:00+00:00
[2024-12-27T02:04:52.319+0000] {processor.py:208} INFO - Processing /home/airflow/.local/lib/python3.12/site-packages/airflow/example_dags/example_latest_only_with_trigger.py took 0.107 seconds
[2024-12-27T02:05:22.643+0000] {processor.py:186} INFO - Started process (PID=1184) to work on /home/airflow/.local/lib/python3.12/site-packages/airflow/example_dags/example_latest_only_with_trigger.py
[2024-12-27T02:05:22.644+0000] {processor.py:914} INFO - Processing file /home/airflow/.local/lib/python3.12/site-packages/airflow/example_dags/example_latest_only_with_trigger.py for tasks to queue
[2024-12-27T02:05:22.648+0000] {logging_mixin.py:190} INFO - [2024-12-27T02:05:22.647+0000] {dagbag.py:588} INFO - Filling up the DagBag from /home/airflow/.local/lib/python3.12/site-packages/airflow/example_dags/example_latest_only_with_trigger.py
[2024-12-27T02:05:22.655+0000] {processor.py:925} INFO - DAG(s) 'latest_only_with_trigger' retrieved from /home/airflow/.local/lib/python3.12/site-packages/airflow/example_dags/example_latest_only_with_trigger.py
[2024-12-27T02:05:22.679+0000] {logging_mixin.py:190} INFO - [2024-12-27T02:05:22.679+0000] {dag.py:3239} INFO - Sync 1 DAGs
[2024-12-27T02:05:22.708+0000] {logging_mixin.py:190} INFO - [2024-12-27T02:05:22.708+0000] {dag.py:4180} INFO - Setting next_dagrun for latest_only_with_trigger to 2024-12-26 20:00:00+00:00, run_after=2024-12-27 00:00:00+00:00
[2024-12-27T02:05:22.734+0000] {processor.py:208} INFO - Processing /home/airflow/.local/lib/python3.12/site-packages/airflow/example_dags/example_latest_only_with_trigger.py took 0.096 seconds
[2024-12-27T02:05:53.678+0000] {processor.py:186} INFO - Started process (PID=1253) to work on /home/airflow/.local/lib/python3.12/site-packages/airflow/example_dags/example_latest_only_with_trigger.py
[2024-12-27T02:05:53.681+0000] {processor.py:914} INFO - Processing file /home/airflow/.local/lib/python3.12/site-packages/airflow/example_dags/example_latest_only_with_trigger.py for tasks to queue
[2024-12-27T02:05:53.685+0000] {logging_mixin.py:190} INFO - [2024-12-27T02:05:53.685+0000] {dagbag.py:588} INFO - Filling up the DagBag from /home/airflow/.local/lib/python3.12/site-packages/airflow/example_dags/example_latest_only_with_trigger.py
[2024-12-27T02:05:53.703+0000] {processor.py:925} INFO - DAG(s) 'latest_only_with_trigger' retrieved from /home/airflow/.local/lib/python3.12/site-packages/airflow/example_dags/example_latest_only_with_trigger.py
[2024-12-27T02:05:53.737+0000] {logging_mixin.py:190} INFO - [2024-12-27T02:05:53.737+0000] {dag.py:3239} INFO - Sync 1 DAGs
[2024-12-27T02:05:53.771+0000] {logging_mixin.py:190} INFO - [2024-12-27T02:05:53.771+0000] {dag.py:4180} INFO - Setting next_dagrun for latest_only_with_trigger to 2024-12-26 20:00:00+00:00, run_after=2024-12-27 00:00:00+00:00
[2024-12-27T02:05:53.800+0000] {processor.py:208} INFO - Processing /home/airflow/.local/lib/python3.12/site-packages/airflow/example_dags/example_latest_only_with_trigger.py took 0.133 seconds
[2024-12-27T02:06:24.609+0000] {processor.py:186} INFO - Started process (PID=1316) to work on /home/airflow/.local/lib/python3.12/site-packages/airflow/example_dags/example_latest_only_with_trigger.py
[2024-12-27T02:06:24.610+0000] {processor.py:914} INFO - Processing file /home/airflow/.local/lib/python3.12/site-packages/airflow/example_dags/example_latest_only_with_trigger.py for tasks to queue
[2024-12-27T02:06:24.613+0000] {logging_mixin.py:190} INFO - [2024-12-27T02:06:24.613+0000] {dagbag.py:588} INFO - Filling up the DagBag from /home/airflow/.local/lib/python3.12/site-packages/airflow/example_dags/example_latest_only_with_trigger.py
[2024-12-27T02:06:24.625+0000] {processor.py:925} INFO - DAG(s) 'latest_only_with_trigger' retrieved from /home/airflow/.local/lib/python3.12/site-packages/airflow/example_dags/example_latest_only_with_trigger.py
[2024-12-27T02:06:24.662+0000] {logging_mixin.py:190} INFO - [2024-12-27T02:06:24.662+0000] {dag.py:3239} INFO - Sync 1 DAGs
[2024-12-27T02:06:24.702+0000] {logging_mixin.py:190} INFO - [2024-12-27T02:06:24.701+0000] {dag.py:4180} INFO - Setting next_dagrun for latest_only_with_trigger to 2024-12-26 20:00:00+00:00, run_after=2024-12-27 00:00:00+00:00
[2024-12-27T02:06:24.743+0000] {processor.py:208} INFO - Processing /home/airflow/.local/lib/python3.12/site-packages/airflow/example_dags/example_latest_only_with_trigger.py took 0.142 seconds
[2024-12-27T02:06:55.555+0000] {processor.py:186} INFO - Started process (PID=1378) to work on /home/airflow/.local/lib/python3.12/site-packages/airflow/example_dags/example_latest_only_with_trigger.py
[2024-12-27T02:06:55.556+0000] {processor.py:914} INFO - Processing file /home/airflow/.local/lib/python3.12/site-packages/airflow/example_dags/example_latest_only_with_trigger.py for tasks to queue
[2024-12-27T02:06:55.559+0000] {logging_mixin.py:190} INFO - [2024-12-27T02:06:55.558+0000] {dagbag.py:588} INFO - Filling up the DagBag from /home/airflow/.local/lib/python3.12/site-packages/airflow/example_dags/example_latest_only_with_trigger.py
[2024-12-27T02:06:55.567+0000] {processor.py:925} INFO - DAG(s) 'latest_only_with_trigger' retrieved from /home/airflow/.local/lib/python3.12/site-packages/airflow/example_dags/example_latest_only_with_trigger.py
[2024-12-27T02:06:55.593+0000] {logging_mixin.py:190} INFO - [2024-12-27T02:06:55.592+0000] {dag.py:3239} INFO - Sync 1 DAGs
[2024-12-27T02:06:55.622+0000] {logging_mixin.py:190} INFO - [2024-12-27T02:06:55.622+0000] {dag.py:4180} INFO - Setting next_dagrun for latest_only_with_trigger to 2024-12-26 20:00:00+00:00, run_after=2024-12-27 00:00:00+00:00
[2024-12-27T02:06:55.650+0000] {processor.py:208} INFO - Processing /home/airflow/.local/lib/python3.12/site-packages/airflow/example_dags/example_latest_only_with_trigger.py took 0.100 seconds
[2024-12-27T02:07:25.748+0000] {processor.py:186} INFO - Started process (PID=1441) to work on /home/airflow/.local/lib/python3.12/site-packages/airflow/example_dags/example_latest_only_with_trigger.py
[2024-12-27T02:07:25.749+0000] {processor.py:914} INFO - Processing file /home/airflow/.local/lib/python3.12/site-packages/airflow/example_dags/example_latest_only_with_trigger.py for tasks to queue
[2024-12-27T02:07:25.752+0000] {logging_mixin.py:190} INFO - [2024-12-27T02:07:25.752+0000] {dagbag.py:588} INFO - Filling up the DagBag from /home/airflow/.local/lib/python3.12/site-packages/airflow/example_dags/example_latest_only_with_trigger.py
[2024-12-27T02:07:25.760+0000] {processor.py:925} INFO - DAG(s) 'latest_only_with_trigger' retrieved from /home/airflow/.local/lib/python3.12/site-packages/airflow/example_dags/example_latest_only_with_trigger.py
[2024-12-27T02:07:25.785+0000] {logging_mixin.py:190} INFO - [2024-12-27T02:07:25.785+0000] {dag.py:3239} INFO - Sync 1 DAGs
[2024-12-27T02:07:25.814+0000] {logging_mixin.py:190} INFO - [2024-12-27T02:07:25.814+0000] {dag.py:4180} INFO - Setting next_dagrun for latest_only_with_trigger to 2024-12-26 20:00:00+00:00, run_after=2024-12-27 00:00:00+00:00
[2024-12-27T02:07:25.844+0000] {processor.py:208} INFO - Processing /home/airflow/.local/lib/python3.12/site-packages/airflow/example_dags/example_latest_only_with_trigger.py took 0.101 seconds
[2024-12-27T02:07:56.205+0000] {processor.py:186} INFO - Started process (PID=1503) to work on /home/airflow/.local/lib/python3.12/site-packages/airflow/example_dags/example_latest_only_with_trigger.py
[2024-12-27T02:07:56.207+0000] {processor.py:914} INFO - Processing file /home/airflow/.local/lib/python3.12/site-packages/airflow/example_dags/example_latest_only_with_trigger.py for tasks to queue
[2024-12-27T02:07:56.210+0000] {logging_mixin.py:190} INFO - [2024-12-27T02:07:56.209+0000] {dagbag.py:588} INFO - Filling up the DagBag from /home/airflow/.local/lib/python3.12/site-packages/airflow/example_dags/example_latest_only_with_trigger.py
[2024-12-27T02:07:56.217+0000] {processor.py:925} INFO - DAG(s) 'latest_only_with_trigger' retrieved from /home/airflow/.local/lib/python3.12/site-packages/airflow/example_dags/example_latest_only_with_trigger.py
[2024-12-27T02:07:56.242+0000] {logging_mixin.py:190} INFO - [2024-12-27T02:07:56.242+0000] {dag.py:3239} INFO - Sync 1 DAGs
[2024-12-27T02:07:56.266+0000] {logging_mixin.py:190} INFO - [2024-12-27T02:07:56.266+0000] {dag.py:4180} INFO - Setting next_dagrun for latest_only_with_trigger to 2024-12-26 20:00:00+00:00, run_after=2024-12-27 00:00:00+00:00
[2024-12-27T02:07:56.291+0000] {processor.py:208} INFO - Processing /home/airflow/.local/lib/python3.12/site-packages/airflow/example_dags/example_latest_only_with_trigger.py took 0.091 seconds
[2024-12-27T02:08:26.872+0000] {processor.py:186} INFO - Started process (PID=1566) to work on /home/airflow/.local/lib/python3.12/site-packages/airflow/example_dags/example_latest_only_with_trigger.py
[2024-12-27T02:08:26.874+0000] {processor.py:914} INFO - Processing file /home/airflow/.local/lib/python3.12/site-packages/airflow/example_dags/example_latest_only_with_trigger.py for tasks to queue
[2024-12-27T02:08:26.877+0000] {logging_mixin.py:190} INFO - [2024-12-27T02:08:26.877+0000] {dagbag.py:588} INFO - Filling up the DagBag from /home/airflow/.local/lib/python3.12/site-packages/airflow/example_dags/example_latest_only_with_trigger.py
[2024-12-27T02:08:26.886+0000] {processor.py:925} INFO - DAG(s) 'latest_only_with_trigger' retrieved from /home/airflow/.local/lib/python3.12/site-packages/airflow/example_dags/example_latest_only_with_trigger.py
[2024-12-27T02:08:26.912+0000] {logging_mixin.py:190} INFO - [2024-12-27T02:08:26.912+0000] {dag.py:3239} INFO - Sync 1 DAGs
[2024-12-27T02:08:26.937+0000] {logging_mixin.py:190} INFO - [2024-12-27T02:08:26.937+0000] {dag.py:4180} INFO - Setting next_dagrun for latest_only_with_trigger to 2024-12-26 20:00:00+00:00, run_after=2024-12-27 00:00:00+00:00
[2024-12-27T02:08:26.961+0000] {processor.py:208} INFO - Processing /home/airflow/.local/lib/python3.12/site-packages/airflow/example_dags/example_latest_only_with_trigger.py took 0.094 seconds
[2024-12-27T02:08:57.039+0000] {processor.py:186} INFO - Started process (PID=1629) to work on /home/airflow/.local/lib/python3.12/site-packages/airflow/example_dags/example_latest_only_with_trigger.py
[2024-12-27T02:08:57.040+0000] {processor.py:914} INFO - Processing file /home/airflow/.local/lib/python3.12/site-packages/airflow/example_dags/example_latest_only_with_trigger.py for tasks to queue
[2024-12-27T02:08:57.044+0000] {logging_mixin.py:190} INFO - [2024-12-27T02:08:57.043+0000] {dagbag.py:588} INFO - Filling up the DagBag from /home/airflow/.local/lib/python3.12/site-packages/airflow/example_dags/example_latest_only_with_trigger.py
[2024-12-27T02:08:57.052+0000] {processor.py:925} INFO - DAG(s) 'latest_only_with_trigger' retrieved from /home/airflow/.local/lib/python3.12/site-packages/airflow/example_dags/example_latest_only_with_trigger.py
[2024-12-27T02:08:57.080+0000] {logging_mixin.py:190} INFO - [2024-12-27T02:08:57.080+0000] {dag.py:3239} INFO - Sync 1 DAGs
[2024-12-27T02:08:57.112+0000] {logging_mixin.py:190} INFO - [2024-12-27T02:08:57.112+0000] {dag.py:4180} INFO - Setting next_dagrun for latest_only_with_trigger to 2024-12-26 20:00:00+00:00, run_after=2024-12-27 00:00:00+00:00
[2024-12-27T02:08:57.158+0000] {processor.py:208} INFO - Processing /home/airflow/.local/lib/python3.12/site-packages/airflow/example_dags/example_latest_only_with_trigger.py took 0.125 seconds
[2024-12-27T02:09:28.761+0000] {processor.py:186} INFO - Started process (PID=1692) to work on /home/airflow/.local/lib/python3.12/site-packages/airflow/example_dags/example_latest_only_with_trigger.py
[2024-12-27T02:09:28.763+0000] {processor.py:914} INFO - Processing file /home/airflow/.local/lib/python3.12/site-packages/airflow/example_dags/example_latest_only_with_trigger.py for tasks to queue
[2024-12-27T02:09:28.766+0000] {logging_mixin.py:190} INFO - [2024-12-27T02:09:28.766+0000] {dagbag.py:588} INFO - Filling up the DagBag from /home/airflow/.local/lib/python3.12/site-packages/airflow/example_dags/example_latest_only_with_trigger.py
[2024-12-27T02:09:28.775+0000] {processor.py:925} INFO - DAG(s) 'latest_only_with_trigger' retrieved from /home/airflow/.local/lib/python3.12/site-packages/airflow/example_dags/example_latest_only_with_trigger.py
[2024-12-27T02:09:28.803+0000] {logging_mixin.py:190} INFO - [2024-12-27T02:09:28.803+0000] {dag.py:3239} INFO - Sync 1 DAGs
[2024-12-27T02:09:28.835+0000] {logging_mixin.py:190} INFO - [2024-12-27T02:09:28.834+0000] {dag.py:4180} INFO - Setting next_dagrun for latest_only_with_trigger to 2024-12-26 20:00:00+00:00, run_after=2024-12-27 00:00:00+00:00
[2024-12-27T02:09:28.866+0000] {processor.py:208} INFO - Processing /home/airflow/.local/lib/python3.12/site-packages/airflow/example_dags/example_latest_only_with_trigger.py took 0.111 seconds
[2024-12-27T02:09:59.513+0000] {processor.py:186} INFO - Started process (PID=1755) to work on /home/airflow/.local/lib/python3.12/site-packages/airflow/example_dags/example_latest_only_with_trigger.py
[2024-12-27T02:09:59.515+0000] {processor.py:914} INFO - Processing file /home/airflow/.local/lib/python3.12/site-packages/airflow/example_dags/example_latest_only_with_trigger.py for tasks to queue
[2024-12-27T02:09:59.518+0000] {logging_mixin.py:190} INFO - [2024-12-27T02:09:59.518+0000] {dagbag.py:588} INFO - Filling up the DagBag from /home/airflow/.local/lib/python3.12/site-packages/airflow/example_dags/example_latest_only_with_trigger.py
[2024-12-27T02:09:59.529+0000] {processor.py:925} INFO - DAG(s) 'latest_only_with_trigger' retrieved from /home/airflow/.local/lib/python3.12/site-packages/airflow/example_dags/example_latest_only_with_trigger.py
[2024-12-27T02:09:59.559+0000] {logging_mixin.py:190} INFO - [2024-12-27T02:09:59.558+0000] {dag.py:3239} INFO - Sync 1 DAGs
[2024-12-27T02:09:59.594+0000] {logging_mixin.py:190} INFO - [2024-12-27T02:09:59.593+0000] {dag.py:4180} INFO - Setting next_dagrun for latest_only_with_trigger to 2024-12-26 20:00:00+00:00, run_after=2024-12-27 00:00:00+00:00
[2024-12-27T02:09:59.628+0000] {processor.py:208} INFO - Processing /home/airflow/.local/lib/python3.12/site-packages/airflow/example_dags/example_latest_only_with_trigger.py took 0.120 seconds
[2024-12-27T02:10:29.831+0000] {processor.py:186} INFO - Started process (PID=1818) to work on /home/airflow/.local/lib/python3.12/site-packages/airflow/example_dags/example_latest_only_with_trigger.py
[2024-12-27T02:10:29.833+0000] {processor.py:914} INFO - Processing file /home/airflow/.local/lib/python3.12/site-packages/airflow/example_dags/example_latest_only_with_trigger.py for tasks to queue
[2024-12-27T02:10:29.837+0000] {logging_mixin.py:190} INFO - [2024-12-27T02:10:29.837+0000] {dagbag.py:588} INFO - Filling up the DagBag from /home/airflow/.local/lib/python3.12/site-packages/airflow/example_dags/example_latest_only_with_trigger.py
[2024-12-27T02:10:29.844+0000] {processor.py:925} INFO - DAG(s) 'latest_only_with_trigger' retrieved from /home/airflow/.local/lib/python3.12/site-packages/airflow/example_dags/example_latest_only_with_trigger.py
[2024-12-27T02:10:29.869+0000] {logging_mixin.py:190} INFO - [2024-12-27T02:10:29.869+0000] {dag.py:3239} INFO - Sync 1 DAGs
[2024-12-27T02:10:29.894+0000] {logging_mixin.py:190} INFO - [2024-12-27T02:10:29.893+0000] {dag.py:4180} INFO - Setting next_dagrun for latest_only_with_trigger to 2024-12-26 20:00:00+00:00, run_after=2024-12-27 00:00:00+00:00
[2024-12-27T02:10:29.920+0000] {processor.py:208} INFO - Processing /home/airflow/.local/lib/python3.12/site-packages/airflow/example_dags/example_latest_only_with_trigger.py took 0.094 seconds
[2024-12-27T02:11:00.306+0000] {processor.py:186} INFO - Started process (PID=1881) to work on /home/airflow/.local/lib/python3.12/site-packages/airflow/example_dags/example_latest_only_with_trigger.py
[2024-12-27T02:11:00.307+0000] {processor.py:914} INFO - Processing file /home/airflow/.local/lib/python3.12/site-packages/airflow/example_dags/example_latest_only_with_trigger.py for tasks to queue
[2024-12-27T02:11:00.310+0000] {logging_mixin.py:190} INFO - [2024-12-27T02:11:00.310+0000] {dagbag.py:588} INFO - Filling up the DagBag from /home/airflow/.local/lib/python3.12/site-packages/airflow/example_dags/example_latest_only_with_trigger.py
[2024-12-27T02:11:00.319+0000] {processor.py:925} INFO - DAG(s) 'latest_only_with_trigger' retrieved from /home/airflow/.local/lib/python3.12/site-packages/airflow/example_dags/example_latest_only_with_trigger.py
[2024-12-27T02:11:00.348+0000] {logging_mixin.py:190} INFO - [2024-12-27T02:11:00.348+0000] {dag.py:3239} INFO - Sync 1 DAGs
[2024-12-27T02:11:00.380+0000] {logging_mixin.py:190} INFO - [2024-12-27T02:11:00.380+0000] {dag.py:4180} INFO - Setting next_dagrun for latest_only_with_trigger to 2024-12-26 20:00:00+00:00, run_after=2024-12-27 00:00:00+00:00
[2024-12-27T02:11:00.413+0000] {processor.py:208} INFO - Processing /home/airflow/.local/lib/python3.12/site-packages/airflow/example_dags/example_latest_only_with_trigger.py took 0.113 seconds
[2024-12-27T02:11:30.681+0000] {processor.py:186} INFO - Started process (PID=1944) to work on /home/airflow/.local/lib/python3.12/site-packages/airflow/example_dags/example_latest_only_with_trigger.py
[2024-12-27T02:11:30.682+0000] {processor.py:914} INFO - Processing file /home/airflow/.local/lib/python3.12/site-packages/airflow/example_dags/example_latest_only_with_trigger.py for tasks to queue
[2024-12-27T02:11:30.685+0000] {logging_mixin.py:190} INFO - [2024-12-27T02:11:30.684+0000] {dagbag.py:588} INFO - Filling up the DagBag from /home/airflow/.local/lib/python3.12/site-packages/airflow/example_dags/example_latest_only_with_trigger.py
[2024-12-27T02:11:30.692+0000] {processor.py:925} INFO - DAG(s) 'latest_only_with_trigger' retrieved from /home/airflow/.local/lib/python3.12/site-packages/airflow/example_dags/example_latest_only_with_trigger.py
[2024-12-27T02:11:30.717+0000] {logging_mixin.py:190} INFO - [2024-12-27T02:11:30.716+0000] {dag.py:3239} INFO - Sync 1 DAGs
[2024-12-27T02:11:30.742+0000] {logging_mixin.py:190} INFO - [2024-12-27T02:11:30.741+0000] {dag.py:4180} INFO - Setting next_dagrun for latest_only_with_trigger to 2024-12-26 20:00:00+00:00, run_after=2024-12-27 00:00:00+00:00
[2024-12-27T02:11:30.768+0000] {processor.py:208} INFO - Processing /home/airflow/.local/lib/python3.12/site-packages/airflow/example_dags/example_latest_only_with_trigger.py took 0.092 seconds
[2024-12-27T02:12:01.063+0000] {processor.py:186} INFO - Started process (PID=2007) to work on /home/airflow/.local/lib/python3.12/site-packages/airflow/example_dags/example_latest_only_with_trigger.py
[2024-12-27T02:12:01.065+0000] {processor.py:914} INFO - Processing file /home/airflow/.local/lib/python3.12/site-packages/airflow/example_dags/example_latest_only_with_trigger.py for tasks to queue
[2024-12-27T02:12:01.068+0000] {logging_mixin.py:190} INFO - [2024-12-27T02:12:01.068+0000] {dagbag.py:588} INFO - Filling up the DagBag from /home/airflow/.local/lib/python3.12/site-packages/airflow/example_dags/example_latest_only_with_trigger.py
[2024-12-27T02:12:01.076+0000] {processor.py:925} INFO - DAG(s) 'latest_only_with_trigger' retrieved from /home/airflow/.local/lib/python3.12/site-packages/airflow/example_dags/example_latest_only_with_trigger.py
[2024-12-27T02:12:01.101+0000] {logging_mixin.py:190} INFO - [2024-12-27T02:12:01.101+0000] {dag.py:3239} INFO - Sync 1 DAGs
[2024-12-27T02:12:01.130+0000] {logging_mixin.py:190} INFO - [2024-12-27T02:12:01.130+0000] {dag.py:4180} INFO - Setting next_dagrun for latest_only_with_trigger to 2024-12-26 20:00:00+00:00, run_after=2024-12-27 00:00:00+00:00
[2024-12-27T02:12:01.159+0000] {processor.py:208} INFO - Processing /home/airflow/.local/lib/python3.12/site-packages/airflow/example_dags/example_latest_only_with_trigger.py took 0.101 seconds
[2024-12-27T02:12:31.246+0000] {processor.py:186} INFO - Started process (PID=2070) to work on /home/airflow/.local/lib/python3.12/site-packages/airflow/example_dags/example_latest_only_with_trigger.py
[2024-12-27T02:12:31.248+0000] {processor.py:914} INFO - Processing file /home/airflow/.local/lib/python3.12/site-packages/airflow/example_dags/example_latest_only_with_trigger.py for tasks to queue
[2024-12-27T02:12:31.251+0000] {logging_mixin.py:190} INFO - [2024-12-27T02:12:31.250+0000] {dagbag.py:588} INFO - Filling up the DagBag from /home/airflow/.local/lib/python3.12/site-packages/airflow/example_dags/example_latest_only_with_trigger.py
[2024-12-27T02:12:31.260+0000] {processor.py:925} INFO - DAG(s) 'latest_only_with_trigger' retrieved from /home/airflow/.local/lib/python3.12/site-packages/airflow/example_dags/example_latest_only_with_trigger.py
[2024-12-27T02:12:31.285+0000] {logging_mixin.py:190} INFO - [2024-12-27T02:12:31.285+0000] {dag.py:3239} INFO - Sync 1 DAGs
[2024-12-27T02:12:31.310+0000] {logging_mixin.py:190} INFO - [2024-12-27T02:12:31.309+0000] {dag.py:4180} INFO - Setting next_dagrun for latest_only_with_trigger to 2024-12-26 20:00:00+00:00, run_after=2024-12-27 00:00:00+00:00
[2024-12-27T02:12:31.339+0000] {processor.py:208} INFO - Processing /home/airflow/.local/lib/python3.12/site-packages/airflow/example_dags/example_latest_only_with_trigger.py took 0.098 seconds
[2024-12-27T02:13:02.320+0000] {processor.py:186} INFO - Started process (PID=2133) to work on /home/airflow/.local/lib/python3.12/site-packages/airflow/example_dags/example_latest_only_with_trigger.py
[2024-12-27T02:13:02.322+0000] {processor.py:914} INFO - Processing file /home/airflow/.local/lib/python3.12/site-packages/airflow/example_dags/example_latest_only_with_trigger.py for tasks to queue
[2024-12-27T02:13:02.324+0000] {logging_mixin.py:190} INFO - [2024-12-27T02:13:02.324+0000] {dagbag.py:588} INFO - Filling up the DagBag from /home/airflow/.local/lib/python3.12/site-packages/airflow/example_dags/example_latest_only_with_trigger.py
[2024-12-27T02:13:02.333+0000] {processor.py:925} INFO - DAG(s) 'latest_only_with_trigger' retrieved from /home/airflow/.local/lib/python3.12/site-packages/airflow/example_dags/example_latest_only_with_trigger.py
[2024-12-27T02:13:02.358+0000] {logging_mixin.py:190} INFO - [2024-12-27T02:13:02.358+0000] {dag.py:3239} INFO - Sync 1 DAGs
[2024-12-27T02:13:02.384+0000] {logging_mixin.py:190} INFO - [2024-12-27T02:13:02.384+0000] {dag.py:4180} INFO - Setting next_dagrun for latest_only_with_trigger to 2024-12-26 20:00:00+00:00, run_after=2024-12-27 00:00:00+00:00
[2024-12-27T02:13:02.414+0000] {processor.py:208} INFO - Processing /home/airflow/.local/lib/python3.12/site-packages/airflow/example_dags/example_latest_only_with_trigger.py took 0.099 seconds
[2024-12-27T02:13:32.525+0000] {processor.py:186} INFO - Started process (PID=2196) to work on /home/airflow/.local/lib/python3.12/site-packages/airflow/example_dags/example_latest_only_with_trigger.py
[2024-12-27T02:13:32.526+0000] {processor.py:914} INFO - Processing file /home/airflow/.local/lib/python3.12/site-packages/airflow/example_dags/example_latest_only_with_trigger.py for tasks to queue
[2024-12-27T02:13:32.530+0000] {logging_mixin.py:190} INFO - [2024-12-27T02:13:32.529+0000] {dagbag.py:588} INFO - Filling up the DagBag from /home/airflow/.local/lib/python3.12/site-packages/airflow/example_dags/example_latest_only_with_trigger.py
[2024-12-27T02:13:32.537+0000] {processor.py:925} INFO - DAG(s) 'latest_only_with_trigger' retrieved from /home/airflow/.local/lib/python3.12/site-packages/airflow/example_dags/example_latest_only_with_trigger.py
[2024-12-27T02:13:32.560+0000] {logging_mixin.py:190} INFO - [2024-12-27T02:13:32.560+0000] {dag.py:3239} INFO - Sync 1 DAGs
[2024-12-27T02:13:32.586+0000] {logging_mixin.py:190} INFO - [2024-12-27T02:13:32.586+0000] {dag.py:4180} INFO - Setting next_dagrun for latest_only_with_trigger to 2024-12-26 20:00:00+00:00, run_after=2024-12-27 00:00:00+00:00
[2024-12-27T02:13:32.610+0000] {processor.py:208} INFO - Processing /home/airflow/.local/lib/python3.12/site-packages/airflow/example_dags/example_latest_only_with_trigger.py took 0.090 seconds
[2024-12-27T02:14:02.917+0000] {processor.py:186} INFO - Started process (PID=2259) to work on /home/airflow/.local/lib/python3.12/site-packages/airflow/example_dags/example_latest_only_with_trigger.py
[2024-12-27T02:14:02.920+0000] {processor.py:914} INFO - Processing file /home/airflow/.local/lib/python3.12/site-packages/airflow/example_dags/example_latest_only_with_trigger.py for tasks to queue
[2024-12-27T02:14:02.923+0000] {logging_mixin.py:190} INFO - [2024-12-27T02:14:02.922+0000] {dagbag.py:588} INFO - Filling up the DagBag from /home/airflow/.local/lib/python3.12/site-packages/airflow/example_dags/example_latest_only_with_trigger.py
[2024-12-27T02:14:02.933+0000] {processor.py:925} INFO - DAG(s) 'latest_only_with_trigger' retrieved from /home/airflow/.local/lib/python3.12/site-packages/airflow/example_dags/example_latest_only_with_trigger.py
[2024-12-27T02:14:02.961+0000] {logging_mixin.py:190} INFO - [2024-12-27T02:14:02.961+0000] {dag.py:3239} INFO - Sync 1 DAGs
[2024-12-27T02:14:02.994+0000] {logging_mixin.py:190} INFO - [2024-12-27T02:14:02.994+0000] {dag.py:4180} INFO - Setting next_dagrun for latest_only_with_trigger to 2024-12-26 20:00:00+00:00, run_after=2024-12-27 00:00:00+00:00
[2024-12-27T02:14:03.031+0000] {processor.py:208} INFO - Processing /home/airflow/.local/lib/python3.12/site-packages/airflow/example_dags/example_latest_only_with_trigger.py took 0.120 seconds
[2024-12-27T02:14:36.413+0000] {processor.py:186} INFO - Started process (PID=2322) to work on /home/airflow/.local/lib/python3.12/site-packages/airflow/example_dags/example_latest_only_with_trigger.py
[2024-12-27T02:14:36.534+0000] {processor.py:914} INFO - Processing file /home/airflow/.local/lib/python3.12/site-packages/airflow/example_dags/example_latest_only_with_trigger.py for tasks to queue
[2024-12-27T02:14:36.537+0000] {logging_mixin.py:190} INFO - [2024-12-27T02:14:36.536+0000] {dagbag.py:588} INFO - Filling up the DagBag from /home/airflow/.local/lib/python3.12/site-packages/airflow/example_dags/example_latest_only_with_trigger.py
[2024-12-27T02:14:36.546+0000] {processor.py:925} INFO - DAG(s) 'latest_only_with_trigger' retrieved from /home/airflow/.local/lib/python3.12/site-packages/airflow/example_dags/example_latest_only_with_trigger.py
[2024-12-27T02:14:36.570+0000] {logging_mixin.py:190} INFO - [2024-12-27T02:14:36.570+0000] {dag.py:3239} INFO - Sync 1 DAGs
[2024-12-27T02:14:36.596+0000] {logging_mixin.py:190} INFO - [2024-12-27T02:14:36.596+0000] {dag.py:4180} INFO - Setting next_dagrun for latest_only_with_trigger to 2024-12-26 20:00:00+00:00, run_after=2024-12-27 00:00:00+00:00
[2024-12-27T02:14:37.295+0000] {processor.py:208} INFO - Processing /home/airflow/.local/lib/python3.12/site-packages/airflow/example_dags/example_latest_only_with_trigger.py took 0.888 seconds
[2024-12-27T02:15:07.371+0000] {processor.py:186} INFO - Started process (PID=2385) to work on /home/airflow/.local/lib/python3.12/site-packages/airflow/example_dags/example_latest_only_with_trigger.py
[2024-12-27T02:15:07.377+0000] {processor.py:914} INFO - Processing file /home/airflow/.local/lib/python3.12/site-packages/airflow/example_dags/example_latest_only_with_trigger.py for tasks to queue
[2024-12-27T02:15:07.381+0000] {logging_mixin.py:190} INFO - [2024-12-27T02:15:07.380+0000] {dagbag.py:588} INFO - Filling up the DagBag from /home/airflow/.local/lib/python3.12/site-packages/airflow/example_dags/example_latest_only_with_trigger.py
[2024-12-27T02:15:07.389+0000] {processor.py:925} INFO - DAG(s) 'latest_only_with_trigger' retrieved from /home/airflow/.local/lib/python3.12/site-packages/airflow/example_dags/example_latest_only_with_trigger.py
[2024-12-27T02:15:07.413+0000] {logging_mixin.py:190} INFO - [2024-12-27T02:15:07.413+0000] {dag.py:3239} INFO - Sync 1 DAGs
[2024-12-27T02:15:07.618+0000] {logging_mixin.py:190} INFO - [2024-12-27T02:15:07.617+0000] {dag.py:4180} INFO - Setting next_dagrun for latest_only_with_trigger to 2024-12-26 20:00:00+00:00, run_after=2024-12-27 00:00:00+00:00
[2024-12-27T02:15:07.653+0000] {processor.py:208} INFO - Processing /home/airflow/.local/lib/python3.12/site-packages/airflow/example_dags/example_latest_only_with_trigger.py took 0.287 seconds
[2024-12-27T02:15:38.402+0000] {processor.py:186} INFO - Started process (PID=2449) to work on /home/airflow/.local/lib/python3.12/site-packages/airflow/example_dags/example_latest_only_with_trigger.py
[2024-12-27T02:15:38.403+0000] {processor.py:914} INFO - Processing file /home/airflow/.local/lib/python3.12/site-packages/airflow/example_dags/example_latest_only_with_trigger.py for tasks to queue
[2024-12-27T02:15:38.406+0000] {logging_mixin.py:190} INFO - [2024-12-27T02:15:38.405+0000] {dagbag.py:588} INFO - Filling up the DagBag from /home/airflow/.local/lib/python3.12/site-packages/airflow/example_dags/example_latest_only_with_trigger.py
[2024-12-27T02:15:38.413+0000] {processor.py:925} INFO - DAG(s) 'latest_only_with_trigger' retrieved from /home/airflow/.local/lib/python3.12/site-packages/airflow/example_dags/example_latest_only_with_trigger.py
[2024-12-27T02:15:38.437+0000] {logging_mixin.py:190} INFO - [2024-12-27T02:15:38.436+0000] {dag.py:3239} INFO - Sync 1 DAGs
[2024-12-27T02:15:38.466+0000] {logging_mixin.py:190} INFO - [2024-12-27T02:15:38.465+0000] {dag.py:4180} INFO - Setting next_dagrun for latest_only_with_trigger to 2024-12-26 20:00:00+00:00, run_after=2024-12-27 00:00:00+00:00
[2024-12-27T02:15:38.500+0000] {processor.py:208} INFO - Processing /home/airflow/.local/lib/python3.12/site-packages/airflow/example_dags/example_latest_only_with_trigger.py took 0.103 seconds
[2024-12-27T02:16:09.360+0000] {processor.py:186} INFO - Started process (PID=2512) to work on /home/airflow/.local/lib/python3.12/site-packages/airflow/example_dags/example_latest_only_with_trigger.py
[2024-12-27T02:16:09.361+0000] {processor.py:914} INFO - Processing file /home/airflow/.local/lib/python3.12/site-packages/airflow/example_dags/example_latest_only_with_trigger.py for tasks to queue
[2024-12-27T02:16:09.364+0000] {logging_mixin.py:190} INFO - [2024-12-27T02:16:09.363+0000] {dagbag.py:588} INFO - Filling up the DagBag from /home/airflow/.local/lib/python3.12/site-packages/airflow/example_dags/example_latest_only_with_trigger.py
[2024-12-27T02:16:09.371+0000] {processor.py:925} INFO - DAG(s) 'latest_only_with_trigger' retrieved from /home/airflow/.local/lib/python3.12/site-packages/airflow/example_dags/example_latest_only_with_trigger.py
[2024-12-27T02:16:09.395+0000] {logging_mixin.py:190} INFO - [2024-12-27T02:16:09.395+0000] {dag.py:3239} INFO - Sync 1 DAGs
[2024-12-27T02:16:09.421+0000] {logging_mixin.py:190} INFO - [2024-12-27T02:16:09.421+0000] {dag.py:4180} INFO - Setting next_dagrun for latest_only_with_trigger to 2024-12-26 20:00:00+00:00, run_after=2024-12-27 00:00:00+00:00
[2024-12-27T02:16:09.448+0000] {processor.py:208} INFO - Processing /home/airflow/.local/lib/python3.12/site-packages/airflow/example_dags/example_latest_only_with_trigger.py took 0.093 seconds
[2024-12-27T02:16:39.786+0000] {processor.py:186} INFO - Started process (PID=2575) to work on /home/airflow/.local/lib/python3.12/site-packages/airflow/example_dags/example_latest_only_with_trigger.py
[2024-12-27T02:16:39.788+0000] {processor.py:914} INFO - Processing file /home/airflow/.local/lib/python3.12/site-packages/airflow/example_dags/example_latest_only_with_trigger.py for tasks to queue
[2024-12-27T02:16:39.791+0000] {logging_mixin.py:190} INFO - [2024-12-27T02:16:39.790+0000] {dagbag.py:588} INFO - Filling up the DagBag from /home/airflow/.local/lib/python3.12/site-packages/airflow/example_dags/example_latest_only_with_trigger.py
[2024-12-27T02:16:39.799+0000] {processor.py:925} INFO - DAG(s) 'latest_only_with_trigger' retrieved from /home/airflow/.local/lib/python3.12/site-packages/airflow/example_dags/example_latest_only_with_trigger.py
[2024-12-27T02:16:39.828+0000] {logging_mixin.py:190} INFO - [2024-12-27T02:16:39.827+0000] {dag.py:3239} INFO - Sync 1 DAGs
[2024-12-27T02:16:39.854+0000] {logging_mixin.py:190} INFO - [2024-12-27T02:16:39.854+0000] {dag.py:4180} INFO - Setting next_dagrun for latest_only_with_trigger to 2024-12-26 20:00:00+00:00, run_after=2024-12-27 00:00:00+00:00
[2024-12-27T02:16:39.887+0000] {processor.py:208} INFO - Processing /home/airflow/.local/lib/python3.12/site-packages/airflow/example_dags/example_latest_only_with_trigger.py took 0.105 seconds
