[2024-12-27T01:56:30.501+0000] {processor.py:186} INFO - Started process (PID=104) to work on /home/airflow/.local/lib/python3.12/site-packages/airflow/example_dags/example_bash_decorator.py
[2024-12-27T01:56:30.502+0000] {processor.py:914} INFO - Processing file /home/airflow/.local/lib/python3.12/site-packages/airflow/example_dags/example_bash_decorator.py for tasks to queue
[2024-12-27T01:56:30.506+0000] {logging_mixin.py:190} INFO - [2024-12-27T01:56:30.506+0000] {dagbag.py:588} INFO - Filling up the DagBag from /home/airflow/.local/lib/python3.12/site-packages/airflow/example_dags/example_bash_decorator.py
[2024-12-27T01:56:30.530+0000] {processor.py:925} INFO - DAG(s) 'example_bash_decorator' retrieved from /home/airflow/.local/lib/python3.12/site-packages/airflow/example_dags/example_bash_decorator.py
[2024-12-27T01:56:30.718+0000] {logging_mixin.py:190} INFO - [2024-12-27T01:56:30.717+0000] {override.py:1911} INFO - Created Permission View: can read on DAG:example_bash_decorator
[2024-12-27T01:56:30.734+0000] {logging_mixin.py:190} INFO - [2024-12-27T01:56:30.734+0000] {override.py:1911} INFO - Created Permission View: can edit on DAG:example_bash_decorator
[2024-12-27T01:56:30.748+0000] {logging_mixin.py:190} INFO - [2024-12-27T01:56:30.747+0000] {override.py:1911} INFO - Created Permission View: can delete on DAG:example_bash_decorator
[2024-12-27T01:56:30.762+0000] {logging_mixin.py:190} INFO - [2024-12-27T01:56:30.761+0000] {override.py:1911} INFO - Created Permission View: menu access on DAG Run:example_bash_decorator
[2024-12-27T01:56:30.773+0000] {logging_mixin.py:190} INFO - [2024-12-27T01:56:30.773+0000] {override.py:1911} INFO - Created Permission View: can read on DAG Run:example_bash_decorator
[2024-12-27T01:56:30.786+0000] {logging_mixin.py:190} INFO - [2024-12-27T01:56:30.785+0000] {override.py:1911} INFO - Created Permission View: can create on DAG Run:example_bash_decorator
[2024-12-27T01:56:30.799+0000] {logging_mixin.py:190} INFO - [2024-12-27T01:56:30.798+0000] {override.py:1911} INFO - Created Permission View: can delete on DAG Run:example_bash_decorator
[2024-12-27T01:56:30.800+0000] {logging_mixin.py:190} INFO - [2024-12-27T01:56:30.799+0000] {dag.py:3239} INFO - Sync 1 DAGs
[2024-12-27T01:56:30.814+0000] {logging_mixin.py:190} INFO - [2024-12-27T01:56:30.813+0000] {dag.py:3262} INFO - Creating ORM DAG for example_bash_decorator
[2024-12-27T01:56:30.815+0000] {logging_mixin.py:190} INFO - [2024-12-27T01:56:30.815+0000] {dag.py:4180} INFO - Setting next_dagrun for example_bash_decorator to None, run_after=None
[2024-12-27T01:56:30.839+0000] {processor.py:208} INFO - Processing /home/airflow/.local/lib/python3.12/site-packages/airflow/example_dags/example_bash_decorator.py took 0.350 seconds
[2024-12-27T01:57:01.647+0000] {processor.py:186} INFO - Started process (PID=167) to work on /home/airflow/.local/lib/python3.12/site-packages/airflow/example_dags/example_bash_decorator.py
[2024-12-27T01:57:01.649+0000] {processor.py:914} INFO - Processing file /home/airflow/.local/lib/python3.12/site-packages/airflow/example_dags/example_bash_decorator.py for tasks to queue
[2024-12-27T01:57:01.652+0000] {logging_mixin.py:190} INFO - [2024-12-27T01:57:01.651+0000] {dagbag.py:588} INFO - Filling up the DagBag from /home/airflow/.local/lib/python3.12/site-packages/airflow/example_dags/example_bash_decorator.py
[2024-12-27T01:57:01.676+0000] {processor.py:925} INFO - DAG(s) 'example_bash_decorator' retrieved from /home/airflow/.local/lib/python3.12/site-packages/airflow/example_dags/example_bash_decorator.py
[2024-12-27T01:57:01.702+0000] {logging_mixin.py:190} INFO - [2024-12-27T01:57:01.702+0000] {dag.py:3239} INFO - Sync 1 DAGs
[2024-12-27T01:57:01.717+0000] {logging_mixin.py:190} INFO - [2024-12-27T01:57:01.717+0000] {dag.py:4180} INFO - Setting next_dagrun for example_bash_decorator to None, run_after=None
[2024-12-27T01:57:01.743+0000] {processor.py:208} INFO - Processing /home/airflow/.local/lib/python3.12/site-packages/airflow/example_dags/example_bash_decorator.py took 0.101 seconds
[2024-12-27T01:57:32.242+0000] {processor.py:186} INFO - Started process (PID=229) to work on /home/airflow/.local/lib/python3.12/site-packages/airflow/example_dags/example_bash_decorator.py
[2024-12-27T01:57:32.243+0000] {processor.py:914} INFO - Processing file /home/airflow/.local/lib/python3.12/site-packages/airflow/example_dags/example_bash_decorator.py for tasks to queue
[2024-12-27T01:57:32.247+0000] {logging_mixin.py:190} INFO - [2024-12-27T01:57:32.247+0000] {dagbag.py:588} INFO - Filling up the DagBag from /home/airflow/.local/lib/python3.12/site-packages/airflow/example_dags/example_bash_decorator.py
[2024-12-27T01:57:32.259+0000] {processor.py:925} INFO - DAG(s) 'example_bash_decorator' retrieved from /home/airflow/.local/lib/python3.12/site-packages/airflow/example_dags/example_bash_decorator.py
[2024-12-27T01:57:32.285+0000] {logging_mixin.py:190} INFO - [2024-12-27T01:57:32.284+0000] {dag.py:3239} INFO - Sync 1 DAGs
[2024-12-27T01:57:32.299+0000] {logging_mixin.py:190} INFO - [2024-12-27T01:57:32.298+0000] {dag.py:4180} INFO - Setting next_dagrun for example_bash_decorator to None, run_after=None
[2024-12-27T01:57:32.324+0000] {processor.py:208} INFO - Processing /home/airflow/.local/lib/python3.12/site-packages/airflow/example_dags/example_bash_decorator.py took 0.086 seconds
[2024-12-27T01:58:03.914+0000] {processor.py:186} INFO - Started process (PID=292) to work on /home/airflow/.local/lib/python3.12/site-packages/airflow/example_dags/example_bash_decorator.py
[2024-12-27T01:58:03.916+0000] {processor.py:914} INFO - Processing file /home/airflow/.local/lib/python3.12/site-packages/airflow/example_dags/example_bash_decorator.py for tasks to queue
[2024-12-27T01:58:03.920+0000] {logging_mixin.py:190} INFO - [2024-12-27T01:58:03.920+0000] {dagbag.py:588} INFO - Filling up the DagBag from /home/airflow/.local/lib/python3.12/site-packages/airflow/example_dags/example_bash_decorator.py
[2024-12-27T01:58:03.934+0000] {processor.py:925} INFO - DAG(s) 'example_bash_decorator' retrieved from /home/airflow/.local/lib/python3.12/site-packages/airflow/example_dags/example_bash_decorator.py
[2024-12-27T01:58:03.962+0000] {logging_mixin.py:190} INFO - [2024-12-27T01:58:03.961+0000] {dag.py:3239} INFO - Sync 1 DAGs
[2024-12-27T01:58:03.978+0000] {logging_mixin.py:190} INFO - [2024-12-27T01:58:03.978+0000] {dag.py:4180} INFO - Setting next_dagrun for example_bash_decorator to None, run_after=None
[2024-12-27T01:58:04.007+0000] {processor.py:208} INFO - Processing /home/airflow/.local/lib/python3.12/site-packages/airflow/example_dags/example_bash_decorator.py took 0.098 seconds
[2024-12-27T01:58:35.102+0000] {processor.py:186} INFO - Started process (PID=355) to work on /home/airflow/.local/lib/python3.12/site-packages/airflow/example_dags/example_bash_decorator.py
[2024-12-27T01:58:35.104+0000] {processor.py:914} INFO - Processing file /home/airflow/.local/lib/python3.12/site-packages/airflow/example_dags/example_bash_decorator.py for tasks to queue
[2024-12-27T01:58:35.107+0000] {logging_mixin.py:190} INFO - [2024-12-27T01:58:35.107+0000] {dagbag.py:588} INFO - Filling up the DagBag from /home/airflow/.local/lib/python3.12/site-packages/airflow/example_dags/example_bash_decorator.py
[2024-12-27T01:58:35.121+0000] {processor.py:925} INFO - DAG(s) 'example_bash_decorator' retrieved from /home/airflow/.local/lib/python3.12/site-packages/airflow/example_dags/example_bash_decorator.py
[2024-12-27T01:58:35.150+0000] {logging_mixin.py:190} INFO - [2024-12-27T01:58:35.150+0000] {dag.py:3239} INFO - Sync 1 DAGs
[2024-12-27T01:58:35.166+0000] {logging_mixin.py:190} INFO - [2024-12-27T01:58:35.165+0000] {dag.py:4180} INFO - Setting next_dagrun for example_bash_decorator to None, run_after=None
[2024-12-27T01:58:35.198+0000] {processor.py:208} INFO - Processing /home/airflow/.local/lib/python3.12/site-packages/airflow/example_dags/example_bash_decorator.py took 0.101 seconds
[2024-12-27T01:59:06.486+0000] {processor.py:186} INFO - Started process (PID=418) to work on /home/airflow/.local/lib/python3.12/site-packages/airflow/example_dags/example_bash_decorator.py
[2024-12-27T01:59:06.487+0000] {processor.py:914} INFO - Processing file /home/airflow/.local/lib/python3.12/site-packages/airflow/example_dags/example_bash_decorator.py for tasks to queue
[2024-12-27T01:59:06.490+0000] {logging_mixin.py:190} INFO - [2024-12-27T01:59:06.489+0000] {dagbag.py:588} INFO - Filling up the DagBag from /home/airflow/.local/lib/python3.12/site-packages/airflow/example_dags/example_bash_decorator.py
[2024-12-27T01:59:06.503+0000] {processor.py:925} INFO - DAG(s) 'example_bash_decorator' retrieved from /home/airflow/.local/lib/python3.12/site-packages/airflow/example_dags/example_bash_decorator.py
[2024-12-27T01:59:06.528+0000] {logging_mixin.py:190} INFO - [2024-12-27T01:59:06.527+0000] {dag.py:3239} INFO - Sync 1 DAGs
[2024-12-27T01:59:06.543+0000] {logging_mixin.py:190} INFO - [2024-12-27T01:59:06.543+0000] {dag.py:4180} INFO - Setting next_dagrun for example_bash_decorator to None, run_after=None
[2024-12-27T01:59:06.568+0000] {processor.py:208} INFO - Processing /home/airflow/.local/lib/python3.12/site-packages/airflow/example_dags/example_bash_decorator.py took 0.088 seconds
[2024-12-27T01:59:38.134+0000] {processor.py:186} INFO - Started process (PID=481) to work on /home/airflow/.local/lib/python3.12/site-packages/airflow/example_dags/example_bash_decorator.py
[2024-12-27T01:59:38.136+0000] {processor.py:914} INFO - Processing file /home/airflow/.local/lib/python3.12/site-packages/airflow/example_dags/example_bash_decorator.py for tasks to queue
[2024-12-27T01:59:38.138+0000] {logging_mixin.py:190} INFO - [2024-12-27T01:59:38.138+0000] {dagbag.py:588} INFO - Filling up the DagBag from /home/airflow/.local/lib/python3.12/site-packages/airflow/example_dags/example_bash_decorator.py
[2024-12-27T01:59:38.153+0000] {processor.py:925} INFO - DAG(s) 'example_bash_decorator' retrieved from /home/airflow/.local/lib/python3.12/site-packages/airflow/example_dags/example_bash_decorator.py
[2024-12-27T01:59:38.181+0000] {logging_mixin.py:190} INFO - [2024-12-27T01:59:38.181+0000] {dag.py:3239} INFO - Sync 1 DAGs
[2024-12-27T01:59:38.200+0000] {logging_mixin.py:190} INFO - [2024-12-27T01:59:38.200+0000] {dag.py:4180} INFO - Setting next_dagrun for example_bash_decorator to None, run_after=None
[2024-12-27T01:59:38.228+0000] {processor.py:208} INFO - Processing /home/airflow/.local/lib/python3.12/site-packages/airflow/example_dags/example_bash_decorator.py took 0.099 seconds
[2024-12-27T02:00:09.674+0000] {processor.py:186} INFO - Started process (PID=544) to work on /home/airflow/.local/lib/python3.12/site-packages/airflow/example_dags/example_bash_decorator.py
[2024-12-27T02:00:09.675+0000] {processor.py:914} INFO - Processing file /home/airflow/.local/lib/python3.12/site-packages/airflow/example_dags/example_bash_decorator.py for tasks to queue
[2024-12-27T02:00:09.679+0000] {logging_mixin.py:190} INFO - [2024-12-27T02:00:09.678+0000] {dagbag.py:588} INFO - Filling up the DagBag from /home/airflow/.local/lib/python3.12/site-packages/airflow/example_dags/example_bash_decorator.py
[2024-12-27T02:00:09.692+0000] {processor.py:925} INFO - DAG(s) 'example_bash_decorator' retrieved from /home/airflow/.local/lib/python3.12/site-packages/airflow/example_dags/example_bash_decorator.py
[2024-12-27T02:00:09.717+0000] {logging_mixin.py:190} INFO - [2024-12-27T02:00:09.717+0000] {dag.py:3239} INFO - Sync 1 DAGs
[2024-12-27T02:00:09.732+0000] {logging_mixin.py:190} INFO - [2024-12-27T02:00:09.732+0000] {dag.py:4180} INFO - Setting next_dagrun for example_bash_decorator to None, run_after=None
[2024-12-27T02:00:09.758+0000] {processor.py:208} INFO - Processing /home/airflow/.local/lib/python3.12/site-packages/airflow/example_dags/example_bash_decorator.py took 0.089 seconds
[2024-12-27T02:00:40.994+0000] {processor.py:186} INFO - Started process (PID=607) to work on /home/airflow/.local/lib/python3.12/site-packages/airflow/example_dags/example_bash_decorator.py
[2024-12-27T02:00:40.995+0000] {processor.py:914} INFO - Processing file /home/airflow/.local/lib/python3.12/site-packages/airflow/example_dags/example_bash_decorator.py for tasks to queue
[2024-12-27T02:00:40.997+0000] {logging_mixin.py:190} INFO - [2024-12-27T02:00:40.997+0000] {dagbag.py:588} INFO - Filling up the DagBag from /home/airflow/.local/lib/python3.12/site-packages/airflow/example_dags/example_bash_decorator.py
[2024-12-27T02:00:41.011+0000] {processor.py:925} INFO - DAG(s) 'example_bash_decorator' retrieved from /home/airflow/.local/lib/python3.12/site-packages/airflow/example_dags/example_bash_decorator.py
[2024-12-27T02:00:41.037+0000] {logging_mixin.py:190} INFO - [2024-12-27T02:00:41.037+0000] {dag.py:3239} INFO - Sync 1 DAGs
[2024-12-27T02:00:41.051+0000] {logging_mixin.py:190} INFO - [2024-12-27T02:00:41.051+0000] {dag.py:4180} INFO - Setting next_dagrun for example_bash_decorator to None, run_after=None
[2024-12-27T02:00:41.080+0000] {processor.py:208} INFO - Processing /home/airflow/.local/lib/python3.12/site-packages/airflow/example_dags/example_bash_decorator.py took 0.091 seconds
[2024-12-27T02:01:12.286+0000] {processor.py:186} INFO - Started process (PID=670) to work on /home/airflow/.local/lib/python3.12/site-packages/airflow/example_dags/example_bash_decorator.py
[2024-12-27T02:01:12.288+0000] {processor.py:914} INFO - Processing file /home/airflow/.local/lib/python3.12/site-packages/airflow/example_dags/example_bash_decorator.py for tasks to queue
[2024-12-27T02:01:12.292+0000] {logging_mixin.py:190} INFO - [2024-12-27T02:01:12.291+0000] {dagbag.py:588} INFO - Filling up the DagBag from /home/airflow/.local/lib/python3.12/site-packages/airflow/example_dags/example_bash_decorator.py
[2024-12-27T02:01:12.314+0000] {processor.py:925} INFO - DAG(s) 'example_bash_decorator' retrieved from /home/airflow/.local/lib/python3.12/site-packages/airflow/example_dags/example_bash_decorator.py
[2024-12-27T02:01:12.344+0000] {logging_mixin.py:190} INFO - [2024-12-27T02:01:12.344+0000] {dag.py:3239} INFO - Sync 1 DAGs
[2024-12-27T02:01:12.361+0000] {logging_mixin.py:190} INFO - [2024-12-27T02:01:12.361+0000] {dag.py:4180} INFO - Setting next_dagrun for example_bash_decorator to None, run_after=None
[2024-12-27T02:01:12.386+0000] {processor.py:208} INFO - Processing /home/airflow/.local/lib/python3.12/site-packages/airflow/example_dags/example_bash_decorator.py took 0.110 seconds
[2024-12-27T02:01:43.328+0000] {processor.py:186} INFO - Started process (PID=733) to work on /home/airflow/.local/lib/python3.12/site-packages/airflow/example_dags/example_bash_decorator.py
[2024-12-27T02:01:43.330+0000] {processor.py:914} INFO - Processing file /home/airflow/.local/lib/python3.12/site-packages/airflow/example_dags/example_bash_decorator.py for tasks to queue
[2024-12-27T02:01:43.333+0000] {logging_mixin.py:190} INFO - [2024-12-27T02:01:43.333+0000] {dagbag.py:588} INFO - Filling up the DagBag from /home/airflow/.local/lib/python3.12/site-packages/airflow/example_dags/example_bash_decorator.py
[2024-12-27T02:01:43.354+0000] {processor.py:925} INFO - DAG(s) 'example_bash_decorator' retrieved from /home/airflow/.local/lib/python3.12/site-packages/airflow/example_dags/example_bash_decorator.py
[2024-12-27T02:01:43.388+0000] {logging_mixin.py:190} INFO - [2024-12-27T02:01:43.387+0000] {dag.py:3239} INFO - Sync 1 DAGs
[2024-12-27T02:01:43.408+0000] {logging_mixin.py:190} INFO - [2024-12-27T02:01:43.407+0000] {dag.py:4180} INFO - Setting next_dagrun for example_bash_decorator to None, run_after=None
[2024-12-27T02:01:43.444+0000] {processor.py:208} INFO - Processing /home/airflow/.local/lib/python3.12/site-packages/airflow/example_dags/example_bash_decorator.py took 0.123 seconds
[2024-12-27T02:02:16.118+0000] {processor.py:186} INFO - Started process (PID=796) to work on /home/airflow/.local/lib/python3.12/site-packages/airflow/example_dags/example_bash_decorator.py
[2024-12-27T02:02:16.119+0000] {processor.py:914} INFO - Processing file /home/airflow/.local/lib/python3.12/site-packages/airflow/example_dags/example_bash_decorator.py for tasks to queue
[2024-12-27T02:02:16.123+0000] {logging_mixin.py:190} INFO - [2024-12-27T02:02:16.122+0000] {dagbag.py:588} INFO - Filling up the DagBag from /home/airflow/.local/lib/python3.12/site-packages/airflow/example_dags/example_bash_decorator.py
[2024-12-27T02:02:16.141+0000] {processor.py:925} INFO - DAG(s) 'example_bash_decorator' retrieved from /home/airflow/.local/lib/python3.12/site-packages/airflow/example_dags/example_bash_decorator.py
[2024-12-27T02:02:16.174+0000] {logging_mixin.py:190} INFO - [2024-12-27T02:02:16.173+0000] {dag.py:3239} INFO - Sync 1 DAGs
[2024-12-27T02:02:16.198+0000] {logging_mixin.py:190} INFO - [2024-12-27T02:02:16.198+0000] {dag.py:4180} INFO - Setting next_dagrun for example_bash_decorator to None, run_after=None
[2024-12-27T02:02:16.233+0000] {processor.py:208} INFO - Processing /home/airflow/.local/lib/python3.12/site-packages/airflow/example_dags/example_bash_decorator.py took 0.122 seconds
[2024-12-27T02:02:46.946+0000] {processor.py:186} INFO - Started process (PID=859) to work on /home/airflow/.local/lib/python3.12/site-packages/airflow/example_dags/example_bash_decorator.py
[2024-12-27T02:02:46.948+0000] {processor.py:914} INFO - Processing file /home/airflow/.local/lib/python3.12/site-packages/airflow/example_dags/example_bash_decorator.py for tasks to queue
[2024-12-27T02:02:46.951+0000] {logging_mixin.py:190} INFO - [2024-12-27T02:02:46.951+0000] {dagbag.py:588} INFO - Filling up the DagBag from /home/airflow/.local/lib/python3.12/site-packages/airflow/example_dags/example_bash_decorator.py
[2024-12-27T02:02:46.970+0000] {processor.py:925} INFO - DAG(s) 'example_bash_decorator' retrieved from /home/airflow/.local/lib/python3.12/site-packages/airflow/example_dags/example_bash_decorator.py
[2024-12-27T02:02:47.000+0000] {logging_mixin.py:190} INFO - [2024-12-27T02:02:46.999+0000] {dag.py:3239} INFO - Sync 1 DAGs
[2024-12-27T02:02:47.023+0000] {logging_mixin.py:190} INFO - [2024-12-27T02:02:47.022+0000] {dag.py:4180} INFO - Setting next_dagrun for example_bash_decorator to None, run_after=None
[2024-12-27T02:02:47.053+0000] {processor.py:208} INFO - Processing /home/airflow/.local/lib/python3.12/site-packages/airflow/example_dags/example_bash_decorator.py took 0.115 seconds
[2024-12-27T02:03:17.123+0000] {processor.py:186} INFO - Started process (PID=921) to work on /home/airflow/.local/lib/python3.12/site-packages/airflow/example_dags/example_bash_decorator.py
[2024-12-27T02:03:17.125+0000] {processor.py:914} INFO - Processing file /home/airflow/.local/lib/python3.12/site-packages/airflow/example_dags/example_bash_decorator.py for tasks to queue
[2024-12-27T02:03:17.128+0000] {logging_mixin.py:190} INFO - [2024-12-27T02:03:17.128+0000] {dagbag.py:588} INFO - Filling up the DagBag from /home/airflow/.local/lib/python3.12/site-packages/airflow/example_dags/example_bash_decorator.py
[2024-12-27T02:03:17.144+0000] {processor.py:925} INFO - DAG(s) 'example_bash_decorator' retrieved from /home/airflow/.local/lib/python3.12/site-packages/airflow/example_dags/example_bash_decorator.py
[2024-12-27T02:03:17.173+0000] {logging_mixin.py:190} INFO - [2024-12-27T02:03:17.172+0000] {dag.py:3239} INFO - Sync 1 DAGs
[2024-12-27T02:03:17.189+0000] {logging_mixin.py:190} INFO - [2024-12-27T02:03:17.189+0000] {dag.py:4180} INFO - Setting next_dagrun for example_bash_decorator to None, run_after=None
[2024-12-27T02:03:17.215+0000] {processor.py:208} INFO - Processing /home/airflow/.local/lib/python3.12/site-packages/airflow/example_dags/example_bash_decorator.py took 0.097 seconds
[2024-12-27T02:03:47.911+0000] {processor.py:186} INFO - Started process (PID=984) to work on /home/airflow/.local/lib/python3.12/site-packages/airflow/example_dags/example_bash_decorator.py
[2024-12-27T02:03:47.913+0000] {processor.py:914} INFO - Processing file /home/airflow/.local/lib/python3.12/site-packages/airflow/example_dags/example_bash_decorator.py for tasks to queue
[2024-12-27T02:03:47.916+0000] {logging_mixin.py:190} INFO - [2024-12-27T02:03:47.915+0000] {dagbag.py:588} INFO - Filling up the DagBag from /home/airflow/.local/lib/python3.12/site-packages/airflow/example_dags/example_bash_decorator.py
[2024-12-27T02:03:47.929+0000] {processor.py:925} INFO - DAG(s) 'example_bash_decorator' retrieved from /home/airflow/.local/lib/python3.12/site-packages/airflow/example_dags/example_bash_decorator.py
[2024-12-27T02:03:47.956+0000] {logging_mixin.py:190} INFO - [2024-12-27T02:03:47.956+0000] {dag.py:3239} INFO - Sync 1 DAGs
[2024-12-27T02:03:47.972+0000] {logging_mixin.py:190} INFO - [2024-12-27T02:03:47.972+0000] {dag.py:4180} INFO - Setting next_dagrun for example_bash_decorator to None, run_after=None
[2024-12-27T02:03:48.114+0000] {processor.py:208} INFO - Processing /home/airflow/.local/lib/python3.12/site-packages/airflow/example_dags/example_bash_decorator.py took 0.207 seconds
[2024-12-27T02:04:19.200+0000] {processor.py:186} INFO - Started process (PID=1047) to work on /home/airflow/.local/lib/python3.12/site-packages/airflow/example_dags/example_bash_decorator.py
[2024-12-27T02:04:19.202+0000] {processor.py:914} INFO - Processing file /home/airflow/.local/lib/python3.12/site-packages/airflow/example_dags/example_bash_decorator.py for tasks to queue
[2024-12-27T02:04:19.204+0000] {logging_mixin.py:190} INFO - [2024-12-27T02:04:19.204+0000] {dagbag.py:588} INFO - Filling up the DagBag from /home/airflow/.local/lib/python3.12/site-packages/airflow/example_dags/example_bash_decorator.py
[2024-12-27T02:04:19.222+0000] {processor.py:925} INFO - DAG(s) 'example_bash_decorator' retrieved from /home/airflow/.local/lib/python3.12/site-packages/airflow/example_dags/example_bash_decorator.py
[2024-12-27T02:04:19.255+0000] {logging_mixin.py:190} INFO - [2024-12-27T02:04:19.255+0000] {dag.py:3239} INFO - Sync 1 DAGs
[2024-12-27T02:04:19.273+0000] {logging_mixin.py:190} INFO - [2024-12-27T02:04:19.273+0000] {dag.py:4180} INFO - Setting next_dagrun for example_bash_decorator to None, run_after=None
[2024-12-27T02:04:19.304+0000] {processor.py:208} INFO - Processing /home/airflow/.local/lib/python3.12/site-packages/airflow/example_dags/example_bash_decorator.py took 0.109 seconds
[2024-12-27T02:04:50.101+0000] {processor.py:186} INFO - Started process (PID=1110) to work on /home/airflow/.local/lib/python3.12/site-packages/airflow/example_dags/example_bash_decorator.py
[2024-12-27T02:04:50.102+0000] {processor.py:914} INFO - Processing file /home/airflow/.local/lib/python3.12/site-packages/airflow/example_dags/example_bash_decorator.py for tasks to queue
[2024-12-27T02:04:50.105+0000] {logging_mixin.py:190} INFO - [2024-12-27T02:04:50.105+0000] {dagbag.py:588} INFO - Filling up the DagBag from /home/airflow/.local/lib/python3.12/site-packages/airflow/example_dags/example_bash_decorator.py
[2024-12-27T02:04:50.120+0000] {processor.py:925} INFO - DAG(s) 'example_bash_decorator' retrieved from /home/airflow/.local/lib/python3.12/site-packages/airflow/example_dags/example_bash_decorator.py
[2024-12-27T02:04:50.150+0000] {logging_mixin.py:190} INFO - [2024-12-27T02:04:50.149+0000] {dag.py:3239} INFO - Sync 1 DAGs
[2024-12-27T02:04:50.167+0000] {logging_mixin.py:190} INFO - [2024-12-27T02:04:50.167+0000] {dag.py:4180} INFO - Setting next_dagrun for example_bash_decorator to None, run_after=None
[2024-12-27T02:04:50.197+0000] {processor.py:208} INFO - Processing /home/airflow/.local/lib/python3.12/site-packages/airflow/example_dags/example_bash_decorator.py took 0.101 seconds
[2024-12-27T02:05:20.344+0000] {processor.py:186} INFO - Started process (PID=1172) to work on /home/airflow/.local/lib/python3.12/site-packages/airflow/example_dags/example_bash_decorator.py
[2024-12-27T02:05:20.345+0000] {processor.py:914} INFO - Processing file /home/airflow/.local/lib/python3.12/site-packages/airflow/example_dags/example_bash_decorator.py for tasks to queue
[2024-12-27T02:05:20.348+0000] {logging_mixin.py:190} INFO - [2024-12-27T02:05:20.348+0000] {dagbag.py:588} INFO - Filling up the DagBag from /home/airflow/.local/lib/python3.12/site-packages/airflow/example_dags/example_bash_decorator.py
[2024-12-27T02:05:20.362+0000] {processor.py:925} INFO - DAG(s) 'example_bash_decorator' retrieved from /home/airflow/.local/lib/python3.12/site-packages/airflow/example_dags/example_bash_decorator.py
[2024-12-27T02:05:20.386+0000] {logging_mixin.py:190} INFO - [2024-12-27T02:05:20.386+0000] {dag.py:3239} INFO - Sync 1 DAGs
[2024-12-27T02:05:20.403+0000] {logging_mixin.py:190} INFO - [2024-12-27T02:05:20.402+0000] {dag.py:4180} INFO - Setting next_dagrun for example_bash_decorator to None, run_after=None
[2024-12-27T02:05:20.427+0000] {processor.py:208} INFO - Processing /home/airflow/.local/lib/python3.12/site-packages/airflow/example_dags/example_bash_decorator.py took 0.089 seconds
[2024-12-27T02:05:50.622+0000] {processor.py:186} INFO - Started process (PID=1235) to work on /home/airflow/.local/lib/python3.12/site-packages/airflow/example_dags/example_bash_decorator.py
[2024-12-27T02:05:50.623+0000] {processor.py:914} INFO - Processing file /home/airflow/.local/lib/python3.12/site-packages/airflow/example_dags/example_bash_decorator.py for tasks to queue
[2024-12-27T02:05:50.626+0000] {logging_mixin.py:190} INFO - [2024-12-27T02:05:50.625+0000] {dagbag.py:588} INFO - Filling up the DagBag from /home/airflow/.local/lib/python3.12/site-packages/airflow/example_dags/example_bash_decorator.py
[2024-12-27T02:05:50.643+0000] {processor.py:925} INFO - DAG(s) 'example_bash_decorator' retrieved from /home/airflow/.local/lib/python3.12/site-packages/airflow/example_dags/example_bash_decorator.py
[2024-12-27T02:05:50.669+0000] {logging_mixin.py:190} INFO - [2024-12-27T02:05:50.668+0000] {dag.py:3239} INFO - Sync 1 DAGs
[2024-12-27T02:05:50.684+0000] {logging_mixin.py:190} INFO - [2024-12-27T02:05:50.684+0000] {dag.py:4180} INFO - Setting next_dagrun for example_bash_decorator to None, run_after=None
[2024-12-27T02:05:50.707+0000] {processor.py:208} INFO - Processing /home/airflow/.local/lib/python3.12/site-packages/airflow/example_dags/example_bash_decorator.py took 0.090 seconds
[2024-12-27T02:06:21.000+0000] {processor.py:186} INFO - Started process (PID=1298) to work on /home/airflow/.local/lib/python3.12/site-packages/airflow/example_dags/example_bash_decorator.py
[2024-12-27T02:06:21.001+0000] {processor.py:914} INFO - Processing file /home/airflow/.local/lib/python3.12/site-packages/airflow/example_dags/example_bash_decorator.py for tasks to queue
[2024-12-27T02:06:21.004+0000] {logging_mixin.py:190} INFO - [2024-12-27T02:06:21.004+0000] {dagbag.py:588} INFO - Filling up the DagBag from /home/airflow/.local/lib/python3.12/site-packages/airflow/example_dags/example_bash_decorator.py
[2024-12-27T02:06:21.020+0000] {processor.py:925} INFO - DAG(s) 'example_bash_decorator' retrieved from /home/airflow/.local/lib/python3.12/site-packages/airflow/example_dags/example_bash_decorator.py
[2024-12-27T02:06:21.046+0000] {logging_mixin.py:190} INFO - [2024-12-27T02:06:21.046+0000] {dag.py:3239} INFO - Sync 1 DAGs
[2024-12-27T02:06:21.061+0000] {logging_mixin.py:190} INFO - [2024-12-27T02:06:21.060+0000] {dag.py:4180} INFO - Setting next_dagrun for example_bash_decorator to None, run_after=None
[2024-12-27T02:06:21.086+0000] {processor.py:208} INFO - Processing /home/airflow/.local/lib/python3.12/site-packages/airflow/example_dags/example_bash_decorator.py took 0.091 seconds
[2024-12-27T02:06:51.247+0000] {processor.py:186} INFO - Started process (PID=1361) to work on /home/airflow/.local/lib/python3.12/site-packages/airflow/example_dags/example_bash_decorator.py
[2024-12-27T02:06:51.249+0000] {processor.py:914} INFO - Processing file /home/airflow/.local/lib/python3.12/site-packages/airflow/example_dags/example_bash_decorator.py for tasks to queue
[2024-12-27T02:06:51.252+0000] {logging_mixin.py:190} INFO - [2024-12-27T02:06:51.252+0000] {dagbag.py:588} INFO - Filling up the DagBag from /home/airflow/.local/lib/python3.12/site-packages/airflow/example_dags/example_bash_decorator.py
[2024-12-27T02:06:51.266+0000] {processor.py:925} INFO - DAG(s) 'example_bash_decorator' retrieved from /home/airflow/.local/lib/python3.12/site-packages/airflow/example_dags/example_bash_decorator.py
[2024-12-27T02:06:51.292+0000] {logging_mixin.py:190} INFO - [2024-12-27T02:06:51.291+0000] {dag.py:3239} INFO - Sync 1 DAGs
[2024-12-27T02:06:51.306+0000] {logging_mixin.py:190} INFO - [2024-12-27T02:06:51.305+0000] {dag.py:4180} INFO - Setting next_dagrun for example_bash_decorator to None, run_after=None
[2024-12-27T02:06:51.330+0000] {processor.py:208} INFO - Processing /home/airflow/.local/lib/python3.12/site-packages/airflow/example_dags/example_bash_decorator.py took 0.089 seconds
[2024-12-27T02:07:21.454+0000] {processor.py:186} INFO - Started process (PID=1424) to work on /home/airflow/.local/lib/python3.12/site-packages/airflow/example_dags/example_bash_decorator.py
[2024-12-27T02:07:21.456+0000] {processor.py:914} INFO - Processing file /home/airflow/.local/lib/python3.12/site-packages/airflow/example_dags/example_bash_decorator.py for tasks to queue
[2024-12-27T02:07:21.458+0000] {logging_mixin.py:190} INFO - [2024-12-27T02:07:21.458+0000] {dagbag.py:588} INFO - Filling up the DagBag from /home/airflow/.local/lib/python3.12/site-packages/airflow/example_dags/example_bash_decorator.py
[2024-12-27T02:07:21.472+0000] {processor.py:925} INFO - DAG(s) 'example_bash_decorator' retrieved from /home/airflow/.local/lib/python3.12/site-packages/airflow/example_dags/example_bash_decorator.py
[2024-12-27T02:07:21.499+0000] {logging_mixin.py:190} INFO - [2024-12-27T02:07:21.499+0000] {dag.py:3239} INFO - Sync 1 DAGs
[2024-12-27T02:07:21.512+0000] {logging_mixin.py:190} INFO - [2024-12-27T02:07:21.512+0000] {dag.py:4180} INFO - Setting next_dagrun for example_bash_decorator to None, run_after=None
[2024-12-27T02:07:21.535+0000] {processor.py:208} INFO - Processing /home/airflow/.local/lib/python3.12/site-packages/airflow/example_dags/example_bash_decorator.py took 0.086 seconds
[2024-12-27T02:07:52.354+0000] {processor.py:186} INFO - Started process (PID=1487) to work on /home/airflow/.local/lib/python3.12/site-packages/airflow/example_dags/example_bash_decorator.py
[2024-12-27T02:07:52.356+0000] {processor.py:914} INFO - Processing file /home/airflow/.local/lib/python3.12/site-packages/airflow/example_dags/example_bash_decorator.py for tasks to queue
[2024-12-27T02:07:52.359+0000] {logging_mixin.py:190} INFO - [2024-12-27T02:07:52.358+0000] {dagbag.py:588} INFO - Filling up the DagBag from /home/airflow/.local/lib/python3.12/site-packages/airflow/example_dags/example_bash_decorator.py
[2024-12-27T02:07:52.374+0000] {processor.py:925} INFO - DAG(s) 'example_bash_decorator' retrieved from /home/airflow/.local/lib/python3.12/site-packages/airflow/example_dags/example_bash_decorator.py
[2024-12-27T02:07:52.402+0000] {logging_mixin.py:190} INFO - [2024-12-27T02:07:52.401+0000] {dag.py:3239} INFO - Sync 1 DAGs
[2024-12-27T02:07:52.416+0000] {logging_mixin.py:190} INFO - [2024-12-27T02:07:52.416+0000] {dag.py:4180} INFO - Setting next_dagrun for example_bash_decorator to None, run_after=None
[2024-12-27T02:07:52.448+0000] {processor.py:208} INFO - Processing /home/airflow/.local/lib/python3.12/site-packages/airflow/example_dags/example_bash_decorator.py took 0.099 seconds
[2024-12-27T02:08:22.849+0000] {processor.py:186} INFO - Started process (PID=1550) to work on /home/airflow/.local/lib/python3.12/site-packages/airflow/example_dags/example_bash_decorator.py
[2024-12-27T02:08:22.850+0000] {processor.py:914} INFO - Processing file /home/airflow/.local/lib/python3.12/site-packages/airflow/example_dags/example_bash_decorator.py for tasks to queue
[2024-12-27T02:08:22.853+0000] {logging_mixin.py:190} INFO - [2024-12-27T02:08:22.852+0000] {dagbag.py:588} INFO - Filling up the DagBag from /home/airflow/.local/lib/python3.12/site-packages/airflow/example_dags/example_bash_decorator.py
[2024-12-27T02:08:22.869+0000] {processor.py:925} INFO - DAG(s) 'example_bash_decorator' retrieved from /home/airflow/.local/lib/python3.12/site-packages/airflow/example_dags/example_bash_decorator.py
[2024-12-27T02:08:22.896+0000] {logging_mixin.py:190} INFO - [2024-12-27T02:08:22.896+0000] {dag.py:3239} INFO - Sync 1 DAGs
[2024-12-27T02:08:22.912+0000] {logging_mixin.py:190} INFO - [2024-12-27T02:08:22.912+0000] {dag.py:4180} INFO - Setting next_dagrun for example_bash_decorator to None, run_after=None
[2024-12-27T02:08:22.937+0000] {processor.py:208} INFO - Processing /home/airflow/.local/lib/python3.12/site-packages/airflow/example_dags/example_bash_decorator.py took 0.093 seconds
[2024-12-27T02:08:53.147+0000] {processor.py:186} INFO - Started process (PID=1613) to work on /home/airflow/.local/lib/python3.12/site-packages/airflow/example_dags/example_bash_decorator.py
[2024-12-27T02:08:53.148+0000] {processor.py:914} INFO - Processing file /home/airflow/.local/lib/python3.12/site-packages/airflow/example_dags/example_bash_decorator.py for tasks to queue
[2024-12-27T02:08:53.151+0000] {logging_mixin.py:190} INFO - [2024-12-27T02:08:53.151+0000] {dagbag.py:588} INFO - Filling up the DagBag from /home/airflow/.local/lib/python3.12/site-packages/airflow/example_dags/example_bash_decorator.py
[2024-12-27T02:08:53.178+0000] {processor.py:925} INFO - DAG(s) 'example_bash_decorator' retrieved from /home/airflow/.local/lib/python3.12/site-packages/airflow/example_dags/example_bash_decorator.py
[2024-12-27T02:08:53.215+0000] {logging_mixin.py:190} INFO - [2024-12-27T02:08:53.214+0000] {dag.py:3239} INFO - Sync 1 DAGs
[2024-12-27T02:08:53.230+0000] {logging_mixin.py:190} INFO - [2024-12-27T02:08:53.230+0000] {dag.py:4180} INFO - Setting next_dagrun for example_bash_decorator to None, run_after=None
[2024-12-27T02:08:53.259+0000] {processor.py:208} INFO - Processing /home/airflow/.local/lib/python3.12/site-packages/airflow/example_dags/example_bash_decorator.py took 0.117 seconds
[2024-12-27T02:09:23.921+0000] {processor.py:186} INFO - Started process (PID=1682) to work on /home/airflow/.local/lib/python3.12/site-packages/airflow/example_dags/example_bash_decorator.py
[2024-12-27T02:09:23.923+0000] {processor.py:914} INFO - Processing file /home/airflow/.local/lib/python3.12/site-packages/airflow/example_dags/example_bash_decorator.py for tasks to queue
[2024-12-27T02:09:23.926+0000] {logging_mixin.py:190} INFO - [2024-12-27T02:09:23.925+0000] {dagbag.py:588} INFO - Filling up the DagBag from /home/airflow/.local/lib/python3.12/site-packages/airflow/example_dags/example_bash_decorator.py
[2024-12-27T02:09:23.942+0000] {processor.py:925} INFO - DAG(s) 'example_bash_decorator' retrieved from /home/airflow/.local/lib/python3.12/site-packages/airflow/example_dags/example_bash_decorator.py
[2024-12-27T02:09:23.967+0000] {logging_mixin.py:190} INFO - [2024-12-27T02:09:23.967+0000] {dag.py:3239} INFO - Sync 1 DAGs
[2024-12-27T02:09:23.983+0000] {logging_mixin.py:190} INFO - [2024-12-27T02:09:23.983+0000] {dag.py:4180} INFO - Setting next_dagrun for example_bash_decorator to None, run_after=None
[2024-12-27T02:09:24.009+0000] {processor.py:208} INFO - Processing /home/airflow/.local/lib/python3.12/site-packages/airflow/example_dags/example_bash_decorator.py took 0.094 seconds
[2024-12-27T02:09:54.483+0000] {processor.py:186} INFO - Started process (PID=1745) to work on /home/airflow/.local/lib/python3.12/site-packages/airflow/example_dags/example_bash_decorator.py
[2024-12-27T02:09:54.484+0000] {processor.py:914} INFO - Processing file /home/airflow/.local/lib/python3.12/site-packages/airflow/example_dags/example_bash_decorator.py for tasks to queue
[2024-12-27T02:09:54.487+0000] {logging_mixin.py:190} INFO - [2024-12-27T02:09:54.487+0000] {dagbag.py:588} INFO - Filling up the DagBag from /home/airflow/.local/lib/python3.12/site-packages/airflow/example_dags/example_bash_decorator.py
[2024-12-27T02:09:54.503+0000] {processor.py:925} INFO - DAG(s) 'example_bash_decorator' retrieved from /home/airflow/.local/lib/python3.12/site-packages/airflow/example_dags/example_bash_decorator.py
[2024-12-27T02:09:54.531+0000] {logging_mixin.py:190} INFO - [2024-12-27T02:09:54.531+0000] {dag.py:3239} INFO - Sync 1 DAGs
[2024-12-27T02:09:54.547+0000] {logging_mixin.py:190} INFO - [2024-12-27T02:09:54.547+0000] {dag.py:4180} INFO - Setting next_dagrun for example_bash_decorator to None, run_after=None
[2024-12-27T02:09:54.581+0000] {processor.py:208} INFO - Processing /home/airflow/.local/lib/python3.12/site-packages/airflow/example_dags/example_bash_decorator.py took 0.103 seconds
[2024-12-27T02:10:24.774+0000] {processor.py:186} INFO - Started process (PID=1808) to work on /home/airflow/.local/lib/python3.12/site-packages/airflow/example_dags/example_bash_decorator.py
[2024-12-27T02:10:24.776+0000] {processor.py:914} INFO - Processing file /home/airflow/.local/lib/python3.12/site-packages/airflow/example_dags/example_bash_decorator.py for tasks to queue
[2024-12-27T02:10:24.780+0000] {logging_mixin.py:190} INFO - [2024-12-27T02:10:24.780+0000] {dagbag.py:588} INFO - Filling up the DagBag from /home/airflow/.local/lib/python3.12/site-packages/airflow/example_dags/example_bash_decorator.py
[2024-12-27T02:10:24.811+0000] {processor.py:925} INFO - DAG(s) 'example_bash_decorator' retrieved from /home/airflow/.local/lib/python3.12/site-packages/airflow/example_dags/example_bash_decorator.py
[2024-12-27T02:10:24.860+0000] {logging_mixin.py:190} INFO - [2024-12-27T02:10:24.860+0000] {dag.py:3239} INFO - Sync 1 DAGs
[2024-12-27T02:10:24.887+0000] {logging_mixin.py:190} INFO - [2024-12-27T02:10:24.887+0000] {dag.py:4180} INFO - Setting next_dagrun for example_bash_decorator to None, run_after=None
[2024-12-27T02:10:24.928+0000] {processor.py:208} INFO - Processing /home/airflow/.local/lib/python3.12/site-packages/airflow/example_dags/example_bash_decorator.py took 0.162 seconds
[2024-12-27T02:10:55.071+0000] {processor.py:186} INFO - Started process (PID=1871) to work on /home/airflow/.local/lib/python3.12/site-packages/airflow/example_dags/example_bash_decorator.py
[2024-12-27T02:10:55.073+0000] {processor.py:914} INFO - Processing file /home/airflow/.local/lib/python3.12/site-packages/airflow/example_dags/example_bash_decorator.py for tasks to queue
[2024-12-27T02:10:55.078+0000] {logging_mixin.py:190} INFO - [2024-12-27T02:10:55.078+0000] {dagbag.py:588} INFO - Filling up the DagBag from /home/airflow/.local/lib/python3.12/site-packages/airflow/example_dags/example_bash_decorator.py
[2024-12-27T02:10:55.118+0000] {processor.py:925} INFO - DAG(s) 'example_bash_decorator' retrieved from /home/airflow/.local/lib/python3.12/site-packages/airflow/example_dags/example_bash_decorator.py
[2024-12-27T02:10:55.167+0000] {logging_mixin.py:190} INFO - [2024-12-27T02:10:55.167+0000] {dag.py:3239} INFO - Sync 1 DAGs
[2024-12-27T02:10:55.193+0000] {logging_mixin.py:190} INFO - [2024-12-27T02:10:55.193+0000] {dag.py:4180} INFO - Setting next_dagrun for example_bash_decorator to None, run_after=None
[2024-12-27T02:10:55.235+0000] {processor.py:208} INFO - Processing /home/airflow/.local/lib/python3.12/site-packages/airflow/example_dags/example_bash_decorator.py took 0.172 seconds
[2024-12-27T02:11:25.322+0000] {processor.py:186} INFO - Started process (PID=1933) to work on /home/airflow/.local/lib/python3.12/site-packages/airflow/example_dags/example_bash_decorator.py
[2024-12-27T02:11:25.325+0000] {processor.py:914} INFO - Processing file /home/airflow/.local/lib/python3.12/site-packages/airflow/example_dags/example_bash_decorator.py for tasks to queue
[2024-12-27T02:11:25.330+0000] {logging_mixin.py:190} INFO - [2024-12-27T02:11:25.329+0000] {dagbag.py:588} INFO - Filling up the DagBag from /home/airflow/.local/lib/python3.12/site-packages/airflow/example_dags/example_bash_decorator.py
[2024-12-27T02:11:25.364+0000] {processor.py:925} INFO - DAG(s) 'example_bash_decorator' retrieved from /home/airflow/.local/lib/python3.12/site-packages/airflow/example_dags/example_bash_decorator.py
[2024-12-27T02:11:25.410+0000] {logging_mixin.py:190} INFO - [2024-12-27T02:11:25.409+0000] {dag.py:3239} INFO - Sync 1 DAGs
[2024-12-27T02:11:25.437+0000] {logging_mixin.py:190} INFO - [2024-12-27T02:11:25.436+0000] {dag.py:4180} INFO - Setting next_dagrun for example_bash_decorator to None, run_after=None
[2024-12-27T02:11:25.471+0000] {processor.py:208} INFO - Processing /home/airflow/.local/lib/python3.12/site-packages/airflow/example_dags/example_bash_decorator.py took 0.159 seconds
[2024-12-27T02:11:55.901+0000] {processor.py:186} INFO - Started process (PID=1997) to work on /home/airflow/.local/lib/python3.12/site-packages/airflow/example_dags/example_bash_decorator.py
[2024-12-27T02:11:55.902+0000] {processor.py:914} INFO - Processing file /home/airflow/.local/lib/python3.12/site-packages/airflow/example_dags/example_bash_decorator.py for tasks to queue
[2024-12-27T02:11:55.906+0000] {logging_mixin.py:190} INFO - [2024-12-27T02:11:55.905+0000] {dagbag.py:588} INFO - Filling up the DagBag from /home/airflow/.local/lib/python3.12/site-packages/airflow/example_dags/example_bash_decorator.py
[2024-12-27T02:11:55.921+0000] {processor.py:925} INFO - DAG(s) 'example_bash_decorator' retrieved from /home/airflow/.local/lib/python3.12/site-packages/airflow/example_dags/example_bash_decorator.py
[2024-12-27T02:11:55.954+0000] {logging_mixin.py:190} INFO - [2024-12-27T02:11:55.953+0000] {dag.py:3239} INFO - Sync 1 DAGs
[2024-12-27T02:11:55.971+0000] {logging_mixin.py:190} INFO - [2024-12-27T02:11:55.971+0000] {dag.py:4180} INFO - Setting next_dagrun for example_bash_decorator to None, run_after=None
[2024-12-27T02:11:56.004+0000] {processor.py:208} INFO - Processing /home/airflow/.local/lib/python3.12/site-packages/airflow/example_dags/example_bash_decorator.py took 0.108 seconds
[2024-12-27T02:12:26.223+0000] {processor.py:186} INFO - Started process (PID=2060) to work on /home/airflow/.local/lib/python3.12/site-packages/airflow/example_dags/example_bash_decorator.py
[2024-12-27T02:12:26.224+0000] {processor.py:914} INFO - Processing file /home/airflow/.local/lib/python3.12/site-packages/airflow/example_dags/example_bash_decorator.py for tasks to queue
[2024-12-27T02:12:26.228+0000] {logging_mixin.py:190} INFO - [2024-12-27T02:12:26.227+0000] {dagbag.py:588} INFO - Filling up the DagBag from /home/airflow/.local/lib/python3.12/site-packages/airflow/example_dags/example_bash_decorator.py
[2024-12-27T02:12:26.243+0000] {processor.py:925} INFO - DAG(s) 'example_bash_decorator' retrieved from /home/airflow/.local/lib/python3.12/site-packages/airflow/example_dags/example_bash_decorator.py
[2024-12-27T02:12:26.273+0000] {logging_mixin.py:190} INFO - [2024-12-27T02:12:26.273+0000] {dag.py:3239} INFO - Sync 1 DAGs
[2024-12-27T02:12:26.290+0000] {logging_mixin.py:190} INFO - [2024-12-27T02:12:26.290+0000] {dag.py:4180} INFO - Setting next_dagrun for example_bash_decorator to None, run_after=None
[2024-12-27T02:12:26.317+0000] {processor.py:208} INFO - Processing /home/airflow/.local/lib/python3.12/site-packages/airflow/example_dags/example_bash_decorator.py took 0.099 seconds
[2024-12-27T02:12:56.451+0000] {processor.py:186} INFO - Started process (PID=2123) to work on /home/airflow/.local/lib/python3.12/site-packages/airflow/example_dags/example_bash_decorator.py
[2024-12-27T02:12:56.453+0000] {processor.py:914} INFO - Processing file /home/airflow/.local/lib/python3.12/site-packages/airflow/example_dags/example_bash_decorator.py for tasks to queue
[2024-12-27T02:12:56.455+0000] {logging_mixin.py:190} INFO - [2024-12-27T02:12:56.455+0000] {dagbag.py:588} INFO - Filling up the DagBag from /home/airflow/.local/lib/python3.12/site-packages/airflow/example_dags/example_bash_decorator.py
[2024-12-27T02:12:56.471+0000] {processor.py:925} INFO - DAG(s) 'example_bash_decorator' retrieved from /home/airflow/.local/lib/python3.12/site-packages/airflow/example_dags/example_bash_decorator.py
[2024-12-27T02:12:56.505+0000] {logging_mixin.py:190} INFO - [2024-12-27T02:12:56.505+0000] {dag.py:3239} INFO - Sync 1 DAGs
[2024-12-27T02:12:56.522+0000] {logging_mixin.py:190} INFO - [2024-12-27T02:12:56.522+0000] {dag.py:4180} INFO - Setting next_dagrun for example_bash_decorator to None, run_after=None
[2024-12-27T02:12:56.551+0000] {processor.py:208} INFO - Processing /home/airflow/.local/lib/python3.12/site-packages/airflow/example_dags/example_bash_decorator.py took 0.105 seconds
[2024-12-27T02:13:26.729+0000] {processor.py:186} INFO - Started process (PID=2186) to work on /home/airflow/.local/lib/python3.12/site-packages/airflow/example_dags/example_bash_decorator.py
[2024-12-27T02:13:26.730+0000] {processor.py:914} INFO - Processing file /home/airflow/.local/lib/python3.12/site-packages/airflow/example_dags/example_bash_decorator.py for tasks to queue
[2024-12-27T02:13:26.733+0000] {logging_mixin.py:190} INFO - [2024-12-27T02:13:26.732+0000] {dagbag.py:588} INFO - Filling up the DagBag from /home/airflow/.local/lib/python3.12/site-packages/airflow/example_dags/example_bash_decorator.py
[2024-12-27T02:13:26.747+0000] {processor.py:925} INFO - DAG(s) 'example_bash_decorator' retrieved from /home/airflow/.local/lib/python3.12/site-packages/airflow/example_dags/example_bash_decorator.py
[2024-12-27T02:13:26.775+0000] {logging_mixin.py:190} INFO - [2024-12-27T02:13:26.775+0000] {dag.py:3239} INFO - Sync 1 DAGs
[2024-12-27T02:13:26.790+0000] {logging_mixin.py:190} INFO - [2024-12-27T02:13:26.790+0000] {dag.py:4180} INFO - Setting next_dagrun for example_bash_decorator to None, run_after=None
[2024-12-27T02:13:26.819+0000] {processor.py:208} INFO - Processing /home/airflow/.local/lib/python3.12/site-packages/airflow/example_dags/example_bash_decorator.py took 0.095 seconds
[2024-12-27T02:13:57.702+0000] {processor.py:186} INFO - Started process (PID=2249) to work on /home/airflow/.local/lib/python3.12/site-packages/airflow/example_dags/example_bash_decorator.py
[2024-12-27T02:13:57.703+0000] {processor.py:914} INFO - Processing file /home/airflow/.local/lib/python3.12/site-packages/airflow/example_dags/example_bash_decorator.py for tasks to queue
[2024-12-27T02:13:57.707+0000] {logging_mixin.py:190} INFO - [2024-12-27T02:13:57.707+0000] {dagbag.py:588} INFO - Filling up the DagBag from /home/airflow/.local/lib/python3.12/site-packages/airflow/example_dags/example_bash_decorator.py
[2024-12-27T02:13:57.725+0000] {processor.py:925} INFO - DAG(s) 'example_bash_decorator' retrieved from /home/airflow/.local/lib/python3.12/site-packages/airflow/example_dags/example_bash_decorator.py
[2024-12-27T02:13:57.759+0000] {logging_mixin.py:190} INFO - [2024-12-27T02:13:57.758+0000] {dag.py:3239} INFO - Sync 1 DAGs
[2024-12-27T02:13:57.780+0000] {logging_mixin.py:190} INFO - [2024-12-27T02:13:57.779+0000] {dag.py:4180} INFO - Setting next_dagrun for example_bash_decorator to None, run_after=None
[2024-12-27T02:13:57.815+0000] {processor.py:208} INFO - Processing /home/airflow/.local/lib/python3.12/site-packages/airflow/example_dags/example_bash_decorator.py took 0.119 seconds
[2024-12-27T02:14:32.368+0000] {processor.py:186} INFO - Started process (PID=2312) to work on /home/airflow/.local/lib/python3.12/site-packages/airflow/example_dags/example_bash_decorator.py
[2024-12-27T02:14:32.375+0000] {processor.py:914} INFO - Processing file /home/airflow/.local/lib/python3.12/site-packages/airflow/example_dags/example_bash_decorator.py for tasks to queue
[2024-12-27T02:14:32.378+0000] {logging_mixin.py:190} INFO - [2024-12-27T02:14:32.378+0000] {dagbag.py:588} INFO - Filling up the DagBag from /home/airflow/.local/lib/python3.12/site-packages/airflow/example_dags/example_bash_decorator.py
[2024-12-27T02:14:32.392+0000] {processor.py:925} INFO - DAG(s) 'example_bash_decorator' retrieved from /home/airflow/.local/lib/python3.12/site-packages/airflow/example_dags/example_bash_decorator.py
[2024-12-27T02:14:32.419+0000] {logging_mixin.py:190} INFO - [2024-12-27T02:14:32.418+0000] {dag.py:3239} INFO - Sync 1 DAGs
[2024-12-27T02:14:32.596+0000] {logging_mixin.py:190} INFO - [2024-12-27T02:14:32.596+0000] {dag.py:4180} INFO - Setting next_dagrun for example_bash_decorator to None, run_after=None
[2024-12-27T02:14:33.006+0000] {processor.py:208} INFO - Processing /home/airflow/.local/lib/python3.12/site-packages/airflow/example_dags/example_bash_decorator.py took 0.642 seconds
[2024-12-27T02:15:03.114+0000] {processor.py:186} INFO - Started process (PID=2374) to work on /home/airflow/.local/lib/python3.12/site-packages/airflow/example_dags/example_bash_decorator.py
[2024-12-27T02:15:03.125+0000] {processor.py:914} INFO - Processing file /home/airflow/.local/lib/python3.12/site-packages/airflow/example_dags/example_bash_decorator.py for tasks to queue
[2024-12-27T02:15:03.128+0000] {logging_mixin.py:190} INFO - [2024-12-27T02:15:03.128+0000] {dagbag.py:588} INFO - Filling up the DagBag from /home/airflow/.local/lib/python3.12/site-packages/airflow/example_dags/example_bash_decorator.py
[2024-12-27T02:15:03.145+0000] {processor.py:925} INFO - DAG(s) 'example_bash_decorator' retrieved from /home/airflow/.local/lib/python3.12/site-packages/airflow/example_dags/example_bash_decorator.py
[2024-12-27T02:15:03.173+0000] {logging_mixin.py:190} INFO - [2024-12-27T02:15:03.173+0000] {dag.py:3239} INFO - Sync 1 DAGs
[2024-12-27T02:15:03.349+0000] {logging_mixin.py:190} INFO - [2024-12-27T02:15:03.349+0000] {dag.py:4180} INFO - Setting next_dagrun for example_bash_decorator to None, run_after=None
[2024-12-27T02:15:03.375+0000] {processor.py:208} INFO - Processing /home/airflow/.local/lib/python3.12/site-packages/airflow/example_dags/example_bash_decorator.py took 0.266 seconds
[2024-12-27T02:15:34.134+0000] {processor.py:186} INFO - Started process (PID=2439) to work on /home/airflow/.local/lib/python3.12/site-packages/airflow/example_dags/example_bash_decorator.py
[2024-12-27T02:15:34.136+0000] {processor.py:914} INFO - Processing file /home/airflow/.local/lib/python3.12/site-packages/airflow/example_dags/example_bash_decorator.py for tasks to queue
[2024-12-27T02:15:34.139+0000] {logging_mixin.py:190} INFO - [2024-12-27T02:15:34.139+0000] {dagbag.py:588} INFO - Filling up the DagBag from /home/airflow/.local/lib/python3.12/site-packages/airflow/example_dags/example_bash_decorator.py
[2024-12-27T02:15:34.158+0000] {processor.py:925} INFO - DAG(s) 'example_bash_decorator' retrieved from /home/airflow/.local/lib/python3.12/site-packages/airflow/example_dags/example_bash_decorator.py
[2024-12-27T02:15:34.200+0000] {logging_mixin.py:190} INFO - [2024-12-27T02:15:34.199+0000] {dag.py:3239} INFO - Sync 1 DAGs
[2024-12-27T02:15:34.220+0000] {logging_mixin.py:190} INFO - [2024-12-27T02:15:34.220+0000] {dag.py:4180} INFO - Setting next_dagrun for example_bash_decorator to None, run_after=None
[2024-12-27T02:15:34.255+0000] {processor.py:208} INFO - Processing /home/airflow/.local/lib/python3.12/site-packages/airflow/example_dags/example_bash_decorator.py took 0.129 seconds
[2024-12-27T02:16:04.436+0000] {processor.py:186} INFO - Started process (PID=2502) to work on /home/airflow/.local/lib/python3.12/site-packages/airflow/example_dags/example_bash_decorator.py
[2024-12-27T02:16:04.437+0000] {processor.py:914} INFO - Processing file /home/airflow/.local/lib/python3.12/site-packages/airflow/example_dags/example_bash_decorator.py for tasks to queue
[2024-12-27T02:16:04.440+0000] {logging_mixin.py:190} INFO - [2024-12-27T02:16:04.440+0000] {dagbag.py:588} INFO - Filling up the DagBag from /home/airflow/.local/lib/python3.12/site-packages/airflow/example_dags/example_bash_decorator.py
[2024-12-27T02:16:04.453+0000] {processor.py:925} INFO - DAG(s) 'example_bash_decorator' retrieved from /home/airflow/.local/lib/python3.12/site-packages/airflow/example_dags/example_bash_decorator.py
[2024-12-27T02:16:04.480+0000] {logging_mixin.py:190} INFO - [2024-12-27T02:16:04.480+0000] {dag.py:3239} INFO - Sync 1 DAGs
[2024-12-27T02:16:04.495+0000] {logging_mixin.py:190} INFO - [2024-12-27T02:16:04.495+0000] {dag.py:4180} INFO - Setting next_dagrun for example_bash_decorator to None, run_after=None
[2024-12-27T02:16:04.520+0000] {processor.py:208} INFO - Processing /home/airflow/.local/lib/python3.12/site-packages/airflow/example_dags/example_bash_decorator.py took 0.089 seconds
[2024-12-27T02:16:34.975+0000] {processor.py:186} INFO - Started process (PID=2565) to work on /home/airflow/.local/lib/python3.12/site-packages/airflow/example_dags/example_bash_decorator.py
[2024-12-27T02:16:34.977+0000] {processor.py:914} INFO - Processing file /home/airflow/.local/lib/python3.12/site-packages/airflow/example_dags/example_bash_decorator.py for tasks to queue
[2024-12-27T02:16:34.980+0000] {logging_mixin.py:190} INFO - [2024-12-27T02:16:34.979+0000] {dagbag.py:588} INFO - Filling up the DagBag from /home/airflow/.local/lib/python3.12/site-packages/airflow/example_dags/example_bash_decorator.py
[2024-12-27T02:16:34.999+0000] {processor.py:925} INFO - DAG(s) 'example_bash_decorator' retrieved from /home/airflow/.local/lib/python3.12/site-packages/airflow/example_dags/example_bash_decorator.py
[2024-12-27T02:16:35.033+0000] {logging_mixin.py:190} INFO - [2024-12-27T02:16:35.033+0000] {dag.py:3239} INFO - Sync 1 DAGs
[2024-12-27T02:16:35.054+0000] {logging_mixin.py:190} INFO - [2024-12-27T02:16:35.053+0000] {dag.py:4180} INFO - Setting next_dagrun for example_bash_decorator to None, run_after=None
[2024-12-27T02:16:35.090+0000] {processor.py:208} INFO - Processing /home/airflow/.local/lib/python3.12/site-packages/airflow/example_dags/example_bash_decorator.py took 0.122 seconds
[2024-12-27T02:17:05.503+0000] {processor.py:186} INFO - Started process (PID=2628) to work on /home/airflow/.local/lib/python3.12/site-packages/airflow/example_dags/example_bash_decorator.py
[2024-12-27T02:17:05.505+0000] {processor.py:914} INFO - Processing file /home/airflow/.local/lib/python3.12/site-packages/airflow/example_dags/example_bash_decorator.py for tasks to queue
[2024-12-27T02:17:05.509+0000] {logging_mixin.py:190} INFO - [2024-12-27T02:17:05.508+0000] {dagbag.py:588} INFO - Filling up the DagBag from /home/airflow/.local/lib/python3.12/site-packages/airflow/example_dags/example_bash_decorator.py
[2024-12-27T02:17:05.536+0000] {processor.py:925} INFO - DAG(s) 'example_bash_decorator' retrieved from /home/airflow/.local/lib/python3.12/site-packages/airflow/example_dags/example_bash_decorator.py
[2024-12-27T02:17:05.587+0000] {logging_mixin.py:190} INFO - [2024-12-27T02:17:05.586+0000] {dag.py:3239} INFO - Sync 1 DAGs
[2024-12-27T02:17:05.620+0000] {logging_mixin.py:190} INFO - [2024-12-27T02:17:05.619+0000] {dag.py:4180} INFO - Setting next_dagrun for example_bash_decorator to None, run_after=None
[2024-12-27T02:17:05.655+0000] {processor.py:208} INFO - Processing /home/airflow/.local/lib/python3.12/site-packages/airflow/example_dags/example_bash_decorator.py took 0.160 seconds
[2024-12-27T02:17:36.263+0000] {processor.py:186} INFO - Started process (PID=2691) to work on /home/airflow/.local/lib/python3.12/site-packages/airflow/example_dags/example_bash_decorator.py
[2024-12-27T02:17:36.265+0000] {processor.py:914} INFO - Processing file /home/airflow/.local/lib/python3.12/site-packages/airflow/example_dags/example_bash_decorator.py for tasks to queue
[2024-12-27T02:17:36.268+0000] {logging_mixin.py:190} INFO - [2024-12-27T02:17:36.267+0000] {dagbag.py:588} INFO - Filling up the DagBag from /home/airflow/.local/lib/python3.12/site-packages/airflow/example_dags/example_bash_decorator.py
[2024-12-27T02:17:36.283+0000] {processor.py:925} INFO - DAG(s) 'example_bash_decorator' retrieved from /home/airflow/.local/lib/python3.12/site-packages/airflow/example_dags/example_bash_decorator.py
[2024-12-27T02:17:36.313+0000] {logging_mixin.py:190} INFO - [2024-12-27T02:17:36.312+0000] {dag.py:3239} INFO - Sync 1 DAGs
[2024-12-27T02:17:36.329+0000] {logging_mixin.py:190} INFO - [2024-12-27T02:17:36.329+0000] {dag.py:4180} INFO - Setting next_dagrun for example_bash_decorator to None, run_after=None
[2024-12-27T02:17:36.355+0000] {processor.py:208} INFO - Processing /home/airflow/.local/lib/python3.12/site-packages/airflow/example_dags/example_bash_decorator.py took 0.097 seconds
[2024-12-27T02:18:06.771+0000] {processor.py:186} INFO - Started process (PID=2754) to work on /home/airflow/.local/lib/python3.12/site-packages/airflow/example_dags/example_bash_decorator.py
[2024-12-27T02:18:06.773+0000] {processor.py:914} INFO - Processing file /home/airflow/.local/lib/python3.12/site-packages/airflow/example_dags/example_bash_decorator.py for tasks to queue
[2024-12-27T02:18:06.776+0000] {logging_mixin.py:190} INFO - [2024-12-27T02:18:06.775+0000] {dagbag.py:588} INFO - Filling up the DagBag from /home/airflow/.local/lib/python3.12/site-packages/airflow/example_dags/example_bash_decorator.py
[2024-12-27T02:18:06.795+0000] {processor.py:925} INFO - DAG(s) 'example_bash_decorator' retrieved from /home/airflow/.local/lib/python3.12/site-packages/airflow/example_dags/example_bash_decorator.py
[2024-12-27T02:18:06.829+0000] {logging_mixin.py:190} INFO - [2024-12-27T02:18:06.829+0000] {dag.py:3239} INFO - Sync 1 DAGs
[2024-12-27T02:18:06.848+0000] {logging_mixin.py:190} INFO - [2024-12-27T02:18:06.847+0000] {dag.py:4180} INFO - Setting next_dagrun for example_bash_decorator to None, run_after=None
[2024-12-27T02:18:06.879+0000] {processor.py:208} INFO - Processing /home/airflow/.local/lib/python3.12/site-packages/airflow/example_dags/example_bash_decorator.py took 0.114 seconds
[2024-12-27T02:18:37.614+0000] {processor.py:186} INFO - Started process (PID=2816) to work on /home/airflow/.local/lib/python3.12/site-packages/airflow/example_dags/example_bash_decorator.py
[2024-12-27T02:18:37.616+0000] {processor.py:914} INFO - Processing file /home/airflow/.local/lib/python3.12/site-packages/airflow/example_dags/example_bash_decorator.py for tasks to queue
[2024-12-27T02:18:37.619+0000] {logging_mixin.py:190} INFO - [2024-12-27T02:18:37.619+0000] {dagbag.py:588} INFO - Filling up the DagBag from /home/airflow/.local/lib/python3.12/site-packages/airflow/example_dags/example_bash_decorator.py
[2024-12-27T02:18:37.638+0000] {processor.py:925} INFO - DAG(s) 'example_bash_decorator' retrieved from /home/airflow/.local/lib/python3.12/site-packages/airflow/example_dags/example_bash_decorator.py
[2024-12-27T02:18:37.670+0000] {logging_mixin.py:190} INFO - [2024-12-27T02:18:37.670+0000] {dag.py:3239} INFO - Sync 1 DAGs
[2024-12-27T02:18:37.687+0000] {logging_mixin.py:190} INFO - [2024-12-27T02:18:37.686+0000] {dag.py:4180} INFO - Setting next_dagrun for example_bash_decorator to None, run_after=None
[2024-12-27T02:18:37.718+0000] {processor.py:208} INFO - Processing /home/airflow/.local/lib/python3.12/site-packages/airflow/example_dags/example_bash_decorator.py took 0.110 seconds
[2024-12-27T02:19:08.148+0000] {processor.py:186} INFO - Started process (PID=2878) to work on /home/airflow/.local/lib/python3.12/site-packages/airflow/example_dags/example_bash_decorator.py
[2024-12-27T02:19:08.149+0000] {processor.py:914} INFO - Processing file /home/airflow/.local/lib/python3.12/site-packages/airflow/example_dags/example_bash_decorator.py for tasks to queue
[2024-12-27T02:19:08.152+0000] {logging_mixin.py:190} INFO - [2024-12-27T02:19:08.152+0000] {dagbag.py:588} INFO - Filling up the DagBag from /home/airflow/.local/lib/python3.12/site-packages/airflow/example_dags/example_bash_decorator.py
[2024-12-27T02:19:08.166+0000] {processor.py:925} INFO - DAG(s) 'example_bash_decorator' retrieved from /home/airflow/.local/lib/python3.12/site-packages/airflow/example_dags/example_bash_decorator.py
[2024-12-27T02:19:08.194+0000] {logging_mixin.py:190} INFO - [2024-12-27T02:19:08.193+0000] {dag.py:3239} INFO - Sync 1 DAGs
[2024-12-27T02:19:08.208+0000] {logging_mixin.py:190} INFO - [2024-12-27T02:19:08.208+0000] {dag.py:4180} INFO - Setting next_dagrun for example_bash_decorator to None, run_after=None
[2024-12-27T02:19:08.238+0000] {processor.py:208} INFO - Processing /home/airflow/.local/lib/python3.12/site-packages/airflow/example_dags/example_bash_decorator.py took 0.095 seconds
[2024-12-27T02:19:38.450+0000] {processor.py:186} INFO - Started process (PID=2941) to work on /home/airflow/.local/lib/python3.12/site-packages/airflow/example_dags/example_bash_decorator.py
[2024-12-27T02:19:38.451+0000] {processor.py:914} INFO - Processing file /home/airflow/.local/lib/python3.12/site-packages/airflow/example_dags/example_bash_decorator.py for tasks to queue
[2024-12-27T02:19:38.454+0000] {logging_mixin.py:190} INFO - [2024-12-27T02:19:38.454+0000] {dagbag.py:588} INFO - Filling up the DagBag from /home/airflow/.local/lib/python3.12/site-packages/airflow/example_dags/example_bash_decorator.py
[2024-12-27T02:19:38.471+0000] {processor.py:925} INFO - DAG(s) 'example_bash_decorator' retrieved from /home/airflow/.local/lib/python3.12/site-packages/airflow/example_dags/example_bash_decorator.py
[2024-12-27T02:19:38.505+0000] {logging_mixin.py:190} INFO - [2024-12-27T02:19:38.505+0000] {dag.py:3239} INFO - Sync 1 DAGs
[2024-12-27T02:19:38.535+0000] {logging_mixin.py:190} INFO - [2024-12-27T02:19:38.534+0000] {dag.py:4180} INFO - Setting next_dagrun for example_bash_decorator to None, run_after=None
[2024-12-27T02:19:38.570+0000] {processor.py:208} INFO - Processing /home/airflow/.local/lib/python3.12/site-packages/airflow/example_dags/example_bash_decorator.py took 0.126 seconds
[2024-12-27T02:20:08.882+0000] {processor.py:186} INFO - Started process (PID=3004) to work on /home/airflow/.local/lib/python3.12/site-packages/airflow/example_dags/example_bash_decorator.py
[2024-12-27T02:20:08.883+0000] {processor.py:914} INFO - Processing file /home/airflow/.local/lib/python3.12/site-packages/airflow/example_dags/example_bash_decorator.py for tasks to queue
[2024-12-27T02:20:08.887+0000] {logging_mixin.py:190} INFO - [2024-12-27T02:20:08.886+0000] {dagbag.py:588} INFO - Filling up the DagBag from /home/airflow/.local/lib/python3.12/site-packages/airflow/example_dags/example_bash_decorator.py
[2024-12-27T02:20:08.901+0000] {processor.py:925} INFO - DAG(s) 'example_bash_decorator' retrieved from /home/airflow/.local/lib/python3.12/site-packages/airflow/example_dags/example_bash_decorator.py
[2024-12-27T02:20:08.932+0000] {logging_mixin.py:190} INFO - [2024-12-27T02:20:08.932+0000] {dag.py:3239} INFO - Sync 1 DAGs
[2024-12-27T02:20:08.956+0000] {logging_mixin.py:190} INFO - [2024-12-27T02:20:08.956+0000] {dag.py:4180} INFO - Setting next_dagrun for example_bash_decorator to None, run_after=None
[2024-12-27T02:20:08.981+0000] {processor.py:208} INFO - Processing /home/airflow/.local/lib/python3.12/site-packages/airflow/example_dags/example_bash_decorator.py took 0.103 seconds
[2024-12-27T02:20:39.215+0000] {processor.py:186} INFO - Started process (PID=3067) to work on /home/airflow/.local/lib/python3.12/site-packages/airflow/example_dags/example_bash_decorator.py
[2024-12-27T02:20:39.216+0000] {processor.py:914} INFO - Processing file /home/airflow/.local/lib/python3.12/site-packages/airflow/example_dags/example_bash_decorator.py for tasks to queue
[2024-12-27T02:20:39.219+0000] {logging_mixin.py:190} INFO - [2024-12-27T02:20:39.218+0000] {dagbag.py:588} INFO - Filling up the DagBag from /home/airflow/.local/lib/python3.12/site-packages/airflow/example_dags/example_bash_decorator.py
[2024-12-27T02:20:39.238+0000] {processor.py:925} INFO - DAG(s) 'example_bash_decorator' retrieved from /home/airflow/.local/lib/python3.12/site-packages/airflow/example_dags/example_bash_decorator.py
[2024-12-27T02:20:39.269+0000] {logging_mixin.py:190} INFO - [2024-12-27T02:20:39.268+0000] {dag.py:3239} INFO - Sync 1 DAGs
[2024-12-27T02:20:39.292+0000] {logging_mixin.py:190} INFO - [2024-12-27T02:20:39.291+0000] {dag.py:4180} INFO - Setting next_dagrun for example_bash_decorator to None, run_after=None
[2024-12-27T02:20:39.326+0000] {processor.py:208} INFO - Processing /home/airflow/.local/lib/python3.12/site-packages/airflow/example_dags/example_bash_decorator.py took 0.116 seconds
[2024-12-27T02:21:09.555+0000] {processor.py:186} INFO - Started process (PID=3130) to work on /home/airflow/.local/lib/python3.12/site-packages/airflow/example_dags/example_bash_decorator.py
[2024-12-27T02:21:09.556+0000] {processor.py:914} INFO - Processing file /home/airflow/.local/lib/python3.12/site-packages/airflow/example_dags/example_bash_decorator.py for tasks to queue
[2024-12-27T02:21:09.560+0000] {logging_mixin.py:190} INFO - [2024-12-27T02:21:09.559+0000] {dagbag.py:588} INFO - Filling up the DagBag from /home/airflow/.local/lib/python3.12/site-packages/airflow/example_dags/example_bash_decorator.py
[2024-12-27T02:21:09.574+0000] {processor.py:925} INFO - DAG(s) 'example_bash_decorator' retrieved from /home/airflow/.local/lib/python3.12/site-packages/airflow/example_dags/example_bash_decorator.py
[2024-12-27T02:21:09.603+0000] {logging_mixin.py:190} INFO - [2024-12-27T02:21:09.603+0000] {dag.py:3239} INFO - Sync 1 DAGs
[2024-12-27T02:21:09.618+0000] {logging_mixin.py:190} INFO - [2024-12-27T02:21:09.618+0000] {dag.py:4180} INFO - Setting next_dagrun for example_bash_decorator to None, run_after=None
[2024-12-27T02:21:09.643+0000] {processor.py:208} INFO - Processing /home/airflow/.local/lib/python3.12/site-packages/airflow/example_dags/example_bash_decorator.py took 0.093 seconds
[2024-12-27T02:21:40.339+0000] {processor.py:186} INFO - Started process (PID=3193) to work on /home/airflow/.local/lib/python3.12/site-packages/airflow/example_dags/example_bash_decorator.py
[2024-12-27T02:21:40.340+0000] {processor.py:914} INFO - Processing file /home/airflow/.local/lib/python3.12/site-packages/airflow/example_dags/example_bash_decorator.py for tasks to queue
[2024-12-27T02:21:40.343+0000] {logging_mixin.py:190} INFO - [2024-12-27T02:21:40.343+0000] {dagbag.py:588} INFO - Filling up the DagBag from /home/airflow/.local/lib/python3.12/site-packages/airflow/example_dags/example_bash_decorator.py
[2024-12-27T02:21:40.360+0000] {processor.py:925} INFO - DAG(s) 'example_bash_decorator' retrieved from /home/airflow/.local/lib/python3.12/site-packages/airflow/example_dags/example_bash_decorator.py
[2024-12-27T02:21:40.398+0000] {logging_mixin.py:190} INFO - [2024-12-27T02:21:40.398+0000] {dag.py:3239} INFO - Sync 1 DAGs
[2024-12-27T02:21:40.422+0000] {logging_mixin.py:190} INFO - [2024-12-27T02:21:40.422+0000] {dag.py:4180} INFO - Setting next_dagrun for example_bash_decorator to None, run_after=None
[2024-12-27T02:21:40.456+0000] {processor.py:208} INFO - Processing /home/airflow/.local/lib/python3.12/site-packages/airflow/example_dags/example_bash_decorator.py took 0.123 seconds
[2024-12-27T02:22:10.510+0000] {processor.py:186} INFO - Started process (PID=3256) to work on /home/airflow/.local/lib/python3.12/site-packages/airflow/example_dags/example_bash_decorator.py
[2024-12-27T02:22:10.512+0000] {processor.py:914} INFO - Processing file /home/airflow/.local/lib/python3.12/site-packages/airflow/example_dags/example_bash_decorator.py for tasks to queue
[2024-12-27T02:22:10.515+0000] {logging_mixin.py:190} INFO - [2024-12-27T02:22:10.515+0000] {dagbag.py:588} INFO - Filling up the DagBag from /home/airflow/.local/lib/python3.12/site-packages/airflow/example_dags/example_bash_decorator.py
[2024-12-27T02:22:10.531+0000] {processor.py:925} INFO - DAG(s) 'example_bash_decorator' retrieved from /home/airflow/.local/lib/python3.12/site-packages/airflow/example_dags/example_bash_decorator.py
[2024-12-27T02:22:10.560+0000] {logging_mixin.py:190} INFO - [2024-12-27T02:22:10.560+0000] {dag.py:3239} INFO - Sync 1 DAGs
[2024-12-27T02:22:10.576+0000] {logging_mixin.py:190} INFO - [2024-12-27T02:22:10.576+0000] {dag.py:4180} INFO - Setting next_dagrun for example_bash_decorator to None, run_after=None
[2024-12-27T02:22:10.605+0000] {processor.py:208} INFO - Processing /home/airflow/.local/lib/python3.12/site-packages/airflow/example_dags/example_bash_decorator.py took 0.099 seconds
[2024-12-27T02:22:40.740+0000] {processor.py:186} INFO - Started process (PID=3319) to work on /home/airflow/.local/lib/python3.12/site-packages/airflow/example_dags/example_bash_decorator.py
[2024-12-27T02:22:40.741+0000] {processor.py:914} INFO - Processing file /home/airflow/.local/lib/python3.12/site-packages/airflow/example_dags/example_bash_decorator.py for tasks to queue
[2024-12-27T02:22:40.743+0000] {logging_mixin.py:190} INFO - [2024-12-27T02:22:40.743+0000] {dagbag.py:588} INFO - Filling up the DagBag from /home/airflow/.local/lib/python3.12/site-packages/airflow/example_dags/example_bash_decorator.py
[2024-12-27T02:22:40.756+0000] {processor.py:925} INFO - DAG(s) 'example_bash_decorator' retrieved from /home/airflow/.local/lib/python3.12/site-packages/airflow/example_dags/example_bash_decorator.py
[2024-12-27T02:22:40.783+0000] {logging_mixin.py:190} INFO - [2024-12-27T02:22:40.783+0000] {dag.py:3239} INFO - Sync 1 DAGs
[2024-12-27T02:22:40.801+0000] {logging_mixin.py:190} INFO - [2024-12-27T02:22:40.800+0000] {dag.py:4180} INFO - Setting next_dagrun for example_bash_decorator to None, run_after=None
[2024-12-27T02:22:40.830+0000] {processor.py:208} INFO - Processing /home/airflow/.local/lib/python3.12/site-packages/airflow/example_dags/example_bash_decorator.py took 0.094 seconds
[2024-12-27T02:23:11.166+0000] {processor.py:186} INFO - Started process (PID=3382) to work on /home/airflow/.local/lib/python3.12/site-packages/airflow/example_dags/example_bash_decorator.py
[2024-12-27T02:23:11.168+0000] {processor.py:914} INFO - Processing file /home/airflow/.local/lib/python3.12/site-packages/airflow/example_dags/example_bash_decorator.py for tasks to queue
[2024-12-27T02:23:11.171+0000] {logging_mixin.py:190} INFO - [2024-12-27T02:23:11.170+0000] {dagbag.py:588} INFO - Filling up the DagBag from /home/airflow/.local/lib/python3.12/site-packages/airflow/example_dags/example_bash_decorator.py
[2024-12-27T02:23:11.191+0000] {processor.py:925} INFO - DAG(s) 'example_bash_decorator' retrieved from /home/airflow/.local/lib/python3.12/site-packages/airflow/example_dags/example_bash_decorator.py
[2024-12-27T02:23:11.221+0000] {logging_mixin.py:190} INFO - [2024-12-27T02:23:11.220+0000] {dag.py:3239} INFO - Sync 1 DAGs
[2024-12-27T02:23:11.236+0000] {logging_mixin.py:190} INFO - [2024-12-27T02:23:11.236+0000] {dag.py:4180} INFO - Setting next_dagrun for example_bash_decorator to None, run_after=None
[2024-12-27T02:23:11.264+0000] {processor.py:208} INFO - Processing /home/airflow/.local/lib/python3.12/site-packages/airflow/example_dags/example_bash_decorator.py took 0.105 seconds
