[2024-12-27T01:56:24.640+0000] {processor.py:186} INFO - Started process (PID=91) to work on /home/airflow/.local/lib/python3.12/site-packages/airflow/example_dags/example_outlet_event_extra.py
[2024-12-27T01:56:24.642+0000] {processor.py:914} INFO - Processing file /home/airflow/.local/lib/python3.12/site-packages/airflow/example_dags/example_outlet_event_extra.py for tasks to queue
[2024-12-27T01:56:24.646+0000] {logging_mixin.py:190} INFO - [2024-12-27T01:56:24.645+0000] {dagbag.py:588} INFO - Filling up the DagBag from /home/airflow/.local/lib/python3.12/site-packages/airflow/example_dags/example_outlet_event_extra.py
[2024-12-27T01:56:27.046+0000] {processor.py:925} INFO - DAG(s) 'dataset_with_extra_by_yield', 'dataset_with_extra_from_classic_operator', 'dataset_with_extra_by_context' retrieved from /home/airflow/.local/lib/python3.12/site-packages/airflow/example_dags/example_outlet_event_extra.py
[2024-12-27T01:56:27.342+0000] {logging_mixin.py:190} INFO - [2024-12-27T01:56:27.337+0000] {override.py:1911} INFO - Created Permission View: can read on DAG:dataset_with_extra_by_yield
[2024-12-27T01:56:27.369+0000] {logging_mixin.py:190} INFO - [2024-12-27T01:56:27.369+0000] {override.py:1911} INFO - Created Permission View: can edit on DAG:dataset_with_extra_by_yield
[2024-12-27T01:56:27.384+0000] {logging_mixin.py:190} INFO - [2024-12-27T01:56:27.384+0000] {override.py:1911} INFO - Created Permission View: can delete on DAG:dataset_with_extra_by_yield
[2024-12-27T01:56:27.403+0000] {logging_mixin.py:190} INFO - [2024-12-27T01:56:27.402+0000] {override.py:1911} INFO - Created Permission View: menu access on DAG Run:dataset_with_extra_by_yield
[2024-12-27T01:56:27.445+0000] {logging_mixin.py:190} INFO - [2024-12-27T01:56:27.445+0000] {override.py:1911} INFO - Created Permission View: can read on DAG Run:dataset_with_extra_by_yield
[2024-12-27T01:56:27.459+0000] {logging_mixin.py:190} INFO - [2024-12-27T01:56:27.459+0000] {override.py:1911} INFO - Created Permission View: can create on DAG Run:dataset_with_extra_by_yield
[2024-12-27T01:56:27.476+0000] {logging_mixin.py:190} INFO - [2024-12-27T01:56:27.475+0000] {override.py:1911} INFO - Created Permission View: can delete on DAG Run:dataset_with_extra_by_yield
[2024-12-27T01:56:27.507+0000] {logging_mixin.py:190} INFO - [2024-12-27T01:56:27.507+0000] {override.py:1911} INFO - Created Permission View: can read on DAG:dataset_with_extra_from_classic_operator
[2024-12-27T01:56:27.522+0000] {logging_mixin.py:190} INFO - [2024-12-27T01:56:27.522+0000] {override.py:1911} INFO - Created Permission View: can edit on DAG:dataset_with_extra_from_classic_operator
[2024-12-27T01:56:27.536+0000] {logging_mixin.py:190} INFO - [2024-12-27T01:56:27.536+0000] {override.py:1911} INFO - Created Permission View: can delete on DAG:dataset_with_extra_from_classic_operator
[2024-12-27T01:56:27.554+0000] {logging_mixin.py:190} INFO - [2024-12-27T01:56:27.554+0000] {override.py:1911} INFO - Created Permission View: menu access on DAG Run:dataset_with_extra_from_classic_operator
[2024-12-27T01:56:27.569+0000] {logging_mixin.py:190} INFO - [2024-12-27T01:56:27.569+0000] {override.py:1911} INFO - Created Permission View: can read on DAG Run:dataset_with_extra_from_classic_operator
[2024-12-27T01:56:27.585+0000] {logging_mixin.py:190} INFO - [2024-12-27T01:56:27.585+0000] {override.py:1911} INFO - Created Permission View: can create on DAG Run:dataset_with_extra_from_classic_operator
[2024-12-27T01:56:27.604+0000] {logging_mixin.py:190} INFO - [2024-12-27T01:56:27.604+0000] {override.py:1911} INFO - Created Permission View: can delete on DAG Run:dataset_with_extra_from_classic_operator
[2024-12-27T01:56:27.633+0000] {logging_mixin.py:190} INFO - [2024-12-27T01:56:27.632+0000] {override.py:1911} INFO - Created Permission View: can read on DAG:dataset_with_extra_by_context
[2024-12-27T01:56:27.648+0000] {logging_mixin.py:190} INFO - [2024-12-27T01:56:27.648+0000] {override.py:1911} INFO - Created Permission View: can edit on DAG:dataset_with_extra_by_context
[2024-12-27T01:56:27.665+0000] {logging_mixin.py:190} INFO - [2024-12-27T01:56:27.664+0000] {override.py:1911} INFO - Created Permission View: can delete on DAG:dataset_with_extra_by_context
[2024-12-27T01:56:27.684+0000] {logging_mixin.py:190} INFO - [2024-12-27T01:56:27.683+0000] {override.py:1911} INFO - Created Permission View: menu access on DAG Run:dataset_with_extra_by_context
[2024-12-27T01:56:27.699+0000] {logging_mixin.py:190} INFO - [2024-12-27T01:56:27.699+0000] {override.py:1911} INFO - Created Permission View: can read on DAG Run:dataset_with_extra_by_context
[2024-12-27T01:56:27.715+0000] {logging_mixin.py:190} INFO - [2024-12-27T01:56:27.715+0000] {override.py:1911} INFO - Created Permission View: can create on DAG Run:dataset_with_extra_by_context
[2024-12-27T01:56:27.732+0000] {logging_mixin.py:190} INFO - [2024-12-27T01:56:27.732+0000] {override.py:1911} INFO - Created Permission View: can delete on DAG Run:dataset_with_extra_by_context
[2024-12-27T01:56:27.734+0000] {logging_mixin.py:190} INFO - [2024-12-27T01:56:27.733+0000] {dag.py:3239} INFO - Sync 3 DAGs
[2024-12-27T01:56:27.756+0000] {logging_mixin.py:190} INFO - [2024-12-27T01:56:27.755+0000] {dag.py:3262} INFO - Creating ORM DAG for dataset_with_extra_by_context
[2024-12-27T01:56:27.758+0000] {logging_mixin.py:190} INFO - [2024-12-27T01:56:27.757+0000] {dag.py:3262} INFO - Creating ORM DAG for dataset_with_extra_by_yield
[2024-12-27T01:56:27.759+0000] {logging_mixin.py:190} INFO - [2024-12-27T01:56:27.759+0000] {dag.py:3262} INFO - Creating ORM DAG for dataset_with_extra_from_classic_operator
[2024-12-27T01:56:27.776+0000] {logging_mixin.py:190} INFO - [2024-12-27T01:56:27.776+0000] {dag.py:4180} INFO - Setting next_dagrun for dataset_with_extra_by_context to 2024-12-26 00:00:00+00:00, run_after=2024-12-27 00:00:00+00:00
[2024-12-27T01:56:27.779+0000] {logging_mixin.py:190} INFO - [2024-12-27T01:56:27.779+0000] {dag.py:4180} INFO - Setting next_dagrun for dataset_with_extra_by_yield to 2024-12-26 00:00:00+00:00, run_after=2024-12-27 00:00:00+00:00
[2024-12-27T01:56:27.783+0000] {logging_mixin.py:190} INFO - [2024-12-27T01:56:27.783+0000] {dag.py:4180} INFO - Setting next_dagrun for dataset_with_extra_from_classic_operator to 2024-12-26 00:00:00+00:00, run_after=2024-12-27 00:00:00+00:00
[2024-12-27T01:56:27.829+0000] {processor.py:208} INFO - Processing /home/airflow/.local/lib/python3.12/site-packages/airflow/example_dags/example_outlet_event_extra.py took 3.193 seconds
[2024-12-27T01:56:58.022+0000] {processor.py:186} INFO - Started process (PID=154) to work on /home/airflow/.local/lib/python3.12/site-packages/airflow/example_dags/example_outlet_event_extra.py
[2024-12-27T01:56:58.023+0000] {processor.py:914} INFO - Processing file /home/airflow/.local/lib/python3.12/site-packages/airflow/example_dags/example_outlet_event_extra.py for tasks to queue
[2024-12-27T01:56:58.026+0000] {logging_mixin.py:190} INFO - [2024-12-27T01:56:58.025+0000] {dagbag.py:588} INFO - Filling up the DagBag from /home/airflow/.local/lib/python3.12/site-packages/airflow/example_dags/example_outlet_event_extra.py
[2024-12-27T01:56:59.490+0000] {processor.py:925} INFO - DAG(s) 'dataset_with_extra_by_yield', 'dataset_with_extra_by_context', 'dataset_with_extra_from_classic_operator' retrieved from /home/airflow/.local/lib/python3.12/site-packages/airflow/example_dags/example_outlet_event_extra.py
[2024-12-27T01:56:59.622+0000] {logging_mixin.py:190} INFO - [2024-12-27T01:56:59.622+0000] {dag.py:3239} INFO - Sync 3 DAGs
[2024-12-27T01:56:59.725+0000] {logging_mixin.py:190} INFO - [2024-12-27T01:56:59.725+0000] {dag.py:4180} INFO - Setting next_dagrun for dataset_with_extra_by_context to 2024-12-26 00:00:00+00:00, run_after=2024-12-27 00:00:00+00:00
[2024-12-27T01:56:59.732+0000] {logging_mixin.py:190} INFO - [2024-12-27T01:56:59.731+0000] {dag.py:4180} INFO - Setting next_dagrun for dataset_with_extra_by_yield to 2024-12-26 00:00:00+00:00, run_after=2024-12-27 00:00:00+00:00
[2024-12-27T01:56:59.736+0000] {logging_mixin.py:190} INFO - [2024-12-27T01:56:59.736+0000] {dag.py:4180} INFO - Setting next_dagrun for dataset_with_extra_from_classic_operator to 2024-12-26 00:00:00+00:00, run_after=2024-12-27 00:00:00+00:00
[2024-12-27T01:56:59.787+0000] {processor.py:208} INFO - Processing /home/airflow/.local/lib/python3.12/site-packages/airflow/example_dags/example_outlet_event_extra.py took 1.770 seconds
[2024-12-27T01:57:30.701+0000] {processor.py:186} INFO - Started process (PID=217) to work on /home/airflow/.local/lib/python3.12/site-packages/airflow/example_dags/example_outlet_event_extra.py
[2024-12-27T01:57:30.703+0000] {processor.py:914} INFO - Processing file /home/airflow/.local/lib/python3.12/site-packages/airflow/example_dags/example_outlet_event_extra.py for tasks to queue
[2024-12-27T01:57:30.707+0000] {logging_mixin.py:190} INFO - [2024-12-27T01:57:30.707+0000] {dagbag.py:588} INFO - Filling up the DagBag from /home/airflow/.local/lib/python3.12/site-packages/airflow/example_dags/example_outlet_event_extra.py
[2024-12-27T01:57:31.330+0000] {processor.py:925} INFO - DAG(s) 'dataset_with_extra_by_yield', 'dataset_with_extra_from_classic_operator', 'dataset_with_extra_by_context' retrieved from /home/airflow/.local/lib/python3.12/site-packages/airflow/example_dags/example_outlet_event_extra.py
[2024-12-27T01:57:31.369+0000] {logging_mixin.py:190} INFO - [2024-12-27T01:57:31.368+0000] {dag.py:3239} INFO - Sync 3 DAGs
[2024-12-27T01:57:31.403+0000] {logging_mixin.py:190} INFO - [2024-12-27T01:57:31.402+0000] {dag.py:4180} INFO - Setting next_dagrun for dataset_with_extra_by_context to 2024-12-26 00:00:00+00:00, run_after=2024-12-27 00:00:00+00:00
[2024-12-27T01:57:31.410+0000] {logging_mixin.py:190} INFO - [2024-12-27T01:57:31.410+0000] {dag.py:4180} INFO - Setting next_dagrun for dataset_with_extra_by_yield to 2024-12-26 00:00:00+00:00, run_after=2024-12-27 00:00:00+00:00
[2024-12-27T01:57:31.414+0000] {logging_mixin.py:190} INFO - [2024-12-27T01:57:31.414+0000] {dag.py:4180} INFO - Setting next_dagrun for dataset_with_extra_from_classic_operator to 2024-12-26 00:00:00+00:00, run_after=2024-12-27 00:00:00+00:00
[2024-12-27T01:57:31.456+0000] {processor.py:208} INFO - Processing /home/airflow/.local/lib/python3.12/site-packages/airflow/example_dags/example_outlet_event_extra.py took 0.763 seconds
[2024-12-27T01:58:02.062+0000] {processor.py:186} INFO - Started process (PID=280) to work on /home/airflow/.local/lib/python3.12/site-packages/airflow/example_dags/example_outlet_event_extra.py
[2024-12-27T01:58:02.064+0000] {processor.py:914} INFO - Processing file /home/airflow/.local/lib/python3.12/site-packages/airflow/example_dags/example_outlet_event_extra.py for tasks to queue
[2024-12-27T01:58:02.066+0000] {logging_mixin.py:190} INFO - [2024-12-27T01:58:02.066+0000] {dagbag.py:588} INFO - Filling up the DagBag from /home/airflow/.local/lib/python3.12/site-packages/airflow/example_dags/example_outlet_event_extra.py
[2024-12-27T01:58:02.757+0000] {processor.py:925} INFO - DAG(s) 'dataset_with_extra_from_classic_operator', 'dataset_with_extra_by_yield', 'dataset_with_extra_by_context' retrieved from /home/airflow/.local/lib/python3.12/site-packages/airflow/example_dags/example_outlet_event_extra.py
[2024-12-27T01:58:02.799+0000] {logging_mixin.py:190} INFO - [2024-12-27T01:58:02.798+0000] {dag.py:3239} INFO - Sync 3 DAGs
[2024-12-27T01:58:02.845+0000] {logging_mixin.py:190} INFO - [2024-12-27T01:58:02.845+0000] {dag.py:4180} INFO - Setting next_dagrun for dataset_with_extra_by_context to 2024-12-26 00:00:00+00:00, run_after=2024-12-27 00:00:00+00:00
[2024-12-27T01:58:02.856+0000] {logging_mixin.py:190} INFO - [2024-12-27T01:58:02.856+0000] {dag.py:4180} INFO - Setting next_dagrun for dataset_with_extra_by_yield to 2024-12-26 00:00:00+00:00, run_after=2024-12-27 00:00:00+00:00
[2024-12-27T01:58:02.861+0000] {logging_mixin.py:190} INFO - [2024-12-27T01:58:02.861+0000] {dag.py:4180} INFO - Setting next_dagrun for dataset_with_extra_from_classic_operator to 2024-12-26 00:00:00+00:00, run_after=2024-12-27 00:00:00+00:00
[2024-12-27T01:58:02.903+0000] {processor.py:208} INFO - Processing /home/airflow/.local/lib/python3.12/site-packages/airflow/example_dags/example_outlet_event_extra.py took 0.846 seconds
[2024-12-27T01:58:33.473+0000] {processor.py:186} INFO - Started process (PID=343) to work on /home/airflow/.local/lib/python3.12/site-packages/airflow/example_dags/example_outlet_event_extra.py
[2024-12-27T01:58:33.474+0000] {processor.py:914} INFO - Processing file /home/airflow/.local/lib/python3.12/site-packages/airflow/example_dags/example_outlet_event_extra.py for tasks to queue
[2024-12-27T01:58:33.477+0000] {logging_mixin.py:190} INFO - [2024-12-27T01:58:33.476+0000] {dagbag.py:588} INFO - Filling up the DagBag from /home/airflow/.local/lib/python3.12/site-packages/airflow/example_dags/example_outlet_event_extra.py
[2024-12-27T01:58:34.095+0000] {processor.py:925} INFO - DAG(s) 'dataset_with_extra_from_classic_operator', 'dataset_with_extra_by_yield', 'dataset_with_extra_by_context' retrieved from /home/airflow/.local/lib/python3.12/site-packages/airflow/example_dags/example_outlet_event_extra.py
[2024-12-27T01:58:34.127+0000] {logging_mixin.py:190} INFO - [2024-12-27T01:58:34.127+0000] {dag.py:3239} INFO - Sync 3 DAGs
[2024-12-27T01:58:34.157+0000] {logging_mixin.py:190} INFO - [2024-12-27T01:58:34.157+0000] {dag.py:4180} INFO - Setting next_dagrun for dataset_with_extra_by_context to 2024-12-26 00:00:00+00:00, run_after=2024-12-27 00:00:00+00:00
[2024-12-27T01:58:34.164+0000] {logging_mixin.py:190} INFO - [2024-12-27T01:58:34.164+0000] {dag.py:4180} INFO - Setting next_dagrun for dataset_with_extra_by_yield to 2024-12-26 00:00:00+00:00, run_after=2024-12-27 00:00:00+00:00
[2024-12-27T01:58:34.168+0000] {logging_mixin.py:190} INFO - [2024-12-27T01:58:34.168+0000] {dag.py:4180} INFO - Setting next_dagrun for dataset_with_extra_from_classic_operator to 2024-12-26 00:00:00+00:00, run_after=2024-12-27 00:00:00+00:00
[2024-12-27T01:58:34.197+0000] {processor.py:208} INFO - Processing /home/airflow/.local/lib/python3.12/site-packages/airflow/example_dags/example_outlet_event_extra.py took 0.730 seconds
[2024-12-27T01:59:04.939+0000] {processor.py:186} INFO - Started process (PID=406) to work on /home/airflow/.local/lib/python3.12/site-packages/airflow/example_dags/example_outlet_event_extra.py
[2024-12-27T01:59:04.940+0000] {processor.py:914} INFO - Processing file /home/airflow/.local/lib/python3.12/site-packages/airflow/example_dags/example_outlet_event_extra.py for tasks to queue
[2024-12-27T01:59:04.943+0000] {logging_mixin.py:190} INFO - [2024-12-27T01:59:04.942+0000] {dagbag.py:588} INFO - Filling up the DagBag from /home/airflow/.local/lib/python3.12/site-packages/airflow/example_dags/example_outlet_event_extra.py
[2024-12-27T01:59:05.561+0000] {processor.py:925} INFO - DAG(s) 'dataset_with_extra_by_context', 'dataset_with_extra_by_yield', 'dataset_with_extra_from_classic_operator' retrieved from /home/airflow/.local/lib/python3.12/site-packages/airflow/example_dags/example_outlet_event_extra.py
[2024-12-27T01:59:05.593+0000] {logging_mixin.py:190} INFO - [2024-12-27T01:59:05.593+0000] {dag.py:3239} INFO - Sync 3 DAGs
[2024-12-27T01:59:05.624+0000] {logging_mixin.py:190} INFO - [2024-12-27T01:59:05.624+0000] {dag.py:4180} INFO - Setting next_dagrun for dataset_with_extra_by_context to 2024-12-26 00:00:00+00:00, run_after=2024-12-27 00:00:00+00:00
[2024-12-27T01:59:05.632+0000] {logging_mixin.py:190} INFO - [2024-12-27T01:59:05.632+0000] {dag.py:4180} INFO - Setting next_dagrun for dataset_with_extra_by_yield to 2024-12-26 00:00:00+00:00, run_after=2024-12-27 00:00:00+00:00
[2024-12-27T01:59:05.637+0000] {logging_mixin.py:190} INFO - [2024-12-27T01:59:05.636+0000] {dag.py:4180} INFO - Setting next_dagrun for dataset_with_extra_from_classic_operator to 2024-12-26 00:00:00+00:00, run_after=2024-12-27 00:00:00+00:00
[2024-12-27T01:59:05.677+0000] {processor.py:208} INFO - Processing /home/airflow/.local/lib/python3.12/site-packages/airflow/example_dags/example_outlet_event_extra.py took 0.744 seconds
[2024-12-27T01:59:36.499+0000] {processor.py:186} INFO - Started process (PID=469) to work on /home/airflow/.local/lib/python3.12/site-packages/airflow/example_dags/example_outlet_event_extra.py
[2024-12-27T01:59:36.501+0000] {processor.py:914} INFO - Processing file /home/airflow/.local/lib/python3.12/site-packages/airflow/example_dags/example_outlet_event_extra.py for tasks to queue
[2024-12-27T01:59:36.505+0000] {logging_mixin.py:190} INFO - [2024-12-27T01:59:36.505+0000] {dagbag.py:588} INFO - Filling up the DagBag from /home/airflow/.local/lib/python3.12/site-packages/airflow/example_dags/example_outlet_event_extra.py
[2024-12-27T01:59:37.108+0000] {processor.py:925} INFO - DAG(s) 'dataset_with_extra_by_yield', 'dataset_with_extra_from_classic_operator', 'dataset_with_extra_by_context' retrieved from /home/airflow/.local/lib/python3.12/site-packages/airflow/example_dags/example_outlet_event_extra.py
[2024-12-27T01:59:37.143+0000] {logging_mixin.py:190} INFO - [2024-12-27T01:59:37.143+0000] {dag.py:3239} INFO - Sync 3 DAGs
[2024-12-27T01:59:37.174+0000] {logging_mixin.py:190} INFO - [2024-12-27T01:59:37.173+0000] {dag.py:4180} INFO - Setting next_dagrun for dataset_with_extra_by_context to 2024-12-26 00:00:00+00:00, run_after=2024-12-27 00:00:00+00:00
[2024-12-27T01:59:37.182+0000] {logging_mixin.py:190} INFO - [2024-12-27T01:59:37.181+0000] {dag.py:4180} INFO - Setting next_dagrun for dataset_with_extra_by_yield to 2024-12-26 00:00:00+00:00, run_after=2024-12-27 00:00:00+00:00
[2024-12-27T01:59:37.186+0000] {logging_mixin.py:190} INFO - [2024-12-27T01:59:37.185+0000] {dag.py:4180} INFO - Setting next_dagrun for dataset_with_extra_from_classic_operator to 2024-12-26 00:00:00+00:00, run_after=2024-12-27 00:00:00+00:00
[2024-12-27T01:59:37.232+0000] {processor.py:208} INFO - Processing /home/airflow/.local/lib/python3.12/site-packages/airflow/example_dags/example_outlet_event_extra.py took 0.740 seconds
[2024-12-27T02:00:08.075+0000] {processor.py:186} INFO - Started process (PID=532) to work on /home/airflow/.local/lib/python3.12/site-packages/airflow/example_dags/example_outlet_event_extra.py
[2024-12-27T02:00:08.077+0000] {processor.py:914} INFO - Processing file /home/airflow/.local/lib/python3.12/site-packages/airflow/example_dags/example_outlet_event_extra.py for tasks to queue
[2024-12-27T02:00:08.079+0000] {logging_mixin.py:190} INFO - [2024-12-27T02:00:08.079+0000] {dagbag.py:588} INFO - Filling up the DagBag from /home/airflow/.local/lib/python3.12/site-packages/airflow/example_dags/example_outlet_event_extra.py
[2024-12-27T02:00:08.700+0000] {processor.py:925} INFO - DAG(s) 'dataset_with_extra_by_yield', 'dataset_with_extra_from_classic_operator', 'dataset_with_extra_by_context' retrieved from /home/airflow/.local/lib/python3.12/site-packages/airflow/example_dags/example_outlet_event_extra.py
[2024-12-27T02:00:08.732+0000] {logging_mixin.py:190} INFO - [2024-12-27T02:00:08.731+0000] {dag.py:3239} INFO - Sync 3 DAGs
[2024-12-27T02:00:08.765+0000] {logging_mixin.py:190} INFO - [2024-12-27T02:00:08.765+0000] {dag.py:4180} INFO - Setting next_dagrun for dataset_with_extra_by_context to 2024-12-26 00:00:00+00:00, run_after=2024-12-27 00:00:00+00:00
[2024-12-27T02:00:08.776+0000] {logging_mixin.py:190} INFO - [2024-12-27T02:00:08.775+0000] {dag.py:4180} INFO - Setting next_dagrun for dataset_with_extra_by_yield to 2024-12-26 00:00:00+00:00, run_after=2024-12-27 00:00:00+00:00
[2024-12-27T02:00:08.779+0000] {logging_mixin.py:190} INFO - [2024-12-27T02:00:08.779+0000] {dag.py:4180} INFO - Setting next_dagrun for dataset_with_extra_from_classic_operator to 2024-12-26 00:00:00+00:00, run_after=2024-12-27 00:00:00+00:00
[2024-12-27T02:00:08.813+0000] {processor.py:208} INFO - Processing /home/airflow/.local/lib/python3.12/site-packages/airflow/example_dags/example_outlet_event_extra.py took 0.743 seconds
[2024-12-27T02:00:39.350+0000] {processor.py:186} INFO - Started process (PID=595) to work on /home/airflow/.local/lib/python3.12/site-packages/airflow/example_dags/example_outlet_event_extra.py
[2024-12-27T02:00:39.351+0000] {processor.py:914} INFO - Processing file /home/airflow/.local/lib/python3.12/site-packages/airflow/example_dags/example_outlet_event_extra.py for tasks to queue
[2024-12-27T02:00:39.354+0000] {logging_mixin.py:190} INFO - [2024-12-27T02:00:39.354+0000] {dagbag.py:588} INFO - Filling up the DagBag from /home/airflow/.local/lib/python3.12/site-packages/airflow/example_dags/example_outlet_event_extra.py
[2024-12-27T02:00:40.001+0000] {processor.py:925} INFO - DAG(s) 'dataset_with_extra_by_yield', 'dataset_with_extra_by_context', 'dataset_with_extra_from_classic_operator' retrieved from /home/airflow/.local/lib/python3.12/site-packages/airflow/example_dags/example_outlet_event_extra.py
[2024-12-27T02:00:40.038+0000] {logging_mixin.py:190} INFO - [2024-12-27T02:00:40.037+0000] {dag.py:3239} INFO - Sync 3 DAGs
[2024-12-27T02:00:40.065+0000] {logging_mixin.py:190} INFO - [2024-12-27T02:00:40.064+0000] {dag.py:4180} INFO - Setting next_dagrun for dataset_with_extra_by_context to 2024-12-26 00:00:00+00:00, run_after=2024-12-27 00:00:00+00:00
[2024-12-27T02:00:40.071+0000] {logging_mixin.py:190} INFO - [2024-12-27T02:00:40.071+0000] {dag.py:4180} INFO - Setting next_dagrun for dataset_with_extra_by_yield to 2024-12-26 00:00:00+00:00, run_after=2024-12-27 00:00:00+00:00
[2024-12-27T02:00:40.076+0000] {logging_mixin.py:190} INFO - [2024-12-27T02:00:40.075+0000] {dag.py:4180} INFO - Setting next_dagrun for dataset_with_extra_from_classic_operator to 2024-12-26 00:00:00+00:00, run_after=2024-12-27 00:00:00+00:00
[2024-12-27T02:00:40.109+0000] {processor.py:208} INFO - Processing /home/airflow/.local/lib/python3.12/site-packages/airflow/example_dags/example_outlet_event_extra.py took 0.764 seconds
[2024-12-27T02:01:10.195+0000] {processor.py:186} INFO - Started process (PID=657) to work on /home/airflow/.local/lib/python3.12/site-packages/airflow/example_dags/example_outlet_event_extra.py
[2024-12-27T02:01:10.197+0000] {processor.py:914} INFO - Processing file /home/airflow/.local/lib/python3.12/site-packages/airflow/example_dags/example_outlet_event_extra.py for tasks to queue
[2024-12-27T02:01:10.199+0000] {logging_mixin.py:190} INFO - [2024-12-27T02:01:10.199+0000] {dagbag.py:588} INFO - Filling up the DagBag from /home/airflow/.local/lib/python3.12/site-packages/airflow/example_dags/example_outlet_event_extra.py
[2024-12-27T02:01:10.728+0000] {processor.py:925} INFO - DAG(s) 'dataset_with_extra_by_yield', 'dataset_with_extra_by_context', 'dataset_with_extra_from_classic_operator' retrieved from /home/airflow/.local/lib/python3.12/site-packages/airflow/example_dags/example_outlet_event_extra.py
[2024-12-27T02:01:10.764+0000] {logging_mixin.py:190} INFO - [2024-12-27T02:01:10.764+0000] {dag.py:3239} INFO - Sync 3 DAGs
[2024-12-27T02:01:10.797+0000] {logging_mixin.py:190} INFO - [2024-12-27T02:01:10.797+0000] {dag.py:4180} INFO - Setting next_dagrun for dataset_with_extra_by_context to 2024-12-26 00:00:00+00:00, run_after=2024-12-27 00:00:00+00:00
[2024-12-27T02:01:10.805+0000] {logging_mixin.py:190} INFO - [2024-12-27T02:01:10.805+0000] {dag.py:4180} INFO - Setting next_dagrun for dataset_with_extra_by_yield to 2024-12-26 00:00:00+00:00, run_after=2024-12-27 00:00:00+00:00
[2024-12-27T02:01:10.809+0000] {logging_mixin.py:190} INFO - [2024-12-27T02:01:10.809+0000] {dag.py:4180} INFO - Setting next_dagrun for dataset_with_extra_from_classic_operator to 2024-12-26 00:00:00+00:00, run_after=2024-12-27 00:00:00+00:00
[2024-12-27T02:01:10.843+0000] {processor.py:208} INFO - Processing /home/airflow/.local/lib/python3.12/site-packages/airflow/example_dags/example_outlet_event_extra.py took 0.653 seconds
[2024-12-27T02:01:40.963+0000] {processor.py:186} INFO - Started process (PID=720) to work on /home/airflow/.local/lib/python3.12/site-packages/airflow/example_dags/example_outlet_event_extra.py
[2024-12-27T02:01:40.965+0000] {processor.py:914} INFO - Processing file /home/airflow/.local/lib/python3.12/site-packages/airflow/example_dags/example_outlet_event_extra.py for tasks to queue
[2024-12-27T02:01:40.968+0000] {logging_mixin.py:190} INFO - [2024-12-27T02:01:40.968+0000] {dagbag.py:588} INFO - Filling up the DagBag from /home/airflow/.local/lib/python3.12/site-packages/airflow/example_dags/example_outlet_event_extra.py
[2024-12-27T02:01:41.727+0000] {processor.py:925} INFO - DAG(s) 'dataset_with_extra_from_classic_operator', 'dataset_with_extra_by_context', 'dataset_with_extra_by_yield' retrieved from /home/airflow/.local/lib/python3.12/site-packages/airflow/example_dags/example_outlet_event_extra.py
[2024-12-27T02:01:41.804+0000] {logging_mixin.py:190} INFO - [2024-12-27T02:01:41.804+0000] {dag.py:3239} INFO - Sync 3 DAGs
[2024-12-27T02:01:41.876+0000] {logging_mixin.py:190} INFO - [2024-12-27T02:01:41.875+0000] {dag.py:4180} INFO - Setting next_dagrun for dataset_with_extra_by_context to 2024-12-26 00:00:00+00:00, run_after=2024-12-27 00:00:00+00:00
[2024-12-27T02:01:41.886+0000] {logging_mixin.py:190} INFO - [2024-12-27T02:01:41.886+0000] {dag.py:4180} INFO - Setting next_dagrun for dataset_with_extra_by_yield to 2024-12-26 00:00:00+00:00, run_after=2024-12-27 00:00:00+00:00
[2024-12-27T02:01:41.892+0000] {logging_mixin.py:190} INFO - [2024-12-27T02:01:41.891+0000] {dag.py:4180} INFO - Setting next_dagrun for dataset_with_extra_from_classic_operator to 2024-12-26 00:00:00+00:00, run_after=2024-12-27 00:00:00+00:00
[2024-12-27T02:01:41.940+0000] {processor.py:208} INFO - Processing /home/airflow/.local/lib/python3.12/site-packages/airflow/example_dags/example_outlet_event_extra.py took 0.982 seconds
[2024-12-27T02:02:12.732+0000] {processor.py:186} INFO - Started process (PID=783) to work on /home/airflow/.local/lib/python3.12/site-packages/airflow/example_dags/example_outlet_event_extra.py
[2024-12-27T02:02:12.733+0000] {processor.py:914} INFO - Processing file /home/airflow/.local/lib/python3.12/site-packages/airflow/example_dags/example_outlet_event_extra.py for tasks to queue
[2024-12-27T02:02:12.736+0000] {logging_mixin.py:190} INFO - [2024-12-27T02:02:12.736+0000] {dagbag.py:588} INFO - Filling up the DagBag from /home/airflow/.local/lib/python3.12/site-packages/airflow/example_dags/example_outlet_event_extra.py
[2024-12-27T02:02:13.490+0000] {processor.py:925} INFO - DAG(s) 'dataset_with_extra_by_context', 'dataset_with_extra_by_yield', 'dataset_with_extra_from_classic_operator' retrieved from /home/airflow/.local/lib/python3.12/site-packages/airflow/example_dags/example_outlet_event_extra.py
[2024-12-27T02:02:13.526+0000] {logging_mixin.py:190} INFO - [2024-12-27T02:02:13.526+0000] {dag.py:3239} INFO - Sync 3 DAGs
[2024-12-27T02:02:13.564+0000] {logging_mixin.py:190} INFO - [2024-12-27T02:02:13.563+0000] {dag.py:4180} INFO - Setting next_dagrun for dataset_with_extra_by_context to 2024-12-26 00:00:00+00:00, run_after=2024-12-27 00:00:00+00:00
[2024-12-27T02:02:13.572+0000] {logging_mixin.py:190} INFO - [2024-12-27T02:02:13.571+0000] {dag.py:4180} INFO - Setting next_dagrun for dataset_with_extra_by_yield to 2024-12-26 00:00:00+00:00, run_after=2024-12-27 00:00:00+00:00
[2024-12-27T02:02:13.576+0000] {logging_mixin.py:190} INFO - [2024-12-27T02:02:13.576+0000] {dag.py:4180} INFO - Setting next_dagrun for dataset_with_extra_from_classic_operator to 2024-12-26 00:00:00+00:00, run_after=2024-12-27 00:00:00+00:00
[2024-12-27T02:02:13.611+0000] {processor.py:208} INFO - Processing /home/airflow/.local/lib/python3.12/site-packages/airflow/example_dags/example_outlet_event_extra.py took 0.885 seconds
[2024-12-27T02:02:44.219+0000] {processor.py:186} INFO - Started process (PID=847) to work on /home/airflow/.local/lib/python3.12/site-packages/airflow/example_dags/example_outlet_event_extra.py
[2024-12-27T02:02:44.221+0000] {processor.py:914} INFO - Processing file /home/airflow/.local/lib/python3.12/site-packages/airflow/example_dags/example_outlet_event_extra.py for tasks to queue
[2024-12-27T02:02:44.224+0000] {logging_mixin.py:190} INFO - [2024-12-27T02:02:44.224+0000] {dagbag.py:588} INFO - Filling up the DagBag from /home/airflow/.local/lib/python3.12/site-packages/airflow/example_dags/example_outlet_event_extra.py
[2024-12-27T02:02:44.849+0000] {processor.py:925} INFO - DAG(s) 'dataset_with_extra_by_yield', 'dataset_with_extra_by_context', 'dataset_with_extra_from_classic_operator' retrieved from /home/airflow/.local/lib/python3.12/site-packages/airflow/example_dags/example_outlet_event_extra.py
[2024-12-27T02:02:44.889+0000] {logging_mixin.py:190} INFO - [2024-12-27T02:02:44.889+0000] {dag.py:3239} INFO - Sync 3 DAGs
[2024-12-27T02:02:44.929+0000] {logging_mixin.py:190} INFO - [2024-12-27T02:02:44.929+0000] {dag.py:4180} INFO - Setting next_dagrun for dataset_with_extra_by_context to 2024-12-26 00:00:00+00:00, run_after=2024-12-27 00:00:00+00:00
[2024-12-27T02:02:44.938+0000] {logging_mixin.py:190} INFO - [2024-12-27T02:02:44.937+0000] {dag.py:4180} INFO - Setting next_dagrun for dataset_with_extra_by_yield to 2024-12-26 00:00:00+00:00, run_after=2024-12-27 00:00:00+00:00
[2024-12-27T02:02:44.942+0000] {logging_mixin.py:190} INFO - [2024-12-27T02:02:44.942+0000] {dag.py:4180} INFO - Setting next_dagrun for dataset_with_extra_from_classic_operator to 2024-12-26 00:00:00+00:00, run_after=2024-12-27 00:00:00+00:00
[2024-12-27T02:02:44.987+0000] {processor.py:208} INFO - Processing /home/airflow/.local/lib/python3.12/site-packages/airflow/example_dags/example_outlet_event_extra.py took 0.773 seconds
[2024-12-27T02:03:15.337+0000] {processor.py:186} INFO - Started process (PID=914) to work on /home/airflow/.local/lib/python3.12/site-packages/airflow/example_dags/example_outlet_event_extra.py
[2024-12-27T02:03:15.339+0000] {processor.py:914} INFO - Processing file /home/airflow/.local/lib/python3.12/site-packages/airflow/example_dags/example_outlet_event_extra.py for tasks to queue
[2024-12-27T02:03:15.342+0000] {logging_mixin.py:190} INFO - [2024-12-27T02:03:15.342+0000] {dagbag.py:588} INFO - Filling up the DagBag from /home/airflow/.local/lib/python3.12/site-packages/airflow/example_dags/example_outlet_event_extra.py
[2024-12-27T02:03:16.110+0000] {processor.py:925} INFO - DAG(s) 'dataset_with_extra_by_context', 'dataset_with_extra_from_classic_operator', 'dataset_with_extra_by_yield' retrieved from /home/airflow/.local/lib/python3.12/site-packages/airflow/example_dags/example_outlet_event_extra.py
[2024-12-27T02:03:16.145+0000] {logging_mixin.py:190} INFO - [2024-12-27T02:03:16.144+0000] {dag.py:3239} INFO - Sync 3 DAGs
[2024-12-27T02:03:16.173+0000] {logging_mixin.py:190} INFO - [2024-12-27T02:03:16.173+0000] {dag.py:4180} INFO - Setting next_dagrun for dataset_with_extra_by_context to 2024-12-26 00:00:00+00:00, run_after=2024-12-27 00:00:00+00:00
[2024-12-27T02:03:16.179+0000] {logging_mixin.py:190} INFO - [2024-12-27T02:03:16.179+0000] {dag.py:4180} INFO - Setting next_dagrun for dataset_with_extra_by_yield to 2024-12-26 00:00:00+00:00, run_after=2024-12-27 00:00:00+00:00
[2024-12-27T02:03:16.184+0000] {logging_mixin.py:190} INFO - [2024-12-27T02:03:16.183+0000] {dag.py:4180} INFO - Setting next_dagrun for dataset_with_extra_from_classic_operator to 2024-12-26 00:00:00+00:00, run_after=2024-12-27 00:00:00+00:00
[2024-12-27T02:03:16.215+0000] {processor.py:208} INFO - Processing /home/airflow/.local/lib/python3.12/site-packages/airflow/example_dags/example_outlet_event_extra.py took 0.885 seconds
[2024-12-27T02:03:46.790+0000] {processor.py:186} INFO - Started process (PID=978) to work on /home/airflow/.local/lib/python3.12/site-packages/airflow/example_dags/example_outlet_event_extra.py
[2024-12-27T02:03:46.791+0000] {processor.py:914} INFO - Processing file /home/airflow/.local/lib/python3.12/site-packages/airflow/example_dags/example_outlet_event_extra.py for tasks to queue
[2024-12-27T02:03:46.795+0000] {logging_mixin.py:190} INFO - [2024-12-27T02:03:46.794+0000] {dagbag.py:588} INFO - Filling up the DagBag from /home/airflow/.local/lib/python3.12/site-packages/airflow/example_dags/example_outlet_event_extra.py
[2024-12-27T02:03:47.613+0000] {processor.py:925} INFO - DAG(s) 'dataset_with_extra_by_context', 'dataset_with_extra_from_classic_operator', 'dataset_with_extra_by_yield' retrieved from /home/airflow/.local/lib/python3.12/site-packages/airflow/example_dags/example_outlet_event_extra.py
[2024-12-27T02:03:47.646+0000] {logging_mixin.py:190} INFO - [2024-12-27T02:03:47.646+0000] {dag.py:3239} INFO - Sync 3 DAGs
[2024-12-27T02:03:47.689+0000] {logging_mixin.py:190} INFO - [2024-12-27T02:03:47.688+0000] {dag.py:4180} INFO - Setting next_dagrun for dataset_with_extra_by_context to 2024-12-26 00:00:00+00:00, run_after=2024-12-27 00:00:00+00:00
[2024-12-27T02:03:47.696+0000] {logging_mixin.py:190} INFO - [2024-12-27T02:03:47.695+0000] {dag.py:4180} INFO - Setting next_dagrun for dataset_with_extra_by_yield to 2024-12-26 00:00:00+00:00, run_after=2024-12-27 00:00:00+00:00
[2024-12-27T02:03:47.701+0000] {logging_mixin.py:190} INFO - [2024-12-27T02:03:47.701+0000] {dag.py:4180} INFO - Setting next_dagrun for dataset_with_extra_from_classic_operator to 2024-12-26 00:00:00+00:00, run_after=2024-12-27 00:00:00+00:00
[2024-12-27T02:03:47.856+0000] {processor.py:208} INFO - Processing /home/airflow/.local/lib/python3.12/site-packages/airflow/example_dags/example_outlet_event_extra.py took 1.075 seconds
[2024-12-27T02:04:18.428+0000] {processor.py:186} INFO - Started process (PID=1044) to work on /home/airflow/.local/lib/python3.12/site-packages/airflow/example_dags/example_outlet_event_extra.py
[2024-12-27T02:04:18.429+0000] {processor.py:914} INFO - Processing file /home/airflow/.local/lib/python3.12/site-packages/airflow/example_dags/example_outlet_event_extra.py for tasks to queue
[2024-12-27T02:04:18.432+0000] {logging_mixin.py:190} INFO - [2024-12-27T02:04:18.431+0000] {dagbag.py:588} INFO - Filling up the DagBag from /home/airflow/.local/lib/python3.12/site-packages/airflow/example_dags/example_outlet_event_extra.py
[2024-12-27T02:04:19.031+0000] {processor.py:925} INFO - DAG(s) 'dataset_with_extra_by_context', 'dataset_with_extra_from_classic_operator', 'dataset_with_extra_by_yield' retrieved from /home/airflow/.local/lib/python3.12/site-packages/airflow/example_dags/example_outlet_event_extra.py
[2024-12-27T02:04:19.063+0000] {logging_mixin.py:190} INFO - [2024-12-27T02:04:19.062+0000] {dag.py:3239} INFO - Sync 3 DAGs
[2024-12-27T02:04:19.092+0000] {logging_mixin.py:190} INFO - [2024-12-27T02:04:19.091+0000] {dag.py:4180} INFO - Setting next_dagrun for dataset_with_extra_by_context to 2024-12-26 00:00:00+00:00, run_after=2024-12-27 00:00:00+00:00
[2024-12-27T02:04:19.098+0000] {logging_mixin.py:190} INFO - [2024-12-27T02:04:19.098+0000] {dag.py:4180} INFO - Setting next_dagrun for dataset_with_extra_by_yield to 2024-12-26 00:00:00+00:00, run_after=2024-12-27 00:00:00+00:00
[2024-12-27T02:04:19.103+0000] {logging_mixin.py:190} INFO - [2024-12-27T02:04:19.103+0000] {dag.py:4180} INFO - Setting next_dagrun for dataset_with_extra_from_classic_operator to 2024-12-26 00:00:00+00:00, run_after=2024-12-27 00:00:00+00:00
[2024-12-27T02:04:19.135+0000] {processor.py:208} INFO - Processing /home/airflow/.local/lib/python3.12/site-packages/airflow/example_dags/example_outlet_event_extra.py took 0.713 seconds
[2024-12-27T02:04:49.934+0000] {processor.py:186} INFO - Started process (PID=1108) to work on /home/airflow/.local/lib/python3.12/site-packages/airflow/example_dags/example_outlet_event_extra.py
[2024-12-27T02:04:49.935+0000] {processor.py:914} INFO - Processing file /home/airflow/.local/lib/python3.12/site-packages/airflow/example_dags/example_outlet_event_extra.py for tasks to queue
[2024-12-27T02:04:49.939+0000] {logging_mixin.py:190} INFO - [2024-12-27T02:04:49.938+0000] {dagbag.py:588} INFO - Filling up the DagBag from /home/airflow/.local/lib/python3.12/site-packages/airflow/example_dags/example_outlet_event_extra.py
[2024-12-27T02:04:50.588+0000] {processor.py:925} INFO - DAG(s) 'dataset_with_extra_by_context', 'dataset_with_extra_from_classic_operator', 'dataset_with_extra_by_yield' retrieved from /home/airflow/.local/lib/python3.12/site-packages/airflow/example_dags/example_outlet_event_extra.py
[2024-12-27T02:04:50.626+0000] {logging_mixin.py:190} INFO - [2024-12-27T02:04:50.625+0000] {dag.py:3239} INFO - Sync 3 DAGs
[2024-12-27T02:04:50.658+0000] {logging_mixin.py:190} INFO - [2024-12-27T02:04:50.658+0000] {dag.py:4180} INFO - Setting next_dagrun for dataset_with_extra_by_context to 2024-12-26 00:00:00+00:00, run_after=2024-12-27 00:00:00+00:00
[2024-12-27T02:04:50.664+0000] {logging_mixin.py:190} INFO - [2024-12-27T02:04:50.664+0000] {dag.py:4180} INFO - Setting next_dagrun for dataset_with_extra_by_yield to 2024-12-26 00:00:00+00:00, run_after=2024-12-27 00:00:00+00:00
[2024-12-27T02:04:50.669+0000] {logging_mixin.py:190} INFO - [2024-12-27T02:04:50.669+0000] {dag.py:4180} INFO - Setting next_dagrun for dataset_with_extra_from_classic_operator to 2024-12-26 00:00:00+00:00, run_after=2024-12-27 00:00:00+00:00
[2024-12-27T02:04:50.700+0000] {processor.py:208} INFO - Processing /home/airflow/.local/lib/python3.12/site-packages/airflow/example_dags/example_outlet_event_extra.py took 0.773 seconds
[2024-12-27T02:05:20.874+0000] {processor.py:186} INFO - Started process (PID=1175) to work on /home/airflow/.local/lib/python3.12/site-packages/airflow/example_dags/example_outlet_event_extra.py
[2024-12-27T02:05:20.876+0000] {processor.py:914} INFO - Processing file /home/airflow/.local/lib/python3.12/site-packages/airflow/example_dags/example_outlet_event_extra.py for tasks to queue
[2024-12-27T02:05:20.879+0000] {logging_mixin.py:190} INFO - [2024-12-27T02:05:20.878+0000] {dagbag.py:588} INFO - Filling up the DagBag from /home/airflow/.local/lib/python3.12/site-packages/airflow/example_dags/example_outlet_event_extra.py
[2024-12-27T02:05:21.462+0000] {processor.py:925} INFO - DAG(s) 'dataset_with_extra_by_yield', 'dataset_with_extra_from_classic_operator', 'dataset_with_extra_by_context' retrieved from /home/airflow/.local/lib/python3.12/site-packages/airflow/example_dags/example_outlet_event_extra.py
[2024-12-27T02:05:21.496+0000] {logging_mixin.py:190} INFO - [2024-12-27T02:05:21.496+0000] {dag.py:3239} INFO - Sync 3 DAGs
[2024-12-27T02:05:21.522+0000] {logging_mixin.py:190} INFO - [2024-12-27T02:05:21.521+0000] {dag.py:4180} INFO - Setting next_dagrun for dataset_with_extra_by_context to 2024-12-26 00:00:00+00:00, run_after=2024-12-27 00:00:00+00:00
[2024-12-27T02:05:21.529+0000] {logging_mixin.py:190} INFO - [2024-12-27T02:05:21.528+0000] {dag.py:4180} INFO - Setting next_dagrun for dataset_with_extra_by_yield to 2024-12-26 00:00:00+00:00, run_after=2024-12-27 00:00:00+00:00
[2024-12-27T02:05:21.533+0000] {logging_mixin.py:190} INFO - [2024-12-27T02:05:21.533+0000] {dag.py:4180} INFO - Setting next_dagrun for dataset_with_extra_from_classic_operator to 2024-12-26 00:00:00+00:00, run_after=2024-12-27 00:00:00+00:00
[2024-12-27T02:05:21.570+0000] {processor.py:208} INFO - Processing /home/airflow/.local/lib/python3.12/site-packages/airflow/example_dags/example_outlet_event_extra.py took 0.701 seconds
[2024-12-27T02:05:52.192+0000] {processor.py:186} INFO - Started process (PID=1239) to work on /home/airflow/.local/lib/python3.12/site-packages/airflow/example_dags/example_outlet_event_extra.py
[2024-12-27T02:05:52.193+0000] {processor.py:914} INFO - Processing file /home/airflow/.local/lib/python3.12/site-packages/airflow/example_dags/example_outlet_event_extra.py for tasks to queue
[2024-12-27T02:05:52.196+0000] {logging_mixin.py:190} INFO - [2024-12-27T02:05:52.196+0000] {dagbag.py:588} INFO - Filling up the DagBag from /home/airflow/.local/lib/python3.12/site-packages/airflow/example_dags/example_outlet_event_extra.py
[2024-12-27T02:05:52.741+0000] {processor.py:925} INFO - DAG(s) 'dataset_with_extra_by_context', 'dataset_with_extra_from_classic_operator', 'dataset_with_extra_by_yield' retrieved from /home/airflow/.local/lib/python3.12/site-packages/airflow/example_dags/example_outlet_event_extra.py
[2024-12-27T02:05:52.775+0000] {logging_mixin.py:190} INFO - [2024-12-27T02:05:52.775+0000] {dag.py:3239} INFO - Sync 3 DAGs
[2024-12-27T02:05:52.802+0000] {logging_mixin.py:190} INFO - [2024-12-27T02:05:52.802+0000] {dag.py:4180} INFO - Setting next_dagrun for dataset_with_extra_by_context to 2024-12-26 00:00:00+00:00, run_after=2024-12-27 00:00:00+00:00
[2024-12-27T02:05:52.809+0000] {logging_mixin.py:190} INFO - [2024-12-27T02:05:52.808+0000] {dag.py:4180} INFO - Setting next_dagrun for dataset_with_extra_by_yield to 2024-12-26 00:00:00+00:00, run_after=2024-12-27 00:00:00+00:00
[2024-12-27T02:05:52.813+0000] {logging_mixin.py:190} INFO - [2024-12-27T02:05:52.813+0000] {dag.py:4180} INFO - Setting next_dagrun for dataset_with_extra_from_classic_operator to 2024-12-26 00:00:00+00:00, run_after=2024-12-27 00:00:00+00:00
[2024-12-27T02:05:52.841+0000] {processor.py:208} INFO - Processing /home/airflow/.local/lib/python3.12/site-packages/airflow/example_dags/example_outlet_event_extra.py took 0.654 seconds
[2024-12-27T02:06:23.726+0000] {processor.py:186} INFO - Started process (PID=1309) to work on /home/airflow/.local/lib/python3.12/site-packages/airflow/example_dags/example_outlet_event_extra.py
[2024-12-27T02:06:23.727+0000] {processor.py:914} INFO - Processing file /home/airflow/.local/lib/python3.12/site-packages/airflow/example_dags/example_outlet_event_extra.py for tasks to queue
[2024-12-27T02:06:23.731+0000] {logging_mixin.py:190} INFO - [2024-12-27T02:06:23.730+0000] {dagbag.py:588} INFO - Filling up the DagBag from /home/airflow/.local/lib/python3.12/site-packages/airflow/example_dags/example_outlet_event_extra.py
[2024-12-27T02:06:24.368+0000] {processor.py:925} INFO - DAG(s) 'dataset_with_extra_by_context', 'dataset_with_extra_from_classic_operator', 'dataset_with_extra_by_yield' retrieved from /home/airflow/.local/lib/python3.12/site-packages/airflow/example_dags/example_outlet_event_extra.py
[2024-12-27T02:06:24.413+0000] {logging_mixin.py:190} INFO - [2024-12-27T02:06:24.412+0000] {dag.py:3239} INFO - Sync 3 DAGs
[2024-12-27T02:06:24.451+0000] {logging_mixin.py:190} INFO - [2024-12-27T02:06:24.451+0000] {dag.py:4180} INFO - Setting next_dagrun for dataset_with_extra_by_context to 2024-12-26 00:00:00+00:00, run_after=2024-12-27 00:00:00+00:00
[2024-12-27T02:06:24.463+0000] {logging_mixin.py:190} INFO - [2024-12-27T02:06:24.462+0000] {dag.py:4180} INFO - Setting next_dagrun for dataset_with_extra_by_yield to 2024-12-26 00:00:00+00:00, run_after=2024-12-27 00:00:00+00:00
[2024-12-27T02:06:24.469+0000] {logging_mixin.py:190} INFO - [2024-12-27T02:06:24.469+0000] {dag.py:4180} INFO - Setting next_dagrun for dataset_with_extra_from_classic_operator to 2024-12-26 00:00:00+00:00, run_after=2024-12-27 00:00:00+00:00
[2024-12-27T02:06:24.531+0000] {processor.py:208} INFO - Processing /home/airflow/.local/lib/python3.12/site-packages/airflow/example_dags/example_outlet_event_extra.py took 0.810 seconds
[2024-12-27T02:06:54.666+0000] {processor.py:186} INFO - Started process (PID=1372) to work on /home/airflow/.local/lib/python3.12/site-packages/airflow/example_dags/example_outlet_event_extra.py
[2024-12-27T02:06:54.668+0000] {processor.py:914} INFO - Processing file /home/airflow/.local/lib/python3.12/site-packages/airflow/example_dags/example_outlet_event_extra.py for tasks to queue
[2024-12-27T02:06:54.672+0000] {logging_mixin.py:190} INFO - [2024-12-27T02:06:54.671+0000] {dagbag.py:588} INFO - Filling up the DagBag from /home/airflow/.local/lib/python3.12/site-packages/airflow/example_dags/example_outlet_event_extra.py
[2024-12-27T02:06:55.490+0000] {processor.py:925} INFO - DAG(s) 'dataset_with_extra_from_classic_operator', 'dataset_with_extra_by_context', 'dataset_with_extra_by_yield' retrieved from /home/airflow/.local/lib/python3.12/site-packages/airflow/example_dags/example_outlet_event_extra.py
[2024-12-27T02:06:55.522+0000] {logging_mixin.py:190} INFO - [2024-12-27T02:06:55.521+0000] {dag.py:3239} INFO - Sync 3 DAGs
[2024-12-27T02:06:55.549+0000] {logging_mixin.py:190} INFO - [2024-12-27T02:06:55.549+0000] {dag.py:4180} INFO - Setting next_dagrun for dataset_with_extra_by_context to 2024-12-26 00:00:00+00:00, run_after=2024-12-27 00:00:00+00:00
[2024-12-27T02:06:55.556+0000] {logging_mixin.py:190} INFO - [2024-12-27T02:06:55.556+0000] {dag.py:4180} INFO - Setting next_dagrun for dataset_with_extra_by_yield to 2024-12-26 00:00:00+00:00, run_after=2024-12-27 00:00:00+00:00
[2024-12-27T02:06:55.560+0000] {logging_mixin.py:190} INFO - [2024-12-27T02:06:55.560+0000] {dag.py:4180} INFO - Setting next_dagrun for dataset_with_extra_from_classic_operator to 2024-12-26 00:00:00+00:00, run_after=2024-12-27 00:00:00+00:00
[2024-12-27T02:06:55.589+0000] {processor.py:208} INFO - Processing /home/airflow/.local/lib/python3.12/site-packages/airflow/example_dags/example_outlet_event_extra.py took 0.932 seconds
[2024-12-27T02:07:25.747+0000] {processor.py:186} INFO - Started process (PID=1440) to work on /home/airflow/.local/lib/python3.12/site-packages/airflow/example_dags/example_outlet_event_extra.py
[2024-12-27T02:07:25.748+0000] {processor.py:914} INFO - Processing file /home/airflow/.local/lib/python3.12/site-packages/airflow/example_dags/example_outlet_event_extra.py for tasks to queue
[2024-12-27T02:07:25.752+0000] {logging_mixin.py:190} INFO - [2024-12-27T02:07:25.751+0000] {dagbag.py:588} INFO - Filling up the DagBag from /home/airflow/.local/lib/python3.12/site-packages/airflow/example_dags/example_outlet_event_extra.py
[2024-12-27T02:07:26.328+0000] {processor.py:925} INFO - DAG(s) 'dataset_with_extra_by_context', 'dataset_with_extra_by_yield', 'dataset_with_extra_from_classic_operator' retrieved from /home/airflow/.local/lib/python3.12/site-packages/airflow/example_dags/example_outlet_event_extra.py
[2024-12-27T02:07:26.363+0000] {logging_mixin.py:190} INFO - [2024-12-27T02:07:26.362+0000] {dag.py:3239} INFO - Sync 3 DAGs
[2024-12-27T02:07:26.391+0000] {logging_mixin.py:190} INFO - [2024-12-27T02:07:26.390+0000] {dag.py:4180} INFO - Setting next_dagrun for dataset_with_extra_by_context to 2024-12-26 00:00:00+00:00, run_after=2024-12-27 00:00:00+00:00
[2024-12-27T02:07:26.398+0000] {logging_mixin.py:190} INFO - [2024-12-27T02:07:26.397+0000] {dag.py:4180} INFO - Setting next_dagrun for dataset_with_extra_by_yield to 2024-12-26 00:00:00+00:00, run_after=2024-12-27 00:00:00+00:00
[2024-12-27T02:07:26.402+0000] {logging_mixin.py:190} INFO - [2024-12-27T02:07:26.402+0000] {dag.py:4180} INFO - Setting next_dagrun for dataset_with_extra_from_classic_operator to 2024-12-26 00:00:00+00:00, run_after=2024-12-27 00:00:00+00:00
[2024-12-27T02:07:26.434+0000] {processor.py:208} INFO - Processing /home/airflow/.local/lib/python3.12/site-packages/airflow/example_dags/example_outlet_event_extra.py took 0.693 seconds
[2024-12-27T02:07:56.598+0000] {processor.py:186} INFO - Started process (PID=1508) to work on /home/airflow/.local/lib/python3.12/site-packages/airflow/example_dags/example_outlet_event_extra.py
[2024-12-27T02:07:56.599+0000] {processor.py:914} INFO - Processing file /home/airflow/.local/lib/python3.12/site-packages/airflow/example_dags/example_outlet_event_extra.py for tasks to queue
[2024-12-27T02:07:56.603+0000] {logging_mixin.py:190} INFO - [2024-12-27T02:07:56.602+0000] {dagbag.py:588} INFO - Filling up the DagBag from /home/airflow/.local/lib/python3.12/site-packages/airflow/example_dags/example_outlet_event_extra.py
[2024-12-27T02:07:57.157+0000] {processor.py:925} INFO - DAG(s) 'dataset_with_extra_by_context', 'dataset_with_extra_from_classic_operator', 'dataset_with_extra_by_yield' retrieved from /home/airflow/.local/lib/python3.12/site-packages/airflow/example_dags/example_outlet_event_extra.py
[2024-12-27T02:07:57.188+0000] {logging_mixin.py:190} INFO - [2024-12-27T02:07:57.188+0000] {dag.py:3239} INFO - Sync 3 DAGs
[2024-12-27T02:07:57.222+0000] {logging_mixin.py:190} INFO - [2024-12-27T02:07:57.222+0000] {dag.py:4180} INFO - Setting next_dagrun for dataset_with_extra_by_context to 2024-12-26 00:00:00+00:00, run_after=2024-12-27 00:00:00+00:00
[2024-12-27T02:07:57.228+0000] {logging_mixin.py:190} INFO - [2024-12-27T02:07:57.228+0000] {dag.py:4180} INFO - Setting next_dagrun for dataset_with_extra_by_yield to 2024-12-26 00:00:00+00:00, run_after=2024-12-27 00:00:00+00:00
[2024-12-27T02:07:57.232+0000] {logging_mixin.py:190} INFO - [2024-12-27T02:07:57.232+0000] {dag.py:4180} INFO - Setting next_dagrun for dataset_with_extra_from_classic_operator to 2024-12-26 00:00:00+00:00, run_after=2024-12-27 00:00:00+00:00
[2024-12-27T02:07:57.262+0000] {processor.py:208} INFO - Processing /home/airflow/.local/lib/python3.12/site-packages/airflow/example_dags/example_outlet_event_extra.py took 0.670 seconds
[2024-12-27T02:08:27.578+0000] {processor.py:186} INFO - Started process (PID=1574) to work on /home/airflow/.local/lib/python3.12/site-packages/airflow/example_dags/example_outlet_event_extra.py
[2024-12-27T02:08:27.580+0000] {processor.py:914} INFO - Processing file /home/airflow/.local/lib/python3.12/site-packages/airflow/example_dags/example_outlet_event_extra.py for tasks to queue
[2024-12-27T02:08:27.583+0000] {logging_mixin.py:190} INFO - [2024-12-27T02:08:27.582+0000] {dagbag.py:588} INFO - Filling up the DagBag from /home/airflow/.local/lib/python3.12/site-packages/airflow/example_dags/example_outlet_event_extra.py
[2024-12-27T02:08:28.211+0000] {processor.py:925} INFO - DAG(s) 'dataset_with_extra_from_classic_operator', 'dataset_with_extra_by_context', 'dataset_with_extra_by_yield' retrieved from /home/airflow/.local/lib/python3.12/site-packages/airflow/example_dags/example_outlet_event_extra.py
[2024-12-27T02:08:28.244+0000] {logging_mixin.py:190} INFO - [2024-12-27T02:08:28.243+0000] {dag.py:3239} INFO - Sync 3 DAGs
[2024-12-27T02:08:28.273+0000] {logging_mixin.py:190} INFO - [2024-12-27T02:08:28.273+0000] {dag.py:4180} INFO - Setting next_dagrun for dataset_with_extra_by_context to 2024-12-26 00:00:00+00:00, run_after=2024-12-27 00:00:00+00:00
[2024-12-27T02:08:28.280+0000] {logging_mixin.py:190} INFO - [2024-12-27T02:08:28.280+0000] {dag.py:4180} INFO - Setting next_dagrun for dataset_with_extra_by_yield to 2024-12-26 00:00:00+00:00, run_after=2024-12-27 00:00:00+00:00
[2024-12-27T02:08:28.284+0000] {logging_mixin.py:190} INFO - [2024-12-27T02:08:28.283+0000] {dag.py:4180} INFO - Setting next_dagrun for dataset_with_extra_from_classic_operator to 2024-12-26 00:00:00+00:00, run_after=2024-12-27 00:00:00+00:00
[2024-12-27T02:08:28.316+0000] {processor.py:208} INFO - Processing /home/airflow/.local/lib/python3.12/site-packages/airflow/example_dags/example_outlet_event_extra.py took 0.743 seconds
[2024-12-27T02:08:58.808+0000] {processor.py:186} INFO - Started process (PID=1637) to work on /home/airflow/.local/lib/python3.12/site-packages/airflow/example_dags/example_outlet_event_extra.py
[2024-12-27T02:08:58.810+0000] {processor.py:914} INFO - Processing file /home/airflow/.local/lib/python3.12/site-packages/airflow/example_dags/example_outlet_event_extra.py for tasks to queue
[2024-12-27T02:08:58.813+0000] {logging_mixin.py:190} INFO - [2024-12-27T02:08:58.812+0000] {dagbag.py:588} INFO - Filling up the DagBag from /home/airflow/.local/lib/python3.12/site-packages/airflow/example_dags/example_outlet_event_extra.py
[2024-12-27T02:08:59.349+0000] {processor.py:925} INFO - DAG(s) 'dataset_with_extra_from_classic_operator', 'dataset_with_extra_by_context', 'dataset_with_extra_by_yield' retrieved from /home/airflow/.local/lib/python3.12/site-packages/airflow/example_dags/example_outlet_event_extra.py
[2024-12-27T02:08:59.381+0000] {logging_mixin.py:190} INFO - [2024-12-27T02:08:59.380+0000] {dag.py:3239} INFO - Sync 3 DAGs
[2024-12-27T02:08:59.408+0000] {logging_mixin.py:190} INFO - [2024-12-27T02:08:59.407+0000] {dag.py:4180} INFO - Setting next_dagrun for dataset_with_extra_by_context to 2024-12-26 00:00:00+00:00, run_after=2024-12-27 00:00:00+00:00
[2024-12-27T02:08:59.415+0000] {logging_mixin.py:190} INFO - [2024-12-27T02:08:59.414+0000] {dag.py:4180} INFO - Setting next_dagrun for dataset_with_extra_by_yield to 2024-12-26 00:00:00+00:00, run_after=2024-12-27 00:00:00+00:00
[2024-12-27T02:08:59.420+0000] {logging_mixin.py:190} INFO - [2024-12-27T02:08:59.420+0000] {dag.py:4180} INFO - Setting next_dagrun for dataset_with_extra_from_classic_operator to 2024-12-26 00:00:00+00:00, run_after=2024-12-27 00:00:00+00:00
[2024-12-27T02:08:59.453+0000] {processor.py:208} INFO - Processing /home/airflow/.local/lib/python3.12/site-packages/airflow/example_dags/example_outlet_event_extra.py took 0.649 seconds
[2024-12-27T02:09:29.519+0000] {processor.py:186} INFO - Started process (PID=1700) to work on /home/airflow/.local/lib/python3.12/site-packages/airflow/example_dags/example_outlet_event_extra.py
[2024-12-27T02:09:29.521+0000] {processor.py:914} INFO - Processing file /home/airflow/.local/lib/python3.12/site-packages/airflow/example_dags/example_outlet_event_extra.py for tasks to queue
[2024-12-27T02:09:29.524+0000] {logging_mixin.py:190} INFO - [2024-12-27T02:09:29.524+0000] {dagbag.py:588} INFO - Filling up the DagBag from /home/airflow/.local/lib/python3.12/site-packages/airflow/example_dags/example_outlet_event_extra.py
[2024-12-27T02:09:30.117+0000] {processor.py:925} INFO - DAG(s) 'dataset_with_extra_from_classic_operator', 'dataset_with_extra_by_context', 'dataset_with_extra_by_yield' retrieved from /home/airflow/.local/lib/python3.12/site-packages/airflow/example_dags/example_outlet_event_extra.py
[2024-12-27T02:09:30.151+0000] {logging_mixin.py:190} INFO - [2024-12-27T02:09:30.150+0000] {dag.py:3239} INFO - Sync 3 DAGs
[2024-12-27T02:09:30.176+0000] {logging_mixin.py:190} INFO - [2024-12-27T02:09:30.176+0000] {dag.py:4180} INFO - Setting next_dagrun for dataset_with_extra_by_context to 2024-12-26 00:00:00+00:00, run_after=2024-12-27 00:00:00+00:00
[2024-12-27T02:09:30.182+0000] {logging_mixin.py:190} INFO - [2024-12-27T02:09:30.182+0000] {dag.py:4180} INFO - Setting next_dagrun for dataset_with_extra_by_yield to 2024-12-26 00:00:00+00:00, run_after=2024-12-27 00:00:00+00:00
[2024-12-27T02:09:30.187+0000] {logging_mixin.py:190} INFO - [2024-12-27T02:09:30.186+0000] {dag.py:4180} INFO - Setting next_dagrun for dataset_with_extra_from_classic_operator to 2024-12-26 00:00:00+00:00, run_after=2024-12-27 00:00:00+00:00
[2024-12-27T02:09:30.226+0000] {processor.py:208} INFO - Processing /home/airflow/.local/lib/python3.12/site-packages/airflow/example_dags/example_outlet_event_extra.py took 0.713 seconds
[2024-12-27T02:10:00.295+0000] {processor.py:186} INFO - Started process (PID=1763) to work on /home/airflow/.local/lib/python3.12/site-packages/airflow/example_dags/example_outlet_event_extra.py
[2024-12-27T02:10:00.297+0000] {processor.py:914} INFO - Processing file /home/airflow/.local/lib/python3.12/site-packages/airflow/example_dags/example_outlet_event_extra.py for tasks to queue
[2024-12-27T02:10:00.299+0000] {logging_mixin.py:190} INFO - [2024-12-27T02:10:00.299+0000] {dagbag.py:588} INFO - Filling up the DagBag from /home/airflow/.local/lib/python3.12/site-packages/airflow/example_dags/example_outlet_event_extra.py
[2024-12-27T02:10:00.945+0000] {processor.py:925} INFO - DAG(s) 'dataset_with_extra_by_yield', 'dataset_with_extra_by_context', 'dataset_with_extra_from_classic_operator' retrieved from /home/airflow/.local/lib/python3.12/site-packages/airflow/example_dags/example_outlet_event_extra.py
[2024-12-27T02:10:00.993+0000] {logging_mixin.py:190} INFO - [2024-12-27T02:10:00.992+0000] {dag.py:3239} INFO - Sync 3 DAGs
[2024-12-27T02:10:01.038+0000] {logging_mixin.py:190} INFO - [2024-12-27T02:10:01.038+0000] {dag.py:4180} INFO - Setting next_dagrun for dataset_with_extra_by_context to 2024-12-26 00:00:00+00:00, run_after=2024-12-27 00:00:00+00:00
[2024-12-27T02:10:01.049+0000] {logging_mixin.py:190} INFO - [2024-12-27T02:10:01.048+0000] {dag.py:4180} INFO - Setting next_dagrun for dataset_with_extra_by_yield to 2024-12-26 00:00:00+00:00, run_after=2024-12-27 00:00:00+00:00
[2024-12-27T02:10:01.055+0000] {logging_mixin.py:190} INFO - [2024-12-27T02:10:01.055+0000] {dag.py:4180} INFO - Setting next_dagrun for dataset_with_extra_from_classic_operator to 2024-12-26 00:00:00+00:00, run_after=2024-12-27 00:00:00+00:00
[2024-12-27T02:10:01.098+0000] {processor.py:208} INFO - Processing /home/airflow/.local/lib/python3.12/site-packages/airflow/example_dags/example_outlet_event_extra.py took 0.809 seconds
[2024-12-27T02:10:31.420+0000] {processor.py:186} INFO - Started process (PID=1826) to work on /home/airflow/.local/lib/python3.12/site-packages/airflow/example_dags/example_outlet_event_extra.py
[2024-12-27T02:10:31.422+0000] {processor.py:914} INFO - Processing file /home/airflow/.local/lib/python3.12/site-packages/airflow/example_dags/example_outlet_event_extra.py for tasks to queue
[2024-12-27T02:10:31.425+0000] {logging_mixin.py:190} INFO - [2024-12-27T02:10:31.424+0000] {dagbag.py:588} INFO - Filling up the DagBag from /home/airflow/.local/lib/python3.12/site-packages/airflow/example_dags/example_outlet_event_extra.py
[2024-12-27T02:10:31.944+0000] {processor.py:925} INFO - DAG(s) 'dataset_with_extra_by_yield', 'dataset_with_extra_by_context', 'dataset_with_extra_from_classic_operator' retrieved from /home/airflow/.local/lib/python3.12/site-packages/airflow/example_dags/example_outlet_event_extra.py
[2024-12-27T02:10:31.976+0000] {logging_mixin.py:190} INFO - [2024-12-27T02:10:31.976+0000] {dag.py:3239} INFO - Sync 3 DAGs
[2024-12-27T02:10:32.006+0000] {logging_mixin.py:190} INFO - [2024-12-27T02:10:32.006+0000] {dag.py:4180} INFO - Setting next_dagrun for dataset_with_extra_by_context to 2024-12-26 00:00:00+00:00, run_after=2024-12-27 00:00:00+00:00
[2024-12-27T02:10:32.013+0000] {logging_mixin.py:190} INFO - [2024-12-27T02:10:32.012+0000] {dag.py:4180} INFO - Setting next_dagrun for dataset_with_extra_by_yield to 2024-12-26 00:00:00+00:00, run_after=2024-12-27 00:00:00+00:00
[2024-12-27T02:10:32.018+0000] {logging_mixin.py:190} INFO - [2024-12-27T02:10:32.017+0000] {dag.py:4180} INFO - Setting next_dagrun for dataset_with_extra_from_classic_operator to 2024-12-26 00:00:00+00:00, run_after=2024-12-27 00:00:00+00:00
[2024-12-27T02:10:32.056+0000] {processor.py:208} INFO - Processing /home/airflow/.local/lib/python3.12/site-packages/airflow/example_dags/example_outlet_event_extra.py took 0.640 seconds
[2024-12-27T02:11:02.969+0000] {processor.py:186} INFO - Started process (PID=1889) to work on /home/airflow/.local/lib/python3.12/site-packages/airflow/example_dags/example_outlet_event_extra.py
[2024-12-27T02:11:02.970+0000] {processor.py:914} INFO - Processing file /home/airflow/.local/lib/python3.12/site-packages/airflow/example_dags/example_outlet_event_extra.py for tasks to queue
[2024-12-27T02:11:02.974+0000] {logging_mixin.py:190} INFO - [2024-12-27T02:11:02.973+0000] {dagbag.py:588} INFO - Filling up the DagBag from /home/airflow/.local/lib/python3.12/site-packages/airflow/example_dags/example_outlet_event_extra.py
[2024-12-27T02:11:03.510+0000] {processor.py:925} INFO - DAG(s) 'dataset_with_extra_by_context', 'dataset_with_extra_from_classic_operator', 'dataset_with_extra_by_yield' retrieved from /home/airflow/.local/lib/python3.12/site-packages/airflow/example_dags/example_outlet_event_extra.py
[2024-12-27T02:11:03.542+0000] {logging_mixin.py:190} INFO - [2024-12-27T02:11:03.541+0000] {dag.py:3239} INFO - Sync 3 DAGs
[2024-12-27T02:11:03.570+0000] {logging_mixin.py:190} INFO - [2024-12-27T02:11:03.570+0000] {dag.py:4180} INFO - Setting next_dagrun for dataset_with_extra_by_context to 2024-12-26 00:00:00+00:00, run_after=2024-12-27 00:00:00+00:00
[2024-12-27T02:11:03.576+0000] {logging_mixin.py:190} INFO - [2024-12-27T02:11:03.576+0000] {dag.py:4180} INFO - Setting next_dagrun for dataset_with_extra_by_yield to 2024-12-26 00:00:00+00:00, run_after=2024-12-27 00:00:00+00:00
[2024-12-27T02:11:03.581+0000] {logging_mixin.py:190} INFO - [2024-12-27T02:11:03.581+0000] {dag.py:4180} INFO - Setting next_dagrun for dataset_with_extra_from_classic_operator to 2024-12-26 00:00:00+00:00, run_after=2024-12-27 00:00:00+00:00
[2024-12-27T02:11:03.614+0000] {processor.py:208} INFO - Processing /home/airflow/.local/lib/python3.12/site-packages/airflow/example_dags/example_outlet_event_extra.py took 0.650 seconds
[2024-12-27T02:11:34.331+0000] {processor.py:186} INFO - Started process (PID=1952) to work on /home/airflow/.local/lib/python3.12/site-packages/airflow/example_dags/example_outlet_event_extra.py
[2024-12-27T02:11:34.333+0000] {processor.py:914} INFO - Processing file /home/airflow/.local/lib/python3.12/site-packages/airflow/example_dags/example_outlet_event_extra.py for tasks to queue
[2024-12-27T02:11:34.336+0000] {logging_mixin.py:190} INFO - [2024-12-27T02:11:34.335+0000] {dagbag.py:588} INFO - Filling up the DagBag from /home/airflow/.local/lib/python3.12/site-packages/airflow/example_dags/example_outlet_event_extra.py
[2024-12-27T02:11:35.214+0000] {processor.py:925} INFO - DAG(s) 'dataset_with_extra_by_context', 'dataset_with_extra_from_classic_operator', 'dataset_with_extra_by_yield' retrieved from /home/airflow/.local/lib/python3.12/site-packages/airflow/example_dags/example_outlet_event_extra.py
[2024-12-27T02:11:35.259+0000] {logging_mixin.py:190} INFO - [2024-12-27T02:11:35.259+0000] {dag.py:3239} INFO - Sync 3 DAGs
[2024-12-27T02:11:35.312+0000] {logging_mixin.py:190} INFO - [2024-12-27T02:11:35.311+0000] {dag.py:4180} INFO - Setting next_dagrun for dataset_with_extra_by_context to 2024-12-26 00:00:00+00:00, run_after=2024-12-27 00:00:00+00:00
[2024-12-27T02:11:35.322+0000] {logging_mixin.py:190} INFO - [2024-12-27T02:11:35.321+0000] {dag.py:4180} INFO - Setting next_dagrun for dataset_with_extra_by_yield to 2024-12-26 00:00:00+00:00, run_after=2024-12-27 00:00:00+00:00
[2024-12-27T02:11:35.327+0000] {logging_mixin.py:190} INFO - [2024-12-27T02:11:35.327+0000] {dag.py:4180} INFO - Setting next_dagrun for dataset_with_extra_from_classic_operator to 2024-12-26 00:00:00+00:00, run_after=2024-12-27 00:00:00+00:00
[2024-12-27T02:11:35.388+0000] {processor.py:208} INFO - Processing /home/airflow/.local/lib/python3.12/site-packages/airflow/example_dags/example_outlet_event_extra.py took 1.064 seconds
[2024-12-27T02:12:05.723+0000] {processor.py:186} INFO - Started process (PID=2015) to work on /home/airflow/.local/lib/python3.12/site-packages/airflow/example_dags/example_outlet_event_extra.py
[2024-12-27T02:12:05.724+0000] {processor.py:914} INFO - Processing file /home/airflow/.local/lib/python3.12/site-packages/airflow/example_dags/example_outlet_event_extra.py for tasks to queue
[2024-12-27T02:12:05.728+0000] {logging_mixin.py:190} INFO - [2024-12-27T02:12:05.728+0000] {dagbag.py:588} INFO - Filling up the DagBag from /home/airflow/.local/lib/python3.12/site-packages/airflow/example_dags/example_outlet_event_extra.py
[2024-12-27T02:12:06.266+0000] {processor.py:925} INFO - DAG(s) 'dataset_with_extra_by_context', 'dataset_with_extra_by_yield', 'dataset_with_extra_from_classic_operator' retrieved from /home/airflow/.local/lib/python3.12/site-packages/airflow/example_dags/example_outlet_event_extra.py
[2024-12-27T02:12:06.298+0000] {logging_mixin.py:190} INFO - [2024-12-27T02:12:06.298+0000] {dag.py:3239} INFO - Sync 3 DAGs
[2024-12-27T02:12:06.328+0000] {logging_mixin.py:190} INFO - [2024-12-27T02:12:06.327+0000] {dag.py:4180} INFO - Setting next_dagrun for dataset_with_extra_by_context to 2024-12-26 00:00:00+00:00, run_after=2024-12-27 00:00:00+00:00
[2024-12-27T02:12:06.333+0000] {logging_mixin.py:190} INFO - [2024-12-27T02:12:06.333+0000] {dag.py:4180} INFO - Setting next_dagrun for dataset_with_extra_by_yield to 2024-12-26 00:00:00+00:00, run_after=2024-12-27 00:00:00+00:00
[2024-12-27T02:12:06.337+0000] {logging_mixin.py:190} INFO - [2024-12-27T02:12:06.337+0000] {dag.py:4180} INFO - Setting next_dagrun for dataset_with_extra_from_classic_operator to 2024-12-26 00:00:00+00:00, run_after=2024-12-27 00:00:00+00:00
[2024-12-27T02:12:06.367+0000] {processor.py:208} INFO - Processing /home/airflow/.local/lib/python3.12/site-packages/airflow/example_dags/example_outlet_event_extra.py took 0.651 seconds
[2024-12-27T02:12:37.158+0000] {processor.py:186} INFO - Started process (PID=2079) to work on /home/airflow/.local/lib/python3.12/site-packages/airflow/example_dags/example_outlet_event_extra.py
[2024-12-27T02:12:37.159+0000] {processor.py:914} INFO - Processing file /home/airflow/.local/lib/python3.12/site-packages/airflow/example_dags/example_outlet_event_extra.py for tasks to queue
[2024-12-27T02:12:37.162+0000] {logging_mixin.py:190} INFO - [2024-12-27T02:12:37.161+0000] {dagbag.py:588} INFO - Filling up the DagBag from /home/airflow/.local/lib/python3.12/site-packages/airflow/example_dags/example_outlet_event_extra.py
[2024-12-27T02:12:37.861+0000] {processor.py:925} INFO - DAG(s) 'dataset_with_extra_by_context', 'dataset_with_extra_by_yield', 'dataset_with_extra_from_classic_operator' retrieved from /home/airflow/.local/lib/python3.12/site-packages/airflow/example_dags/example_outlet_event_extra.py
[2024-12-27T02:12:37.902+0000] {logging_mixin.py:190} INFO - [2024-12-27T02:12:37.901+0000] {dag.py:3239} INFO - Sync 3 DAGs
[2024-12-27T02:12:37.937+0000] {logging_mixin.py:190} INFO - [2024-12-27T02:12:37.937+0000] {dag.py:4180} INFO - Setting next_dagrun for dataset_with_extra_by_context to 2024-12-26 00:00:00+00:00, run_after=2024-12-27 00:00:00+00:00
[2024-12-27T02:12:37.945+0000] {logging_mixin.py:190} INFO - [2024-12-27T02:12:37.945+0000] {dag.py:4180} INFO - Setting next_dagrun for dataset_with_extra_by_yield to 2024-12-26 00:00:00+00:00, run_after=2024-12-27 00:00:00+00:00
[2024-12-27T02:12:37.950+0000] {logging_mixin.py:190} INFO - [2024-12-27T02:12:37.950+0000] {dag.py:4180} INFO - Setting next_dagrun for dataset_with_extra_from_classic_operator to 2024-12-26 00:00:00+00:00, run_after=2024-12-27 00:00:00+00:00
[2024-12-27T02:12:37.984+0000] {processor.py:208} INFO - Processing /home/airflow/.local/lib/python3.12/site-packages/airflow/example_dags/example_outlet_event_extra.py took 0.831 seconds
[2024-12-27T02:13:08.059+0000] {processor.py:186} INFO - Started process (PID=2142) to work on /home/airflow/.local/lib/python3.12/site-packages/airflow/example_dags/example_outlet_event_extra.py
[2024-12-27T02:13:08.060+0000] {processor.py:914} INFO - Processing file /home/airflow/.local/lib/python3.12/site-packages/airflow/example_dags/example_outlet_event_extra.py for tasks to queue
[2024-12-27T02:13:08.063+0000] {logging_mixin.py:190} INFO - [2024-12-27T02:13:08.063+0000] {dagbag.py:588} INFO - Filling up the DagBag from /home/airflow/.local/lib/python3.12/site-packages/airflow/example_dags/example_outlet_event_extra.py
[2024-12-27T02:13:08.662+0000] {processor.py:925} INFO - DAG(s) 'dataset_with_extra_by_context', 'dataset_with_extra_by_yield', 'dataset_with_extra_from_classic_operator' retrieved from /home/airflow/.local/lib/python3.12/site-packages/airflow/example_dags/example_outlet_event_extra.py
[2024-12-27T02:13:08.701+0000] {logging_mixin.py:190} INFO - [2024-12-27T02:13:08.701+0000] {dag.py:3239} INFO - Sync 3 DAGs
[2024-12-27T02:13:08.730+0000] {logging_mixin.py:190} INFO - [2024-12-27T02:13:08.730+0000] {dag.py:4180} INFO - Setting next_dagrun for dataset_with_extra_by_context to 2024-12-26 00:00:00+00:00, run_after=2024-12-27 00:00:00+00:00
[2024-12-27T02:13:08.738+0000] {logging_mixin.py:190} INFO - [2024-12-27T02:13:08.738+0000] {dag.py:4180} INFO - Setting next_dagrun for dataset_with_extra_by_yield to 2024-12-26 00:00:00+00:00, run_after=2024-12-27 00:00:00+00:00
[2024-12-27T02:13:08.743+0000] {logging_mixin.py:190} INFO - [2024-12-27T02:13:08.742+0000] {dag.py:4180} INFO - Setting next_dagrun for dataset_with_extra_from_classic_operator to 2024-12-26 00:00:00+00:00, run_after=2024-12-27 00:00:00+00:00
[2024-12-27T02:13:08.777+0000] {processor.py:208} INFO - Processing /home/airflow/.local/lib/python3.12/site-packages/airflow/example_dags/example_outlet_event_extra.py took 0.723 seconds
[2024-12-27T02:13:39.284+0000] {processor.py:186} INFO - Started process (PID=2207) to work on /home/airflow/.local/lib/python3.12/site-packages/airflow/example_dags/example_outlet_event_extra.py
[2024-12-27T02:13:39.285+0000] {processor.py:914} INFO - Processing file /home/airflow/.local/lib/python3.12/site-packages/airflow/example_dags/example_outlet_event_extra.py for tasks to queue
[2024-12-27T02:13:39.288+0000] {logging_mixin.py:190} INFO - [2024-12-27T02:13:39.288+0000] {dagbag.py:588} INFO - Filling up the DagBag from /home/airflow/.local/lib/python3.12/site-packages/airflow/example_dags/example_outlet_event_extra.py
[2024-12-27T02:13:39.894+0000] {processor.py:925} INFO - DAG(s) 'dataset_with_extra_from_classic_operator', 'dataset_with_extra_by_yield', 'dataset_with_extra_by_context' retrieved from /home/airflow/.local/lib/python3.12/site-packages/airflow/example_dags/example_outlet_event_extra.py
[2024-12-27T02:13:39.932+0000] {logging_mixin.py:190} INFO - [2024-12-27T02:13:39.932+0000] {dag.py:3239} INFO - Sync 3 DAGs
[2024-12-27T02:13:39.963+0000] {logging_mixin.py:190} INFO - [2024-12-27T02:13:39.962+0000] {dag.py:4180} INFO - Setting next_dagrun for dataset_with_extra_by_context to 2024-12-26 00:00:00+00:00, run_after=2024-12-27 00:00:00+00:00
[2024-12-27T02:13:39.970+0000] {logging_mixin.py:190} INFO - [2024-12-27T02:13:39.970+0000] {dag.py:4180} INFO - Setting next_dagrun for dataset_with_extra_by_yield to 2024-12-26 00:00:00+00:00, run_after=2024-12-27 00:00:00+00:00
[2024-12-27T02:13:39.975+0000] {logging_mixin.py:190} INFO - [2024-12-27T02:13:39.974+0000] {dag.py:4180} INFO - Setting next_dagrun for dataset_with_extra_from_classic_operator to 2024-12-26 00:00:00+00:00, run_after=2024-12-27 00:00:00+00:00
[2024-12-27T02:13:40.008+0000] {processor.py:208} INFO - Processing /home/airflow/.local/lib/python3.12/site-packages/airflow/example_dags/example_outlet_event_extra.py took 0.729 seconds
[2024-12-27T02:14:10.759+0000] {processor.py:186} INFO - Started process (PID=2276) to work on /home/airflow/.local/lib/python3.12/site-packages/airflow/example_dags/example_outlet_event_extra.py
[2024-12-27T02:14:10.761+0000] {processor.py:914} INFO - Processing file /home/airflow/.local/lib/python3.12/site-packages/airflow/example_dags/example_outlet_event_extra.py for tasks to queue
[2024-12-27T02:14:10.765+0000] {logging_mixin.py:190} INFO - [2024-12-27T02:14:10.764+0000] {dagbag.py:588} INFO - Filling up the DagBag from /home/airflow/.local/lib/python3.12/site-packages/airflow/example_dags/example_outlet_event_extra.py
[2024-12-27T02:14:11.520+0000] {processor.py:925} INFO - DAG(s) 'dataset_with_extra_from_classic_operator', 'dataset_with_extra_by_yield', 'dataset_with_extra_by_context' retrieved from /home/airflow/.local/lib/python3.12/site-packages/airflow/example_dags/example_outlet_event_extra.py
[2024-12-27T02:14:11.553+0000] {logging_mixin.py:190} INFO - [2024-12-27T02:14:11.553+0000] {dag.py:3239} INFO - Sync 3 DAGs
[2024-12-27T02:14:11.586+0000] {logging_mixin.py:190} INFO - [2024-12-27T02:14:11.585+0000] {dag.py:4180} INFO - Setting next_dagrun for dataset_with_extra_by_context to 2024-12-26 00:00:00+00:00, run_after=2024-12-27 00:00:00+00:00
[2024-12-27T02:14:11.593+0000] {logging_mixin.py:190} INFO - [2024-12-27T02:14:11.593+0000] {dag.py:4180} INFO - Setting next_dagrun for dataset_with_extra_by_yield to 2024-12-26 00:00:00+00:00, run_after=2024-12-27 00:00:00+00:00
[2024-12-27T02:14:11.598+0000] {logging_mixin.py:190} INFO - [2024-12-27T02:14:11.598+0000] {dag.py:4180} INFO - Setting next_dagrun for dataset_with_extra_from_classic_operator to 2024-12-26 00:00:00+00:00, run_after=2024-12-27 00:00:00+00:00
[2024-12-27T02:14:11.774+0000] {processor.py:208} INFO - Processing /home/airflow/.local/lib/python3.12/site-packages/airflow/example_dags/example_outlet_event_extra.py took 1.022 seconds
[2024-12-27T02:14:41.861+0000] {processor.py:186} INFO - Started process (PID=2344) to work on /home/airflow/.local/lib/python3.12/site-packages/airflow/example_dags/example_outlet_event_extra.py
[2024-12-27T02:14:41.863+0000] {processor.py:914} INFO - Processing file /home/airflow/.local/lib/python3.12/site-packages/airflow/example_dags/example_outlet_event_extra.py for tasks to queue
[2024-12-27T02:14:41.866+0000] {logging_mixin.py:190} INFO - [2024-12-27T02:14:41.866+0000] {dagbag.py:588} INFO - Filling up the DagBag from /home/airflow/.local/lib/python3.12/site-packages/airflow/example_dags/example_outlet_event_extra.py
[2024-12-27T02:14:42.465+0000] {processor.py:925} INFO - DAG(s) 'dataset_with_extra_by_yield', 'dataset_with_extra_from_classic_operator', 'dataset_with_extra_by_context' retrieved from /home/airflow/.local/lib/python3.12/site-packages/airflow/example_dags/example_outlet_event_extra.py
[2024-12-27T02:14:42.501+0000] {logging_mixin.py:190} INFO - [2024-12-27T02:14:42.500+0000] {dag.py:3239} INFO - Sync 3 DAGs
[2024-12-27T02:14:42.531+0000] {logging_mixin.py:190} INFO - [2024-12-27T02:14:42.531+0000] {dag.py:4180} INFO - Setting next_dagrun for dataset_with_extra_by_context to 2024-12-26 00:00:00+00:00, run_after=2024-12-27 00:00:00+00:00
[2024-12-27T02:14:42.539+0000] {logging_mixin.py:190} INFO - [2024-12-27T02:14:42.539+0000] {dag.py:4180} INFO - Setting next_dagrun for dataset_with_extra_by_yield to 2024-12-26 00:00:00+00:00, run_after=2024-12-27 00:00:00+00:00
[2024-12-27T02:14:42.544+0000] {logging_mixin.py:190} INFO - [2024-12-27T02:14:42.544+0000] {dag.py:4180} INFO - Setting next_dagrun for dataset_with_extra_from_classic_operator to 2024-12-26 00:00:00+00:00, run_after=2024-12-27 00:00:00+00:00
[2024-12-27T02:14:42.581+0000] {processor.py:208} INFO - Processing /home/airflow/.local/lib/python3.12/site-packages/airflow/example_dags/example_outlet_event_extra.py took 0.725 seconds
[2024-12-27T02:15:13.034+0000] {processor.py:186} INFO - Started process (PID=2409) to work on /home/airflow/.local/lib/python3.12/site-packages/airflow/example_dags/example_outlet_event_extra.py
[2024-12-27T02:15:13.041+0000] {processor.py:914} INFO - Processing file /home/airflow/.local/lib/python3.12/site-packages/airflow/example_dags/example_outlet_event_extra.py for tasks to queue
[2024-12-27T02:15:13.044+0000] {logging_mixin.py:190} INFO - [2024-12-27T02:15:13.044+0000] {dagbag.py:588} INFO - Filling up the DagBag from /home/airflow/.local/lib/python3.12/site-packages/airflow/example_dags/example_outlet_event_extra.py
[2024-12-27T02:15:13.408+0000] {processor.py:925} INFO - DAG(s) 'dataset_with_extra_by_yield', 'dataset_with_extra_from_classic_operator', 'dataset_with_extra_by_context' retrieved from /home/airflow/.local/lib/python3.12/site-packages/airflow/example_dags/example_outlet_event_extra.py
[2024-12-27T02:15:13.441+0000] {logging_mixin.py:190} INFO - [2024-12-27T02:15:13.440+0000] {dag.py:3239} INFO - Sync 3 DAGs
[2024-12-27T02:15:13.469+0000] {logging_mixin.py:190} INFO - [2024-12-27T02:15:13.469+0000] {dag.py:4180} INFO - Setting next_dagrun for dataset_with_extra_by_context to 2024-12-26 00:00:00+00:00, run_after=2024-12-27 00:00:00+00:00
[2024-12-27T02:15:13.476+0000] {logging_mixin.py:190} INFO - [2024-12-27T02:15:13.475+0000] {dag.py:4180} INFO - Setting next_dagrun for dataset_with_extra_by_yield to 2024-12-26 00:00:00+00:00, run_after=2024-12-27 00:00:00+00:00
[2024-12-27T02:15:13.480+0000] {logging_mixin.py:190} INFO - [2024-12-27T02:15:13.480+0000] {dag.py:4180} INFO - Setting next_dagrun for dataset_with_extra_from_classic_operator to 2024-12-26 00:00:00+00:00, run_after=2024-12-27 00:00:00+00:00
[2024-12-27T02:15:13.507+0000] {processor.py:208} INFO - Processing /home/airflow/.local/lib/python3.12/site-packages/airflow/example_dags/example_outlet_event_extra.py took 0.478 seconds
[2024-12-27T02:15:43.663+0000] {processor.py:186} INFO - Started process (PID=2473) to work on /home/airflow/.local/lib/python3.12/site-packages/airflow/example_dags/example_outlet_event_extra.py
[2024-12-27T02:15:43.665+0000] {processor.py:914} INFO - Processing file /home/airflow/.local/lib/python3.12/site-packages/airflow/example_dags/example_outlet_event_extra.py for tasks to queue
[2024-12-27T02:15:43.668+0000] {logging_mixin.py:190} INFO - [2024-12-27T02:15:43.667+0000] {dagbag.py:588} INFO - Filling up the DagBag from /home/airflow/.local/lib/python3.12/site-packages/airflow/example_dags/example_outlet_event_extra.py
[2024-12-27T02:15:44.096+0000] {processor.py:925} INFO - DAG(s) 'dataset_with_extra_by_context', 'dataset_with_extra_by_yield', 'dataset_with_extra_from_classic_operator' retrieved from /home/airflow/.local/lib/python3.12/site-packages/airflow/example_dags/example_outlet_event_extra.py
[2024-12-27T02:15:44.132+0000] {logging_mixin.py:190} INFO - [2024-12-27T02:15:44.131+0000] {dag.py:3239} INFO - Sync 3 DAGs
[2024-12-27T02:15:44.162+0000] {logging_mixin.py:190} INFO - [2024-12-27T02:15:44.162+0000] {dag.py:4180} INFO - Setting next_dagrun for dataset_with_extra_by_context to 2024-12-26 00:00:00+00:00, run_after=2024-12-27 00:00:00+00:00
[2024-12-27T02:15:44.169+0000] {logging_mixin.py:190} INFO - [2024-12-27T02:15:44.169+0000] {dag.py:4180} INFO - Setting next_dagrun for dataset_with_extra_by_yield to 2024-12-26 00:00:00+00:00, run_after=2024-12-27 00:00:00+00:00
[2024-12-27T02:15:44.174+0000] {logging_mixin.py:190} INFO - [2024-12-27T02:15:44.174+0000] {dag.py:4180} INFO - Setting next_dagrun for dataset_with_extra_from_classic_operator to 2024-12-26 00:00:00+00:00, run_after=2024-12-27 00:00:00+00:00
[2024-12-27T02:15:44.217+0000] {processor.py:208} INFO - Processing /home/airflow/.local/lib/python3.12/site-packages/airflow/example_dags/example_outlet_event_extra.py took 0.560 seconds
[2024-12-27T02:16:14.702+0000] {processor.py:186} INFO - Started process (PID=2539) to work on /home/airflow/.local/lib/python3.12/site-packages/airflow/example_dags/example_outlet_event_extra.py
[2024-12-27T02:16:14.704+0000] {processor.py:914} INFO - Processing file /home/airflow/.local/lib/python3.12/site-packages/airflow/example_dags/example_outlet_event_extra.py for tasks to queue
[2024-12-27T02:16:14.708+0000] {logging_mixin.py:190} INFO - [2024-12-27T02:16:14.708+0000] {dagbag.py:588} INFO - Filling up the DagBag from /home/airflow/.local/lib/python3.12/site-packages/airflow/example_dags/example_outlet_event_extra.py
[2024-12-27T02:16:15.329+0000] {processor.py:925} INFO - DAG(s) 'dataset_with_extra_from_classic_operator', 'dataset_with_extra_by_yield', 'dataset_with_extra_by_context' retrieved from /home/airflow/.local/lib/python3.12/site-packages/airflow/example_dags/example_outlet_event_extra.py
[2024-12-27T02:16:15.380+0000] {logging_mixin.py:190} INFO - [2024-12-27T02:16:15.380+0000] {dag.py:3239} INFO - Sync 3 DAGs
[2024-12-27T02:16:15.430+0000] {logging_mixin.py:190} INFO - [2024-12-27T02:16:15.429+0000] {dag.py:4180} INFO - Setting next_dagrun for dataset_with_extra_by_context to 2024-12-26 00:00:00+00:00, run_after=2024-12-27 00:00:00+00:00
[2024-12-27T02:16:15.439+0000] {logging_mixin.py:190} INFO - [2024-12-27T02:16:15.439+0000] {dag.py:4180} INFO - Setting next_dagrun for dataset_with_extra_by_yield to 2024-12-26 00:00:00+00:00, run_after=2024-12-27 00:00:00+00:00
[2024-12-27T02:16:15.445+0000] {logging_mixin.py:190} INFO - [2024-12-27T02:16:15.445+0000] {dag.py:4180} INFO - Setting next_dagrun for dataset_with_extra_from_classic_operator to 2024-12-26 00:00:00+00:00, run_after=2024-12-27 00:00:00+00:00
[2024-12-27T02:16:15.490+0000] {processor.py:208} INFO - Processing /home/airflow/.local/lib/python3.12/site-packages/airflow/example_dags/example_outlet_event_extra.py took 0.794 seconds
[2024-12-27T02:16:46.347+0000] {processor.py:186} INFO - Started process (PID=2606) to work on /home/airflow/.local/lib/python3.12/site-packages/airflow/example_dags/example_outlet_event_extra.py
[2024-12-27T02:16:46.348+0000] {processor.py:914} INFO - Processing file /home/airflow/.local/lib/python3.12/site-packages/airflow/example_dags/example_outlet_event_extra.py for tasks to queue
[2024-12-27T02:16:46.352+0000] {logging_mixin.py:190} INFO - [2024-12-27T02:16:46.351+0000] {dagbag.py:588} INFO - Filling up the DagBag from /home/airflow/.local/lib/python3.12/site-packages/airflow/example_dags/example_outlet_event_extra.py
[2024-12-27T02:16:46.733+0000] {processor.py:925} INFO - DAG(s) 'dataset_with_extra_from_classic_operator', 'dataset_with_extra_by_context', 'dataset_with_extra_by_yield' retrieved from /home/airflow/.local/lib/python3.12/site-packages/airflow/example_dags/example_outlet_event_extra.py
[2024-12-27T02:16:46.768+0000] {logging_mixin.py:190} INFO - [2024-12-27T02:16:46.767+0000] {dag.py:3239} INFO - Sync 3 DAGs
[2024-12-27T02:16:46.798+0000] {logging_mixin.py:190} INFO - [2024-12-27T02:16:46.798+0000] {dag.py:4180} INFO - Setting next_dagrun for dataset_with_extra_by_context to 2024-12-26 00:00:00+00:00, run_after=2024-12-27 00:00:00+00:00
[2024-12-27T02:16:46.805+0000] {logging_mixin.py:190} INFO - [2024-12-27T02:16:46.804+0000] {dag.py:4180} INFO - Setting next_dagrun for dataset_with_extra_by_yield to 2024-12-26 00:00:00+00:00, run_after=2024-12-27 00:00:00+00:00
[2024-12-27T02:16:46.809+0000] {logging_mixin.py:190} INFO - [2024-12-27T02:16:46.809+0000] {dag.py:4180} INFO - Setting next_dagrun for dataset_with_extra_from_classic_operator to 2024-12-26 00:00:00+00:00, run_after=2024-12-27 00:00:00+00:00
[2024-12-27T02:16:46.840+0000] {processor.py:208} INFO - Processing /home/airflow/.local/lib/python3.12/site-packages/airflow/example_dags/example_outlet_event_extra.py took 0.499 seconds
