[2024-12-27T01:56:30.088+0000] {processor.py:186} INFO - Started process (PID=103) to work on /home/airflow/.local/lib/python3.12/site-packages/airflow/example_dags/example_sla_dag.py
[2024-12-27T01:56:30.089+0000] {processor.py:914} INFO - Processing file /home/airflow/.local/lib/python3.12/site-packages/airflow/example_dags/example_sla_dag.py for tasks to queue
[2024-12-27T01:56:30.095+0000] {logging_mixin.py:190} INFO - [2024-12-27T01:56:30.095+0000] {dagbag.py:588} INFO - Filling up the DagBag from /home/airflow/.local/lib/python3.12/site-packages/airflow/example_dags/example_sla_dag.py
[2024-12-27T01:56:30.110+0000] {processor.py:925} INFO - DAG(s) 'example_sla_dag' retrieved from /home/airflow/.local/lib/python3.12/site-packages/airflow/example_dags/example_sla_dag.py
[2024-12-27T01:56:30.249+0000] {logging_mixin.py:190} INFO - [2024-12-27T01:56:30.248+0000] {override.py:1911} INFO - Created Permission View: can read on DAG:example_sla_dag
[2024-12-27T01:56:30.277+0000] {logging_mixin.py:190} INFO - [2024-12-27T01:56:30.277+0000] {override.py:1911} INFO - Created Permission View: can edit on DAG:example_sla_dag
[2024-12-27T01:56:30.294+0000] {logging_mixin.py:190} INFO - [2024-12-27T01:56:30.293+0000] {override.py:1911} INFO - Created Permission View: can delete on DAG:example_sla_dag
[2024-12-27T01:56:30.319+0000] {logging_mixin.py:190} INFO - [2024-12-27T01:56:30.318+0000] {override.py:1911} INFO - Created Permission View: menu access on DAG Run:example_sla_dag
[2024-12-27T01:56:30.343+0000] {logging_mixin.py:190} INFO - [2024-12-27T01:56:30.342+0000] {override.py:1911} INFO - Created Permission View: can read on DAG Run:example_sla_dag
[2024-12-27T01:56:30.359+0000] {logging_mixin.py:190} INFO - [2024-12-27T01:56:30.358+0000] {override.py:1911} INFO - Created Permission View: can create on DAG Run:example_sla_dag
[2024-12-27T01:56:30.375+0000] {logging_mixin.py:190} INFO - [2024-12-27T01:56:30.374+0000] {override.py:1911} INFO - Created Permission View: can delete on DAG Run:example_sla_dag
[2024-12-27T01:56:30.376+0000] {logging_mixin.py:190} INFO - [2024-12-27T01:56:30.376+0000] {dag.py:3239} INFO - Sync 1 DAGs
[2024-12-27T01:56:30.397+0000] {logging_mixin.py:190} INFO - [2024-12-27T01:56:30.396+0000] {dag.py:3262} INFO - Creating ORM DAG for example_sla_dag
[2024-12-27T01:56:30.413+0000] {logging_mixin.py:190} INFO - [2024-12-27T01:56:30.413+0000] {dag.py:4180} INFO - Setting next_dagrun for example_sla_dag to 2024-12-27 01:54:00+00:00, run_after=2024-12-27 01:56:00+00:00
[2024-12-27T01:56:30.439+0000] {processor.py:208} INFO - Processing /home/airflow/.local/lib/python3.12/site-packages/airflow/example_dags/example_sla_dag.py took 0.358 seconds
[2024-12-27T01:57:00.612+0000] {processor.py:186} INFO - Started process (PID=165) to work on /home/airflow/.local/lib/python3.12/site-packages/airflow/example_dags/example_sla_dag.py
[2024-12-27T01:57:00.614+0000] {processor.py:914} INFO - Processing file /home/airflow/.local/lib/python3.12/site-packages/airflow/example_dags/example_sla_dag.py for tasks to queue
[2024-12-27T01:57:00.617+0000] {logging_mixin.py:190} INFO - [2024-12-27T01:57:00.617+0000] {dagbag.py:588} INFO - Filling up the DagBag from /home/airflow/.local/lib/python3.12/site-packages/airflow/example_dags/example_sla_dag.py
[2024-12-27T01:57:00.628+0000] {processor.py:925} INFO - DAG(s) 'example_sla_dag' retrieved from /home/airflow/.local/lib/python3.12/site-packages/airflow/example_dags/example_sla_dag.py
[2024-12-27T01:57:00.650+0000] {logging_mixin.py:190} INFO - [2024-12-27T01:57:00.650+0000] {dag.py:3239} INFO - Sync 1 DAGs
[2024-12-27T01:57:00.677+0000] {logging_mixin.py:190} INFO - [2024-12-27T01:57:00.677+0000] {dag.py:4180} INFO - Setting next_dagrun for example_sla_dag to 2024-12-27 01:54:00+00:00, run_after=2024-12-27 01:56:00+00:00
[2024-12-27T01:57:00.702+0000] {processor.py:208} INFO - Processing /home/airflow/.local/lib/python3.12/site-packages/airflow/example_dags/example_sla_dag.py took 0.094 seconds
[2024-12-27T01:57:32.199+0000] {processor.py:186} INFO - Started process (PID=228) to work on /home/airflow/.local/lib/python3.12/site-packages/airflow/example_dags/example_sla_dag.py
[2024-12-27T01:57:32.200+0000] {processor.py:914} INFO - Processing file /home/airflow/.local/lib/python3.12/site-packages/airflow/example_dags/example_sla_dag.py for tasks to queue
[2024-12-27T01:57:32.203+0000] {logging_mixin.py:190} INFO - [2024-12-27T01:57:32.203+0000] {dagbag.py:588} INFO - Filling up the DagBag from /home/airflow/.local/lib/python3.12/site-packages/airflow/example_dags/example_sla_dag.py
[2024-12-27T01:57:32.213+0000] {processor.py:925} INFO - DAG(s) 'example_sla_dag' retrieved from /home/airflow/.local/lib/python3.12/site-packages/airflow/example_dags/example_sla_dag.py
[2024-12-27T01:57:32.235+0000] {logging_mixin.py:190} INFO - [2024-12-27T01:57:32.235+0000] {dag.py:3239} INFO - Sync 1 DAGs
[2024-12-27T01:57:32.262+0000] {logging_mixin.py:190} INFO - [2024-12-27T01:57:32.262+0000] {dag.py:4180} INFO - Setting next_dagrun for example_sla_dag to 2024-12-27 01:54:00+00:00, run_after=2024-12-27 01:56:00+00:00
[2024-12-27T01:57:32.287+0000] {processor.py:208} INFO - Processing /home/airflow/.local/lib/python3.12/site-packages/airflow/example_dags/example_sla_dag.py took 0.093 seconds
[2024-12-27T01:58:03.776+0000] {processor.py:186} INFO - Started process (PID=291) to work on /home/airflow/.local/lib/python3.12/site-packages/airflow/example_dags/example_sla_dag.py
[2024-12-27T01:58:03.777+0000] {processor.py:914} INFO - Processing file /home/airflow/.local/lib/python3.12/site-packages/airflow/example_dags/example_sla_dag.py for tasks to queue
[2024-12-27T01:58:03.779+0000] {logging_mixin.py:190} INFO - [2024-12-27T01:58:03.779+0000] {dagbag.py:588} INFO - Filling up the DagBag from /home/airflow/.local/lib/python3.12/site-packages/airflow/example_dags/example_sla_dag.py
[2024-12-27T01:58:03.788+0000] {processor.py:925} INFO - DAG(s) 'example_sla_dag' retrieved from /home/airflow/.local/lib/python3.12/site-packages/airflow/example_dags/example_sla_dag.py
[2024-12-27T01:58:03.809+0000] {logging_mixin.py:190} INFO - [2024-12-27T01:58:03.809+0000] {dag.py:3239} INFO - Sync 1 DAGs
[2024-12-27T01:58:03.836+0000] {logging_mixin.py:190} INFO - [2024-12-27T01:58:03.835+0000] {dag.py:4180} INFO - Setting next_dagrun for example_sla_dag to 2024-12-27 01:56:00+00:00, run_after=2024-12-27 01:58:00+00:00
[2024-12-27T01:58:03.862+0000] {processor.py:208} INFO - Processing /home/airflow/.local/lib/python3.12/site-packages/airflow/example_dags/example_sla_dag.py took 0.091 seconds
[2024-12-27T01:58:35.102+0000] {processor.py:186} INFO - Started process (PID=354) to work on /home/airflow/.local/lib/python3.12/site-packages/airflow/example_dags/example_sla_dag.py
[2024-12-27T01:58:35.104+0000] {processor.py:914} INFO - Processing file /home/airflow/.local/lib/python3.12/site-packages/airflow/example_dags/example_sla_dag.py for tasks to queue
[2024-12-27T01:58:35.107+0000] {logging_mixin.py:190} INFO - [2024-12-27T01:58:35.106+0000] {dagbag.py:588} INFO - Filling up the DagBag from /home/airflow/.local/lib/python3.12/site-packages/airflow/example_dags/example_sla_dag.py
[2024-12-27T01:58:35.116+0000] {processor.py:925} INFO - DAG(s) 'example_sla_dag' retrieved from /home/airflow/.local/lib/python3.12/site-packages/airflow/example_dags/example_sla_dag.py
[2024-12-27T01:58:35.143+0000] {logging_mixin.py:190} INFO - [2024-12-27T01:58:35.142+0000] {dag.py:3239} INFO - Sync 1 DAGs
[2024-12-27T01:58:35.171+0000] {logging_mixin.py:190} INFO - [2024-12-27T01:58:35.171+0000] {dag.py:4180} INFO - Setting next_dagrun for example_sla_dag to 2024-12-27 01:56:00+00:00, run_after=2024-12-27 01:58:00+00:00
[2024-12-27T01:58:35.202+0000] {processor.py:208} INFO - Processing /home/airflow/.local/lib/python3.12/site-packages/airflow/example_dags/example_sla_dag.py took 0.105 seconds
[2024-12-27T01:59:06.468+0000] {processor.py:186} INFO - Started process (PID=417) to work on /home/airflow/.local/lib/python3.12/site-packages/airflow/example_dags/example_sla_dag.py
[2024-12-27T01:59:06.470+0000] {processor.py:914} INFO - Processing file /home/airflow/.local/lib/python3.12/site-packages/airflow/example_dags/example_sla_dag.py for tasks to queue
[2024-12-27T01:59:06.473+0000] {logging_mixin.py:190} INFO - [2024-12-27T01:59:06.473+0000] {dagbag.py:588} INFO - Filling up the DagBag from /home/airflow/.local/lib/python3.12/site-packages/airflow/example_dags/example_sla_dag.py
[2024-12-27T01:59:06.483+0000] {processor.py:925} INFO - DAG(s) 'example_sla_dag' retrieved from /home/airflow/.local/lib/python3.12/site-packages/airflow/example_dags/example_sla_dag.py
[2024-12-27T01:59:06.505+0000] {logging_mixin.py:190} INFO - [2024-12-27T01:59:06.505+0000] {dag.py:3239} INFO - Sync 1 DAGs
[2024-12-27T01:59:06.532+0000] {logging_mixin.py:190} INFO - [2024-12-27T01:59:06.532+0000] {dag.py:4180} INFO - Setting next_dagrun for example_sla_dag to 2024-12-27 01:56:00+00:00, run_after=2024-12-27 01:58:00+00:00
[2024-12-27T01:59:06.558+0000] {processor.py:208} INFO - Processing /home/airflow/.local/lib/python3.12/site-packages/airflow/example_dags/example_sla_dag.py took 0.094 seconds
[2024-12-27T01:59:38.017+0000] {processor.py:186} INFO - Started process (PID=480) to work on /home/airflow/.local/lib/python3.12/site-packages/airflow/example_dags/example_sla_dag.py
[2024-12-27T01:59:38.018+0000] {processor.py:914} INFO - Processing file /home/airflow/.local/lib/python3.12/site-packages/airflow/example_dags/example_sla_dag.py for tasks to queue
[2024-12-27T01:59:38.021+0000] {logging_mixin.py:190} INFO - [2024-12-27T01:59:38.020+0000] {dagbag.py:588} INFO - Filling up the DagBag from /home/airflow/.local/lib/python3.12/site-packages/airflow/example_dags/example_sla_dag.py
[2024-12-27T01:59:38.031+0000] {processor.py:925} INFO - DAG(s) 'example_sla_dag' retrieved from /home/airflow/.local/lib/python3.12/site-packages/airflow/example_dags/example_sla_dag.py
[2024-12-27T01:59:38.055+0000] {logging_mixin.py:190} INFO - [2024-12-27T01:59:38.055+0000] {dag.py:3239} INFO - Sync 1 DAGs
[2024-12-27T01:59:38.081+0000] {logging_mixin.py:190} INFO - [2024-12-27T01:59:38.080+0000] {dag.py:4180} INFO - Setting next_dagrun for example_sla_dag to 2024-12-27 01:56:00+00:00, run_after=2024-12-27 01:58:00+00:00
[2024-12-27T01:59:38.110+0000] {processor.py:208} INFO - Processing /home/airflow/.local/lib/python3.12/site-packages/airflow/example_dags/example_sla_dag.py took 0.098 seconds
[2024-12-27T02:00:09.574+0000] {processor.py:186} INFO - Started process (PID=543) to work on /home/airflow/.local/lib/python3.12/site-packages/airflow/example_dags/example_sla_dag.py
[2024-12-27T02:00:09.576+0000] {processor.py:914} INFO - Processing file /home/airflow/.local/lib/python3.12/site-packages/airflow/example_dags/example_sla_dag.py for tasks to queue
[2024-12-27T02:00:09.579+0000] {logging_mixin.py:190} INFO - [2024-12-27T02:00:09.579+0000] {dagbag.py:588} INFO - Filling up the DagBag from /home/airflow/.local/lib/python3.12/site-packages/airflow/example_dags/example_sla_dag.py
[2024-12-27T02:00:09.588+0000] {processor.py:925} INFO - DAG(s) 'example_sla_dag' retrieved from /home/airflow/.local/lib/python3.12/site-packages/airflow/example_dags/example_sla_dag.py
[2024-12-27T02:00:09.611+0000] {logging_mixin.py:190} INFO - [2024-12-27T02:00:09.611+0000] {dag.py:3239} INFO - Sync 1 DAGs
[2024-12-27T02:00:09.636+0000] {logging_mixin.py:190} INFO - [2024-12-27T02:00:09.636+0000] {dag.py:4180} INFO - Setting next_dagrun for example_sla_dag to 2024-12-27 01:58:00+00:00, run_after=2024-12-27 02:00:00+00:00
[2024-12-27T02:00:09.663+0000] {processor.py:208} INFO - Processing /home/airflow/.local/lib/python3.12/site-packages/airflow/example_dags/example_sla_dag.py took 0.094 seconds
[2024-12-27T02:00:40.965+0000] {processor.py:186} INFO - Started process (PID=606) to work on /home/airflow/.local/lib/python3.12/site-packages/airflow/example_dags/example_sla_dag.py
[2024-12-27T02:00:40.966+0000] {processor.py:914} INFO - Processing file /home/airflow/.local/lib/python3.12/site-packages/airflow/example_dags/example_sla_dag.py for tasks to queue
[2024-12-27T02:00:40.968+0000] {logging_mixin.py:190} INFO - [2024-12-27T02:00:40.968+0000] {dagbag.py:588} INFO - Filling up the DagBag from /home/airflow/.local/lib/python3.12/site-packages/airflow/example_dags/example_sla_dag.py
[2024-12-27T02:00:40.980+0000] {processor.py:925} INFO - DAG(s) 'example_sla_dag' retrieved from /home/airflow/.local/lib/python3.12/site-packages/airflow/example_dags/example_sla_dag.py
[2024-12-27T02:00:41.002+0000] {logging_mixin.py:190} INFO - [2024-12-27T02:00:41.002+0000] {dag.py:3239} INFO - Sync 1 DAGs
[2024-12-27T02:00:41.029+0000] {logging_mixin.py:190} INFO - [2024-12-27T02:00:41.028+0000] {dag.py:4180} INFO - Setting next_dagrun for example_sla_dag to 2024-12-27 01:58:00+00:00, run_after=2024-12-27 02:00:00+00:00
[2024-12-27T02:00:41.054+0000] {processor.py:208} INFO - Processing /home/airflow/.local/lib/python3.12/site-packages/airflow/example_dags/example_sla_dag.py took 0.095 seconds
[2024-12-27T02:01:12.117+0000] {processor.py:186} INFO - Started process (PID=669) to work on /home/airflow/.local/lib/python3.12/site-packages/airflow/example_dags/example_sla_dag.py
[2024-12-27T02:01:12.118+0000] {processor.py:914} INFO - Processing file /home/airflow/.local/lib/python3.12/site-packages/airflow/example_dags/example_sla_dag.py for tasks to queue
[2024-12-27T02:01:12.121+0000] {logging_mixin.py:190} INFO - [2024-12-27T02:01:12.121+0000] {dagbag.py:588} INFO - Filling up the DagBag from /home/airflow/.local/lib/python3.12/site-packages/airflow/example_dags/example_sla_dag.py
[2024-12-27T02:01:12.135+0000] {processor.py:925} INFO - DAG(s) 'example_sla_dag' retrieved from /home/airflow/.local/lib/python3.12/site-packages/airflow/example_dags/example_sla_dag.py
[2024-12-27T02:01:12.160+0000] {logging_mixin.py:190} INFO - [2024-12-27T02:01:12.160+0000] {dag.py:3239} INFO - Sync 1 DAGs
[2024-12-27T02:01:12.190+0000] {logging_mixin.py:190} INFO - [2024-12-27T02:01:12.190+0000] {dag.py:4180} INFO - Setting next_dagrun for example_sla_dag to 2024-12-27 01:58:00+00:00, run_after=2024-12-27 02:00:00+00:00
[2024-12-27T02:01:12.216+0000] {processor.py:208} INFO - Processing /home/airflow/.local/lib/python3.12/site-packages/airflow/example_dags/example_sla_dag.py took 0.104 seconds
[2024-12-27T02:01:43.277+0000] {processor.py:186} INFO - Started process (PID=732) to work on /home/airflow/.local/lib/python3.12/site-packages/airflow/example_dags/example_sla_dag.py
[2024-12-27T02:01:43.279+0000] {processor.py:914} INFO - Processing file /home/airflow/.local/lib/python3.12/site-packages/airflow/example_dags/example_sla_dag.py for tasks to queue
[2024-12-27T02:01:43.282+0000] {logging_mixin.py:190} INFO - [2024-12-27T02:01:43.282+0000] {dagbag.py:588} INFO - Filling up the DagBag from /home/airflow/.local/lib/python3.12/site-packages/airflow/example_dags/example_sla_dag.py
[2024-12-27T02:01:43.296+0000] {processor.py:925} INFO - DAG(s) 'example_sla_dag' retrieved from /home/airflow/.local/lib/python3.12/site-packages/airflow/example_dags/example_sla_dag.py
[2024-12-27T02:01:43.326+0000] {logging_mixin.py:190} INFO - [2024-12-27T02:01:43.326+0000] {dag.py:3239} INFO - Sync 1 DAGs
[2024-12-27T02:01:43.364+0000] {logging_mixin.py:190} INFO - [2024-12-27T02:01:43.364+0000] {dag.py:4180} INFO - Setting next_dagrun for example_sla_dag to 2024-12-27 01:58:00+00:00, run_after=2024-12-27 02:00:00+00:00
[2024-12-27T02:01:43.394+0000] {processor.py:208} INFO - Processing /home/airflow/.local/lib/python3.12/site-packages/airflow/example_dags/example_sla_dag.py took 0.124 seconds
[2024-12-27T02:02:16.089+0000] {processor.py:186} INFO - Started process (PID=795) to work on /home/airflow/.local/lib/python3.12/site-packages/airflow/example_dags/example_sla_dag.py
[2024-12-27T02:02:16.090+0000] {processor.py:914} INFO - Processing file /home/airflow/.local/lib/python3.12/site-packages/airflow/example_dags/example_sla_dag.py for tasks to queue
[2024-12-27T02:02:16.093+0000] {logging_mixin.py:190} INFO - [2024-12-27T02:02:16.093+0000] {dagbag.py:588} INFO - Filling up the DagBag from /home/airflow/.local/lib/python3.12/site-packages/airflow/example_dags/example_sla_dag.py
[2024-12-27T02:02:16.106+0000] {processor.py:925} INFO - DAG(s) 'example_sla_dag' retrieved from /home/airflow/.local/lib/python3.12/site-packages/airflow/example_dags/example_sla_dag.py
[2024-12-27T02:02:16.133+0000] {logging_mixin.py:190} INFO - [2024-12-27T02:02:16.133+0000] {dag.py:3239} INFO - Sync 1 DAGs
[2024-12-27T02:02:16.170+0000] {logging_mixin.py:190} INFO - [2024-12-27T02:02:16.169+0000] {dag.py:4180} INFO - Setting next_dagrun for example_sla_dag to 2024-12-27 02:00:00+00:00, run_after=2024-12-27 02:02:00+00:00
[2024-12-27T02:02:16.214+0000] {processor.py:208} INFO - Processing /home/airflow/.local/lib/python3.12/site-packages/airflow/example_dags/example_sla_dag.py took 0.132 seconds
[2024-12-27T02:02:46.757+0000] {processor.py:186} INFO - Started process (PID=858) to work on /home/airflow/.local/lib/python3.12/site-packages/airflow/example_dags/example_sla_dag.py
[2024-12-27T02:02:46.759+0000] {processor.py:914} INFO - Processing file /home/airflow/.local/lib/python3.12/site-packages/airflow/example_dags/example_sla_dag.py for tasks to queue
[2024-12-27T02:02:46.763+0000] {logging_mixin.py:190} INFO - [2024-12-27T02:02:46.763+0000] {dagbag.py:588} INFO - Filling up the DagBag from /home/airflow/.local/lib/python3.12/site-packages/airflow/example_dags/example_sla_dag.py
[2024-12-27T02:02:46.775+0000] {processor.py:925} INFO - DAG(s) 'example_sla_dag' retrieved from /home/airflow/.local/lib/python3.12/site-packages/airflow/example_dags/example_sla_dag.py
[2024-12-27T02:02:46.810+0000] {logging_mixin.py:190} INFO - [2024-12-27T02:02:46.810+0000] {dag.py:3239} INFO - Sync 1 DAGs
[2024-12-27T02:02:46.854+0000] {logging_mixin.py:190} INFO - [2024-12-27T02:02:46.854+0000] {dag.py:4180} INFO - Setting next_dagrun for example_sla_dag to 2024-12-27 02:00:00+00:00, run_after=2024-12-27 02:02:00+00:00
[2024-12-27T02:02:46.890+0000] {processor.py:208} INFO - Processing /home/airflow/.local/lib/python3.12/site-packages/airflow/example_dags/example_sla_dag.py took 0.139 seconds
[2024-12-27T02:03:16.954+0000] {processor.py:186} INFO - Started process (PID=920) to work on /home/airflow/.local/lib/python3.12/site-packages/airflow/example_dags/example_sla_dag.py
[2024-12-27T02:03:16.955+0000] {processor.py:914} INFO - Processing file /home/airflow/.local/lib/python3.12/site-packages/airflow/example_dags/example_sla_dag.py for tasks to queue
[2024-12-27T02:03:16.958+0000] {logging_mixin.py:190} INFO - [2024-12-27T02:03:16.958+0000] {dagbag.py:588} INFO - Filling up the DagBag from /home/airflow/.local/lib/python3.12/site-packages/airflow/example_dags/example_sla_dag.py
[2024-12-27T02:03:16.969+0000] {processor.py:925} INFO - DAG(s) 'example_sla_dag' retrieved from /home/airflow/.local/lib/python3.12/site-packages/airflow/example_dags/example_sla_dag.py
[2024-12-27T02:03:16.993+0000] {logging_mixin.py:190} INFO - [2024-12-27T02:03:16.993+0000] {dag.py:3239} INFO - Sync 1 DAGs
[2024-12-27T02:03:17.025+0000] {logging_mixin.py:190} INFO - [2024-12-27T02:03:17.024+0000] {dag.py:4180} INFO - Setting next_dagrun for example_sla_dag to 2024-12-27 02:00:00+00:00, run_after=2024-12-27 02:02:00+00:00
[2024-12-27T02:03:17.065+0000] {processor.py:208} INFO - Processing /home/airflow/.local/lib/python3.12/site-packages/airflow/example_dags/example_sla_dag.py took 0.117 seconds
[2024-12-27T02:03:47.645+0000] {processor.py:186} INFO - Started process (PID=983) to work on /home/airflow/.local/lib/python3.12/site-packages/airflow/example_dags/example_sla_dag.py
[2024-12-27T02:03:47.647+0000] {processor.py:914} INFO - Processing file /home/airflow/.local/lib/python3.12/site-packages/airflow/example_dags/example_sla_dag.py for tasks to queue
[2024-12-27T02:03:47.650+0000] {logging_mixin.py:190} INFO - [2024-12-27T02:03:47.649+0000] {dagbag.py:588} INFO - Filling up the DagBag from /home/airflow/.local/lib/python3.12/site-packages/airflow/example_dags/example_sla_dag.py
[2024-12-27T02:03:47.666+0000] {processor.py:925} INFO - DAG(s) 'example_sla_dag' retrieved from /home/airflow/.local/lib/python3.12/site-packages/airflow/example_dags/example_sla_dag.py
[2024-12-27T02:03:47.693+0000] {logging_mixin.py:190} INFO - [2024-12-27T02:03:47.692+0000] {dag.py:3239} INFO - Sync 1 DAGs
[2024-12-27T02:03:47.724+0000] {logging_mixin.py:190} INFO - [2024-12-27T02:03:47.723+0000] {dag.py:4180} INFO - Setting next_dagrun for example_sla_dag to 2024-12-27 02:00:00+00:00, run_after=2024-12-27 02:02:00+00:00
[2024-12-27T02:03:47.990+0000] {processor.py:208} INFO - Processing /home/airflow/.local/lib/python3.12/site-packages/airflow/example_dags/example_sla_dag.py took 0.349 seconds
[2024-12-27T02:04:19.200+0000] {processor.py:186} INFO - Started process (PID=1046) to work on /home/airflow/.local/lib/python3.12/site-packages/airflow/example_dags/example_sla_dag.py
[2024-12-27T02:04:19.202+0000] {processor.py:914} INFO - Processing file /home/airflow/.local/lib/python3.12/site-packages/airflow/example_dags/example_sla_dag.py for tasks to queue
[2024-12-27T02:04:19.204+0000] {logging_mixin.py:190} INFO - [2024-12-27T02:04:19.204+0000] {dagbag.py:588} INFO - Filling up the DagBag from /home/airflow/.local/lib/python3.12/site-packages/airflow/example_dags/example_sla_dag.py
[2024-12-27T02:04:19.217+0000] {processor.py:925} INFO - DAG(s) 'example_sla_dag' retrieved from /home/airflow/.local/lib/python3.12/site-packages/airflow/example_dags/example_sla_dag.py
[2024-12-27T02:04:19.245+0000] {logging_mixin.py:190} INFO - [2024-12-27T02:04:19.245+0000] {dag.py:3239} INFO - Sync 1 DAGs
[2024-12-27T02:04:19.278+0000] {logging_mixin.py:190} INFO - [2024-12-27T02:04:19.278+0000] {dag.py:4180} INFO - Setting next_dagrun for example_sla_dag to 2024-12-27 02:02:00+00:00, run_after=2024-12-27 02:04:00+00:00
[2024-12-27T02:04:19.306+0000] {processor.py:208} INFO - Processing /home/airflow/.local/lib/python3.12/site-packages/airflow/example_dags/example_sla_dag.py took 0.112 seconds
[2024-12-27T02:04:49.935+0000] {processor.py:186} INFO - Started process (PID=1109) to work on /home/airflow/.local/lib/python3.12/site-packages/airflow/example_dags/example_sla_dag.py
[2024-12-27T02:04:49.936+0000] {processor.py:914} INFO - Processing file /home/airflow/.local/lib/python3.12/site-packages/airflow/example_dags/example_sla_dag.py for tasks to queue
[2024-12-27T02:04:49.939+0000] {logging_mixin.py:190} INFO - [2024-12-27T02:04:49.939+0000] {dagbag.py:588} INFO - Filling up the DagBag from /home/airflow/.local/lib/python3.12/site-packages/airflow/example_dags/example_sla_dag.py
[2024-12-27T02:04:49.951+0000] {processor.py:925} INFO - DAG(s) 'example_sla_dag' retrieved from /home/airflow/.local/lib/python3.12/site-packages/airflow/example_dags/example_sla_dag.py
[2024-12-27T02:04:49.986+0000] {logging_mixin.py:190} INFO - [2024-12-27T02:04:49.986+0000] {dag.py:3239} INFO - Sync 1 DAGs
[2024-12-27T02:04:50.033+0000] {logging_mixin.py:190} INFO - [2024-12-27T02:04:50.032+0000] {dag.py:4180} INFO - Setting next_dagrun for example_sla_dag to 2024-12-27 02:02:00+00:00, run_after=2024-12-27 02:04:00+00:00
[2024-12-27T02:04:50.059+0000] {processor.py:208} INFO - Processing /home/airflow/.local/lib/python3.12/site-packages/airflow/example_dags/example_sla_dag.py took 0.131 seconds
[2024-12-27T02:05:20.229+0000] {processor.py:186} INFO - Started process (PID=1171) to work on /home/airflow/.local/lib/python3.12/site-packages/airflow/example_dags/example_sla_dag.py
[2024-12-27T02:05:20.230+0000] {processor.py:914} INFO - Processing file /home/airflow/.local/lib/python3.12/site-packages/airflow/example_dags/example_sla_dag.py for tasks to queue
[2024-12-27T02:05:20.233+0000] {logging_mixin.py:190} INFO - [2024-12-27T02:05:20.233+0000] {dagbag.py:588} INFO - Filling up the DagBag from /home/airflow/.local/lib/python3.12/site-packages/airflow/example_dags/example_sla_dag.py
[2024-12-27T02:05:20.244+0000] {processor.py:925} INFO - DAG(s) 'example_sla_dag' retrieved from /home/airflow/.local/lib/python3.12/site-packages/airflow/example_dags/example_sla_dag.py
[2024-12-27T02:05:20.270+0000] {logging_mixin.py:190} INFO - [2024-12-27T02:05:20.269+0000] {dag.py:3239} INFO - Sync 1 DAGs
[2024-12-27T02:05:20.299+0000] {logging_mixin.py:190} INFO - [2024-12-27T02:05:20.299+0000] {dag.py:4180} INFO - Setting next_dagrun for example_sla_dag to 2024-12-27 02:02:00+00:00, run_after=2024-12-27 02:04:00+00:00
[2024-12-27T02:05:20.328+0000] {processor.py:208} INFO - Processing /home/airflow/.local/lib/python3.12/site-packages/airflow/example_dags/example_sla_dag.py took 0.104 seconds
[2024-12-27T02:05:50.622+0000] {processor.py:186} INFO - Started process (PID=1234) to work on /home/airflow/.local/lib/python3.12/site-packages/airflow/example_dags/example_sla_dag.py
[2024-12-27T02:05:50.623+0000] {processor.py:914} INFO - Processing file /home/airflow/.local/lib/python3.12/site-packages/airflow/example_dags/example_sla_dag.py for tasks to queue
[2024-12-27T02:05:50.626+0000] {logging_mixin.py:190} INFO - [2024-12-27T02:05:50.626+0000] {dagbag.py:588} INFO - Filling up the DagBag from /home/airflow/.local/lib/python3.12/site-packages/airflow/example_dags/example_sla_dag.py
[2024-12-27T02:05:50.636+0000] {processor.py:925} INFO - DAG(s) 'example_sla_dag' retrieved from /home/airflow/.local/lib/python3.12/site-packages/airflow/example_dags/example_sla_dag.py
[2024-12-27T02:05:50.658+0000] {logging_mixin.py:190} INFO - [2024-12-27T02:05:50.658+0000] {dag.py:3239} INFO - Sync 1 DAGs
[2024-12-27T02:05:50.685+0000] {logging_mixin.py:190} INFO - [2024-12-27T02:05:50.685+0000] {dag.py:4180} INFO - Setting next_dagrun for example_sla_dag to 2024-12-27 02:02:00+00:00, run_after=2024-12-27 02:04:00+00:00
[2024-12-27T02:05:50.711+0000] {processor.py:208} INFO - Processing /home/airflow/.local/lib/python3.12/site-packages/airflow/example_dags/example_sla_dag.py took 0.094 seconds
[2024-12-27T02:06:21.000+0000] {processor.py:186} INFO - Started process (PID=1297) to work on /home/airflow/.local/lib/python3.12/site-packages/airflow/example_dags/example_sla_dag.py
[2024-12-27T02:06:21.001+0000] {processor.py:914} INFO - Processing file /home/airflow/.local/lib/python3.12/site-packages/airflow/example_dags/example_sla_dag.py for tasks to queue
[2024-12-27T02:06:21.005+0000] {logging_mixin.py:190} INFO - [2024-12-27T02:06:21.005+0000] {dagbag.py:588} INFO - Filling up the DagBag from /home/airflow/.local/lib/python3.12/site-packages/airflow/example_dags/example_sla_dag.py
[2024-12-27T02:06:21.015+0000] {processor.py:925} INFO - DAG(s) 'example_sla_dag' retrieved from /home/airflow/.local/lib/python3.12/site-packages/airflow/example_dags/example_sla_dag.py
[2024-12-27T02:06:21.038+0000] {logging_mixin.py:190} INFO - [2024-12-27T02:06:21.038+0000] {dag.py:3239} INFO - Sync 1 DAGs
[2024-12-27T02:06:21.065+0000] {logging_mixin.py:190} INFO - [2024-12-27T02:06:21.065+0000] {dag.py:4180} INFO - Setting next_dagrun for example_sla_dag to 2024-12-27 02:04:00+00:00, run_after=2024-12-27 02:06:00+00:00
[2024-12-27T02:06:21.090+0000] {processor.py:208} INFO - Processing /home/airflow/.local/lib/python3.12/site-packages/airflow/example_dags/example_sla_dag.py took 0.096 seconds
[2024-12-27T02:06:51.246+0000] {processor.py:186} INFO - Started process (PID=1360) to work on /home/airflow/.local/lib/python3.12/site-packages/airflow/example_dags/example_sla_dag.py
[2024-12-27T02:06:51.247+0000] {processor.py:914} INFO - Processing file /home/airflow/.local/lib/python3.12/site-packages/airflow/example_dags/example_sla_dag.py for tasks to queue
[2024-12-27T02:06:51.251+0000] {logging_mixin.py:190} INFO - [2024-12-27T02:06:51.250+0000] {dagbag.py:588} INFO - Filling up the DagBag from /home/airflow/.local/lib/python3.12/site-packages/airflow/example_dags/example_sla_dag.py
[2024-12-27T02:06:51.261+0000] {processor.py:925} INFO - DAG(s) 'example_sla_dag' retrieved from /home/airflow/.local/lib/python3.12/site-packages/airflow/example_dags/example_sla_dag.py
[2024-12-27T02:06:51.286+0000] {logging_mixin.py:190} INFO - [2024-12-27T02:06:51.286+0000] {dag.py:3239} INFO - Sync 1 DAGs
[2024-12-27T02:06:51.316+0000] {logging_mixin.py:190} INFO - [2024-12-27T02:06:51.316+0000] {dag.py:4180} INFO - Setting next_dagrun for example_sla_dag to 2024-12-27 02:04:00+00:00, run_after=2024-12-27 02:06:00+00:00
[2024-12-27T02:06:51.343+0000] {processor.py:208} INFO - Processing /home/airflow/.local/lib/python3.12/site-packages/airflow/example_dags/example_sla_dag.py took 0.103 seconds
[2024-12-27T02:07:21.453+0000] {processor.py:186} INFO - Started process (PID=1423) to work on /home/airflow/.local/lib/python3.12/site-packages/airflow/example_dags/example_sla_dag.py
[2024-12-27T02:07:21.455+0000] {processor.py:914} INFO - Processing file /home/airflow/.local/lib/python3.12/site-packages/airflow/example_dags/example_sla_dag.py for tasks to queue
[2024-12-27T02:07:21.458+0000] {logging_mixin.py:190} INFO - [2024-12-27T02:07:21.458+0000] {dagbag.py:588} INFO - Filling up the DagBag from /home/airflow/.local/lib/python3.12/site-packages/airflow/example_dags/example_sla_dag.py
[2024-12-27T02:07:21.467+0000] {processor.py:925} INFO - DAG(s) 'example_sla_dag' retrieved from /home/airflow/.local/lib/python3.12/site-packages/airflow/example_dags/example_sla_dag.py
[2024-12-27T02:07:21.490+0000] {logging_mixin.py:190} INFO - [2024-12-27T02:07:21.490+0000] {dag.py:3239} INFO - Sync 1 DAGs
[2024-12-27T02:07:21.514+0000] {logging_mixin.py:190} INFO - [2024-12-27T02:07:21.514+0000] {dag.py:4180} INFO - Setting next_dagrun for example_sla_dag to 2024-12-27 02:04:00+00:00, run_after=2024-12-27 02:06:00+00:00
[2024-12-27T02:07:21.538+0000] {processor.py:208} INFO - Processing /home/airflow/.local/lib/python3.12/site-packages/airflow/example_dags/example_sla_dag.py took 0.090 seconds
[2024-12-27T02:07:52.353+0000] {processor.py:186} INFO - Started process (PID=1486) to work on /home/airflow/.local/lib/python3.12/site-packages/airflow/example_dags/example_sla_dag.py
[2024-12-27T02:07:52.355+0000] {processor.py:914} INFO - Processing file /home/airflow/.local/lib/python3.12/site-packages/airflow/example_dags/example_sla_dag.py for tasks to queue
[2024-12-27T02:07:52.357+0000] {logging_mixin.py:190} INFO - [2024-12-27T02:07:52.357+0000] {dagbag.py:588} INFO - Filling up the DagBag from /home/airflow/.local/lib/python3.12/site-packages/airflow/example_dags/example_sla_dag.py
[2024-12-27T02:07:52.366+0000] {processor.py:925} INFO - DAG(s) 'example_sla_dag' retrieved from /home/airflow/.local/lib/python3.12/site-packages/airflow/example_dags/example_sla_dag.py
[2024-12-27T02:07:52.390+0000] {logging_mixin.py:190} INFO - [2024-12-27T02:07:52.389+0000] {dag.py:3239} INFO - Sync 1 DAGs
[2024-12-27T02:07:52.416+0000] {logging_mixin.py:190} INFO - [2024-12-27T02:07:52.416+0000] {dag.py:4180} INFO - Setting next_dagrun for example_sla_dag to 2024-12-27 02:04:00+00:00, run_after=2024-12-27 02:06:00+00:00
[2024-12-27T02:07:52.448+0000] {processor.py:208} INFO - Processing /home/airflow/.local/lib/python3.12/site-packages/airflow/example_dags/example_sla_dag.py took 0.101 seconds
[2024-12-27T02:08:22.848+0000] {processor.py:186} INFO - Started process (PID=1549) to work on /home/airflow/.local/lib/python3.12/site-packages/airflow/example_dags/example_sla_dag.py
[2024-12-27T02:08:22.850+0000] {processor.py:914} INFO - Processing file /home/airflow/.local/lib/python3.12/site-packages/airflow/example_dags/example_sla_dag.py for tasks to queue
[2024-12-27T02:08:22.853+0000] {logging_mixin.py:190} INFO - [2024-12-27T02:08:22.852+0000] {dagbag.py:588} INFO - Filling up the DagBag from /home/airflow/.local/lib/python3.12/site-packages/airflow/example_dags/example_sla_dag.py
[2024-12-27T02:08:22.864+0000] {processor.py:925} INFO - DAG(s) 'example_sla_dag' retrieved from /home/airflow/.local/lib/python3.12/site-packages/airflow/example_dags/example_sla_dag.py
[2024-12-27T02:08:22.891+0000] {logging_mixin.py:190} INFO - [2024-12-27T02:08:22.891+0000] {dag.py:3239} INFO - Sync 1 DAGs
[2024-12-27T02:08:22.920+0000] {logging_mixin.py:190} INFO - [2024-12-27T02:08:22.920+0000] {dag.py:4180} INFO - Setting next_dagrun for example_sla_dag to 2024-12-27 02:06:00+00:00, run_after=2024-12-27 02:08:00+00:00
[2024-12-27T02:08:22.947+0000] {processor.py:208} INFO - Processing /home/airflow/.local/lib/python3.12/site-packages/airflow/example_dags/example_sla_dag.py took 0.105 seconds
[2024-12-27T02:08:53.146+0000] {processor.py:186} INFO - Started process (PID=1612) to work on /home/airflow/.local/lib/python3.12/site-packages/airflow/example_dags/example_sla_dag.py
[2024-12-27T02:08:53.147+0000] {processor.py:914} INFO - Processing file /home/airflow/.local/lib/python3.12/site-packages/airflow/example_dags/example_sla_dag.py for tasks to queue
[2024-12-27T02:08:53.151+0000] {logging_mixin.py:190} INFO - [2024-12-27T02:08:53.150+0000] {dagbag.py:588} INFO - Filling up the DagBag from /home/airflow/.local/lib/python3.12/site-packages/airflow/example_dags/example_sla_dag.py
[2024-12-27T02:08:53.166+0000] {processor.py:925} INFO - DAG(s) 'example_sla_dag' retrieved from /home/airflow/.local/lib/python3.12/site-packages/airflow/example_dags/example_sla_dag.py
[2024-12-27T02:08:53.198+0000] {logging_mixin.py:190} INFO - [2024-12-27T02:08:53.197+0000] {dag.py:3239} INFO - Sync 1 DAGs
[2024-12-27T02:08:53.228+0000] {logging_mixin.py:190} INFO - [2024-12-27T02:08:53.228+0000] {dag.py:4180} INFO - Setting next_dagrun for example_sla_dag to 2024-12-27 02:06:00+00:00, run_after=2024-12-27 02:08:00+00:00
[2024-12-27T02:08:53.257+0000] {processor.py:208} INFO - Processing /home/airflow/.local/lib/python3.12/site-packages/airflow/example_dags/example_sla_dag.py took 0.116 seconds
[2024-12-27T02:09:23.921+0000] {processor.py:186} INFO - Started process (PID=1681) to work on /home/airflow/.local/lib/python3.12/site-packages/airflow/example_dags/example_sla_dag.py
[2024-12-27T02:09:23.923+0000] {processor.py:914} INFO - Processing file /home/airflow/.local/lib/python3.12/site-packages/airflow/example_dags/example_sla_dag.py for tasks to queue
[2024-12-27T02:09:23.926+0000] {logging_mixin.py:190} INFO - [2024-12-27T02:09:23.925+0000] {dagbag.py:588} INFO - Filling up the DagBag from /home/airflow/.local/lib/python3.12/site-packages/airflow/example_dags/example_sla_dag.py
[2024-12-27T02:09:23.937+0000] {processor.py:925} INFO - DAG(s) 'example_sla_dag' retrieved from /home/airflow/.local/lib/python3.12/site-packages/airflow/example_dags/example_sla_dag.py
[2024-12-27T02:09:23.961+0000] {logging_mixin.py:190} INFO - [2024-12-27T02:09:23.960+0000] {dag.py:3239} INFO - Sync 1 DAGs
[2024-12-27T02:09:23.991+0000] {logging_mixin.py:190} INFO - [2024-12-27T02:09:23.991+0000] {dag.py:4180} INFO - Setting next_dagrun for example_sla_dag to 2024-12-27 02:06:00+00:00, run_after=2024-12-27 02:08:00+00:00
[2024-12-27T02:09:24.019+0000] {processor.py:208} INFO - Processing /home/airflow/.local/lib/python3.12/site-packages/airflow/example_dags/example_sla_dag.py took 0.104 seconds
[2024-12-27T02:09:54.482+0000] {processor.py:186} INFO - Started process (PID=1744) to work on /home/airflow/.local/lib/python3.12/site-packages/airflow/example_dags/example_sla_dag.py
[2024-12-27T02:09:54.483+0000] {processor.py:914} INFO - Processing file /home/airflow/.local/lib/python3.12/site-packages/airflow/example_dags/example_sla_dag.py for tasks to queue
[2024-12-27T02:09:54.487+0000] {logging_mixin.py:190} INFO - [2024-12-27T02:09:54.486+0000] {dagbag.py:588} INFO - Filling up the DagBag from /home/airflow/.local/lib/python3.12/site-packages/airflow/example_dags/example_sla_dag.py
[2024-12-27T02:09:54.497+0000] {processor.py:925} INFO - DAG(s) 'example_sla_dag' retrieved from /home/airflow/.local/lib/python3.12/site-packages/airflow/example_dags/example_sla_dag.py
[2024-12-27T02:09:54.522+0000] {logging_mixin.py:190} INFO - [2024-12-27T02:09:54.522+0000] {dag.py:3239} INFO - Sync 1 DAGs
[2024-12-27T02:09:54.553+0000] {logging_mixin.py:190} INFO - [2024-12-27T02:09:54.553+0000] {dag.py:4180} INFO - Setting next_dagrun for example_sla_dag to 2024-12-27 02:06:00+00:00, run_after=2024-12-27 02:08:00+00:00
[2024-12-27T02:09:54.583+0000] {processor.py:208} INFO - Processing /home/airflow/.local/lib/python3.12/site-packages/airflow/example_dags/example_sla_dag.py took 0.107 seconds
[2024-12-27T02:10:24.771+0000] {processor.py:186} INFO - Started process (PID=1807) to work on /home/airflow/.local/lib/python3.12/site-packages/airflow/example_dags/example_sla_dag.py
[2024-12-27T02:10:24.774+0000] {processor.py:914} INFO - Processing file /home/airflow/.local/lib/python3.12/site-packages/airflow/example_dags/example_sla_dag.py for tasks to queue
[2024-12-27T02:10:24.777+0000] {logging_mixin.py:190} INFO - [2024-12-27T02:10:24.777+0000] {dagbag.py:588} INFO - Filling up the DagBag from /home/airflow/.local/lib/python3.12/site-packages/airflow/example_dags/example_sla_dag.py
[2024-12-27T02:10:24.795+0000] {processor.py:925} INFO - DAG(s) 'example_sla_dag' retrieved from /home/airflow/.local/lib/python3.12/site-packages/airflow/example_dags/example_sla_dag.py
[2024-12-27T02:10:24.835+0000] {logging_mixin.py:190} INFO - [2024-12-27T02:10:24.834+0000] {dag.py:3239} INFO - Sync 1 DAGs
[2024-12-27T02:10:24.886+0000] {logging_mixin.py:190} INFO - [2024-12-27T02:10:24.886+0000] {dag.py:4180} INFO - Setting next_dagrun for example_sla_dag to 2024-12-27 02:08:00+00:00, run_after=2024-12-27 02:10:00+00:00
[2024-12-27T02:10:24.925+0000] {processor.py:208} INFO - Processing /home/airflow/.local/lib/python3.12/site-packages/airflow/example_dags/example_sla_dag.py took 0.163 seconds
[2024-12-27T02:10:55.070+0000] {processor.py:186} INFO - Started process (PID=1870) to work on /home/airflow/.local/lib/python3.12/site-packages/airflow/example_dags/example_sla_dag.py
[2024-12-27T02:10:55.072+0000] {processor.py:914} INFO - Processing file /home/airflow/.local/lib/python3.12/site-packages/airflow/example_dags/example_sla_dag.py for tasks to queue
[2024-12-27T02:10:55.077+0000] {logging_mixin.py:190} INFO - [2024-12-27T02:10:55.076+0000] {dagbag.py:588} INFO - Filling up the DagBag from /home/airflow/.local/lib/python3.12/site-packages/airflow/example_dags/example_sla_dag.py
[2024-12-27T02:10:55.101+0000] {processor.py:925} INFO - DAG(s) 'example_sla_dag' retrieved from /home/airflow/.local/lib/python3.12/site-packages/airflow/example_dags/example_sla_dag.py
[2024-12-27T02:10:55.149+0000] {logging_mixin.py:190} INFO - [2024-12-27T02:10:55.148+0000] {dag.py:3239} INFO - Sync 1 DAGs
[2024-12-27T02:10:55.200+0000] {logging_mixin.py:190} INFO - [2024-12-27T02:10:55.199+0000] {dag.py:4180} INFO - Setting next_dagrun for example_sla_dag to 2024-12-27 02:08:00+00:00, run_after=2024-12-27 02:10:00+00:00
[2024-12-27T02:10:55.239+0000] {processor.py:208} INFO - Processing /home/airflow/.local/lib/python3.12/site-packages/airflow/example_dags/example_sla_dag.py took 0.177 seconds
[2024-12-27T02:11:25.554+0000] {processor.py:186} INFO - Started process (PID=1934) to work on /home/airflow/.local/lib/python3.12/site-packages/airflow/example_dags/example_sla_dag.py
[2024-12-27T02:11:25.555+0000] {processor.py:914} INFO - Processing file /home/airflow/.local/lib/python3.12/site-packages/airflow/example_dags/example_sla_dag.py for tasks to queue
[2024-12-27T02:11:25.559+0000] {logging_mixin.py:190} INFO - [2024-12-27T02:11:25.559+0000] {dagbag.py:588} INFO - Filling up the DagBag from /home/airflow/.local/lib/python3.12/site-packages/airflow/example_dags/example_sla_dag.py
[2024-12-27T02:11:25.577+0000] {processor.py:925} INFO - DAG(s) 'example_sla_dag' retrieved from /home/airflow/.local/lib/python3.12/site-packages/airflow/example_dags/example_sla_dag.py
[2024-12-27T02:11:25.612+0000] {logging_mixin.py:190} INFO - [2024-12-27T02:11:25.611+0000] {dag.py:3239} INFO - Sync 1 DAGs
[2024-12-27T02:11:25.665+0000] {logging_mixin.py:190} INFO - [2024-12-27T02:11:25.664+0000] {dag.py:4180} INFO - Setting next_dagrun for example_sla_dag to 2024-12-27 02:08:00+00:00, run_after=2024-12-27 02:10:00+00:00
[2024-12-27T02:11:25.696+0000] {processor.py:208} INFO - Processing /home/airflow/.local/lib/python3.12/site-packages/airflow/example_dags/example_sla_dag.py took 0.151 seconds
[2024-12-27T02:11:55.798+0000] {processor.py:186} INFO - Started process (PID=1996) to work on /home/airflow/.local/lib/python3.12/site-packages/airflow/example_dags/example_sla_dag.py
[2024-12-27T02:11:55.800+0000] {processor.py:914} INFO - Processing file /home/airflow/.local/lib/python3.12/site-packages/airflow/example_dags/example_sla_dag.py for tasks to queue
[2024-12-27T02:11:55.803+0000] {logging_mixin.py:190} INFO - [2024-12-27T02:11:55.803+0000] {dagbag.py:588} INFO - Filling up the DagBag from /home/airflow/.local/lib/python3.12/site-packages/airflow/example_dags/example_sla_dag.py
[2024-12-27T02:11:55.815+0000] {processor.py:925} INFO - DAG(s) 'example_sla_dag' retrieved from /home/airflow/.local/lib/python3.12/site-packages/airflow/example_dags/example_sla_dag.py
[2024-12-27T02:11:55.841+0000] {logging_mixin.py:190} INFO - [2024-12-27T02:11:55.840+0000] {dag.py:3239} INFO - Sync 1 DAGs
[2024-12-27T02:11:55.873+0000] {logging_mixin.py:190} INFO - [2024-12-27T02:11:55.872+0000] {dag.py:4180} INFO - Setting next_dagrun for example_sla_dag to 2024-12-27 02:08:00+00:00, run_after=2024-12-27 02:10:00+00:00
[2024-12-27T02:11:56.090+0000] {processor.py:208} INFO - Processing /home/airflow/.local/lib/python3.12/site-packages/airflow/example_dags/example_sla_dag.py took 0.297 seconds
[2024-12-27T02:12:26.220+0000] {processor.py:186} INFO - Started process (PID=2059) to work on /home/airflow/.local/lib/python3.12/site-packages/airflow/example_dags/example_sla_dag.py
[2024-12-27T02:12:26.221+0000] {processor.py:914} INFO - Processing file /home/airflow/.local/lib/python3.12/site-packages/airflow/example_dags/example_sla_dag.py for tasks to queue
[2024-12-27T02:12:26.225+0000] {logging_mixin.py:190} INFO - [2024-12-27T02:12:26.224+0000] {dagbag.py:588} INFO - Filling up the DagBag from /home/airflow/.local/lib/python3.12/site-packages/airflow/example_dags/example_sla_dag.py
[2024-12-27T02:12:26.236+0000] {processor.py:925} INFO - DAG(s) 'example_sla_dag' retrieved from /home/airflow/.local/lib/python3.12/site-packages/airflow/example_dags/example_sla_dag.py
[2024-12-27T02:12:26.264+0000] {logging_mixin.py:190} INFO - [2024-12-27T02:12:26.263+0000] {dag.py:3239} INFO - Sync 1 DAGs
[2024-12-27T02:12:26.296+0000] {logging_mixin.py:190} INFO - [2024-12-27T02:12:26.295+0000] {dag.py:4180} INFO - Setting next_dagrun for example_sla_dag to 2024-12-27 02:10:00+00:00, run_after=2024-12-27 02:12:00+00:00
[2024-12-27T02:12:26.323+0000] {processor.py:208} INFO - Processing /home/airflow/.local/lib/python3.12/site-packages/airflow/example_dags/example_sla_dag.py took 0.108 seconds
[2024-12-27T02:12:56.451+0000] {processor.py:186} INFO - Started process (PID=2122) to work on /home/airflow/.local/lib/python3.12/site-packages/airflow/example_dags/example_sla_dag.py
[2024-12-27T02:12:56.453+0000] {processor.py:914} INFO - Processing file /home/airflow/.local/lib/python3.12/site-packages/airflow/example_dags/example_sla_dag.py for tasks to queue
[2024-12-27T02:12:56.455+0000] {logging_mixin.py:190} INFO - [2024-12-27T02:12:56.455+0000] {dagbag.py:588} INFO - Filling up the DagBag from /home/airflow/.local/lib/python3.12/site-packages/airflow/example_dags/example_sla_dag.py
[2024-12-27T02:12:56.467+0000] {processor.py:925} INFO - DAG(s) 'example_sla_dag' retrieved from /home/airflow/.local/lib/python3.12/site-packages/airflow/example_dags/example_sla_dag.py
[2024-12-27T02:12:56.494+0000] {logging_mixin.py:190} INFO - [2024-12-27T02:12:56.494+0000] {dag.py:3239} INFO - Sync 1 DAGs
[2024-12-27T02:12:56.527+0000] {logging_mixin.py:190} INFO - [2024-12-27T02:12:56.527+0000] {dag.py:4180} INFO - Setting next_dagrun for example_sla_dag to 2024-12-27 02:10:00+00:00, run_after=2024-12-27 02:12:00+00:00
[2024-12-27T02:12:56.555+0000] {processor.py:208} INFO - Processing /home/airflow/.local/lib/python3.12/site-packages/airflow/example_dags/example_sla_dag.py took 0.109 seconds
[2024-12-27T02:13:26.726+0000] {processor.py:186} INFO - Started process (PID=2185) to work on /home/airflow/.local/lib/python3.12/site-packages/airflow/example_dags/example_sla_dag.py
[2024-12-27T02:13:26.727+0000] {processor.py:914} INFO - Processing file /home/airflow/.local/lib/python3.12/site-packages/airflow/example_dags/example_sla_dag.py for tasks to queue
[2024-12-27T02:13:26.730+0000] {logging_mixin.py:190} INFO - [2024-12-27T02:13:26.730+0000] {dagbag.py:588} INFO - Filling up the DagBag from /home/airflow/.local/lib/python3.12/site-packages/airflow/example_dags/example_sla_dag.py
[2024-12-27T02:13:26.740+0000] {processor.py:925} INFO - DAG(s) 'example_sla_dag' retrieved from /home/airflow/.local/lib/python3.12/site-packages/airflow/example_dags/example_sla_dag.py
[2024-12-27T02:13:26.766+0000] {logging_mixin.py:190} INFO - [2024-12-27T02:13:26.766+0000] {dag.py:3239} INFO - Sync 1 DAGs
[2024-12-27T02:13:26.794+0000] {logging_mixin.py:190} INFO - [2024-12-27T02:13:26.794+0000] {dag.py:4180} INFO - Setting next_dagrun for example_sla_dag to 2024-12-27 02:10:00+00:00, run_after=2024-12-27 02:12:00+00:00
[2024-12-27T02:13:26.822+0000] {processor.py:208} INFO - Processing /home/airflow/.local/lib/python3.12/site-packages/airflow/example_dags/example_sla_dag.py took 0.101 seconds
[2024-12-27T02:13:57.668+0000] {processor.py:186} INFO - Started process (PID=2248) to work on /home/airflow/.local/lib/python3.12/site-packages/airflow/example_dags/example_sla_dag.py
[2024-12-27T02:13:57.670+0000] {processor.py:914} INFO - Processing file /home/airflow/.local/lib/python3.12/site-packages/airflow/example_dags/example_sla_dag.py for tasks to queue
[2024-12-27T02:13:57.673+0000] {logging_mixin.py:190} INFO - [2024-12-27T02:13:57.672+0000] {dagbag.py:588} INFO - Filling up the DagBag from /home/airflow/.local/lib/python3.12/site-packages/airflow/example_dags/example_sla_dag.py
[2024-12-27T02:13:57.684+0000] {processor.py:925} INFO - DAG(s) 'example_sla_dag' retrieved from /home/airflow/.local/lib/python3.12/site-packages/airflow/example_dags/example_sla_dag.py
[2024-12-27T02:13:57.711+0000] {logging_mixin.py:190} INFO - [2024-12-27T02:13:57.711+0000] {dag.py:3239} INFO - Sync 1 DAGs
[2024-12-27T02:13:57.744+0000] {logging_mixin.py:190} INFO - [2024-12-27T02:13:57.744+0000] {dag.py:4180} INFO - Setting next_dagrun for example_sla_dag to 2024-12-27 02:10:00+00:00, run_after=2024-12-27 02:12:00+00:00
[2024-12-27T02:13:57.777+0000] {processor.py:208} INFO - Processing /home/airflow/.local/lib/python3.12/site-packages/airflow/example_dags/example_sla_dag.py took 0.115 seconds
[2024-12-27T02:14:32.257+0000] {processor.py:186} INFO - Started process (PID=2311) to work on /home/airflow/.local/lib/python3.12/site-packages/airflow/example_dags/example_sla_dag.py
[2024-12-27T02:14:32.375+0000] {processor.py:914} INFO - Processing file /home/airflow/.local/lib/python3.12/site-packages/airflow/example_dags/example_sla_dag.py for tasks to queue
[2024-12-27T02:14:32.378+0000] {logging_mixin.py:190} INFO - [2024-12-27T02:14:32.378+0000] {dagbag.py:588} INFO - Filling up the DagBag from /home/airflow/.local/lib/python3.12/site-packages/airflow/example_dags/example_sla_dag.py
[2024-12-27T02:14:32.387+0000] {processor.py:925} INFO - DAG(s) 'example_sla_dag' retrieved from /home/airflow/.local/lib/python3.12/site-packages/airflow/example_dags/example_sla_dag.py
[2024-12-27T02:14:32.411+0000] {logging_mixin.py:190} INFO - [2024-12-27T02:14:32.411+0000] {dag.py:3239} INFO - Sync 1 DAGs
[2024-12-27T02:14:32.660+0000] {logging_mixin.py:190} INFO - [2024-12-27T02:14:32.660+0000] {dag.py:4180} INFO - Setting next_dagrun for example_sla_dag to 2024-12-27 02:12:00+00:00, run_after=2024-12-27 02:14:00+00:00
[2024-12-27T02:14:33.156+0000] {processor.py:208} INFO - Processing /home/airflow/.local/lib/python3.12/site-packages/airflow/example_dags/example_sla_dag.py took 0.904 seconds
[2024-12-27T02:15:03.438+0000] {processor.py:186} INFO - Started process (PID=2375) to work on /home/airflow/.local/lib/python3.12/site-packages/airflow/example_dags/example_sla_dag.py
[2024-12-27T02:15:03.439+0000] {processor.py:914} INFO - Processing file /home/airflow/.local/lib/python3.12/site-packages/airflow/example_dags/example_sla_dag.py for tasks to queue
[2024-12-27T02:15:03.442+0000] {logging_mixin.py:190} INFO - [2024-12-27T02:15:03.442+0000] {dagbag.py:588} INFO - Filling up the DagBag from /home/airflow/.local/lib/python3.12/site-packages/airflow/example_dags/example_sla_dag.py
[2024-12-27T02:15:03.453+0000] {processor.py:925} INFO - DAG(s) 'example_sla_dag' retrieved from /home/airflow/.local/lib/python3.12/site-packages/airflow/example_dags/example_sla_dag.py
[2024-12-27T02:15:03.478+0000] {logging_mixin.py:190} INFO - [2024-12-27T02:15:03.478+0000] {dag.py:3239} INFO - Sync 1 DAGs
[2024-12-27T02:15:03.674+0000] {logging_mixin.py:190} INFO - [2024-12-27T02:15:03.673+0000] {dag.py:4180} INFO - Setting next_dagrun for example_sla_dag to 2024-12-27 02:12:00+00:00, run_after=2024-12-27 02:14:00+00:00
[2024-12-27T02:15:03.718+0000] {processor.py:208} INFO - Processing /home/airflow/.local/lib/python3.12/site-packages/airflow/example_dags/example_sla_dag.py took 0.286 seconds
[2024-12-27T02:15:33.949+0000] {processor.py:186} INFO - Started process (PID=2438) to work on /home/airflow/.local/lib/python3.12/site-packages/airflow/example_dags/example_sla_dag.py
[2024-12-27T02:15:33.951+0000] {processor.py:914} INFO - Processing file /home/airflow/.local/lib/python3.12/site-packages/airflow/example_dags/example_sla_dag.py for tasks to queue
[2024-12-27T02:15:33.954+0000] {logging_mixin.py:190} INFO - [2024-12-27T02:15:33.953+0000] {dagbag.py:588} INFO - Filling up the DagBag from /home/airflow/.local/lib/python3.12/site-packages/airflow/example_dags/example_sla_dag.py
[2024-12-27T02:15:33.967+0000] {processor.py:925} INFO - DAG(s) 'example_sla_dag' retrieved from /home/airflow/.local/lib/python3.12/site-packages/airflow/example_dags/example_sla_dag.py
[2024-12-27T02:15:33.996+0000] {logging_mixin.py:190} INFO - [2024-12-27T02:15:33.996+0000] {dag.py:3239} INFO - Sync 1 DAGs
[2024-12-27T02:15:34.042+0000] {logging_mixin.py:190} INFO - [2024-12-27T02:15:34.041+0000] {dag.py:4180} INFO - Setting next_dagrun for example_sla_dag to 2024-12-27 02:12:00+00:00, run_after=2024-12-27 02:14:00+00:00
[2024-12-27T02:15:34.078+0000] {processor.py:208} INFO - Processing /home/airflow/.local/lib/python3.12/site-packages/airflow/example_dags/example_sla_dag.py took 0.136 seconds
[2024-12-27T02:16:04.288+0000] {processor.py:186} INFO - Started process (PID=2501) to work on /home/airflow/.local/lib/python3.12/site-packages/airflow/example_dags/example_sla_dag.py
[2024-12-27T02:16:04.290+0000] {processor.py:914} INFO - Processing file /home/airflow/.local/lib/python3.12/site-packages/airflow/example_dags/example_sla_dag.py for tasks to queue
[2024-12-27T02:16:04.293+0000] {logging_mixin.py:190} INFO - [2024-12-27T02:16:04.292+0000] {dagbag.py:588} INFO - Filling up the DagBag from /home/airflow/.local/lib/python3.12/site-packages/airflow/example_dags/example_sla_dag.py
[2024-12-27T02:16:04.304+0000] {processor.py:925} INFO - DAG(s) 'example_sla_dag' retrieved from /home/airflow/.local/lib/python3.12/site-packages/airflow/example_dags/example_sla_dag.py
[2024-12-27T02:16:04.328+0000] {logging_mixin.py:190} INFO - [2024-12-27T02:16:04.327+0000] {dag.py:3239} INFO - Sync 1 DAGs
[2024-12-27T02:16:04.357+0000] {logging_mixin.py:190} INFO - [2024-12-27T02:16:04.357+0000] {dag.py:4180} INFO - Setting next_dagrun for example_sla_dag to 2024-12-27 02:14:00+00:00, run_after=2024-12-27 02:16:00+00:00
[2024-12-27T02:16:04.384+0000] {processor.py:208} INFO - Processing /home/airflow/.local/lib/python3.12/site-packages/airflow/example_dags/example_sla_dag.py took 0.101 seconds
[2024-12-27T02:16:34.831+0000] {processor.py:186} INFO - Started process (PID=2564) to work on /home/airflow/.local/lib/python3.12/site-packages/airflow/example_dags/example_sla_dag.py
[2024-12-27T02:16:34.832+0000] {processor.py:914} INFO - Processing file /home/airflow/.local/lib/python3.12/site-packages/airflow/example_dags/example_sla_dag.py for tasks to queue
[2024-12-27T02:16:34.835+0000] {logging_mixin.py:190} INFO - [2024-12-27T02:16:34.835+0000] {dagbag.py:588} INFO - Filling up the DagBag from /home/airflow/.local/lib/python3.12/site-packages/airflow/example_dags/example_sla_dag.py
[2024-12-27T02:16:34.846+0000] {processor.py:925} INFO - DAG(s) 'example_sla_dag' retrieved from /home/airflow/.local/lib/python3.12/site-packages/airflow/example_dags/example_sla_dag.py
[2024-12-27T02:16:34.872+0000] {logging_mixin.py:190} INFO - [2024-12-27T02:16:34.871+0000] {dag.py:3239} INFO - Sync 1 DAGs
[2024-12-27T02:16:34.900+0000] {logging_mixin.py:190} INFO - [2024-12-27T02:16:34.900+0000] {dag.py:4180} INFO - Setting next_dagrun for example_sla_dag to 2024-12-27 02:14:00+00:00, run_after=2024-12-27 02:16:00+00:00
[2024-12-27T02:16:34.931+0000] {processor.py:208} INFO - Processing /home/airflow/.local/lib/python3.12/site-packages/airflow/example_dags/example_sla_dag.py took 0.107 seconds
[2024-12-27T02:17:05.307+0000] {processor.py:186} INFO - Started process (PID=2627) to work on /home/airflow/.local/lib/python3.12/site-packages/airflow/example_dags/example_sla_dag.py
[2024-12-27T02:17:05.309+0000] {processor.py:914} INFO - Processing file /home/airflow/.local/lib/python3.12/site-packages/airflow/example_dags/example_sla_dag.py for tasks to queue
[2024-12-27T02:17:05.312+0000] {logging_mixin.py:190} INFO - [2024-12-27T02:17:05.312+0000] {dagbag.py:588} INFO - Filling up the DagBag from /home/airflow/.local/lib/python3.12/site-packages/airflow/example_dags/example_sla_dag.py
[2024-12-27T02:17:05.326+0000] {processor.py:925} INFO - DAG(s) 'example_sla_dag' retrieved from /home/airflow/.local/lib/python3.12/site-packages/airflow/example_dags/example_sla_dag.py
[2024-12-27T02:17:05.356+0000] {logging_mixin.py:190} INFO - [2024-12-27T02:17:05.355+0000] {dag.py:3239} INFO - Sync 1 DAGs
[2024-12-27T02:17:05.395+0000] {logging_mixin.py:190} INFO - [2024-12-27T02:17:05.395+0000] {dag.py:4180} INFO - Setting next_dagrun for example_sla_dag to 2024-12-27 02:14:00+00:00, run_after=2024-12-27 02:16:00+00:00
[2024-12-27T02:17:05.440+0000] {processor.py:208} INFO - Processing /home/airflow/.local/lib/python3.12/site-packages/airflow/example_dags/example_sla_dag.py took 0.140 seconds
