[2024-12-27T01:56:28.726+0000] {processor.py:186} INFO - Started process (PID=97) to work on /home/airflow/.local/lib/python3.12/site-packages/airflow/example_dags/example_branch_labels.py
[2024-12-27T01:56:28.729+0000] {processor.py:914} INFO - Processing file /home/airflow/.local/lib/python3.12/site-packages/airflow/example_dags/example_branch_labels.py for tasks to queue
[2024-12-27T01:56:28.733+0000] {logging_mixin.py:190} INFO - [2024-12-27T01:56:28.732+0000] {dagbag.py:588} INFO - Filling up the DagBag from /home/airflow/.local/lib/python3.12/site-packages/airflow/example_dags/example_branch_labels.py
[2024-12-27T01:56:28.748+0000] {processor.py:925} INFO - DAG(s) 'example_branch_labels' retrieved from /home/airflow/.local/lib/python3.12/site-packages/airflow/example_dags/example_branch_labels.py
[2024-12-27T01:56:28.888+0000] {logging_mixin.py:190} INFO - [2024-12-27T01:56:28.887+0000] {override.py:1911} INFO - Created Permission View: can read on DAG:example_branch_labels
[2024-12-27T01:56:28.904+0000] {logging_mixin.py:190} INFO - [2024-12-27T01:56:28.903+0000] {override.py:1911} INFO - Created Permission View: can edit on DAG:example_branch_labels
[2024-12-27T01:56:28.917+0000] {logging_mixin.py:190} INFO - [2024-12-27T01:56:28.916+0000] {override.py:1911} INFO - Created Permission View: can delete on DAG:example_branch_labels
[2024-12-27T01:56:28.931+0000] {logging_mixin.py:190} INFO - [2024-12-27T01:56:28.931+0000] {override.py:1911} INFO - Created Permission View: menu access on DAG Run:example_branch_labels
[2024-12-27T01:56:28.946+0000] {logging_mixin.py:190} INFO - [2024-12-27T01:56:28.946+0000] {override.py:1911} INFO - Created Permission View: can read on DAG Run:example_branch_labels
[2024-12-27T01:56:28.962+0000] {logging_mixin.py:190} INFO - [2024-12-27T01:56:28.961+0000] {override.py:1911} INFO - Created Permission View: can create on DAG Run:example_branch_labels
[2024-12-27T01:56:28.974+0000] {logging_mixin.py:190} INFO - [2024-12-27T01:56:28.974+0000] {override.py:1911} INFO - Created Permission View: can delete on DAG Run:example_branch_labels
[2024-12-27T01:56:28.975+0000] {logging_mixin.py:190} INFO - [2024-12-27T01:56:28.975+0000] {dag.py:3239} INFO - Sync 1 DAGs
[2024-12-27T01:56:28.990+0000] {logging_mixin.py:190} INFO - [2024-12-27T01:56:28.990+0000] {dag.py:3262} INFO - Creating ORM DAG for example_branch_labels
[2024-12-27T01:56:29.004+0000] {logging_mixin.py:190} INFO - [2024-12-27T01:56:29.004+0000] {dag.py:4180} INFO - Setting next_dagrun for example_branch_labels to 2024-12-26 00:00:00+00:00, run_after=2024-12-27 00:00:00+00:00
[2024-12-27T01:56:29.028+0000] {processor.py:208} INFO - Processing /home/airflow/.local/lib/python3.12/site-packages/airflow/example_dags/example_branch_labels.py took 0.310 seconds
[2024-12-27T01:57:00.198+0000] {processor.py:186} INFO - Started process (PID=160) to work on /home/airflow/.local/lib/python3.12/site-packages/airflow/example_dags/example_branch_labels.py
[2024-12-27T01:57:00.199+0000] {processor.py:914} INFO - Processing file /home/airflow/.local/lib/python3.12/site-packages/airflow/example_dags/example_branch_labels.py for tasks to queue
[2024-12-27T01:57:00.203+0000] {logging_mixin.py:190} INFO - [2024-12-27T01:57:00.203+0000] {dagbag.py:588} INFO - Filling up the DagBag from /home/airflow/.local/lib/python3.12/site-packages/airflow/example_dags/example_branch_labels.py
[2024-12-27T01:57:00.213+0000] {processor.py:925} INFO - DAG(s) 'example_branch_labels' retrieved from /home/airflow/.local/lib/python3.12/site-packages/airflow/example_dags/example_branch_labels.py
[2024-12-27T01:57:00.239+0000] {logging_mixin.py:190} INFO - [2024-12-27T01:57:00.239+0000] {dag.py:3239} INFO - Sync 1 DAGs
[2024-12-27T01:57:00.266+0000] {logging_mixin.py:190} INFO - [2024-12-27T01:57:00.265+0000] {dag.py:4180} INFO - Setting next_dagrun for example_branch_labels to 2024-12-26 00:00:00+00:00, run_after=2024-12-27 00:00:00+00:00
[2024-12-27T01:57:00.293+0000] {processor.py:208} INFO - Processing /home/airflow/.local/lib/python3.12/site-packages/airflow/example_dags/example_branch_labels.py took 0.100 seconds
[2024-12-27T01:57:31.842+0000] {processor.py:186} INFO - Started process (PID=223) to work on /home/airflow/.local/lib/python3.12/site-packages/airflow/example_dags/example_branch_labels.py
[2024-12-27T01:57:31.843+0000] {processor.py:914} INFO - Processing file /home/airflow/.local/lib/python3.12/site-packages/airflow/example_dags/example_branch_labels.py for tasks to queue
[2024-12-27T01:57:31.845+0000] {logging_mixin.py:190} INFO - [2024-12-27T01:57:31.845+0000] {dagbag.py:588} INFO - Filling up the DagBag from /home/airflow/.local/lib/python3.12/site-packages/airflow/example_dags/example_branch_labels.py
[2024-12-27T01:57:31.854+0000] {processor.py:925} INFO - DAG(s) 'example_branch_labels' retrieved from /home/airflow/.local/lib/python3.12/site-packages/airflow/example_dags/example_branch_labels.py
[2024-12-27T01:57:31.877+0000] {logging_mixin.py:190} INFO - [2024-12-27T01:57:31.877+0000] {dag.py:3239} INFO - Sync 1 DAGs
[2024-12-27T01:57:31.902+0000] {logging_mixin.py:190} INFO - [2024-12-27T01:57:31.902+0000] {dag.py:4180} INFO - Setting next_dagrun for example_branch_labels to 2024-12-26 00:00:00+00:00, run_after=2024-12-27 00:00:00+00:00
[2024-12-27T01:57:31.929+0000] {processor.py:208} INFO - Processing /home/airflow/.local/lib/python3.12/site-packages/airflow/example_dags/example_branch_labels.py took 0.091 seconds
[2024-12-27T01:58:03.319+0000] {processor.py:186} INFO - Started process (PID=286) to work on /home/airflow/.local/lib/python3.12/site-packages/airflow/example_dags/example_branch_labels.py
[2024-12-27T01:58:03.320+0000] {processor.py:914} INFO - Processing file /home/airflow/.local/lib/python3.12/site-packages/airflow/example_dags/example_branch_labels.py for tasks to queue
[2024-12-27T01:58:03.324+0000] {logging_mixin.py:190} INFO - [2024-12-27T01:58:03.324+0000] {dagbag.py:588} INFO - Filling up the DagBag from /home/airflow/.local/lib/python3.12/site-packages/airflow/example_dags/example_branch_labels.py
[2024-12-27T01:58:03.338+0000] {processor.py:925} INFO - DAG(s) 'example_branch_labels' retrieved from /home/airflow/.local/lib/python3.12/site-packages/airflow/example_dags/example_branch_labels.py
[2024-12-27T01:58:03.371+0000] {logging_mixin.py:190} INFO - [2024-12-27T01:58:03.370+0000] {dag.py:3239} INFO - Sync 1 DAGs
[2024-12-27T01:58:03.406+0000] {logging_mixin.py:190} INFO - [2024-12-27T01:58:03.406+0000] {dag.py:4180} INFO - Setting next_dagrun for example_branch_labels to 2024-12-26 00:00:00+00:00, run_after=2024-12-27 00:00:00+00:00
[2024-12-27T01:58:03.436+0000] {processor.py:208} INFO - Processing /home/airflow/.local/lib/python3.12/site-packages/airflow/example_dags/example_branch_labels.py took 0.125 seconds
[2024-12-27T01:58:34.542+0000] {processor.py:186} INFO - Started process (PID=349) to work on /home/airflow/.local/lib/python3.12/site-packages/airflow/example_dags/example_branch_labels.py
[2024-12-27T01:58:34.544+0000] {processor.py:914} INFO - Processing file /home/airflow/.local/lib/python3.12/site-packages/airflow/example_dags/example_branch_labels.py for tasks to queue
[2024-12-27T01:58:34.546+0000] {logging_mixin.py:190} INFO - [2024-12-27T01:58:34.546+0000] {dagbag.py:588} INFO - Filling up the DagBag from /home/airflow/.local/lib/python3.12/site-packages/airflow/example_dags/example_branch_labels.py
[2024-12-27T01:58:34.555+0000] {processor.py:925} INFO - DAG(s) 'example_branch_labels' retrieved from /home/airflow/.local/lib/python3.12/site-packages/airflow/example_dags/example_branch_labels.py
[2024-12-27T01:58:34.580+0000] {logging_mixin.py:190} INFO - [2024-12-27T01:58:34.580+0000] {dag.py:3239} INFO - Sync 1 DAGs
[2024-12-27T01:58:34.606+0000] {logging_mixin.py:190} INFO - [2024-12-27T01:58:34.606+0000] {dag.py:4180} INFO - Setting next_dagrun for example_branch_labels to 2024-12-26 00:00:00+00:00, run_after=2024-12-27 00:00:00+00:00
[2024-12-27T01:58:34.631+0000] {processor.py:208} INFO - Processing /home/airflow/.local/lib/python3.12/site-packages/airflow/example_dags/example_branch_labels.py took 0.094 seconds
[2024-12-27T01:59:06.083+0000] {processor.py:186} INFO - Started process (PID=412) to work on /home/airflow/.local/lib/python3.12/site-packages/airflow/example_dags/example_branch_labels.py
[2024-12-27T01:59:06.085+0000] {processor.py:914} INFO - Processing file /home/airflow/.local/lib/python3.12/site-packages/airflow/example_dags/example_branch_labels.py for tasks to queue
[2024-12-27T01:59:06.087+0000] {logging_mixin.py:190} INFO - [2024-12-27T01:59:06.087+0000] {dagbag.py:588} INFO - Filling up the DagBag from /home/airflow/.local/lib/python3.12/site-packages/airflow/example_dags/example_branch_labels.py
[2024-12-27T01:59:06.097+0000] {processor.py:925} INFO - DAG(s) 'example_branch_labels' retrieved from /home/airflow/.local/lib/python3.12/site-packages/airflow/example_dags/example_branch_labels.py
[2024-12-27T01:59:06.123+0000] {logging_mixin.py:190} INFO - [2024-12-27T01:59:06.122+0000] {dag.py:3239} INFO - Sync 1 DAGs
[2024-12-27T01:59:06.147+0000] {logging_mixin.py:190} INFO - [2024-12-27T01:59:06.147+0000] {dag.py:4180} INFO - Setting next_dagrun for example_branch_labels to 2024-12-26 00:00:00+00:00, run_after=2024-12-27 00:00:00+00:00
[2024-12-27T01:59:06.175+0000] {processor.py:208} INFO - Processing /home/airflow/.local/lib/python3.12/site-packages/airflow/example_dags/example_branch_labels.py took 0.098 seconds
[2024-12-27T01:59:37.588+0000] {processor.py:186} INFO - Started process (PID=475) to work on /home/airflow/.local/lib/python3.12/site-packages/airflow/example_dags/example_branch_labels.py
[2024-12-27T01:59:37.589+0000] {processor.py:914} INFO - Processing file /home/airflow/.local/lib/python3.12/site-packages/airflow/example_dags/example_branch_labels.py for tasks to queue
[2024-12-27T01:59:37.592+0000] {logging_mixin.py:190} INFO - [2024-12-27T01:59:37.592+0000] {dagbag.py:588} INFO - Filling up the DagBag from /home/airflow/.local/lib/python3.12/site-packages/airflow/example_dags/example_branch_labels.py
[2024-12-27T01:59:37.602+0000] {processor.py:925} INFO - DAG(s) 'example_branch_labels' retrieved from /home/airflow/.local/lib/python3.12/site-packages/airflow/example_dags/example_branch_labels.py
[2024-12-27T01:59:37.626+0000] {logging_mixin.py:190} INFO - [2024-12-27T01:59:37.626+0000] {dag.py:3239} INFO - Sync 1 DAGs
[2024-12-27T01:59:37.651+0000] {logging_mixin.py:190} INFO - [2024-12-27T01:59:37.650+0000] {dag.py:4180} INFO - Setting next_dagrun for example_branch_labels to 2024-12-26 00:00:00+00:00, run_after=2024-12-27 00:00:00+00:00
[2024-12-27T01:59:37.678+0000] {processor.py:208} INFO - Processing /home/airflow/.local/lib/python3.12/site-packages/airflow/example_dags/example_branch_labels.py took 0.095 seconds
[2024-12-27T02:00:09.157+0000] {processor.py:186} INFO - Started process (PID=538) to work on /home/airflow/.local/lib/python3.12/site-packages/airflow/example_dags/example_branch_labels.py
[2024-12-27T02:00:09.158+0000] {processor.py:914} INFO - Processing file /home/airflow/.local/lib/python3.12/site-packages/airflow/example_dags/example_branch_labels.py for tasks to queue
[2024-12-27T02:00:09.161+0000] {logging_mixin.py:190} INFO - [2024-12-27T02:00:09.161+0000] {dagbag.py:588} INFO - Filling up the DagBag from /home/airflow/.local/lib/python3.12/site-packages/airflow/example_dags/example_branch_labels.py
[2024-12-27T02:00:09.170+0000] {processor.py:925} INFO - DAG(s) 'example_branch_labels' retrieved from /home/airflow/.local/lib/python3.12/site-packages/airflow/example_dags/example_branch_labels.py
[2024-12-27T02:00:09.197+0000] {logging_mixin.py:190} INFO - [2024-12-27T02:00:09.197+0000] {dag.py:3239} INFO - Sync 1 DAGs
[2024-12-27T02:00:09.225+0000] {logging_mixin.py:190} INFO - [2024-12-27T02:00:09.224+0000] {dag.py:4180} INFO - Setting next_dagrun for example_branch_labels to 2024-12-26 00:00:00+00:00, run_after=2024-12-27 00:00:00+00:00
[2024-12-27T02:00:09.252+0000] {processor.py:208} INFO - Processing /home/airflow/.local/lib/python3.12/site-packages/airflow/example_dags/example_branch_labels.py took 0.101 seconds
[2024-12-27T02:00:40.546+0000] {processor.py:186} INFO - Started process (PID=601) to work on /home/airflow/.local/lib/python3.12/site-packages/airflow/example_dags/example_branch_labels.py
[2024-12-27T02:00:40.547+0000] {processor.py:914} INFO - Processing file /home/airflow/.local/lib/python3.12/site-packages/airflow/example_dags/example_branch_labels.py for tasks to queue
[2024-12-27T02:00:40.550+0000] {logging_mixin.py:190} INFO - [2024-12-27T02:00:40.550+0000] {dagbag.py:588} INFO - Filling up the DagBag from /home/airflow/.local/lib/python3.12/site-packages/airflow/example_dags/example_branch_labels.py
[2024-12-27T02:00:40.560+0000] {processor.py:925} INFO - DAG(s) 'example_branch_labels' retrieved from /home/airflow/.local/lib/python3.12/site-packages/airflow/example_dags/example_branch_labels.py
[2024-12-27T02:00:40.586+0000] {logging_mixin.py:190} INFO - [2024-12-27T02:00:40.586+0000] {dag.py:3239} INFO - Sync 1 DAGs
[2024-12-27T02:00:40.612+0000] {logging_mixin.py:190} INFO - [2024-12-27T02:00:40.612+0000] {dag.py:4180} INFO - Setting next_dagrun for example_branch_labels to 2024-12-26 00:00:00+00:00, run_after=2024-12-27 00:00:00+00:00
[2024-12-27T02:00:40.637+0000] {processor.py:208} INFO - Processing /home/airflow/.local/lib/python3.12/site-packages/airflow/example_dags/example_branch_labels.py took 0.096 seconds
[2024-12-27T02:01:11.669+0000] {processor.py:186} INFO - Started process (PID=664) to work on /home/airflow/.local/lib/python3.12/site-packages/airflow/example_dags/example_branch_labels.py
[2024-12-27T02:01:11.670+0000] {processor.py:914} INFO - Processing file /home/airflow/.local/lib/python3.12/site-packages/airflow/example_dags/example_branch_labels.py for tasks to queue
[2024-12-27T02:01:11.674+0000] {logging_mixin.py:190} INFO - [2024-12-27T02:01:11.673+0000] {dagbag.py:588} INFO - Filling up the DagBag from /home/airflow/.local/lib/python3.12/site-packages/airflow/example_dags/example_branch_labels.py
[2024-12-27T02:01:11.685+0000] {processor.py:925} INFO - DAG(s) 'example_branch_labels' retrieved from /home/airflow/.local/lib/python3.12/site-packages/airflow/example_dags/example_branch_labels.py
[2024-12-27T02:01:11.711+0000] {logging_mixin.py:190} INFO - [2024-12-27T02:01:11.711+0000] {dag.py:3239} INFO - Sync 1 DAGs
[2024-12-27T02:01:11.739+0000] {logging_mixin.py:190} INFO - [2024-12-27T02:01:11.739+0000] {dag.py:4180} INFO - Setting next_dagrun for example_branch_labels to 2024-12-26 00:00:00+00:00, run_after=2024-12-27 00:00:00+00:00
[2024-12-27T02:01:11.767+0000] {processor.py:208} INFO - Processing /home/airflow/.local/lib/python3.12/site-packages/airflow/example_dags/example_branch_labels.py took 0.104 seconds
[2024-12-27T02:01:42.800+0000] {processor.py:186} INFO - Started process (PID=727) to work on /home/airflow/.local/lib/python3.12/site-packages/airflow/example_dags/example_branch_labels.py
[2024-12-27T02:01:42.801+0000] {processor.py:914} INFO - Processing file /home/airflow/.local/lib/python3.12/site-packages/airflow/example_dags/example_branch_labels.py for tasks to queue
[2024-12-27T02:01:42.804+0000] {logging_mixin.py:190} INFO - [2024-12-27T02:01:42.804+0000] {dagbag.py:588} INFO - Filling up the DagBag from /home/airflow/.local/lib/python3.12/site-packages/airflow/example_dags/example_branch_labels.py
[2024-12-27T02:01:42.815+0000] {processor.py:925} INFO - DAG(s) 'example_branch_labels' retrieved from /home/airflow/.local/lib/python3.12/site-packages/airflow/example_dags/example_branch_labels.py
[2024-12-27T02:01:42.844+0000] {logging_mixin.py:190} INFO - [2024-12-27T02:01:42.844+0000] {dag.py:3239} INFO - Sync 1 DAGs
[2024-12-27T02:01:42.881+0000] {logging_mixin.py:190} INFO - [2024-12-27T02:01:42.880+0000] {dag.py:4180} INFO - Setting next_dagrun for example_branch_labels to 2024-12-26 00:00:00+00:00, run_after=2024-12-27 00:00:00+00:00
[2024-12-27T02:01:42.915+0000] {processor.py:208} INFO - Processing /home/airflow/.local/lib/python3.12/site-packages/airflow/example_dags/example_branch_labels.py took 0.120 seconds
[2024-12-27T02:02:14.165+0000] {processor.py:186} INFO - Started process (PID=790) to work on /home/airflow/.local/lib/python3.12/site-packages/airflow/example_dags/example_branch_labels.py
[2024-12-27T02:02:14.167+0000] {processor.py:914} INFO - Processing file /home/airflow/.local/lib/python3.12/site-packages/airflow/example_dags/example_branch_labels.py for tasks to queue
[2024-12-27T02:02:14.170+0000] {logging_mixin.py:190} INFO - [2024-12-27T02:02:14.169+0000] {dagbag.py:588} INFO - Filling up the DagBag from /home/airflow/.local/lib/python3.12/site-packages/airflow/example_dags/example_branch_labels.py
[2024-12-27T02:02:14.182+0000] {processor.py:925} INFO - DAG(s) 'example_branch_labels' retrieved from /home/airflow/.local/lib/python3.12/site-packages/airflow/example_dags/example_branch_labels.py
[2024-12-27T02:02:14.231+0000] {logging_mixin.py:190} INFO - [2024-12-27T02:02:14.214+0000] {dag.py:3239} INFO - Sync 1 DAGs
[2024-12-27T02:02:14.891+0000] {logging_mixin.py:190} INFO - [2024-12-27T02:02:14.891+0000] {dag.py:4180} INFO - Setting next_dagrun for example_branch_labels to 2024-12-26 00:00:00+00:00, run_after=2024-12-27 00:00:00+00:00
[2024-12-27T02:02:14.956+0000] {processor.py:208} INFO - Processing /home/airflow/.local/lib/python3.12/site-packages/airflow/example_dags/example_branch_labels.py took 0.797 seconds
[2024-12-27T02:02:45.054+0000] {processor.py:186} INFO - Started process (PID=852) to work on /home/airflow/.local/lib/python3.12/site-packages/airflow/example_dags/example_branch_labels.py
[2024-12-27T02:02:45.056+0000] {processor.py:914} INFO - Processing file /home/airflow/.local/lib/python3.12/site-packages/airflow/example_dags/example_branch_labels.py for tasks to queue
[2024-12-27T02:02:45.058+0000] {logging_mixin.py:190} INFO - [2024-12-27T02:02:45.058+0000] {dagbag.py:588} INFO - Filling up the DagBag from /home/airflow/.local/lib/python3.12/site-packages/airflow/example_dags/example_branch_labels.py
[2024-12-27T02:02:45.069+0000] {processor.py:925} INFO - DAG(s) 'example_branch_labels' retrieved from /home/airflow/.local/lib/python3.12/site-packages/airflow/example_dags/example_branch_labels.py
[2024-12-27T02:02:45.101+0000] {logging_mixin.py:190} INFO - [2024-12-27T02:02:45.100+0000] {dag.py:3239} INFO - Sync 1 DAGs
[2024-12-27T02:02:45.137+0000] {logging_mixin.py:190} INFO - [2024-12-27T02:02:45.137+0000] {dag.py:4180} INFO - Setting next_dagrun for example_branch_labels to 2024-12-26 00:00:00+00:00, run_after=2024-12-27 00:00:00+00:00
[2024-12-27T02:02:45.176+0000] {processor.py:208} INFO - Processing /home/airflow/.local/lib/python3.12/site-packages/airflow/example_dags/example_branch_labels.py took 0.127 seconds
[2024-12-27T02:03:15.340+0000] {processor.py:186} INFO - Started process (PID=915) to work on /home/airflow/.local/lib/python3.12/site-packages/airflow/example_dags/example_branch_labels.py
[2024-12-27T02:03:15.342+0000] {processor.py:914} INFO - Processing file /home/airflow/.local/lib/python3.12/site-packages/airflow/example_dags/example_branch_labels.py for tasks to queue
[2024-12-27T02:03:15.345+0000] {logging_mixin.py:190} INFO - [2024-12-27T02:03:15.345+0000] {dagbag.py:588} INFO - Filling up the DagBag from /home/airflow/.local/lib/python3.12/site-packages/airflow/example_dags/example_branch_labels.py
[2024-12-27T02:03:15.361+0000] {processor.py:925} INFO - DAG(s) 'example_branch_labels' retrieved from /home/airflow/.local/lib/python3.12/site-packages/airflow/example_dags/example_branch_labels.py
[2024-12-27T02:03:15.428+0000] {logging_mixin.py:190} INFO - [2024-12-27T02:03:15.427+0000] {dag.py:3239} INFO - Sync 1 DAGs
[2024-12-27T02:03:15.495+0000] {logging_mixin.py:190} INFO - [2024-12-27T02:03:15.494+0000] {dag.py:4180} INFO - Setting next_dagrun for example_branch_labels to 2024-12-26 00:00:00+00:00, run_after=2024-12-27 00:00:00+00:00
[2024-12-27T02:03:15.536+0000] {processor.py:208} INFO - Processing /home/airflow/.local/lib/python3.12/site-packages/airflow/example_dags/example_branch_labels.py took 0.204 seconds
[2024-12-27T02:03:45.593+0000] {processor.py:186} INFO - Started process (PID=977) to work on /home/airflow/.local/lib/python3.12/site-packages/airflow/example_dags/example_branch_labels.py
[2024-12-27T02:03:45.595+0000] {processor.py:914} INFO - Processing file /home/airflow/.local/lib/python3.12/site-packages/airflow/example_dags/example_branch_labels.py for tasks to queue
[2024-12-27T02:03:45.599+0000] {logging_mixin.py:190} INFO - [2024-12-27T02:03:45.598+0000] {dagbag.py:588} INFO - Filling up the DagBag from /home/airflow/.local/lib/python3.12/site-packages/airflow/example_dags/example_branch_labels.py
[2024-12-27T02:03:45.609+0000] {processor.py:925} INFO - DAG(s) 'example_branch_labels' retrieved from /home/airflow/.local/lib/python3.12/site-packages/airflow/example_dags/example_branch_labels.py
[2024-12-27T02:03:45.633+0000] {logging_mixin.py:190} INFO - [2024-12-27T02:03:45.632+0000] {dag.py:3239} INFO - Sync 1 DAGs
[2024-12-27T02:03:45.660+0000] {logging_mixin.py:190} INFO - [2024-12-27T02:03:45.660+0000] {dag.py:4180} INFO - Setting next_dagrun for example_branch_labels to 2024-12-26 00:00:00+00:00, run_after=2024-12-27 00:00:00+00:00
[2024-12-27T02:03:45.707+0000] {processor.py:208} INFO - Processing /home/airflow/.local/lib/python3.12/site-packages/airflow/example_dags/example_branch_labels.py took 0.120 seconds
[2024-12-27T02:04:16.196+0000] {processor.py:186} INFO - Started process (PID=1040) to work on /home/airflow/.local/lib/python3.12/site-packages/airflow/example_dags/example_branch_labels.py
[2024-12-27T02:04:16.198+0000] {processor.py:914} INFO - Processing file /home/airflow/.local/lib/python3.12/site-packages/airflow/example_dags/example_branch_labels.py for tasks to queue
[2024-12-27T02:04:16.200+0000] {logging_mixin.py:190} INFO - [2024-12-27T02:04:16.200+0000] {dagbag.py:588} INFO - Filling up the DagBag from /home/airflow/.local/lib/python3.12/site-packages/airflow/example_dags/example_branch_labels.py
[2024-12-27T02:04:16.209+0000] {processor.py:925} INFO - DAG(s) 'example_branch_labels' retrieved from /home/airflow/.local/lib/python3.12/site-packages/airflow/example_dags/example_branch_labels.py
[2024-12-27T02:04:16.231+0000] {logging_mixin.py:190} INFO - [2024-12-27T02:04:16.230+0000] {dag.py:3239} INFO - Sync 1 DAGs
[2024-12-27T02:04:16.256+0000] {logging_mixin.py:190} INFO - [2024-12-27T02:04:16.256+0000] {dag.py:4180} INFO - Setting next_dagrun for example_branch_labels to 2024-12-26 00:00:00+00:00, run_after=2024-12-27 00:00:00+00:00
[2024-12-27T02:04:16.282+0000] {processor.py:208} INFO - Processing /home/airflow/.local/lib/python3.12/site-packages/airflow/example_dags/example_branch_labels.py took 0.091 seconds
[2024-12-27T02:04:46.487+0000] {processor.py:186} INFO - Started process (PID=1103) to work on /home/airflow/.local/lib/python3.12/site-packages/airflow/example_dags/example_branch_labels.py
[2024-12-27T02:04:46.489+0000] {processor.py:914} INFO - Processing file /home/airflow/.local/lib/python3.12/site-packages/airflow/example_dags/example_branch_labels.py for tasks to queue
[2024-12-27T02:04:46.492+0000] {logging_mixin.py:190} INFO - [2024-12-27T02:04:46.492+0000] {dagbag.py:588} INFO - Filling up the DagBag from /home/airflow/.local/lib/python3.12/site-packages/airflow/example_dags/example_branch_labels.py
[2024-12-27T02:04:46.502+0000] {processor.py:925} INFO - DAG(s) 'example_branch_labels' retrieved from /home/airflow/.local/lib/python3.12/site-packages/airflow/example_dags/example_branch_labels.py
[2024-12-27T02:04:46.526+0000] {logging_mixin.py:190} INFO - [2024-12-27T02:04:46.525+0000] {dag.py:3239} INFO - Sync 1 DAGs
[2024-12-27T02:04:46.552+0000] {logging_mixin.py:190} INFO - [2024-12-27T02:04:46.552+0000] {dag.py:4180} INFO - Setting next_dagrun for example_branch_labels to 2024-12-26 00:00:00+00:00, run_after=2024-12-27 00:00:00+00:00
[2024-12-27T02:04:46.580+0000] {processor.py:208} INFO - Processing /home/airflow/.local/lib/python3.12/site-packages/airflow/example_dags/example_branch_labels.py took 0.098 seconds
[2024-12-27T02:05:16.999+0000] {processor.py:186} INFO - Started process (PID=1166) to work on /home/airflow/.local/lib/python3.12/site-packages/airflow/example_dags/example_branch_labels.py
[2024-12-27T02:05:17.001+0000] {processor.py:914} INFO - Processing file /home/airflow/.local/lib/python3.12/site-packages/airflow/example_dags/example_branch_labels.py for tasks to queue
[2024-12-27T02:05:17.004+0000] {logging_mixin.py:190} INFO - [2024-12-27T02:05:17.004+0000] {dagbag.py:588} INFO - Filling up the DagBag from /home/airflow/.local/lib/python3.12/site-packages/airflow/example_dags/example_branch_labels.py
[2024-12-27T02:05:17.015+0000] {processor.py:925} INFO - DAG(s) 'example_branch_labels' retrieved from /home/airflow/.local/lib/python3.12/site-packages/airflow/example_dags/example_branch_labels.py
[2024-12-27T02:05:17.040+0000] {logging_mixin.py:190} INFO - [2024-12-27T02:05:17.039+0000] {dag.py:3239} INFO - Sync 1 DAGs
[2024-12-27T02:05:17.065+0000] {logging_mixin.py:190} INFO - [2024-12-27T02:05:17.065+0000] {dag.py:4180} INFO - Setting next_dagrun for example_branch_labels to 2024-12-26 00:00:00+00:00, run_after=2024-12-27 00:00:00+00:00
[2024-12-27T02:05:17.091+0000] {processor.py:208} INFO - Processing /home/airflow/.local/lib/python3.12/site-packages/airflow/example_dags/example_branch_labels.py took 0.097 seconds
[2024-12-27T02:05:47.306+0000] {processor.py:186} INFO - Started process (PID=1229) to work on /home/airflow/.local/lib/python3.12/site-packages/airflow/example_dags/example_branch_labels.py
[2024-12-27T02:05:47.307+0000] {processor.py:914} INFO - Processing file /home/airflow/.local/lib/python3.12/site-packages/airflow/example_dags/example_branch_labels.py for tasks to queue
[2024-12-27T02:05:47.310+0000] {logging_mixin.py:190} INFO - [2024-12-27T02:05:47.309+0000] {dagbag.py:588} INFO - Filling up the DagBag from /home/airflow/.local/lib/python3.12/site-packages/airflow/example_dags/example_branch_labels.py
[2024-12-27T02:05:47.319+0000] {processor.py:925} INFO - DAG(s) 'example_branch_labels' retrieved from /home/airflow/.local/lib/python3.12/site-packages/airflow/example_dags/example_branch_labels.py
[2024-12-27T02:05:47.343+0000] {logging_mixin.py:190} INFO - [2024-12-27T02:05:47.343+0000] {dag.py:3239} INFO - Sync 1 DAGs
[2024-12-27T02:05:47.369+0000] {logging_mixin.py:190} INFO - [2024-12-27T02:05:47.369+0000] {dag.py:4180} INFO - Setting next_dagrun for example_branch_labels to 2024-12-26 00:00:00+00:00, run_after=2024-12-27 00:00:00+00:00
[2024-12-27T02:05:47.395+0000] {processor.py:208} INFO - Processing /home/airflow/.local/lib/python3.12/site-packages/airflow/example_dags/example_branch_labels.py took 0.094 seconds
[2024-12-27T02:06:17.662+0000] {processor.py:186} INFO - Started process (PID=1292) to work on /home/airflow/.local/lib/python3.12/site-packages/airflow/example_dags/example_branch_labels.py
[2024-12-27T02:06:17.664+0000] {processor.py:914} INFO - Processing file /home/airflow/.local/lib/python3.12/site-packages/airflow/example_dags/example_branch_labels.py for tasks to queue
[2024-12-27T02:06:17.667+0000] {logging_mixin.py:190} INFO - [2024-12-27T02:06:17.667+0000] {dagbag.py:588} INFO - Filling up the DagBag from /home/airflow/.local/lib/python3.12/site-packages/airflow/example_dags/example_branch_labels.py
[2024-12-27T02:06:17.678+0000] {processor.py:925} INFO - DAG(s) 'example_branch_labels' retrieved from /home/airflow/.local/lib/python3.12/site-packages/airflow/example_dags/example_branch_labels.py
[2024-12-27T02:06:17.709+0000] {logging_mixin.py:190} INFO - [2024-12-27T02:06:17.709+0000] {dag.py:3239} INFO - Sync 1 DAGs
[2024-12-27T02:06:17.735+0000] {logging_mixin.py:190} INFO - [2024-12-27T02:06:17.735+0000] {dag.py:4180} INFO - Setting next_dagrun for example_branch_labels to 2024-12-26 00:00:00+00:00, run_after=2024-12-27 00:00:00+00:00
[2024-12-27T02:06:17.764+0000] {processor.py:208} INFO - Processing /home/airflow/.local/lib/python3.12/site-packages/airflow/example_dags/example_branch_labels.py took 0.108 seconds
[2024-12-27T02:06:47.936+0000] {processor.py:186} INFO - Started process (PID=1355) to work on /home/airflow/.local/lib/python3.12/site-packages/airflow/example_dags/example_branch_labels.py
[2024-12-27T02:06:47.938+0000] {processor.py:914} INFO - Processing file /home/airflow/.local/lib/python3.12/site-packages/airflow/example_dags/example_branch_labels.py for tasks to queue
[2024-12-27T02:06:47.940+0000] {logging_mixin.py:190} INFO - [2024-12-27T02:06:47.940+0000] {dagbag.py:588} INFO - Filling up the DagBag from /home/airflow/.local/lib/python3.12/site-packages/airflow/example_dags/example_branch_labels.py
[2024-12-27T02:06:47.950+0000] {processor.py:925} INFO - DAG(s) 'example_branch_labels' retrieved from /home/airflow/.local/lib/python3.12/site-packages/airflow/example_dags/example_branch_labels.py
[2024-12-27T02:06:47.973+0000] {logging_mixin.py:190} INFO - [2024-12-27T02:06:47.973+0000] {dag.py:3239} INFO - Sync 1 DAGs
[2024-12-27T02:06:47.997+0000] {logging_mixin.py:190} INFO - [2024-12-27T02:06:47.997+0000] {dag.py:4180} INFO - Setting next_dagrun for example_branch_labels to 2024-12-26 00:00:00+00:00, run_after=2024-12-27 00:00:00+00:00
[2024-12-27T02:06:48.025+0000] {processor.py:208} INFO - Processing /home/airflow/.local/lib/python3.12/site-packages/airflow/example_dags/example_branch_labels.py took 0.093 seconds
[2024-12-27T02:07:18.123+0000] {processor.py:186} INFO - Started process (PID=1418) to work on /home/airflow/.local/lib/python3.12/site-packages/airflow/example_dags/example_branch_labels.py
[2024-12-27T02:07:18.124+0000] {processor.py:914} INFO - Processing file /home/airflow/.local/lib/python3.12/site-packages/airflow/example_dags/example_branch_labels.py for tasks to queue
[2024-12-27T02:07:18.126+0000] {logging_mixin.py:190} INFO - [2024-12-27T02:07:18.126+0000] {dagbag.py:588} INFO - Filling up the DagBag from /home/airflow/.local/lib/python3.12/site-packages/airflow/example_dags/example_branch_labels.py
[2024-12-27T02:07:18.137+0000] {processor.py:925} INFO - DAG(s) 'example_branch_labels' retrieved from /home/airflow/.local/lib/python3.12/site-packages/airflow/example_dags/example_branch_labels.py
[2024-12-27T02:07:18.164+0000] {logging_mixin.py:190} INFO - [2024-12-27T02:07:18.164+0000] {dag.py:3239} INFO - Sync 1 DAGs
[2024-12-27T02:07:18.192+0000] {logging_mixin.py:190} INFO - [2024-12-27T02:07:18.191+0000] {dag.py:4180} INFO - Setting next_dagrun for example_branch_labels to 2024-12-26 00:00:00+00:00, run_after=2024-12-27 00:00:00+00:00
[2024-12-27T02:07:18.221+0000] {processor.py:208} INFO - Processing /home/airflow/.local/lib/python3.12/site-packages/airflow/example_dags/example_branch_labels.py took 0.104 seconds
[2024-12-27T02:07:49.012+0000] {processor.py:186} INFO - Started process (PID=1481) to work on /home/airflow/.local/lib/python3.12/site-packages/airflow/example_dags/example_branch_labels.py
[2024-12-27T02:07:49.014+0000] {processor.py:914} INFO - Processing file /home/airflow/.local/lib/python3.12/site-packages/airflow/example_dags/example_branch_labels.py for tasks to queue
[2024-12-27T02:07:49.017+0000] {logging_mixin.py:190} INFO - [2024-12-27T02:07:49.016+0000] {dagbag.py:588} INFO - Filling up the DagBag from /home/airflow/.local/lib/python3.12/site-packages/airflow/example_dags/example_branch_labels.py
[2024-12-27T02:07:49.032+0000] {processor.py:925} INFO - DAG(s) 'example_branch_labels' retrieved from /home/airflow/.local/lib/python3.12/site-packages/airflow/example_dags/example_branch_labels.py
[2024-12-27T02:07:49.061+0000] {logging_mixin.py:190} INFO - [2024-12-27T02:07:49.061+0000] {dag.py:3239} INFO - Sync 1 DAGs
[2024-12-27T02:07:49.091+0000] {logging_mixin.py:190} INFO - [2024-12-27T02:07:49.091+0000] {dag.py:4180} INFO - Setting next_dagrun for example_branch_labels to 2024-12-26 00:00:00+00:00, run_after=2024-12-27 00:00:00+00:00
[2024-12-27T02:07:49.120+0000] {processor.py:208} INFO - Processing /home/airflow/.local/lib/python3.12/site-packages/airflow/example_dags/example_branch_labels.py took 0.114 seconds
[2024-12-27T02:08:19.518+0000] {processor.py:186} INFO - Started process (PID=1544) to work on /home/airflow/.local/lib/python3.12/site-packages/airflow/example_dags/example_branch_labels.py
[2024-12-27T02:08:19.519+0000] {processor.py:914} INFO - Processing file /home/airflow/.local/lib/python3.12/site-packages/airflow/example_dags/example_branch_labels.py for tasks to queue
[2024-12-27T02:08:19.523+0000] {logging_mixin.py:190} INFO - [2024-12-27T02:08:19.522+0000] {dagbag.py:588} INFO - Filling up the DagBag from /home/airflow/.local/lib/python3.12/site-packages/airflow/example_dags/example_branch_labels.py
[2024-12-27T02:08:19.532+0000] {processor.py:925} INFO - DAG(s) 'example_branch_labels' retrieved from /home/airflow/.local/lib/python3.12/site-packages/airflow/example_dags/example_branch_labels.py
[2024-12-27T02:08:19.559+0000] {logging_mixin.py:190} INFO - [2024-12-27T02:08:19.558+0000] {dag.py:3239} INFO - Sync 1 DAGs
[2024-12-27T02:08:19.585+0000] {logging_mixin.py:190} INFO - [2024-12-27T02:08:19.585+0000] {dag.py:4180} INFO - Setting next_dagrun for example_branch_labels to 2024-12-26 00:00:00+00:00, run_after=2024-12-27 00:00:00+00:00
[2024-12-27T02:08:19.612+0000] {processor.py:208} INFO - Processing /home/airflow/.local/lib/python3.12/site-packages/airflow/example_dags/example_branch_labels.py took 0.098 seconds
[2024-12-27T02:08:49.819+0000] {processor.py:186} INFO - Started process (PID=1606) to work on /home/airflow/.local/lib/python3.12/site-packages/airflow/example_dags/example_branch_labels.py
[2024-12-27T02:08:49.821+0000] {processor.py:914} INFO - Processing file /home/airflow/.local/lib/python3.12/site-packages/airflow/example_dags/example_branch_labels.py for tasks to queue
[2024-12-27T02:08:49.823+0000] {logging_mixin.py:190} INFO - [2024-12-27T02:08:49.823+0000] {dagbag.py:588} INFO - Filling up the DagBag from /home/airflow/.local/lib/python3.12/site-packages/airflow/example_dags/example_branch_labels.py
[2024-12-27T02:08:49.833+0000] {processor.py:925} INFO - DAG(s) 'example_branch_labels' retrieved from /home/airflow/.local/lib/python3.12/site-packages/airflow/example_dags/example_branch_labels.py
[2024-12-27T02:08:49.857+0000] {logging_mixin.py:190} INFO - [2024-12-27T02:08:49.857+0000] {dag.py:3239} INFO - Sync 1 DAGs
[2024-12-27T02:08:49.882+0000] {logging_mixin.py:190} INFO - [2024-12-27T02:08:49.882+0000] {dag.py:4180} INFO - Setting next_dagrun for example_branch_labels to 2024-12-26 00:00:00+00:00, run_after=2024-12-27 00:00:00+00:00
[2024-12-27T02:08:49.907+0000] {processor.py:208} INFO - Processing /home/airflow/.local/lib/python3.12/site-packages/airflow/example_dags/example_branch_labels.py took 0.092 seconds
[2024-12-27T02:09:20.531+0000] {processor.py:186} INFO - Started process (PID=1670) to work on /home/airflow/.local/lib/python3.12/site-packages/airflow/example_dags/example_branch_labels.py
[2024-12-27T02:09:20.533+0000] {processor.py:914} INFO - Processing file /home/airflow/.local/lib/python3.12/site-packages/airflow/example_dags/example_branch_labels.py for tasks to queue
[2024-12-27T02:09:20.537+0000] {logging_mixin.py:190} INFO - [2024-12-27T02:09:20.536+0000] {dagbag.py:588} INFO - Filling up the DagBag from /home/airflow/.local/lib/python3.12/site-packages/airflow/example_dags/example_branch_labels.py
[2024-12-27T02:09:20.553+0000] {processor.py:925} INFO - DAG(s) 'example_branch_labels' retrieved from /home/airflow/.local/lib/python3.12/site-packages/airflow/example_dags/example_branch_labels.py
[2024-12-27T02:09:20.583+0000] {logging_mixin.py:190} INFO - [2024-12-27T02:09:20.583+0000] {dag.py:3239} INFO - Sync 1 DAGs
[2024-12-27T02:09:20.618+0000] {logging_mixin.py:190} INFO - [2024-12-27T02:09:20.618+0000] {dag.py:4180} INFO - Setting next_dagrun for example_branch_labels to 2024-12-26 00:00:00+00:00, run_after=2024-12-27 00:00:00+00:00
[2024-12-27T02:09:20.651+0000] {processor.py:208} INFO - Processing /home/airflow/.local/lib/python3.12/site-packages/airflow/example_dags/example_branch_labels.py took 0.126 seconds
[2024-12-27T02:09:51.229+0000] {processor.py:186} INFO - Started process (PID=1733) to work on /home/airflow/.local/lib/python3.12/site-packages/airflow/example_dags/example_branch_labels.py
[2024-12-27T02:09:51.230+0000] {processor.py:914} INFO - Processing file /home/airflow/.local/lib/python3.12/site-packages/airflow/example_dags/example_branch_labels.py for tasks to queue
[2024-12-27T02:09:51.234+0000] {logging_mixin.py:190} INFO - [2024-12-27T02:09:51.233+0000] {dagbag.py:588} INFO - Filling up the DagBag from /home/airflow/.local/lib/python3.12/site-packages/airflow/example_dags/example_branch_labels.py
[2024-12-27T02:09:51.245+0000] {processor.py:925} INFO - DAG(s) 'example_branch_labels' retrieved from /home/airflow/.local/lib/python3.12/site-packages/airflow/example_dags/example_branch_labels.py
[2024-12-27T02:09:51.270+0000] {logging_mixin.py:190} INFO - [2024-12-27T02:09:51.270+0000] {dag.py:3239} INFO - Sync 1 DAGs
[2024-12-27T02:09:51.297+0000] {logging_mixin.py:190} INFO - [2024-12-27T02:09:51.297+0000] {dag.py:4180} INFO - Setting next_dagrun for example_branch_labels to 2024-12-26 00:00:00+00:00, run_after=2024-12-27 00:00:00+00:00
[2024-12-27T02:09:51.324+0000] {processor.py:208} INFO - Processing /home/airflow/.local/lib/python3.12/site-packages/airflow/example_dags/example_branch_labels.py took 0.100 seconds
[2024-12-27T02:10:22.109+0000] {processor.py:186} INFO - Started process (PID=1796) to work on /home/airflow/.local/lib/python3.12/site-packages/airflow/example_dags/example_branch_labels.py
[2024-12-27T02:10:22.110+0000] {processor.py:914} INFO - Processing file /home/airflow/.local/lib/python3.12/site-packages/airflow/example_dags/example_branch_labels.py for tasks to queue
[2024-12-27T02:10:22.113+0000] {logging_mixin.py:190} INFO - [2024-12-27T02:10:22.112+0000] {dagbag.py:588} INFO - Filling up the DagBag from /home/airflow/.local/lib/python3.12/site-packages/airflow/example_dags/example_branch_labels.py
[2024-12-27T02:10:22.124+0000] {processor.py:925} INFO - DAG(s) 'example_branch_labels' retrieved from /home/airflow/.local/lib/python3.12/site-packages/airflow/example_dags/example_branch_labels.py
[2024-12-27T02:10:22.153+0000] {logging_mixin.py:190} INFO - [2024-12-27T02:10:22.152+0000] {dag.py:3239} INFO - Sync 1 DAGs
[2024-12-27T02:10:22.182+0000] {logging_mixin.py:190} INFO - [2024-12-27T02:10:22.181+0000] {dag.py:4180} INFO - Setting next_dagrun for example_branch_labels to 2024-12-26 00:00:00+00:00, run_after=2024-12-27 00:00:00+00:00
[2024-12-27T02:10:22.212+0000] {processor.py:208} INFO - Processing /home/airflow/.local/lib/python3.12/site-packages/airflow/example_dags/example_branch_labels.py took 0.108 seconds
[2024-12-27T02:10:53.646+0000] {processor.py:186} INFO - Started process (PID=1859) to work on /home/airflow/.local/lib/python3.12/site-packages/airflow/example_dags/example_branch_labels.py
[2024-12-27T02:10:53.648+0000] {processor.py:914} INFO - Processing file /home/airflow/.local/lib/python3.12/site-packages/airflow/example_dags/example_branch_labels.py for tasks to queue
[2024-12-27T02:10:53.650+0000] {logging_mixin.py:190} INFO - [2024-12-27T02:10:53.650+0000] {dagbag.py:588} INFO - Filling up the DagBag from /home/airflow/.local/lib/python3.12/site-packages/airflow/example_dags/example_branch_labels.py
[2024-12-27T02:10:53.661+0000] {processor.py:925} INFO - DAG(s) 'example_branch_labels' retrieved from /home/airflow/.local/lib/python3.12/site-packages/airflow/example_dags/example_branch_labels.py
[2024-12-27T02:10:53.694+0000] {logging_mixin.py:190} INFO - [2024-12-27T02:10:53.693+0000] {dag.py:3239} INFO - Sync 1 DAGs
[2024-12-27T02:10:53.728+0000] {logging_mixin.py:190} INFO - [2024-12-27T02:10:53.728+0000] {dag.py:4180} INFO - Setting next_dagrun for example_branch_labels to 2024-12-26 00:00:00+00:00, run_after=2024-12-27 00:00:00+00:00
[2024-12-27T02:10:53.761+0000] {processor.py:208} INFO - Processing /home/airflow/.local/lib/python3.12/site-packages/airflow/example_dags/example_branch_labels.py took 0.121 seconds
[2024-12-27T02:11:24.599+0000] {processor.py:186} INFO - Started process (PID=1928) to work on /home/airflow/.local/lib/python3.12/site-packages/airflow/example_dags/example_branch_labels.py
[2024-12-27T02:11:24.601+0000] {processor.py:914} INFO - Processing file /home/airflow/.local/lib/python3.12/site-packages/airflow/example_dags/example_branch_labels.py for tasks to queue
[2024-12-27T02:11:24.603+0000] {logging_mixin.py:190} INFO - [2024-12-27T02:11:24.603+0000] {dagbag.py:588} INFO - Filling up the DagBag from /home/airflow/.local/lib/python3.12/site-packages/airflow/example_dags/example_branch_labels.py
[2024-12-27T02:11:24.614+0000] {processor.py:925} INFO - DAG(s) 'example_branch_labels' retrieved from /home/airflow/.local/lib/python3.12/site-packages/airflow/example_dags/example_branch_labels.py
[2024-12-27T02:11:24.637+0000] {logging_mixin.py:190} INFO - [2024-12-27T02:11:24.637+0000] {dag.py:3239} INFO - Sync 1 DAGs
[2024-12-27T02:11:24.669+0000] {logging_mixin.py:190} INFO - [2024-12-27T02:11:24.669+0000] {dag.py:4180} INFO - Setting next_dagrun for example_branch_labels to 2024-12-26 00:00:00+00:00, run_after=2024-12-27 00:00:00+00:00
[2024-12-27T02:11:24.698+0000] {processor.py:208} INFO - Processing /home/airflow/.local/lib/python3.12/site-packages/airflow/example_dags/example_branch_labels.py took 0.104 seconds
[2024-12-27T02:11:55.041+0000] {processor.py:186} INFO - Started process (PID=1991) to work on /home/airflow/.local/lib/python3.12/site-packages/airflow/example_dags/example_branch_labels.py
[2024-12-27T02:11:55.043+0000] {processor.py:914} INFO - Processing file /home/airflow/.local/lib/python3.12/site-packages/airflow/example_dags/example_branch_labels.py for tasks to queue
[2024-12-27T02:11:55.047+0000] {logging_mixin.py:190} INFO - [2024-12-27T02:11:55.046+0000] {dagbag.py:588} INFO - Filling up the DagBag from /home/airflow/.local/lib/python3.12/site-packages/airflow/example_dags/example_branch_labels.py
[2024-12-27T02:11:55.062+0000] {processor.py:925} INFO - DAG(s) 'example_branch_labels' retrieved from /home/airflow/.local/lib/python3.12/site-packages/airflow/example_dags/example_branch_labels.py
[2024-12-27T02:11:55.101+0000] {logging_mixin.py:190} INFO - [2024-12-27T02:11:55.100+0000] {dag.py:3239} INFO - Sync 1 DAGs
[2024-12-27T02:11:55.160+0000] {logging_mixin.py:190} INFO - [2024-12-27T02:11:55.160+0000] {dag.py:4180} INFO - Setting next_dagrun for example_branch_labels to 2024-12-26 00:00:00+00:00, run_after=2024-12-27 00:00:00+00:00
[2024-12-27T02:11:55.213+0000] {processor.py:208} INFO - Processing /home/airflow/.local/lib/python3.12/site-packages/airflow/example_dags/example_branch_labels.py took 0.182 seconds
[2024-12-27T02:12:25.437+0000] {processor.py:186} INFO - Started process (PID=2053) to work on /home/airflow/.local/lib/python3.12/site-packages/airflow/example_dags/example_branch_labels.py
[2024-12-27T02:12:25.439+0000] {processor.py:914} INFO - Processing file /home/airflow/.local/lib/python3.12/site-packages/airflow/example_dags/example_branch_labels.py for tasks to queue
[2024-12-27T02:12:25.445+0000] {logging_mixin.py:190} INFO - [2024-12-27T02:12:25.443+0000] {dagbag.py:588} INFO - Filling up the DagBag from /home/airflow/.local/lib/python3.12/site-packages/airflow/example_dags/example_branch_labels.py
[2024-12-27T02:12:25.466+0000] {processor.py:925} INFO - DAG(s) 'example_branch_labels' retrieved from /home/airflow/.local/lib/python3.12/site-packages/airflow/example_dags/example_branch_labels.py
[2024-12-27T02:12:25.498+0000] {logging_mixin.py:190} INFO - [2024-12-27T02:12:25.497+0000] {dag.py:3239} INFO - Sync 1 DAGs
[2024-12-27T02:12:25.534+0000] {logging_mixin.py:190} INFO - [2024-12-27T02:12:25.534+0000] {dag.py:4180} INFO - Setting next_dagrun for example_branch_labels to 2024-12-26 00:00:00+00:00, run_after=2024-12-27 00:00:00+00:00
[2024-12-27T02:12:25.566+0000] {processor.py:208} INFO - Processing /home/airflow/.local/lib/python3.12/site-packages/airflow/example_dags/example_branch_labels.py took 0.140 seconds
[2024-12-27T02:12:55.649+0000] {processor.py:186} INFO - Started process (PID=2116) to work on /home/airflow/.local/lib/python3.12/site-packages/airflow/example_dags/example_branch_labels.py
[2024-12-27T02:12:55.650+0000] {processor.py:914} INFO - Processing file /home/airflow/.local/lib/python3.12/site-packages/airflow/example_dags/example_branch_labels.py for tasks to queue
[2024-12-27T02:12:55.653+0000] {logging_mixin.py:190} INFO - [2024-12-27T02:12:55.653+0000] {dagbag.py:588} INFO - Filling up the DagBag from /home/airflow/.local/lib/python3.12/site-packages/airflow/example_dags/example_branch_labels.py
[2024-12-27T02:12:55.663+0000] {processor.py:925} INFO - DAG(s) 'example_branch_labels' retrieved from /home/airflow/.local/lib/python3.12/site-packages/airflow/example_dags/example_branch_labels.py
[2024-12-27T02:12:55.687+0000] {logging_mixin.py:190} INFO - [2024-12-27T02:12:55.687+0000] {dag.py:3239} INFO - Sync 1 DAGs
[2024-12-27T02:12:55.712+0000] {logging_mixin.py:190} INFO - [2024-12-27T02:12:55.711+0000] {dag.py:4180} INFO - Setting next_dagrun for example_branch_labels to 2024-12-26 00:00:00+00:00, run_after=2024-12-27 00:00:00+00:00
[2024-12-27T02:12:55.738+0000] {processor.py:208} INFO - Processing /home/airflow/.local/lib/python3.12/site-packages/airflow/example_dags/example_branch_labels.py took 0.094 seconds
[2024-12-27T02:13:25.936+0000] {processor.py:186} INFO - Started process (PID=2179) to work on /home/airflow/.local/lib/python3.12/site-packages/airflow/example_dags/example_branch_labels.py
[2024-12-27T02:13:25.937+0000] {processor.py:914} INFO - Processing file /home/airflow/.local/lib/python3.12/site-packages/airflow/example_dags/example_branch_labels.py for tasks to queue
[2024-12-27T02:13:25.941+0000] {logging_mixin.py:190} INFO - [2024-12-27T02:13:25.940+0000] {dagbag.py:588} INFO - Filling up the DagBag from /home/airflow/.local/lib/python3.12/site-packages/airflow/example_dags/example_branch_labels.py
[2024-12-27T02:13:25.951+0000] {processor.py:925} INFO - DAG(s) 'example_branch_labels' retrieved from /home/airflow/.local/lib/python3.12/site-packages/airflow/example_dags/example_branch_labels.py
[2024-12-27T02:13:25.980+0000] {logging_mixin.py:190} INFO - [2024-12-27T02:13:25.979+0000] {dag.py:3239} INFO - Sync 1 DAGs
[2024-12-27T02:13:26.012+0000] {logging_mixin.py:190} INFO - [2024-12-27T02:13:26.012+0000] {dag.py:4180} INFO - Setting next_dagrun for example_branch_labels to 2024-12-26 00:00:00+00:00, run_after=2024-12-27 00:00:00+00:00
[2024-12-27T02:13:26.042+0000] {processor.py:208} INFO - Processing /home/airflow/.local/lib/python3.12/site-packages/airflow/example_dags/example_branch_labels.py took 0.112 seconds
[2024-12-27T02:13:56.793+0000] {processor.py:186} INFO - Started process (PID=2243) to work on /home/airflow/.local/lib/python3.12/site-packages/airflow/example_dags/example_branch_labels.py
[2024-12-27T02:13:56.795+0000] {processor.py:914} INFO - Processing file /home/airflow/.local/lib/python3.12/site-packages/airflow/example_dags/example_branch_labels.py for tasks to queue
[2024-12-27T02:13:56.798+0000] {logging_mixin.py:190} INFO - [2024-12-27T02:13:56.798+0000] {dagbag.py:588} INFO - Filling up the DagBag from /home/airflow/.local/lib/python3.12/site-packages/airflow/example_dags/example_branch_labels.py
[2024-12-27T02:13:56.813+0000] {processor.py:925} INFO - DAG(s) 'example_branch_labels' retrieved from /home/airflow/.local/lib/python3.12/site-packages/airflow/example_dags/example_branch_labels.py
[2024-12-27T02:13:56.842+0000] {logging_mixin.py:190} INFO - [2024-12-27T02:13:56.841+0000] {dag.py:3239} INFO - Sync 1 DAGs
[2024-12-27T02:13:57.205+0000] {logging_mixin.py:190} INFO - [2024-12-27T02:13:57.204+0000] {dag.py:4180} INFO - Setting next_dagrun for example_branch_labels to 2024-12-26 00:00:00+00:00, run_after=2024-12-27 00:00:00+00:00
[2024-12-27T02:13:57.236+0000] {processor.py:208} INFO - Processing /home/airflow/.local/lib/python3.12/site-packages/airflow/example_dags/example_branch_labels.py took 0.449 seconds
[2024-12-27T02:14:29.910+0000] {processor.py:186} INFO - Started process (PID=2306) to work on /home/airflow/.local/lib/python3.12/site-packages/airflow/example_dags/example_branch_labels.py
[2024-12-27T02:14:30.004+0000] {processor.py:914} INFO - Processing file /home/airflow/.local/lib/python3.12/site-packages/airflow/example_dags/example_branch_labels.py for tasks to queue
[2024-12-27T02:14:30.008+0000] {logging_mixin.py:190} INFO - [2024-12-27T02:14:30.008+0000] {dagbag.py:588} INFO - Filling up the DagBag from /home/airflow/.local/lib/python3.12/site-packages/airflow/example_dags/example_branch_labels.py
[2024-12-27T02:14:30.017+0000] {processor.py:925} INFO - DAG(s) 'example_branch_labels' retrieved from /home/airflow/.local/lib/python3.12/site-packages/airflow/example_dags/example_branch_labels.py
[2024-12-27T02:14:30.045+0000] {logging_mixin.py:190} INFO - [2024-12-27T02:14:30.045+0000] {dag.py:3239} INFO - Sync 1 DAGs
[2024-12-27T02:14:30.242+0000] {logging_mixin.py:190} INFO - [2024-12-27T02:14:30.241+0000] {dag.py:4180} INFO - Setting next_dagrun for example_branch_labels to 2024-12-26 00:00:00+00:00, run_after=2024-12-27 00:00:00+00:00
[2024-12-27T02:14:30.729+0000] {processor.py:208} INFO - Processing /home/airflow/.local/lib/python3.12/site-packages/airflow/example_dags/example_branch_labels.py took 0.824 seconds
[2024-12-27T02:15:00.893+0000] {processor.py:186} INFO - Started process (PID=2369) to work on /home/airflow/.local/lib/python3.12/site-packages/airflow/example_dags/example_branch_labels.py
[2024-12-27T02:15:00.905+0000] {processor.py:914} INFO - Processing file /home/airflow/.local/lib/python3.12/site-packages/airflow/example_dags/example_branch_labels.py for tasks to queue
[2024-12-27T02:15:00.909+0000] {logging_mixin.py:190} INFO - [2024-12-27T02:15:00.908+0000] {dagbag.py:588} INFO - Filling up the DagBag from /home/airflow/.local/lib/python3.12/site-packages/airflow/example_dags/example_branch_labels.py
[2024-12-27T02:15:00.920+0000] {processor.py:925} INFO - DAG(s) 'example_branch_labels' retrieved from /home/airflow/.local/lib/python3.12/site-packages/airflow/example_dags/example_branch_labels.py
[2024-12-27T02:15:00.947+0000] {logging_mixin.py:190} INFO - [2024-12-27T02:15:00.947+0000] {dag.py:3239} INFO - Sync 1 DAGs
[2024-12-27T02:15:01.161+0000] {logging_mixin.py:190} INFO - [2024-12-27T02:15:01.161+0000] {dag.py:4180} INFO - Setting next_dagrun for example_branch_labels to 2024-12-26 00:00:00+00:00, run_after=2024-12-27 00:00:00+00:00
[2024-12-27T02:15:01.199+0000] {processor.py:208} INFO - Processing /home/airflow/.local/lib/python3.12/site-packages/airflow/example_dags/example_branch_labels.py took 0.312 seconds
[2024-12-27T02:15:31.710+0000] {processor.py:186} INFO - Started process (PID=2433) to work on /home/airflow/.local/lib/python3.12/site-packages/airflow/example_dags/example_branch_labels.py
[2024-12-27T02:15:31.712+0000] {processor.py:914} INFO - Processing file /home/airflow/.local/lib/python3.12/site-packages/airflow/example_dags/example_branch_labels.py for tasks to queue
[2024-12-27T02:15:31.716+0000] {logging_mixin.py:190} INFO - [2024-12-27T02:15:31.715+0000] {dagbag.py:588} INFO - Filling up the DagBag from /home/airflow/.local/lib/python3.12/site-packages/airflow/example_dags/example_branch_labels.py
[2024-12-27T02:15:31.727+0000] {processor.py:925} INFO - DAG(s) 'example_branch_labels' retrieved from /home/airflow/.local/lib/python3.12/site-packages/airflow/example_dags/example_branch_labels.py
[2024-12-27T02:15:31.751+0000] {logging_mixin.py:190} INFO - [2024-12-27T02:15:31.751+0000] {dag.py:3239} INFO - Sync 1 DAGs
[2024-12-27T02:15:31.779+0000] {logging_mixin.py:190} INFO - [2024-12-27T02:15:31.779+0000] {dag.py:4180} INFO - Setting next_dagrun for example_branch_labels to 2024-12-26 00:00:00+00:00, run_after=2024-12-27 00:00:00+00:00
[2024-12-27T02:15:31.810+0000] {processor.py:208} INFO - Processing /home/airflow/.local/lib/python3.12/site-packages/airflow/example_dags/example_branch_labels.py took 0.105 seconds
[2024-12-27T02:16:02.103+0000] {processor.py:186} INFO - Started process (PID=2496) to work on /home/airflow/.local/lib/python3.12/site-packages/airflow/example_dags/example_branch_labels.py
[2024-12-27T02:16:02.105+0000] {processor.py:914} INFO - Processing file /home/airflow/.local/lib/python3.12/site-packages/airflow/example_dags/example_branch_labels.py for tasks to queue
[2024-12-27T02:16:02.111+0000] {logging_mixin.py:190} INFO - [2024-12-27T02:16:02.111+0000] {dagbag.py:588} INFO - Filling up the DagBag from /home/airflow/.local/lib/python3.12/site-packages/airflow/example_dags/example_branch_labels.py
[2024-12-27T02:16:02.130+0000] {processor.py:925} INFO - DAG(s) 'example_branch_labels' retrieved from /home/airflow/.local/lib/python3.12/site-packages/airflow/example_dags/example_branch_labels.py
[2024-12-27T02:16:02.171+0000] {logging_mixin.py:190} INFO - [2024-12-27T02:16:02.170+0000] {dag.py:3239} INFO - Sync 1 DAGs
[2024-12-27T02:16:02.202+0000] {logging_mixin.py:190} INFO - [2024-12-27T02:16:02.202+0000] {dag.py:4180} INFO - Setting next_dagrun for example_branch_labels to 2024-12-26 00:00:00+00:00, run_after=2024-12-27 00:00:00+00:00
[2024-12-27T02:16:02.231+0000] {processor.py:208} INFO - Processing /home/airflow/.local/lib/python3.12/site-packages/airflow/example_dags/example_branch_labels.py took 0.134 seconds
[2024-12-27T02:16:32.505+0000] {processor.py:186} INFO - Started process (PID=2558) to work on /home/airflow/.local/lib/python3.12/site-packages/airflow/example_dags/example_branch_labels.py
[2024-12-27T02:16:32.507+0000] {processor.py:914} INFO - Processing file /home/airflow/.local/lib/python3.12/site-packages/airflow/example_dags/example_branch_labels.py for tasks to queue
[2024-12-27T02:16:32.510+0000] {logging_mixin.py:190} INFO - [2024-12-27T02:16:32.510+0000] {dagbag.py:588} INFO - Filling up the DagBag from /home/airflow/.local/lib/python3.12/site-packages/airflow/example_dags/example_branch_labels.py
[2024-12-27T02:16:32.520+0000] {processor.py:925} INFO - DAG(s) 'example_branch_labels' retrieved from /home/airflow/.local/lib/python3.12/site-packages/airflow/example_dags/example_branch_labels.py
[2024-12-27T02:16:32.546+0000] {logging_mixin.py:190} INFO - [2024-12-27T02:16:32.546+0000] {dag.py:3239} INFO - Sync 1 DAGs
[2024-12-27T02:16:32.572+0000] {logging_mixin.py:190} INFO - [2024-12-27T02:16:32.572+0000] {dag.py:4180} INFO - Setting next_dagrun for example_branch_labels to 2024-12-26 00:00:00+00:00, run_after=2024-12-27 00:00:00+00:00
[2024-12-27T02:16:32.594+0000] {processor.py:208} INFO - Processing /home/airflow/.local/lib/python3.12/site-packages/airflow/example_dags/example_branch_labels.py took 0.094 seconds
[2024-12-27T02:17:02.793+0000] {processor.py:186} INFO - Started process (PID=2620) to work on /home/airflow/.local/lib/python3.12/site-packages/airflow/example_dags/example_branch_labels.py
[2024-12-27T02:17:02.795+0000] {processor.py:914} INFO - Processing file /home/airflow/.local/lib/python3.12/site-packages/airflow/example_dags/example_branch_labels.py for tasks to queue
[2024-12-27T02:17:02.799+0000] {logging_mixin.py:190} INFO - [2024-12-27T02:17:02.798+0000] {dagbag.py:588} INFO - Filling up the DagBag from /home/airflow/.local/lib/python3.12/site-packages/airflow/example_dags/example_branch_labels.py
[2024-12-27T02:17:02.813+0000] {processor.py:925} INFO - DAG(s) 'example_branch_labels' retrieved from /home/airflow/.local/lib/python3.12/site-packages/airflow/example_dags/example_branch_labels.py
[2024-12-27T02:17:02.845+0000] {logging_mixin.py:190} INFO - [2024-12-27T02:17:02.844+0000] {dag.py:3239} INFO - Sync 1 DAGs
[2024-12-27T02:17:02.880+0000] {logging_mixin.py:190} INFO - [2024-12-27T02:17:02.880+0000] {dag.py:4180} INFO - Setting next_dagrun for example_branch_labels to 2024-12-26 00:00:00+00:00, run_after=2024-12-27 00:00:00+00:00
[2024-12-27T02:17:02.910+0000] {processor.py:208} INFO - Processing /home/airflow/.local/lib/python3.12/site-packages/airflow/example_dags/example_branch_labels.py took 0.124 seconds
[2024-12-27T02:17:33.242+0000] {processor.py:186} INFO - Started process (PID=2683) to work on /home/airflow/.local/lib/python3.12/site-packages/airflow/example_dags/example_branch_labels.py
[2024-12-27T02:17:33.244+0000] {processor.py:914} INFO - Processing file /home/airflow/.local/lib/python3.12/site-packages/airflow/example_dags/example_branch_labels.py for tasks to queue
[2024-12-27T02:17:33.247+0000] {logging_mixin.py:190} INFO - [2024-12-27T02:17:33.247+0000] {dagbag.py:588} INFO - Filling up the DagBag from /home/airflow/.local/lib/python3.12/site-packages/airflow/example_dags/example_branch_labels.py
[2024-12-27T02:17:33.258+0000] {processor.py:925} INFO - DAG(s) 'example_branch_labels' retrieved from /home/airflow/.local/lib/python3.12/site-packages/airflow/example_dags/example_branch_labels.py
[2024-12-27T02:17:33.283+0000] {logging_mixin.py:190} INFO - [2024-12-27T02:17:33.283+0000] {dag.py:3239} INFO - Sync 1 DAGs
[2024-12-27T02:17:33.310+0000] {logging_mixin.py:190} INFO - [2024-12-27T02:17:33.310+0000] {dag.py:4180} INFO - Setting next_dagrun for example_branch_labels to 2024-12-26 00:00:00+00:00, run_after=2024-12-27 00:00:00+00:00
[2024-12-27T02:17:33.343+0000] {processor.py:208} INFO - Processing /home/airflow/.local/lib/python3.12/site-packages/airflow/example_dags/example_branch_labels.py took 0.105 seconds
[2024-12-27T02:18:03.697+0000] {processor.py:186} INFO - Started process (PID=2746) to work on /home/airflow/.local/lib/python3.12/site-packages/airflow/example_dags/example_branch_labels.py
[2024-12-27T02:18:03.698+0000] {processor.py:914} INFO - Processing file /home/airflow/.local/lib/python3.12/site-packages/airflow/example_dags/example_branch_labels.py for tasks to queue
[2024-12-27T02:18:03.702+0000] {logging_mixin.py:190} INFO - [2024-12-27T02:18:03.701+0000] {dagbag.py:588} INFO - Filling up the DagBag from /home/airflow/.local/lib/python3.12/site-packages/airflow/example_dags/example_branch_labels.py
[2024-12-27T02:18:03.713+0000] {processor.py:925} INFO - DAG(s) 'example_branch_labels' retrieved from /home/airflow/.local/lib/python3.12/site-packages/airflow/example_dags/example_branch_labels.py
[2024-12-27T02:18:03.745+0000] {logging_mixin.py:190} INFO - [2024-12-27T02:18:03.744+0000] {dag.py:3239} INFO - Sync 1 DAGs
[2024-12-27T02:18:03.778+0000] {logging_mixin.py:190} INFO - [2024-12-27T02:18:03.777+0000] {dag.py:4180} INFO - Setting next_dagrun for example_branch_labels to 2024-12-26 00:00:00+00:00, run_after=2024-12-27 00:00:00+00:00
[2024-12-27T02:18:03.811+0000] {processor.py:208} INFO - Processing /home/airflow/.local/lib/python3.12/site-packages/airflow/example_dags/example_branch_labels.py took 0.119 seconds
[2024-12-27T02:18:34.413+0000] {processor.py:186} INFO - Started process (PID=2809) to work on /home/airflow/.local/lib/python3.12/site-packages/airflow/example_dags/example_branch_labels.py
[2024-12-27T02:18:34.415+0000] {processor.py:914} INFO - Processing file /home/airflow/.local/lib/python3.12/site-packages/airflow/example_dags/example_branch_labels.py for tasks to queue
[2024-12-27T02:18:34.419+0000] {logging_mixin.py:190} INFO - [2024-12-27T02:18:34.418+0000] {dagbag.py:588} INFO - Filling up the DagBag from /home/airflow/.local/lib/python3.12/site-packages/airflow/example_dags/example_branch_labels.py
[2024-12-27T02:18:34.432+0000] {processor.py:925} INFO - DAG(s) 'example_branch_labels' retrieved from /home/airflow/.local/lib/python3.12/site-packages/airflow/example_dags/example_branch_labels.py
[2024-12-27T02:18:34.465+0000] {logging_mixin.py:190} INFO - [2024-12-27T02:18:34.465+0000] {dag.py:3239} INFO - Sync 1 DAGs
[2024-12-27T02:18:34.498+0000] {logging_mixin.py:190} INFO - [2024-12-27T02:18:34.498+0000] {dag.py:4180} INFO - Setting next_dagrun for example_branch_labels to 2024-12-26 00:00:00+00:00, run_after=2024-12-27 00:00:00+00:00
[2024-12-27T02:18:34.528+0000] {processor.py:208} INFO - Processing /home/airflow/.local/lib/python3.12/site-packages/airflow/example_dags/example_branch_labels.py took 0.121 seconds
[2024-12-27T02:19:04.672+0000] {processor.py:186} INFO - Started process (PID=2872) to work on /home/airflow/.local/lib/python3.12/site-packages/airflow/example_dags/example_branch_labels.py
[2024-12-27T02:19:04.673+0000] {processor.py:914} INFO - Processing file /home/airflow/.local/lib/python3.12/site-packages/airflow/example_dags/example_branch_labels.py for tasks to queue
[2024-12-27T02:19:04.675+0000] {logging_mixin.py:190} INFO - [2024-12-27T02:19:04.675+0000] {dagbag.py:588} INFO - Filling up the DagBag from /home/airflow/.local/lib/python3.12/site-packages/airflow/example_dags/example_branch_labels.py
[2024-12-27T02:19:04.685+0000] {processor.py:925} INFO - DAG(s) 'example_branch_labels' retrieved from /home/airflow/.local/lib/python3.12/site-packages/airflow/example_dags/example_branch_labels.py
[2024-12-27T02:19:04.710+0000] {logging_mixin.py:190} INFO - [2024-12-27T02:19:04.710+0000] {dag.py:3239} INFO - Sync 1 DAGs
[2024-12-27T02:19:04.742+0000] {logging_mixin.py:190} INFO - [2024-12-27T02:19:04.741+0000] {dag.py:4180} INFO - Setting next_dagrun for example_branch_labels to 2024-12-26 00:00:00+00:00, run_after=2024-12-27 00:00:00+00:00
[2024-12-27T02:19:04.776+0000] {processor.py:208} INFO - Processing /home/airflow/.local/lib/python3.12/site-packages/airflow/example_dags/example_branch_labels.py took 0.109 seconds
[2024-12-27T02:19:35.066+0000] {processor.py:186} INFO - Started process (PID=2935) to work on /home/airflow/.local/lib/python3.12/site-packages/airflow/example_dags/example_branch_labels.py
[2024-12-27T02:19:35.067+0000] {processor.py:914} INFO - Processing file /home/airflow/.local/lib/python3.12/site-packages/airflow/example_dags/example_branch_labels.py for tasks to queue
[2024-12-27T02:19:35.070+0000] {logging_mixin.py:190} INFO - [2024-12-27T02:19:35.069+0000] {dagbag.py:588} INFO - Filling up the DagBag from /home/airflow/.local/lib/python3.12/site-packages/airflow/example_dags/example_branch_labels.py
[2024-12-27T02:19:35.083+0000] {processor.py:925} INFO - DAG(s) 'example_branch_labels' retrieved from /home/airflow/.local/lib/python3.12/site-packages/airflow/example_dags/example_branch_labels.py
[2024-12-27T02:19:35.111+0000] {logging_mixin.py:190} INFO - [2024-12-27T02:19:35.111+0000] {dag.py:3239} INFO - Sync 1 DAGs
[2024-12-27T02:19:35.140+0000] {logging_mixin.py:190} INFO - [2024-12-27T02:19:35.140+0000] {dag.py:4180} INFO - Setting next_dagrun for example_branch_labels to 2024-12-26 00:00:00+00:00, run_after=2024-12-27 00:00:00+00:00
[2024-12-27T02:19:35.171+0000] {processor.py:208} INFO - Processing /home/airflow/.local/lib/python3.12/site-packages/airflow/example_dags/example_branch_labels.py took 0.111 seconds
[2024-12-27T02:20:05.511+0000] {processor.py:186} INFO - Started process (PID=2998) to work on /home/airflow/.local/lib/python3.12/site-packages/airflow/example_dags/example_branch_labels.py
[2024-12-27T02:20:05.513+0000] {processor.py:914} INFO - Processing file /home/airflow/.local/lib/python3.12/site-packages/airflow/example_dags/example_branch_labels.py for tasks to queue
[2024-12-27T02:20:05.516+0000] {logging_mixin.py:190} INFO - [2024-12-27T02:20:05.515+0000] {dagbag.py:588} INFO - Filling up the DagBag from /home/airflow/.local/lib/python3.12/site-packages/airflow/example_dags/example_branch_labels.py
[2024-12-27T02:20:05.529+0000] {processor.py:925} INFO - DAG(s) 'example_branch_labels' retrieved from /home/airflow/.local/lib/python3.12/site-packages/airflow/example_dags/example_branch_labels.py
[2024-12-27T02:20:05.563+0000] {logging_mixin.py:190} INFO - [2024-12-27T02:20:05.562+0000] {dag.py:3239} INFO - Sync 1 DAGs
[2024-12-27T02:20:05.600+0000] {logging_mixin.py:190} INFO - [2024-12-27T02:20:05.600+0000] {dag.py:4180} INFO - Setting next_dagrun for example_branch_labels to 2024-12-26 00:00:00+00:00, run_after=2024-12-27 00:00:00+00:00
[2024-12-27T02:20:05.634+0000] {processor.py:208} INFO - Processing /home/airflow/.local/lib/python3.12/site-packages/airflow/example_dags/example_branch_labels.py took 0.129 seconds
[2024-12-27T02:20:36.479+0000] {processor.py:186} INFO - Started process (PID=3061) to work on /home/airflow/.local/lib/python3.12/site-packages/airflow/example_dags/example_branch_labels.py
[2024-12-27T02:20:36.482+0000] {processor.py:914} INFO - Processing file /home/airflow/.local/lib/python3.12/site-packages/airflow/example_dags/example_branch_labels.py for tasks to queue
[2024-12-27T02:20:36.486+0000] {logging_mixin.py:190} INFO - [2024-12-27T02:20:36.486+0000] {dagbag.py:588} INFO - Filling up the DagBag from /home/airflow/.local/lib/python3.12/site-packages/airflow/example_dags/example_branch_labels.py
[2024-12-27T02:20:36.500+0000] {processor.py:925} INFO - DAG(s) 'example_branch_labels' retrieved from /home/airflow/.local/lib/python3.12/site-packages/airflow/example_dags/example_branch_labels.py
[2024-12-27T02:20:36.535+0000] {logging_mixin.py:190} INFO - [2024-12-27T02:20:36.534+0000] {dag.py:3239} INFO - Sync 1 DAGs
[2024-12-27T02:20:36.571+0000] {logging_mixin.py:190} INFO - [2024-12-27T02:20:36.571+0000] {dag.py:4180} INFO - Setting next_dagrun for example_branch_labels to 2024-12-26 00:00:00+00:00, run_after=2024-12-27 00:00:00+00:00
[2024-12-27T02:20:36.599+0000] {processor.py:208} INFO - Processing /home/airflow/.local/lib/python3.12/site-packages/airflow/example_dags/example_branch_labels.py took 0.125 seconds
[2024-12-27T02:21:07.060+0000] {processor.py:186} INFO - Started process (PID=3124) to work on /home/airflow/.local/lib/python3.12/site-packages/airflow/example_dags/example_branch_labels.py
[2024-12-27T02:21:07.061+0000] {processor.py:914} INFO - Processing file /home/airflow/.local/lib/python3.12/site-packages/airflow/example_dags/example_branch_labels.py for tasks to queue
[2024-12-27T02:21:07.065+0000] {logging_mixin.py:190} INFO - [2024-12-27T02:21:07.065+0000] {dagbag.py:588} INFO - Filling up the DagBag from /home/airflow/.local/lib/python3.12/site-packages/airflow/example_dags/example_branch_labels.py
[2024-12-27T02:21:07.077+0000] {processor.py:925} INFO - DAG(s) 'example_branch_labels' retrieved from /home/airflow/.local/lib/python3.12/site-packages/airflow/example_dags/example_branch_labels.py
[2024-12-27T02:21:07.104+0000] {logging_mixin.py:190} INFO - [2024-12-27T02:21:07.104+0000] {dag.py:3239} INFO - Sync 1 DAGs
[2024-12-27T02:21:07.128+0000] {logging_mixin.py:190} INFO - [2024-12-27T02:21:07.128+0000] {dag.py:4180} INFO - Setting next_dagrun for example_branch_labels to 2024-12-26 00:00:00+00:00, run_after=2024-12-27 00:00:00+00:00
[2024-12-27T02:21:07.153+0000] {processor.py:208} INFO - Processing /home/airflow/.local/lib/python3.12/site-packages/airflow/example_dags/example_branch_labels.py took 0.101 seconds
[2024-12-27T02:21:37.817+0000] {processor.py:186} INFO - Started process (PID=3187) to work on /home/airflow/.local/lib/python3.12/site-packages/airflow/example_dags/example_branch_labels.py
[2024-12-27T02:21:37.818+0000] {processor.py:914} INFO - Processing file /home/airflow/.local/lib/python3.12/site-packages/airflow/example_dags/example_branch_labels.py for tasks to queue
[2024-12-27T02:21:37.822+0000] {logging_mixin.py:190} INFO - [2024-12-27T02:21:37.822+0000] {dagbag.py:588} INFO - Filling up the DagBag from /home/airflow/.local/lib/python3.12/site-packages/airflow/example_dags/example_branch_labels.py
[2024-12-27T02:21:37.833+0000] {processor.py:925} INFO - DAG(s) 'example_branch_labels' retrieved from /home/airflow/.local/lib/python3.12/site-packages/airflow/example_dags/example_branch_labels.py
[2024-12-27T02:21:37.864+0000] {logging_mixin.py:190} INFO - [2024-12-27T02:21:37.864+0000] {dag.py:3239} INFO - Sync 1 DAGs
[2024-12-27T02:21:37.894+0000] {logging_mixin.py:190} INFO - [2024-12-27T02:21:37.894+0000] {dag.py:4180} INFO - Setting next_dagrun for example_branch_labels to 2024-12-26 00:00:00+00:00, run_after=2024-12-27 00:00:00+00:00
[2024-12-27T02:21:37.919+0000] {processor.py:208} INFO - Processing /home/airflow/.local/lib/python3.12/site-packages/airflow/example_dags/example_branch_labels.py took 0.107 seconds
[2024-12-27T02:22:08.062+0000] {processor.py:186} INFO - Started process (PID=3250) to work on /home/airflow/.local/lib/python3.12/site-packages/airflow/example_dags/example_branch_labels.py
[2024-12-27T02:22:08.063+0000] {processor.py:914} INFO - Processing file /home/airflow/.local/lib/python3.12/site-packages/airflow/example_dags/example_branch_labels.py for tasks to queue
[2024-12-27T02:22:08.066+0000] {logging_mixin.py:190} INFO - [2024-12-27T02:22:08.066+0000] {dagbag.py:588} INFO - Filling up the DagBag from /home/airflow/.local/lib/python3.12/site-packages/airflow/example_dags/example_branch_labels.py
[2024-12-27T02:22:08.077+0000] {processor.py:925} INFO - DAG(s) 'example_branch_labels' retrieved from /home/airflow/.local/lib/python3.12/site-packages/airflow/example_dags/example_branch_labels.py
[2024-12-27T02:22:08.104+0000] {logging_mixin.py:190} INFO - [2024-12-27T02:22:08.104+0000] {dag.py:3239} INFO - Sync 1 DAGs
[2024-12-27T02:22:08.134+0000] {logging_mixin.py:190} INFO - [2024-12-27T02:22:08.133+0000] {dag.py:4180} INFO - Setting next_dagrun for example_branch_labels to 2024-12-26 00:00:00+00:00, run_after=2024-12-27 00:00:00+00:00
[2024-12-27T02:22:08.166+0000] {processor.py:208} INFO - Processing /home/airflow/.local/lib/python3.12/site-packages/airflow/example_dags/example_branch_labels.py took 0.109 seconds
[2024-12-27T02:22:38.279+0000] {processor.py:186} INFO - Started process (PID=3313) to work on /home/airflow/.local/lib/python3.12/site-packages/airflow/example_dags/example_branch_labels.py
[2024-12-27T02:22:38.281+0000] {processor.py:914} INFO - Processing file /home/airflow/.local/lib/python3.12/site-packages/airflow/example_dags/example_branch_labels.py for tasks to queue
[2024-12-27T02:22:38.285+0000] {logging_mixin.py:190} INFO - [2024-12-27T02:22:38.284+0000] {dagbag.py:588} INFO - Filling up the DagBag from /home/airflow/.local/lib/python3.12/site-packages/airflow/example_dags/example_branch_labels.py
[2024-12-27T02:22:38.294+0000] {processor.py:925} INFO - DAG(s) 'example_branch_labels' retrieved from /home/airflow/.local/lib/python3.12/site-packages/airflow/example_dags/example_branch_labels.py
[2024-12-27T02:22:38.325+0000] {logging_mixin.py:190} INFO - [2024-12-27T02:22:38.324+0000] {dag.py:3239} INFO - Sync 1 DAGs
[2024-12-27T02:22:38.354+0000] {logging_mixin.py:190} INFO - [2024-12-27T02:22:38.354+0000] {dag.py:4180} INFO - Setting next_dagrun for example_branch_labels to 2024-12-26 00:00:00+00:00, run_after=2024-12-27 00:00:00+00:00
[2024-12-27T02:22:38.382+0000] {processor.py:208} INFO - Processing /home/airflow/.local/lib/python3.12/site-packages/airflow/example_dags/example_branch_labels.py took 0.107 seconds
[2024-12-27T02:23:08.696+0000] {processor.py:186} INFO - Started process (PID=3376) to work on /home/airflow/.local/lib/python3.12/site-packages/airflow/example_dags/example_branch_labels.py
[2024-12-27T02:23:08.697+0000] {processor.py:914} INFO - Processing file /home/airflow/.local/lib/python3.12/site-packages/airflow/example_dags/example_branch_labels.py for tasks to queue
[2024-12-27T02:23:08.700+0000] {logging_mixin.py:190} INFO - [2024-12-27T02:23:08.700+0000] {dagbag.py:588} INFO - Filling up the DagBag from /home/airflow/.local/lib/python3.12/site-packages/airflow/example_dags/example_branch_labels.py
[2024-12-27T02:23:08.709+0000] {processor.py:925} INFO - DAG(s) 'example_branch_labels' retrieved from /home/airflow/.local/lib/python3.12/site-packages/airflow/example_dags/example_branch_labels.py
[2024-12-27T02:23:08.733+0000] {logging_mixin.py:190} INFO - [2024-12-27T02:23:08.733+0000] {dag.py:3239} INFO - Sync 1 DAGs
[2024-12-27T02:23:08.759+0000] {logging_mixin.py:190} INFO - [2024-12-27T02:23:08.759+0000] {dag.py:4180} INFO - Setting next_dagrun for example_branch_labels to 2024-12-26 00:00:00+00:00, run_after=2024-12-27 00:00:00+00:00
[2024-12-27T02:23:08.785+0000] {processor.py:208} INFO - Processing /home/airflow/.local/lib/python3.12/site-packages/airflow/example_dags/example_branch_labels.py took 0.094 seconds
[2024-12-27T02:23:39.073+0000] {processor.py:186} INFO - Started process (PID=3439) to work on /home/airflow/.local/lib/python3.12/site-packages/airflow/example_dags/example_branch_labels.py
[2024-12-27T02:23:39.075+0000] {processor.py:914} INFO - Processing file /home/airflow/.local/lib/python3.12/site-packages/airflow/example_dags/example_branch_labels.py for tasks to queue
[2024-12-27T02:23:39.079+0000] {logging_mixin.py:190} INFO - [2024-12-27T02:23:39.078+0000] {dagbag.py:588} INFO - Filling up the DagBag from /home/airflow/.local/lib/python3.12/site-packages/airflow/example_dags/example_branch_labels.py
[2024-12-27T02:23:39.090+0000] {processor.py:925} INFO - DAG(s) 'example_branch_labels' retrieved from /home/airflow/.local/lib/python3.12/site-packages/airflow/example_dags/example_branch_labels.py
[2024-12-27T02:23:39.121+0000] {logging_mixin.py:190} INFO - [2024-12-27T02:23:39.120+0000] {dag.py:3239} INFO - Sync 1 DAGs
[2024-12-27T02:23:39.154+0000] {logging_mixin.py:190} INFO - [2024-12-27T02:23:39.153+0000] {dag.py:4180} INFO - Setting next_dagrun for example_branch_labels to 2024-12-26 00:00:00+00:00, run_after=2024-12-27 00:00:00+00:00
[2024-12-27T02:23:39.182+0000] {processor.py:208} INFO - Processing /home/airflow/.local/lib/python3.12/site-packages/airflow/example_dags/example_branch_labels.py took 0.114 seconds
