[2024-12-27T01:56:31.677+0000] {processor.py:186} INFO - Started process (PID=109) to work on /home/airflow/.local/lib/python3.12/site-packages/airflow/example_dags/example_branch_day_of_week_operator.py
[2024-12-27T01:56:31.679+0000] {processor.py:914} INFO - Processing file /home/airflow/.local/lib/python3.12/site-packages/airflow/example_dags/example_branch_day_of_week_operator.py for tasks to queue
[2024-12-27T01:56:31.685+0000] {logging_mixin.py:190} INFO - [2024-12-27T01:56:31.684+0000] {dagbag.py:588} INFO - Filling up the DagBag from /home/airflow/.local/lib/python3.12/site-packages/airflow/example_dags/example_branch_day_of_week_operator.py
[2024-12-27T01:56:31.698+0000] {processor.py:925} INFO - DAG(s) 'example_weekday_branch_operator' retrieved from /home/airflow/.local/lib/python3.12/site-packages/airflow/example_dags/example_branch_day_of_week_operator.py
[2024-12-27T01:56:31.836+0000] {logging_mixin.py:190} INFO - [2024-12-27T01:56:31.834+0000] {override.py:1911} INFO - Created Permission View: can read on DAG:example_weekday_branch_operator
[2024-12-27T01:56:31.854+0000] {logging_mixin.py:190} INFO - [2024-12-27T01:56:31.854+0000] {override.py:1911} INFO - Created Permission View: can edit on DAG:example_weekday_branch_operator
[2024-12-27T01:56:31.868+0000] {logging_mixin.py:190} INFO - [2024-12-27T01:56:31.868+0000] {override.py:1911} INFO - Created Permission View: can delete on DAG:example_weekday_branch_operator
[2024-12-27T01:56:31.886+0000] {logging_mixin.py:190} INFO - [2024-12-27T01:56:31.886+0000] {override.py:1911} INFO - Created Permission View: menu access on DAG Run:example_weekday_branch_operator
[2024-12-27T01:56:31.899+0000] {logging_mixin.py:190} INFO - [2024-12-27T01:56:31.899+0000] {override.py:1911} INFO - Created Permission View: can read on DAG Run:example_weekday_branch_operator
[2024-12-27T01:56:31.915+0000] {logging_mixin.py:190} INFO - [2024-12-27T01:56:31.914+0000] {override.py:1911} INFO - Created Permission View: can create on DAG Run:example_weekday_branch_operator
[2024-12-27T01:56:31.937+0000] {logging_mixin.py:190} INFO - [2024-12-27T01:56:31.936+0000] {override.py:1911} INFO - Created Permission View: can delete on DAG Run:example_weekday_branch_operator
[2024-12-27T01:56:31.939+0000] {logging_mixin.py:190} INFO - [2024-12-27T01:56:31.938+0000] {dag.py:3239} INFO - Sync 1 DAGs
[2024-12-27T01:56:31.969+0000] {logging_mixin.py:190} INFO - [2024-12-27T01:56:31.968+0000] {dag.py:3262} INFO - Creating ORM DAG for example_weekday_branch_operator
[2024-12-27T01:56:31.988+0000] {logging_mixin.py:190} INFO - [2024-12-27T01:56:31.987+0000] {dag.py:4180} INFO - Setting next_dagrun for example_weekday_branch_operator to 2024-12-26 00:00:00+00:00, run_after=2024-12-27 00:00:00+00:00
[2024-12-27T01:56:32.021+0000] {processor.py:208} INFO - Processing /home/airflow/.local/lib/python3.12/site-packages/airflow/example_dags/example_branch_day_of_week_operator.py took 0.349 seconds
[2024-12-27T01:57:02.559+0000] {processor.py:186} INFO - Started process (PID=172) to work on /home/airflow/.local/lib/python3.12/site-packages/airflow/example_dags/example_branch_day_of_week_operator.py
[2024-12-27T01:57:02.561+0000] {processor.py:914} INFO - Processing file /home/airflow/.local/lib/python3.12/site-packages/airflow/example_dags/example_branch_day_of_week_operator.py for tasks to queue
[2024-12-27T01:57:02.565+0000] {logging_mixin.py:190} INFO - [2024-12-27T01:57:02.565+0000] {dagbag.py:588} INFO - Filling up the DagBag from /home/airflow/.local/lib/python3.12/site-packages/airflow/example_dags/example_branch_day_of_week_operator.py
[2024-12-27T01:57:02.580+0000] {processor.py:925} INFO - DAG(s) 'example_weekday_branch_operator' retrieved from /home/airflow/.local/lib/python3.12/site-packages/airflow/example_dags/example_branch_day_of_week_operator.py
[2024-12-27T01:57:02.608+0000] {logging_mixin.py:190} INFO - [2024-12-27T01:57:02.608+0000] {dag.py:3239} INFO - Sync 1 DAGs
[2024-12-27T01:57:02.646+0000] {logging_mixin.py:190} INFO - [2024-12-27T01:57:02.646+0000] {dag.py:4180} INFO - Setting next_dagrun for example_weekday_branch_operator to 2024-12-26 00:00:00+00:00, run_after=2024-12-27 00:00:00+00:00
[2024-12-27T01:57:02.677+0000] {processor.py:208} INFO - Processing /home/airflow/.local/lib/python3.12/site-packages/airflow/example_dags/example_branch_day_of_week_operator.py took 0.127 seconds
[2024-12-27T01:57:33.547+0000] {processor.py:186} INFO - Started process (PID=235) to work on /home/airflow/.local/lib/python3.12/site-packages/airflow/example_dags/example_branch_day_of_week_operator.py
[2024-12-27T01:57:33.548+0000] {processor.py:914} INFO - Processing file /home/airflow/.local/lib/python3.12/site-packages/airflow/example_dags/example_branch_day_of_week_operator.py for tasks to queue
[2024-12-27T01:57:33.551+0000] {logging_mixin.py:190} INFO - [2024-12-27T01:57:33.551+0000] {dagbag.py:588} INFO - Filling up the DagBag from /home/airflow/.local/lib/python3.12/site-packages/airflow/example_dags/example_branch_day_of_week_operator.py
[2024-12-27T01:57:33.563+0000] {processor.py:925} INFO - DAG(s) 'example_weekday_branch_operator' retrieved from /home/airflow/.local/lib/python3.12/site-packages/airflow/example_dags/example_branch_day_of_week_operator.py
[2024-12-27T01:57:33.589+0000] {logging_mixin.py:190} INFO - [2024-12-27T01:57:33.589+0000] {dag.py:3239} INFO - Sync 1 DAGs
[2024-12-27T01:57:33.618+0000] {logging_mixin.py:190} INFO - [2024-12-27T01:57:33.618+0000] {dag.py:4180} INFO - Setting next_dagrun for example_weekday_branch_operator to 2024-12-26 00:00:00+00:00, run_after=2024-12-27 00:00:00+00:00
[2024-12-27T01:57:33.645+0000] {processor.py:208} INFO - Processing /home/airflow/.local/lib/python3.12/site-packages/airflow/example_dags/example_branch_day_of_week_operator.py took 0.103 seconds
[2024-12-27T01:58:04.596+0000] {processor.py:186} INFO - Started process (PID=298) to work on /home/airflow/.local/lib/python3.12/site-packages/airflow/example_dags/example_branch_day_of_week_operator.py
[2024-12-27T01:58:04.597+0000] {processor.py:914} INFO - Processing file /home/airflow/.local/lib/python3.12/site-packages/airflow/example_dags/example_branch_day_of_week_operator.py for tasks to queue
[2024-12-27T01:58:04.600+0000] {logging_mixin.py:190} INFO - [2024-12-27T01:58:04.599+0000] {dagbag.py:588} INFO - Filling up the DagBag from /home/airflow/.local/lib/python3.12/site-packages/airflow/example_dags/example_branch_day_of_week_operator.py
[2024-12-27T01:58:04.610+0000] {processor.py:925} INFO - DAG(s) 'example_weekday_branch_operator' retrieved from /home/airflow/.local/lib/python3.12/site-packages/airflow/example_dags/example_branch_day_of_week_operator.py
[2024-12-27T01:58:04.636+0000] {logging_mixin.py:190} INFO - [2024-12-27T01:58:04.635+0000] {dag.py:3239} INFO - Sync 1 DAGs
[2024-12-27T01:58:04.665+0000] {logging_mixin.py:190} INFO - [2024-12-27T01:58:04.665+0000] {dag.py:4180} INFO - Setting next_dagrun for example_weekday_branch_operator to 2024-12-26 00:00:00+00:00, run_after=2024-12-27 00:00:00+00:00
[2024-12-27T01:58:04.695+0000] {processor.py:208} INFO - Processing /home/airflow/.local/lib/python3.12/site-packages/airflow/example_dags/example_branch_day_of_week_operator.py took 0.105 seconds
[2024-12-27T01:58:35.791+0000] {processor.py:186} INFO - Started process (PID=361) to work on /home/airflow/.local/lib/python3.12/site-packages/airflow/example_dags/example_branch_day_of_week_operator.py
[2024-12-27T01:58:35.792+0000] {processor.py:914} INFO - Processing file /home/airflow/.local/lib/python3.12/site-packages/airflow/example_dags/example_branch_day_of_week_operator.py for tasks to queue
[2024-12-27T01:58:35.795+0000] {logging_mixin.py:190} INFO - [2024-12-27T01:58:35.795+0000] {dagbag.py:588} INFO - Filling up the DagBag from /home/airflow/.local/lib/python3.12/site-packages/airflow/example_dags/example_branch_day_of_week_operator.py
[2024-12-27T01:58:35.806+0000] {processor.py:925} INFO - DAG(s) 'example_weekday_branch_operator' retrieved from /home/airflow/.local/lib/python3.12/site-packages/airflow/example_dags/example_branch_day_of_week_operator.py
[2024-12-27T01:58:35.832+0000] {logging_mixin.py:190} INFO - [2024-12-27T01:58:35.832+0000] {dag.py:3239} INFO - Sync 1 DAGs
[2024-12-27T01:58:35.862+0000] {logging_mixin.py:190} INFO - [2024-12-27T01:58:35.861+0000] {dag.py:4180} INFO - Setting next_dagrun for example_weekday_branch_operator to 2024-12-26 00:00:00+00:00, run_after=2024-12-27 00:00:00+00:00
[2024-12-27T01:58:35.891+0000] {processor.py:208} INFO - Processing /home/airflow/.local/lib/python3.12/site-packages/airflow/example_dags/example_branch_day_of_week_operator.py took 0.105 seconds
[2024-12-27T01:59:06.991+0000] {processor.py:186} INFO - Started process (PID=423) to work on /home/airflow/.local/lib/python3.12/site-packages/airflow/example_dags/example_branch_day_of_week_operator.py
[2024-12-27T01:59:06.992+0000] {processor.py:914} INFO - Processing file /home/airflow/.local/lib/python3.12/site-packages/airflow/example_dags/example_branch_day_of_week_operator.py for tasks to queue
[2024-12-27T01:59:06.995+0000] {logging_mixin.py:190} INFO - [2024-12-27T01:59:06.995+0000] {dagbag.py:588} INFO - Filling up the DagBag from /home/airflow/.local/lib/python3.12/site-packages/airflow/example_dags/example_branch_day_of_week_operator.py
[2024-12-27T01:59:07.005+0000] {processor.py:925} INFO - DAG(s) 'example_weekday_branch_operator' retrieved from /home/airflow/.local/lib/python3.12/site-packages/airflow/example_dags/example_branch_day_of_week_operator.py
[2024-12-27T01:59:07.031+0000] {logging_mixin.py:190} INFO - [2024-12-27T01:59:07.030+0000] {dag.py:3239} INFO - Sync 1 DAGs
[2024-12-27T01:59:07.057+0000] {logging_mixin.py:190} INFO - [2024-12-27T01:59:07.056+0000] {dag.py:4180} INFO - Setting next_dagrun for example_weekday_branch_operator to 2024-12-26 00:00:00+00:00, run_after=2024-12-27 00:00:00+00:00
[2024-12-27T01:59:07.084+0000] {processor.py:208} INFO - Processing /home/airflow/.local/lib/python3.12/site-packages/airflow/example_dags/example_branch_day_of_week_operator.py took 0.099 seconds
[2024-12-27T01:59:38.521+0000] {processor.py:186} INFO - Started process (PID=486) to work on /home/airflow/.local/lib/python3.12/site-packages/airflow/example_dags/example_branch_day_of_week_operator.py
[2024-12-27T01:59:38.522+0000] {processor.py:914} INFO - Processing file /home/airflow/.local/lib/python3.12/site-packages/airflow/example_dags/example_branch_day_of_week_operator.py for tasks to queue
[2024-12-27T01:59:38.525+0000] {logging_mixin.py:190} INFO - [2024-12-27T01:59:38.525+0000] {dagbag.py:588} INFO - Filling up the DagBag from /home/airflow/.local/lib/python3.12/site-packages/airflow/example_dags/example_branch_day_of_week_operator.py
[2024-12-27T01:59:38.539+0000] {processor.py:925} INFO - DAG(s) 'example_weekday_branch_operator' retrieved from /home/airflow/.local/lib/python3.12/site-packages/airflow/example_dags/example_branch_day_of_week_operator.py
[2024-12-27T01:59:38.566+0000] {logging_mixin.py:190} INFO - [2024-12-27T01:59:38.566+0000] {dag.py:3239} INFO - Sync 1 DAGs
[2024-12-27T01:59:38.597+0000] {logging_mixin.py:190} INFO - [2024-12-27T01:59:38.597+0000] {dag.py:4180} INFO - Setting next_dagrun for example_weekday_branch_operator to 2024-12-26 00:00:00+00:00, run_after=2024-12-27 00:00:00+00:00
[2024-12-27T01:59:38.625+0000] {processor.py:208} INFO - Processing /home/airflow/.local/lib/python3.12/site-packages/airflow/example_dags/example_branch_day_of_week_operator.py took 0.109 seconds
[2024-12-27T02:00:10.027+0000] {processor.py:186} INFO - Started process (PID=549) to work on /home/airflow/.local/lib/python3.12/site-packages/airflow/example_dags/example_branch_day_of_week_operator.py
[2024-12-27T02:00:10.029+0000] {processor.py:914} INFO - Processing file /home/airflow/.local/lib/python3.12/site-packages/airflow/example_dags/example_branch_day_of_week_operator.py for tasks to queue
[2024-12-27T02:00:10.031+0000] {logging_mixin.py:190} INFO - [2024-12-27T02:00:10.031+0000] {dagbag.py:588} INFO - Filling up the DagBag from /home/airflow/.local/lib/python3.12/site-packages/airflow/example_dags/example_branch_day_of_week_operator.py
[2024-12-27T02:00:10.042+0000] {processor.py:925} INFO - DAG(s) 'example_weekday_branch_operator' retrieved from /home/airflow/.local/lib/python3.12/site-packages/airflow/example_dags/example_branch_day_of_week_operator.py
[2024-12-27T02:00:10.067+0000] {logging_mixin.py:190} INFO - [2024-12-27T02:00:10.066+0000] {dag.py:3239} INFO - Sync 1 DAGs
[2024-12-27T02:00:10.092+0000] {logging_mixin.py:190} INFO - [2024-12-27T02:00:10.091+0000] {dag.py:4180} INFO - Setting next_dagrun for example_weekday_branch_operator to 2024-12-26 00:00:00+00:00, run_after=2024-12-27 00:00:00+00:00
[2024-12-27T02:00:10.120+0000] {processor.py:208} INFO - Processing /home/airflow/.local/lib/python3.12/site-packages/airflow/example_dags/example_branch_day_of_week_operator.py took 0.099 seconds
[2024-12-27T02:00:41.551+0000] {processor.py:186} INFO - Started process (PID=612) to work on /home/airflow/.local/lib/python3.12/site-packages/airflow/example_dags/example_branch_day_of_week_operator.py
[2024-12-27T02:00:41.552+0000] {processor.py:914} INFO - Processing file /home/airflow/.local/lib/python3.12/site-packages/airflow/example_dags/example_branch_day_of_week_operator.py for tasks to queue
[2024-12-27T02:00:41.555+0000] {logging_mixin.py:190} INFO - [2024-12-27T02:00:41.555+0000] {dagbag.py:588} INFO - Filling up the DagBag from /home/airflow/.local/lib/python3.12/site-packages/airflow/example_dags/example_branch_day_of_week_operator.py
[2024-12-27T02:00:41.564+0000] {processor.py:925} INFO - DAG(s) 'example_weekday_branch_operator' retrieved from /home/airflow/.local/lib/python3.12/site-packages/airflow/example_dags/example_branch_day_of_week_operator.py
[2024-12-27T02:00:41.590+0000] {logging_mixin.py:190} INFO - [2024-12-27T02:00:41.589+0000] {dag.py:3239} INFO - Sync 1 DAGs
[2024-12-27T02:00:41.617+0000] {logging_mixin.py:190} INFO - [2024-12-27T02:00:41.617+0000] {dag.py:4180} INFO - Setting next_dagrun for example_weekday_branch_operator to 2024-12-26 00:00:00+00:00, run_after=2024-12-27 00:00:00+00:00
[2024-12-27T02:00:41.644+0000] {processor.py:208} INFO - Processing /home/airflow/.local/lib/python3.12/site-packages/airflow/example_dags/example_branch_day_of_week_operator.py took 0.098 seconds
[2024-12-27T02:01:12.833+0000] {processor.py:186} INFO - Started process (PID=675) to work on /home/airflow/.local/lib/python3.12/site-packages/airflow/example_dags/example_branch_day_of_week_operator.py
[2024-12-27T02:01:12.835+0000] {processor.py:914} INFO - Processing file /home/airflow/.local/lib/python3.12/site-packages/airflow/example_dags/example_branch_day_of_week_operator.py for tasks to queue
[2024-12-27T02:01:12.837+0000] {logging_mixin.py:190} INFO - [2024-12-27T02:01:12.837+0000] {dagbag.py:588} INFO - Filling up the DagBag from /home/airflow/.local/lib/python3.12/site-packages/airflow/example_dags/example_branch_day_of_week_operator.py
[2024-12-27T02:01:12.849+0000] {processor.py:925} INFO - DAG(s) 'example_weekday_branch_operator' retrieved from /home/airflow/.local/lib/python3.12/site-packages/airflow/example_dags/example_branch_day_of_week_operator.py
[2024-12-27T02:01:12.874+0000] {logging_mixin.py:190} INFO - [2024-12-27T02:01:12.874+0000] {dag.py:3239} INFO - Sync 1 DAGs
[2024-12-27T02:01:12.904+0000] {logging_mixin.py:190} INFO - [2024-12-27T02:01:12.903+0000] {dag.py:4180} INFO - Setting next_dagrun for example_weekday_branch_operator to 2024-12-26 00:00:00+00:00, run_after=2024-12-27 00:00:00+00:00
[2024-12-27T02:01:12.956+0000] {processor.py:208} INFO - Processing /home/airflow/.local/lib/python3.12/site-packages/airflow/example_dags/example_branch_day_of_week_operator.py took 0.128 seconds
[2024-12-27T02:01:44.043+0000] {processor.py:186} INFO - Started process (PID=738) to work on /home/airflow/.local/lib/python3.12/site-packages/airflow/example_dags/example_branch_day_of_week_operator.py
[2024-12-27T02:01:44.045+0000] {processor.py:914} INFO - Processing file /home/airflow/.local/lib/python3.12/site-packages/airflow/example_dags/example_branch_day_of_week_operator.py for tasks to queue
[2024-12-27T02:01:44.047+0000] {logging_mixin.py:190} INFO - [2024-12-27T02:01:44.047+0000] {dagbag.py:588} INFO - Filling up the DagBag from /home/airflow/.local/lib/python3.12/site-packages/airflow/example_dags/example_branch_day_of_week_operator.py
[2024-12-27T02:01:44.059+0000] {processor.py:925} INFO - DAG(s) 'example_weekday_branch_operator' retrieved from /home/airflow/.local/lib/python3.12/site-packages/airflow/example_dags/example_branch_day_of_week_operator.py
[2024-12-27T02:01:44.090+0000] {logging_mixin.py:190} INFO - [2024-12-27T02:01:44.089+0000] {dag.py:3239} INFO - Sync 1 DAGs
[2024-12-27T02:01:44.138+0000] {logging_mixin.py:190} INFO - [2024-12-27T02:01:44.137+0000] {dag.py:4180} INFO - Setting next_dagrun for example_weekday_branch_operator to 2024-12-26 00:00:00+00:00, run_after=2024-12-27 00:00:00+00:00
[2024-12-27T02:01:44.199+0000] {processor.py:208} INFO - Processing /home/airflow/.local/lib/python3.12/site-packages/airflow/example_dags/example_branch_day_of_week_operator.py took 0.160 seconds
[2024-12-27T02:02:16.886+0000] {processor.py:186} INFO - Started process (PID=802) to work on /home/airflow/.local/lib/python3.12/site-packages/airflow/example_dags/example_branch_day_of_week_operator.py
[2024-12-27T02:02:16.887+0000] {processor.py:914} INFO - Processing file /home/airflow/.local/lib/python3.12/site-packages/airflow/example_dags/example_branch_day_of_week_operator.py for tasks to queue
[2024-12-27T02:02:16.890+0000] {logging_mixin.py:190} INFO - [2024-12-27T02:02:16.890+0000] {dagbag.py:588} INFO - Filling up the DagBag from /home/airflow/.local/lib/python3.12/site-packages/airflow/example_dags/example_branch_day_of_week_operator.py
[2024-12-27T02:02:16.905+0000] {processor.py:925} INFO - DAG(s) 'example_weekday_branch_operator' retrieved from /home/airflow/.local/lib/python3.12/site-packages/airflow/example_dags/example_branch_day_of_week_operator.py
[2024-12-27T02:02:16.934+0000] {logging_mixin.py:190} INFO - [2024-12-27T02:02:16.934+0000] {dag.py:3239} INFO - Sync 1 DAGs
[2024-12-27T02:02:16.965+0000] {logging_mixin.py:190} INFO - [2024-12-27T02:02:16.964+0000] {dag.py:4180} INFO - Setting next_dagrun for example_weekday_branch_operator to 2024-12-26 00:00:00+00:00, run_after=2024-12-27 00:00:00+00:00
[2024-12-27T02:02:16.997+0000] {processor.py:208} INFO - Processing /home/airflow/.local/lib/python3.12/site-packages/airflow/example_dags/example_branch_day_of_week_operator.py took 0.120 seconds
[2024-12-27T02:02:47.552+0000] {processor.py:186} INFO - Started process (PID=864) to work on /home/airflow/.local/lib/python3.12/site-packages/airflow/example_dags/example_branch_day_of_week_operator.py
[2024-12-27T02:02:47.554+0000] {processor.py:914} INFO - Processing file /home/airflow/.local/lib/python3.12/site-packages/airflow/example_dags/example_branch_day_of_week_operator.py for tasks to queue
[2024-12-27T02:02:47.558+0000] {logging_mixin.py:190} INFO - [2024-12-27T02:02:47.557+0000] {dagbag.py:588} INFO - Filling up the DagBag from /home/airflow/.local/lib/python3.12/site-packages/airflow/example_dags/example_branch_day_of_week_operator.py
[2024-12-27T02:02:47.573+0000] {processor.py:925} INFO - DAG(s) 'example_weekday_branch_operator' retrieved from /home/airflow/.local/lib/python3.12/site-packages/airflow/example_dags/example_branch_day_of_week_operator.py
[2024-12-27T02:02:47.602+0000] {logging_mixin.py:190} INFO - [2024-12-27T02:02:47.601+0000] {dag.py:3239} INFO - Sync 1 DAGs
[2024-12-27T02:02:47.632+0000] {logging_mixin.py:190} INFO - [2024-12-27T02:02:47.632+0000] {dag.py:4180} INFO - Setting next_dagrun for example_weekday_branch_operator to 2024-12-26 00:00:00+00:00, run_after=2024-12-27 00:00:00+00:00
[2024-12-27T02:02:47.666+0000] {processor.py:208} INFO - Processing /home/airflow/.local/lib/python3.12/site-packages/airflow/example_dags/example_branch_day_of_week_operator.py took 0.120 seconds
[2024-12-27T02:03:18.199+0000] {processor.py:186} INFO - Started process (PID=927) to work on /home/airflow/.local/lib/python3.12/site-packages/airflow/example_dags/example_branch_day_of_week_operator.py
[2024-12-27T02:03:18.200+0000] {processor.py:914} INFO - Processing file /home/airflow/.local/lib/python3.12/site-packages/airflow/example_dags/example_branch_day_of_week_operator.py for tasks to queue
[2024-12-27T02:03:18.205+0000] {logging_mixin.py:190} INFO - [2024-12-27T02:03:18.204+0000] {dagbag.py:588} INFO - Filling up the DagBag from /home/airflow/.local/lib/python3.12/site-packages/airflow/example_dags/example_branch_day_of_week_operator.py
[2024-12-27T02:03:18.215+0000] {processor.py:925} INFO - DAG(s) 'example_weekday_branch_operator' retrieved from /home/airflow/.local/lib/python3.12/site-packages/airflow/example_dags/example_branch_day_of_week_operator.py
[2024-12-27T02:03:18.243+0000] {logging_mixin.py:190} INFO - [2024-12-27T02:03:18.243+0000] {dag.py:3239} INFO - Sync 1 DAGs
[2024-12-27T02:03:18.269+0000] {logging_mixin.py:190} INFO - [2024-12-27T02:03:18.269+0000] {dag.py:4180} INFO - Setting next_dagrun for example_weekday_branch_operator to 2024-12-26 00:00:00+00:00, run_after=2024-12-27 00:00:00+00:00
[2024-12-27T02:03:18.308+0000] {processor.py:208} INFO - Processing /home/airflow/.local/lib/python3.12/site-packages/airflow/example_dags/example_branch_day_of_week_operator.py took 0.115 seconds
[2024-12-27T02:03:48.744+0000] {processor.py:186} INFO - Started process (PID=990) to work on /home/airflow/.local/lib/python3.12/site-packages/airflow/example_dags/example_branch_day_of_week_operator.py
[2024-12-27T02:03:48.746+0000] {processor.py:914} INFO - Processing file /home/airflow/.local/lib/python3.12/site-packages/airflow/example_dags/example_branch_day_of_week_operator.py for tasks to queue
[2024-12-27T02:03:48.749+0000] {logging_mixin.py:190} INFO - [2024-12-27T02:03:48.748+0000] {dagbag.py:588} INFO - Filling up the DagBag from /home/airflow/.local/lib/python3.12/site-packages/airflow/example_dags/example_branch_day_of_week_operator.py
[2024-12-27T02:03:48.760+0000] {processor.py:925} INFO - DAG(s) 'example_weekday_branch_operator' retrieved from /home/airflow/.local/lib/python3.12/site-packages/airflow/example_dags/example_branch_day_of_week_operator.py
[2024-12-27T02:03:48.791+0000] {logging_mixin.py:190} INFO - [2024-12-27T02:03:48.791+0000] {dag.py:3239} INFO - Sync 1 DAGs
[2024-12-27T02:03:48.819+0000] {logging_mixin.py:190} INFO - [2024-12-27T02:03:48.819+0000] {dag.py:4180} INFO - Setting next_dagrun for example_weekday_branch_operator to 2024-12-26 00:00:00+00:00, run_after=2024-12-27 00:00:00+00:00
[2024-12-27T02:03:48.890+0000] {processor.py:208} INFO - Processing /home/airflow/.local/lib/python3.12/site-packages/airflow/example_dags/example_branch_day_of_week_operator.py took 0.152 seconds
[2024-12-27T02:04:20.080+0000] {processor.py:186} INFO - Started process (PID=1053) to work on /home/airflow/.local/lib/python3.12/site-packages/airflow/example_dags/example_branch_day_of_week_operator.py
[2024-12-27T02:04:20.081+0000] {processor.py:914} INFO - Processing file /home/airflow/.local/lib/python3.12/site-packages/airflow/example_dags/example_branch_day_of_week_operator.py for tasks to queue
[2024-12-27T02:04:20.084+0000] {logging_mixin.py:190} INFO - [2024-12-27T02:04:20.084+0000] {dagbag.py:588} INFO - Filling up the DagBag from /home/airflow/.local/lib/python3.12/site-packages/airflow/example_dags/example_branch_day_of_week_operator.py
[2024-12-27T02:04:20.094+0000] {processor.py:925} INFO - DAG(s) 'example_weekday_branch_operator' retrieved from /home/airflow/.local/lib/python3.12/site-packages/airflow/example_dags/example_branch_day_of_week_operator.py
[2024-12-27T02:04:20.122+0000] {logging_mixin.py:190} INFO - [2024-12-27T02:04:20.122+0000] {dag.py:3239} INFO - Sync 1 DAGs
[2024-12-27T02:04:20.153+0000] {logging_mixin.py:190} INFO - [2024-12-27T02:04:20.152+0000] {dag.py:4180} INFO - Setting next_dagrun for example_weekday_branch_operator to 2024-12-26 00:00:00+00:00, run_after=2024-12-27 00:00:00+00:00
[2024-12-27T02:04:20.182+0000] {processor.py:208} INFO - Processing /home/airflow/.local/lib/python3.12/site-packages/airflow/example_dags/example_branch_day_of_week_operator.py took 0.108 seconds
[2024-12-27T02:04:51.589+0000] {processor.py:186} INFO - Started process (PID=1116) to work on /home/airflow/.local/lib/python3.12/site-packages/airflow/example_dags/example_branch_day_of_week_operator.py
[2024-12-27T02:04:51.591+0000] {processor.py:914} INFO - Processing file /home/airflow/.local/lib/python3.12/site-packages/airflow/example_dags/example_branch_day_of_week_operator.py for tasks to queue
[2024-12-27T02:04:51.594+0000] {logging_mixin.py:190} INFO - [2024-12-27T02:04:51.593+0000] {dagbag.py:588} INFO - Filling up the DagBag from /home/airflow/.local/lib/python3.12/site-packages/airflow/example_dags/example_branch_day_of_week_operator.py
[2024-12-27T02:04:51.603+0000] {processor.py:925} INFO - DAG(s) 'example_weekday_branch_operator' retrieved from /home/airflow/.local/lib/python3.12/site-packages/airflow/example_dags/example_branch_day_of_week_operator.py
[2024-12-27T02:04:51.629+0000] {logging_mixin.py:190} INFO - [2024-12-27T02:04:51.629+0000] {dag.py:3239} INFO - Sync 1 DAGs
[2024-12-27T02:04:51.656+0000] {logging_mixin.py:190} INFO - [2024-12-27T02:04:51.656+0000] {dag.py:4180} INFO - Setting next_dagrun for example_weekday_branch_operator to 2024-12-26 00:00:00+00:00, run_after=2024-12-27 00:00:00+00:00
[2024-12-27T02:04:51.682+0000] {processor.py:208} INFO - Processing /home/airflow/.local/lib/python3.12/site-packages/airflow/example_dags/example_branch_day_of_week_operator.py took 0.099 seconds
[2024-12-27T02:05:22.177+0000] {processor.py:186} INFO - Started process (PID=1179) to work on /home/airflow/.local/lib/python3.12/site-packages/airflow/example_dags/example_branch_day_of_week_operator.py
[2024-12-27T02:05:22.179+0000] {processor.py:914} INFO - Processing file /home/airflow/.local/lib/python3.12/site-packages/airflow/example_dags/example_branch_day_of_week_operator.py for tasks to queue
[2024-12-27T02:05:22.182+0000] {logging_mixin.py:190} INFO - [2024-12-27T02:05:22.182+0000] {dagbag.py:588} INFO - Filling up the DagBag from /home/airflow/.local/lib/python3.12/site-packages/airflow/example_dags/example_branch_day_of_week_operator.py
[2024-12-27T02:05:22.193+0000] {processor.py:925} INFO - DAG(s) 'example_weekday_branch_operator' retrieved from /home/airflow/.local/lib/python3.12/site-packages/airflow/example_dags/example_branch_day_of_week_operator.py
[2024-12-27T02:05:22.226+0000] {logging_mixin.py:190} INFO - [2024-12-27T02:05:22.226+0000] {dag.py:3239} INFO - Sync 1 DAGs
[2024-12-27T02:05:22.274+0000] {logging_mixin.py:190} INFO - [2024-12-27T02:05:22.274+0000] {dag.py:4180} INFO - Setting next_dagrun for example_weekday_branch_operator to 2024-12-26 00:00:00+00:00, run_after=2024-12-27 00:00:00+00:00
[2024-12-27T02:05:22.300+0000] {processor.py:208} INFO - Processing /home/airflow/.local/lib/python3.12/site-packages/airflow/example_dags/example_branch_day_of_week_operator.py took 0.128 seconds
[2024-12-27T02:05:52.899+0000] {processor.py:186} INFO - Started process (PID=1242) to work on /home/airflow/.local/lib/python3.12/site-packages/airflow/example_dags/example_branch_day_of_week_operator.py
[2024-12-27T02:05:52.900+0000] {processor.py:914} INFO - Processing file /home/airflow/.local/lib/python3.12/site-packages/airflow/example_dags/example_branch_day_of_week_operator.py for tasks to queue
[2024-12-27T02:05:52.903+0000] {logging_mixin.py:190} INFO - [2024-12-27T02:05:52.903+0000] {dagbag.py:588} INFO - Filling up the DagBag from /home/airflow/.local/lib/python3.12/site-packages/airflow/example_dags/example_branch_day_of_week_operator.py
[2024-12-27T02:05:52.912+0000] {processor.py:925} INFO - DAG(s) 'example_weekday_branch_operator' retrieved from /home/airflow/.local/lib/python3.12/site-packages/airflow/example_dags/example_branch_day_of_week_operator.py
[2024-12-27T02:05:52.939+0000] {logging_mixin.py:190} INFO - [2024-12-27T02:05:52.939+0000] {dag.py:3239} INFO - Sync 1 DAGs
[2024-12-27T02:05:52.966+0000] {logging_mixin.py:190} INFO - [2024-12-27T02:05:52.966+0000] {dag.py:4180} INFO - Setting next_dagrun for example_weekday_branch_operator to 2024-12-26 00:00:00+00:00, run_after=2024-12-27 00:00:00+00:00
[2024-12-27T02:05:52.999+0000] {processor.py:208} INFO - Processing /home/airflow/.local/lib/python3.12/site-packages/airflow/example_dags/example_branch_day_of_week_operator.py took 0.105 seconds
[2024-12-27T02:06:23.726+0000] {processor.py:186} INFO - Started process (PID=1310) to work on /home/airflow/.local/lib/python3.12/site-packages/airflow/example_dags/example_branch_day_of_week_operator.py
[2024-12-27T02:06:23.727+0000] {processor.py:914} INFO - Processing file /home/airflow/.local/lib/python3.12/site-packages/airflow/example_dags/example_branch_day_of_week_operator.py for tasks to queue
[2024-12-27T02:06:23.731+0000] {logging_mixin.py:190} INFO - [2024-12-27T02:06:23.731+0000] {dagbag.py:588} INFO - Filling up the DagBag from /home/airflow/.local/lib/python3.12/site-packages/airflow/example_dags/example_branch_day_of_week_operator.py
[2024-12-27T02:06:23.742+0000] {processor.py:925} INFO - DAG(s) 'example_weekday_branch_operator' retrieved from /home/airflow/.local/lib/python3.12/site-packages/airflow/example_dags/example_branch_day_of_week_operator.py
[2024-12-27T02:06:23.767+0000] {logging_mixin.py:190} INFO - [2024-12-27T02:06:23.767+0000] {dag.py:3239} INFO - Sync 1 DAGs
[2024-12-27T02:06:23.795+0000] {logging_mixin.py:190} INFO - [2024-12-27T02:06:23.794+0000] {dag.py:4180} INFO - Setting next_dagrun for example_weekday_branch_operator to 2024-12-26 00:00:00+00:00, run_after=2024-12-27 00:00:00+00:00
[2024-12-27T02:06:23.821+0000] {processor.py:208} INFO - Processing /home/airflow/.local/lib/python3.12/site-packages/airflow/example_dags/example_branch_day_of_week_operator.py took 0.101 seconds
[2024-12-27T02:06:54.666+0000] {processor.py:186} INFO - Started process (PID=1373) to work on /home/airflow/.local/lib/python3.12/site-packages/airflow/example_dags/example_branch_day_of_week_operator.py
[2024-12-27T02:06:54.667+0000] {processor.py:914} INFO - Processing file /home/airflow/.local/lib/python3.12/site-packages/airflow/example_dags/example_branch_day_of_week_operator.py for tasks to queue
[2024-12-27T02:06:54.672+0000] {logging_mixin.py:190} INFO - [2024-12-27T02:06:54.671+0000] {dagbag.py:588} INFO - Filling up the DagBag from /home/airflow/.local/lib/python3.12/site-packages/airflow/example_dags/example_branch_day_of_week_operator.py
[2024-12-27T02:06:54.690+0000] {processor.py:925} INFO - DAG(s) 'example_weekday_branch_operator' retrieved from /home/airflow/.local/lib/python3.12/site-packages/airflow/example_dags/example_branch_day_of_week_operator.py
[2024-12-27T02:06:54.727+0000] {logging_mixin.py:190} INFO - [2024-12-27T02:06:54.726+0000] {dag.py:3239} INFO - Sync 1 DAGs
[2024-12-27T02:06:54.768+0000] {logging_mixin.py:190} INFO - [2024-12-27T02:06:54.768+0000] {dag.py:4180} INFO - Setting next_dagrun for example_weekday_branch_operator to 2024-12-26 00:00:00+00:00, run_after=2024-12-27 00:00:00+00:00
[2024-12-27T02:06:54.808+0000] {processor.py:208} INFO - Processing /home/airflow/.local/lib/python3.12/site-packages/airflow/example_dags/example_branch_day_of_week_operator.py took 0.149 seconds
[2024-12-27T02:07:24.922+0000] {processor.py:186} INFO - Started process (PID=1435) to work on /home/airflow/.local/lib/python3.12/site-packages/airflow/example_dags/example_branch_day_of_week_operator.py
[2024-12-27T02:07:24.924+0000] {processor.py:914} INFO - Processing file /home/airflow/.local/lib/python3.12/site-packages/airflow/example_dags/example_branch_day_of_week_operator.py for tasks to queue
[2024-12-27T02:07:24.928+0000] {logging_mixin.py:190} INFO - [2024-12-27T02:07:24.927+0000] {dagbag.py:588} INFO - Filling up the DagBag from /home/airflow/.local/lib/python3.12/site-packages/airflow/example_dags/example_branch_day_of_week_operator.py
[2024-12-27T02:07:24.940+0000] {processor.py:925} INFO - DAG(s) 'example_weekday_branch_operator' retrieved from /home/airflow/.local/lib/python3.12/site-packages/airflow/example_dags/example_branch_day_of_week_operator.py
[2024-12-27T02:07:24.968+0000] {logging_mixin.py:190} INFO - [2024-12-27T02:07:24.967+0000] {dag.py:3239} INFO - Sync 1 DAGs
[2024-12-27T02:07:24.998+0000] {logging_mixin.py:190} INFO - [2024-12-27T02:07:24.998+0000] {dag.py:4180} INFO - Setting next_dagrun for example_weekday_branch_operator to 2024-12-26 00:00:00+00:00, run_after=2024-12-27 00:00:00+00:00
[2024-12-27T02:07:25.028+0000] {processor.py:208} INFO - Processing /home/airflow/.local/lib/python3.12/site-packages/airflow/example_dags/example_branch_day_of_week_operator.py took 0.111 seconds
[2024-12-27T02:07:55.788+0000] {processor.py:186} INFO - Started process (PID=1498) to work on /home/airflow/.local/lib/python3.12/site-packages/airflow/example_dags/example_branch_day_of_week_operator.py
[2024-12-27T02:07:55.790+0000] {processor.py:914} INFO - Processing file /home/airflow/.local/lib/python3.12/site-packages/airflow/example_dags/example_branch_day_of_week_operator.py for tasks to queue
[2024-12-27T02:07:55.793+0000] {logging_mixin.py:190} INFO - [2024-12-27T02:07:55.793+0000] {dagbag.py:588} INFO - Filling up the DagBag from /home/airflow/.local/lib/python3.12/site-packages/airflow/example_dags/example_branch_day_of_week_operator.py
[2024-12-27T02:07:55.802+0000] {processor.py:925} INFO - DAG(s) 'example_weekday_branch_operator' retrieved from /home/airflow/.local/lib/python3.12/site-packages/airflow/example_dags/example_branch_day_of_week_operator.py
[2024-12-27T02:07:55.827+0000] {logging_mixin.py:190} INFO - [2024-12-27T02:07:55.827+0000] {dag.py:3239} INFO - Sync 1 DAGs
[2024-12-27T02:07:55.854+0000] {logging_mixin.py:190} INFO - [2024-12-27T02:07:55.853+0000] {dag.py:4180} INFO - Setting next_dagrun for example_weekday_branch_operator to 2024-12-26 00:00:00+00:00, run_after=2024-12-27 00:00:00+00:00
[2024-12-27T02:07:55.879+0000] {processor.py:208} INFO - Processing /home/airflow/.local/lib/python3.12/site-packages/airflow/example_dags/example_branch_day_of_week_operator.py took 0.096 seconds
[2024-12-27T02:08:26.440+0000] {processor.py:186} INFO - Started process (PID=1561) to work on /home/airflow/.local/lib/python3.12/site-packages/airflow/example_dags/example_branch_day_of_week_operator.py
[2024-12-27T02:08:26.441+0000] {processor.py:914} INFO - Processing file /home/airflow/.local/lib/python3.12/site-packages/airflow/example_dags/example_branch_day_of_week_operator.py for tasks to queue
[2024-12-27T02:08:26.445+0000] {logging_mixin.py:190} INFO - [2024-12-27T02:08:26.444+0000] {dagbag.py:588} INFO - Filling up the DagBag from /home/airflow/.local/lib/python3.12/site-packages/airflow/example_dags/example_branch_day_of_week_operator.py
[2024-12-27T02:08:26.455+0000] {processor.py:925} INFO - DAG(s) 'example_weekday_branch_operator' retrieved from /home/airflow/.local/lib/python3.12/site-packages/airflow/example_dags/example_branch_day_of_week_operator.py
[2024-12-27T02:08:26.481+0000] {logging_mixin.py:190} INFO - [2024-12-27T02:08:26.480+0000] {dag.py:3239} INFO - Sync 1 DAGs
[2024-12-27T02:08:26.509+0000] {logging_mixin.py:190} INFO - [2024-12-27T02:08:26.508+0000] {dag.py:4180} INFO - Setting next_dagrun for example_weekday_branch_operator to 2024-12-26 00:00:00+00:00, run_after=2024-12-27 00:00:00+00:00
[2024-12-27T02:08:26.540+0000] {processor.py:208} INFO - Processing /home/airflow/.local/lib/python3.12/site-packages/airflow/example_dags/example_branch_day_of_week_operator.py took 0.105 seconds
[2024-12-27T02:08:56.704+0000] {processor.py:186} INFO - Started process (PID=1624) to work on /home/airflow/.local/lib/python3.12/site-packages/airflow/example_dags/example_branch_day_of_week_operator.py
[2024-12-27T02:08:56.706+0000] {processor.py:914} INFO - Processing file /home/airflow/.local/lib/python3.12/site-packages/airflow/example_dags/example_branch_day_of_week_operator.py for tasks to queue
[2024-12-27T02:08:56.709+0000] {logging_mixin.py:190} INFO - [2024-12-27T02:08:56.709+0000] {dagbag.py:588} INFO - Filling up the DagBag from /home/airflow/.local/lib/python3.12/site-packages/airflow/example_dags/example_branch_day_of_week_operator.py
[2024-12-27T02:08:56.719+0000] {processor.py:925} INFO - DAG(s) 'example_weekday_branch_operator' retrieved from /home/airflow/.local/lib/python3.12/site-packages/airflow/example_dags/example_branch_day_of_week_operator.py
[2024-12-27T02:08:56.747+0000] {logging_mixin.py:190} INFO - [2024-12-27T02:08:56.746+0000] {dag.py:3239} INFO - Sync 1 DAGs
[2024-12-27T02:08:56.775+0000] {logging_mixin.py:190} INFO - [2024-12-27T02:08:56.775+0000] {dag.py:4180} INFO - Setting next_dagrun for example_weekday_branch_operator to 2024-12-26 00:00:00+00:00, run_after=2024-12-27 00:00:00+00:00
[2024-12-27T02:08:56.805+0000] {processor.py:208} INFO - Processing /home/airflow/.local/lib/python3.12/site-packages/airflow/example_dags/example_branch_day_of_week_operator.py took 0.106 seconds
[2024-12-27T02:09:27.336+0000] {processor.py:186} INFO - Started process (PID=1687) to work on /home/airflow/.local/lib/python3.12/site-packages/airflow/example_dags/example_branch_day_of_week_operator.py
[2024-12-27T02:09:27.343+0000] {processor.py:914} INFO - Processing file /home/airflow/.local/lib/python3.12/site-packages/airflow/example_dags/example_branch_day_of_week_operator.py for tasks to queue
[2024-12-27T02:09:27.346+0000] {logging_mixin.py:190} INFO - [2024-12-27T02:09:27.345+0000] {dagbag.py:588} INFO - Filling up the DagBag from /home/airflow/.local/lib/python3.12/site-packages/airflow/example_dags/example_branch_day_of_week_operator.py
[2024-12-27T02:09:27.354+0000] {processor.py:925} INFO - DAG(s) 'example_weekday_branch_operator' retrieved from /home/airflow/.local/lib/python3.12/site-packages/airflow/example_dags/example_branch_day_of_week_operator.py
[2024-12-27T02:09:27.397+0000] {logging_mixin.py:190} INFO - [2024-12-27T02:09:27.397+0000] {dag.py:3239} INFO - Sync 1 DAGs
[2024-12-27T02:09:27.431+0000] {logging_mixin.py:190} INFO - [2024-12-27T02:09:27.430+0000] {dag.py:4180} INFO - Setting next_dagrun for example_weekday_branch_operator to 2024-12-26 00:00:00+00:00, run_after=2024-12-27 00:00:00+00:00
[2024-12-27T02:09:27.456+0000] {processor.py:208} INFO - Processing /home/airflow/.local/lib/python3.12/site-packages/airflow/example_dags/example_branch_day_of_week_operator.py took 0.126 seconds
[2024-12-27T02:09:57.959+0000] {processor.py:186} INFO - Started process (PID=1750) to work on /home/airflow/.local/lib/python3.12/site-packages/airflow/example_dags/example_branch_day_of_week_operator.py
[2024-12-27T02:09:57.960+0000] {processor.py:914} INFO - Processing file /home/airflow/.local/lib/python3.12/site-packages/airflow/example_dags/example_branch_day_of_week_operator.py for tasks to queue
[2024-12-27T02:09:57.964+0000] {logging_mixin.py:190} INFO - [2024-12-27T02:09:57.964+0000] {dagbag.py:588} INFO - Filling up the DagBag from /home/airflow/.local/lib/python3.12/site-packages/airflow/example_dags/example_branch_day_of_week_operator.py
[2024-12-27T02:09:57.977+0000] {processor.py:925} INFO - DAG(s) 'example_weekday_branch_operator' retrieved from /home/airflow/.local/lib/python3.12/site-packages/airflow/example_dags/example_branch_day_of_week_operator.py
[2024-12-27T02:09:58.019+0000] {logging_mixin.py:190} INFO - [2024-12-27T02:09:58.018+0000] {dag.py:3239} INFO - Sync 1 DAGs
[2024-12-27T02:09:58.056+0000] {logging_mixin.py:190} INFO - [2024-12-27T02:09:58.056+0000] {dag.py:4180} INFO - Setting next_dagrun for example_weekday_branch_operator to 2024-12-26 00:00:00+00:00, run_after=2024-12-27 00:00:00+00:00
[2024-12-27T02:09:58.096+0000] {processor.py:208} INFO - Processing /home/airflow/.local/lib/python3.12/site-packages/airflow/example_dags/example_branch_day_of_week_operator.py took 0.144 seconds
[2024-12-27T02:10:28.326+0000] {processor.py:186} INFO - Started process (PID=1813) to work on /home/airflow/.local/lib/python3.12/site-packages/airflow/example_dags/example_branch_day_of_week_operator.py
[2024-12-27T02:10:28.328+0000] {processor.py:914} INFO - Processing file /home/airflow/.local/lib/python3.12/site-packages/airflow/example_dags/example_branch_day_of_week_operator.py for tasks to queue
[2024-12-27T02:10:28.332+0000] {logging_mixin.py:190} INFO - [2024-12-27T02:10:28.332+0000] {dagbag.py:588} INFO - Filling up the DagBag from /home/airflow/.local/lib/python3.12/site-packages/airflow/example_dags/example_branch_day_of_week_operator.py
[2024-12-27T02:10:28.355+0000] {processor.py:925} INFO - DAG(s) 'example_weekday_branch_operator' retrieved from /home/airflow/.local/lib/python3.12/site-packages/airflow/example_dags/example_branch_day_of_week_operator.py
[2024-12-27T02:10:28.397+0000] {logging_mixin.py:190} INFO - [2024-12-27T02:10:28.396+0000] {dag.py:3239} INFO - Sync 1 DAGs
[2024-12-27T02:10:28.441+0000] {logging_mixin.py:190} INFO - [2024-12-27T02:10:28.440+0000] {dag.py:4180} INFO - Setting next_dagrun for example_weekday_branch_operator to 2024-12-26 00:00:00+00:00, run_after=2024-12-27 00:00:00+00:00
[2024-12-27T02:10:28.484+0000] {processor.py:208} INFO - Processing /home/airflow/.local/lib/python3.12/site-packages/airflow/example_dags/example_branch_day_of_week_operator.py took 0.166 seconds
[2024-12-27T02:10:58.758+0000] {processor.py:186} INFO - Started process (PID=1876) to work on /home/airflow/.local/lib/python3.12/site-packages/airflow/example_dags/example_branch_day_of_week_operator.py
[2024-12-27T02:10:58.759+0000] {processor.py:914} INFO - Processing file /home/airflow/.local/lib/python3.12/site-packages/airflow/example_dags/example_branch_day_of_week_operator.py for tasks to queue
[2024-12-27T02:10:58.763+0000] {logging_mixin.py:190} INFO - [2024-12-27T02:10:58.762+0000] {dagbag.py:588} INFO - Filling up the DagBag from /home/airflow/.local/lib/python3.12/site-packages/airflow/example_dags/example_branch_day_of_week_operator.py
[2024-12-27T02:10:58.773+0000] {processor.py:925} INFO - DAG(s) 'example_weekday_branch_operator' retrieved from /home/airflow/.local/lib/python3.12/site-packages/airflow/example_dags/example_branch_day_of_week_operator.py
[2024-12-27T02:10:58.800+0000] {logging_mixin.py:190} INFO - [2024-12-27T02:10:58.800+0000] {dag.py:3239} INFO - Sync 1 DAGs
[2024-12-27T02:10:58.828+0000] {logging_mixin.py:190} INFO - [2024-12-27T02:10:58.828+0000] {dag.py:4180} INFO - Setting next_dagrun for example_weekday_branch_operator to 2024-12-26 00:00:00+00:00, run_after=2024-12-27 00:00:00+00:00
[2024-12-27T02:10:58.855+0000] {processor.py:208} INFO - Processing /home/airflow/.local/lib/python3.12/site-packages/airflow/example_dags/example_branch_day_of_week_operator.py took 0.102 seconds
[2024-12-27T02:11:29.244+0000] {processor.py:186} INFO - Started process (PID=1939) to work on /home/airflow/.local/lib/python3.12/site-packages/airflow/example_dags/example_branch_day_of_week_operator.py
[2024-12-27T02:11:29.246+0000] {processor.py:914} INFO - Processing file /home/airflow/.local/lib/python3.12/site-packages/airflow/example_dags/example_branch_day_of_week_operator.py for tasks to queue
[2024-12-27T02:11:29.249+0000] {logging_mixin.py:190} INFO - [2024-12-27T02:11:29.249+0000] {dagbag.py:588} INFO - Filling up the DagBag from /home/airflow/.local/lib/python3.12/site-packages/airflow/example_dags/example_branch_day_of_week_operator.py
[2024-12-27T02:11:29.261+0000] {processor.py:925} INFO - DAG(s) 'example_weekday_branch_operator' retrieved from /home/airflow/.local/lib/python3.12/site-packages/airflow/example_dags/example_branch_day_of_week_operator.py
[2024-12-27T02:11:29.290+0000] {logging_mixin.py:190} INFO - [2024-12-27T02:11:29.290+0000] {dag.py:3239} INFO - Sync 1 DAGs
[2024-12-27T02:11:29.315+0000] {logging_mixin.py:190} INFO - [2024-12-27T02:11:29.314+0000] {dag.py:4180} INFO - Setting next_dagrun for example_weekday_branch_operator to 2024-12-26 00:00:00+00:00, run_after=2024-12-27 00:00:00+00:00
[2024-12-27T02:11:29.343+0000] {processor.py:208} INFO - Processing /home/airflow/.local/lib/python3.12/site-packages/airflow/example_dags/example_branch_day_of_week_operator.py took 0.104 seconds
[2024-12-27T02:11:59.552+0000] {processor.py:186} INFO - Started process (PID=2002) to work on /home/airflow/.local/lib/python3.12/site-packages/airflow/example_dags/example_branch_day_of_week_operator.py
[2024-12-27T02:11:59.554+0000] {processor.py:914} INFO - Processing file /home/airflow/.local/lib/python3.12/site-packages/airflow/example_dags/example_branch_day_of_week_operator.py for tasks to queue
[2024-12-27T02:11:59.557+0000] {logging_mixin.py:190} INFO - [2024-12-27T02:11:59.557+0000] {dagbag.py:588} INFO - Filling up the DagBag from /home/airflow/.local/lib/python3.12/site-packages/airflow/example_dags/example_branch_day_of_week_operator.py
[2024-12-27T02:11:59.567+0000] {processor.py:925} INFO - DAG(s) 'example_weekday_branch_operator' retrieved from /home/airflow/.local/lib/python3.12/site-packages/airflow/example_dags/example_branch_day_of_week_operator.py
[2024-12-27T02:11:59.594+0000] {logging_mixin.py:190} INFO - [2024-12-27T02:11:59.594+0000] {dag.py:3239} INFO - Sync 1 DAGs
[2024-12-27T02:11:59.627+0000] {logging_mixin.py:190} INFO - [2024-12-27T02:11:59.626+0000] {dag.py:4180} INFO - Setting next_dagrun for example_weekday_branch_operator to 2024-12-26 00:00:00+00:00, run_after=2024-12-27 00:00:00+00:00
[2024-12-27T02:11:59.829+0000] {processor.py:208} INFO - Processing /home/airflow/.local/lib/python3.12/site-packages/airflow/example_dags/example_branch_day_of_week_operator.py took 0.282 seconds
[2024-12-27T02:12:29.958+0000] {processor.py:186} INFO - Started process (PID=2066) to work on /home/airflow/.local/lib/python3.12/site-packages/airflow/example_dags/example_branch_day_of_week_operator.py
[2024-12-27T02:12:29.960+0000] {processor.py:914} INFO - Processing file /home/airflow/.local/lib/python3.12/site-packages/airflow/example_dags/example_branch_day_of_week_operator.py for tasks to queue
[2024-12-27T02:12:29.962+0000] {logging_mixin.py:190} INFO - [2024-12-27T02:12:29.962+0000] {dagbag.py:588} INFO - Filling up the DagBag from /home/airflow/.local/lib/python3.12/site-packages/airflow/example_dags/example_branch_day_of_week_operator.py
[2024-12-27T02:12:29.971+0000] {processor.py:925} INFO - DAG(s) 'example_weekday_branch_operator' retrieved from /home/airflow/.local/lib/python3.12/site-packages/airflow/example_dags/example_branch_day_of_week_operator.py
[2024-12-27T02:12:29.996+0000] {logging_mixin.py:190} INFO - [2024-12-27T02:12:29.995+0000] {dag.py:3239} INFO - Sync 1 DAGs
[2024-12-27T02:12:30.021+0000] {logging_mixin.py:190} INFO - [2024-12-27T02:12:30.021+0000] {dag.py:4180} INFO - Setting next_dagrun for example_weekday_branch_operator to 2024-12-26 00:00:00+00:00, run_after=2024-12-27 00:00:00+00:00
[2024-12-27T02:12:30.052+0000] {processor.py:208} INFO - Processing /home/airflow/.local/lib/python3.12/site-packages/airflow/example_dags/example_branch_day_of_week_operator.py took 0.098 seconds
[2024-12-27T02:13:00.660+0000] {processor.py:186} INFO - Started process (PID=2128) to work on /home/airflow/.local/lib/python3.12/site-packages/airflow/example_dags/example_branch_day_of_week_operator.py
[2024-12-27T02:13:00.662+0000] {processor.py:914} INFO - Processing file /home/airflow/.local/lib/python3.12/site-packages/airflow/example_dags/example_branch_day_of_week_operator.py for tasks to queue
[2024-12-27T02:13:00.665+0000] {logging_mixin.py:190} INFO - [2024-12-27T02:13:00.664+0000] {dagbag.py:588} INFO - Filling up the DagBag from /home/airflow/.local/lib/python3.12/site-packages/airflow/example_dags/example_branch_day_of_week_operator.py
[2024-12-27T02:13:00.676+0000] {processor.py:925} INFO - DAG(s) 'example_weekday_branch_operator' retrieved from /home/airflow/.local/lib/python3.12/site-packages/airflow/example_dags/example_branch_day_of_week_operator.py
[2024-12-27T02:13:00.703+0000] {logging_mixin.py:190} INFO - [2024-12-27T02:13:00.703+0000] {dag.py:3239} INFO - Sync 1 DAGs
[2024-12-27T02:13:00.731+0000] {logging_mixin.py:190} INFO - [2024-12-27T02:13:00.730+0000] {dag.py:4180} INFO - Setting next_dagrun for example_weekday_branch_operator to 2024-12-26 00:00:00+00:00, run_after=2024-12-27 00:00:00+00:00
[2024-12-27T02:13:00.762+0000] {processor.py:208} INFO - Processing /home/airflow/.local/lib/python3.12/site-packages/airflow/example_dags/example_branch_day_of_week_operator.py took 0.109 seconds
[2024-12-27T02:13:30.929+0000] {processor.py:186} INFO - Started process (PID=2190) to work on /home/airflow/.local/lib/python3.12/site-packages/airflow/example_dags/example_branch_day_of_week_operator.py
[2024-12-27T02:13:30.930+0000] {processor.py:914} INFO - Processing file /home/airflow/.local/lib/python3.12/site-packages/airflow/example_dags/example_branch_day_of_week_operator.py for tasks to queue
[2024-12-27T02:13:30.934+0000] {logging_mixin.py:190} INFO - [2024-12-27T02:13:30.934+0000] {dagbag.py:588} INFO - Filling up the DagBag from /home/airflow/.local/lib/python3.12/site-packages/airflow/example_dags/example_branch_day_of_week_operator.py
[2024-12-27T02:13:30.943+0000] {processor.py:925} INFO - DAG(s) 'example_weekday_branch_operator' retrieved from /home/airflow/.local/lib/python3.12/site-packages/airflow/example_dags/example_branch_day_of_week_operator.py
[2024-12-27T02:13:30.968+0000] {logging_mixin.py:190} INFO - [2024-12-27T02:13:30.968+0000] {dag.py:3239} INFO - Sync 1 DAGs
[2024-12-27T02:13:31.000+0000] {logging_mixin.py:190} INFO - [2024-12-27T02:13:31.000+0000] {dag.py:4180} INFO - Setting next_dagrun for example_weekday_branch_operator to 2024-12-26 00:00:00+00:00, run_after=2024-12-27 00:00:00+00:00
[2024-12-27T02:13:31.030+0000] {processor.py:208} INFO - Processing /home/airflow/.local/lib/python3.12/site-packages/airflow/example_dags/example_branch_day_of_week_operator.py took 0.105 seconds
[2024-12-27T02:14:01.251+0000] {processor.py:186} INFO - Started process (PID=2253) to work on /home/airflow/.local/lib/python3.12/site-packages/airflow/example_dags/example_branch_day_of_week_operator.py
[2024-12-27T02:14:01.254+0000] {processor.py:914} INFO - Processing file /home/airflow/.local/lib/python3.12/site-packages/airflow/example_dags/example_branch_day_of_week_operator.py for tasks to queue
[2024-12-27T02:14:01.258+0000] {logging_mixin.py:190} INFO - [2024-12-27T02:14:01.257+0000] {dagbag.py:588} INFO - Filling up the DagBag from /home/airflow/.local/lib/python3.12/site-packages/airflow/example_dags/example_branch_day_of_week_operator.py
[2024-12-27T02:14:01.271+0000] {processor.py:925} INFO - DAG(s) 'example_weekday_branch_operator' retrieved from /home/airflow/.local/lib/python3.12/site-packages/airflow/example_dags/example_branch_day_of_week_operator.py
[2024-12-27T02:14:01.303+0000] {logging_mixin.py:190} INFO - [2024-12-27T02:14:01.302+0000] {dag.py:3239} INFO - Sync 1 DAGs
[2024-12-27T02:14:01.337+0000] {logging_mixin.py:190} INFO - [2024-12-27T02:14:01.337+0000] {dag.py:4180} INFO - Setting next_dagrun for example_weekday_branch_operator to 2024-12-26 00:00:00+00:00, run_after=2024-12-27 00:00:00+00:00
[2024-12-27T02:14:01.379+0000] {processor.py:208} INFO - Processing /home/airflow/.local/lib/python3.12/site-packages/airflow/example_dags/example_branch_day_of_week_operator.py took 0.135 seconds
[2024-12-27T02:14:33.912+0000] {processor.py:186} INFO - Started process (PID=2317) to work on /home/airflow/.local/lib/python3.12/site-packages/airflow/example_dags/example_branch_day_of_week_operator.py
[2024-12-27T02:14:33.913+0000] {processor.py:914} INFO - Processing file /home/airflow/.local/lib/python3.12/site-packages/airflow/example_dags/example_branch_day_of_week_operator.py for tasks to queue
[2024-12-27T02:14:33.916+0000] {logging_mixin.py:190} INFO - [2024-12-27T02:14:33.916+0000] {dagbag.py:588} INFO - Filling up the DagBag from /home/airflow/.local/lib/python3.12/site-packages/airflow/example_dags/example_branch_day_of_week_operator.py
[2024-12-27T02:14:33.927+0000] {processor.py:925} INFO - DAG(s) 'example_weekday_branch_operator' retrieved from /home/airflow/.local/lib/python3.12/site-packages/airflow/example_dags/example_branch_day_of_week_operator.py
[2024-12-27T02:14:33.960+0000] {logging_mixin.py:190} INFO - [2024-12-27T02:14:33.959+0000] {dag.py:3239} INFO - Sync 1 DAGs
[2024-12-27T02:14:34.170+0000] {logging_mixin.py:190} INFO - [2024-12-27T02:14:34.170+0000] {dag.py:4180} INFO - Setting next_dagrun for example_weekday_branch_operator to 2024-12-26 00:00:00+00:00, run_after=2024-12-27 00:00:00+00:00
[2024-12-27T02:14:34.957+0000] {processor.py:208} INFO - Processing /home/airflow/.local/lib/python3.12/site-packages/airflow/example_dags/example_branch_day_of_week_operator.py took 1.050 seconds
[2024-12-27T02:15:05.649+0000] {processor.py:186} INFO - Started process (PID=2380) to work on /home/airflow/.local/lib/python3.12/site-packages/airflow/example_dags/example_branch_day_of_week_operator.py
[2024-12-27T02:15:05.651+0000] {processor.py:914} INFO - Processing file /home/airflow/.local/lib/python3.12/site-packages/airflow/example_dags/example_branch_day_of_week_operator.py for tasks to queue
[2024-12-27T02:15:05.655+0000] {logging_mixin.py:190} INFO - [2024-12-27T02:15:05.654+0000] {dagbag.py:588} INFO - Filling up the DagBag from /home/airflow/.local/lib/python3.12/site-packages/airflow/example_dags/example_branch_day_of_week_operator.py
[2024-12-27T02:15:05.668+0000] {processor.py:925} INFO - DAG(s) 'example_weekday_branch_operator' retrieved from /home/airflow/.local/lib/python3.12/site-packages/airflow/example_dags/example_branch_day_of_week_operator.py
[2024-12-27T02:15:05.704+0000] {logging_mixin.py:190} INFO - [2024-12-27T02:15:05.703+0000] {dag.py:3239} INFO - Sync 1 DAGs
[2024-12-27T02:15:05.931+0000] {logging_mixin.py:190} INFO - [2024-12-27T02:15:05.931+0000] {dag.py:4180} INFO - Setting next_dagrun for example_weekday_branch_operator to 2024-12-26 00:00:00+00:00, run_after=2024-12-27 00:00:00+00:00
[2024-12-27T02:15:05.962+0000] {processor.py:208} INFO - Processing /home/airflow/.local/lib/python3.12/site-packages/airflow/example_dags/example_branch_day_of_week_operator.py took 0.321 seconds
[2024-12-27T02:15:36.199+0000] {processor.py:186} INFO - Started process (PID=2444) to work on /home/airflow/.local/lib/python3.12/site-packages/airflow/example_dags/example_branch_day_of_week_operator.py
[2024-12-27T02:15:36.200+0000] {processor.py:914} INFO - Processing file /home/airflow/.local/lib/python3.12/site-packages/airflow/example_dags/example_branch_day_of_week_operator.py for tasks to queue
[2024-12-27T02:15:36.204+0000] {logging_mixin.py:190} INFO - [2024-12-27T02:15:36.203+0000] {dagbag.py:588} INFO - Filling up the DagBag from /home/airflow/.local/lib/python3.12/site-packages/airflow/example_dags/example_branch_day_of_week_operator.py
[2024-12-27T02:15:36.213+0000] {processor.py:925} INFO - DAG(s) 'example_weekday_branch_operator' retrieved from /home/airflow/.local/lib/python3.12/site-packages/airflow/example_dags/example_branch_day_of_week_operator.py
[2024-12-27T02:15:36.240+0000] {logging_mixin.py:190} INFO - [2024-12-27T02:15:36.240+0000] {dag.py:3239} INFO - Sync 1 DAGs
[2024-12-27T02:15:36.268+0000] {logging_mixin.py:190} INFO - [2024-12-27T02:15:36.267+0000] {dag.py:4180} INFO - Setting next_dagrun for example_weekday_branch_operator to 2024-12-26 00:00:00+00:00, run_after=2024-12-27 00:00:00+00:00
[2024-12-27T02:15:36.304+0000] {processor.py:208} INFO - Processing /home/airflow/.local/lib/python3.12/site-packages/airflow/example_dags/example_branch_day_of_week_operator.py took 0.110 seconds
[2024-12-27T02:16:07.021+0000] {processor.py:186} INFO - Started process (PID=2507) to work on /home/airflow/.local/lib/python3.12/site-packages/airflow/example_dags/example_branch_day_of_week_operator.py
[2024-12-27T02:16:07.023+0000] {processor.py:914} INFO - Processing file /home/airflow/.local/lib/python3.12/site-packages/airflow/example_dags/example_branch_day_of_week_operator.py for tasks to queue
[2024-12-27T02:16:07.027+0000] {logging_mixin.py:190} INFO - [2024-12-27T02:16:07.026+0000] {dagbag.py:588} INFO - Filling up the DagBag from /home/airflow/.local/lib/python3.12/site-packages/airflow/example_dags/example_branch_day_of_week_operator.py
[2024-12-27T02:16:07.038+0000] {processor.py:925} INFO - DAG(s) 'example_weekday_branch_operator' retrieved from /home/airflow/.local/lib/python3.12/site-packages/airflow/example_dags/example_branch_day_of_week_operator.py
[2024-12-27T02:16:07.068+0000] {logging_mixin.py:190} INFO - [2024-12-27T02:16:07.068+0000] {dag.py:3239} INFO - Sync 1 DAGs
[2024-12-27T02:16:07.101+0000] {logging_mixin.py:190} INFO - [2024-12-27T02:16:07.100+0000] {dag.py:4180} INFO - Setting next_dagrun for example_weekday_branch_operator to 2024-12-26 00:00:00+00:00, run_after=2024-12-27 00:00:00+00:00
[2024-12-27T02:16:07.130+0000] {processor.py:208} INFO - Processing /home/airflow/.local/lib/python3.12/site-packages/airflow/example_dags/example_branch_day_of_week_operator.py took 0.114 seconds
[2024-12-27T02:16:37.562+0000] {processor.py:186} INFO - Started process (PID=2570) to work on /home/airflow/.local/lib/python3.12/site-packages/airflow/example_dags/example_branch_day_of_week_operator.py
[2024-12-27T02:16:37.564+0000] {processor.py:914} INFO - Processing file /home/airflow/.local/lib/python3.12/site-packages/airflow/example_dags/example_branch_day_of_week_operator.py for tasks to queue
[2024-12-27T02:16:37.567+0000] {logging_mixin.py:190} INFO - [2024-12-27T02:16:37.567+0000] {dagbag.py:588} INFO - Filling up the DagBag from /home/airflow/.local/lib/python3.12/site-packages/airflow/example_dags/example_branch_day_of_week_operator.py
[2024-12-27T02:16:37.576+0000] {processor.py:925} INFO - DAG(s) 'example_weekday_branch_operator' retrieved from /home/airflow/.local/lib/python3.12/site-packages/airflow/example_dags/example_branch_day_of_week_operator.py
[2024-12-27T02:16:37.604+0000] {logging_mixin.py:190} INFO - [2024-12-27T02:16:37.603+0000] {dag.py:3239} INFO - Sync 1 DAGs
[2024-12-27T02:16:37.638+0000] {logging_mixin.py:190} INFO - [2024-12-27T02:16:37.638+0000] {dag.py:4180} INFO - Setting next_dagrun for example_weekday_branch_operator to 2024-12-26 00:00:00+00:00, run_after=2024-12-27 00:00:00+00:00
[2024-12-27T02:16:37.672+0000] {processor.py:208} INFO - Processing /home/airflow/.local/lib/python3.12/site-packages/airflow/example_dags/example_branch_day_of_week_operator.py took 0.115 seconds
[2024-12-27T02:17:07.924+0000] {processor.py:186} INFO - Started process (PID=2633) to work on /home/airflow/.local/lib/python3.12/site-packages/airflow/example_dags/example_branch_day_of_week_operator.py
[2024-12-27T02:17:07.926+0000] {processor.py:914} INFO - Processing file /home/airflow/.local/lib/python3.12/site-packages/airflow/example_dags/example_branch_day_of_week_operator.py for tasks to queue
[2024-12-27T02:17:07.931+0000] {logging_mixin.py:190} INFO - [2024-12-27T02:17:07.930+0000] {dagbag.py:588} INFO - Filling up the DagBag from /home/airflow/.local/lib/python3.12/site-packages/airflow/example_dags/example_branch_day_of_week_operator.py
[2024-12-27T02:17:07.944+0000] {processor.py:925} INFO - DAG(s) 'example_weekday_branch_operator' retrieved from /home/airflow/.local/lib/python3.12/site-packages/airflow/example_dags/example_branch_day_of_week_operator.py
[2024-12-27T02:17:07.975+0000] {logging_mixin.py:190} INFO - [2024-12-27T02:17:07.975+0000] {dag.py:3239} INFO - Sync 1 DAGs
[2024-12-27T02:17:08.002+0000] {logging_mixin.py:190} INFO - [2024-12-27T02:17:08.002+0000] {dag.py:4180} INFO - Setting next_dagrun for example_weekday_branch_operator to 2024-12-26 00:00:00+00:00, run_after=2024-12-27 00:00:00+00:00
[2024-12-27T02:17:08.035+0000] {processor.py:208} INFO - Processing /home/airflow/.local/lib/python3.12/site-packages/airflow/example_dags/example_branch_day_of_week_operator.py took 0.117 seconds
[2024-12-27T02:17:38.601+0000] {processor.py:186} INFO - Started process (PID=2696) to work on /home/airflow/.local/lib/python3.12/site-packages/airflow/example_dags/example_branch_day_of_week_operator.py
[2024-12-27T02:17:38.602+0000] {processor.py:914} INFO - Processing file /home/airflow/.local/lib/python3.12/site-packages/airflow/example_dags/example_branch_day_of_week_operator.py for tasks to queue
[2024-12-27T02:17:38.605+0000] {logging_mixin.py:190} INFO - [2024-12-27T02:17:38.605+0000] {dagbag.py:588} INFO - Filling up the DagBag from /home/airflow/.local/lib/python3.12/site-packages/airflow/example_dags/example_branch_day_of_week_operator.py
[2024-12-27T02:17:38.617+0000] {processor.py:925} INFO - DAG(s) 'example_weekday_branch_operator' retrieved from /home/airflow/.local/lib/python3.12/site-packages/airflow/example_dags/example_branch_day_of_week_operator.py
[2024-12-27T02:17:38.642+0000] {logging_mixin.py:190} INFO - [2024-12-27T02:17:38.642+0000] {dag.py:3239} INFO - Sync 1 DAGs
[2024-12-27T02:17:38.668+0000] {logging_mixin.py:190} INFO - [2024-12-27T02:17:38.668+0000] {dag.py:4180} INFO - Setting next_dagrun for example_weekday_branch_operator to 2024-12-26 00:00:00+00:00, run_after=2024-12-27 00:00:00+00:00
[2024-12-27T02:17:38.694+0000] {processor.py:208} INFO - Processing /home/airflow/.local/lib/python3.12/site-packages/airflow/example_dags/example_branch_day_of_week_operator.py took 0.098 seconds
[2024-12-27T02:18:09.198+0000] {processor.py:186} INFO - Started process (PID=2759) to work on /home/airflow/.local/lib/python3.12/site-packages/airflow/example_dags/example_branch_day_of_week_operator.py
[2024-12-27T02:18:09.200+0000] {processor.py:914} INFO - Processing file /home/airflow/.local/lib/python3.12/site-packages/airflow/example_dags/example_branch_day_of_week_operator.py for tasks to queue
[2024-12-27T02:18:09.204+0000] {logging_mixin.py:190} INFO - [2024-12-27T02:18:09.204+0000] {dagbag.py:588} INFO - Filling up the DagBag from /home/airflow/.local/lib/python3.12/site-packages/airflow/example_dags/example_branch_day_of_week_operator.py
[2024-12-27T02:18:09.216+0000] {processor.py:925} INFO - DAG(s) 'example_weekday_branch_operator' retrieved from /home/airflow/.local/lib/python3.12/site-packages/airflow/example_dags/example_branch_day_of_week_operator.py
[2024-12-27T02:18:09.246+0000] {logging_mixin.py:190} INFO - [2024-12-27T02:18:09.246+0000] {dag.py:3239} INFO - Sync 1 DAGs
[2024-12-27T02:18:09.278+0000] {logging_mixin.py:190} INFO - [2024-12-27T02:18:09.278+0000] {dag.py:4180} INFO - Setting next_dagrun for example_weekday_branch_operator to 2024-12-26 00:00:00+00:00, run_after=2024-12-27 00:00:00+00:00
[2024-12-27T02:18:09.309+0000] {processor.py:208} INFO - Processing /home/airflow/.local/lib/python3.12/site-packages/airflow/example_dags/example_branch_day_of_week_operator.py took 0.120 seconds
[2024-12-27T02:18:39.779+0000] {processor.py:186} INFO - Started process (PID=2822) to work on /home/airflow/.local/lib/python3.12/site-packages/airflow/example_dags/example_branch_day_of_week_operator.py
[2024-12-27T02:18:39.780+0000] {processor.py:914} INFO - Processing file /home/airflow/.local/lib/python3.12/site-packages/airflow/example_dags/example_branch_day_of_week_operator.py for tasks to queue
[2024-12-27T02:18:39.785+0000] {logging_mixin.py:190} INFO - [2024-12-27T02:18:39.784+0000] {dagbag.py:588} INFO - Filling up the DagBag from /home/airflow/.local/lib/python3.12/site-packages/airflow/example_dags/example_branch_day_of_week_operator.py
[2024-12-27T02:18:39.797+0000] {processor.py:925} INFO - DAG(s) 'example_weekday_branch_operator' retrieved from /home/airflow/.local/lib/python3.12/site-packages/airflow/example_dags/example_branch_day_of_week_operator.py
[2024-12-27T02:18:39.832+0000] {logging_mixin.py:190} INFO - [2024-12-27T02:18:39.831+0000] {dag.py:3239} INFO - Sync 1 DAGs
[2024-12-27T02:18:39.873+0000] {logging_mixin.py:190} INFO - [2024-12-27T02:18:39.873+0000] {dag.py:4180} INFO - Setting next_dagrun for example_weekday_branch_operator to 2024-12-26 00:00:00+00:00, run_after=2024-12-27 00:00:00+00:00
[2024-12-27T02:18:39.912+0000] {processor.py:208} INFO - Processing /home/airflow/.local/lib/python3.12/site-packages/airflow/example_dags/example_branch_day_of_week_operator.py took 0.139 seconds
[2024-12-27T02:19:10.333+0000] {processor.py:186} INFO - Started process (PID=2885) to work on /home/airflow/.local/lib/python3.12/site-packages/airflow/example_dags/example_branch_day_of_week_operator.py
[2024-12-27T02:19:10.335+0000] {processor.py:914} INFO - Processing file /home/airflow/.local/lib/python3.12/site-packages/airflow/example_dags/example_branch_day_of_week_operator.py for tasks to queue
[2024-12-27T02:19:10.338+0000] {logging_mixin.py:190} INFO - [2024-12-27T02:19:10.338+0000] {dagbag.py:588} INFO - Filling up the DagBag from /home/airflow/.local/lib/python3.12/site-packages/airflow/example_dags/example_branch_day_of_week_operator.py
[2024-12-27T02:19:10.347+0000] {processor.py:925} INFO - DAG(s) 'example_weekday_branch_operator' retrieved from /home/airflow/.local/lib/python3.12/site-packages/airflow/example_dags/example_branch_day_of_week_operator.py
[2024-12-27T02:19:10.371+0000] {logging_mixin.py:190} INFO - [2024-12-27T02:19:10.371+0000] {dag.py:3239} INFO - Sync 1 DAGs
[2024-12-27T02:19:10.399+0000] {logging_mixin.py:190} INFO - [2024-12-27T02:19:10.398+0000] {dag.py:4180} INFO - Setting next_dagrun for example_weekday_branch_operator to 2024-12-26 00:00:00+00:00, run_after=2024-12-27 00:00:00+00:00
[2024-12-27T02:19:10.426+0000] {processor.py:208} INFO - Processing /home/airflow/.local/lib/python3.12/site-packages/airflow/example_dags/example_branch_day_of_week_operator.py took 0.097 seconds
[2024-12-27T02:19:40.603+0000] {processor.py:186} INFO - Started process (PID=2948) to work on /home/airflow/.local/lib/python3.12/site-packages/airflow/example_dags/example_branch_day_of_week_operator.py
[2024-12-27T02:19:40.605+0000] {processor.py:914} INFO - Processing file /home/airflow/.local/lib/python3.12/site-packages/airflow/example_dags/example_branch_day_of_week_operator.py for tasks to queue
[2024-12-27T02:19:40.610+0000] {logging_mixin.py:190} INFO - [2024-12-27T02:19:40.609+0000] {dagbag.py:588} INFO - Filling up the DagBag from /home/airflow/.local/lib/python3.12/site-packages/airflow/example_dags/example_branch_day_of_week_operator.py
[2024-12-27T02:19:40.622+0000] {processor.py:925} INFO - DAG(s) 'example_weekday_branch_operator' retrieved from /home/airflow/.local/lib/python3.12/site-packages/airflow/example_dags/example_branch_day_of_week_operator.py
[2024-12-27T02:19:40.652+0000] {logging_mixin.py:190} INFO - [2024-12-27T02:19:40.652+0000] {dag.py:3239} INFO - Sync 1 DAGs
[2024-12-27T02:19:40.687+0000] {logging_mixin.py:190} INFO - [2024-12-27T02:19:40.686+0000] {dag.py:4180} INFO - Setting next_dagrun for example_weekday_branch_operator to 2024-12-26 00:00:00+00:00, run_after=2024-12-27 00:00:00+00:00
[2024-12-27T02:19:40.718+0000] {processor.py:208} INFO - Processing /home/airflow/.local/lib/python3.12/site-packages/airflow/example_dags/example_branch_day_of_week_operator.py took 0.121 seconds
[2024-12-27T02:20:11.247+0000] {processor.py:186} INFO - Started process (PID=3009) to work on /home/airflow/.local/lib/python3.12/site-packages/airflow/example_dags/example_branch_day_of_week_operator.py
[2024-12-27T02:20:11.248+0000] {processor.py:914} INFO - Processing file /home/airflow/.local/lib/python3.12/site-packages/airflow/example_dags/example_branch_day_of_week_operator.py for tasks to queue
[2024-12-27T02:20:11.252+0000] {logging_mixin.py:190} INFO - [2024-12-27T02:20:11.252+0000] {dagbag.py:588} INFO - Filling up the DagBag from /home/airflow/.local/lib/python3.12/site-packages/airflow/example_dags/example_branch_day_of_week_operator.py
[2024-12-27T02:20:11.263+0000] {processor.py:925} INFO - DAG(s) 'example_weekday_branch_operator' retrieved from /home/airflow/.local/lib/python3.12/site-packages/airflow/example_dags/example_branch_day_of_week_operator.py
[2024-12-27T02:20:11.292+0000] {logging_mixin.py:190} INFO - [2024-12-27T02:20:11.291+0000] {dag.py:3239} INFO - Sync 1 DAGs
[2024-12-27T02:20:11.319+0000] {logging_mixin.py:190} INFO - [2024-12-27T02:20:11.319+0000] {dag.py:4180} INFO - Setting next_dagrun for example_weekday_branch_operator to 2024-12-26 00:00:00+00:00, run_after=2024-12-27 00:00:00+00:00
[2024-12-27T02:20:11.349+0000] {processor.py:208} INFO - Processing /home/airflow/.local/lib/python3.12/site-packages/airflow/example_dags/example_branch_day_of_week_operator.py took 0.107 seconds
[2024-12-27T02:20:41.613+0000] {processor.py:186} INFO - Started process (PID=3072) to work on /home/airflow/.local/lib/python3.12/site-packages/airflow/example_dags/example_branch_day_of_week_operator.py
[2024-12-27T02:20:41.614+0000] {processor.py:914} INFO - Processing file /home/airflow/.local/lib/python3.12/site-packages/airflow/example_dags/example_branch_day_of_week_operator.py for tasks to queue
[2024-12-27T02:20:41.617+0000] {logging_mixin.py:190} INFO - [2024-12-27T02:20:41.617+0000] {dagbag.py:588} INFO - Filling up the DagBag from /home/airflow/.local/lib/python3.12/site-packages/airflow/example_dags/example_branch_day_of_week_operator.py
[2024-12-27T02:20:41.631+0000] {processor.py:925} INFO - DAG(s) 'example_weekday_branch_operator' retrieved from /home/airflow/.local/lib/python3.12/site-packages/airflow/example_dags/example_branch_day_of_week_operator.py
[2024-12-27T02:20:41.662+0000] {logging_mixin.py:190} INFO - [2024-12-27T02:20:41.662+0000] {dag.py:3239} INFO - Sync 1 DAGs
[2024-12-27T02:20:41.698+0000] {logging_mixin.py:190} INFO - [2024-12-27T02:20:41.697+0000] {dag.py:4180} INFO - Setting next_dagrun for example_weekday_branch_operator to 2024-12-26 00:00:00+00:00, run_after=2024-12-27 00:00:00+00:00
[2024-12-27T02:20:41.730+0000] {processor.py:208} INFO - Processing /home/airflow/.local/lib/python3.12/site-packages/airflow/example_dags/example_branch_day_of_week_operator.py took 0.124 seconds
[2024-12-27T02:21:11.893+0000] {processor.py:186} INFO - Started process (PID=3135) to work on /home/airflow/.local/lib/python3.12/site-packages/airflow/example_dags/example_branch_day_of_week_operator.py
[2024-12-27T02:21:11.895+0000] {processor.py:914} INFO - Processing file /home/airflow/.local/lib/python3.12/site-packages/airflow/example_dags/example_branch_day_of_week_operator.py for tasks to queue
[2024-12-27T02:21:11.898+0000] {logging_mixin.py:190} INFO - [2024-12-27T02:21:11.897+0000] {dagbag.py:588} INFO - Filling up the DagBag from /home/airflow/.local/lib/python3.12/site-packages/airflow/example_dags/example_branch_day_of_week_operator.py
[2024-12-27T02:21:11.908+0000] {processor.py:925} INFO - DAG(s) 'example_weekday_branch_operator' retrieved from /home/airflow/.local/lib/python3.12/site-packages/airflow/example_dags/example_branch_day_of_week_operator.py
[2024-12-27T02:21:11.934+0000] {logging_mixin.py:190} INFO - [2024-12-27T02:21:11.933+0000] {dag.py:3239} INFO - Sync 1 DAGs
[2024-12-27T02:21:11.966+0000] {logging_mixin.py:190} INFO - [2024-12-27T02:21:11.965+0000] {dag.py:4180} INFO - Setting next_dagrun for example_weekday_branch_operator to 2024-12-26 00:00:00+00:00, run_after=2024-12-27 00:00:00+00:00
[2024-12-27T02:21:11.995+0000] {processor.py:208} INFO - Processing /home/airflow/.local/lib/python3.12/site-packages/airflow/example_dags/example_branch_day_of_week_operator.py took 0.107 seconds
[2024-12-27T02:21:42.721+0000] {processor.py:186} INFO - Started process (PID=3198) to work on /home/airflow/.local/lib/python3.12/site-packages/airflow/example_dags/example_branch_day_of_week_operator.py
[2024-12-27T02:21:42.722+0000] {processor.py:914} INFO - Processing file /home/airflow/.local/lib/python3.12/site-packages/airflow/example_dags/example_branch_day_of_week_operator.py for tasks to queue
[2024-12-27T02:21:42.726+0000] {logging_mixin.py:190} INFO - [2024-12-27T02:21:42.725+0000] {dagbag.py:588} INFO - Filling up the DagBag from /home/airflow/.local/lib/python3.12/site-packages/airflow/example_dags/example_branch_day_of_week_operator.py
[2024-12-27T02:21:42.737+0000] {processor.py:925} INFO - DAG(s) 'example_weekday_branch_operator' retrieved from /home/airflow/.local/lib/python3.12/site-packages/airflow/example_dags/example_branch_day_of_week_operator.py
[2024-12-27T02:21:42.762+0000] {logging_mixin.py:190} INFO - [2024-12-27T02:21:42.761+0000] {dag.py:3239} INFO - Sync 1 DAGs
[2024-12-27T02:21:42.790+0000] {logging_mixin.py:190} INFO - [2024-12-27T02:21:42.790+0000] {dag.py:4180} INFO - Setting next_dagrun for example_weekday_branch_operator to 2024-12-26 00:00:00+00:00, run_after=2024-12-27 00:00:00+00:00
[2024-12-27T02:21:42.818+0000] {processor.py:208} INFO - Processing /home/airflow/.local/lib/python3.12/site-packages/airflow/example_dags/example_branch_day_of_week_operator.py took 0.102 seconds
[2024-12-27T02:22:12.932+0000] {processor.py:186} INFO - Started process (PID=3261) to work on /home/airflow/.local/lib/python3.12/site-packages/airflow/example_dags/example_branch_day_of_week_operator.py
[2024-12-27T02:22:12.934+0000] {processor.py:914} INFO - Processing file /home/airflow/.local/lib/python3.12/site-packages/airflow/example_dags/example_branch_day_of_week_operator.py for tasks to queue
[2024-12-27T02:22:12.938+0000] {logging_mixin.py:190} INFO - [2024-12-27T02:22:12.937+0000] {dagbag.py:588} INFO - Filling up the DagBag from /home/airflow/.local/lib/python3.12/site-packages/airflow/example_dags/example_branch_day_of_week_operator.py
[2024-12-27T02:22:12.947+0000] {processor.py:925} INFO - DAG(s) 'example_weekday_branch_operator' retrieved from /home/airflow/.local/lib/python3.12/site-packages/airflow/example_dags/example_branch_day_of_week_operator.py
[2024-12-27T02:22:12.973+0000] {logging_mixin.py:190} INFO - [2024-12-27T02:22:12.973+0000] {dag.py:3239} INFO - Sync 1 DAGs
[2024-12-27T02:22:13.001+0000] {logging_mixin.py:190} INFO - [2024-12-27T02:22:13.001+0000] {dag.py:4180} INFO - Setting next_dagrun for example_weekday_branch_operator to 2024-12-26 00:00:00+00:00, run_after=2024-12-27 00:00:00+00:00
[2024-12-27T02:22:13.028+0000] {processor.py:208} INFO - Processing /home/airflow/.local/lib/python3.12/site-packages/airflow/example_dags/example_branch_day_of_week_operator.py took 0.101 seconds
[2024-12-27T02:22:43.073+0000] {processor.py:186} INFO - Started process (PID=3324) to work on /home/airflow/.local/lib/python3.12/site-packages/airflow/example_dags/example_branch_day_of_week_operator.py
[2024-12-27T02:22:43.075+0000] {processor.py:914} INFO - Processing file /home/airflow/.local/lib/python3.12/site-packages/airflow/example_dags/example_branch_day_of_week_operator.py for tasks to queue
[2024-12-27T02:22:43.079+0000] {logging_mixin.py:190} INFO - [2024-12-27T02:22:43.079+0000] {dagbag.py:588} INFO - Filling up the DagBag from /home/airflow/.local/lib/python3.12/site-packages/airflow/example_dags/example_branch_day_of_week_operator.py
[2024-12-27T02:22:43.090+0000] {processor.py:925} INFO - DAG(s) 'example_weekday_branch_operator' retrieved from /home/airflow/.local/lib/python3.12/site-packages/airflow/example_dags/example_branch_day_of_week_operator.py
[2024-12-27T02:22:43.116+0000] {logging_mixin.py:190} INFO - [2024-12-27T02:22:43.116+0000] {dag.py:3239} INFO - Sync 1 DAGs
[2024-12-27T02:22:43.145+0000] {logging_mixin.py:190} INFO - [2024-12-27T02:22:43.145+0000] {dag.py:4180} INFO - Setting next_dagrun for example_weekday_branch_operator to 2024-12-26 00:00:00+00:00, run_after=2024-12-27 00:00:00+00:00
[2024-12-27T02:22:43.172+0000] {processor.py:208} INFO - Processing /home/airflow/.local/lib/python3.12/site-packages/airflow/example_dags/example_branch_day_of_week_operator.py took 0.104 seconds
[2024-12-27T02:23:13.498+0000] {processor.py:186} INFO - Started process (PID=3387) to work on /home/airflow/.local/lib/python3.12/site-packages/airflow/example_dags/example_branch_day_of_week_operator.py
[2024-12-27T02:23:13.499+0000] {processor.py:914} INFO - Processing file /home/airflow/.local/lib/python3.12/site-packages/airflow/example_dags/example_branch_day_of_week_operator.py for tasks to queue
[2024-12-27T02:23:13.504+0000] {logging_mixin.py:190} INFO - [2024-12-27T02:23:13.503+0000] {dagbag.py:588} INFO - Filling up the DagBag from /home/airflow/.local/lib/python3.12/site-packages/airflow/example_dags/example_branch_day_of_week_operator.py
[2024-12-27T02:23:13.515+0000] {processor.py:925} INFO - DAG(s) 'example_weekday_branch_operator' retrieved from /home/airflow/.local/lib/python3.12/site-packages/airflow/example_dags/example_branch_day_of_week_operator.py
[2024-12-27T02:23:13.542+0000] {logging_mixin.py:190} INFO - [2024-12-27T02:23:13.541+0000] {dag.py:3239} INFO - Sync 1 DAGs
[2024-12-27T02:23:13.571+0000] {logging_mixin.py:190} INFO - [2024-12-27T02:23:13.571+0000] {dag.py:4180} INFO - Setting next_dagrun for example_weekday_branch_operator to 2024-12-26 00:00:00+00:00, run_after=2024-12-27 00:00:00+00:00
[2024-12-27T02:23:13.599+0000] {processor.py:208} INFO - Processing /home/airflow/.local/lib/python3.12/site-packages/airflow/example_dags/example_branch_day_of_week_operator.py took 0.107 seconds
