[2024-12-27T01:56:32.444+0000] {processor.py:186} INFO - Started process (PID=113) to work on /home/airflow/.local/lib/python3.12/site-packages/airflow/example_dags/example_xcom.py
[2024-12-27T01:56:32.446+0000] {processor.py:914} INFO - Processing file /home/airflow/.local/lib/python3.12/site-packages/airflow/example_dags/example_xcom.py for tasks to queue
[2024-12-27T01:56:32.450+0000] {logging_mixin.py:190} INFO - [2024-12-27T01:56:32.449+0000] {dagbag.py:588} INFO - Filling up the DagBag from /home/airflow/.local/lib/python3.12/site-packages/airflow/example_dags/example_xcom.py
[2024-12-27T01:56:32.463+0000] {processor.py:925} INFO - DAG(s) 'example_xcom' retrieved from /home/airflow/.local/lib/python3.12/site-packages/airflow/example_dags/example_xcom.py
[2024-12-27T01:56:32.614+0000] {logging_mixin.py:190} INFO - [2024-12-27T01:56:32.613+0000] {override.py:1911} INFO - Created Permission View: can read on DAG:example_xcom
[2024-12-27T01:56:32.633+0000] {logging_mixin.py:190} INFO - [2024-12-27T01:56:32.633+0000] {override.py:1911} INFO - Created Permission View: can edit on DAG:example_xcom
[2024-12-27T01:56:32.650+0000] {logging_mixin.py:190} INFO - [2024-12-27T01:56:32.649+0000] {override.py:1911} INFO - Created Permission View: can delete on DAG:example_xcom
[2024-12-27T01:56:32.669+0000] {logging_mixin.py:190} INFO - [2024-12-27T01:56:32.668+0000] {override.py:1911} INFO - Created Permission View: menu access on DAG Run:example_xcom
[2024-12-27T01:56:32.685+0000] {logging_mixin.py:190} INFO - [2024-12-27T01:56:32.685+0000] {override.py:1911} INFO - Created Permission View: can read on DAG Run:example_xcom
[2024-12-27T01:56:32.702+0000] {logging_mixin.py:190} INFO - [2024-12-27T01:56:32.702+0000] {override.py:1911} INFO - Created Permission View: can create on DAG Run:example_xcom
[2024-12-27T01:56:32.718+0000] {logging_mixin.py:190} INFO - [2024-12-27T01:56:32.717+0000] {override.py:1911} INFO - Created Permission View: can delete on DAG Run:example_xcom
[2024-12-27T01:56:32.719+0000] {logging_mixin.py:190} INFO - [2024-12-27T01:56:32.719+0000] {dag.py:3239} INFO - Sync 1 DAGs
[2024-12-27T01:56:32.748+0000] {logging_mixin.py:190} INFO - [2024-12-27T01:56:32.747+0000] {dag.py:3262} INFO - Creating ORM DAG for example_xcom
[2024-12-27T01:56:32.766+0000] {logging_mixin.py:190} INFO - [2024-12-27T01:56:32.766+0000] {dag.py:4180} INFO - Setting next_dagrun for example_xcom to 2021-01-01 00:00:00+00:00, run_after=2021-01-01 00:00:00+00:00
[2024-12-27T01:56:32.801+0000] {processor.py:208} INFO - Processing /home/airflow/.local/lib/python3.12/site-packages/airflow/example_dags/example_xcom.py took 0.364 seconds
[2024-12-27T01:57:02.942+0000] {processor.py:186} INFO - Started process (PID=176) to work on /home/airflow/.local/lib/python3.12/site-packages/airflow/example_dags/example_xcom.py
[2024-12-27T01:57:02.944+0000] {processor.py:914} INFO - Processing file /home/airflow/.local/lib/python3.12/site-packages/airflow/example_dags/example_xcom.py for tasks to queue
[2024-12-27T01:57:02.949+0000] {logging_mixin.py:190} INFO - [2024-12-27T01:57:02.948+0000] {dagbag.py:588} INFO - Filling up the DagBag from /home/airflow/.local/lib/python3.12/site-packages/airflow/example_dags/example_xcom.py
[2024-12-27T01:57:02.967+0000] {processor.py:925} INFO - DAG(s) 'example_xcom' retrieved from /home/airflow/.local/lib/python3.12/site-packages/airflow/example_dags/example_xcom.py
[2024-12-27T01:57:02.999+0000] {logging_mixin.py:190} INFO - [2024-12-27T01:57:02.998+0000] {dag.py:3239} INFO - Sync 1 DAGs
[2024-12-27T01:57:03.033+0000] {logging_mixin.py:190} INFO - [2024-12-27T01:57:03.032+0000] {dag.py:4180} INFO - Setting next_dagrun for example_xcom to 2021-01-01 00:00:00+00:00, run_after=2021-01-01 00:00:00+00:00
[2024-12-27T01:57:03.065+0000] {processor.py:208} INFO - Processing /home/airflow/.local/lib/python3.12/site-packages/airflow/example_dags/example_xcom.py took 0.133 seconds
[2024-12-27T01:57:33.827+0000] {processor.py:186} INFO - Started process (PID=239) to work on /home/airflow/.local/lib/python3.12/site-packages/airflow/example_dags/example_xcom.py
[2024-12-27T01:57:33.828+0000] {processor.py:914} INFO - Processing file /home/airflow/.local/lib/python3.12/site-packages/airflow/example_dags/example_xcom.py for tasks to queue
[2024-12-27T01:57:33.830+0000] {logging_mixin.py:190} INFO - [2024-12-27T01:57:33.830+0000] {dagbag.py:588} INFO - Filling up the DagBag from /home/airflow/.local/lib/python3.12/site-packages/airflow/example_dags/example_xcom.py
[2024-12-27T01:57:33.839+0000] {processor.py:925} INFO - DAG(s) 'example_xcom' retrieved from /home/airflow/.local/lib/python3.12/site-packages/airflow/example_dags/example_xcom.py
[2024-12-27T01:57:33.865+0000] {logging_mixin.py:190} INFO - [2024-12-27T01:57:33.865+0000] {dag.py:3239} INFO - Sync 1 DAGs
[2024-12-27T01:57:33.889+0000] {logging_mixin.py:190} INFO - [2024-12-27T01:57:33.889+0000] {dag.py:4180} INFO - Setting next_dagrun for example_xcom to 2021-01-01 00:00:00+00:00, run_after=2021-01-01 00:00:00+00:00
[2024-12-27T01:57:33.915+0000] {processor.py:208} INFO - Processing /home/airflow/.local/lib/python3.12/site-packages/airflow/example_dags/example_xcom.py took 0.094 seconds
[2024-12-27T01:58:05.155+0000] {processor.py:186} INFO - Started process (PID=302) to work on /home/airflow/.local/lib/python3.12/site-packages/airflow/example_dags/example_xcom.py
[2024-12-27T01:58:05.157+0000] {processor.py:914} INFO - Processing file /home/airflow/.local/lib/python3.12/site-packages/airflow/example_dags/example_xcom.py for tasks to queue
[2024-12-27T01:58:05.160+0000] {logging_mixin.py:190} INFO - [2024-12-27T01:58:05.160+0000] {dagbag.py:588} INFO - Filling up the DagBag from /home/airflow/.local/lib/python3.12/site-packages/airflow/example_dags/example_xcom.py
[2024-12-27T01:58:05.169+0000] {processor.py:925} INFO - DAG(s) 'example_xcom' retrieved from /home/airflow/.local/lib/python3.12/site-packages/airflow/example_dags/example_xcom.py
[2024-12-27T01:58:05.196+0000] {logging_mixin.py:190} INFO - [2024-12-27T01:58:05.195+0000] {dag.py:3239} INFO - Sync 1 DAGs
[2024-12-27T01:58:05.221+0000] {logging_mixin.py:190} INFO - [2024-12-27T01:58:05.221+0000] {dag.py:4180} INFO - Setting next_dagrun for example_xcom to 2021-01-01 00:00:00+00:00, run_after=2021-01-01 00:00:00+00:00
[2024-12-27T01:58:05.248+0000] {processor.py:208} INFO - Processing /home/airflow/.local/lib/python3.12/site-packages/airflow/example_dags/example_xcom.py took 0.098 seconds
[2024-12-27T01:58:36.254+0000] {processor.py:186} INFO - Started process (PID=365) to work on /home/airflow/.local/lib/python3.12/site-packages/airflow/example_dags/example_xcom.py
[2024-12-27T01:58:36.255+0000] {processor.py:914} INFO - Processing file /home/airflow/.local/lib/python3.12/site-packages/airflow/example_dags/example_xcom.py for tasks to queue
[2024-12-27T01:58:36.259+0000] {logging_mixin.py:190} INFO - [2024-12-27T01:58:36.259+0000] {dagbag.py:588} INFO - Filling up the DagBag from /home/airflow/.local/lib/python3.12/site-packages/airflow/example_dags/example_xcom.py
[2024-12-27T01:58:36.268+0000] {processor.py:925} INFO - DAG(s) 'example_xcom' retrieved from /home/airflow/.local/lib/python3.12/site-packages/airflow/example_dags/example_xcom.py
[2024-12-27T01:58:36.292+0000] {logging_mixin.py:190} INFO - [2024-12-27T01:58:36.292+0000] {dag.py:3239} INFO - Sync 1 DAGs
[2024-12-27T01:58:36.318+0000] {logging_mixin.py:190} INFO - [2024-12-27T01:58:36.318+0000] {dag.py:4180} INFO - Setting next_dagrun for example_xcom to 2021-01-01 00:00:00+00:00, run_after=2021-01-01 00:00:00+00:00
[2024-12-27T01:58:36.344+0000] {processor.py:208} INFO - Processing /home/airflow/.local/lib/python3.12/site-packages/airflow/example_dags/example_xcom.py took 0.095 seconds
[2024-12-27T01:59:07.410+0000] {processor.py:186} INFO - Started process (PID=428) to work on /home/airflow/.local/lib/python3.12/site-packages/airflow/example_dags/example_xcom.py
[2024-12-27T01:59:07.412+0000] {processor.py:914} INFO - Processing file /home/airflow/.local/lib/python3.12/site-packages/airflow/example_dags/example_xcom.py for tasks to queue
[2024-12-27T01:59:07.414+0000] {logging_mixin.py:190} INFO - [2024-12-27T01:59:07.414+0000] {dagbag.py:588} INFO - Filling up the DagBag from /home/airflow/.local/lib/python3.12/site-packages/airflow/example_dags/example_xcom.py
[2024-12-27T01:59:07.426+0000] {processor.py:925} INFO - DAG(s) 'example_xcom' retrieved from /home/airflow/.local/lib/python3.12/site-packages/airflow/example_dags/example_xcom.py
[2024-12-27T01:59:07.479+0000] {logging_mixin.py:190} INFO - [2024-12-27T01:59:07.478+0000] {dag.py:3239} INFO - Sync 1 DAGs
[2024-12-27T01:59:07.530+0000] {logging_mixin.py:190} INFO - [2024-12-27T01:59:07.529+0000] {dag.py:4180} INFO - Setting next_dagrun for example_xcom to 2021-01-01 00:00:00+00:00, run_after=2021-01-01 00:00:00+00:00
[2024-12-27T01:59:07.584+0000] {processor.py:208} INFO - Processing /home/airflow/.local/lib/python3.12/site-packages/airflow/example_dags/example_xcom.py took 0.180 seconds
[2024-12-27T01:59:38.818+0000] {processor.py:186} INFO - Started process (PID=490) to work on /home/airflow/.local/lib/python3.12/site-packages/airflow/example_dags/example_xcom.py
[2024-12-27T01:59:38.819+0000] {processor.py:914} INFO - Processing file /home/airflow/.local/lib/python3.12/site-packages/airflow/example_dags/example_xcom.py for tasks to queue
[2024-12-27T01:59:38.822+0000] {logging_mixin.py:190} INFO - [2024-12-27T01:59:38.822+0000] {dagbag.py:588} INFO - Filling up the DagBag from /home/airflow/.local/lib/python3.12/site-packages/airflow/example_dags/example_xcom.py
[2024-12-27T01:59:38.831+0000] {processor.py:925} INFO - DAG(s) 'example_xcom' retrieved from /home/airflow/.local/lib/python3.12/site-packages/airflow/example_dags/example_xcom.py
[2024-12-27T01:59:38.857+0000] {logging_mixin.py:190} INFO - [2024-12-27T01:59:38.857+0000] {dag.py:3239} INFO - Sync 1 DAGs
[2024-12-27T01:59:38.883+0000] {logging_mixin.py:190} INFO - [2024-12-27T01:59:38.883+0000] {dag.py:4180} INFO - Setting next_dagrun for example_xcom to 2021-01-01 00:00:00+00:00, run_after=2021-01-01 00:00:00+00:00
[2024-12-27T01:59:38.912+0000] {processor.py:208} INFO - Processing /home/airflow/.local/lib/python3.12/site-packages/airflow/example_dags/example_xcom.py took 0.099 seconds
[2024-12-27T02:00:10.297+0000] {processor.py:186} INFO - Started process (PID=553) to work on /home/airflow/.local/lib/python3.12/site-packages/airflow/example_dags/example_xcom.py
[2024-12-27T02:00:10.298+0000] {processor.py:914} INFO - Processing file /home/airflow/.local/lib/python3.12/site-packages/airflow/example_dags/example_xcom.py for tasks to queue
[2024-12-27T02:00:10.301+0000] {logging_mixin.py:190} INFO - [2024-12-27T02:00:10.301+0000] {dagbag.py:588} INFO - Filling up the DagBag from /home/airflow/.local/lib/python3.12/site-packages/airflow/example_dags/example_xcom.py
[2024-12-27T02:00:10.310+0000] {processor.py:925} INFO - DAG(s) 'example_xcom' retrieved from /home/airflow/.local/lib/python3.12/site-packages/airflow/example_dags/example_xcom.py
[2024-12-27T02:00:10.338+0000] {logging_mixin.py:190} INFO - [2024-12-27T02:00:10.337+0000] {dag.py:3239} INFO - Sync 1 DAGs
[2024-12-27T02:00:10.364+0000] {logging_mixin.py:190} INFO - [2024-12-27T02:00:10.363+0000] {dag.py:4180} INFO - Setting next_dagrun for example_xcom to 2021-01-01 00:00:00+00:00, run_after=2021-01-01 00:00:00+00:00
[2024-12-27T02:00:10.392+0000] {processor.py:208} INFO - Processing /home/airflow/.local/lib/python3.12/site-packages/airflow/example_dags/example_xcom.py took 0.099 seconds
[2024-12-27T02:00:41.847+0000] {processor.py:186} INFO - Started process (PID=616) to work on /home/airflow/.local/lib/python3.12/site-packages/airflow/example_dags/example_xcom.py
[2024-12-27T02:00:41.848+0000] {processor.py:914} INFO - Processing file /home/airflow/.local/lib/python3.12/site-packages/airflow/example_dags/example_xcom.py for tasks to queue
[2024-12-27T02:00:41.851+0000] {logging_mixin.py:190} INFO - [2024-12-27T02:00:41.850+0000] {dagbag.py:588} INFO - Filling up the DagBag from /home/airflow/.local/lib/python3.12/site-packages/airflow/example_dags/example_xcom.py
[2024-12-27T02:00:41.860+0000] {processor.py:925} INFO - DAG(s) 'example_xcom' retrieved from /home/airflow/.local/lib/python3.12/site-packages/airflow/example_dags/example_xcom.py
[2024-12-27T02:00:41.885+0000] {logging_mixin.py:190} INFO - [2024-12-27T02:00:41.885+0000] {dag.py:3239} INFO - Sync 1 DAGs
[2024-12-27T02:00:41.910+0000] {logging_mixin.py:190} INFO - [2024-12-27T02:00:41.910+0000] {dag.py:4180} INFO - Setting next_dagrun for example_xcom to 2021-01-01 00:00:00+00:00, run_after=2021-01-01 00:00:00+00:00
[2024-12-27T02:00:41.936+0000] {processor.py:208} INFO - Processing /home/airflow/.local/lib/python3.12/site-packages/airflow/example_dags/example_xcom.py took 0.095 seconds
[2024-12-27T02:01:13.742+0000] {processor.py:186} INFO - Started process (PID=680) to work on /home/airflow/.local/lib/python3.12/site-packages/airflow/example_dags/example_xcom.py
[2024-12-27T02:01:13.744+0000] {processor.py:914} INFO - Processing file /home/airflow/.local/lib/python3.12/site-packages/airflow/example_dags/example_xcom.py for tasks to queue
[2024-12-27T02:01:13.748+0000] {logging_mixin.py:190} INFO - [2024-12-27T02:01:13.747+0000] {dagbag.py:588} INFO - Filling up the DagBag from /home/airflow/.local/lib/python3.12/site-packages/airflow/example_dags/example_xcom.py
[2024-12-27T02:01:13.770+0000] {processor.py:925} INFO - DAG(s) 'example_xcom' retrieved from /home/airflow/.local/lib/python3.12/site-packages/airflow/example_dags/example_xcom.py
[2024-12-27T02:01:13.823+0000] {logging_mixin.py:190} INFO - [2024-12-27T02:01:13.822+0000] {dag.py:3239} INFO - Sync 1 DAGs
[2024-12-27T02:01:13.876+0000] {logging_mixin.py:190} INFO - [2024-12-27T02:01:13.875+0000] {dag.py:4180} INFO - Setting next_dagrun for example_xcom to 2021-01-01 00:00:00+00:00, run_after=2021-01-01 00:00:00+00:00
[2024-12-27T02:01:13.921+0000] {processor.py:208} INFO - Processing /home/airflow/.local/lib/python3.12/site-packages/airflow/example_dags/example_xcom.py took 0.193 seconds
[2024-12-27T02:01:44.623+0000] {processor.py:186} INFO - Started process (PID=742) to work on /home/airflow/.local/lib/python3.12/site-packages/airflow/example_dags/example_xcom.py
[2024-12-27T02:01:44.624+0000] {processor.py:914} INFO - Processing file /home/airflow/.local/lib/python3.12/site-packages/airflow/example_dags/example_xcom.py for tasks to queue
[2024-12-27T02:01:44.628+0000] {logging_mixin.py:190} INFO - [2024-12-27T02:01:44.628+0000] {dagbag.py:588} INFO - Filling up the DagBag from /home/airflow/.local/lib/python3.12/site-packages/airflow/example_dags/example_xcom.py
[2024-12-27T02:01:44.640+0000] {processor.py:925} INFO - DAG(s) 'example_xcom' retrieved from /home/airflow/.local/lib/python3.12/site-packages/airflow/example_dags/example_xcom.py
[2024-12-27T02:01:44.669+0000] {logging_mixin.py:190} INFO - [2024-12-27T02:01:44.669+0000] {dag.py:3239} INFO - Sync 1 DAGs
[2024-12-27T02:01:44.698+0000] {logging_mixin.py:190} INFO - [2024-12-27T02:01:44.698+0000] {dag.py:4180} INFO - Setting next_dagrun for example_xcom to 2021-01-01 00:00:00+00:00, run_after=2021-01-01 00:00:00+00:00
[2024-12-27T02:01:44.730+0000] {processor.py:208} INFO - Processing /home/airflow/.local/lib/python3.12/site-packages/airflow/example_dags/example_xcom.py took 0.114 seconds
[2024-12-27T02:02:17.498+0000] {processor.py:186} INFO - Started process (PID=806) to work on /home/airflow/.local/lib/python3.12/site-packages/airflow/example_dags/example_xcom.py
[2024-12-27T02:02:17.499+0000] {processor.py:914} INFO - Processing file /home/airflow/.local/lib/python3.12/site-packages/airflow/example_dags/example_xcom.py for tasks to queue
[2024-12-27T02:02:17.502+0000] {logging_mixin.py:190} INFO - [2024-12-27T02:02:17.502+0000] {dagbag.py:588} INFO - Filling up the DagBag from /home/airflow/.local/lib/python3.12/site-packages/airflow/example_dags/example_xcom.py
[2024-12-27T02:02:17.512+0000] {processor.py:925} INFO - DAG(s) 'example_xcom' retrieved from /home/airflow/.local/lib/python3.12/site-packages/airflow/example_dags/example_xcom.py
[2024-12-27T02:02:17.538+0000] {logging_mixin.py:190} INFO - [2024-12-27T02:02:17.538+0000] {dag.py:3239} INFO - Sync 1 DAGs
[2024-12-27T02:02:17.567+0000] {logging_mixin.py:190} INFO - [2024-12-27T02:02:17.567+0000] {dag.py:4180} INFO - Setting next_dagrun for example_xcom to 2021-01-01 00:00:00+00:00, run_after=2021-01-01 00:00:00+00:00
[2024-12-27T02:02:17.594+0000] {processor.py:208} INFO - Processing /home/airflow/.local/lib/python3.12/site-packages/airflow/example_dags/example_xcom.py took 0.101 seconds
[2024-12-27T02:02:48.134+0000] {processor.py:186} INFO - Started process (PID=869) to work on /home/airflow/.local/lib/python3.12/site-packages/airflow/example_dags/example_xcom.py
[2024-12-27T02:02:48.135+0000] {processor.py:914} INFO - Processing file /home/airflow/.local/lib/python3.12/site-packages/airflow/example_dags/example_xcom.py for tasks to queue
[2024-12-27T02:02:48.139+0000] {logging_mixin.py:190} INFO - [2024-12-27T02:02:48.138+0000] {dagbag.py:588} INFO - Filling up the DagBag from /home/airflow/.local/lib/python3.12/site-packages/airflow/example_dags/example_xcom.py
[2024-12-27T02:02:48.157+0000] {processor.py:925} INFO - DAG(s) 'example_xcom' retrieved from /home/airflow/.local/lib/python3.12/site-packages/airflow/example_dags/example_xcom.py
[2024-12-27T02:02:48.199+0000] {logging_mixin.py:190} INFO - [2024-12-27T02:02:48.199+0000] {dag.py:3239} INFO - Sync 1 DAGs
[2024-12-27T02:02:48.248+0000] {logging_mixin.py:190} INFO - [2024-12-27T02:02:48.247+0000] {dag.py:4180} INFO - Setting next_dagrun for example_xcom to 2021-01-01 00:00:00+00:00, run_after=2021-01-01 00:00:00+00:00
[2024-12-27T02:02:48.300+0000] {processor.py:208} INFO - Processing /home/airflow/.local/lib/python3.12/site-packages/airflow/example_dags/example_xcom.py took 0.174 seconds
[2024-12-27T02:03:18.495+0000] {processor.py:186} INFO - Started process (PID=931) to work on /home/airflow/.local/lib/python3.12/site-packages/airflow/example_dags/example_xcom.py
[2024-12-27T02:03:18.496+0000] {processor.py:914} INFO - Processing file /home/airflow/.local/lib/python3.12/site-packages/airflow/example_dags/example_xcom.py for tasks to queue
[2024-12-27T02:03:18.500+0000] {logging_mixin.py:190} INFO - [2024-12-27T02:03:18.499+0000] {dagbag.py:588} INFO - Filling up the DagBag from /home/airflow/.local/lib/python3.12/site-packages/airflow/example_dags/example_xcom.py
[2024-12-27T02:03:18.512+0000] {processor.py:925} INFO - DAG(s) 'example_xcom' retrieved from /home/airflow/.local/lib/python3.12/site-packages/airflow/example_dags/example_xcom.py
[2024-12-27T02:03:18.540+0000] {logging_mixin.py:190} INFO - [2024-12-27T02:03:18.539+0000] {dag.py:3239} INFO - Sync 1 DAGs
[2024-12-27T02:03:18.565+0000] {logging_mixin.py:190} INFO - [2024-12-27T02:03:18.564+0000] {dag.py:4180} INFO - Setting next_dagrun for example_xcom to 2021-01-01 00:00:00+00:00, run_after=2021-01-01 00:00:00+00:00
[2024-12-27T02:03:18.605+0000] {processor.py:208} INFO - Processing /home/airflow/.local/lib/python3.12/site-packages/airflow/example_dags/example_xcom.py took 0.116 seconds
[2024-12-27T02:03:49.230+0000] {processor.py:186} INFO - Started process (PID=994) to work on /home/airflow/.local/lib/python3.12/site-packages/airflow/example_dags/example_xcom.py
[2024-12-27T02:03:49.231+0000] {processor.py:914} INFO - Processing file /home/airflow/.local/lib/python3.12/site-packages/airflow/example_dags/example_xcom.py for tasks to queue
[2024-12-27T02:03:49.234+0000] {logging_mixin.py:190} INFO - [2024-12-27T02:03:49.234+0000] {dagbag.py:588} INFO - Filling up the DagBag from /home/airflow/.local/lib/python3.12/site-packages/airflow/example_dags/example_xcom.py
[2024-12-27T02:03:49.247+0000] {processor.py:925} INFO - DAG(s) 'example_xcom' retrieved from /home/airflow/.local/lib/python3.12/site-packages/airflow/example_dags/example_xcom.py
[2024-12-27T02:03:49.276+0000] {logging_mixin.py:190} INFO - [2024-12-27T02:03:49.276+0000] {dag.py:3239} INFO - Sync 1 DAGs
[2024-12-27T02:03:49.306+0000] {logging_mixin.py:190} INFO - [2024-12-27T02:03:49.306+0000] {dag.py:4180} INFO - Setting next_dagrun for example_xcom to 2021-01-01 00:00:00+00:00, run_after=2021-01-01 00:00:00+00:00
[2024-12-27T02:03:49.333+0000] {processor.py:208} INFO - Processing /home/airflow/.local/lib/python3.12/site-packages/airflow/example_dags/example_xcom.py took 0.109 seconds
[2024-12-27T02:04:20.577+0000] {processor.py:186} INFO - Started process (PID=1057) to work on /home/airflow/.local/lib/python3.12/site-packages/airflow/example_dags/example_xcom.py
[2024-12-27T02:04:20.579+0000] {processor.py:914} INFO - Processing file /home/airflow/.local/lib/python3.12/site-packages/airflow/example_dags/example_xcom.py for tasks to queue
[2024-12-27T02:04:20.581+0000] {logging_mixin.py:190} INFO - [2024-12-27T02:04:20.581+0000] {dagbag.py:588} INFO - Filling up the DagBag from /home/airflow/.local/lib/python3.12/site-packages/airflow/example_dags/example_xcom.py
[2024-12-27T02:04:20.591+0000] {processor.py:925} INFO - DAG(s) 'example_xcom' retrieved from /home/airflow/.local/lib/python3.12/site-packages/airflow/example_dags/example_xcom.py
[2024-12-27T02:04:20.618+0000] {logging_mixin.py:190} INFO - [2024-12-27T02:04:20.618+0000] {dag.py:3239} INFO - Sync 1 DAGs
[2024-12-27T02:04:20.644+0000] {logging_mixin.py:190} INFO - [2024-12-27T02:04:20.643+0000] {dag.py:4180} INFO - Setting next_dagrun for example_xcom to 2021-01-01 00:00:00+00:00, run_after=2021-01-01 00:00:00+00:00
[2024-12-27T02:04:20.671+0000] {processor.py:208} INFO - Processing /home/airflow/.local/lib/python3.12/site-packages/airflow/example_dags/example_xcom.py took 0.099 seconds
[2024-12-27T02:04:52.047+0000] {processor.py:186} INFO - Started process (PID=1120) to work on /home/airflow/.local/lib/python3.12/site-packages/airflow/example_dags/example_xcom.py
[2024-12-27T02:04:52.049+0000] {processor.py:914} INFO - Processing file /home/airflow/.local/lib/python3.12/site-packages/airflow/example_dags/example_xcom.py for tasks to queue
[2024-12-27T02:04:52.052+0000] {logging_mixin.py:190} INFO - [2024-12-27T02:04:52.052+0000] {dagbag.py:588} INFO - Filling up the DagBag from /home/airflow/.local/lib/python3.12/site-packages/airflow/example_dags/example_xcom.py
[2024-12-27T02:04:52.061+0000] {processor.py:925} INFO - DAG(s) 'example_xcom' retrieved from /home/airflow/.local/lib/python3.12/site-packages/airflow/example_dags/example_xcom.py
[2024-12-27T02:04:52.087+0000] {logging_mixin.py:190} INFO - [2024-12-27T02:04:52.087+0000] {dag.py:3239} INFO - Sync 1 DAGs
[2024-12-27T02:04:52.129+0000] {logging_mixin.py:190} INFO - [2024-12-27T02:04:52.129+0000] {dag.py:4180} INFO - Setting next_dagrun for example_xcom to 2021-01-01 00:00:00+00:00, run_after=2021-01-01 00:00:00+00:00
[2024-12-27T02:04:52.162+0000] {processor.py:208} INFO - Processing /home/airflow/.local/lib/python3.12/site-packages/airflow/example_dags/example_xcom.py took 0.120 seconds
[2024-12-27T02:05:22.595+0000] {processor.py:186} INFO - Started process (PID=1183) to work on /home/airflow/.local/lib/python3.12/site-packages/airflow/example_dags/example_xcom.py
[2024-12-27T02:05:22.596+0000] {processor.py:914} INFO - Processing file /home/airflow/.local/lib/python3.12/site-packages/airflow/example_dags/example_xcom.py for tasks to queue
[2024-12-27T02:05:22.599+0000] {logging_mixin.py:190} INFO - [2024-12-27T02:05:22.599+0000] {dagbag.py:588} INFO - Filling up the DagBag from /home/airflow/.local/lib/python3.12/site-packages/airflow/example_dags/example_xcom.py
[2024-12-27T02:05:22.610+0000] {processor.py:925} INFO - DAG(s) 'example_xcom' retrieved from /home/airflow/.local/lib/python3.12/site-packages/airflow/example_dags/example_xcom.py
[2024-12-27T02:05:22.634+0000] {logging_mixin.py:190} INFO - [2024-12-27T02:05:22.634+0000] {dag.py:3239} INFO - Sync 1 DAGs
[2024-12-27T02:05:22.662+0000] {logging_mixin.py:190} INFO - [2024-12-27T02:05:22.661+0000] {dag.py:4180} INFO - Setting next_dagrun for example_xcom to 2021-01-01 00:00:00+00:00, run_after=2021-01-01 00:00:00+00:00
[2024-12-27T02:05:22.688+0000] {processor.py:208} INFO - Processing /home/airflow/.local/lib/python3.12/site-packages/airflow/example_dags/example_xcom.py took 0.098 seconds
[2024-12-27T02:05:53.506+0000] {processor.py:186} INFO - Started process (PID=1246) to work on /home/airflow/.local/lib/python3.12/site-packages/airflow/example_dags/example_xcom.py
[2024-12-27T02:05:53.507+0000] {processor.py:914} INFO - Processing file /home/airflow/.local/lib/python3.12/site-packages/airflow/example_dags/example_xcom.py for tasks to queue
[2024-12-27T02:05:53.511+0000] {logging_mixin.py:190} INFO - [2024-12-27T02:05:53.510+0000] {dagbag.py:588} INFO - Filling up the DagBag from /home/airflow/.local/lib/python3.12/site-packages/airflow/example_dags/example_xcom.py
[2024-12-27T02:05:53.525+0000] {processor.py:925} INFO - DAG(s) 'example_xcom' retrieved from /home/airflow/.local/lib/python3.12/site-packages/airflow/example_dags/example_xcom.py
[2024-12-27T02:05:53.559+0000] {logging_mixin.py:190} INFO - [2024-12-27T02:05:53.559+0000] {dag.py:3239} INFO - Sync 1 DAGs
[2024-12-27T02:05:53.593+0000] {logging_mixin.py:190} INFO - [2024-12-27T02:05:53.593+0000] {dag.py:4180} INFO - Setting next_dagrun for example_xcom to 2021-01-01 00:00:00+00:00, run_after=2021-01-01 00:00:00+00:00
[2024-12-27T02:05:53.624+0000] {processor.py:208} INFO - Processing /home/airflow/.local/lib/python3.12/site-packages/airflow/example_dags/example_xcom.py took 0.125 seconds
[2024-12-27T02:06:24.323+0000] {processor.py:186} INFO - Started process (PID=1314) to work on /home/airflow/.local/lib/python3.12/site-packages/airflow/example_dags/example_xcom.py
[2024-12-27T02:06:24.324+0000] {processor.py:914} INFO - Processing file /home/airflow/.local/lib/python3.12/site-packages/airflow/example_dags/example_xcom.py for tasks to queue
[2024-12-27T02:06:24.327+0000] {logging_mixin.py:190} INFO - [2024-12-27T02:06:24.327+0000] {dagbag.py:588} INFO - Filling up the DagBag from /home/airflow/.local/lib/python3.12/site-packages/airflow/example_dags/example_xcom.py
[2024-12-27T02:06:24.343+0000] {processor.py:925} INFO - DAG(s) 'example_xcom' retrieved from /home/airflow/.local/lib/python3.12/site-packages/airflow/example_dags/example_xcom.py
[2024-12-27T02:06:24.376+0000] {logging_mixin.py:190} INFO - [2024-12-27T02:06:24.375+0000] {dag.py:3239} INFO - Sync 1 DAGs
[2024-12-27T02:06:24.414+0000] {logging_mixin.py:190} INFO - [2024-12-27T02:06:24.414+0000] {dag.py:4180} INFO - Setting next_dagrun for example_xcom to 2021-01-01 00:00:00+00:00, run_after=2021-01-01 00:00:00+00:00
[2024-12-27T02:06:24.449+0000] {processor.py:208} INFO - Processing /home/airflow/.local/lib/python3.12/site-packages/airflow/example_dags/example_xcom.py took 0.131 seconds
[2024-12-27T02:06:55.407+0000] {processor.py:186} INFO - Started process (PID=1377) to work on /home/airflow/.local/lib/python3.12/site-packages/airflow/example_dags/example_xcom.py
[2024-12-27T02:06:55.409+0000] {processor.py:914} INFO - Processing file /home/airflow/.local/lib/python3.12/site-packages/airflow/example_dags/example_xcom.py for tasks to queue
[2024-12-27T02:06:55.412+0000] {logging_mixin.py:190} INFO - [2024-12-27T02:06:55.412+0000] {dagbag.py:588} INFO - Filling up the DagBag from /home/airflow/.local/lib/python3.12/site-packages/airflow/example_dags/example_xcom.py
[2024-12-27T02:06:55.422+0000] {processor.py:925} INFO - DAG(s) 'example_xcom' retrieved from /home/airflow/.local/lib/python3.12/site-packages/airflow/example_dags/example_xcom.py
[2024-12-27T02:06:55.452+0000] {logging_mixin.py:190} INFO - [2024-12-27T02:06:55.452+0000] {dag.py:3239} INFO - Sync 1 DAGs
[2024-12-27T02:06:55.480+0000] {logging_mixin.py:190} INFO - [2024-12-27T02:06:55.480+0000] {dag.py:4180} INFO - Setting next_dagrun for example_xcom to 2021-01-01 00:00:00+00:00, run_after=2021-01-01 00:00:00+00:00
[2024-12-27T02:06:55.509+0000] {processor.py:208} INFO - Processing /home/airflow/.local/lib/python3.12/site-packages/airflow/example_dags/example_xcom.py took 0.108 seconds
[2024-12-27T02:07:25.589+0000] {processor.py:186} INFO - Started process (PID=1439) to work on /home/airflow/.local/lib/python3.12/site-packages/airflow/example_dags/example_xcom.py
[2024-12-27T02:07:25.591+0000] {processor.py:914} INFO - Processing file /home/airflow/.local/lib/python3.12/site-packages/airflow/example_dags/example_xcom.py for tasks to queue
[2024-12-27T02:07:25.594+0000] {logging_mixin.py:190} INFO - [2024-12-27T02:07:25.593+0000] {dagbag.py:588} INFO - Filling up the DagBag from /home/airflow/.local/lib/python3.12/site-packages/airflow/example_dags/example_xcom.py
[2024-12-27T02:07:25.606+0000] {processor.py:925} INFO - DAG(s) 'example_xcom' retrieved from /home/airflow/.local/lib/python3.12/site-packages/airflow/example_dags/example_xcom.py
[2024-12-27T02:07:25.634+0000] {logging_mixin.py:190} INFO - [2024-12-27T02:07:25.634+0000] {dag.py:3239} INFO - Sync 1 DAGs
[2024-12-27T02:07:25.661+0000] {logging_mixin.py:190} INFO - [2024-12-27T02:07:25.661+0000] {dag.py:4180} INFO - Setting next_dagrun for example_xcom to 2021-01-01 00:00:00+00:00, run_after=2021-01-01 00:00:00+00:00
[2024-12-27T02:07:25.690+0000] {processor.py:208} INFO - Processing /home/airflow/.local/lib/python3.12/site-packages/airflow/example_dags/example_xcom.py took 0.106 seconds
[2024-12-27T02:07:56.070+0000] {processor.py:186} INFO - Started process (PID=1502) to work on /home/airflow/.local/lib/python3.12/site-packages/airflow/example_dags/example_xcom.py
[2024-12-27T02:07:56.072+0000] {processor.py:914} INFO - Processing file /home/airflow/.local/lib/python3.12/site-packages/airflow/example_dags/example_xcom.py for tasks to queue
[2024-12-27T02:07:56.074+0000] {logging_mixin.py:190} INFO - [2024-12-27T02:07:56.074+0000] {dagbag.py:588} INFO - Filling up the DagBag from /home/airflow/.local/lib/python3.12/site-packages/airflow/example_dags/example_xcom.py
[2024-12-27T02:07:56.083+0000] {processor.py:925} INFO - DAG(s) 'example_xcom' retrieved from /home/airflow/.local/lib/python3.12/site-packages/airflow/example_dags/example_xcom.py
[2024-12-27T02:07:56.109+0000] {logging_mixin.py:190} INFO - [2024-12-27T02:07:56.108+0000] {dag.py:3239} INFO - Sync 1 DAGs
[2024-12-27T02:07:56.136+0000] {logging_mixin.py:190} INFO - [2024-12-27T02:07:56.135+0000] {dag.py:4180} INFO - Setting next_dagrun for example_xcom to 2021-01-01 00:00:00+00:00, run_after=2021-01-01 00:00:00+00:00
[2024-12-27T02:07:56.162+0000] {processor.py:208} INFO - Processing /home/airflow/.local/lib/python3.12/site-packages/airflow/example_dags/example_xcom.py took 0.096 seconds
[2024-12-27T02:08:26.732+0000] {processor.py:186} INFO - Started process (PID=1565) to work on /home/airflow/.local/lib/python3.12/site-packages/airflow/example_dags/example_xcom.py
[2024-12-27T02:08:26.733+0000] {processor.py:914} INFO - Processing file /home/airflow/.local/lib/python3.12/site-packages/airflow/example_dags/example_xcom.py for tasks to queue
[2024-12-27T02:08:26.736+0000] {logging_mixin.py:190} INFO - [2024-12-27T02:08:26.736+0000] {dagbag.py:588} INFO - Filling up the DagBag from /home/airflow/.local/lib/python3.12/site-packages/airflow/example_dags/example_xcom.py
[2024-12-27T02:08:26.745+0000] {processor.py:925} INFO - DAG(s) 'example_xcom' retrieved from /home/airflow/.local/lib/python3.12/site-packages/airflow/example_dags/example_xcom.py
[2024-12-27T02:08:26.770+0000] {logging_mixin.py:190} INFO - [2024-12-27T02:08:26.769+0000] {dag.py:3239} INFO - Sync 1 DAGs
[2024-12-27T02:08:26.795+0000] {logging_mixin.py:190} INFO - [2024-12-27T02:08:26.795+0000] {dag.py:4180} INFO - Setting next_dagrun for example_xcom to 2021-01-01 00:00:00+00:00, run_after=2021-01-01 00:00:00+00:00
[2024-12-27T02:08:26.819+0000] {processor.py:208} INFO - Processing /home/airflow/.local/lib/python3.12/site-packages/airflow/example_dags/example_xcom.py took 0.092 seconds
[2024-12-27T02:08:57.004+0000] {processor.py:186} INFO - Started process (PID=1628) to work on /home/airflow/.local/lib/python3.12/site-packages/airflow/example_dags/example_xcom.py
[2024-12-27T02:08:57.005+0000] {processor.py:914} INFO - Processing file /home/airflow/.local/lib/python3.12/site-packages/airflow/example_dags/example_xcom.py for tasks to queue
[2024-12-27T02:08:57.009+0000] {logging_mixin.py:190} INFO - [2024-12-27T02:08:57.009+0000] {dagbag.py:588} INFO - Filling up the DagBag from /home/airflow/.local/lib/python3.12/site-packages/airflow/example_dags/example_xcom.py
[2024-12-27T02:08:57.020+0000] {processor.py:925} INFO - DAG(s) 'example_xcom' retrieved from /home/airflow/.local/lib/python3.12/site-packages/airflow/example_dags/example_xcom.py
[2024-12-27T02:08:57.048+0000] {logging_mixin.py:190} INFO - [2024-12-27T02:08:57.047+0000] {dag.py:3239} INFO - Sync 1 DAGs
[2024-12-27T02:08:57.077+0000] {logging_mixin.py:190} INFO - [2024-12-27T02:08:57.077+0000] {dag.py:4180} INFO - Setting next_dagrun for example_xcom to 2021-01-01 00:00:00+00:00, run_after=2021-01-01 00:00:00+00:00
[2024-12-27T02:08:57.106+0000] {processor.py:208} INFO - Processing /home/airflow/.local/lib/python3.12/site-packages/airflow/example_dags/example_xcom.py took 0.109 seconds
[2024-12-27T02:09:28.584+0000] {processor.py:186} INFO - Started process (PID=1691) to work on /home/airflow/.local/lib/python3.12/site-packages/airflow/example_dags/example_xcom.py
[2024-12-27T02:09:28.585+0000] {processor.py:914} INFO - Processing file /home/airflow/.local/lib/python3.12/site-packages/airflow/example_dags/example_xcom.py for tasks to queue
[2024-12-27T02:09:28.589+0000] {logging_mixin.py:190} INFO - [2024-12-27T02:09:28.588+0000] {dagbag.py:588} INFO - Filling up the DagBag from /home/airflow/.local/lib/python3.12/site-packages/airflow/example_dags/example_xcom.py
[2024-12-27T02:09:28.603+0000] {processor.py:925} INFO - DAG(s) 'example_xcom' retrieved from /home/airflow/.local/lib/python3.12/site-packages/airflow/example_dags/example_xcom.py
[2024-12-27T02:09:28.636+0000] {logging_mixin.py:190} INFO - [2024-12-27T02:09:28.635+0000] {dag.py:3239} INFO - Sync 1 DAGs
[2024-12-27T02:09:28.672+0000] {logging_mixin.py:190} INFO - [2024-12-27T02:09:28.672+0000] {dag.py:4180} INFO - Setting next_dagrun for example_xcom to 2021-01-01 00:00:00+00:00, run_after=2021-01-01 00:00:00+00:00
[2024-12-27T02:09:28.702+0000] {processor.py:208} INFO - Processing /home/airflow/.local/lib/python3.12/site-packages/airflow/example_dags/example_xcom.py took 0.125 seconds
[2024-12-27T02:09:59.334+0000] {processor.py:186} INFO - Started process (PID=1754) to work on /home/airflow/.local/lib/python3.12/site-packages/airflow/example_dags/example_xcom.py
[2024-12-27T02:09:59.335+0000] {processor.py:914} INFO - Processing file /home/airflow/.local/lib/python3.12/site-packages/airflow/example_dags/example_xcom.py for tasks to queue
[2024-12-27T02:09:59.339+0000] {logging_mixin.py:190} INFO - [2024-12-27T02:09:59.338+0000] {dagbag.py:588} INFO - Filling up the DagBag from /home/airflow/.local/lib/python3.12/site-packages/airflow/example_dags/example_xcom.py
[2024-12-27T02:09:59.351+0000] {processor.py:925} INFO - DAG(s) 'example_xcom' retrieved from /home/airflow/.local/lib/python3.12/site-packages/airflow/example_dags/example_xcom.py
[2024-12-27T02:09:59.383+0000] {logging_mixin.py:190} INFO - [2024-12-27T02:09:59.383+0000] {dag.py:3239} INFO - Sync 1 DAGs
[2024-12-27T02:09:59.414+0000] {logging_mixin.py:190} INFO - [2024-12-27T02:09:59.413+0000] {dag.py:4180} INFO - Setting next_dagrun for example_xcom to 2021-01-01 00:00:00+00:00, run_after=2021-01-01 00:00:00+00:00
[2024-12-27T02:09:59.446+0000] {processor.py:208} INFO - Processing /home/airflow/.local/lib/python3.12/site-packages/airflow/example_dags/example_xcom.py took 0.119 seconds
[2024-12-27T02:10:29.688+0000] {processor.py:186} INFO - Started process (PID=1817) to work on /home/airflow/.local/lib/python3.12/site-packages/airflow/example_dags/example_xcom.py
[2024-12-27T02:10:29.691+0000] {processor.py:914} INFO - Processing file /home/airflow/.local/lib/python3.12/site-packages/airflow/example_dags/example_xcom.py for tasks to queue
[2024-12-27T02:10:29.694+0000] {logging_mixin.py:190} INFO - [2024-12-27T02:10:29.693+0000] {dagbag.py:588} INFO - Filling up the DagBag from /home/airflow/.local/lib/python3.12/site-packages/airflow/example_dags/example_xcom.py
[2024-12-27T02:10:29.703+0000] {processor.py:925} INFO - DAG(s) 'example_xcom' retrieved from /home/airflow/.local/lib/python3.12/site-packages/airflow/example_dags/example_xcom.py
[2024-12-27T02:10:29.729+0000] {logging_mixin.py:190} INFO - [2024-12-27T02:10:29.729+0000] {dag.py:3239} INFO - Sync 1 DAGs
[2024-12-27T02:10:29.753+0000] {logging_mixin.py:190} INFO - [2024-12-27T02:10:29.753+0000] {dag.py:4180} INFO - Setting next_dagrun for example_xcom to 2021-01-01 00:00:00+00:00, run_after=2021-01-01 00:00:00+00:00
[2024-12-27T02:10:29.779+0000] {processor.py:208} INFO - Processing /home/airflow/.local/lib/python3.12/site-packages/airflow/example_dags/example_xcom.py took 0.095 seconds
[2024-12-27T02:11:00.136+0000] {processor.py:186} INFO - Started process (PID=1880) to work on /home/airflow/.local/lib/python3.12/site-packages/airflow/example_dags/example_xcom.py
[2024-12-27T02:11:00.138+0000] {processor.py:914} INFO - Processing file /home/airflow/.local/lib/python3.12/site-packages/airflow/example_dags/example_xcom.py for tasks to queue
[2024-12-27T02:11:00.141+0000] {logging_mixin.py:190} INFO - [2024-12-27T02:11:00.140+0000] {dagbag.py:588} INFO - Filling up the DagBag from /home/airflow/.local/lib/python3.12/site-packages/airflow/example_dags/example_xcom.py
[2024-12-27T02:11:00.153+0000] {processor.py:925} INFO - DAG(s) 'example_xcom' retrieved from /home/airflow/.local/lib/python3.12/site-packages/airflow/example_dags/example_xcom.py
[2024-12-27T02:11:00.184+0000] {logging_mixin.py:190} INFO - [2024-12-27T02:11:00.183+0000] {dag.py:3239} INFO - Sync 1 DAGs
[2024-12-27T02:11:00.215+0000] {logging_mixin.py:190} INFO - [2024-12-27T02:11:00.214+0000] {dag.py:4180} INFO - Setting next_dagrun for example_xcom to 2021-01-01 00:00:00+00:00, run_after=2021-01-01 00:00:00+00:00
[2024-12-27T02:11:00.247+0000] {processor.py:208} INFO - Processing /home/airflow/.local/lib/python3.12/site-packages/airflow/example_dags/example_xcom.py took 0.117 seconds
[2024-12-27T02:11:30.541+0000] {processor.py:186} INFO - Started process (PID=1943) to work on /home/airflow/.local/lib/python3.12/site-packages/airflow/example_dags/example_xcom.py
[2024-12-27T02:11:30.542+0000] {processor.py:914} INFO - Processing file /home/airflow/.local/lib/python3.12/site-packages/airflow/example_dags/example_xcom.py for tasks to queue
[2024-12-27T02:11:30.544+0000] {logging_mixin.py:190} INFO - [2024-12-27T02:11:30.544+0000] {dagbag.py:588} INFO - Filling up the DagBag from /home/airflow/.local/lib/python3.12/site-packages/airflow/example_dags/example_xcom.py
[2024-12-27T02:11:30.553+0000] {processor.py:925} INFO - DAG(s) 'example_xcom' retrieved from /home/airflow/.local/lib/python3.12/site-packages/airflow/example_dags/example_xcom.py
[2024-12-27T02:11:30.575+0000] {logging_mixin.py:190} INFO - [2024-12-27T02:11:30.575+0000] {dag.py:3239} INFO - Sync 1 DAGs
[2024-12-27T02:11:30.602+0000] {logging_mixin.py:190} INFO - [2024-12-27T02:11:30.601+0000] {dag.py:4180} INFO - Setting next_dagrun for example_xcom to 2021-01-01 00:00:00+00:00, run_after=2021-01-01 00:00:00+00:00
[2024-12-27T02:11:30.627+0000] {processor.py:208} INFO - Processing /home/airflow/.local/lib/python3.12/site-packages/airflow/example_dags/example_xcom.py took 0.091 seconds
[2024-12-27T02:12:00.876+0000] {processor.py:186} INFO - Started process (PID=2006) to work on /home/airflow/.local/lib/python3.12/site-packages/airflow/example_dags/example_xcom.py
[2024-12-27T02:12:00.878+0000] {processor.py:914} INFO - Processing file /home/airflow/.local/lib/python3.12/site-packages/airflow/example_dags/example_xcom.py for tasks to queue
[2024-12-27T02:12:00.882+0000] {logging_mixin.py:190} INFO - [2024-12-27T02:12:00.882+0000] {dagbag.py:588} INFO - Filling up the DagBag from /home/airflow/.local/lib/python3.12/site-packages/airflow/example_dags/example_xcom.py
[2024-12-27T02:12:00.896+0000] {processor.py:925} INFO - DAG(s) 'example_xcom' retrieved from /home/airflow/.local/lib/python3.12/site-packages/airflow/example_dags/example_xcom.py
[2024-12-27T02:12:00.938+0000] {logging_mixin.py:190} INFO - [2024-12-27T02:12:00.937+0000] {dag.py:3239} INFO - Sync 1 DAGs
[2024-12-27T02:12:00.969+0000] {logging_mixin.py:190} INFO - [2024-12-27T02:12:00.968+0000] {dag.py:4180} INFO - Setting next_dagrun for example_xcom to 2021-01-01 00:00:00+00:00, run_after=2021-01-01 00:00:00+00:00
[2024-12-27T02:12:01.001+0000] {processor.py:208} INFO - Processing /home/airflow/.local/lib/python3.12/site-packages/airflow/example_dags/example_xcom.py took 0.131 seconds
[2024-12-27T02:12:31.109+0000] {processor.py:186} INFO - Started process (PID=2069) to work on /home/airflow/.local/lib/python3.12/site-packages/airflow/example_dags/example_xcom.py
[2024-12-27T02:12:31.110+0000] {processor.py:914} INFO - Processing file /home/airflow/.local/lib/python3.12/site-packages/airflow/example_dags/example_xcom.py for tasks to queue
[2024-12-27T02:12:31.114+0000] {logging_mixin.py:190} INFO - [2024-12-27T02:12:31.113+0000] {dagbag.py:588} INFO - Filling up the DagBag from /home/airflow/.local/lib/python3.12/site-packages/airflow/example_dags/example_xcom.py
[2024-12-27T02:12:31.124+0000] {processor.py:925} INFO - DAG(s) 'example_xcom' retrieved from /home/airflow/.local/lib/python3.12/site-packages/airflow/example_dags/example_xcom.py
[2024-12-27T02:12:31.148+0000] {logging_mixin.py:190} INFO - [2024-12-27T02:12:31.148+0000] {dag.py:3239} INFO - Sync 1 DAGs
[2024-12-27T02:12:31.171+0000] {logging_mixin.py:190} INFO - [2024-12-27T02:12:31.171+0000] {dag.py:4180} INFO - Setting next_dagrun for example_xcom to 2021-01-01 00:00:00+00:00, run_after=2021-01-01 00:00:00+00:00
[2024-12-27T02:12:31.192+0000] {processor.py:208} INFO - Processing /home/airflow/.local/lib/python3.12/site-packages/airflow/example_dags/example_xcom.py took 0.087 seconds
[2024-12-27T02:13:02.165+0000] {processor.py:186} INFO - Started process (PID=2132) to work on /home/airflow/.local/lib/python3.12/site-packages/airflow/example_dags/example_xcom.py
[2024-12-27T02:13:02.166+0000] {processor.py:914} INFO - Processing file /home/airflow/.local/lib/python3.12/site-packages/airflow/example_dags/example_xcom.py for tasks to queue
[2024-12-27T02:13:02.170+0000] {logging_mixin.py:190} INFO - [2024-12-27T02:13:02.170+0000] {dagbag.py:588} INFO - Filling up the DagBag from /home/airflow/.local/lib/python3.12/site-packages/airflow/example_dags/example_xcom.py
[2024-12-27T02:13:02.181+0000] {processor.py:925} INFO - DAG(s) 'example_xcom' retrieved from /home/airflow/.local/lib/python3.12/site-packages/airflow/example_dags/example_xcom.py
[2024-12-27T02:13:02.210+0000] {logging_mixin.py:190} INFO - [2024-12-27T02:13:02.209+0000] {dag.py:3239} INFO - Sync 1 DAGs
[2024-12-27T02:13:02.240+0000] {logging_mixin.py:190} INFO - [2024-12-27T02:13:02.239+0000] {dag.py:4180} INFO - Setting next_dagrun for example_xcom to 2021-01-01 00:00:00+00:00, run_after=2021-01-01 00:00:00+00:00
[2024-12-27T02:13:02.268+0000] {processor.py:208} INFO - Processing /home/airflow/.local/lib/python3.12/site-packages/airflow/example_dags/example_xcom.py took 0.110 seconds
[2024-12-27T02:13:32.385+0000] {processor.py:186} INFO - Started process (PID=2195) to work on /home/airflow/.local/lib/python3.12/site-packages/airflow/example_dags/example_xcom.py
[2024-12-27T02:13:32.387+0000] {processor.py:914} INFO - Processing file /home/airflow/.local/lib/python3.12/site-packages/airflow/example_dags/example_xcom.py for tasks to queue
[2024-12-27T02:13:32.390+0000] {logging_mixin.py:190} INFO - [2024-12-27T02:13:32.389+0000] {dagbag.py:588} INFO - Filling up the DagBag from /home/airflow/.local/lib/python3.12/site-packages/airflow/example_dags/example_xcom.py
[2024-12-27T02:13:32.399+0000] {processor.py:925} INFO - DAG(s) 'example_xcom' retrieved from /home/airflow/.local/lib/python3.12/site-packages/airflow/example_dags/example_xcom.py
[2024-12-27T02:13:32.424+0000] {logging_mixin.py:190} INFO - [2024-12-27T02:13:32.424+0000] {dag.py:3239} INFO - Sync 1 DAGs
[2024-12-27T02:13:32.447+0000] {logging_mixin.py:190} INFO - [2024-12-27T02:13:32.447+0000] {dag.py:4180} INFO - Setting next_dagrun for example_xcom to 2021-01-01 00:00:00+00:00, run_after=2021-01-01 00:00:00+00:00
[2024-12-27T02:13:32.474+0000] {processor.py:208} INFO - Processing /home/airflow/.local/lib/python3.12/site-packages/airflow/example_dags/example_xcom.py took 0.093 seconds
[2024-12-27T02:14:02.765+0000] {processor.py:186} INFO - Started process (PID=2258) to work on /home/airflow/.local/lib/python3.12/site-packages/airflow/example_dags/example_xcom.py
[2024-12-27T02:14:02.767+0000] {processor.py:914} INFO - Processing file /home/airflow/.local/lib/python3.12/site-packages/airflow/example_dags/example_xcom.py for tasks to queue
[2024-12-27T02:14:02.770+0000] {logging_mixin.py:190} INFO - [2024-12-27T02:14:02.770+0000] {dagbag.py:588} INFO - Filling up the DagBag from /home/airflow/.local/lib/python3.12/site-packages/airflow/example_dags/example_xcom.py
[2024-12-27T02:14:02.781+0000] {processor.py:925} INFO - DAG(s) 'example_xcom' retrieved from /home/airflow/.local/lib/python3.12/site-packages/airflow/example_dags/example_xcom.py
[2024-12-27T02:14:02.810+0000] {logging_mixin.py:190} INFO - [2024-12-27T02:14:02.809+0000] {dag.py:3239} INFO - Sync 1 DAGs
[2024-12-27T02:14:02.840+0000] {logging_mixin.py:190} INFO - [2024-12-27T02:14:02.840+0000] {dag.py:4180} INFO - Setting next_dagrun for example_xcom to 2021-01-01 00:00:00+00:00, run_after=2021-01-01 00:00:00+00:00
[2024-12-27T02:14:02.869+0000] {processor.py:208} INFO - Processing /home/airflow/.local/lib/python3.12/site-packages/airflow/example_dags/example_xcom.py took 0.111 seconds
[2024-12-27T02:14:35.720+0000] {processor.py:186} INFO - Started process (PID=2321) to work on /home/airflow/.local/lib/python3.12/site-packages/airflow/example_dags/example_xcom.py
[2024-12-27T02:14:35.843+0000] {processor.py:914} INFO - Processing file /home/airflow/.local/lib/python3.12/site-packages/airflow/example_dags/example_xcom.py for tasks to queue
[2024-12-27T02:14:35.847+0000] {logging_mixin.py:190} INFO - [2024-12-27T02:14:35.846+0000] {dagbag.py:588} INFO - Filling up the DagBag from /home/airflow/.local/lib/python3.12/site-packages/airflow/example_dags/example_xcom.py
[2024-12-27T02:14:35.860+0000] {processor.py:925} INFO - DAG(s) 'example_xcom' retrieved from /home/airflow/.local/lib/python3.12/site-packages/airflow/example_dags/example_xcom.py
[2024-12-27T02:14:35.893+0000] {logging_mixin.py:190} INFO - [2024-12-27T02:14:35.892+0000] {dag.py:3239} INFO - Sync 1 DAGs
[2024-12-27T02:14:35.929+0000] {logging_mixin.py:190} INFO - [2024-12-27T02:14:35.929+0000] {dag.py:4180} INFO - Setting next_dagrun for example_xcom to 2021-01-01 00:00:00+00:00, run_after=2021-01-01 00:00:00+00:00
[2024-12-27T02:14:36.832+0000] {processor.py:208} INFO - Processing /home/airflow/.local/lib/python3.12/site-packages/airflow/example_dags/example_xcom.py took 1.118 seconds
[2024-12-27T02:15:07.370+0000] {processor.py:186} INFO - Started process (PID=2384) to work on /home/airflow/.local/lib/python3.12/site-packages/airflow/example_dags/example_xcom.py
[2024-12-27T02:15:07.377+0000] {processor.py:914} INFO - Processing file /home/airflow/.local/lib/python3.12/site-packages/airflow/example_dags/example_xcom.py for tasks to queue
[2024-12-27T02:15:07.380+0000] {logging_mixin.py:190} INFO - [2024-12-27T02:15:07.380+0000] {dagbag.py:588} INFO - Filling up the DagBag from /home/airflow/.local/lib/python3.12/site-packages/airflow/example_dags/example_xcom.py
[2024-12-27T02:15:07.389+0000] {processor.py:925} INFO - DAG(s) 'example_xcom' retrieved from /home/airflow/.local/lib/python3.12/site-packages/airflow/example_dags/example_xcom.py
[2024-12-27T02:15:07.413+0000] {logging_mixin.py:190} INFO - [2024-12-27T02:15:07.413+0000] {dag.py:3239} INFO - Sync 1 DAGs
[2024-12-27T02:15:07.617+0000] {logging_mixin.py:190} INFO - [2024-12-27T02:15:07.616+0000] {dag.py:4180} INFO - Setting next_dagrun for example_xcom to 2021-01-01 00:00:00+00:00, run_after=2021-01-01 00:00:00+00:00
[2024-12-27T02:15:07.653+0000] {processor.py:208} INFO - Processing /home/airflow/.local/lib/python3.12/site-packages/airflow/example_dags/example_xcom.py took 0.287 seconds
[2024-12-27T02:15:38.400+0000] {processor.py:186} INFO - Started process (PID=2448) to work on /home/airflow/.local/lib/python3.12/site-packages/airflow/example_dags/example_xcom.py
[2024-12-27T02:15:38.402+0000] {processor.py:914} INFO - Processing file /home/airflow/.local/lib/python3.12/site-packages/airflow/example_dags/example_xcom.py for tasks to queue
[2024-12-27T02:15:38.405+0000] {logging_mixin.py:190} INFO - [2024-12-27T02:15:38.405+0000] {dagbag.py:588} INFO - Filling up the DagBag from /home/airflow/.local/lib/python3.12/site-packages/airflow/example_dags/example_xcom.py
[2024-12-27T02:15:38.413+0000] {processor.py:925} INFO - DAG(s) 'example_xcom' retrieved from /home/airflow/.local/lib/python3.12/site-packages/airflow/example_dags/example_xcom.py
[2024-12-27T02:15:38.438+0000] {logging_mixin.py:190} INFO - [2024-12-27T02:15:38.438+0000] {dag.py:3239} INFO - Sync 1 DAGs
[2024-12-27T02:15:38.463+0000] {logging_mixin.py:190} INFO - [2024-12-27T02:15:38.462+0000] {dag.py:4180} INFO - Setting next_dagrun for example_xcom to 2021-01-01 00:00:00+00:00, run_after=2021-01-01 00:00:00+00:00
[2024-12-27T02:15:38.499+0000] {processor.py:208} INFO - Processing /home/airflow/.local/lib/python3.12/site-packages/airflow/example_dags/example_xcom.py took 0.104 seconds
[2024-12-27T02:16:09.358+0000] {processor.py:186} INFO - Started process (PID=2511) to work on /home/airflow/.local/lib/python3.12/site-packages/airflow/example_dags/example_xcom.py
[2024-12-27T02:16:09.359+0000] {processor.py:914} INFO - Processing file /home/airflow/.local/lib/python3.12/site-packages/airflow/example_dags/example_xcom.py for tasks to queue
[2024-12-27T02:16:09.362+0000] {logging_mixin.py:190} INFO - [2024-12-27T02:16:09.361+0000] {dagbag.py:588} INFO - Filling up the DagBag from /home/airflow/.local/lib/python3.12/site-packages/airflow/example_dags/example_xcom.py
[2024-12-27T02:16:09.371+0000] {processor.py:925} INFO - DAG(s) 'example_xcom' retrieved from /home/airflow/.local/lib/python3.12/site-packages/airflow/example_dags/example_xcom.py
[2024-12-27T02:16:09.395+0000] {logging_mixin.py:190} INFO - [2024-12-27T02:16:09.394+0000] {dag.py:3239} INFO - Sync 1 DAGs
[2024-12-27T02:16:09.420+0000] {logging_mixin.py:190} INFO - [2024-12-27T02:16:09.420+0000] {dag.py:4180} INFO - Setting next_dagrun for example_xcom to 2021-01-01 00:00:00+00:00, run_after=2021-01-01 00:00:00+00:00
[2024-12-27T02:16:09.449+0000] {processor.py:208} INFO - Processing /home/airflow/.local/lib/python3.12/site-packages/airflow/example_dags/example_xcom.py took 0.097 seconds
[2024-12-27T02:16:39.784+0000] {processor.py:186} INFO - Started process (PID=2574) to work on /home/airflow/.local/lib/python3.12/site-packages/airflow/example_dags/example_xcom.py
[2024-12-27T02:16:39.786+0000] {processor.py:914} INFO - Processing file /home/airflow/.local/lib/python3.12/site-packages/airflow/example_dags/example_xcom.py for tasks to queue
[2024-12-27T02:16:39.788+0000] {logging_mixin.py:190} INFO - [2024-12-27T02:16:39.788+0000] {dagbag.py:588} INFO - Filling up the DagBag from /home/airflow/.local/lib/python3.12/site-packages/airflow/example_dags/example_xcom.py
[2024-12-27T02:16:39.798+0000] {processor.py:925} INFO - DAG(s) 'example_xcom' retrieved from /home/airflow/.local/lib/python3.12/site-packages/airflow/example_dags/example_xcom.py
[2024-12-27T02:16:39.826+0000] {logging_mixin.py:190} INFO - [2024-12-27T02:16:39.825+0000] {dag.py:3239} INFO - Sync 1 DAGs
[2024-12-27T02:16:39.852+0000] {logging_mixin.py:190} INFO - [2024-12-27T02:16:39.852+0000] {dag.py:4180} INFO - Setting next_dagrun for example_xcom to 2021-01-01 00:00:00+00:00, run_after=2021-01-01 00:00:00+00:00
[2024-12-27T02:16:39.885+0000] {processor.py:208} INFO - Processing /home/airflow/.local/lib/python3.12/site-packages/airflow/example_dags/example_xcom.py took 0.106 seconds
