[2024-12-27T01:56:23.242+0000] {processor.py:186} INFO - Started process (PID=87) to work on /home/airflow/.local/lib/python3.12/site-packages/airflow/example_dags/example_sensors.py
[2024-12-27T01:56:23.244+0000] {processor.py:914} INFO - Processing file /home/airflow/.local/lib/python3.12/site-packages/airflow/example_dags/example_sensors.py for tasks to queue
[2024-12-27T01:56:23.248+0000] {logging_mixin.py:190} INFO - [2024-12-27T01:56:23.247+0000] {dagbag.py:588} INFO - Filling up the DagBag from /home/airflow/.local/lib/python3.12/site-packages/airflow/example_dags/example_sensors.py
[2024-12-27T01:56:23.265+0000] {processor.py:925} INFO - DAG(s) 'example_sensors' retrieved from /home/airflow/.local/lib/python3.12/site-packages/airflow/example_dags/example_sensors.py
[2024-12-27T01:56:23.469+0000] {logging_mixin.py:190} INFO - [2024-12-27T01:56:23.468+0000] {override.py:1911} INFO - Created Permission View: can read on DAG:example_sensors
[2024-12-27T01:56:23.490+0000] {logging_mixin.py:190} INFO - [2024-12-27T01:56:23.490+0000] {override.py:1911} INFO - Created Permission View: can edit on DAG:example_sensors
[2024-12-27T01:56:23.508+0000] {logging_mixin.py:190} INFO - [2024-12-27T01:56:23.507+0000] {override.py:1911} INFO - Created Permission View: can delete on DAG:example_sensors
[2024-12-27T01:56:23.530+0000] {logging_mixin.py:190} INFO - [2024-12-27T01:56:23.529+0000] {override.py:1911} INFO - Created Permission View: menu access on DAG Run:example_sensors
[2024-12-27T01:56:23.544+0000] {logging_mixin.py:190} INFO - [2024-12-27T01:56:23.544+0000] {override.py:1911} INFO - Created Permission View: can read on DAG Run:example_sensors
[2024-12-27T01:56:23.557+0000] {logging_mixin.py:190} INFO - [2024-12-27T01:56:23.556+0000] {override.py:1911} INFO - Created Permission View: can create on DAG Run:example_sensors
[2024-12-27T01:56:23.569+0000] {logging_mixin.py:190} INFO - [2024-12-27T01:56:23.569+0000] {override.py:1911} INFO - Created Permission View: can delete on DAG Run:example_sensors
[2024-12-27T01:56:23.570+0000] {logging_mixin.py:190} INFO - [2024-12-27T01:56:23.570+0000] {dag.py:3239} INFO - Sync 1 DAGs
[2024-12-27T01:56:23.587+0000] {logging_mixin.py:190} INFO - [2024-12-27T01:56:23.587+0000] {dag.py:3262} INFO - Creating ORM DAG for example_sensors
[2024-12-27T01:56:23.589+0000] {logging_mixin.py:190} INFO - [2024-12-27T01:56:23.588+0000] {dag.py:4180} INFO - Setting next_dagrun for example_sensors to None, run_after=None
[2024-12-27T01:56:23.612+0000] {processor.py:208} INFO - Processing /home/airflow/.local/lib/python3.12/site-packages/airflow/example_dags/example_sensors.py took 0.378 seconds
[2024-12-27T01:56:53.793+0000] {processor.py:186} INFO - Started process (PID=149) to work on /home/airflow/.local/lib/python3.12/site-packages/airflow/example_dags/example_sensors.py
[2024-12-27T01:56:53.794+0000] {processor.py:914} INFO - Processing file /home/airflow/.local/lib/python3.12/site-packages/airflow/example_dags/example_sensors.py for tasks to queue
[2024-12-27T01:56:53.797+0000] {logging_mixin.py:190} INFO - [2024-12-27T01:56:53.797+0000] {dagbag.py:588} INFO - Filling up the DagBag from /home/airflow/.local/lib/python3.12/site-packages/airflow/example_dags/example_sensors.py
[2024-12-27T01:56:53.807+0000] {processor.py:925} INFO - DAG(s) 'example_sensors' retrieved from /home/airflow/.local/lib/python3.12/site-packages/airflow/example_dags/example_sensors.py
[2024-12-27T01:56:53.836+0000] {logging_mixin.py:190} INFO - [2024-12-27T01:56:53.836+0000] {dag.py:3239} INFO - Sync 1 DAGs
[2024-12-27T01:56:53.851+0000] {logging_mixin.py:190} INFO - [2024-12-27T01:56:53.850+0000] {dag.py:4180} INFO - Setting next_dagrun for example_sensors to None, run_after=None
[2024-12-27T01:56:53.874+0000] {processor.py:208} INFO - Processing /home/airflow/.local/lib/python3.12/site-packages/airflow/example_dags/example_sensors.py took 0.086 seconds
[2024-12-27T01:57:24.449+0000] {processor.py:186} INFO - Started process (PID=212) to work on /home/airflow/.local/lib/python3.12/site-packages/airflow/example_dags/example_sensors.py
[2024-12-27T01:57:24.451+0000] {processor.py:914} INFO - Processing file /home/airflow/.local/lib/python3.12/site-packages/airflow/example_dags/example_sensors.py for tasks to queue
[2024-12-27T01:57:24.454+0000] {logging_mixin.py:190} INFO - [2024-12-27T01:57:24.453+0000] {dagbag.py:588} INFO - Filling up the DagBag from /home/airflow/.local/lib/python3.12/site-packages/airflow/example_dags/example_sensors.py
[2024-12-27T01:57:24.464+0000] {processor.py:925} INFO - DAG(s) 'example_sensors' retrieved from /home/airflow/.local/lib/python3.12/site-packages/airflow/example_dags/example_sensors.py
[2024-12-27T01:57:24.489+0000] {logging_mixin.py:190} INFO - [2024-12-27T01:57:24.489+0000] {dag.py:3239} INFO - Sync 1 DAGs
[2024-12-27T01:57:24.503+0000] {logging_mixin.py:190} INFO - [2024-12-27T01:57:24.503+0000] {dag.py:4180} INFO - Setting next_dagrun for example_sensors to None, run_after=None
[2024-12-27T01:57:24.526+0000] {processor.py:208} INFO - Processing /home/airflow/.local/lib/python3.12/site-packages/airflow/example_dags/example_sensors.py took 0.081 seconds
[2024-12-27T01:57:54.810+0000] {processor.py:186} INFO - Started process (PID=275) to work on /home/airflow/.local/lib/python3.12/site-packages/airflow/example_dags/example_sensors.py
[2024-12-27T01:57:54.812+0000] {processor.py:914} INFO - Processing file /home/airflow/.local/lib/python3.12/site-packages/airflow/example_dags/example_sensors.py for tasks to queue
[2024-12-27T01:57:54.816+0000] {logging_mixin.py:190} INFO - [2024-12-27T01:57:54.815+0000] {dagbag.py:588} INFO - Filling up the DagBag from /home/airflow/.local/lib/python3.12/site-packages/airflow/example_dags/example_sensors.py
[2024-12-27T01:57:54.827+0000] {processor.py:925} INFO - DAG(s) 'example_sensors' retrieved from /home/airflow/.local/lib/python3.12/site-packages/airflow/example_dags/example_sensors.py
[2024-12-27T01:57:54.856+0000] {logging_mixin.py:190} INFO - [2024-12-27T01:57:54.856+0000] {dag.py:3239} INFO - Sync 1 DAGs
[2024-12-27T01:57:54.869+0000] {logging_mixin.py:190} INFO - [2024-12-27T01:57:54.869+0000] {dag.py:4180} INFO - Setting next_dagrun for example_sensors to None, run_after=None
[2024-12-27T01:57:54.894+0000] {processor.py:208} INFO - Processing /home/airflow/.local/lib/python3.12/site-packages/airflow/example_dags/example_sensors.py took 0.089 seconds
[2024-12-27T01:58:25.070+0000] {processor.py:186} INFO - Started process (PID=338) to work on /home/airflow/.local/lib/python3.12/site-packages/airflow/example_dags/example_sensors.py
[2024-12-27T01:58:25.071+0000] {processor.py:914} INFO - Processing file /home/airflow/.local/lib/python3.12/site-packages/airflow/example_dags/example_sensors.py for tasks to queue
[2024-12-27T01:58:25.074+0000] {logging_mixin.py:190} INFO - [2024-12-27T01:58:25.074+0000] {dagbag.py:588} INFO - Filling up the DagBag from /home/airflow/.local/lib/python3.12/site-packages/airflow/example_dags/example_sensors.py
[2024-12-27T01:58:25.085+0000] {processor.py:925} INFO - DAG(s) 'example_sensors' retrieved from /home/airflow/.local/lib/python3.12/site-packages/airflow/example_dags/example_sensors.py
[2024-12-27T01:58:25.115+0000] {logging_mixin.py:190} INFO - [2024-12-27T01:58:25.114+0000] {dag.py:3239} INFO - Sync 1 DAGs
[2024-12-27T01:58:25.131+0000] {logging_mixin.py:190} INFO - [2024-12-27T01:58:25.130+0000] {dag.py:4180} INFO - Setting next_dagrun for example_sensors to None, run_after=None
[2024-12-27T01:58:25.159+0000] {processor.py:208} INFO - Processing /home/airflow/.local/lib/python3.12/site-packages/airflow/example_dags/example_sensors.py took 0.093 seconds
[2024-12-27T01:58:55.565+0000] {processor.py:186} INFO - Started process (PID=401) to work on /home/airflow/.local/lib/python3.12/site-packages/airflow/example_dags/example_sensors.py
[2024-12-27T01:58:55.567+0000] {processor.py:914} INFO - Processing file /home/airflow/.local/lib/python3.12/site-packages/airflow/example_dags/example_sensors.py for tasks to queue
[2024-12-27T01:58:55.570+0000] {logging_mixin.py:190} INFO - [2024-12-27T01:58:55.569+0000] {dagbag.py:588} INFO - Filling up the DagBag from /home/airflow/.local/lib/python3.12/site-packages/airflow/example_dags/example_sensors.py
[2024-12-27T01:58:55.579+0000] {processor.py:925} INFO - DAG(s) 'example_sensors' retrieved from /home/airflow/.local/lib/python3.12/site-packages/airflow/example_dags/example_sensors.py
[2024-12-27T01:58:55.609+0000] {logging_mixin.py:190} INFO - [2024-12-27T01:58:55.609+0000] {dag.py:3239} INFO - Sync 1 DAGs
[2024-12-27T01:58:55.624+0000] {logging_mixin.py:190} INFO - [2024-12-27T01:58:55.623+0000] {dag.py:4180} INFO - Setting next_dagrun for example_sensors to None, run_after=None
[2024-12-27T01:58:55.649+0000] {processor.py:208} INFO - Processing /home/airflow/.local/lib/python3.12/site-packages/airflow/example_dags/example_sensors.py took 0.088 seconds
[2024-12-27T01:59:26.114+0000] {processor.py:186} INFO - Started process (PID=464) to work on /home/airflow/.local/lib/python3.12/site-packages/airflow/example_dags/example_sensors.py
[2024-12-27T01:59:26.115+0000] {processor.py:914} INFO - Processing file /home/airflow/.local/lib/python3.12/site-packages/airflow/example_dags/example_sensors.py for tasks to queue
[2024-12-27T01:59:26.118+0000] {logging_mixin.py:190} INFO - [2024-12-27T01:59:26.118+0000] {dagbag.py:588} INFO - Filling up the DagBag from /home/airflow/.local/lib/python3.12/site-packages/airflow/example_dags/example_sensors.py
[2024-12-27T01:59:26.129+0000] {processor.py:925} INFO - DAG(s) 'example_sensors' retrieved from /home/airflow/.local/lib/python3.12/site-packages/airflow/example_dags/example_sensors.py
[2024-12-27T01:59:26.157+0000] {logging_mixin.py:190} INFO - [2024-12-27T01:59:26.157+0000] {dag.py:3239} INFO - Sync 1 DAGs
[2024-12-27T01:59:26.171+0000] {logging_mixin.py:190} INFO - [2024-12-27T01:59:26.171+0000] {dag.py:4180} INFO - Setting next_dagrun for example_sensors to None, run_after=None
[2024-12-27T01:59:26.198+0000] {processor.py:208} INFO - Processing /home/airflow/.local/lib/python3.12/site-packages/airflow/example_dags/example_sensors.py took 0.089 seconds
[2024-12-27T01:59:56.687+0000] {processor.py:186} INFO - Started process (PID=527) to work on /home/airflow/.local/lib/python3.12/site-packages/airflow/example_dags/example_sensors.py
[2024-12-27T01:59:56.689+0000] {processor.py:914} INFO - Processing file /home/airflow/.local/lib/python3.12/site-packages/airflow/example_dags/example_sensors.py for tasks to queue
[2024-12-27T01:59:56.692+0000] {logging_mixin.py:190} INFO - [2024-12-27T01:59:56.692+0000] {dagbag.py:588} INFO - Filling up the DagBag from /home/airflow/.local/lib/python3.12/site-packages/airflow/example_dags/example_sensors.py
[2024-12-27T01:59:56.703+0000] {processor.py:925} INFO - DAG(s) 'example_sensors' retrieved from /home/airflow/.local/lib/python3.12/site-packages/airflow/example_dags/example_sensors.py
[2024-12-27T01:59:56.731+0000] {logging_mixin.py:190} INFO - [2024-12-27T01:59:56.731+0000] {dag.py:3239} INFO - Sync 1 DAGs
[2024-12-27T01:59:56.745+0000] {logging_mixin.py:190} INFO - [2024-12-27T01:59:56.745+0000] {dag.py:4180} INFO - Setting next_dagrun for example_sensors to None, run_after=None
[2024-12-27T01:59:56.772+0000] {processor.py:208} INFO - Processing /home/airflow/.local/lib/python3.12/site-packages/airflow/example_dags/example_sensors.py took 0.090 seconds
[2024-12-27T02:00:26.911+0000] {processor.py:186} INFO - Started process (PID=590) to work on /home/airflow/.local/lib/python3.12/site-packages/airflow/example_dags/example_sensors.py
[2024-12-27T02:00:26.913+0000] {processor.py:914} INFO - Processing file /home/airflow/.local/lib/python3.12/site-packages/airflow/example_dags/example_sensors.py for tasks to queue
[2024-12-27T02:00:26.917+0000] {logging_mixin.py:190} INFO - [2024-12-27T02:00:26.916+0000] {dagbag.py:588} INFO - Filling up the DagBag from /home/airflow/.local/lib/python3.12/site-packages/airflow/example_dags/example_sensors.py
[2024-12-27T02:00:26.927+0000] {processor.py:925} INFO - DAG(s) 'example_sensors' retrieved from /home/airflow/.local/lib/python3.12/site-packages/airflow/example_dags/example_sensors.py
[2024-12-27T02:00:26.958+0000] {logging_mixin.py:190} INFO - [2024-12-27T02:00:26.958+0000] {dag.py:3239} INFO - Sync 1 DAGs
[2024-12-27T02:00:26.972+0000] {logging_mixin.py:190} INFO - [2024-12-27T02:00:26.972+0000] {dag.py:4180} INFO - Setting next_dagrun for example_sensors to None, run_after=None
[2024-12-27T02:00:26.999+0000] {processor.py:208} INFO - Processing /home/airflow/.local/lib/python3.12/site-packages/airflow/example_dags/example_sensors.py took 0.092 seconds
[2024-12-27T02:00:57.775+0000] {processor.py:186} INFO - Started process (PID=653) to work on /home/airflow/.local/lib/python3.12/site-packages/airflow/example_dags/example_sensors.py
[2024-12-27T02:00:57.776+0000] {processor.py:914} INFO - Processing file /home/airflow/.local/lib/python3.12/site-packages/airflow/example_dags/example_sensors.py for tasks to queue
[2024-12-27T02:00:57.779+0000] {logging_mixin.py:190} INFO - [2024-12-27T02:00:57.779+0000] {dagbag.py:588} INFO - Filling up the DagBag from /home/airflow/.local/lib/python3.12/site-packages/airflow/example_dags/example_sensors.py
[2024-12-27T02:00:57.790+0000] {processor.py:925} INFO - DAG(s) 'example_sensors' retrieved from /home/airflow/.local/lib/python3.12/site-packages/airflow/example_dags/example_sensors.py
[2024-12-27T02:00:57.821+0000] {logging_mixin.py:190} INFO - [2024-12-27T02:00:57.820+0000] {dag.py:3239} INFO - Sync 1 DAGs
[2024-12-27T02:00:57.835+0000] {logging_mixin.py:190} INFO - [2024-12-27T02:00:57.835+0000] {dag.py:4180} INFO - Setting next_dagrun for example_sensors to None, run_after=None
[2024-12-27T02:00:57.862+0000] {processor.py:208} INFO - Processing /home/airflow/.local/lib/python3.12/site-packages/airflow/example_dags/example_sensors.py took 0.091 seconds
[2024-12-27T02:01:28.610+0000] {processor.py:186} INFO - Started process (PID=716) to work on /home/airflow/.local/lib/python3.12/site-packages/airflow/example_dags/example_sensors.py
[2024-12-27T02:01:28.611+0000] {processor.py:914} INFO - Processing file /home/airflow/.local/lib/python3.12/site-packages/airflow/example_dags/example_sensors.py for tasks to queue
[2024-12-27T02:01:28.615+0000] {logging_mixin.py:190} INFO - [2024-12-27T02:01:28.615+0000] {dagbag.py:588} INFO - Filling up the DagBag from /home/airflow/.local/lib/python3.12/site-packages/airflow/example_dags/example_sensors.py
[2024-12-27T02:01:28.626+0000] {processor.py:925} INFO - DAG(s) 'example_sensors' retrieved from /home/airflow/.local/lib/python3.12/site-packages/airflow/example_dags/example_sensors.py
[2024-12-27T02:01:28.656+0000] {logging_mixin.py:190} INFO - [2024-12-27T02:01:28.656+0000] {dag.py:3239} INFO - Sync 1 DAGs
[2024-12-27T02:01:28.673+0000] {logging_mixin.py:190} INFO - [2024-12-27T02:01:28.672+0000] {dag.py:4180} INFO - Setting next_dagrun for example_sensors to None, run_after=None
[2024-12-27T02:01:28.700+0000] {processor.py:208} INFO - Processing /home/airflow/.local/lib/python3.12/site-packages/airflow/example_dags/example_sensors.py took 0.095 seconds
[2024-12-27T02:01:59.403+0000] {processor.py:186} INFO - Started process (PID=779) to work on /home/airflow/.local/lib/python3.12/site-packages/airflow/example_dags/example_sensors.py
[2024-12-27T02:01:59.408+0000] {processor.py:914} INFO - Processing file /home/airflow/.local/lib/python3.12/site-packages/airflow/example_dags/example_sensors.py for tasks to queue
[2024-12-27T02:01:59.412+0000] {logging_mixin.py:190} INFO - [2024-12-27T02:01:59.412+0000] {dagbag.py:588} INFO - Filling up the DagBag from /home/airflow/.local/lib/python3.12/site-packages/airflow/example_dags/example_sensors.py
[2024-12-27T02:01:59.425+0000] {processor.py:925} INFO - DAG(s) 'example_sensors' retrieved from /home/airflow/.local/lib/python3.12/site-packages/airflow/example_dags/example_sensors.py
[2024-12-27T02:01:59.465+0000] {logging_mixin.py:190} INFO - [2024-12-27T02:01:59.465+0000] {dag.py:3239} INFO - Sync 1 DAGs
[2024-12-27T02:01:59.487+0000] {logging_mixin.py:190} INFO - [2024-12-27T02:01:59.487+0000] {dag.py:4180} INFO - Setting next_dagrun for example_sensors to None, run_after=None
[2024-12-27T02:01:59.530+0000] {processor.py:208} INFO - Processing /home/airflow/.local/lib/python3.12/site-packages/airflow/example_dags/example_sensors.py took 0.134 seconds
[2024-12-27T02:02:29.618+0000] {processor.py:186} INFO - Started process (PID=842) to work on /home/airflow/.local/lib/python3.12/site-packages/airflow/example_dags/example_sensors.py
[2024-12-27T02:02:29.619+0000] {processor.py:914} INFO - Processing file /home/airflow/.local/lib/python3.12/site-packages/airflow/example_dags/example_sensors.py for tasks to queue
[2024-12-27T02:02:29.623+0000] {logging_mixin.py:190} INFO - [2024-12-27T02:02:29.622+0000] {dagbag.py:588} INFO - Filling up the DagBag from /home/airflow/.local/lib/python3.12/site-packages/airflow/example_dags/example_sensors.py
[2024-12-27T02:02:29.632+0000] {processor.py:925} INFO - DAG(s) 'example_sensors' retrieved from /home/airflow/.local/lib/python3.12/site-packages/airflow/example_dags/example_sensors.py
[2024-12-27T02:02:29.663+0000] {logging_mixin.py:190} INFO - [2024-12-27T02:02:29.662+0000] {dag.py:3239} INFO - Sync 1 DAGs
[2024-12-27T02:02:29.678+0000] {logging_mixin.py:190} INFO - [2024-12-27T02:02:29.678+0000] {dag.py:4180} INFO - Setting next_dagrun for example_sensors to None, run_after=None
[2024-12-27T02:02:29.706+0000] {processor.py:208} INFO - Processing /home/airflow/.local/lib/python3.12/site-packages/airflow/example_dags/example_sensors.py took 0.093 seconds
[2024-12-27T02:03:00.348+0000] {processor.py:186} INFO - Started process (PID=905) to work on /home/airflow/.local/lib/python3.12/site-packages/airflow/example_dags/example_sensors.py
[2024-12-27T02:03:00.350+0000] {processor.py:914} INFO - Processing file /home/airflow/.local/lib/python3.12/site-packages/airflow/example_dags/example_sensors.py for tasks to queue
[2024-12-27T02:03:00.353+0000] {logging_mixin.py:190} INFO - [2024-12-27T02:03:00.353+0000] {dagbag.py:588} INFO - Filling up the DagBag from /home/airflow/.local/lib/python3.12/site-packages/airflow/example_dags/example_sensors.py
[2024-12-27T02:03:00.365+0000] {processor.py:925} INFO - DAG(s) 'example_sensors' retrieved from /home/airflow/.local/lib/python3.12/site-packages/airflow/example_dags/example_sensors.py
[2024-12-27T02:03:00.411+0000] {logging_mixin.py:190} INFO - [2024-12-27T02:03:00.411+0000] {dag.py:3239} INFO - Sync 1 DAGs
[2024-12-27T02:03:00.433+0000] {logging_mixin.py:190} INFO - [2024-12-27T02:03:00.433+0000] {dag.py:4180} INFO - Setting next_dagrun for example_sensors to None, run_after=None
[2024-12-27T02:03:00.467+0000] {processor.py:208} INFO - Processing /home/airflow/.local/lib/python3.12/site-packages/airflow/example_dags/example_sensors.py took 0.124 seconds
[2024-12-27T02:03:30.974+0000] {processor.py:186} INFO - Started process (PID=968) to work on /home/airflow/.local/lib/python3.12/site-packages/airflow/example_dags/example_sensors.py
[2024-12-27T02:03:30.975+0000] {processor.py:914} INFO - Processing file /home/airflow/.local/lib/python3.12/site-packages/airflow/example_dags/example_sensors.py for tasks to queue
[2024-12-27T02:03:30.978+0000] {logging_mixin.py:190} INFO - [2024-12-27T02:03:30.978+0000] {dagbag.py:588} INFO - Filling up the DagBag from /home/airflow/.local/lib/python3.12/site-packages/airflow/example_dags/example_sensors.py
[2024-12-27T02:03:30.990+0000] {processor.py:925} INFO - DAG(s) 'example_sensors' retrieved from /home/airflow/.local/lib/python3.12/site-packages/airflow/example_dags/example_sensors.py
[2024-12-27T02:03:31.022+0000] {logging_mixin.py:190} INFO - [2024-12-27T02:03:31.022+0000] {dag.py:3239} INFO - Sync 1 DAGs
[2024-12-27T02:03:31.037+0000] {logging_mixin.py:190} INFO - [2024-12-27T02:03:31.037+0000] {dag.py:4180} INFO - Setting next_dagrun for example_sensors to None, run_after=None
[2024-12-27T02:03:31.083+0000] {processor.py:208} INFO - Processing /home/airflow/.local/lib/python3.12/site-packages/airflow/example_dags/example_sensors.py took 0.114 seconds
[2024-12-27T02:04:01.506+0000] {processor.py:186} INFO - Started process (PID=1031) to work on /home/airflow/.local/lib/python3.12/site-packages/airflow/example_dags/example_sensors.py
[2024-12-27T02:04:01.508+0000] {processor.py:914} INFO - Processing file /home/airflow/.local/lib/python3.12/site-packages/airflow/example_dags/example_sensors.py for tasks to queue
[2024-12-27T02:04:01.510+0000] {logging_mixin.py:190} INFO - [2024-12-27T02:04:01.510+0000] {dagbag.py:588} INFO - Filling up the DagBag from /home/airflow/.local/lib/python3.12/site-packages/airflow/example_dags/example_sensors.py
[2024-12-27T02:04:01.521+0000] {processor.py:925} INFO - DAG(s) 'example_sensors' retrieved from /home/airflow/.local/lib/python3.12/site-packages/airflow/example_dags/example_sensors.py
[2024-12-27T02:04:01.551+0000] {logging_mixin.py:190} INFO - [2024-12-27T02:04:01.551+0000] {dag.py:3239} INFO - Sync 1 DAGs
[2024-12-27T02:04:01.566+0000] {logging_mixin.py:190} INFO - [2024-12-27T02:04:01.565+0000] {dag.py:4180} INFO - Setting next_dagrun for example_sensors to None, run_after=None
[2024-12-27T02:04:01.597+0000] {processor.py:208} INFO - Processing /home/airflow/.local/lib/python3.12/site-packages/airflow/example_dags/example_sensors.py took 0.096 seconds
[2024-12-27T02:04:31.684+0000] {processor.py:186} INFO - Started process (PID=1094) to work on /home/airflow/.local/lib/python3.12/site-packages/airflow/example_dags/example_sensors.py
[2024-12-27T02:04:31.685+0000] {processor.py:914} INFO - Processing file /home/airflow/.local/lib/python3.12/site-packages/airflow/example_dags/example_sensors.py for tasks to queue
[2024-12-27T02:04:31.688+0000] {logging_mixin.py:190} INFO - [2024-12-27T02:04:31.688+0000] {dagbag.py:588} INFO - Filling up the DagBag from /home/airflow/.local/lib/python3.12/site-packages/airflow/example_dags/example_sensors.py
[2024-12-27T02:04:31.699+0000] {processor.py:925} INFO - DAG(s) 'example_sensors' retrieved from /home/airflow/.local/lib/python3.12/site-packages/airflow/example_dags/example_sensors.py
[2024-12-27T02:04:31.731+0000] {logging_mixin.py:190} INFO - [2024-12-27T02:04:31.730+0000] {dag.py:3239} INFO - Sync 1 DAGs
[2024-12-27T02:04:31.747+0000] {logging_mixin.py:190} INFO - [2024-12-27T02:04:31.747+0000] {dag.py:4180} INFO - Setting next_dagrun for example_sensors to None, run_after=None
[2024-12-27T02:04:31.775+0000] {processor.py:208} INFO - Processing /home/airflow/.local/lib/python3.12/site-packages/airflow/example_dags/example_sensors.py took 0.097 seconds
[2024-12-27T02:05:02.353+0000] {processor.py:186} INFO - Started process (PID=1157) to work on /home/airflow/.local/lib/python3.12/site-packages/airflow/example_dags/example_sensors.py
[2024-12-27T02:05:02.355+0000] {processor.py:914} INFO - Processing file /home/airflow/.local/lib/python3.12/site-packages/airflow/example_dags/example_sensors.py for tasks to queue
[2024-12-27T02:05:02.358+0000] {logging_mixin.py:190} INFO - [2024-12-27T02:05:02.357+0000] {dagbag.py:588} INFO - Filling up the DagBag from /home/airflow/.local/lib/python3.12/site-packages/airflow/example_dags/example_sensors.py
[2024-12-27T02:05:02.367+0000] {processor.py:925} INFO - DAG(s) 'example_sensors' retrieved from /home/airflow/.local/lib/python3.12/site-packages/airflow/example_dags/example_sensors.py
[2024-12-27T02:05:02.397+0000] {logging_mixin.py:190} INFO - [2024-12-27T02:05:02.396+0000] {dag.py:3239} INFO - Sync 1 DAGs
[2024-12-27T02:05:02.411+0000] {logging_mixin.py:190} INFO - [2024-12-27T02:05:02.411+0000] {dag.py:4180} INFO - Setting next_dagrun for example_sensors to None, run_after=None
[2024-12-27T02:05:02.440+0000] {processor.py:208} INFO - Processing /home/airflow/.local/lib/python3.12/site-packages/airflow/example_dags/example_sensors.py took 0.091 seconds
[2024-12-27T02:05:32.623+0000] {processor.py:186} INFO - Started process (PID=1220) to work on /home/airflow/.local/lib/python3.12/site-packages/airflow/example_dags/example_sensors.py
[2024-12-27T02:05:32.624+0000] {processor.py:914} INFO - Processing file /home/airflow/.local/lib/python3.12/site-packages/airflow/example_dags/example_sensors.py for tasks to queue
[2024-12-27T02:05:32.628+0000] {logging_mixin.py:190} INFO - [2024-12-27T02:05:32.627+0000] {dagbag.py:588} INFO - Filling up the DagBag from /home/airflow/.local/lib/python3.12/site-packages/airflow/example_dags/example_sensors.py
[2024-12-27T02:05:32.642+0000] {processor.py:925} INFO - DAG(s) 'example_sensors' retrieved from /home/airflow/.local/lib/python3.12/site-packages/airflow/example_dags/example_sensors.py
[2024-12-27T02:05:32.678+0000] {logging_mixin.py:190} INFO - [2024-12-27T02:05:32.678+0000] {dag.py:3239} INFO - Sync 1 DAGs
[2024-12-27T02:05:32.695+0000] {logging_mixin.py:190} INFO - [2024-12-27T02:05:32.695+0000] {dag.py:4180} INFO - Setting next_dagrun for example_sensors to None, run_after=None
[2024-12-27T02:05:32.724+0000] {processor.py:208} INFO - Processing /home/airflow/.local/lib/python3.12/site-packages/airflow/example_dags/example_sensors.py took 0.110 seconds
[2024-12-27T02:06:02.879+0000] {processor.py:186} INFO - Started process (PID=1283) to work on /home/airflow/.local/lib/python3.12/site-packages/airflow/example_dags/example_sensors.py
[2024-12-27T02:06:02.880+0000] {processor.py:914} INFO - Processing file /home/airflow/.local/lib/python3.12/site-packages/airflow/example_dags/example_sensors.py for tasks to queue
[2024-12-27T02:06:02.883+0000] {logging_mixin.py:190} INFO - [2024-12-27T02:06:02.883+0000] {dagbag.py:588} INFO - Filling up the DagBag from /home/airflow/.local/lib/python3.12/site-packages/airflow/example_dags/example_sensors.py
[2024-12-27T02:06:02.895+0000] {processor.py:925} INFO - DAG(s) 'example_sensors' retrieved from /home/airflow/.local/lib/python3.12/site-packages/airflow/example_dags/example_sensors.py
[2024-12-27T02:06:02.927+0000] {logging_mixin.py:190} INFO - [2024-12-27T02:06:02.927+0000] {dag.py:3239} INFO - Sync 1 DAGs
[2024-12-27T02:06:02.942+0000] {logging_mixin.py:190} INFO - [2024-12-27T02:06:02.942+0000] {dag.py:4180} INFO - Setting next_dagrun for example_sensors to None, run_after=None
[2024-12-27T02:06:02.971+0000] {processor.py:208} INFO - Processing /home/airflow/.local/lib/python3.12/site-packages/airflow/example_dags/example_sensors.py took 0.097 seconds
[2024-12-27T02:06:33.104+0000] {processor.py:186} INFO - Started process (PID=1346) to work on /home/airflow/.local/lib/python3.12/site-packages/airflow/example_dags/example_sensors.py
[2024-12-27T02:06:33.105+0000] {processor.py:914} INFO - Processing file /home/airflow/.local/lib/python3.12/site-packages/airflow/example_dags/example_sensors.py for tasks to queue
[2024-12-27T02:06:33.108+0000] {logging_mixin.py:190} INFO - [2024-12-27T02:06:33.108+0000] {dagbag.py:588} INFO - Filling up the DagBag from /home/airflow/.local/lib/python3.12/site-packages/airflow/example_dags/example_sensors.py
[2024-12-27T02:06:33.123+0000] {processor.py:925} INFO - DAG(s) 'example_sensors' retrieved from /home/airflow/.local/lib/python3.12/site-packages/airflow/example_dags/example_sensors.py
[2024-12-27T02:06:33.155+0000] {logging_mixin.py:190} INFO - [2024-12-27T02:06:33.154+0000] {dag.py:3239} INFO - Sync 1 DAGs
[2024-12-27T02:06:33.172+0000] {logging_mixin.py:190} INFO - [2024-12-27T02:06:33.172+0000] {dag.py:4180} INFO - Setting next_dagrun for example_sensors to None, run_after=None
[2024-12-27T02:06:33.207+0000] {processor.py:208} INFO - Processing /home/airflow/.local/lib/python3.12/site-packages/airflow/example_dags/example_sensors.py took 0.109 seconds
[2024-12-27T02:07:03.284+0000] {processor.py:186} INFO - Started process (PID=1409) to work on /home/airflow/.local/lib/python3.12/site-packages/airflow/example_dags/example_sensors.py
[2024-12-27T02:07:03.286+0000] {processor.py:914} INFO - Processing file /home/airflow/.local/lib/python3.12/site-packages/airflow/example_dags/example_sensors.py for tasks to queue
[2024-12-27T02:07:03.289+0000] {logging_mixin.py:190} INFO - [2024-12-27T02:07:03.288+0000] {dagbag.py:588} INFO - Filling up the DagBag from /home/airflow/.local/lib/python3.12/site-packages/airflow/example_dags/example_sensors.py
[2024-12-27T02:07:03.302+0000] {processor.py:925} INFO - DAG(s) 'example_sensors' retrieved from /home/airflow/.local/lib/python3.12/site-packages/airflow/example_dags/example_sensors.py
[2024-12-27T02:07:03.332+0000] {logging_mixin.py:190} INFO - [2024-12-27T02:07:03.332+0000] {dag.py:3239} INFO - Sync 1 DAGs
[2024-12-27T02:07:03.346+0000] {logging_mixin.py:190} INFO - [2024-12-27T02:07:03.346+0000] {dag.py:4180} INFO - Setting next_dagrun for example_sensors to None, run_after=None
[2024-12-27T02:07:03.373+0000] {processor.py:208} INFO - Processing /home/airflow/.local/lib/python3.12/site-packages/airflow/example_dags/example_sensors.py took 0.094 seconds
[2024-12-27T02:07:34.884+0000] {processor.py:186} INFO - Started process (PID=1472) to work on /home/airflow/.local/lib/python3.12/site-packages/airflow/example_dags/example_sensors.py
[2024-12-27T02:07:34.886+0000] {processor.py:914} INFO - Processing file /home/airflow/.local/lib/python3.12/site-packages/airflow/example_dags/example_sensors.py for tasks to queue
[2024-12-27T02:07:34.889+0000] {logging_mixin.py:190} INFO - [2024-12-27T02:07:34.889+0000] {dagbag.py:588} INFO - Filling up the DagBag from /home/airflow/.local/lib/python3.12/site-packages/airflow/example_dags/example_sensors.py
[2024-12-27T02:07:34.906+0000] {processor.py:925} INFO - DAG(s) 'example_sensors' retrieved from /home/airflow/.local/lib/python3.12/site-packages/airflow/example_dags/example_sensors.py
[2024-12-27T02:07:34.954+0000] {logging_mixin.py:190} INFO - [2024-12-27T02:07:34.954+0000] {dag.py:3239} INFO - Sync 1 DAGs
[2024-12-27T02:07:34.978+0000] {logging_mixin.py:190} INFO - [2024-12-27T02:07:34.978+0000] {dag.py:4180} INFO - Setting next_dagrun for example_sensors to None, run_after=None
[2024-12-27T02:07:35.013+0000] {processor.py:208} INFO - Processing /home/airflow/.local/lib/python3.12/site-packages/airflow/example_dags/example_sensors.py took 0.136 seconds
[2024-12-27T02:08:05.117+0000] {processor.py:186} INFO - Started process (PID=1534) to work on /home/airflow/.local/lib/python3.12/site-packages/airflow/example_dags/example_sensors.py
[2024-12-27T02:08:05.119+0000] {processor.py:914} INFO - Processing file /home/airflow/.local/lib/python3.12/site-packages/airflow/example_dags/example_sensors.py for tasks to queue
[2024-12-27T02:08:05.125+0000] {logging_mixin.py:190} INFO - [2024-12-27T02:08:05.124+0000] {dagbag.py:588} INFO - Filling up the DagBag from /home/airflow/.local/lib/python3.12/site-packages/airflow/example_dags/example_sensors.py
[2024-12-27T02:08:05.141+0000] {processor.py:925} INFO - DAG(s) 'example_sensors' retrieved from /home/airflow/.local/lib/python3.12/site-packages/airflow/example_dags/example_sensors.py
[2024-12-27T02:08:05.194+0000] {logging_mixin.py:190} INFO - [2024-12-27T02:08:05.194+0000] {dag.py:3239} INFO - Sync 1 DAGs
[2024-12-27T02:08:05.226+0000] {logging_mixin.py:190} INFO - [2024-12-27T02:08:05.226+0000] {dag.py:4180} INFO - Setting next_dagrun for example_sensors to None, run_after=None
[2024-12-27T02:08:05.282+0000] {processor.py:208} INFO - Processing /home/airflow/.local/lib/python3.12/site-packages/airflow/example_dags/example_sensors.py took 0.171 seconds
[2024-12-27T02:08:35.413+0000] {processor.py:186} INFO - Started process (PID=1596) to work on /home/airflow/.local/lib/python3.12/site-packages/airflow/example_dags/example_sensors.py
[2024-12-27T02:08:35.414+0000] {processor.py:914} INFO - Processing file /home/airflow/.local/lib/python3.12/site-packages/airflow/example_dags/example_sensors.py for tasks to queue
[2024-12-27T02:08:35.418+0000] {logging_mixin.py:190} INFO - [2024-12-27T02:08:35.417+0000] {dagbag.py:588} INFO - Filling up the DagBag from /home/airflow/.local/lib/python3.12/site-packages/airflow/example_dags/example_sensors.py
[2024-12-27T02:08:35.432+0000] {processor.py:925} INFO - DAG(s) 'example_sensors' retrieved from /home/airflow/.local/lib/python3.12/site-packages/airflow/example_dags/example_sensors.py
[2024-12-27T02:08:35.469+0000] {logging_mixin.py:190} INFO - [2024-12-27T02:08:35.468+0000] {dag.py:3239} INFO - Sync 1 DAGs
[2024-12-27T02:08:35.492+0000] {logging_mixin.py:190} INFO - [2024-12-27T02:08:35.492+0000] {dag.py:4180} INFO - Setting next_dagrun for example_sensors to None, run_after=None
[2024-12-27T02:08:35.532+0000] {processor.py:208} INFO - Processing /home/airflow/.local/lib/python3.12/site-packages/airflow/example_dags/example_sensors.py took 0.124 seconds
[2024-12-27T02:09:06.182+0000] {processor.py:186} INFO - Started process (PID=1659) to work on /home/airflow/.local/lib/python3.12/site-packages/airflow/example_dags/example_sensors.py
[2024-12-27T02:09:06.184+0000] {processor.py:914} INFO - Processing file /home/airflow/.local/lib/python3.12/site-packages/airflow/example_dags/example_sensors.py for tasks to queue
[2024-12-27T02:09:06.187+0000] {logging_mixin.py:190} INFO - [2024-12-27T02:09:06.187+0000] {dagbag.py:588} INFO - Filling up the DagBag from /home/airflow/.local/lib/python3.12/site-packages/airflow/example_dags/example_sensors.py
[2024-12-27T02:09:06.208+0000] {processor.py:925} INFO - DAG(s) 'example_sensors' retrieved from /home/airflow/.local/lib/python3.12/site-packages/airflow/example_dags/example_sensors.py
[2024-12-27T02:09:06.283+0000] {logging_mixin.py:190} INFO - [2024-12-27T02:09:06.283+0000] {dag.py:3239} INFO - Sync 1 DAGs
[2024-12-27T02:09:06.309+0000] {logging_mixin.py:190} INFO - [2024-12-27T02:09:06.308+0000] {dag.py:4180} INFO - Setting next_dagrun for example_sensors to None, run_after=None
[2024-12-27T02:09:06.345+0000] {processor.py:208} INFO - Processing /home/airflow/.local/lib/python3.12/site-packages/airflow/example_dags/example_sensors.py took 0.171 seconds
[2024-12-27T02:09:36.713+0000] {processor.py:186} INFO - Started process (PID=1722) to work on /home/airflow/.local/lib/python3.12/site-packages/airflow/example_dags/example_sensors.py
[2024-12-27T02:09:36.714+0000] {processor.py:914} INFO - Processing file /home/airflow/.local/lib/python3.12/site-packages/airflow/example_dags/example_sensors.py for tasks to queue
[2024-12-27T02:09:36.717+0000] {logging_mixin.py:190} INFO - [2024-12-27T02:09:36.717+0000] {dagbag.py:588} INFO - Filling up the DagBag from /home/airflow/.local/lib/python3.12/site-packages/airflow/example_dags/example_sensors.py
[2024-12-27T02:09:36.729+0000] {processor.py:925} INFO - DAG(s) 'example_sensors' retrieved from /home/airflow/.local/lib/python3.12/site-packages/airflow/example_dags/example_sensors.py
[2024-12-27T02:09:36.760+0000] {logging_mixin.py:190} INFO - [2024-12-27T02:09:36.760+0000] {dag.py:3239} INFO - Sync 1 DAGs
[2024-12-27T02:09:36.776+0000] {logging_mixin.py:190} INFO - [2024-12-27T02:09:36.775+0000] {dag.py:4180} INFO - Setting next_dagrun for example_sensors to None, run_after=None
[2024-12-27T02:09:36.817+0000] {processor.py:208} INFO - Processing /home/airflow/.local/lib/python3.12/site-packages/airflow/example_dags/example_sensors.py took 0.110 seconds
[2024-12-27T02:10:07.125+0000] {processor.py:186} INFO - Started process (PID=1785) to work on /home/airflow/.local/lib/python3.12/site-packages/airflow/example_dags/example_sensors.py
[2024-12-27T02:10:07.126+0000] {processor.py:914} INFO - Processing file /home/airflow/.local/lib/python3.12/site-packages/airflow/example_dags/example_sensors.py for tasks to queue
[2024-12-27T02:10:07.128+0000] {logging_mixin.py:190} INFO - [2024-12-27T02:10:07.127+0000] {dagbag.py:588} INFO - Filling up the DagBag from /home/airflow/.local/lib/python3.12/site-packages/airflow/example_dags/example_sensors.py
[2024-12-27T02:10:07.143+0000] {processor.py:925} INFO - DAG(s) 'example_sensors' retrieved from /home/airflow/.local/lib/python3.12/site-packages/airflow/example_dags/example_sensors.py
[2024-12-27T02:10:07.177+0000] {logging_mixin.py:190} INFO - [2024-12-27T02:10:07.177+0000] {dag.py:3239} INFO - Sync 1 DAGs
[2024-12-27T02:10:07.196+0000] {logging_mixin.py:190} INFO - [2024-12-27T02:10:07.196+0000] {dag.py:4180} INFO - Setting next_dagrun for example_sensors to None, run_after=None
[2024-12-27T02:10:07.224+0000] {processor.py:208} INFO - Processing /home/airflow/.local/lib/python3.12/site-packages/airflow/example_dags/example_sensors.py took 0.106 seconds
[2024-12-27T02:10:37.923+0000] {processor.py:186} INFO - Started process (PID=1848) to work on /home/airflow/.local/lib/python3.12/site-packages/airflow/example_dags/example_sensors.py
[2024-12-27T02:10:37.926+0000] {processor.py:914} INFO - Processing file /home/airflow/.local/lib/python3.12/site-packages/airflow/example_dags/example_sensors.py for tasks to queue
[2024-12-27T02:10:37.929+0000] {logging_mixin.py:190} INFO - [2024-12-27T02:10:37.929+0000] {dagbag.py:588} INFO - Filling up the DagBag from /home/airflow/.local/lib/python3.12/site-packages/airflow/example_dags/example_sensors.py
[2024-12-27T02:10:37.947+0000] {processor.py:925} INFO - DAG(s) 'example_sensors' retrieved from /home/airflow/.local/lib/python3.12/site-packages/airflow/example_dags/example_sensors.py
[2024-12-27T02:10:37.994+0000] {logging_mixin.py:190} INFO - [2024-12-27T02:10:37.994+0000] {dag.py:3239} INFO - Sync 1 DAGs
[2024-12-27T02:10:38.013+0000] {logging_mixin.py:190} INFO - [2024-12-27T02:10:38.013+0000] {dag.py:4180} INFO - Setting next_dagrun for example_sensors to None, run_after=None
[2024-12-27T02:10:38.045+0000] {processor.py:208} INFO - Processing /home/airflow/.local/lib/python3.12/site-packages/airflow/example_dags/example_sensors.py took 0.131 seconds
[2024-12-27T02:11:08.836+0000] {processor.py:186} INFO - Started process (PID=1911) to work on /home/airflow/.local/lib/python3.12/site-packages/airflow/example_dags/example_sensors.py
[2024-12-27T02:11:08.838+0000] {processor.py:914} INFO - Processing file /home/airflow/.local/lib/python3.12/site-packages/airflow/example_dags/example_sensors.py for tasks to queue
[2024-12-27T02:11:08.841+0000] {logging_mixin.py:190} INFO - [2024-12-27T02:11:08.840+0000] {dagbag.py:588} INFO - Filling up the DagBag from /home/airflow/.local/lib/python3.12/site-packages/airflow/example_dags/example_sensors.py
[2024-12-27T02:11:08.858+0000] {processor.py:925} INFO - DAG(s) 'example_sensors' retrieved from /home/airflow/.local/lib/python3.12/site-packages/airflow/example_dags/example_sensors.py
[2024-12-27T02:11:08.897+0000] {logging_mixin.py:190} INFO - [2024-12-27T02:11:08.896+0000] {dag.py:3239} INFO - Sync 1 DAGs
[2024-12-27T02:11:08.918+0000] {logging_mixin.py:190} INFO - [2024-12-27T02:11:08.918+0000] {dag.py:4180} INFO - Setting next_dagrun for example_sensors to None, run_after=None
[2024-12-27T02:11:08.950+0000] {processor.py:208} INFO - Processing /home/airflow/.local/lib/python3.12/site-packages/airflow/example_dags/example_sensors.py took 0.120 seconds
[2024-12-27T02:11:39.150+0000] {processor.py:186} INFO - Started process (PID=1974) to work on /home/airflow/.local/lib/python3.12/site-packages/airflow/example_dags/example_sensors.py
[2024-12-27T02:11:39.151+0000] {processor.py:914} INFO - Processing file /home/airflow/.local/lib/python3.12/site-packages/airflow/example_dags/example_sensors.py for tasks to queue
[2024-12-27T02:11:39.155+0000] {logging_mixin.py:190} INFO - [2024-12-27T02:11:39.154+0000] {dagbag.py:588} INFO - Filling up the DagBag from /home/airflow/.local/lib/python3.12/site-packages/airflow/example_dags/example_sensors.py
[2024-12-27T02:11:39.169+0000] {processor.py:925} INFO - DAG(s) 'example_sensors' retrieved from /home/airflow/.local/lib/python3.12/site-packages/airflow/example_dags/example_sensors.py
[2024-12-27T02:11:39.203+0000] {logging_mixin.py:190} INFO - [2024-12-27T02:11:39.203+0000] {dag.py:3239} INFO - Sync 1 DAGs
[2024-12-27T02:11:39.227+0000] {logging_mixin.py:190} INFO - [2024-12-27T02:11:39.226+0000] {dag.py:4180} INFO - Setting next_dagrun for example_sensors to None, run_after=None
[2024-12-27T02:11:39.261+0000] {processor.py:208} INFO - Processing /home/airflow/.local/lib/python3.12/site-packages/airflow/example_dags/example_sensors.py took 0.117 seconds
[2024-12-27T02:12:09.791+0000] {processor.py:186} INFO - Started process (PID=2037) to work on /home/airflow/.local/lib/python3.12/site-packages/airflow/example_dags/example_sensors.py
[2024-12-27T02:12:09.793+0000] {processor.py:914} INFO - Processing file /home/airflow/.local/lib/python3.12/site-packages/airflow/example_dags/example_sensors.py for tasks to queue
[2024-12-27T02:12:09.796+0000] {logging_mixin.py:190} INFO - [2024-12-27T02:12:09.796+0000] {dagbag.py:588} INFO - Filling up the DagBag from /home/airflow/.local/lib/python3.12/site-packages/airflow/example_dags/example_sensors.py
[2024-12-27T02:12:09.810+0000] {processor.py:925} INFO - DAG(s) 'example_sensors' retrieved from /home/airflow/.local/lib/python3.12/site-packages/airflow/example_dags/example_sensors.py
[2024-12-27T02:12:09.849+0000] {logging_mixin.py:190} INFO - [2024-12-27T02:12:09.848+0000] {dag.py:3239} INFO - Sync 1 DAGs
[2024-12-27T02:12:09.867+0000] {logging_mixin.py:190} INFO - [2024-12-27T02:12:09.867+0000] {dag.py:4180} INFO - Setting next_dagrun for example_sensors to None, run_after=None
[2024-12-27T02:12:09.902+0000] {processor.py:208} INFO - Processing /home/airflow/.local/lib/python3.12/site-packages/airflow/example_dags/example_sensors.py took 0.117 seconds
[2024-12-27T02:12:40.080+0000] {processor.py:186} INFO - Started process (PID=2099) to work on /home/airflow/.local/lib/python3.12/site-packages/airflow/example_dags/example_sensors.py
[2024-12-27T02:12:40.081+0000] {processor.py:914} INFO - Processing file /home/airflow/.local/lib/python3.12/site-packages/airflow/example_dags/example_sensors.py for tasks to queue
[2024-12-27T02:12:40.084+0000] {logging_mixin.py:190} INFO - [2024-12-27T02:12:40.084+0000] {dagbag.py:588} INFO - Filling up the DagBag from /home/airflow/.local/lib/python3.12/site-packages/airflow/example_dags/example_sensors.py
[2024-12-27T02:12:40.096+0000] {processor.py:925} INFO - DAG(s) 'example_sensors' retrieved from /home/airflow/.local/lib/python3.12/site-packages/airflow/example_dags/example_sensors.py
[2024-12-27T02:12:40.128+0000] {logging_mixin.py:190} INFO - [2024-12-27T02:12:40.128+0000] {dag.py:3239} INFO - Sync 1 DAGs
[2024-12-27T02:12:40.144+0000] {logging_mixin.py:190} INFO - [2024-12-27T02:12:40.144+0000] {dag.py:4180} INFO - Setting next_dagrun for example_sensors to None, run_after=None
[2024-12-27T02:12:40.170+0000] {processor.py:208} INFO - Processing /home/airflow/.local/lib/python3.12/site-packages/airflow/example_dags/example_sensors.py took 0.096 seconds
[2024-12-27T02:13:10.381+0000] {processor.py:186} INFO - Started process (PID=2160) to work on /home/airflow/.local/lib/python3.12/site-packages/airflow/example_dags/example_sensors.py
[2024-12-27T02:13:10.382+0000] {processor.py:914} INFO - Processing file /home/airflow/.local/lib/python3.12/site-packages/airflow/example_dags/example_sensors.py for tasks to queue
[2024-12-27T02:13:10.385+0000] {logging_mixin.py:190} INFO - [2024-12-27T02:13:10.385+0000] {dagbag.py:588} INFO - Filling up the DagBag from /home/airflow/.local/lib/python3.12/site-packages/airflow/example_dags/example_sensors.py
[2024-12-27T02:13:10.397+0000] {processor.py:925} INFO - DAG(s) 'example_sensors' retrieved from /home/airflow/.local/lib/python3.12/site-packages/airflow/example_dags/example_sensors.py
[2024-12-27T02:13:10.426+0000] {logging_mixin.py:190} INFO - [2024-12-27T02:13:10.426+0000] {dag.py:3239} INFO - Sync 1 DAGs
[2024-12-27T02:13:10.665+0000] {logging_mixin.py:190} INFO - [2024-12-27T02:13:10.665+0000] {dag.py:4180} INFO - Setting next_dagrun for example_sensors to None, run_after=None
[2024-12-27T02:13:10.694+0000] {processor.py:208} INFO - Processing /home/airflow/.local/lib/python3.12/site-packages/airflow/example_dags/example_sensors.py took 0.319 seconds
[2024-12-27T02:13:40.784+0000] {processor.py:186} INFO - Started process (PID=2223) to work on /home/airflow/.local/lib/python3.12/site-packages/airflow/example_dags/example_sensors.py
[2024-12-27T02:13:40.785+0000] {processor.py:914} INFO - Processing file /home/airflow/.local/lib/python3.12/site-packages/airflow/example_dags/example_sensors.py for tasks to queue
[2024-12-27T02:13:40.788+0000] {logging_mixin.py:190} INFO - [2024-12-27T02:13:40.788+0000] {dagbag.py:588} INFO - Filling up the DagBag from /home/airflow/.local/lib/python3.12/site-packages/airflow/example_dags/example_sensors.py
[2024-12-27T02:13:40.800+0000] {processor.py:925} INFO - DAG(s) 'example_sensors' retrieved from /home/airflow/.local/lib/python3.12/site-packages/airflow/example_dags/example_sensors.py
[2024-12-27T02:13:40.831+0000] {logging_mixin.py:190} INFO - [2024-12-27T02:13:40.830+0000] {dag.py:3239} INFO - Sync 1 DAGs
[2024-12-27T02:13:40.847+0000] {logging_mixin.py:190} INFO - [2024-12-27T02:13:40.847+0000] {dag.py:4180} INFO - Setting next_dagrun for example_sensors to None, run_after=None
[2024-12-27T02:13:41.054+0000] {processor.py:208} INFO - Processing /home/airflow/.local/lib/python3.12/site-packages/airflow/example_dags/example_sensors.py took 0.275 seconds
[2024-12-27T02:14:11.830+0000] {processor.py:186} INFO - Started process (PID=2283) to work on /home/airflow/.local/lib/python3.12/site-packages/airflow/example_dags/example_sensors.py
[2024-12-27T02:14:11.906+0000] {processor.py:914} INFO - Processing file /home/airflow/.local/lib/python3.12/site-packages/airflow/example_dags/example_sensors.py for tasks to queue
[2024-12-27T02:14:11.908+0000] {logging_mixin.py:190} INFO - [2024-12-27T02:14:11.908+0000] {dagbag.py:588} INFO - Filling up the DagBag from /home/airflow/.local/lib/python3.12/site-packages/airflow/example_dags/example_sensors.py
[2024-12-27T02:14:11.919+0000] {processor.py:925} INFO - DAG(s) 'example_sensors' retrieved from /home/airflow/.local/lib/python3.12/site-packages/airflow/example_dags/example_sensors.py
[2024-12-27T02:14:11.949+0000] {logging_mixin.py:190} INFO - [2024-12-27T02:14:11.949+0000] {dag.py:3239} INFO - Sync 1 DAGs
[2024-12-27T02:14:11.967+0000] {logging_mixin.py:190} INFO - [2024-12-27T02:14:11.967+0000] {dag.py:4180} INFO - Setting next_dagrun for example_sensors to None, run_after=None
[2024-12-27T02:14:12.200+0000] {processor.py:208} INFO - Processing /home/airflow/.local/lib/python3.12/site-packages/airflow/example_dags/example_sensors.py took 0.376 seconds
[2024-12-27T02:14:42.657+0000] {processor.py:186} INFO - Started process (PID=2346) to work on /home/airflow/.local/lib/python3.12/site-packages/airflow/example_dags/example_sensors.py
[2024-12-27T02:14:42.660+0000] {processor.py:914} INFO - Processing file /home/airflow/.local/lib/python3.12/site-packages/airflow/example_dags/example_sensors.py for tasks to queue
[2024-12-27T02:14:42.663+0000] {logging_mixin.py:190} INFO - [2024-12-27T02:14:42.662+0000] {dagbag.py:588} INFO - Filling up the DagBag from /home/airflow/.local/lib/python3.12/site-packages/airflow/example_dags/example_sensors.py
[2024-12-27T02:14:42.676+0000] {processor.py:925} INFO - DAG(s) 'example_sensors' retrieved from /home/airflow/.local/lib/python3.12/site-packages/airflow/example_dags/example_sensors.py
[2024-12-27T02:14:42.710+0000] {logging_mixin.py:190} INFO - [2024-12-27T02:14:42.709+0000] {dag.py:3239} INFO - Sync 1 DAGs
[2024-12-27T02:14:42.726+0000] {logging_mixin.py:190} INFO - [2024-12-27T02:14:42.726+0000] {dag.py:4180} INFO - Setting next_dagrun for example_sensors to None, run_after=None
[2024-12-27T02:14:42.760+0000] {processor.py:208} INFO - Processing /home/airflow/.local/lib/python3.12/site-packages/airflow/example_dags/example_sensors.py took 0.109 seconds
[2024-12-27T02:15:12.895+0000] {processor.py:186} INFO - Started process (PID=2408) to work on /home/airflow/.local/lib/python3.12/site-packages/airflow/example_dags/example_sensors.py
[2024-12-27T02:15:12.900+0000] {processor.py:914} INFO - Processing file /home/airflow/.local/lib/python3.12/site-packages/airflow/example_dags/example_sensors.py for tasks to queue
[2024-12-27T02:15:12.904+0000] {logging_mixin.py:190} INFO - [2024-12-27T02:15:12.903+0000] {dagbag.py:588} INFO - Filling up the DagBag from /home/airflow/.local/lib/python3.12/site-packages/airflow/example_dags/example_sensors.py
[2024-12-27T02:15:12.914+0000] {processor.py:925} INFO - DAG(s) 'example_sensors' retrieved from /home/airflow/.local/lib/python3.12/site-packages/airflow/example_dags/example_sensors.py
[2024-12-27T02:15:12.942+0000] {logging_mixin.py:190} INFO - [2024-12-27T02:15:12.942+0000] {dag.py:3239} INFO - Sync 1 DAGs
[2024-12-27T02:15:12.956+0000] {logging_mixin.py:190} INFO - [2024-12-27T02:15:12.956+0000] {dag.py:4180} INFO - Setting next_dagrun for example_sensors to None, run_after=None
[2024-12-27T02:15:12.979+0000] {processor.py:208} INFO - Processing /home/airflow/.local/lib/python3.12/site-packages/airflow/example_dags/example_sensors.py took 0.089 seconds
[2024-12-27T02:15:43.481+0000] {processor.py:186} INFO - Started process (PID=2471) to work on /home/airflow/.local/lib/python3.12/site-packages/airflow/example_dags/example_sensors.py
[2024-12-27T02:15:43.483+0000] {processor.py:914} INFO - Processing file /home/airflow/.local/lib/python3.12/site-packages/airflow/example_dags/example_sensors.py for tasks to queue
[2024-12-27T02:15:43.487+0000] {logging_mixin.py:190} INFO - [2024-12-27T02:15:43.486+0000] {dagbag.py:588} INFO - Filling up the DagBag from /home/airflow/.local/lib/python3.12/site-packages/airflow/example_dags/example_sensors.py
[2024-12-27T02:15:43.502+0000] {processor.py:925} INFO - DAG(s) 'example_sensors' retrieved from /home/airflow/.local/lib/python3.12/site-packages/airflow/example_dags/example_sensors.py
[2024-12-27T02:15:43.547+0000] {logging_mixin.py:190} INFO - [2024-12-27T02:15:43.547+0000] {dag.py:3239} INFO - Sync 1 DAGs
[2024-12-27T02:15:43.573+0000] {logging_mixin.py:190} INFO - [2024-12-27T02:15:43.573+0000] {dag.py:4180} INFO - Setting next_dagrun for example_sensors to None, run_after=None
[2024-12-27T02:15:43.609+0000] {processor.py:208} INFO - Processing /home/airflow/.local/lib/python3.12/site-packages/airflow/example_dags/example_sensors.py took 0.137 seconds
[2024-12-27T02:16:13.919+0000] {processor.py:186} INFO - Started process (PID=2531) to work on /home/airflow/.local/lib/python3.12/site-packages/airflow/example_dags/example_sensors.py
[2024-12-27T02:16:13.920+0000] {processor.py:914} INFO - Processing file /home/airflow/.local/lib/python3.12/site-packages/airflow/example_dags/example_sensors.py for tasks to queue
[2024-12-27T02:16:13.923+0000] {logging_mixin.py:190} INFO - [2024-12-27T02:16:13.923+0000] {dagbag.py:588} INFO - Filling up the DagBag from /home/airflow/.local/lib/python3.12/site-packages/airflow/example_dags/example_sensors.py
[2024-12-27T02:16:13.937+0000] {processor.py:925} INFO - DAG(s) 'example_sensors' retrieved from /home/airflow/.local/lib/python3.12/site-packages/airflow/example_dags/example_sensors.py
[2024-12-27T02:16:13.968+0000] {logging_mixin.py:190} INFO - [2024-12-27T02:16:13.968+0000] {dag.py:3239} INFO - Sync 1 DAGs
[2024-12-27T02:16:13.984+0000] {logging_mixin.py:190} INFO - [2024-12-27T02:16:13.983+0000] {dag.py:4180} INFO - Setting next_dagrun for example_sensors to None, run_after=None
[2024-12-27T02:16:14.016+0000] {processor.py:208} INFO - Processing /home/airflow/.local/lib/python3.12/site-packages/airflow/example_dags/example_sensors.py took 0.103 seconds
[2024-12-27T02:16:44.428+0000] {processor.py:186} INFO - Started process (PID=2594) to work on /home/airflow/.local/lib/python3.12/site-packages/airflow/example_dags/example_sensors.py
[2024-12-27T02:16:44.429+0000] {processor.py:914} INFO - Processing file /home/airflow/.local/lib/python3.12/site-packages/airflow/example_dags/example_sensors.py for tasks to queue
[2024-12-27T02:16:44.432+0000] {logging_mixin.py:190} INFO - [2024-12-27T02:16:44.432+0000] {dagbag.py:588} INFO - Filling up the DagBag from /home/airflow/.local/lib/python3.12/site-packages/airflow/example_dags/example_sensors.py
[2024-12-27T02:16:44.442+0000] {processor.py:925} INFO - DAG(s) 'example_sensors' retrieved from /home/airflow/.local/lib/python3.12/site-packages/airflow/example_dags/example_sensors.py
[2024-12-27T02:16:44.470+0000] {logging_mixin.py:190} INFO - [2024-12-27T02:16:44.470+0000] {dag.py:3239} INFO - Sync 1 DAGs
[2024-12-27T02:16:44.489+0000] {logging_mixin.py:190} INFO - [2024-12-27T02:16:44.488+0000] {dag.py:4180} INFO - Setting next_dagrun for example_sensors to None, run_after=None
[2024-12-27T02:16:44.515+0000] {processor.py:208} INFO - Processing /home/airflow/.local/lib/python3.12/site-packages/airflow/example_dags/example_sensors.py took 0.091 seconds
[2024-12-27T02:17:14.835+0000] {processor.py:186} INFO - Started process (PID=2657) to work on /home/airflow/.local/lib/python3.12/site-packages/airflow/example_dags/example_sensors.py
[2024-12-27T02:17:14.836+0000] {processor.py:914} INFO - Processing file /home/airflow/.local/lib/python3.12/site-packages/airflow/example_dags/example_sensors.py for tasks to queue
[2024-12-27T02:17:14.840+0000] {logging_mixin.py:190} INFO - [2024-12-27T02:17:14.839+0000] {dagbag.py:588} INFO - Filling up the DagBag from /home/airflow/.local/lib/python3.12/site-packages/airflow/example_dags/example_sensors.py
[2024-12-27T02:17:14.851+0000] {processor.py:925} INFO - DAG(s) 'example_sensors' retrieved from /home/airflow/.local/lib/python3.12/site-packages/airflow/example_dags/example_sensors.py
[2024-12-27T02:17:14.884+0000] {logging_mixin.py:190} INFO - [2024-12-27T02:17:14.884+0000] {dag.py:3239} INFO - Sync 1 DAGs
[2024-12-27T02:17:14.900+0000] {logging_mixin.py:190} INFO - [2024-12-27T02:17:14.899+0000] {dag.py:4180} INFO - Setting next_dagrun for example_sensors to None, run_after=None
[2024-12-27T02:17:14.929+0000] {processor.py:208} INFO - Processing /home/airflow/.local/lib/python3.12/site-packages/airflow/example_dags/example_sensors.py took 0.100 seconds
[2024-12-27T02:17:45.940+0000] {processor.py:186} INFO - Started process (PID=2719) to work on /home/airflow/.local/lib/python3.12/site-packages/airflow/example_dags/example_sensors.py
[2024-12-27T02:17:45.943+0000] {processor.py:914} INFO - Processing file /home/airflow/.local/lib/python3.12/site-packages/airflow/example_dags/example_sensors.py for tasks to queue
[2024-12-27T02:17:45.957+0000] {logging_mixin.py:190} INFO - [2024-12-27T02:17:45.956+0000] {dagbag.py:588} INFO - Filling up the DagBag from /home/airflow/.local/lib/python3.12/site-packages/airflow/example_dags/example_sensors.py
[2024-12-27T02:17:45.986+0000] {processor.py:925} INFO - DAG(s) 'example_sensors' retrieved from /home/airflow/.local/lib/python3.12/site-packages/airflow/example_dags/example_sensors.py
[2024-12-27T02:17:46.042+0000] {logging_mixin.py:190} INFO - [2024-12-27T02:17:46.040+0000] {dag.py:3239} INFO - Sync 1 DAGs
[2024-12-27T02:17:46.074+0000] {logging_mixin.py:190} INFO - [2024-12-27T02:17:46.074+0000] {dag.py:4180} INFO - Setting next_dagrun for example_sensors to None, run_after=None
[2024-12-27T02:17:46.112+0000] {processor.py:208} INFO - Processing /home/airflow/.local/lib/python3.12/site-packages/airflow/example_dags/example_sensors.py took 0.182 seconds
[2024-12-27T02:18:16.447+0000] {processor.py:186} INFO - Started process (PID=2782) to work on /home/airflow/.local/lib/python3.12/site-packages/airflow/example_dags/example_sensors.py
[2024-12-27T02:18:16.448+0000] {processor.py:914} INFO - Processing file /home/airflow/.local/lib/python3.12/site-packages/airflow/example_dags/example_sensors.py for tasks to queue
[2024-12-27T02:18:16.452+0000] {logging_mixin.py:190} INFO - [2024-12-27T02:18:16.451+0000] {dagbag.py:588} INFO - Filling up the DagBag from /home/airflow/.local/lib/python3.12/site-packages/airflow/example_dags/example_sensors.py
[2024-12-27T02:18:16.465+0000] {processor.py:925} INFO - DAG(s) 'example_sensors' retrieved from /home/airflow/.local/lib/python3.12/site-packages/airflow/example_dags/example_sensors.py
[2024-12-27T02:18:16.499+0000] {logging_mixin.py:190} INFO - [2024-12-27T02:18:16.499+0000] {dag.py:3239} INFO - Sync 1 DAGs
[2024-12-27T02:18:16.516+0000] {logging_mixin.py:190} INFO - [2024-12-27T02:18:16.515+0000] {dag.py:4180} INFO - Setting next_dagrun for example_sensors to None, run_after=None
[2024-12-27T02:18:16.545+0000] {processor.py:208} INFO - Processing /home/airflow/.local/lib/python3.12/site-packages/airflow/example_dags/example_sensors.py took 0.104 seconds
[2024-12-27T02:18:47.114+0000] {processor.py:186} INFO - Started process (PID=2844) to work on /home/airflow/.local/lib/python3.12/site-packages/airflow/example_dags/example_sensors.py
[2024-12-27T02:18:47.116+0000] {processor.py:914} INFO - Processing file /home/airflow/.local/lib/python3.12/site-packages/airflow/example_dags/example_sensors.py for tasks to queue
[2024-12-27T02:18:47.119+0000] {logging_mixin.py:190} INFO - [2024-12-27T02:18:47.119+0000] {dagbag.py:588} INFO - Filling up the DagBag from /home/airflow/.local/lib/python3.12/site-packages/airflow/example_dags/example_sensors.py
[2024-12-27T02:18:47.132+0000] {processor.py:925} INFO - DAG(s) 'example_sensors' retrieved from /home/airflow/.local/lib/python3.12/site-packages/airflow/example_dags/example_sensors.py
[2024-12-27T02:18:47.164+0000] {logging_mixin.py:190} INFO - [2024-12-27T02:18:47.164+0000] {dag.py:3239} INFO - Sync 1 DAGs
[2024-12-27T02:18:47.182+0000] {logging_mixin.py:190} INFO - [2024-12-27T02:18:47.181+0000] {dag.py:4180} INFO - Setting next_dagrun for example_sensors to None, run_after=None
[2024-12-27T02:18:47.212+0000] {processor.py:208} INFO - Processing /home/airflow/.local/lib/python3.12/site-packages/airflow/example_dags/example_sensors.py took 0.104 seconds
[2024-12-27T02:19:17.750+0000] {processor.py:186} INFO - Started process (PID=2907) to work on /home/airflow/.local/lib/python3.12/site-packages/airflow/example_dags/example_sensors.py
[2024-12-27T02:19:17.752+0000] {processor.py:914} INFO - Processing file /home/airflow/.local/lib/python3.12/site-packages/airflow/example_dags/example_sensors.py for tasks to queue
[2024-12-27T02:19:17.756+0000] {logging_mixin.py:190} INFO - [2024-12-27T02:19:17.756+0000] {dagbag.py:588} INFO - Filling up the DagBag from /home/airflow/.local/lib/python3.12/site-packages/airflow/example_dags/example_sensors.py
[2024-12-27T02:19:17.774+0000] {processor.py:925} INFO - DAG(s) 'example_sensors' retrieved from /home/airflow/.local/lib/python3.12/site-packages/airflow/example_dags/example_sensors.py
[2024-12-27T02:19:17.826+0000] {logging_mixin.py:190} INFO - [2024-12-27T02:19:17.825+0000] {dag.py:3239} INFO - Sync 1 DAGs
[2024-12-27T02:19:17.849+0000] {logging_mixin.py:190} INFO - [2024-12-27T02:19:17.848+0000] {dag.py:4180} INFO - Setting next_dagrun for example_sensors to None, run_after=None
[2024-12-27T02:19:17.889+0000] {processor.py:208} INFO - Processing /home/airflow/.local/lib/python3.12/site-packages/airflow/example_dags/example_sensors.py took 0.144 seconds
[2024-12-27T02:19:48.381+0000] {processor.py:186} INFO - Started process (PID=2968) to work on /home/airflow/.local/lib/python3.12/site-packages/airflow/example_dags/example_sensors.py
[2024-12-27T02:19:48.382+0000] {processor.py:914} INFO - Processing file /home/airflow/.local/lib/python3.12/site-packages/airflow/example_dags/example_sensors.py for tasks to queue
[2024-12-27T02:19:48.386+0000] {logging_mixin.py:190} INFO - [2024-12-27T02:19:48.385+0000] {dagbag.py:588} INFO - Filling up the DagBag from /home/airflow/.local/lib/python3.12/site-packages/airflow/example_dags/example_sensors.py
[2024-12-27T02:19:48.408+0000] {processor.py:925} INFO - DAG(s) 'example_sensors' retrieved from /home/airflow/.local/lib/python3.12/site-packages/airflow/example_dags/example_sensors.py
[2024-12-27T02:19:48.447+0000] {logging_mixin.py:190} INFO - [2024-12-27T02:19:48.447+0000] {dag.py:3239} INFO - Sync 1 DAGs
[2024-12-27T02:19:48.469+0000] {logging_mixin.py:190} INFO - [2024-12-27T02:19:48.469+0000] {dag.py:4180} INFO - Setting next_dagrun for example_sensors to None, run_after=None
[2024-12-27T02:19:48.502+0000] {processor.py:208} INFO - Processing /home/airflow/.local/lib/python3.12/site-packages/airflow/example_dags/example_sensors.py took 0.129 seconds
[2024-12-27T02:20:18.597+0000] {processor.py:186} INFO - Started process (PID=3031) to work on /home/airflow/.local/lib/python3.12/site-packages/airflow/example_dags/example_sensors.py
[2024-12-27T02:20:18.599+0000] {processor.py:914} INFO - Processing file /home/airflow/.local/lib/python3.12/site-packages/airflow/example_dags/example_sensors.py for tasks to queue
[2024-12-27T02:20:18.603+0000] {logging_mixin.py:190} INFO - [2024-12-27T02:20:18.602+0000] {dagbag.py:588} INFO - Filling up the DagBag from /home/airflow/.local/lib/python3.12/site-packages/airflow/example_dags/example_sensors.py
[2024-12-27T02:20:18.619+0000] {processor.py:925} INFO - DAG(s) 'example_sensors' retrieved from /home/airflow/.local/lib/python3.12/site-packages/airflow/example_dags/example_sensors.py
[2024-12-27T02:20:18.664+0000] {logging_mixin.py:190} INFO - [2024-12-27T02:20:18.663+0000] {dag.py:3239} INFO - Sync 1 DAGs
[2024-12-27T02:20:18.693+0000] {logging_mixin.py:190} INFO - [2024-12-27T02:20:18.693+0000] {dag.py:4180} INFO - Setting next_dagrun for example_sensors to None, run_after=None
[2024-12-27T02:20:18.731+0000] {processor.py:208} INFO - Processing /home/airflow/.local/lib/python3.12/site-packages/airflow/example_dags/example_sensors.py took 0.140 seconds
[2024-12-27T02:20:49.643+0000] {processor.py:186} INFO - Started process (PID=3094) to work on /home/airflow/.local/lib/python3.12/site-packages/airflow/example_dags/example_sensors.py
[2024-12-27T02:20:49.645+0000] {processor.py:914} INFO - Processing file /home/airflow/.local/lib/python3.12/site-packages/airflow/example_dags/example_sensors.py for tasks to queue
[2024-12-27T02:20:49.648+0000] {logging_mixin.py:190} INFO - [2024-12-27T02:20:49.648+0000] {dagbag.py:588} INFO - Filling up the DagBag from /home/airflow/.local/lib/python3.12/site-packages/airflow/example_dags/example_sensors.py
[2024-12-27T02:20:49.660+0000] {processor.py:925} INFO - DAG(s) 'example_sensors' retrieved from /home/airflow/.local/lib/python3.12/site-packages/airflow/example_dags/example_sensors.py
[2024-12-27T02:20:49.691+0000] {logging_mixin.py:190} INFO - [2024-12-27T02:20:49.691+0000] {dag.py:3239} INFO - Sync 1 DAGs
[2024-12-27T02:20:49.706+0000] {logging_mixin.py:190} INFO - [2024-12-27T02:20:49.706+0000] {dag.py:4180} INFO - Setting next_dagrun for example_sensors to None, run_after=None
[2024-12-27T02:20:49.739+0000] {processor.py:208} INFO - Processing /home/airflow/.local/lib/python3.12/site-packages/airflow/example_dags/example_sensors.py took 0.102 seconds
[2024-12-27T02:21:20.051+0000] {processor.py:186} INFO - Started process (PID=3157) to work on /home/airflow/.local/lib/python3.12/site-packages/airflow/example_dags/example_sensors.py
[2024-12-27T02:21:20.052+0000] {processor.py:914} INFO - Processing file /home/airflow/.local/lib/python3.12/site-packages/airflow/example_dags/example_sensors.py for tasks to queue
[2024-12-27T02:21:20.056+0000] {logging_mixin.py:190} INFO - [2024-12-27T02:21:20.055+0000] {dagbag.py:588} INFO - Filling up the DagBag from /home/airflow/.local/lib/python3.12/site-packages/airflow/example_dags/example_sensors.py
[2024-12-27T02:21:20.068+0000] {processor.py:925} INFO - DAG(s) 'example_sensors' retrieved from /home/airflow/.local/lib/python3.12/site-packages/airflow/example_dags/example_sensors.py
[2024-12-27T02:21:20.099+0000] {logging_mixin.py:190} INFO - [2024-12-27T02:21:20.099+0000] {dag.py:3239} INFO - Sync 1 DAGs
[2024-12-27T02:21:20.115+0000] {logging_mixin.py:190} INFO - [2024-12-27T02:21:20.115+0000] {dag.py:4180} INFO - Setting next_dagrun for example_sensors to None, run_after=None
[2024-12-27T02:21:20.142+0000] {processor.py:208} INFO - Processing /home/airflow/.local/lib/python3.12/site-packages/airflow/example_dags/example_sensors.py took 0.097 seconds
[2024-12-27T02:21:50.709+0000] {processor.py:186} INFO - Started process (PID=3220) to work on /home/airflow/.local/lib/python3.12/site-packages/airflow/example_dags/example_sensors.py
[2024-12-27T02:21:50.711+0000] {processor.py:914} INFO - Processing file /home/airflow/.local/lib/python3.12/site-packages/airflow/example_dags/example_sensors.py for tasks to queue
[2024-12-27T02:21:50.715+0000] {logging_mixin.py:190} INFO - [2024-12-27T02:21:50.714+0000] {dagbag.py:588} INFO - Filling up the DagBag from /home/airflow/.local/lib/python3.12/site-packages/airflow/example_dags/example_sensors.py
[2024-12-27T02:21:50.728+0000] {processor.py:925} INFO - DAG(s) 'example_sensors' retrieved from /home/airflow/.local/lib/python3.12/site-packages/airflow/example_dags/example_sensors.py
[2024-12-27T02:21:50.761+0000] {logging_mixin.py:190} INFO - [2024-12-27T02:21:50.761+0000] {dag.py:3239} INFO - Sync 1 DAGs
[2024-12-27T02:21:50.779+0000] {logging_mixin.py:190} INFO - [2024-12-27T02:21:50.778+0000] {dag.py:4180} INFO - Setting next_dagrun for example_sensors to None, run_after=None
[2024-12-27T02:21:50.806+0000] {processor.py:208} INFO - Processing /home/airflow/.local/lib/python3.12/site-packages/airflow/example_dags/example_sensors.py took 0.103 seconds
[2024-12-27T02:22:21.304+0000] {processor.py:186} INFO - Started process (PID=3283) to work on /home/airflow/.local/lib/python3.12/site-packages/airflow/example_dags/example_sensors.py
[2024-12-27T02:22:21.305+0000] {processor.py:914} INFO - Processing file /home/airflow/.local/lib/python3.12/site-packages/airflow/example_dags/example_sensors.py for tasks to queue
[2024-12-27T02:22:21.308+0000] {logging_mixin.py:190} INFO - [2024-12-27T02:22:21.307+0000] {dagbag.py:588} INFO - Filling up the DagBag from /home/airflow/.local/lib/python3.12/site-packages/airflow/example_dags/example_sensors.py
[2024-12-27T02:22:21.320+0000] {processor.py:925} INFO - DAG(s) 'example_sensors' retrieved from /home/airflow/.local/lib/python3.12/site-packages/airflow/example_dags/example_sensors.py
[2024-12-27T02:22:21.349+0000] {logging_mixin.py:190} INFO - [2024-12-27T02:22:21.349+0000] {dag.py:3239} INFO - Sync 1 DAGs
[2024-12-27T02:22:21.364+0000] {logging_mixin.py:190} INFO - [2024-12-27T02:22:21.364+0000] {dag.py:4180} INFO - Setting next_dagrun for example_sensors to None, run_after=None
[2024-12-27T02:22:21.391+0000] {processor.py:208} INFO - Processing /home/airflow/.local/lib/python3.12/site-packages/airflow/example_dags/example_sensors.py took 0.092 seconds
[2024-12-27T02:22:51.602+0000] {processor.py:186} INFO - Started process (PID=3346) to work on /home/airflow/.local/lib/python3.12/site-packages/airflow/example_dags/example_sensors.py
[2024-12-27T02:22:51.603+0000] {processor.py:914} INFO - Processing file /home/airflow/.local/lib/python3.12/site-packages/airflow/example_dags/example_sensors.py for tasks to queue
[2024-12-27T02:22:51.606+0000] {logging_mixin.py:190} INFO - [2024-12-27T02:22:51.606+0000] {dagbag.py:588} INFO - Filling up the DagBag from /home/airflow/.local/lib/python3.12/site-packages/airflow/example_dags/example_sensors.py
[2024-12-27T02:22:51.620+0000] {processor.py:925} INFO - DAG(s) 'example_sensors' retrieved from /home/airflow/.local/lib/python3.12/site-packages/airflow/example_dags/example_sensors.py
[2024-12-27T02:22:51.652+0000] {logging_mixin.py:190} INFO - [2024-12-27T02:22:51.652+0000] {dag.py:3239} INFO - Sync 1 DAGs
[2024-12-27T02:22:51.670+0000] {logging_mixin.py:190} INFO - [2024-12-27T02:22:51.669+0000] {dag.py:4180} INFO - Setting next_dagrun for example_sensors to None, run_after=None
[2024-12-27T02:22:51.701+0000] {processor.py:208} INFO - Processing /home/airflow/.local/lib/python3.12/site-packages/airflow/example_dags/example_sensors.py took 0.105 seconds
[2024-12-27T02:23:22.023+0000] {processor.py:186} INFO - Started process (PID=3409) to work on /home/airflow/.local/lib/python3.12/site-packages/airflow/example_dags/example_sensors.py
[2024-12-27T02:23:22.024+0000] {processor.py:914} INFO - Processing file /home/airflow/.local/lib/python3.12/site-packages/airflow/example_dags/example_sensors.py for tasks to queue
[2024-12-27T02:23:22.028+0000] {logging_mixin.py:190} INFO - [2024-12-27T02:23:22.027+0000] {dagbag.py:588} INFO - Filling up the DagBag from /home/airflow/.local/lib/python3.12/site-packages/airflow/example_dags/example_sensors.py
[2024-12-27T02:23:22.039+0000] {processor.py:925} INFO - DAG(s) 'example_sensors' retrieved from /home/airflow/.local/lib/python3.12/site-packages/airflow/example_dags/example_sensors.py
[2024-12-27T02:23:22.068+0000] {logging_mixin.py:190} INFO - [2024-12-27T02:23:22.068+0000] {dag.py:3239} INFO - Sync 1 DAGs
[2024-12-27T02:23:22.091+0000] {logging_mixin.py:190} INFO - [2024-12-27T02:23:22.090+0000] {dag.py:4180} INFO - Setting next_dagrun for example_sensors to None, run_after=None
[2024-12-27T02:23:22.126+0000] {processor.py:208} INFO - Processing /home/airflow/.local/lib/python3.12/site-packages/airflow/example_dags/example_sensors.py took 0.108 seconds
