[2024-12-27T01:56:29.460+0000] {processor.py:186} INFO - Started process (PID=101) to work on /home/airflow/.local/lib/python3.12/site-packages/airflow/example_dags/example_inlet_event_extra.py
[2024-12-27T01:56:29.461+0000] {processor.py:914} INFO - Processing file /home/airflow/.local/lib/python3.12/site-packages/airflow/example_dags/example_inlet_event_extra.py for tasks to queue
[2024-12-27T01:56:29.464+0000] {logging_mixin.py:190} INFO - [2024-12-27T01:56:29.464+0000] {dagbag.py:588} INFO - Filling up the DagBag from /home/airflow/.local/lib/python3.12/site-packages/airflow/example_dags/example_inlet_event_extra.py
[2024-12-27T01:56:30.239+0000] {processor.py:925} INFO - DAG(s) 'read_dataset_event', 'read_dataset_event_from_classic' retrieved from /home/airflow/.local/lib/python3.12/site-packages/airflow/example_dags/example_inlet_event_extra.py
[2024-12-27T01:56:30.431+0000] {logging_mixin.py:190} INFO - [2024-12-27T01:56:30.430+0000] {override.py:1911} INFO - Created Permission View: can read on DAG:read_dataset_event
[2024-12-27T01:56:30.449+0000] {logging_mixin.py:190} INFO - [2024-12-27T01:56:30.449+0000] {override.py:1911} INFO - Created Permission View: can edit on DAG:read_dataset_event
[2024-12-27T01:56:30.464+0000] {logging_mixin.py:190} INFO - [2024-12-27T01:56:30.464+0000] {override.py:1911} INFO - Created Permission View: can delete on DAG:read_dataset_event
[2024-12-27T01:56:30.487+0000] {logging_mixin.py:190} INFO - [2024-12-27T01:56:30.486+0000] {override.py:1911} INFO - Created Permission View: menu access on DAG Run:read_dataset_event
[2024-12-27T01:56:30.505+0000] {logging_mixin.py:190} INFO - [2024-12-27T01:56:30.504+0000] {override.py:1911} INFO - Created Permission View: can read on DAG Run:read_dataset_event
[2024-12-27T01:56:30.521+0000] {logging_mixin.py:190} INFO - [2024-12-27T01:56:30.521+0000] {override.py:1911} INFO - Created Permission View: can create on DAG Run:read_dataset_event
[2024-12-27T01:56:30.536+0000] {logging_mixin.py:190} INFO - [2024-12-27T01:56:30.535+0000] {override.py:1911} INFO - Created Permission View: can delete on DAG Run:read_dataset_event
[2024-12-27T01:56:30.561+0000] {logging_mixin.py:190} INFO - [2024-12-27T01:56:30.560+0000] {override.py:1911} INFO - Created Permission View: can read on DAG:read_dataset_event_from_classic
[2024-12-27T01:56:30.578+0000] {logging_mixin.py:190} INFO - [2024-12-27T01:56:30.577+0000] {override.py:1911} INFO - Created Permission View: can edit on DAG:read_dataset_event_from_classic
[2024-12-27T01:56:30.594+0000] {logging_mixin.py:190} INFO - [2024-12-27T01:56:30.593+0000] {override.py:1911} INFO - Created Permission View: can delete on DAG:read_dataset_event_from_classic
[2024-12-27T01:56:30.612+0000] {logging_mixin.py:190} INFO - [2024-12-27T01:56:30.611+0000] {override.py:1911} INFO - Created Permission View: menu access on DAG Run:read_dataset_event_from_classic
[2024-12-27T01:56:30.628+0000] {logging_mixin.py:190} INFO - [2024-12-27T01:56:30.628+0000] {override.py:1911} INFO - Created Permission View: can read on DAG Run:read_dataset_event_from_classic
[2024-12-27T01:56:30.640+0000] {logging_mixin.py:190} INFO - [2024-12-27T01:56:30.640+0000] {override.py:1911} INFO - Created Permission View: can create on DAG Run:read_dataset_event_from_classic
[2024-12-27T01:56:30.652+0000] {logging_mixin.py:190} INFO - [2024-12-27T01:56:30.651+0000] {override.py:1911} INFO - Created Permission View: can delete on DAG Run:read_dataset_event_from_classic
[2024-12-27T01:56:30.653+0000] {logging_mixin.py:190} INFO - [2024-12-27T01:56:30.652+0000] {dag.py:3239} INFO - Sync 2 DAGs
[2024-12-27T01:56:30.685+0000] {logging_mixin.py:190} INFO - [2024-12-27T01:56:30.685+0000] {dag.py:3262} INFO - Creating ORM DAG for read_dataset_event_from_classic
[2024-12-27T01:56:30.687+0000] {logging_mixin.py:190} INFO - [2024-12-27T01:56:30.686+0000] {dag.py:3262} INFO - Creating ORM DAG for read_dataset_event
[2024-12-27T01:56:30.700+0000] {logging_mixin.py:190} INFO - [2024-12-27T01:56:30.700+0000] {dag.py:4180} INFO - Setting next_dagrun for read_dataset_event to 2024-12-26 00:00:00+00:00, run_after=2024-12-27 00:00:00+00:00
[2024-12-27T01:56:30.703+0000] {logging_mixin.py:190} INFO - [2024-12-27T01:56:30.703+0000] {dag.py:4180} INFO - Setting next_dagrun for read_dataset_event_from_classic to 2024-12-26 00:00:00+00:00, run_after=2024-12-27 00:00:00+00:00
[2024-12-27T01:56:30.731+0000] {processor.py:208} INFO - Processing /home/airflow/.local/lib/python3.12/site-packages/airflow/example_dags/example_inlet_event_extra.py took 1.277 seconds
[2024-12-27T01:57:01.648+0000] {processor.py:186} INFO - Started process (PID=166) to work on /home/airflow/.local/lib/python3.12/site-packages/airflow/example_dags/example_inlet_event_extra.py
[2024-12-27T01:57:01.649+0000] {processor.py:914} INFO - Processing file /home/airflow/.local/lib/python3.12/site-packages/airflow/example_dags/example_inlet_event_extra.py for tasks to queue
[2024-12-27T01:57:01.652+0000] {logging_mixin.py:190} INFO - [2024-12-27T01:57:01.651+0000] {dagbag.py:588} INFO - Filling up the DagBag from /home/airflow/.local/lib/python3.12/site-packages/airflow/example_dags/example_inlet_event_extra.py
[2024-12-27T01:57:02.387+0000] {processor.py:925} INFO - DAG(s) 'read_dataset_event', 'read_dataset_event_from_classic' retrieved from /home/airflow/.local/lib/python3.12/site-packages/airflow/example_dags/example_inlet_event_extra.py
[2024-12-27T01:57:02.417+0000] {logging_mixin.py:190} INFO - [2024-12-27T01:57:02.417+0000] {dag.py:3239} INFO - Sync 2 DAGs
[2024-12-27T01:57:02.451+0000] {logging_mixin.py:190} INFO - [2024-12-27T01:57:02.450+0000] {dag.py:4180} INFO - Setting next_dagrun for read_dataset_event to 2024-12-26 00:00:00+00:00, run_after=2024-12-27 00:00:00+00:00
[2024-12-27T01:57:02.458+0000] {logging_mixin.py:190} INFO - [2024-12-27T01:57:02.458+0000] {dag.py:4180} INFO - Setting next_dagrun for read_dataset_event_from_classic to 2024-12-26 00:00:00+00:00, run_after=2024-12-27 00:00:00+00:00
[2024-12-27T01:57:02.484+0000] {processor.py:208} INFO - Processing /home/airflow/.local/lib/python3.12/site-packages/airflow/example_dags/example_inlet_event_extra.py took 0.841 seconds
[2024-12-27T01:57:32.626+0000] {processor.py:186} INFO - Started process (PID=233) to work on /home/airflow/.local/lib/python3.12/site-packages/airflow/example_dags/example_inlet_event_extra.py
[2024-12-27T01:57:32.627+0000] {processor.py:914} INFO - Processing file /home/airflow/.local/lib/python3.12/site-packages/airflow/example_dags/example_inlet_event_extra.py for tasks to queue
[2024-12-27T01:57:32.629+0000] {logging_mixin.py:190} INFO - [2024-12-27T01:57:32.629+0000] {dagbag.py:588} INFO - Filling up the DagBag from /home/airflow/.local/lib/python3.12/site-packages/airflow/example_dags/example_inlet_event_extra.py
[2024-12-27T01:57:33.386+0000] {processor.py:925} INFO - DAG(s) 'read_dataset_event', 'read_dataset_event_from_classic' retrieved from /home/airflow/.local/lib/python3.12/site-packages/airflow/example_dags/example_inlet_event_extra.py
[2024-12-27T01:57:33.417+0000] {logging_mixin.py:190} INFO - [2024-12-27T01:57:33.416+0000] {dag.py:3239} INFO - Sync 2 DAGs
[2024-12-27T01:57:33.453+0000] {logging_mixin.py:190} INFO - [2024-12-27T01:57:33.452+0000] {dag.py:4180} INFO - Setting next_dagrun for read_dataset_event to 2024-12-26 00:00:00+00:00, run_after=2024-12-27 00:00:00+00:00
[2024-12-27T01:57:33.459+0000] {logging_mixin.py:190} INFO - [2024-12-27T01:57:33.459+0000] {dag.py:4180} INFO - Setting next_dagrun for read_dataset_event_from_classic to 2024-12-26 00:00:00+00:00, run_after=2024-12-27 00:00:00+00:00
[2024-12-27T01:57:33.485+0000] {processor.py:208} INFO - Processing /home/airflow/.local/lib/python3.12/site-packages/airflow/example_dags/example_inlet_event_extra.py took 0.868 seconds
[2024-12-27T01:58:04.450+0000] {processor.py:186} INFO - Started process (PID=296) to work on /home/airflow/.local/lib/python3.12/site-packages/airflow/example_dags/example_inlet_event_extra.py
[2024-12-27T01:58:04.451+0000] {processor.py:914} INFO - Processing file /home/airflow/.local/lib/python3.12/site-packages/airflow/example_dags/example_inlet_event_extra.py for tasks to queue
[2024-12-27T01:58:04.454+0000] {logging_mixin.py:190} INFO - [2024-12-27T01:58:04.453+0000] {dagbag.py:588} INFO - Filling up the DagBag from /home/airflow/.local/lib/python3.12/site-packages/airflow/example_dags/example_inlet_event_extra.py
[2024-12-27T01:58:05.061+0000] {processor.py:925} INFO - DAG(s) 'read_dataset_event', 'read_dataset_event_from_classic' retrieved from /home/airflow/.local/lib/python3.12/site-packages/airflow/example_dags/example_inlet_event_extra.py
[2024-12-27T01:58:05.085+0000] {logging_mixin.py:190} INFO - [2024-12-27T01:58:05.085+0000] {dag.py:3239} INFO - Sync 2 DAGs
[2024-12-27T01:58:05.116+0000] {logging_mixin.py:190} INFO - [2024-12-27T01:58:05.115+0000] {dag.py:4180} INFO - Setting next_dagrun for read_dataset_event to 2024-12-26 00:00:00+00:00, run_after=2024-12-27 00:00:00+00:00
[2024-12-27T01:58:05.125+0000] {logging_mixin.py:190} INFO - [2024-12-27T01:58:05.124+0000] {dag.py:4180} INFO - Setting next_dagrun for read_dataset_event_from_classic to 2024-12-26 00:00:00+00:00, run_after=2024-12-27 00:00:00+00:00
[2024-12-27T01:58:05.151+0000] {processor.py:208} INFO - Processing /home/airflow/.local/lib/python3.12/site-packages/airflow/example_dags/example_inlet_event_extra.py took 0.706 seconds
[2024-12-27T01:58:35.539+0000] {processor.py:186} INFO - Started process (PID=359) to work on /home/airflow/.local/lib/python3.12/site-packages/airflow/example_dags/example_inlet_event_extra.py
[2024-12-27T01:58:35.540+0000] {processor.py:914} INFO - Processing file /home/airflow/.local/lib/python3.12/site-packages/airflow/example_dags/example_inlet_event_extra.py for tasks to queue
[2024-12-27T01:58:35.544+0000] {logging_mixin.py:190} INFO - [2024-12-27T01:58:35.543+0000] {dagbag.py:588} INFO - Filling up the DagBag from /home/airflow/.local/lib/python3.12/site-packages/airflow/example_dags/example_inlet_event_extra.py
[2024-12-27T01:58:36.113+0000] {processor.py:925} INFO - DAG(s) 'read_dataset_event', 'read_dataset_event_from_classic' retrieved from /home/airflow/.local/lib/python3.12/site-packages/airflow/example_dags/example_inlet_event_extra.py
[2024-12-27T01:58:36.141+0000] {logging_mixin.py:190} INFO - [2024-12-27T01:58:36.141+0000] {dag.py:3239} INFO - Sync 2 DAGs
[2024-12-27T01:58:36.168+0000] {logging_mixin.py:190} INFO - [2024-12-27T01:58:36.168+0000] {dag.py:4180} INFO - Setting next_dagrun for read_dataset_event to 2024-12-26 00:00:00+00:00, run_after=2024-12-27 00:00:00+00:00
[2024-12-27T01:58:36.176+0000] {logging_mixin.py:190} INFO - [2024-12-27T01:58:36.175+0000] {dag.py:4180} INFO - Setting next_dagrun for read_dataset_event_from_classic to 2024-12-26 00:00:00+00:00, run_after=2024-12-27 00:00:00+00:00
[2024-12-27T01:58:36.201+0000] {processor.py:208} INFO - Processing /home/airflow/.local/lib/python3.12/site-packages/airflow/example_dags/example_inlet_event_extra.py took 0.667 seconds
[2024-12-27T01:59:07.199+0000] {processor.py:186} INFO - Started process (PID=426) to work on /home/airflow/.local/lib/python3.12/site-packages/airflow/example_dags/example_inlet_event_extra.py
[2024-12-27T01:59:07.200+0000] {processor.py:914} INFO - Processing file /home/airflow/.local/lib/python3.12/site-packages/airflow/example_dags/example_inlet_event_extra.py for tasks to queue
[2024-12-27T01:59:07.203+0000] {logging_mixin.py:190} INFO - [2024-12-27T01:59:07.203+0000] {dagbag.py:588} INFO - Filling up the DagBag from /home/airflow/.local/lib/python3.12/site-packages/airflow/example_dags/example_inlet_event_extra.py
[2024-12-27T01:59:07.901+0000] {processor.py:925} INFO - DAG(s) 'read_dataset_event', 'read_dataset_event_from_classic' retrieved from /home/airflow/.local/lib/python3.12/site-packages/airflow/example_dags/example_inlet_event_extra.py
[2024-12-27T01:59:07.931+0000] {logging_mixin.py:190} INFO - [2024-12-27T01:59:07.931+0000] {dag.py:3239} INFO - Sync 2 DAGs
[2024-12-27T01:59:07.961+0000] {logging_mixin.py:190} INFO - [2024-12-27T01:59:07.961+0000] {dag.py:4180} INFO - Setting next_dagrun for read_dataset_event to 2024-12-26 00:00:00+00:00, run_after=2024-12-27 00:00:00+00:00
[2024-12-27T01:59:07.969+0000] {logging_mixin.py:190} INFO - [2024-12-27T01:59:07.969+0000] {dag.py:4180} INFO - Setting next_dagrun for read_dataset_event_from_classic to 2024-12-26 00:00:00+00:00, run_after=2024-12-27 00:00:00+00:00
[2024-12-27T01:59:07.996+0000] {processor.py:208} INFO - Processing /home/airflow/.local/lib/python3.12/site-packages/airflow/example_dags/example_inlet_event_extra.py took 0.804 seconds
[2024-12-27T01:59:39.035+0000] {processor.py:186} INFO - Started process (PID=493) to work on /home/airflow/.local/lib/python3.12/site-packages/airflow/example_dags/example_inlet_event_extra.py
[2024-12-27T01:59:39.037+0000] {processor.py:914} INFO - Processing file /home/airflow/.local/lib/python3.12/site-packages/airflow/example_dags/example_inlet_event_extra.py for tasks to queue
[2024-12-27T01:59:39.041+0000] {logging_mixin.py:190} INFO - [2024-12-27T01:59:39.040+0000] {dagbag.py:588} INFO - Filling up the DagBag from /home/airflow/.local/lib/python3.12/site-packages/airflow/example_dags/example_inlet_event_extra.py
[2024-12-27T01:59:39.662+0000] {processor.py:925} INFO - DAG(s) 'read_dataset_event_from_classic', 'read_dataset_event' retrieved from /home/airflow/.local/lib/python3.12/site-packages/airflow/example_dags/example_inlet_event_extra.py
[2024-12-27T01:59:39.692+0000] {logging_mixin.py:190} INFO - [2024-12-27T01:59:39.691+0000] {dag.py:3239} INFO - Sync 2 DAGs
[2024-12-27T01:59:39.721+0000] {logging_mixin.py:190} INFO - [2024-12-27T01:59:39.721+0000] {dag.py:4180} INFO - Setting next_dagrun for read_dataset_event to 2024-12-26 00:00:00+00:00, run_after=2024-12-27 00:00:00+00:00
[2024-12-27T01:59:39.727+0000] {logging_mixin.py:190} INFO - [2024-12-27T01:59:39.726+0000] {dag.py:4180} INFO - Setting next_dagrun for read_dataset_event_from_classic to 2024-12-26 00:00:00+00:00, run_after=2024-12-27 00:00:00+00:00
[2024-12-27T01:59:39.753+0000] {processor.py:208} INFO - Processing /home/airflow/.local/lib/python3.12/site-packages/airflow/example_dags/example_inlet_event_extra.py took 0.723 seconds
[2024-12-27T02:00:10.692+0000] {processor.py:186} INFO - Started process (PID=559) to work on /home/airflow/.local/lib/python3.12/site-packages/airflow/example_dags/example_inlet_event_extra.py
[2024-12-27T02:00:10.693+0000] {processor.py:914} INFO - Processing file /home/airflow/.local/lib/python3.12/site-packages/airflow/example_dags/example_inlet_event_extra.py for tasks to queue
[2024-12-27T02:00:10.696+0000] {logging_mixin.py:190} INFO - [2024-12-27T02:00:10.696+0000] {dagbag.py:588} INFO - Filling up the DagBag from /home/airflow/.local/lib/python3.12/site-packages/airflow/example_dags/example_inlet_event_extra.py
[2024-12-27T02:00:11.279+0000] {processor.py:925} INFO - DAG(s) 'read_dataset_event', 'read_dataset_event_from_classic' retrieved from /home/airflow/.local/lib/python3.12/site-packages/airflow/example_dags/example_inlet_event_extra.py
[2024-12-27T02:00:11.307+0000] {logging_mixin.py:190} INFO - [2024-12-27T02:00:11.306+0000] {dag.py:3239} INFO - Sync 2 DAGs
[2024-12-27T02:00:11.334+0000] {logging_mixin.py:190} INFO - [2024-12-27T02:00:11.334+0000] {dag.py:4180} INFO - Setting next_dagrun for read_dataset_event to 2024-12-26 00:00:00+00:00, run_after=2024-12-27 00:00:00+00:00
[2024-12-27T02:00:11.341+0000] {logging_mixin.py:190} INFO - [2024-12-27T02:00:11.340+0000] {dag.py:4180} INFO - Setting next_dagrun for read_dataset_event_from_classic to 2024-12-26 00:00:00+00:00, run_after=2024-12-27 00:00:00+00:00
[2024-12-27T02:00:11.364+0000] {processor.py:208} INFO - Processing /home/airflow/.local/lib/python3.12/site-packages/airflow/example_dags/example_inlet_event_extra.py took 0.678 seconds
[2024-12-27T02:00:42.273+0000] {processor.py:186} INFO - Started process (PID=619) to work on /home/airflow/.local/lib/python3.12/site-packages/airflow/example_dags/example_inlet_event_extra.py
[2024-12-27T02:00:42.274+0000] {processor.py:914} INFO - Processing file /home/airflow/.local/lib/python3.12/site-packages/airflow/example_dags/example_inlet_event_extra.py for tasks to queue
[2024-12-27T02:00:42.277+0000] {logging_mixin.py:190} INFO - [2024-12-27T02:00:42.277+0000] {dagbag.py:588} INFO - Filling up the DagBag from /home/airflow/.local/lib/python3.12/site-packages/airflow/example_dags/example_inlet_event_extra.py
[2024-12-27T02:00:42.914+0000] {processor.py:925} INFO - DAG(s) 'read_dataset_event', 'read_dataset_event_from_classic' retrieved from /home/airflow/.local/lib/python3.12/site-packages/airflow/example_dags/example_inlet_event_extra.py
[2024-12-27T02:00:42.947+0000] {logging_mixin.py:190} INFO - [2024-12-27T02:00:42.947+0000] {dag.py:3239} INFO - Sync 2 DAGs
[2024-12-27T02:00:42.983+0000] {logging_mixin.py:190} INFO - [2024-12-27T02:00:42.983+0000] {dag.py:4180} INFO - Setting next_dagrun for read_dataset_event to 2024-12-26 00:00:00+00:00, run_after=2024-12-27 00:00:00+00:00
[2024-12-27T02:00:42.991+0000] {logging_mixin.py:190} INFO - [2024-12-27T02:00:42.990+0000] {dag.py:4180} INFO - Setting next_dagrun for read_dataset_event_from_classic to 2024-12-26 00:00:00+00:00, run_after=2024-12-27 00:00:00+00:00
[2024-12-27T02:00:43.019+0000] {processor.py:208} INFO - Processing /home/airflow/.local/lib/python3.12/site-packages/airflow/example_dags/example_inlet_event_extra.py took 0.751 seconds
[2024-12-27T02:01:13.313+0000] {processor.py:186} INFO - Started process (PID=678) to work on /home/airflow/.local/lib/python3.12/site-packages/airflow/example_dags/example_inlet_event_extra.py
[2024-12-27T02:01:13.317+0000] {processor.py:914} INFO - Processing file /home/airflow/.local/lib/python3.12/site-packages/airflow/example_dags/example_inlet_event_extra.py for tasks to queue
[2024-12-27T02:01:13.324+0000] {logging_mixin.py:190} INFO - [2024-12-27T02:01:13.323+0000] {dagbag.py:588} INFO - Filling up the DagBag from /home/airflow/.local/lib/python3.12/site-packages/airflow/example_dags/example_inlet_event_extra.py
[2024-12-27T02:01:14.901+0000] {processor.py:925} INFO - DAG(s) 'read_dataset_event', 'read_dataset_event_from_classic' retrieved from /home/airflow/.local/lib/python3.12/site-packages/airflow/example_dags/example_inlet_event_extra.py
[2024-12-27T02:01:14.948+0000] {logging_mixin.py:190} INFO - [2024-12-27T02:01:14.948+0000] {dag.py:3239} INFO - Sync 2 DAGs
[2024-12-27T02:01:14.991+0000] {logging_mixin.py:190} INFO - [2024-12-27T02:01:14.990+0000] {dag.py:4180} INFO - Setting next_dagrun for read_dataset_event to 2024-12-26 00:00:00+00:00, run_after=2024-12-27 00:00:00+00:00
[2024-12-27T02:01:14.998+0000] {logging_mixin.py:190} INFO - [2024-12-27T02:01:14.998+0000] {dag.py:4180} INFO - Setting next_dagrun for read_dataset_event_from_classic to 2024-12-26 00:00:00+00:00, run_after=2024-12-27 00:00:00+00:00
[2024-12-27T02:01:15.026+0000] {processor.py:208} INFO - Processing /home/airflow/.local/lib/python3.12/site-packages/airflow/example_dags/example_inlet_event_extra.py took 1.723 seconds
[2024-12-27T02:01:45.135+0000] {processor.py:186} INFO - Started process (PID=745) to work on /home/airflow/.local/lib/python3.12/site-packages/airflow/example_dags/example_inlet_event_extra.py
[2024-12-27T02:01:45.137+0000] {processor.py:914} INFO - Processing file /home/airflow/.local/lib/python3.12/site-packages/airflow/example_dags/example_inlet_event_extra.py for tasks to queue
[2024-12-27T02:01:45.139+0000] {logging_mixin.py:190} INFO - [2024-12-27T02:01:45.139+0000] {dagbag.py:588} INFO - Filling up the DagBag from /home/airflow/.local/lib/python3.12/site-packages/airflow/example_dags/example_inlet_event_extra.py
[2024-12-27T02:01:45.993+0000] {processor.py:925} INFO - DAG(s) 'read_dataset_event_from_classic', 'read_dataset_event' retrieved from /home/airflow/.local/lib/python3.12/site-packages/airflow/example_dags/example_inlet_event_extra.py
[2024-12-27T02:01:46.038+0000] {logging_mixin.py:190} INFO - [2024-12-27T02:01:46.038+0000] {dag.py:3239} INFO - Sync 2 DAGs
[2024-12-27T02:01:46.091+0000] {logging_mixin.py:190} INFO - [2024-12-27T02:01:46.090+0000] {dag.py:4180} INFO - Setting next_dagrun for read_dataset_event to 2024-12-26 00:00:00+00:00, run_after=2024-12-27 00:00:00+00:00
[2024-12-27T02:01:46.103+0000] {logging_mixin.py:190} INFO - [2024-12-27T02:01:46.102+0000] {dag.py:4180} INFO - Setting next_dagrun for read_dataset_event_from_classic to 2024-12-26 00:00:00+00:00, run_after=2024-12-27 00:00:00+00:00
[2024-12-27T02:01:46.136+0000] {processor.py:208} INFO - Processing /home/airflow/.local/lib/python3.12/site-packages/airflow/example_dags/example_inlet_event_extra.py took 1.007 seconds
[2024-12-27T02:02:16.609+0000] {processor.py:186} INFO - Started process (PID=800) to work on /home/airflow/.local/lib/python3.12/site-packages/airflow/example_dags/example_inlet_event_extra.py
[2024-12-27T02:02:16.611+0000] {processor.py:914} INFO - Processing file /home/airflow/.local/lib/python3.12/site-packages/airflow/example_dags/example_inlet_event_extra.py for tasks to queue
[2024-12-27T02:02:16.614+0000] {logging_mixin.py:190} INFO - [2024-12-27T02:02:16.613+0000] {dagbag.py:588} INFO - Filling up the DagBag from /home/airflow/.local/lib/python3.12/site-packages/airflow/example_dags/example_inlet_event_extra.py
[2024-12-27T02:02:17.336+0000] {processor.py:925} INFO - DAG(s) 'read_dataset_event', 'read_dataset_event_from_classic' retrieved from /home/airflow/.local/lib/python3.12/site-packages/airflow/example_dags/example_inlet_event_extra.py
[2024-12-27T02:02:17.368+0000] {logging_mixin.py:190} INFO - [2024-12-27T02:02:17.368+0000] {dag.py:3239} INFO - Sync 2 DAGs
[2024-12-27T02:02:17.397+0000] {logging_mixin.py:190} INFO - [2024-12-27T02:02:17.397+0000] {dag.py:4180} INFO - Setting next_dagrun for read_dataset_event to 2024-12-26 00:00:00+00:00, run_after=2024-12-27 00:00:00+00:00
[2024-12-27T02:02:17.405+0000] {logging_mixin.py:190} INFO - [2024-12-27T02:02:17.404+0000] {dag.py:4180} INFO - Setting next_dagrun for read_dataset_event_from_classic to 2024-12-26 00:00:00+00:00, run_after=2024-12-27 00:00:00+00:00
[2024-12-27T02:02:17.431+0000] {processor.py:208} INFO - Processing /home/airflow/.local/lib/python3.12/site-packages/airflow/example_dags/example_inlet_event_extra.py took 0.828 seconds
[2024-12-27T02:02:47.718+0000] {processor.py:186} INFO - Started process (PID=866) to work on /home/airflow/.local/lib/python3.12/site-packages/airflow/example_dags/example_inlet_event_extra.py
[2024-12-27T02:02:47.720+0000] {processor.py:914} INFO - Processing file /home/airflow/.local/lib/python3.12/site-packages/airflow/example_dags/example_inlet_event_extra.py for tasks to queue
[2024-12-27T02:02:47.723+0000] {logging_mixin.py:190} INFO - [2024-12-27T02:02:47.723+0000] {dagbag.py:588} INFO - Filling up the DagBag from /home/airflow/.local/lib/python3.12/site-packages/airflow/example_dags/example_inlet_event_extra.py
[2024-12-27T02:02:48.597+0000] {processor.py:925} INFO - DAG(s) 'read_dataset_event_from_classic', 'read_dataset_event' retrieved from /home/airflow/.local/lib/python3.12/site-packages/airflow/example_dags/example_inlet_event_extra.py
[2024-12-27T02:02:48.631+0000] {logging_mixin.py:190} INFO - [2024-12-27T02:02:48.630+0000] {dag.py:3239} INFO - Sync 2 DAGs
[2024-12-27T02:02:48.666+0000] {logging_mixin.py:190} INFO - [2024-12-27T02:02:48.666+0000] {dag.py:4180} INFO - Setting next_dagrun for read_dataset_event to 2024-12-26 00:00:00+00:00, run_after=2024-12-27 00:00:00+00:00
[2024-12-27T02:02:48.674+0000] {logging_mixin.py:190} INFO - [2024-12-27T02:02:48.673+0000] {dag.py:4180} INFO - Setting next_dagrun for read_dataset_event_from_classic to 2024-12-26 00:00:00+00:00, run_after=2024-12-27 00:00:00+00:00
[2024-12-27T02:02:48.704+0000] {processor.py:208} INFO - Processing /home/airflow/.local/lib/python3.12/site-packages/airflow/example_dags/example_inlet_event_extra.py took 0.991 seconds
[2024-12-27T02:03:18.889+0000] {processor.py:186} INFO - Started process (PID=934) to work on /home/airflow/.local/lib/python3.12/site-packages/airflow/example_dags/example_inlet_event_extra.py
[2024-12-27T02:03:18.891+0000] {processor.py:914} INFO - Processing file /home/airflow/.local/lib/python3.12/site-packages/airflow/example_dags/example_inlet_event_extra.py for tasks to queue
[2024-12-27T02:03:18.895+0000] {logging_mixin.py:190} INFO - [2024-12-27T02:03:18.894+0000] {dagbag.py:588} INFO - Filling up the DagBag from /home/airflow/.local/lib/python3.12/site-packages/airflow/example_dags/example_inlet_event_extra.py
[2024-12-27T02:03:19.560+0000] {processor.py:925} INFO - DAG(s) 'read_dataset_event', 'read_dataset_event_from_classic' retrieved from /home/airflow/.local/lib/python3.12/site-packages/airflow/example_dags/example_inlet_event_extra.py
[2024-12-27T02:03:19.595+0000] {logging_mixin.py:190} INFO - [2024-12-27T02:03:19.595+0000] {dag.py:3239} INFO - Sync 2 DAGs
[2024-12-27T02:03:19.636+0000] {logging_mixin.py:190} INFO - [2024-12-27T02:03:19.635+0000] {dag.py:4180} INFO - Setting next_dagrun for read_dataset_event to 2024-12-26 00:00:00+00:00, run_after=2024-12-27 00:00:00+00:00
[2024-12-27T02:03:19.645+0000] {logging_mixin.py:190} INFO - [2024-12-27T02:03:19.645+0000] {dag.py:4180} INFO - Setting next_dagrun for read_dataset_event_from_classic to 2024-12-26 00:00:00+00:00, run_after=2024-12-27 00:00:00+00:00
[2024-12-27T02:03:19.676+0000] {processor.py:208} INFO - Processing /home/airflow/.local/lib/python3.12/site-packages/airflow/example_dags/example_inlet_event_extra.py took 0.792 seconds
[2024-12-27T02:03:49.757+0000] {processor.py:186} INFO - Started process (PID=1001) to work on /home/airflow/.local/lib/python3.12/site-packages/airflow/example_dags/example_inlet_event_extra.py
[2024-12-27T02:03:49.758+0000] {processor.py:914} INFO - Processing file /home/airflow/.local/lib/python3.12/site-packages/airflow/example_dags/example_inlet_event_extra.py for tasks to queue
[2024-12-27T02:03:49.761+0000] {logging_mixin.py:190} INFO - [2024-12-27T02:03:49.761+0000] {dagbag.py:588} INFO - Filling up the DagBag from /home/airflow/.local/lib/python3.12/site-packages/airflow/example_dags/example_inlet_event_extra.py
[2024-12-27T02:03:50.391+0000] {processor.py:925} INFO - DAG(s) 'read_dataset_event', 'read_dataset_event_from_classic' retrieved from /home/airflow/.local/lib/python3.12/site-packages/airflow/example_dags/example_inlet_event_extra.py
[2024-12-27T02:03:50.417+0000] {logging_mixin.py:190} INFO - [2024-12-27T02:03:50.417+0000] {dag.py:3239} INFO - Sync 2 DAGs
[2024-12-27T02:03:50.444+0000] {logging_mixin.py:190} INFO - [2024-12-27T02:03:50.444+0000] {dag.py:4180} INFO - Setting next_dagrun for read_dataset_event to 2024-12-26 00:00:00+00:00, run_after=2024-12-27 00:00:00+00:00
[2024-12-27T02:03:50.450+0000] {logging_mixin.py:190} INFO - [2024-12-27T02:03:50.450+0000] {dag.py:4180} INFO - Setting next_dagrun for read_dataset_event_from_classic to 2024-12-26 00:00:00+00:00, run_after=2024-12-27 00:00:00+00:00
[2024-12-27T02:03:50.557+0000] {processor.py:208} INFO - Processing /home/airflow/.local/lib/python3.12/site-packages/airflow/example_dags/example_inlet_event_extra.py took 0.806 seconds
[2024-12-27T02:04:20.992+0000] {processor.py:186} INFO - Started process (PID=1061) to work on /home/airflow/.local/lib/python3.12/site-packages/airflow/example_dags/example_inlet_event_extra.py
[2024-12-27T02:04:20.994+0000] {processor.py:914} INFO - Processing file /home/airflow/.local/lib/python3.12/site-packages/airflow/example_dags/example_inlet_event_extra.py for tasks to queue
[2024-12-27T02:04:20.996+0000] {logging_mixin.py:190} INFO - [2024-12-27T02:04:20.996+0000] {dagbag.py:588} INFO - Filling up the DagBag from /home/airflow/.local/lib/python3.12/site-packages/airflow/example_dags/example_inlet_event_extra.py
[2024-12-27T02:04:21.642+0000] {processor.py:925} INFO - DAG(s) 'read_dataset_event', 'read_dataset_event_from_classic' retrieved from /home/airflow/.local/lib/python3.12/site-packages/airflow/example_dags/example_inlet_event_extra.py
[2024-12-27T02:04:21.672+0000] {logging_mixin.py:190} INFO - [2024-12-27T02:04:21.671+0000] {dag.py:3239} INFO - Sync 2 DAGs
[2024-12-27T02:04:21.704+0000] {logging_mixin.py:190} INFO - [2024-12-27T02:04:21.704+0000] {dag.py:4180} INFO - Setting next_dagrun for read_dataset_event to 2024-12-26 00:00:00+00:00, run_after=2024-12-27 00:00:00+00:00
[2024-12-27T02:04:21.711+0000] {logging_mixin.py:190} INFO - [2024-12-27T02:04:21.711+0000] {dag.py:4180} INFO - Setting next_dagrun for read_dataset_event_from_classic to 2024-12-26 00:00:00+00:00, run_after=2024-12-27 00:00:00+00:00
[2024-12-27T02:04:21.738+0000] {processor.py:208} INFO - Processing /home/airflow/.local/lib/python3.12/site-packages/airflow/example_dags/example_inlet_event_extra.py took 0.751 seconds
[2024-12-27T02:04:52.218+0000] {processor.py:186} INFO - Started process (PID=1121) to work on /home/airflow/.local/lib/python3.12/site-packages/airflow/example_dags/example_inlet_event_extra.py
[2024-12-27T02:04:52.219+0000] {processor.py:914} INFO - Processing file /home/airflow/.local/lib/python3.12/site-packages/airflow/example_dags/example_inlet_event_extra.py for tasks to queue
[2024-12-27T02:04:52.222+0000] {logging_mixin.py:190} INFO - [2024-12-27T02:04:52.222+0000] {dagbag.py:588} INFO - Filling up the DagBag from /home/airflow/.local/lib/python3.12/site-packages/airflow/example_dags/example_inlet_event_extra.py
[2024-12-27T02:04:52.884+0000] {processor.py:925} INFO - DAG(s) 'read_dataset_event', 'read_dataset_event_from_classic' retrieved from /home/airflow/.local/lib/python3.12/site-packages/airflow/example_dags/example_inlet_event_extra.py
[2024-12-27T02:04:52.922+0000] {logging_mixin.py:190} INFO - [2024-12-27T02:04:52.921+0000] {dag.py:3239} INFO - Sync 2 DAGs
[2024-12-27T02:04:52.959+0000] {logging_mixin.py:190} INFO - [2024-12-27T02:04:52.959+0000] {dag.py:4180} INFO - Setting next_dagrun for read_dataset_event to 2024-12-26 00:00:00+00:00, run_after=2024-12-27 00:00:00+00:00
[2024-12-27T02:04:52.968+0000] {logging_mixin.py:190} INFO - [2024-12-27T02:04:52.967+0000] {dag.py:4180} INFO - Setting next_dagrun for read_dataset_event_from_classic to 2024-12-26 00:00:00+00:00, run_after=2024-12-27 00:00:00+00:00
[2024-12-27T02:04:52.997+0000] {processor.py:208} INFO - Processing /home/airflow/.local/lib/python3.12/site-packages/airflow/example_dags/example_inlet_event_extra.py took 0.785 seconds
[2024-12-27T02:05:23.171+0000] {processor.py:186} INFO - Started process (PID=1189) to work on /home/airflow/.local/lib/python3.12/site-packages/airflow/example_dags/example_inlet_event_extra.py
[2024-12-27T02:05:23.173+0000] {processor.py:914} INFO - Processing file /home/airflow/.local/lib/python3.12/site-packages/airflow/example_dags/example_inlet_event_extra.py for tasks to queue
[2024-12-27T02:05:23.175+0000] {logging_mixin.py:190} INFO - [2024-12-27T02:05:23.175+0000] {dagbag.py:588} INFO - Filling up the DagBag from /home/airflow/.local/lib/python3.12/site-packages/airflow/example_dags/example_inlet_event_extra.py
[2024-12-27T02:05:23.807+0000] {processor.py:925} INFO - DAG(s) 'read_dataset_event', 'read_dataset_event_from_classic' retrieved from /home/airflow/.local/lib/python3.12/site-packages/airflow/example_dags/example_inlet_event_extra.py
[2024-12-27T02:05:23.835+0000] {logging_mixin.py:190} INFO - [2024-12-27T02:05:23.834+0000] {dag.py:3239} INFO - Sync 2 DAGs
[2024-12-27T02:05:23.864+0000] {logging_mixin.py:190} INFO - [2024-12-27T02:05:23.864+0000] {dag.py:4180} INFO - Setting next_dagrun for read_dataset_event to 2024-12-26 00:00:00+00:00, run_after=2024-12-27 00:00:00+00:00
[2024-12-27T02:05:23.870+0000] {logging_mixin.py:190} INFO - [2024-12-27T02:05:23.870+0000] {dag.py:4180} INFO - Setting next_dagrun for read_dataset_event_from_classic to 2024-12-26 00:00:00+00:00, run_after=2024-12-27 00:00:00+00:00
[2024-12-27T02:05:23.893+0000] {processor.py:208} INFO - Processing /home/airflow/.local/lib/python3.12/site-packages/airflow/example_dags/example_inlet_event_extra.py took 0.727 seconds
[2024-12-27T02:05:54.654+0000] {processor.py:186} INFO - Started process (PID=1263) to work on /home/airflow/.local/lib/python3.12/site-packages/airflow/example_dags/example_inlet_event_extra.py
[2024-12-27T02:05:54.656+0000] {processor.py:914} INFO - Processing file /home/airflow/.local/lib/python3.12/site-packages/airflow/example_dags/example_inlet_event_extra.py for tasks to queue
[2024-12-27T02:05:54.659+0000] {logging_mixin.py:190} INFO - [2024-12-27T02:05:54.659+0000] {dagbag.py:588} INFO - Filling up the DagBag from /home/airflow/.local/lib/python3.12/site-packages/airflow/example_dags/example_inlet_event_extra.py
[2024-12-27T02:05:55.501+0000] {processor.py:925} INFO - DAG(s) 'read_dataset_event_from_classic', 'read_dataset_event' retrieved from /home/airflow/.local/lib/python3.12/site-packages/airflow/example_dags/example_inlet_event_extra.py
[2024-12-27T02:05:55.531+0000] {logging_mixin.py:190} INFO - [2024-12-27T02:05:55.530+0000] {dag.py:3239} INFO - Sync 2 DAGs
[2024-12-27T02:05:55.565+0000] {logging_mixin.py:190} INFO - [2024-12-27T02:05:55.565+0000] {dag.py:4180} INFO - Setting next_dagrun for read_dataset_event to 2024-12-26 00:00:00+00:00, run_after=2024-12-27 00:00:00+00:00
[2024-12-27T02:05:55.573+0000] {logging_mixin.py:190} INFO - [2024-12-27T02:05:55.573+0000] {dag.py:4180} INFO - Setting next_dagrun for read_dataset_event_from_classic to 2024-12-26 00:00:00+00:00, run_after=2024-12-27 00:00:00+00:00
[2024-12-27T02:05:55.597+0000] {processor.py:208} INFO - Processing /home/airflow/.local/lib/python3.12/site-packages/airflow/example_dags/example_inlet_event_extra.py took 0.950 seconds
[2024-12-27T02:06:25.837+0000] {processor.py:186} INFO - Started process (PID=1324) to work on /home/airflow/.local/lib/python3.12/site-packages/airflow/example_dags/example_inlet_event_extra.py
[2024-12-27T02:06:25.839+0000] {processor.py:914} INFO - Processing file /home/airflow/.local/lib/python3.12/site-packages/airflow/example_dags/example_inlet_event_extra.py for tasks to queue
[2024-12-27T02:06:25.843+0000] {logging_mixin.py:190} INFO - [2024-12-27T02:06:25.842+0000] {dagbag.py:588} INFO - Filling up the DagBag from /home/airflow/.local/lib/python3.12/site-packages/airflow/example_dags/example_inlet_event_extra.py
[2024-12-27T02:06:26.405+0000] {processor.py:925} INFO - DAG(s) 'read_dataset_event_from_classic', 'read_dataset_event' retrieved from /home/airflow/.local/lib/python3.12/site-packages/airflow/example_dags/example_inlet_event_extra.py
[2024-12-27T02:06:26.431+0000] {logging_mixin.py:190} INFO - [2024-12-27T02:06:26.431+0000] {dag.py:3239} INFO - Sync 2 DAGs
[2024-12-27T02:06:26.458+0000] {logging_mixin.py:190} INFO - [2024-12-27T02:06:26.457+0000] {dag.py:4180} INFO - Setting next_dagrun for read_dataset_event to 2024-12-26 00:00:00+00:00, run_after=2024-12-27 00:00:00+00:00
[2024-12-27T02:06:26.465+0000] {logging_mixin.py:190} INFO - [2024-12-27T02:06:26.465+0000] {dag.py:4180} INFO - Setting next_dagrun for read_dataset_event_from_classic to 2024-12-26 00:00:00+00:00, run_after=2024-12-27 00:00:00+00:00
[2024-12-27T02:06:26.488+0000] {processor.py:208} INFO - Processing /home/airflow/.local/lib/python3.12/site-packages/airflow/example_dags/example_inlet_event_extra.py took 0.656 seconds
[2024-12-27T02:06:56.775+0000] {processor.py:186} INFO - Started process (PID=1387) to work on /home/airflow/.local/lib/python3.12/site-packages/airflow/example_dags/example_inlet_event_extra.py
[2024-12-27T02:06:56.776+0000] {processor.py:914} INFO - Processing file /home/airflow/.local/lib/python3.12/site-packages/airflow/example_dags/example_inlet_event_extra.py for tasks to queue
[2024-12-27T02:06:56.779+0000] {logging_mixin.py:190} INFO - [2024-12-27T02:06:56.779+0000] {dagbag.py:588} INFO - Filling up the DagBag from /home/airflow/.local/lib/python3.12/site-packages/airflow/example_dags/example_inlet_event_extra.py
[2024-12-27T02:06:57.387+0000] {processor.py:925} INFO - DAG(s) 'read_dataset_event', 'read_dataset_event_from_classic' retrieved from /home/airflow/.local/lib/python3.12/site-packages/airflow/example_dags/example_inlet_event_extra.py
[2024-12-27T02:06:57.417+0000] {logging_mixin.py:190} INFO - [2024-12-27T02:06:57.417+0000] {dag.py:3239} INFO - Sync 2 DAGs
[2024-12-27T02:06:57.447+0000] {logging_mixin.py:190} INFO - [2024-12-27T02:06:57.447+0000] {dag.py:4180} INFO - Setting next_dagrun for read_dataset_event to 2024-12-26 00:00:00+00:00, run_after=2024-12-27 00:00:00+00:00
[2024-12-27T02:06:57.456+0000] {logging_mixin.py:190} INFO - [2024-12-27T02:06:57.456+0000] {dag.py:4180} INFO - Setting next_dagrun for read_dataset_event_from_classic to 2024-12-26 00:00:00+00:00, run_after=2024-12-27 00:00:00+00:00
[2024-12-27T02:06:57.483+0000] {processor.py:208} INFO - Processing /home/airflow/.local/lib/python3.12/site-packages/airflow/example_dags/example_inlet_event_extra.py took 0.714 seconds
[2024-12-27T02:07:27.640+0000] {processor.py:186} INFO - Started process (PID=1450) to work on /home/airflow/.local/lib/python3.12/site-packages/airflow/example_dags/example_inlet_event_extra.py
[2024-12-27T02:07:27.641+0000] {processor.py:914} INFO - Processing file /home/airflow/.local/lib/python3.12/site-packages/airflow/example_dags/example_inlet_event_extra.py for tasks to queue
[2024-12-27T02:07:27.644+0000] {logging_mixin.py:190} INFO - [2024-12-27T02:07:27.644+0000] {dagbag.py:588} INFO - Filling up the DagBag from /home/airflow/.local/lib/python3.12/site-packages/airflow/example_dags/example_inlet_event_extra.py
[2024-12-27T02:07:28.230+0000] {processor.py:925} INFO - DAG(s) 'read_dataset_event_from_classic', 'read_dataset_event' retrieved from /home/airflow/.local/lib/python3.12/site-packages/airflow/example_dags/example_inlet_event_extra.py
[2024-12-27T02:07:28.258+0000] {logging_mixin.py:190} INFO - [2024-12-27T02:07:28.257+0000] {dag.py:3239} INFO - Sync 2 DAGs
[2024-12-27T02:07:28.289+0000] {logging_mixin.py:190} INFO - [2024-12-27T02:07:28.289+0000] {dag.py:4180} INFO - Setting next_dagrun for read_dataset_event to 2024-12-26 00:00:00+00:00, run_after=2024-12-27 00:00:00+00:00
[2024-12-27T02:07:28.296+0000] {logging_mixin.py:190} INFO - [2024-12-27T02:07:28.295+0000] {dag.py:4180} INFO - Setting next_dagrun for read_dataset_event_from_classic to 2024-12-26 00:00:00+00:00, run_after=2024-12-27 00:00:00+00:00
[2024-12-27T02:07:28.324+0000] {processor.py:208} INFO - Processing /home/airflow/.local/lib/python3.12/site-packages/airflow/example_dags/example_inlet_event_extra.py took 0.690 seconds
[2024-12-27T02:07:59.029+0000] {processor.py:186} INFO - Started process (PID=1513) to work on /home/airflow/.local/lib/python3.12/site-packages/airflow/example_dags/example_inlet_event_extra.py
[2024-12-27T02:07:59.030+0000] {processor.py:914} INFO - Processing file /home/airflow/.local/lib/python3.12/site-packages/airflow/example_dags/example_inlet_event_extra.py for tasks to queue
[2024-12-27T02:07:59.033+0000] {logging_mixin.py:190} INFO - [2024-12-27T02:07:59.032+0000] {dagbag.py:588} INFO - Filling up the DagBag from /home/airflow/.local/lib/python3.12/site-packages/airflow/example_dags/example_inlet_event_extra.py
[2024-12-27T02:07:59.679+0000] {processor.py:925} INFO - DAG(s) 'read_dataset_event_from_classic', 'read_dataset_event' retrieved from /home/airflow/.local/lib/python3.12/site-packages/airflow/example_dags/example_inlet_event_extra.py
[2024-12-27T02:07:59.711+0000] {logging_mixin.py:190} INFO - [2024-12-27T02:07:59.710+0000] {dag.py:3239} INFO - Sync 2 DAGs
[2024-12-27T02:07:59.739+0000] {logging_mixin.py:190} INFO - [2024-12-27T02:07:59.739+0000] {dag.py:4180} INFO - Setting next_dagrun for read_dataset_event to 2024-12-26 00:00:00+00:00, run_after=2024-12-27 00:00:00+00:00
[2024-12-27T02:07:59.746+0000] {logging_mixin.py:190} INFO - [2024-12-27T02:07:59.746+0000] {dag.py:4180} INFO - Setting next_dagrun for read_dataset_event_from_classic to 2024-12-26 00:00:00+00:00, run_after=2024-12-27 00:00:00+00:00
[2024-12-27T02:07:59.774+0000] {processor.py:208} INFO - Processing /home/airflow/.local/lib/python3.12/site-packages/airflow/example_dags/example_inlet_event_extra.py took 0.750 seconds
[2024-12-27T02:08:30.390+0000] {processor.py:186} INFO - Started process (PID=1576) to work on /home/airflow/.local/lib/python3.12/site-packages/airflow/example_dags/example_inlet_event_extra.py
[2024-12-27T02:08:30.392+0000] {processor.py:914} INFO - Processing file /home/airflow/.local/lib/python3.12/site-packages/airflow/example_dags/example_inlet_event_extra.py for tasks to queue
[2024-12-27T02:08:30.395+0000] {logging_mixin.py:190} INFO - [2024-12-27T02:08:30.394+0000] {dagbag.py:588} INFO - Filling up the DagBag from /home/airflow/.local/lib/python3.12/site-packages/airflow/example_dags/example_inlet_event_extra.py
[2024-12-27T02:08:30.954+0000] {processor.py:925} INFO - DAG(s) 'read_dataset_event_from_classic', 'read_dataset_event' retrieved from /home/airflow/.local/lib/python3.12/site-packages/airflow/example_dags/example_inlet_event_extra.py
[2024-12-27T02:08:31.017+0000] {logging_mixin.py:190} INFO - [2024-12-27T02:08:31.016+0000] {dag.py:3239} INFO - Sync 2 DAGs
[2024-12-27T02:08:31.084+0000] {logging_mixin.py:190} INFO - [2024-12-27T02:08:31.084+0000] {dag.py:4180} INFO - Setting next_dagrun for read_dataset_event to 2024-12-26 00:00:00+00:00, run_after=2024-12-27 00:00:00+00:00
[2024-12-27T02:08:31.094+0000] {logging_mixin.py:190} INFO - [2024-12-27T02:08:31.094+0000] {dag.py:4180} INFO - Setting next_dagrun for read_dataset_event_from_classic to 2024-12-26 00:00:00+00:00, run_after=2024-12-27 00:00:00+00:00
[2024-12-27T02:08:31.137+0000] {processor.py:208} INFO - Processing /home/airflow/.local/lib/python3.12/site-packages/airflow/example_dags/example_inlet_event_extra.py took 0.750 seconds
[2024-12-27T02:09:01.535+0000] {processor.py:186} INFO - Started process (PID=1639) to work on /home/airflow/.local/lib/python3.12/site-packages/airflow/example_dags/example_inlet_event_extra.py
[2024-12-27T02:09:01.536+0000] {processor.py:914} INFO - Processing file /home/airflow/.local/lib/python3.12/site-packages/airflow/example_dags/example_inlet_event_extra.py for tasks to queue
[2024-12-27T02:09:01.539+0000] {logging_mixin.py:190} INFO - [2024-12-27T02:09:01.539+0000] {dagbag.py:588} INFO - Filling up the DagBag from /home/airflow/.local/lib/python3.12/site-packages/airflow/example_dags/example_inlet_event_extra.py
[2024-12-27T02:09:02.196+0000] {processor.py:925} INFO - DAG(s) 'read_dataset_event_from_classic', 'read_dataset_event' retrieved from /home/airflow/.local/lib/python3.12/site-packages/airflow/example_dags/example_inlet_event_extra.py
[2024-12-27T02:09:02.226+0000] {logging_mixin.py:190} INFO - [2024-12-27T02:09:02.226+0000] {dag.py:3239} INFO - Sync 2 DAGs
[2024-12-27T02:09:02.260+0000] {logging_mixin.py:190} INFO - [2024-12-27T02:09:02.259+0000] {dag.py:4180} INFO - Setting next_dagrun for read_dataset_event to 2024-12-26 00:00:00+00:00, run_after=2024-12-27 00:00:00+00:00
[2024-12-27T02:09:02.268+0000] {logging_mixin.py:190} INFO - [2024-12-27T02:09:02.267+0000] {dag.py:4180} INFO - Setting next_dagrun for read_dataset_event_from_classic to 2024-12-26 00:00:00+00:00, run_after=2024-12-27 00:00:00+00:00
[2024-12-27T02:09:02.303+0000] {processor.py:208} INFO - Processing /home/airflow/.local/lib/python3.12/site-packages/airflow/example_dags/example_inlet_event_extra.py took 0.774 seconds
[2024-12-27T02:09:32.547+0000] {processor.py:186} INFO - Started process (PID=1702) to work on /home/airflow/.local/lib/python3.12/site-packages/airflow/example_dags/example_inlet_event_extra.py
[2024-12-27T02:09:32.549+0000] {processor.py:914} INFO - Processing file /home/airflow/.local/lib/python3.12/site-packages/airflow/example_dags/example_inlet_event_extra.py for tasks to queue
[2024-12-27T02:09:32.552+0000] {logging_mixin.py:190} INFO - [2024-12-27T02:09:32.551+0000] {dagbag.py:588} INFO - Filling up the DagBag from /home/airflow/.local/lib/python3.12/site-packages/airflow/example_dags/example_inlet_event_extra.py
[2024-12-27T02:09:33.125+0000] {processor.py:925} INFO - DAG(s) 'read_dataset_event_from_classic', 'read_dataset_event' retrieved from /home/airflow/.local/lib/python3.12/site-packages/airflow/example_dags/example_inlet_event_extra.py
[2024-12-27T02:09:33.159+0000] {logging_mixin.py:190} INFO - [2024-12-27T02:09:33.159+0000] {dag.py:3239} INFO - Sync 2 DAGs
[2024-12-27T02:09:33.201+0000] {logging_mixin.py:190} INFO - [2024-12-27T02:09:33.200+0000] {dag.py:4180} INFO - Setting next_dagrun for read_dataset_event to 2024-12-26 00:00:00+00:00, run_after=2024-12-27 00:00:00+00:00
[2024-12-27T02:09:33.217+0000] {logging_mixin.py:190} INFO - [2024-12-27T02:09:33.216+0000] {dag.py:4180} INFO - Setting next_dagrun for read_dataset_event_from_classic to 2024-12-26 00:00:00+00:00, run_after=2024-12-27 00:00:00+00:00
[2024-12-27T02:09:33.254+0000] {processor.py:208} INFO - Processing /home/airflow/.local/lib/python3.12/site-packages/airflow/example_dags/example_inlet_event_extra.py took 0.712 seconds
[2024-12-27T02:10:03.339+0000] {processor.py:186} INFO - Started process (PID=1764) to work on /home/airflow/.local/lib/python3.12/site-packages/airflow/example_dags/example_inlet_event_extra.py
[2024-12-27T02:10:03.341+0000] {processor.py:914} INFO - Processing file /home/airflow/.local/lib/python3.12/site-packages/airflow/example_dags/example_inlet_event_extra.py for tasks to queue
[2024-12-27T02:10:03.345+0000] {logging_mixin.py:190} INFO - [2024-12-27T02:10:03.344+0000] {dagbag.py:588} INFO - Filling up the DagBag from /home/airflow/.local/lib/python3.12/site-packages/airflow/example_dags/example_inlet_event_extra.py
[2024-12-27T02:10:03.938+0000] {processor.py:925} INFO - DAG(s) 'read_dataset_event', 'read_dataset_event_from_classic' retrieved from /home/airflow/.local/lib/python3.12/site-packages/airflow/example_dags/example_inlet_event_extra.py
[2024-12-27T02:10:03.968+0000] {logging_mixin.py:190} INFO - [2024-12-27T02:10:03.968+0000] {dag.py:3239} INFO - Sync 2 DAGs
[2024-12-27T02:10:03.998+0000] {logging_mixin.py:190} INFO - [2024-12-27T02:10:03.997+0000] {dag.py:4180} INFO - Setting next_dagrun for read_dataset_event to 2024-12-26 00:00:00+00:00, run_after=2024-12-27 00:00:00+00:00
[2024-12-27T02:10:04.007+0000] {logging_mixin.py:190} INFO - [2024-12-27T02:10:04.007+0000] {dag.py:4180} INFO - Setting next_dagrun for read_dataset_event_from_classic to 2024-12-26 00:00:00+00:00, run_after=2024-12-27 00:00:00+00:00
[2024-12-27T02:10:04.033+0000] {processor.py:208} INFO - Processing /home/airflow/.local/lib/python3.12/site-packages/airflow/example_dags/example_inlet_event_extra.py took 0.699 seconds
[2024-12-27T02:10:34.139+0000] {processor.py:186} INFO - Started process (PID=1827) to work on /home/airflow/.local/lib/python3.12/site-packages/airflow/example_dags/example_inlet_event_extra.py
[2024-12-27T02:10:34.141+0000] {processor.py:914} INFO - Processing file /home/airflow/.local/lib/python3.12/site-packages/airflow/example_dags/example_inlet_event_extra.py for tasks to queue
[2024-12-27T02:10:34.144+0000] {logging_mixin.py:190} INFO - [2024-12-27T02:10:34.144+0000] {dagbag.py:588} INFO - Filling up the DagBag from /home/airflow/.local/lib/python3.12/site-packages/airflow/example_dags/example_inlet_event_extra.py
[2024-12-27T02:10:35.058+0000] {processor.py:925} INFO - DAG(s) 'read_dataset_event_from_classic', 'read_dataset_event' retrieved from /home/airflow/.local/lib/python3.12/site-packages/airflow/example_dags/example_inlet_event_extra.py
[2024-12-27T02:10:35.102+0000] {logging_mixin.py:190} INFO - [2024-12-27T02:10:35.101+0000] {dag.py:3239} INFO - Sync 2 DAGs
[2024-12-27T02:10:35.162+0000] {logging_mixin.py:190} INFO - [2024-12-27T02:10:35.162+0000] {dag.py:4180} INFO - Setting next_dagrun for read_dataset_event to 2024-12-26 00:00:00+00:00, run_after=2024-12-27 00:00:00+00:00
[2024-12-27T02:10:35.176+0000] {logging_mixin.py:190} INFO - [2024-12-27T02:10:35.176+0000] {dag.py:4180} INFO - Setting next_dagrun for read_dataset_event_from_classic to 2024-12-26 00:00:00+00:00, run_after=2024-12-27 00:00:00+00:00
[2024-12-27T02:10:35.217+0000] {processor.py:208} INFO - Processing /home/airflow/.local/lib/python3.12/site-packages/airflow/example_dags/example_inlet_event_extra.py took 1.083 seconds
[2024-12-27T02:11:05.383+0000] {processor.py:186} INFO - Started process (PID=1891) to work on /home/airflow/.local/lib/python3.12/site-packages/airflow/example_dags/example_inlet_event_extra.py
[2024-12-27T02:11:05.385+0000] {processor.py:914} INFO - Processing file /home/airflow/.local/lib/python3.12/site-packages/airflow/example_dags/example_inlet_event_extra.py for tasks to queue
[2024-12-27T02:11:05.392+0000] {logging_mixin.py:190} INFO - [2024-12-27T02:11:05.391+0000] {dagbag.py:588} INFO - Filling up the DagBag from /home/airflow/.local/lib/python3.12/site-packages/airflow/example_dags/example_inlet_event_extra.py
[2024-12-27T02:11:06.323+0000] {processor.py:925} INFO - DAG(s) 'read_dataset_event', 'read_dataset_event_from_classic' retrieved from /home/airflow/.local/lib/python3.12/site-packages/airflow/example_dags/example_inlet_event_extra.py
[2024-12-27T02:11:06.359+0000] {logging_mixin.py:190} INFO - [2024-12-27T02:11:06.359+0000] {dag.py:3239} INFO - Sync 2 DAGs
[2024-12-27T02:11:06.396+0000] {logging_mixin.py:190} INFO - [2024-12-27T02:11:06.395+0000] {dag.py:4180} INFO - Setting next_dagrun for read_dataset_event to 2024-12-26 00:00:00+00:00, run_after=2024-12-27 00:00:00+00:00
[2024-12-27T02:11:06.405+0000] {logging_mixin.py:190} INFO - [2024-12-27T02:11:06.404+0000] {dag.py:4180} INFO - Setting next_dagrun for read_dataset_event_from_classic to 2024-12-26 00:00:00+00:00, run_after=2024-12-27 00:00:00+00:00
[2024-12-27T02:11:06.440+0000] {processor.py:208} INFO - Processing /home/airflow/.local/lib/python3.12/site-packages/airflow/example_dags/example_inlet_event_extra.py took 1.070 seconds
[2024-12-27T02:11:36.947+0000] {processor.py:186} INFO - Started process (PID=1960) to work on /home/airflow/.local/lib/python3.12/site-packages/airflow/example_dags/example_inlet_event_extra.py
[2024-12-27T02:11:36.948+0000] {processor.py:914} INFO - Processing file /home/airflow/.local/lib/python3.12/site-packages/airflow/example_dags/example_inlet_event_extra.py for tasks to queue
[2024-12-27T02:11:36.951+0000] {logging_mixin.py:190} INFO - [2024-12-27T02:11:36.951+0000] {dagbag.py:588} INFO - Filling up the DagBag from /home/airflow/.local/lib/python3.12/site-packages/airflow/example_dags/example_inlet_event_extra.py
[2024-12-27T02:11:37.595+0000] {processor.py:925} INFO - DAG(s) 'read_dataset_event_from_classic', 'read_dataset_event' retrieved from /home/airflow/.local/lib/python3.12/site-packages/airflow/example_dags/example_inlet_event_extra.py
[2024-12-27T02:11:37.630+0000] {logging_mixin.py:190} INFO - [2024-12-27T02:11:37.629+0000] {dag.py:3239} INFO - Sync 2 DAGs
[2024-12-27T02:11:37.672+0000] {logging_mixin.py:190} INFO - [2024-12-27T02:11:37.672+0000] {dag.py:4180} INFO - Setting next_dagrun for read_dataset_event to 2024-12-26 00:00:00+00:00, run_after=2024-12-27 00:00:00+00:00
[2024-12-27T02:11:37.680+0000] {logging_mixin.py:190} INFO - [2024-12-27T02:11:37.680+0000] {dag.py:4180} INFO - Setting next_dagrun for read_dataset_event_from_classic to 2024-12-26 00:00:00+00:00, run_after=2024-12-27 00:00:00+00:00
[2024-12-27T02:11:37.708+0000] {processor.py:208} INFO - Processing /home/airflow/.local/lib/python3.12/site-packages/airflow/example_dags/example_inlet_event_extra.py took 0.769 seconds
[2024-12-27T02:12:07.837+0000] {processor.py:186} INFO - Started process (PID=2028) to work on /home/airflow/.local/lib/python3.12/site-packages/airflow/example_dags/example_inlet_event_extra.py
[2024-12-27T02:12:07.839+0000] {processor.py:914} INFO - Processing file /home/airflow/.local/lib/python3.12/site-packages/airflow/example_dags/example_inlet_event_extra.py for tasks to queue
[2024-12-27T02:12:07.842+0000] {logging_mixin.py:190} INFO - [2024-12-27T02:12:07.841+0000] {dagbag.py:588} INFO - Filling up the DagBag from /home/airflow/.local/lib/python3.12/site-packages/airflow/example_dags/example_inlet_event_extra.py
[2024-12-27T02:12:08.507+0000] {processor.py:925} INFO - DAG(s) 'read_dataset_event', 'read_dataset_event_from_classic' retrieved from /home/airflow/.local/lib/python3.12/site-packages/airflow/example_dags/example_inlet_event_extra.py
[2024-12-27T02:12:08.536+0000] {logging_mixin.py:190} INFO - [2024-12-27T02:12:08.536+0000] {dag.py:3239} INFO - Sync 2 DAGs
[2024-12-27T02:12:08.576+0000] {logging_mixin.py:190} INFO - [2024-12-27T02:12:08.576+0000] {dag.py:4180} INFO - Setting next_dagrun for read_dataset_event to 2024-12-26 00:00:00+00:00, run_after=2024-12-27 00:00:00+00:00
[2024-12-27T02:12:08.584+0000] {logging_mixin.py:190} INFO - [2024-12-27T02:12:08.584+0000] {dag.py:4180} INFO - Setting next_dagrun for read_dataset_event_from_classic to 2024-12-26 00:00:00+00:00, run_after=2024-12-27 00:00:00+00:00
[2024-12-27T02:12:08.618+0000] {processor.py:208} INFO - Processing /home/airflow/.local/lib/python3.12/site-packages/airflow/example_dags/example_inlet_event_extra.py took 0.785 seconds
[2024-12-27T02:12:39.606+0000] {processor.py:186} INFO - Started process (PID=2093) to work on /home/airflow/.local/lib/python3.12/site-packages/airflow/example_dags/example_inlet_event_extra.py
[2024-12-27T02:12:39.607+0000] {processor.py:914} INFO - Processing file /home/airflow/.local/lib/python3.12/site-packages/airflow/example_dags/example_inlet_event_extra.py for tasks to queue
[2024-12-27T02:12:39.610+0000] {logging_mixin.py:190} INFO - [2024-12-27T02:12:39.609+0000] {dagbag.py:588} INFO - Filling up the DagBag from /home/airflow/.local/lib/python3.12/site-packages/airflow/example_dags/example_inlet_event_extra.py
[2024-12-27T02:12:40.242+0000] {processor.py:925} INFO - DAG(s) 'read_dataset_event_from_classic', 'read_dataset_event' retrieved from /home/airflow/.local/lib/python3.12/site-packages/airflow/example_dags/example_inlet_event_extra.py
[2024-12-27T02:12:40.272+0000] {logging_mixin.py:190} INFO - [2024-12-27T02:12:40.272+0000] {dag.py:3239} INFO - Sync 2 DAGs
[2024-12-27T02:12:40.304+0000] {logging_mixin.py:190} INFO - [2024-12-27T02:12:40.303+0000] {dag.py:4180} INFO - Setting next_dagrun for read_dataset_event to 2024-12-26 00:00:00+00:00, run_after=2024-12-27 00:00:00+00:00
[2024-12-27T02:12:40.310+0000] {logging_mixin.py:190} INFO - [2024-12-27T02:12:40.310+0000] {dag.py:4180} INFO - Setting next_dagrun for read_dataset_event_from_classic to 2024-12-26 00:00:00+00:00, run_after=2024-12-27 00:00:00+00:00
[2024-12-27T02:12:40.349+0000] {processor.py:208} INFO - Processing /home/airflow/.local/lib/python3.12/site-packages/airflow/example_dags/example_inlet_event_extra.py took 0.749 seconds
[2024-12-27T02:13:11.148+0000] {processor.py:186} INFO - Started process (PID=2164) to work on /home/airflow/.local/lib/python3.12/site-packages/airflow/example_dags/example_inlet_event_extra.py
[2024-12-27T02:13:11.150+0000] {processor.py:914} INFO - Processing file /home/airflow/.local/lib/python3.12/site-packages/airflow/example_dags/example_inlet_event_extra.py for tasks to queue
[2024-12-27T02:13:11.153+0000] {logging_mixin.py:190} INFO - [2024-12-27T02:13:11.152+0000] {dagbag.py:588} INFO - Filling up the DagBag from /home/airflow/.local/lib/python3.12/site-packages/airflow/example_dags/example_inlet_event_extra.py
[2024-12-27T02:13:11.757+0000] {processor.py:925} INFO - DAG(s) 'read_dataset_event', 'read_dataset_event_from_classic' retrieved from /home/airflow/.local/lib/python3.12/site-packages/airflow/example_dags/example_inlet_event_extra.py
[2024-12-27T02:13:11.789+0000] {logging_mixin.py:190} INFO - [2024-12-27T02:13:11.789+0000] {dag.py:3239} INFO - Sync 2 DAGs
[2024-12-27T02:13:11.821+0000] {logging_mixin.py:190} INFO - [2024-12-27T02:13:11.821+0000] {dag.py:4180} INFO - Setting next_dagrun for read_dataset_event to 2024-12-26 00:00:00+00:00, run_after=2024-12-27 00:00:00+00:00
[2024-12-27T02:13:11.829+0000] {logging_mixin.py:190} INFO - [2024-12-27T02:13:11.829+0000] {dag.py:4180} INFO - Setting next_dagrun for read_dataset_event_from_classic to 2024-12-26 00:00:00+00:00, run_after=2024-12-27 00:00:00+00:00
[2024-12-27T02:13:11.856+0000] {processor.py:208} INFO - Processing /home/airflow/.local/lib/python3.12/site-packages/airflow/example_dags/example_inlet_event_extra.py took 0.713 seconds
[2024-12-27T02:13:42.348+0000] {processor.py:186} INFO - Started process (PID=2227) to work on /home/airflow/.local/lib/python3.12/site-packages/airflow/example_dags/example_inlet_event_extra.py
[2024-12-27T02:13:42.349+0000] {processor.py:914} INFO - Processing file /home/airflow/.local/lib/python3.12/site-packages/airflow/example_dags/example_inlet_event_extra.py for tasks to queue
[2024-12-27T02:13:42.353+0000] {logging_mixin.py:190} INFO - [2024-12-27T02:13:42.352+0000] {dagbag.py:588} INFO - Filling up the DagBag from /home/airflow/.local/lib/python3.12/site-packages/airflow/example_dags/example_inlet_event_extra.py
[2024-12-27T02:13:42.921+0000] {processor.py:925} INFO - DAG(s) 'read_dataset_event_from_classic', 'read_dataset_event' retrieved from /home/airflow/.local/lib/python3.12/site-packages/airflow/example_dags/example_inlet_event_extra.py
[2024-12-27T02:13:42.950+0000] {logging_mixin.py:190} INFO - [2024-12-27T02:13:42.949+0000] {dag.py:3239} INFO - Sync 2 DAGs
[2024-12-27T02:13:42.979+0000] {logging_mixin.py:190} INFO - [2024-12-27T02:13:42.979+0000] {dag.py:4180} INFO - Setting next_dagrun for read_dataset_event to 2024-12-26 00:00:00+00:00, run_after=2024-12-27 00:00:00+00:00
[2024-12-27T02:13:42.986+0000] {logging_mixin.py:190} INFO - [2024-12-27T02:13:42.985+0000] {dag.py:4180} INFO - Setting next_dagrun for read_dataset_event_from_classic to 2024-12-26 00:00:00+00:00, run_after=2024-12-27 00:00:00+00:00
[2024-12-27T02:13:43.020+0000] {processor.py:208} INFO - Processing /home/airflow/.local/lib/python3.12/site-packages/airflow/example_dags/example_inlet_event_extra.py took 0.676 seconds
[2024-12-27T02:14:13.128+0000] {processor.py:186} INFO - Started process (PID=2291) to work on /home/airflow/.local/lib/python3.12/site-packages/airflow/example_dags/example_inlet_event_extra.py
[2024-12-27T02:14:13.184+0000] {processor.py:914} INFO - Processing file /home/airflow/.local/lib/python3.12/site-packages/airflow/example_dags/example_inlet_event_extra.py for tasks to queue
[2024-12-27T02:14:13.187+0000] {logging_mixin.py:190} INFO - [2024-12-27T02:14:13.187+0000] {dagbag.py:588} INFO - Filling up the DagBag from /home/airflow/.local/lib/python3.12/site-packages/airflow/example_dags/example_inlet_event_extra.py
[2024-12-27T02:14:13.695+0000] {processor.py:925} INFO - DAG(s) 'read_dataset_event', 'read_dataset_event_from_classic' retrieved from /home/airflow/.local/lib/python3.12/site-packages/airflow/example_dags/example_inlet_event_extra.py
[2024-12-27T02:14:13.723+0000] {logging_mixin.py:190} INFO - [2024-12-27T02:14:13.722+0000] {dag.py:3239} INFO - Sync 2 DAGs
[2024-12-27T02:14:13.748+0000] {logging_mixin.py:190} INFO - [2024-12-27T02:14:13.748+0000] {dag.py:4180} INFO - Setting next_dagrun for read_dataset_event to 2024-12-26 00:00:00+00:00, run_after=2024-12-27 00:00:00+00:00
[2024-12-27T02:14:13.754+0000] {logging_mixin.py:190} INFO - [2024-12-27T02:14:13.754+0000] {dag.py:4180} INFO - Setting next_dagrun for read_dataset_event_from_classic to 2024-12-26 00:00:00+00:00, run_after=2024-12-27 00:00:00+00:00
[2024-12-27T02:14:14.056+0000] {processor.py:208} INFO - Processing /home/airflow/.local/lib/python3.12/site-packages/airflow/example_dags/example_inlet_event_extra.py took 0.933 seconds
[2024-12-27T02:14:44.355+0000] {processor.py:186} INFO - Started process (PID=2354) to work on /home/airflow/.local/lib/python3.12/site-packages/airflow/example_dags/example_inlet_event_extra.py
[2024-12-27T02:14:44.357+0000] {processor.py:914} INFO - Processing file /home/airflow/.local/lib/python3.12/site-packages/airflow/example_dags/example_inlet_event_extra.py for tasks to queue
[2024-12-27T02:14:44.360+0000] {logging_mixin.py:190} INFO - [2024-12-27T02:14:44.360+0000] {dagbag.py:588} INFO - Filling up the DagBag from /home/airflow/.local/lib/python3.12/site-packages/airflow/example_dags/example_inlet_event_extra.py
[2024-12-27T02:14:45.547+0000] {processor.py:925} INFO - DAG(s) 'read_dataset_event_from_classic', 'read_dataset_event' retrieved from /home/airflow/.local/lib/python3.12/site-packages/airflow/example_dags/example_inlet_event_extra.py
[2024-12-27T02:14:45.597+0000] {logging_mixin.py:190} INFO - [2024-12-27T02:14:45.596+0000] {dag.py:3239} INFO - Sync 2 DAGs
[2024-12-27T02:14:45.677+0000] {logging_mixin.py:190} INFO - [2024-12-27T02:14:45.676+0000] {dag.py:4180} INFO - Setting next_dagrun for read_dataset_event to 2024-12-26 00:00:00+00:00, run_after=2024-12-27 00:00:00+00:00
[2024-12-27T02:14:45.694+0000] {logging_mixin.py:190} INFO - [2024-12-27T02:14:45.693+0000] {dag.py:4180} INFO - Setting next_dagrun for read_dataset_event_from_classic to 2024-12-26 00:00:00+00:00, run_after=2024-12-27 00:00:00+00:00
[2024-12-27T02:14:45.750+0000] {processor.py:208} INFO - Processing /home/airflow/.local/lib/python3.12/site-packages/airflow/example_dags/example_inlet_event_extra.py took 1.401 seconds
[2024-12-27T02:15:15.942+0000] {processor.py:186} INFO - Started process (PID=2417) to work on /home/airflow/.local/lib/python3.12/site-packages/airflow/example_dags/example_inlet_event_extra.py
[2024-12-27T02:15:15.944+0000] {processor.py:914} INFO - Processing file /home/airflow/.local/lib/python3.12/site-packages/airflow/example_dags/example_inlet_event_extra.py for tasks to queue
[2024-12-27T02:15:15.946+0000] {logging_mixin.py:190} INFO - [2024-12-27T02:15:15.946+0000] {dagbag.py:588} INFO - Filling up the DagBag from /home/airflow/.local/lib/python3.12/site-packages/airflow/example_dags/example_inlet_event_extra.py
[2024-12-27T02:15:16.312+0000] {processor.py:925} INFO - DAG(s) 'read_dataset_event', 'read_dataset_event_from_classic' retrieved from /home/airflow/.local/lib/python3.12/site-packages/airflow/example_dags/example_inlet_event_extra.py
[2024-12-27T02:15:16.342+0000] {logging_mixin.py:190} INFO - [2024-12-27T02:15:16.342+0000] {dag.py:3239} INFO - Sync 2 DAGs
[2024-12-27T02:15:16.374+0000] {logging_mixin.py:190} INFO - [2024-12-27T02:15:16.374+0000] {dag.py:4180} INFO - Setting next_dagrun for read_dataset_event to 2024-12-26 00:00:00+00:00, run_after=2024-12-27 00:00:00+00:00
[2024-12-27T02:15:16.382+0000] {logging_mixin.py:190} INFO - [2024-12-27T02:15:16.381+0000] {dag.py:4180} INFO - Setting next_dagrun for read_dataset_event_from_classic to 2024-12-26 00:00:00+00:00, run_after=2024-12-27 00:00:00+00:00
[2024-12-27T02:15:16.418+0000] {processor.py:208} INFO - Processing /home/airflow/.local/lib/python3.12/site-packages/airflow/example_dags/example_inlet_event_extra.py took 0.481 seconds
[2024-12-27T02:15:47.440+0000] {processor.py:186} INFO - Started process (PID=2481) to work on /home/airflow/.local/lib/python3.12/site-packages/airflow/example_dags/example_inlet_event_extra.py
[2024-12-27T02:15:47.441+0000] {processor.py:914} INFO - Processing file /home/airflow/.local/lib/python3.12/site-packages/airflow/example_dags/example_inlet_event_extra.py for tasks to queue
[2024-12-27T02:15:47.445+0000] {logging_mixin.py:190} INFO - [2024-12-27T02:15:47.444+0000] {dagbag.py:588} INFO - Filling up the DagBag from /home/airflow/.local/lib/python3.12/site-packages/airflow/example_dags/example_inlet_event_extra.py
[2024-12-27T02:15:47.841+0000] {processor.py:925} INFO - DAG(s) 'read_dataset_event_from_classic', 'read_dataset_event' retrieved from /home/airflow/.local/lib/python3.12/site-packages/airflow/example_dags/example_inlet_event_extra.py
[2024-12-27T02:15:47.871+0000] {logging_mixin.py:190} INFO - [2024-12-27T02:15:47.870+0000] {dag.py:3239} INFO - Sync 2 DAGs
[2024-12-27T02:15:47.902+0000] {logging_mixin.py:190} INFO - [2024-12-27T02:15:47.901+0000] {dag.py:4180} INFO - Setting next_dagrun for read_dataset_event to 2024-12-26 00:00:00+00:00, run_after=2024-12-27 00:00:00+00:00
[2024-12-27T02:15:47.910+0000] {logging_mixin.py:190} INFO - [2024-12-27T02:15:47.910+0000] {dag.py:4180} INFO - Setting next_dagrun for read_dataset_event_from_classic to 2024-12-26 00:00:00+00:00, run_after=2024-12-27 00:00:00+00:00
[2024-12-27T02:15:47.938+0000] {processor.py:208} INFO - Processing /home/airflow/.local/lib/python3.12/site-packages/airflow/example_dags/example_inlet_event_extra.py took 0.503 seconds
[2024-12-27T02:16:18.218+0000] {processor.py:186} INFO - Started process (PID=2544) to work on /home/airflow/.local/lib/python3.12/site-packages/airflow/example_dags/example_inlet_event_extra.py
[2024-12-27T02:16:18.219+0000] {processor.py:914} INFO - Processing file /home/airflow/.local/lib/python3.12/site-packages/airflow/example_dags/example_inlet_event_extra.py for tasks to queue
[2024-12-27T02:16:18.222+0000] {logging_mixin.py:190} INFO - [2024-12-27T02:16:18.222+0000] {dagbag.py:588} INFO - Filling up the DagBag from /home/airflow/.local/lib/python3.12/site-packages/airflow/example_dags/example_inlet_event_extra.py
[2024-12-27T02:16:18.650+0000] {processor.py:925} INFO - DAG(s) 'read_dataset_event', 'read_dataset_event_from_classic' retrieved from /home/airflow/.local/lib/python3.12/site-packages/airflow/example_dags/example_inlet_event_extra.py
[2024-12-27T02:16:18.682+0000] {logging_mixin.py:190} INFO - [2024-12-27T02:16:18.681+0000] {dag.py:3239} INFO - Sync 2 DAGs
[2024-12-27T02:16:18.710+0000] {logging_mixin.py:190} INFO - [2024-12-27T02:16:18.710+0000] {dag.py:4180} INFO - Setting next_dagrun for read_dataset_event to 2024-12-26 00:00:00+00:00, run_after=2024-12-27 00:00:00+00:00
[2024-12-27T02:16:18.718+0000] {logging_mixin.py:190} INFO - [2024-12-27T02:16:18.718+0000] {dag.py:4180} INFO - Setting next_dagrun for read_dataset_event_from_classic to 2024-12-26 00:00:00+00:00, run_after=2024-12-27 00:00:00+00:00
[2024-12-27T02:16:18.750+0000] {processor.py:208} INFO - Processing /home/airflow/.local/lib/python3.12/site-packages/airflow/example_dags/example_inlet_event_extra.py took 0.537 seconds
[2024-12-27T02:16:48.916+0000] {processor.py:186} INFO - Started process (PID=2607) to work on /home/airflow/.local/lib/python3.12/site-packages/airflow/example_dags/example_inlet_event_extra.py
[2024-12-27T02:16:48.918+0000] {processor.py:914} INFO - Processing file /home/airflow/.local/lib/python3.12/site-packages/airflow/example_dags/example_inlet_event_extra.py for tasks to queue
[2024-12-27T02:16:48.921+0000] {logging_mixin.py:190} INFO - [2024-12-27T02:16:48.920+0000] {dagbag.py:588} INFO - Filling up the DagBag from /home/airflow/.local/lib/python3.12/site-packages/airflow/example_dags/example_inlet_event_extra.py
[2024-12-27T02:16:49.269+0000] {processor.py:925} INFO - DAG(s) 'read_dataset_event_from_classic', 'read_dataset_event' retrieved from /home/airflow/.local/lib/python3.12/site-packages/airflow/example_dags/example_inlet_event_extra.py
[2024-12-27T02:16:49.300+0000] {logging_mixin.py:190} INFO - [2024-12-27T02:16:49.299+0000] {dag.py:3239} INFO - Sync 2 DAGs
[2024-12-27T02:16:49.330+0000] {logging_mixin.py:190} INFO - [2024-12-27T02:16:49.330+0000] {dag.py:4180} INFO - Setting next_dagrun for read_dataset_event to 2024-12-26 00:00:00+00:00, run_after=2024-12-27 00:00:00+00:00
[2024-12-27T02:16:49.337+0000] {logging_mixin.py:190} INFO - [2024-12-27T02:16:49.336+0000] {dag.py:4180} INFO - Setting next_dagrun for read_dataset_event_from_classic to 2024-12-26 00:00:00+00:00, run_after=2024-12-27 00:00:00+00:00
[2024-12-27T02:16:49.365+0000] {processor.py:208} INFO - Processing /home/airflow/.local/lib/python3.12/site-packages/airflow/example_dags/example_inlet_event_extra.py took 0.454 seconds
