[2024-12-27T01:56:34.960+0000] {processor.py:186} INFO - Started process (PID=124) to work on /home/airflow/.local/lib/python3.12/site-packages/airflow/example_dags/example_trigger_target_dag.py
[2024-12-27T01:56:34.961+0000] {processor.py:914} INFO - Processing file /home/airflow/.local/lib/python3.12/site-packages/airflow/example_dags/example_trigger_target_dag.py for tasks to queue
[2024-12-27T01:56:34.964+0000] {logging_mixin.py:190} INFO - [2024-12-27T01:56:34.964+0000] {dagbag.py:588} INFO - Filling up the DagBag from /home/airflow/.local/lib/python3.12/site-packages/airflow/example_dags/example_trigger_target_dag.py
[2024-12-27T01:56:34.972+0000] {processor.py:925} INFO - DAG(s) 'example_trigger_target_dag' retrieved from /home/airflow/.local/lib/python3.12/site-packages/airflow/example_dags/example_trigger_target_dag.py
[2024-12-27T01:56:35.085+0000] {logging_mixin.py:190} INFO - [2024-12-27T01:56:35.084+0000] {override.py:1911} INFO - Created Permission View: can read on DAG:example_trigger_target_dag
[2024-12-27T01:56:35.101+0000] {logging_mixin.py:190} INFO - [2024-12-27T01:56:35.101+0000] {override.py:1911} INFO - Created Permission View: can edit on DAG:example_trigger_target_dag
[2024-12-27T01:56:35.113+0000] {logging_mixin.py:190} INFO - [2024-12-27T01:56:35.113+0000] {override.py:1911} INFO - Created Permission View: can delete on DAG:example_trigger_target_dag
[2024-12-27T01:56:35.128+0000] {logging_mixin.py:190} INFO - [2024-12-27T01:56:35.127+0000] {override.py:1911} INFO - Created Permission View: menu access on DAG Run:example_trigger_target_dag
[2024-12-27T01:56:35.142+0000] {logging_mixin.py:190} INFO - [2024-12-27T01:56:35.142+0000] {override.py:1911} INFO - Created Permission View: can read on DAG Run:example_trigger_target_dag
[2024-12-27T01:56:35.155+0000] {logging_mixin.py:190} INFO - [2024-12-27T01:56:35.155+0000] {override.py:1911} INFO - Created Permission View: can create on DAG Run:example_trigger_target_dag
[2024-12-27T01:56:35.167+0000] {logging_mixin.py:190} INFO - [2024-12-27T01:56:35.167+0000] {override.py:1911} INFO - Created Permission View: can delete on DAG Run:example_trigger_target_dag
[2024-12-27T01:56:35.168+0000] {logging_mixin.py:190} INFO - [2024-12-27T01:56:35.168+0000] {dag.py:3239} INFO - Sync 1 DAGs
[2024-12-27T01:56:35.186+0000] {logging_mixin.py:190} INFO - [2024-12-27T01:56:35.186+0000] {dag.py:3262} INFO - Creating ORM DAG for example_trigger_target_dag
[2024-12-27T01:56:35.187+0000] {logging_mixin.py:190} INFO - [2024-12-27T01:56:35.187+0000] {dag.py:4180} INFO - Setting next_dagrun for example_trigger_target_dag to None, run_after=None
[2024-12-27T01:56:35.212+0000] {processor.py:208} INFO - Processing /home/airflow/.local/lib/python3.12/site-packages/airflow/example_dags/example_trigger_target_dag.py took 0.257 seconds
[2024-12-27T01:57:05.350+0000] {processor.py:186} INFO - Started process (PID=187) to work on /home/airflow/.local/lib/python3.12/site-packages/airflow/example_dags/example_trigger_target_dag.py
[2024-12-27T01:57:05.352+0000] {processor.py:914} INFO - Processing file /home/airflow/.local/lib/python3.12/site-packages/airflow/example_dags/example_trigger_target_dag.py for tasks to queue
[2024-12-27T01:57:05.355+0000] {logging_mixin.py:190} INFO - [2024-12-27T01:57:05.355+0000] {dagbag.py:588} INFO - Filling up the DagBag from /home/airflow/.local/lib/python3.12/site-packages/airflow/example_dags/example_trigger_target_dag.py
[2024-12-27T01:57:05.363+0000] {processor.py:925} INFO - DAG(s) 'example_trigger_target_dag' retrieved from /home/airflow/.local/lib/python3.12/site-packages/airflow/example_dags/example_trigger_target_dag.py
[2024-12-27T01:57:05.388+0000] {logging_mixin.py:190} INFO - [2024-12-27T01:57:05.388+0000] {dag.py:3239} INFO - Sync 1 DAGs
[2024-12-27T01:57:05.402+0000] {logging_mixin.py:190} INFO - [2024-12-27T01:57:05.402+0000] {dag.py:4180} INFO - Setting next_dagrun for example_trigger_target_dag to None, run_after=None
[2024-12-27T01:57:05.429+0000] {processor.py:208} INFO - Processing /home/airflow/.local/lib/python3.12/site-packages/airflow/example_dags/example_trigger_target_dag.py took 0.084 seconds
[2024-12-27T01:57:36.054+0000] {processor.py:186} INFO - Started process (PID=250) to work on /home/airflow/.local/lib/python3.12/site-packages/airflow/example_dags/example_trigger_target_dag.py
[2024-12-27T01:57:36.055+0000] {processor.py:914} INFO - Processing file /home/airflow/.local/lib/python3.12/site-packages/airflow/example_dags/example_trigger_target_dag.py for tasks to queue
[2024-12-27T01:57:36.058+0000] {logging_mixin.py:190} INFO - [2024-12-27T01:57:36.058+0000] {dagbag.py:588} INFO - Filling up the DagBag from /home/airflow/.local/lib/python3.12/site-packages/airflow/example_dags/example_trigger_target_dag.py
[2024-12-27T01:57:36.065+0000] {processor.py:925} INFO - DAG(s) 'example_trigger_target_dag' retrieved from /home/airflow/.local/lib/python3.12/site-packages/airflow/example_dags/example_trigger_target_dag.py
[2024-12-27T01:57:36.092+0000] {logging_mixin.py:190} INFO - [2024-12-27T01:57:36.092+0000] {dag.py:3239} INFO - Sync 1 DAGs
[2024-12-27T01:57:36.105+0000] {logging_mixin.py:190} INFO - [2024-12-27T01:57:36.105+0000] {dag.py:4180} INFO - Setting next_dagrun for example_trigger_target_dag to None, run_after=None
[2024-12-27T01:57:36.135+0000] {processor.py:208} INFO - Processing /home/airflow/.local/lib/python3.12/site-packages/airflow/example_dags/example_trigger_target_dag.py took 0.086 seconds
[2024-12-27T01:58:07.437+0000] {processor.py:186} INFO - Started process (PID=313) to work on /home/airflow/.local/lib/python3.12/site-packages/airflow/example_dags/example_trigger_target_dag.py
[2024-12-27T01:58:07.439+0000] {processor.py:914} INFO - Processing file /home/airflow/.local/lib/python3.12/site-packages/airflow/example_dags/example_trigger_target_dag.py for tasks to queue
[2024-12-27T01:58:07.443+0000] {logging_mixin.py:190} INFO - [2024-12-27T01:58:07.442+0000] {dagbag.py:588} INFO - Filling up the DagBag from /home/airflow/.local/lib/python3.12/site-packages/airflow/example_dags/example_trigger_target_dag.py
[2024-12-27T01:58:07.452+0000] {processor.py:925} INFO - DAG(s) 'example_trigger_target_dag' retrieved from /home/airflow/.local/lib/python3.12/site-packages/airflow/example_dags/example_trigger_target_dag.py
[2024-12-27T01:58:07.518+0000] {logging_mixin.py:190} INFO - [2024-12-27T01:58:07.518+0000] {dag.py:3239} INFO - Sync 1 DAGs
[2024-12-27T01:58:07.536+0000] {logging_mixin.py:190} INFO - [2024-12-27T01:58:07.535+0000] {dag.py:4180} INFO - Setting next_dagrun for example_trigger_target_dag to None, run_after=None
[2024-12-27T01:58:07.564+0000] {processor.py:208} INFO - Processing /home/airflow/.local/lib/python3.12/site-packages/airflow/example_dags/example_trigger_target_dag.py took 0.136 seconds
[2024-12-27T01:58:38.421+0000] {processor.py:186} INFO - Started process (PID=376) to work on /home/airflow/.local/lib/python3.12/site-packages/airflow/example_dags/example_trigger_target_dag.py
[2024-12-27T01:58:38.423+0000] {processor.py:914} INFO - Processing file /home/airflow/.local/lib/python3.12/site-packages/airflow/example_dags/example_trigger_target_dag.py for tasks to queue
[2024-12-27T01:58:38.425+0000] {logging_mixin.py:190} INFO - [2024-12-27T01:58:38.425+0000] {dagbag.py:588} INFO - Filling up the DagBag from /home/airflow/.local/lib/python3.12/site-packages/airflow/example_dags/example_trigger_target_dag.py
[2024-12-27T01:58:38.434+0000] {processor.py:925} INFO - DAG(s) 'example_trigger_target_dag' retrieved from /home/airflow/.local/lib/python3.12/site-packages/airflow/example_dags/example_trigger_target_dag.py
[2024-12-27T01:58:38.459+0000] {logging_mixin.py:190} INFO - [2024-12-27T01:58:38.459+0000] {dag.py:3239} INFO - Sync 1 DAGs
[2024-12-27T01:58:38.476+0000] {logging_mixin.py:190} INFO - [2024-12-27T01:58:38.476+0000] {dag.py:4180} INFO - Setting next_dagrun for example_trigger_target_dag to None, run_after=None
[2024-12-27T01:58:38.506+0000] {processor.py:208} INFO - Processing /home/airflow/.local/lib/python3.12/site-packages/airflow/example_dags/example_trigger_target_dag.py took 0.092 seconds
[2024-12-27T01:59:08.601+0000] {processor.py:186} INFO - Started process (PID=438) to work on /home/airflow/.local/lib/python3.12/site-packages/airflow/example_dags/example_trigger_target_dag.py
[2024-12-27T01:59:08.603+0000] {processor.py:914} INFO - Processing file /home/airflow/.local/lib/python3.12/site-packages/airflow/example_dags/example_trigger_target_dag.py for tasks to queue
[2024-12-27T01:59:08.606+0000] {logging_mixin.py:190} INFO - [2024-12-27T01:59:08.606+0000] {dagbag.py:588} INFO - Filling up the DagBag from /home/airflow/.local/lib/python3.12/site-packages/airflow/example_dags/example_trigger_target_dag.py
[2024-12-27T01:59:08.614+0000] {processor.py:925} INFO - DAG(s) 'example_trigger_target_dag' retrieved from /home/airflow/.local/lib/python3.12/site-packages/airflow/example_dags/example_trigger_target_dag.py
[2024-12-27T01:59:08.638+0000] {logging_mixin.py:190} INFO - [2024-12-27T01:59:08.637+0000] {dag.py:3239} INFO - Sync 1 DAGs
[2024-12-27T01:59:08.653+0000] {logging_mixin.py:190} INFO - [2024-12-27T01:59:08.653+0000] {dag.py:4180} INFO - Setting next_dagrun for example_trigger_target_dag to None, run_after=None
[2024-12-27T01:59:08.680+0000] {processor.py:208} INFO - Processing /home/airflow/.local/lib/python3.12/site-packages/airflow/example_dags/example_trigger_target_dag.py took 0.085 seconds
[2024-12-27T01:59:39.912+0000] {processor.py:186} INFO - Started process (PID=501) to work on /home/airflow/.local/lib/python3.12/site-packages/airflow/example_dags/example_trigger_target_dag.py
[2024-12-27T01:59:39.914+0000] {processor.py:914} INFO - Processing file /home/airflow/.local/lib/python3.12/site-packages/airflow/example_dags/example_trigger_target_dag.py for tasks to queue
[2024-12-27T01:59:39.917+0000] {logging_mixin.py:190} INFO - [2024-12-27T01:59:39.916+0000] {dagbag.py:588} INFO - Filling up the DagBag from /home/airflow/.local/lib/python3.12/site-packages/airflow/example_dags/example_trigger_target_dag.py
[2024-12-27T01:59:39.927+0000] {processor.py:925} INFO - DAG(s) 'example_trigger_target_dag' retrieved from /home/airflow/.local/lib/python3.12/site-packages/airflow/example_dags/example_trigger_target_dag.py
[2024-12-27T01:59:39.949+0000] {logging_mixin.py:190} INFO - [2024-12-27T01:59:39.948+0000] {dag.py:3239} INFO - Sync 1 DAGs
[2024-12-27T01:59:39.963+0000] {logging_mixin.py:190} INFO - [2024-12-27T01:59:39.963+0000] {dag.py:4180} INFO - Setting next_dagrun for example_trigger_target_dag to None, run_after=None
[2024-12-27T01:59:39.990+0000] {processor.py:208} INFO - Processing /home/airflow/.local/lib/python3.12/site-packages/airflow/example_dags/example_trigger_target_dag.py took 0.083 seconds
[2024-12-27T02:00:11.356+0000] {processor.py:186} INFO - Started process (PID=564) to work on /home/airflow/.local/lib/python3.12/site-packages/airflow/example_dags/example_trigger_target_dag.py
[2024-12-27T02:00:11.358+0000] {processor.py:914} INFO - Processing file /home/airflow/.local/lib/python3.12/site-packages/airflow/example_dags/example_trigger_target_dag.py for tasks to queue
[2024-12-27T02:00:11.361+0000] {logging_mixin.py:190} INFO - [2024-12-27T02:00:11.361+0000] {dagbag.py:588} INFO - Filling up the DagBag from /home/airflow/.local/lib/python3.12/site-packages/airflow/example_dags/example_trigger_target_dag.py
[2024-12-27T02:00:11.368+0000] {processor.py:925} INFO - DAG(s) 'example_trigger_target_dag' retrieved from /home/airflow/.local/lib/python3.12/site-packages/airflow/example_dags/example_trigger_target_dag.py
[2024-12-27T02:00:11.393+0000] {logging_mixin.py:190} INFO - [2024-12-27T02:00:11.392+0000] {dag.py:3239} INFO - Sync 1 DAGs
[2024-12-27T02:00:11.408+0000] {logging_mixin.py:190} INFO - [2024-12-27T02:00:11.408+0000] {dag.py:4180} INFO - Setting next_dagrun for example_trigger_target_dag to None, run_after=None
[2024-12-27T02:00:11.437+0000] {processor.py:208} INFO - Processing /home/airflow/.local/lib/python3.12/site-packages/airflow/example_dags/example_trigger_target_dag.py took 0.085 seconds
[2024-12-27T02:00:43.123+0000] {processor.py:186} INFO - Started process (PID=627) to work on /home/airflow/.local/lib/python3.12/site-packages/airflow/example_dags/example_trigger_target_dag.py
[2024-12-27T02:00:43.125+0000] {processor.py:914} INFO - Processing file /home/airflow/.local/lib/python3.12/site-packages/airflow/example_dags/example_trigger_target_dag.py for tasks to queue
[2024-12-27T02:00:43.128+0000] {logging_mixin.py:190} INFO - [2024-12-27T02:00:43.127+0000] {dagbag.py:588} INFO - Filling up the DagBag from /home/airflow/.local/lib/python3.12/site-packages/airflow/example_dags/example_trigger_target_dag.py
[2024-12-27T02:00:43.137+0000] {processor.py:925} INFO - DAG(s) 'example_trigger_target_dag' retrieved from /home/airflow/.local/lib/python3.12/site-packages/airflow/example_dags/example_trigger_target_dag.py
[2024-12-27T02:00:43.163+0000] {logging_mixin.py:190} INFO - [2024-12-27T02:00:43.162+0000] {dag.py:3239} INFO - Sync 1 DAGs
[2024-12-27T02:00:43.180+0000] {logging_mixin.py:190} INFO - [2024-12-27T02:00:43.180+0000] {dag.py:4180} INFO - Setting next_dagrun for example_trigger_target_dag to None, run_after=None
[2024-12-27T02:00:43.218+0000] {processor.py:208} INFO - Processing /home/airflow/.local/lib/python3.12/site-packages/airflow/example_dags/example_trigger_target_dag.py took 0.100 seconds
[2024-12-27T02:01:15.434+0000] {processor.py:186} INFO - Started process (PID=690) to work on /home/airflow/.local/lib/python3.12/site-packages/airflow/example_dags/example_trigger_target_dag.py
[2024-12-27T02:01:15.435+0000] {processor.py:914} INFO - Processing file /home/airflow/.local/lib/python3.12/site-packages/airflow/example_dags/example_trigger_target_dag.py for tasks to queue
[2024-12-27T02:01:15.437+0000] {logging_mixin.py:190} INFO - [2024-12-27T02:01:15.437+0000] {dagbag.py:588} INFO - Filling up the DagBag from /home/airflow/.local/lib/python3.12/site-packages/airflow/example_dags/example_trigger_target_dag.py
[2024-12-27T02:01:15.444+0000] {processor.py:925} INFO - DAG(s) 'example_trigger_target_dag' retrieved from /home/airflow/.local/lib/python3.12/site-packages/airflow/example_dags/example_trigger_target_dag.py
[2024-12-27T02:01:15.471+0000] {logging_mixin.py:190} INFO - [2024-12-27T02:01:15.470+0000] {dag.py:3239} INFO - Sync 1 DAGs
[2024-12-27T02:01:15.486+0000] {logging_mixin.py:190} INFO - [2024-12-27T02:01:15.486+0000] {dag.py:4180} INFO - Setting next_dagrun for example_trigger_target_dag to None, run_after=None
[2024-12-27T02:01:15.513+0000] {processor.py:208} INFO - Processing /home/airflow/.local/lib/python3.12/site-packages/airflow/example_dags/example_trigger_target_dag.py took 0.085 seconds
[2024-12-27T02:01:46.244+0000] {processor.py:186} INFO - Started process (PID=753) to work on /home/airflow/.local/lib/python3.12/site-packages/airflow/example_dags/example_trigger_target_dag.py
[2024-12-27T02:01:46.246+0000] {processor.py:914} INFO - Processing file /home/airflow/.local/lib/python3.12/site-packages/airflow/example_dags/example_trigger_target_dag.py for tasks to queue
[2024-12-27T02:01:46.251+0000] {logging_mixin.py:190} INFO - [2024-12-27T02:01:46.250+0000] {dagbag.py:588} INFO - Filling up the DagBag from /home/airflow/.local/lib/python3.12/site-packages/airflow/example_dags/example_trigger_target_dag.py
[2024-12-27T02:01:46.262+0000] {processor.py:925} INFO - DAG(s) 'example_trigger_target_dag' retrieved from /home/airflow/.local/lib/python3.12/site-packages/airflow/example_dags/example_trigger_target_dag.py
[2024-12-27T02:01:46.302+0000] {logging_mixin.py:190} INFO - [2024-12-27T02:01:46.301+0000] {dag.py:3239} INFO - Sync 1 DAGs
[2024-12-27T02:01:46.327+0000] {logging_mixin.py:190} INFO - [2024-12-27T02:01:46.326+0000] {dag.py:4180} INFO - Setting next_dagrun for example_trigger_target_dag to None, run_after=None
[2024-12-27T02:01:46.364+0000] {processor.py:208} INFO - Processing /home/airflow/.local/lib/python3.12/site-packages/airflow/example_dags/example_trigger_target_dag.py took 0.126 seconds
[2024-12-27T02:02:18.326+0000] {processor.py:186} INFO - Started process (PID=816) to work on /home/airflow/.local/lib/python3.12/site-packages/airflow/example_dags/example_trigger_target_dag.py
[2024-12-27T02:02:18.327+0000] {processor.py:914} INFO - Processing file /home/airflow/.local/lib/python3.12/site-packages/airflow/example_dags/example_trigger_target_dag.py for tasks to queue
[2024-12-27T02:02:18.331+0000] {logging_mixin.py:190} INFO - [2024-12-27T02:02:18.330+0000] {dagbag.py:588} INFO - Filling up the DagBag from /home/airflow/.local/lib/python3.12/site-packages/airflow/example_dags/example_trigger_target_dag.py
[2024-12-27T02:02:18.340+0000] {processor.py:925} INFO - DAG(s) 'example_trigger_target_dag' retrieved from /home/airflow/.local/lib/python3.12/site-packages/airflow/example_dags/example_trigger_target_dag.py
[2024-12-27T02:02:18.364+0000] {logging_mixin.py:190} INFO - [2024-12-27T02:02:18.364+0000] {dag.py:3239} INFO - Sync 1 DAGs
[2024-12-27T02:02:18.379+0000] {logging_mixin.py:190} INFO - [2024-12-27T02:02:18.379+0000] {dag.py:4180} INFO - Setting next_dagrun for example_trigger_target_dag to None, run_after=None
[2024-12-27T02:02:18.407+0000] {processor.py:208} INFO - Processing /home/airflow/.local/lib/python3.12/site-packages/airflow/example_dags/example_trigger_target_dag.py took 0.086 seconds
[2024-12-27T02:02:49.373+0000] {processor.py:186} INFO - Started process (PID=879) to work on /home/airflow/.local/lib/python3.12/site-packages/airflow/example_dags/example_trigger_target_dag.py
[2024-12-27T02:02:49.375+0000] {processor.py:914} INFO - Processing file /home/airflow/.local/lib/python3.12/site-packages/airflow/example_dags/example_trigger_target_dag.py for tasks to queue
[2024-12-27T02:02:49.379+0000] {logging_mixin.py:190} INFO - [2024-12-27T02:02:49.378+0000] {dagbag.py:588} INFO - Filling up the DagBag from /home/airflow/.local/lib/python3.12/site-packages/airflow/example_dags/example_trigger_target_dag.py
[2024-12-27T02:02:49.389+0000] {processor.py:925} INFO - DAG(s) 'example_trigger_target_dag' retrieved from /home/airflow/.local/lib/python3.12/site-packages/airflow/example_dags/example_trigger_target_dag.py
[2024-12-27T02:02:49.420+0000] {logging_mixin.py:190} INFO - [2024-12-27T02:02:49.419+0000] {dag.py:3239} INFO - Sync 1 DAGs
[2024-12-27T02:02:49.437+0000] {logging_mixin.py:190} INFO - [2024-12-27T02:02:49.437+0000] {dag.py:4180} INFO - Setting next_dagrun for example_trigger_target_dag to None, run_after=None
[2024-12-27T02:02:49.483+0000] {processor.py:208} INFO - Processing /home/airflow/.local/lib/python3.12/site-packages/airflow/example_dags/example_trigger_target_dag.py took 0.117 seconds
[2024-12-27T02:03:19.804+0000] {processor.py:186} INFO - Started process (PID=942) to work on /home/airflow/.local/lib/python3.12/site-packages/airflow/example_dags/example_trigger_target_dag.py
[2024-12-27T02:03:19.805+0000] {processor.py:914} INFO - Processing file /home/airflow/.local/lib/python3.12/site-packages/airflow/example_dags/example_trigger_target_dag.py for tasks to queue
[2024-12-27T02:03:19.809+0000] {logging_mixin.py:190} INFO - [2024-12-27T02:03:19.808+0000] {dagbag.py:588} INFO - Filling up the DagBag from /home/airflow/.local/lib/python3.12/site-packages/airflow/example_dags/example_trigger_target_dag.py
[2024-12-27T02:03:19.818+0000] {processor.py:925} INFO - DAG(s) 'example_trigger_target_dag' retrieved from /home/airflow/.local/lib/python3.12/site-packages/airflow/example_dags/example_trigger_target_dag.py
[2024-12-27T02:03:19.846+0000] {logging_mixin.py:190} INFO - [2024-12-27T02:03:19.845+0000] {dag.py:3239} INFO - Sync 1 DAGs
[2024-12-27T02:03:19.863+0000] {logging_mixin.py:190} INFO - [2024-12-27T02:03:19.863+0000] {dag.py:4180} INFO - Setting next_dagrun for example_trigger_target_dag to None, run_after=None
[2024-12-27T02:03:19.894+0000] {processor.py:208} INFO - Processing /home/airflow/.local/lib/python3.12/site-packages/airflow/example_dags/example_trigger_target_dag.py took 0.096 seconds
[2024-12-27T02:03:50.257+0000] {processor.py:186} INFO - Started process (PID=1005) to work on /home/airflow/.local/lib/python3.12/site-packages/airflow/example_dags/example_trigger_target_dag.py
[2024-12-27T02:03:50.259+0000] {processor.py:914} INFO - Processing file /home/airflow/.local/lib/python3.12/site-packages/airflow/example_dags/example_trigger_target_dag.py for tasks to queue
[2024-12-27T02:03:50.262+0000] {logging_mixin.py:190} INFO - [2024-12-27T02:03:50.261+0000] {dagbag.py:588} INFO - Filling up the DagBag from /home/airflow/.local/lib/python3.12/site-packages/airflow/example_dags/example_trigger_target_dag.py
[2024-12-27T02:03:50.270+0000] {processor.py:925} INFO - DAG(s) 'example_trigger_target_dag' retrieved from /home/airflow/.local/lib/python3.12/site-packages/airflow/example_dags/example_trigger_target_dag.py
[2024-12-27T02:03:50.294+0000] {logging_mixin.py:190} INFO - [2024-12-27T02:03:50.294+0000] {dag.py:3239} INFO - Sync 1 DAGs
[2024-12-27T02:03:50.310+0000] {logging_mixin.py:190} INFO - [2024-12-27T02:03:50.310+0000] {dag.py:4180} INFO - Setting next_dagrun for example_trigger_target_dag to None, run_after=None
[2024-12-27T02:03:50.524+0000] {processor.py:208} INFO - Processing /home/airflow/.local/lib/python3.12/site-packages/airflow/example_dags/example_trigger_target_dag.py took 0.272 seconds
[2024-12-27T02:04:21.796+0000] {processor.py:186} INFO - Started process (PID=1068) to work on /home/airflow/.local/lib/python3.12/site-packages/airflow/example_dags/example_trigger_target_dag.py
[2024-12-27T02:04:21.797+0000] {processor.py:914} INFO - Processing file /home/airflow/.local/lib/python3.12/site-packages/airflow/example_dags/example_trigger_target_dag.py for tasks to queue
[2024-12-27T02:04:21.800+0000] {logging_mixin.py:190} INFO - [2024-12-27T02:04:21.800+0000] {dagbag.py:588} INFO - Filling up the DagBag from /home/airflow/.local/lib/python3.12/site-packages/airflow/example_dags/example_trigger_target_dag.py
[2024-12-27T02:04:21.808+0000] {processor.py:925} INFO - DAG(s) 'example_trigger_target_dag' retrieved from /home/airflow/.local/lib/python3.12/site-packages/airflow/example_dags/example_trigger_target_dag.py
[2024-12-27T02:04:21.834+0000] {logging_mixin.py:190} INFO - [2024-12-27T02:04:21.833+0000] {dag.py:3239} INFO - Sync 1 DAGs
[2024-12-27T02:04:21.850+0000] {logging_mixin.py:190} INFO - [2024-12-27T02:04:21.849+0000] {dag.py:4180} INFO - Setting next_dagrun for example_trigger_target_dag to None, run_after=None
[2024-12-27T02:04:21.879+0000] {processor.py:208} INFO - Processing /home/airflow/.local/lib/python3.12/site-packages/airflow/example_dags/example_trigger_target_dag.py took 0.089 seconds
[2024-12-27T02:04:53.312+0000] {processor.py:186} INFO - Started process (PID=1131) to work on /home/airflow/.local/lib/python3.12/site-packages/airflow/example_dags/example_trigger_target_dag.py
[2024-12-27T02:04:53.313+0000] {processor.py:914} INFO - Processing file /home/airflow/.local/lib/python3.12/site-packages/airflow/example_dags/example_trigger_target_dag.py for tasks to queue
[2024-12-27T02:04:53.316+0000] {logging_mixin.py:190} INFO - [2024-12-27T02:04:53.316+0000] {dagbag.py:588} INFO - Filling up the DagBag from /home/airflow/.local/lib/python3.12/site-packages/airflow/example_dags/example_trigger_target_dag.py
[2024-12-27T02:04:53.326+0000] {processor.py:925} INFO - DAG(s) 'example_trigger_target_dag' retrieved from /home/airflow/.local/lib/python3.12/site-packages/airflow/example_dags/example_trigger_target_dag.py
[2024-12-27T02:04:53.354+0000] {logging_mixin.py:190} INFO - [2024-12-27T02:04:53.354+0000] {dag.py:3239} INFO - Sync 1 DAGs
[2024-12-27T02:04:53.394+0000] {logging_mixin.py:190} INFO - [2024-12-27T02:04:53.394+0000] {dag.py:4180} INFO - Setting next_dagrun for example_trigger_target_dag to None, run_after=None
[2024-12-27T02:04:53.437+0000] {processor.py:208} INFO - Processing /home/airflow/.local/lib/python3.12/site-packages/airflow/example_dags/example_trigger_target_dag.py took 0.132 seconds
[2024-12-27T02:05:23.742+0000] {processor.py:186} INFO - Started process (PID=1200) to work on /home/airflow/.local/lib/python3.12/site-packages/airflow/example_dags/example_trigger_target_dag.py
[2024-12-27T02:05:23.743+0000] {processor.py:914} INFO - Processing file /home/airflow/.local/lib/python3.12/site-packages/airflow/example_dags/example_trigger_target_dag.py for tasks to queue
[2024-12-27T02:05:23.747+0000] {logging_mixin.py:190} INFO - [2024-12-27T02:05:23.747+0000] {dagbag.py:588} INFO - Filling up the DagBag from /home/airflow/.local/lib/python3.12/site-packages/airflow/example_dags/example_trigger_target_dag.py
[2024-12-27T02:05:23.755+0000] {processor.py:925} INFO - DAG(s) 'example_trigger_target_dag' retrieved from /home/airflow/.local/lib/python3.12/site-packages/airflow/example_dags/example_trigger_target_dag.py
[2024-12-27T02:05:23.776+0000] {logging_mixin.py:190} INFO - [2024-12-27T02:05:23.776+0000] {dag.py:3239} INFO - Sync 1 DAGs
[2024-12-27T02:05:23.793+0000] {logging_mixin.py:190} INFO - [2024-12-27T02:05:23.793+0000] {dag.py:4180} INFO - Setting next_dagrun for example_trigger_target_dag to None, run_after=None
[2024-12-27T02:05:23.819+0000] {processor.py:208} INFO - Processing /home/airflow/.local/lib/python3.12/site-packages/airflow/example_dags/example_trigger_target_dag.py took 0.082 seconds
[2024-12-27T02:05:54.469+0000] {processor.py:186} INFO - Started process (PID=1262) to work on /home/airflow/.local/lib/python3.12/site-packages/airflow/example_dags/example_trigger_target_dag.py
[2024-12-27T02:05:54.470+0000] {processor.py:914} INFO - Processing file /home/airflow/.local/lib/python3.12/site-packages/airflow/example_dags/example_trigger_target_dag.py for tasks to queue
[2024-12-27T02:05:54.474+0000] {logging_mixin.py:190} INFO - [2024-12-27T02:05:54.473+0000] {dagbag.py:588} INFO - Filling up the DagBag from /home/airflow/.local/lib/python3.12/site-packages/airflow/example_dags/example_trigger_target_dag.py
[2024-12-27T02:05:54.488+0000] {processor.py:925} INFO - DAG(s) 'example_trigger_target_dag' retrieved from /home/airflow/.local/lib/python3.12/site-packages/airflow/example_dags/example_trigger_target_dag.py
[2024-12-27T02:05:54.524+0000] {logging_mixin.py:190} INFO - [2024-12-27T02:05:54.524+0000] {dag.py:3239} INFO - Sync 1 DAGs
[2024-12-27T02:05:54.551+0000] {logging_mixin.py:190} INFO - [2024-12-27T02:05:54.551+0000] {dag.py:4180} INFO - Setting next_dagrun for example_trigger_target_dag to None, run_after=None
[2024-12-27T02:05:54.589+0000] {processor.py:208} INFO - Processing /home/airflow/.local/lib/python3.12/site-packages/airflow/example_dags/example_trigger_target_dag.py took 0.127 seconds
[2024-12-27T02:06:26.549+0000] {processor.py:186} INFO - Started process (PID=1326) to work on /home/airflow/.local/lib/python3.12/site-packages/airflow/example_dags/example_trigger_target_dag.py
[2024-12-27T02:06:26.550+0000] {processor.py:914} INFO - Processing file /home/airflow/.local/lib/python3.12/site-packages/airflow/example_dags/example_trigger_target_dag.py for tasks to queue
[2024-12-27T02:06:26.553+0000] {logging_mixin.py:190} INFO - [2024-12-27T02:06:26.553+0000] {dagbag.py:588} INFO - Filling up the DagBag from /home/airflow/.local/lib/python3.12/site-packages/airflow/example_dags/example_trigger_target_dag.py
[2024-12-27T02:06:26.561+0000] {processor.py:925} INFO - DAG(s) 'example_trigger_target_dag' retrieved from /home/airflow/.local/lib/python3.12/site-packages/airflow/example_dags/example_trigger_target_dag.py
[2024-12-27T02:06:26.586+0000] {logging_mixin.py:190} INFO - [2024-12-27T02:06:26.586+0000] {dag.py:3239} INFO - Sync 1 DAGs
[2024-12-27T02:06:26.602+0000] {logging_mixin.py:190} INFO - [2024-12-27T02:06:26.602+0000] {dag.py:4180} INFO - Setting next_dagrun for example_trigger_target_dag to None, run_after=None
[2024-12-27T02:06:26.629+0000] {processor.py:208} INFO - Processing /home/airflow/.local/lib/python3.12/site-packages/airflow/example_dags/example_trigger_target_dag.py took 0.084 seconds
[2024-12-27T02:06:56.909+0000] {processor.py:186} INFO - Started process (PID=1389) to work on /home/airflow/.local/lib/python3.12/site-packages/airflow/example_dags/example_trigger_target_dag.py
[2024-12-27T02:06:56.911+0000] {processor.py:914} INFO - Processing file /home/airflow/.local/lib/python3.12/site-packages/airflow/example_dags/example_trigger_target_dag.py for tasks to queue
[2024-12-27T02:06:56.915+0000] {logging_mixin.py:190} INFO - [2024-12-27T02:06:56.914+0000] {dagbag.py:588} INFO - Filling up the DagBag from /home/airflow/.local/lib/python3.12/site-packages/airflow/example_dags/example_trigger_target_dag.py
[2024-12-27T02:06:56.923+0000] {processor.py:925} INFO - DAG(s) 'example_trigger_target_dag' retrieved from /home/airflow/.local/lib/python3.12/site-packages/airflow/example_dags/example_trigger_target_dag.py
[2024-12-27T02:06:56.948+0000] {logging_mixin.py:190} INFO - [2024-12-27T02:06:56.947+0000] {dag.py:3239} INFO - Sync 1 DAGs
[2024-12-27T02:06:56.967+0000] {logging_mixin.py:190} INFO - [2024-12-27T02:06:56.967+0000] {dag.py:4180} INFO - Setting next_dagrun for example_trigger_target_dag to None, run_after=None
[2024-12-27T02:06:56.997+0000] {processor.py:208} INFO - Processing /home/airflow/.local/lib/python3.12/site-packages/airflow/example_dags/example_trigger_target_dag.py took 0.094 seconds
[2024-12-27T02:07:28.470+0000] {processor.py:186} INFO - Started process (PID=1452) to work on /home/airflow/.local/lib/python3.12/site-packages/airflow/example_dags/example_trigger_target_dag.py
[2024-12-27T02:07:28.471+0000] {processor.py:914} INFO - Processing file /home/airflow/.local/lib/python3.12/site-packages/airflow/example_dags/example_trigger_target_dag.py for tasks to queue
[2024-12-27T02:07:28.474+0000] {logging_mixin.py:190} INFO - [2024-12-27T02:07:28.474+0000] {dagbag.py:588} INFO - Filling up the DagBag from /home/airflow/.local/lib/python3.12/site-packages/airflow/example_dags/example_trigger_target_dag.py
[2024-12-27T02:07:28.486+0000] {processor.py:925} INFO - DAG(s) 'example_trigger_target_dag' retrieved from /home/airflow/.local/lib/python3.12/site-packages/airflow/example_dags/example_trigger_target_dag.py
[2024-12-27T02:07:28.520+0000] {logging_mixin.py:190} INFO - [2024-12-27T02:07:28.519+0000] {dag.py:3239} INFO - Sync 1 DAGs
[2024-12-27T02:07:28.539+0000] {logging_mixin.py:190} INFO - [2024-12-27T02:07:28.538+0000] {dag.py:4180} INFO - Setting next_dagrun for example_trigger_target_dag to None, run_after=None
[2024-12-27T02:07:28.569+0000] {processor.py:208} INFO - Processing /home/airflow/.local/lib/python3.12/site-packages/airflow/example_dags/example_trigger_target_dag.py took 0.106 seconds
[2024-12-27T02:07:59.899+0000] {processor.py:186} INFO - Started process (PID=1515) to work on /home/airflow/.local/lib/python3.12/site-packages/airflow/example_dags/example_trigger_target_dag.py
[2024-12-27T02:07:59.900+0000] {processor.py:914} INFO - Processing file /home/airflow/.local/lib/python3.12/site-packages/airflow/example_dags/example_trigger_target_dag.py for tasks to queue
[2024-12-27T02:07:59.903+0000] {logging_mixin.py:190} INFO - [2024-12-27T02:07:59.903+0000] {dagbag.py:588} INFO - Filling up the DagBag from /home/airflow/.local/lib/python3.12/site-packages/airflow/example_dags/example_trigger_target_dag.py
[2024-12-27T02:07:59.913+0000] {processor.py:925} INFO - DAG(s) 'example_trigger_target_dag' retrieved from /home/airflow/.local/lib/python3.12/site-packages/airflow/example_dags/example_trigger_target_dag.py
[2024-12-27T02:07:59.939+0000] {logging_mixin.py:190} INFO - [2024-12-27T02:07:59.939+0000] {dag.py:3239} INFO - Sync 1 DAGs
[2024-12-27T02:07:59.955+0000] {logging_mixin.py:190} INFO - [2024-12-27T02:07:59.955+0000] {dag.py:4180} INFO - Setting next_dagrun for example_trigger_target_dag to None, run_after=None
[2024-12-27T02:07:59.979+0000] {processor.py:208} INFO - Processing /home/airflow/.local/lib/python3.12/site-packages/airflow/example_dags/example_trigger_target_dag.py took 0.086 seconds
[2024-12-27T02:08:31.322+0000] {processor.py:186} INFO - Started process (PID=1578) to work on /home/airflow/.local/lib/python3.12/site-packages/airflow/example_dags/example_trigger_target_dag.py
[2024-12-27T02:08:31.323+0000] {processor.py:914} INFO - Processing file /home/airflow/.local/lib/python3.12/site-packages/airflow/example_dags/example_trigger_target_dag.py for tasks to queue
[2024-12-27T02:08:31.326+0000] {logging_mixin.py:190} INFO - [2024-12-27T02:08:31.326+0000] {dagbag.py:588} INFO - Filling up the DagBag from /home/airflow/.local/lib/python3.12/site-packages/airflow/example_dags/example_trigger_target_dag.py
[2024-12-27T02:08:31.335+0000] {processor.py:925} INFO - DAG(s) 'example_trigger_target_dag' retrieved from /home/airflow/.local/lib/python3.12/site-packages/airflow/example_dags/example_trigger_target_dag.py
[2024-12-27T02:08:31.361+0000] {logging_mixin.py:190} INFO - [2024-12-27T02:08:31.360+0000] {dag.py:3239} INFO - Sync 1 DAGs
[2024-12-27T02:08:31.377+0000] {logging_mixin.py:190} INFO - [2024-12-27T02:08:31.376+0000] {dag.py:4180} INFO - Setting next_dagrun for example_trigger_target_dag to None, run_after=None
[2024-12-27T02:08:31.409+0000] {processor.py:208} INFO - Processing /home/airflow/.local/lib/python3.12/site-packages/airflow/example_dags/example_trigger_target_dag.py took 0.092 seconds
[2024-12-27T02:09:02.611+0000] {processor.py:186} INFO - Started process (PID=1641) to work on /home/airflow/.local/lib/python3.12/site-packages/airflow/example_dags/example_trigger_target_dag.py
[2024-12-27T02:09:02.613+0000] {processor.py:914} INFO - Processing file /home/airflow/.local/lib/python3.12/site-packages/airflow/example_dags/example_trigger_target_dag.py for tasks to queue
[2024-12-27T02:09:02.617+0000] {logging_mixin.py:190} INFO - [2024-12-27T02:09:02.616+0000] {dagbag.py:588} INFO - Filling up the DagBag from /home/airflow/.local/lib/python3.12/site-packages/airflow/example_dags/example_trigger_target_dag.py
[2024-12-27T02:09:02.627+0000] {processor.py:925} INFO - DAG(s) 'example_trigger_target_dag' retrieved from /home/airflow/.local/lib/python3.12/site-packages/airflow/example_dags/example_trigger_target_dag.py
[2024-12-27T02:09:02.656+0000] {logging_mixin.py:190} INFO - [2024-12-27T02:09:02.655+0000] {dag.py:3239} INFO - Sync 1 DAGs
[2024-12-27T02:09:02.673+0000] {logging_mixin.py:190} INFO - [2024-12-27T02:09:02.673+0000] {dag.py:4180} INFO - Setting next_dagrun for example_trigger_target_dag to None, run_after=None
[2024-12-27T02:09:02.708+0000] {processor.py:208} INFO - Processing /home/airflow/.local/lib/python3.12/site-packages/airflow/example_dags/example_trigger_target_dag.py took 0.103 seconds
[2024-12-27T02:09:33.593+0000] {processor.py:186} INFO - Started process (PID=1704) to work on /home/airflow/.local/lib/python3.12/site-packages/airflow/example_dags/example_trigger_target_dag.py
[2024-12-27T02:09:33.596+0000] {processor.py:914} INFO - Processing file /home/airflow/.local/lib/python3.12/site-packages/airflow/example_dags/example_trigger_target_dag.py for tasks to queue
[2024-12-27T02:09:33.600+0000] {logging_mixin.py:190} INFO - [2024-12-27T02:09:33.599+0000] {dagbag.py:588} INFO - Filling up the DagBag from /home/airflow/.local/lib/python3.12/site-packages/airflow/example_dags/example_trigger_target_dag.py
[2024-12-27T02:09:33.611+0000] {processor.py:925} INFO - DAG(s) 'example_trigger_target_dag' retrieved from /home/airflow/.local/lib/python3.12/site-packages/airflow/example_dags/example_trigger_target_dag.py
[2024-12-27T02:09:33.644+0000] {logging_mixin.py:190} INFO - [2024-12-27T02:09:33.643+0000] {dag.py:3239} INFO - Sync 1 DAGs
[2024-12-27T02:09:33.664+0000] {logging_mixin.py:190} INFO - [2024-12-27T02:09:33.664+0000] {dag.py:4180} INFO - Setting next_dagrun for example_trigger_target_dag to None, run_after=None
[2024-12-27T02:09:33.697+0000] {processor.py:208} INFO - Processing /home/airflow/.local/lib/python3.12/site-packages/airflow/example_dags/example_trigger_target_dag.py took 0.110 seconds
[2024-12-27T02:10:04.287+0000] {processor.py:186} INFO - Started process (PID=1767) to work on /home/airflow/.local/lib/python3.12/site-packages/airflow/example_dags/example_trigger_target_dag.py
[2024-12-27T02:10:04.289+0000] {processor.py:914} INFO - Processing file /home/airflow/.local/lib/python3.12/site-packages/airflow/example_dags/example_trigger_target_dag.py for tasks to queue
[2024-12-27T02:10:04.293+0000] {logging_mixin.py:190} INFO - [2024-12-27T02:10:04.293+0000] {dagbag.py:588} INFO - Filling up the DagBag from /home/airflow/.local/lib/python3.12/site-packages/airflow/example_dags/example_trigger_target_dag.py
[2024-12-27T02:10:04.308+0000] {processor.py:925} INFO - DAG(s) 'example_trigger_target_dag' retrieved from /home/airflow/.local/lib/python3.12/site-packages/airflow/example_dags/example_trigger_target_dag.py
[2024-12-27T02:10:04.340+0000] {logging_mixin.py:190} INFO - [2024-12-27T02:10:04.340+0000] {dag.py:3239} INFO - Sync 1 DAGs
[2024-12-27T02:10:04.361+0000] {logging_mixin.py:190} INFO - [2024-12-27T02:10:04.360+0000] {dag.py:4180} INFO - Setting next_dagrun for example_trigger_target_dag to None, run_after=None
[2024-12-27T02:10:04.397+0000] {processor.py:208} INFO - Processing /home/airflow/.local/lib/python3.12/site-packages/airflow/example_dags/example_trigger_target_dag.py took 0.117 seconds
[2024-12-27T02:10:34.940+0000] {processor.py:186} INFO - Started process (PID=1829) to work on /home/airflow/.local/lib/python3.12/site-packages/airflow/example_dags/example_trigger_target_dag.py
[2024-12-27T02:10:34.942+0000] {processor.py:914} INFO - Processing file /home/airflow/.local/lib/python3.12/site-packages/airflow/example_dags/example_trigger_target_dag.py for tasks to queue
[2024-12-27T02:10:34.946+0000] {logging_mixin.py:190} INFO - [2024-12-27T02:10:34.946+0000] {dagbag.py:588} INFO - Filling up the DagBag from /home/airflow/.local/lib/python3.12/site-packages/airflow/example_dags/example_trigger_target_dag.py
[2024-12-27T02:10:34.981+0000] {processor.py:925} INFO - DAG(s) 'example_trigger_target_dag' retrieved from /home/airflow/.local/lib/python3.12/site-packages/airflow/example_dags/example_trigger_target_dag.py
[2024-12-27T02:10:35.049+0000] {logging_mixin.py:190} INFO - [2024-12-27T02:10:35.048+0000] {dag.py:3239} INFO - Sync 1 DAGs
[2024-12-27T02:10:35.076+0000] {logging_mixin.py:190} INFO - [2024-12-27T02:10:35.076+0000] {dag.py:4180} INFO - Setting next_dagrun for example_trigger_target_dag to None, run_after=None
[2024-12-27T02:10:35.119+0000] {processor.py:208} INFO - Processing /home/airflow/.local/lib/python3.12/site-packages/airflow/example_dags/example_trigger_target_dag.py took 0.188 seconds
[2024-12-27T02:11:05.387+0000] {processor.py:186} INFO - Started process (PID=1892) to work on /home/airflow/.local/lib/python3.12/site-packages/airflow/example_dags/example_trigger_target_dag.py
[2024-12-27T02:11:05.390+0000] {processor.py:914} INFO - Processing file /home/airflow/.local/lib/python3.12/site-packages/airflow/example_dags/example_trigger_target_dag.py for tasks to queue
[2024-12-27T02:11:05.396+0000] {logging_mixin.py:190} INFO - [2024-12-27T02:11:05.395+0000] {dagbag.py:588} INFO - Filling up the DagBag from /home/airflow/.local/lib/python3.12/site-packages/airflow/example_dags/example_trigger_target_dag.py
[2024-12-27T02:11:05.436+0000] {processor.py:925} INFO - DAG(s) 'example_trigger_target_dag' retrieved from /home/airflow/.local/lib/python3.12/site-packages/airflow/example_dags/example_trigger_target_dag.py
[2024-12-27T02:11:05.496+0000] {logging_mixin.py:190} INFO - [2024-12-27T02:11:05.495+0000] {dag.py:3239} INFO - Sync 1 DAGs
[2024-12-27T02:11:05.544+0000] {logging_mixin.py:190} INFO - [2024-12-27T02:11:05.543+0000] {dag.py:4180} INFO - Setting next_dagrun for example_trigger_target_dag to None, run_after=None
[2024-12-27T02:11:05.590+0000] {processor.py:208} INFO - Processing /home/airflow/.local/lib/python3.12/site-packages/airflow/example_dags/example_trigger_target_dag.py took 0.217 seconds
[2024-12-27T02:11:36.487+0000] {processor.py:186} INFO - Started process (PID=1954) to work on /home/airflow/.local/lib/python3.12/site-packages/airflow/example_dags/example_trigger_target_dag.py
[2024-12-27T02:11:36.489+0000] {processor.py:914} INFO - Processing file /home/airflow/.local/lib/python3.12/site-packages/airflow/example_dags/example_trigger_target_dag.py for tasks to queue
[2024-12-27T02:11:36.492+0000] {logging_mixin.py:190} INFO - [2024-12-27T02:11:36.491+0000] {dagbag.py:588} INFO - Filling up the DagBag from /home/airflow/.local/lib/python3.12/site-packages/airflow/example_dags/example_trigger_target_dag.py
[2024-12-27T02:11:36.500+0000] {processor.py:925} INFO - DAG(s) 'example_trigger_target_dag' retrieved from /home/airflow/.local/lib/python3.12/site-packages/airflow/example_dags/example_trigger_target_dag.py
[2024-12-27T02:11:36.523+0000] {logging_mixin.py:190} INFO - [2024-12-27T02:11:36.522+0000] {dag.py:3239} INFO - Sync 1 DAGs
[2024-12-27T02:11:36.546+0000] {logging_mixin.py:190} INFO - [2024-12-27T02:11:36.545+0000] {dag.py:4180} INFO - Setting next_dagrun for example_trigger_target_dag to None, run_after=None
[2024-12-27T02:11:36.574+0000] {processor.py:208} INFO - Processing /home/airflow/.local/lib/python3.12/site-packages/airflow/example_dags/example_trigger_target_dag.py took 0.092 seconds
[2024-12-27T02:12:06.879+0000] {processor.py:186} INFO - Started process (PID=2017) to work on /home/airflow/.local/lib/python3.12/site-packages/airflow/example_dags/example_trigger_target_dag.py
[2024-12-27T02:12:06.880+0000] {processor.py:914} INFO - Processing file /home/airflow/.local/lib/python3.12/site-packages/airflow/example_dags/example_trigger_target_dag.py for tasks to queue
[2024-12-27T02:12:06.883+0000] {logging_mixin.py:190} INFO - [2024-12-27T02:12:06.882+0000] {dagbag.py:588} INFO - Filling up the DagBag from /home/airflow/.local/lib/python3.12/site-packages/airflow/example_dags/example_trigger_target_dag.py
[2024-12-27T02:12:06.891+0000] {processor.py:925} INFO - DAG(s) 'example_trigger_target_dag' retrieved from /home/airflow/.local/lib/python3.12/site-packages/airflow/example_dags/example_trigger_target_dag.py
[2024-12-27T02:12:06.914+0000] {logging_mixin.py:190} INFO - [2024-12-27T02:12:06.913+0000] {dag.py:3239} INFO - Sync 1 DAGs
[2024-12-27T02:12:06.930+0000] {logging_mixin.py:190} INFO - [2024-12-27T02:12:06.930+0000] {dag.py:4180} INFO - Setting next_dagrun for example_trigger_target_dag to None, run_after=None
[2024-12-27T02:12:06.964+0000] {processor.py:208} INFO - Processing /home/airflow/.local/lib/python3.12/site-packages/airflow/example_dags/example_trigger_target_dag.py took 0.089 seconds
[2024-12-27T02:12:37.161+0000] {processor.py:186} INFO - Started process (PID=2080) to work on /home/airflow/.local/lib/python3.12/site-packages/airflow/example_dags/example_trigger_target_dag.py
[2024-12-27T02:12:37.162+0000] {processor.py:914} INFO - Processing file /home/airflow/.local/lib/python3.12/site-packages/airflow/example_dags/example_trigger_target_dag.py for tasks to queue
[2024-12-27T02:12:37.165+0000] {logging_mixin.py:190} INFO - [2024-12-27T02:12:37.165+0000] {dagbag.py:588} INFO - Filling up the DagBag from /home/airflow/.local/lib/python3.12/site-packages/airflow/example_dags/example_trigger_target_dag.py
[2024-12-27T02:12:37.175+0000] {processor.py:925} INFO - DAG(s) 'example_trigger_target_dag' retrieved from /home/airflow/.local/lib/python3.12/site-packages/airflow/example_dags/example_trigger_target_dag.py
[2024-12-27T02:12:37.204+0000] {logging_mixin.py:190} INFO - [2024-12-27T02:12:37.204+0000] {dag.py:3239} INFO - Sync 1 DAGs
[2024-12-27T02:12:37.220+0000] {logging_mixin.py:190} INFO - [2024-12-27T02:12:37.220+0000] {dag.py:4180} INFO - Setting next_dagrun for example_trigger_target_dag to None, run_after=None
[2024-12-27T02:12:37.517+0000] {processor.py:208} INFO - Processing /home/airflow/.local/lib/python3.12/site-packages/airflow/example_dags/example_trigger_target_dag.py took 0.362 seconds
[2024-12-27T02:13:08.061+0000] {processor.py:186} INFO - Started process (PID=2143) to work on /home/airflow/.local/lib/python3.12/site-packages/airflow/example_dags/example_trigger_target_dag.py
[2024-12-27T02:13:08.062+0000] {processor.py:914} INFO - Processing file /home/airflow/.local/lib/python3.12/site-packages/airflow/example_dags/example_trigger_target_dag.py for tasks to queue
[2024-12-27T02:13:08.065+0000] {logging_mixin.py:190} INFO - [2024-12-27T02:13:08.065+0000] {dagbag.py:588} INFO - Filling up the DagBag from /home/airflow/.local/lib/python3.12/site-packages/airflow/example_dags/example_trigger_target_dag.py
[2024-12-27T02:13:08.074+0000] {processor.py:925} INFO - DAG(s) 'example_trigger_target_dag' retrieved from /home/airflow/.local/lib/python3.12/site-packages/airflow/example_dags/example_trigger_target_dag.py
[2024-12-27T02:13:08.098+0000] {logging_mixin.py:190} INFO - [2024-12-27T02:13:08.097+0000] {dag.py:3239} INFO - Sync 1 DAGs
[2024-12-27T02:13:08.113+0000] {logging_mixin.py:190} INFO - [2024-12-27T02:13:08.112+0000] {dag.py:4180} INFO - Setting next_dagrun for example_trigger_target_dag to None, run_after=None
[2024-12-27T02:13:08.144+0000] {processor.py:208} INFO - Processing /home/airflow/.local/lib/python3.12/site-packages/airflow/example_dags/example_trigger_target_dag.py took 0.088 seconds
[2024-12-27T02:13:38.220+0000] {processor.py:186} INFO - Started process (PID=2205) to work on /home/airflow/.local/lib/python3.12/site-packages/airflow/example_dags/example_trigger_target_dag.py
[2024-12-27T02:13:38.222+0000] {processor.py:914} INFO - Processing file /home/airflow/.local/lib/python3.12/site-packages/airflow/example_dags/example_trigger_target_dag.py for tasks to queue
[2024-12-27T02:13:38.224+0000] {logging_mixin.py:190} INFO - [2024-12-27T02:13:38.224+0000] {dagbag.py:588} INFO - Filling up the DagBag from /home/airflow/.local/lib/python3.12/site-packages/airflow/example_dags/example_trigger_target_dag.py
[2024-12-27T02:13:38.232+0000] {processor.py:925} INFO - DAG(s) 'example_trigger_target_dag' retrieved from /home/airflow/.local/lib/python3.12/site-packages/airflow/example_dags/example_trigger_target_dag.py
[2024-12-27T02:13:38.254+0000] {logging_mixin.py:190} INFO - [2024-12-27T02:13:38.254+0000] {dag.py:3239} INFO - Sync 1 DAGs
[2024-12-27T02:13:38.268+0000] {logging_mixin.py:190} INFO - [2024-12-27T02:13:38.268+0000] {dag.py:4180} INFO - Setting next_dagrun for example_trigger_target_dag to None, run_after=None
[2024-12-27T02:13:38.297+0000] {processor.py:208} INFO - Processing /home/airflow/.local/lib/python3.12/site-packages/airflow/example_dags/example_trigger_target_dag.py took 0.081 seconds
[2024-12-27T02:14:08.968+0000] {processor.py:186} INFO - Started process (PID=2268) to work on /home/airflow/.local/lib/python3.12/site-packages/airflow/example_dags/example_trigger_target_dag.py
[2024-12-27T02:14:08.972+0000] {processor.py:914} INFO - Processing file /home/airflow/.local/lib/python3.12/site-packages/airflow/example_dags/example_trigger_target_dag.py for tasks to queue
[2024-12-27T02:14:08.975+0000] {logging_mixin.py:190} INFO - [2024-12-27T02:14:08.975+0000] {dagbag.py:588} INFO - Filling up the DagBag from /home/airflow/.local/lib/python3.12/site-packages/airflow/example_dags/example_trigger_target_dag.py
[2024-12-27T02:14:08.984+0000] {processor.py:925} INFO - DAG(s) 'example_trigger_target_dag' retrieved from /home/airflow/.local/lib/python3.12/site-packages/airflow/example_dags/example_trigger_target_dag.py
[2024-12-27T02:14:09.010+0000] {logging_mixin.py:190} INFO - [2024-12-27T02:14:09.010+0000] {dag.py:3239} INFO - Sync 1 DAGs
[2024-12-27T02:14:09.031+0000] {logging_mixin.py:190} INFO - [2024-12-27T02:14:09.031+0000] {dag.py:4180} INFO - Setting next_dagrun for example_trigger_target_dag to None, run_after=None
[2024-12-27T02:14:09.062+0000] {processor.py:208} INFO - Processing /home/airflow/.local/lib/python3.12/site-packages/airflow/example_dags/example_trigger_target_dag.py took 0.099 seconds
[2024-12-27T02:14:39.666+0000] {processor.py:186} INFO - Started process (PID=2331) to work on /home/airflow/.local/lib/python3.12/site-packages/airflow/example_dags/example_trigger_target_dag.py
[2024-12-27T02:14:39.668+0000] {processor.py:914} INFO - Processing file /home/airflow/.local/lib/python3.12/site-packages/airflow/example_dags/example_trigger_target_dag.py for tasks to queue
[2024-12-27T02:14:39.670+0000] {logging_mixin.py:190} INFO - [2024-12-27T02:14:39.670+0000] {dagbag.py:588} INFO - Filling up the DagBag from /home/airflow/.local/lib/python3.12/site-packages/airflow/example_dags/example_trigger_target_dag.py
[2024-12-27T02:14:39.679+0000] {processor.py:925} INFO - DAG(s) 'example_trigger_target_dag' retrieved from /home/airflow/.local/lib/python3.12/site-packages/airflow/example_dags/example_trigger_target_dag.py
[2024-12-27T02:14:39.704+0000] {logging_mixin.py:190} INFO - [2024-12-27T02:14:39.703+0000] {dag.py:3239} INFO - Sync 1 DAGs
[2024-12-27T02:14:39.719+0000] {logging_mixin.py:190} INFO - [2024-12-27T02:14:39.718+0000] {dag.py:4180} INFO - Setting next_dagrun for example_trigger_target_dag to None, run_after=None
[2024-12-27T02:14:39.751+0000] {processor.py:208} INFO - Processing /home/airflow/.local/lib/python3.12/site-packages/airflow/example_dags/example_trigger_target_dag.py took 0.090 seconds
[2024-12-27T02:15:10.300+0000] {processor.py:186} INFO - Started process (PID=2394) to work on /home/airflow/.local/lib/python3.12/site-packages/airflow/example_dags/example_trigger_target_dag.py
[2024-12-27T02:15:10.302+0000] {processor.py:914} INFO - Processing file /home/airflow/.local/lib/python3.12/site-packages/airflow/example_dags/example_trigger_target_dag.py for tasks to queue
[2024-12-27T02:15:10.305+0000] {logging_mixin.py:190} INFO - [2024-12-27T02:15:10.305+0000] {dagbag.py:588} INFO - Filling up the DagBag from /home/airflow/.local/lib/python3.12/site-packages/airflow/example_dags/example_trigger_target_dag.py
[2024-12-27T02:15:10.312+0000] {processor.py:925} INFO - DAG(s) 'example_trigger_target_dag' retrieved from /home/airflow/.local/lib/python3.12/site-packages/airflow/example_dags/example_trigger_target_dag.py
[2024-12-27T02:15:10.338+0000] {logging_mixin.py:190} INFO - [2024-12-27T02:15:10.337+0000] {dag.py:3239} INFO - Sync 1 DAGs
[2024-12-27T02:15:10.352+0000] {logging_mixin.py:190} INFO - [2024-12-27T02:15:10.352+0000] {dag.py:4180} INFO - Setting next_dagrun for example_trigger_target_dag to None, run_after=None
[2024-12-27T02:15:10.377+0000] {processor.py:208} INFO - Processing /home/airflow/.local/lib/python3.12/site-packages/airflow/example_dags/example_trigger_target_dag.py took 0.081 seconds
[2024-12-27T02:15:41.247+0000] {processor.py:186} INFO - Started process (PID=2458) to work on /home/airflow/.local/lib/python3.12/site-packages/airflow/example_dags/example_trigger_target_dag.py
[2024-12-27T02:15:41.249+0000] {processor.py:914} INFO - Processing file /home/airflow/.local/lib/python3.12/site-packages/airflow/example_dags/example_trigger_target_dag.py for tasks to queue
[2024-12-27T02:15:41.253+0000] {logging_mixin.py:190} INFO - [2024-12-27T02:15:41.252+0000] {dagbag.py:588} INFO - Filling up the DagBag from /home/airflow/.local/lib/python3.12/site-packages/airflow/example_dags/example_trigger_target_dag.py
[2024-12-27T02:15:41.262+0000] {processor.py:925} INFO - DAG(s) 'example_trigger_target_dag' retrieved from /home/airflow/.local/lib/python3.12/site-packages/airflow/example_dags/example_trigger_target_dag.py
[2024-12-27T02:15:41.290+0000] {logging_mixin.py:190} INFO - [2024-12-27T02:15:41.289+0000] {dag.py:3239} INFO - Sync 1 DAGs
[2024-12-27T02:15:41.311+0000] {logging_mixin.py:190} INFO - [2024-12-27T02:15:41.310+0000] {dag.py:4180} INFO - Setting next_dagrun for example_trigger_target_dag to None, run_after=None
[2024-12-27T02:15:41.339+0000] {processor.py:208} INFO - Processing /home/airflow/.local/lib/python3.12/site-packages/airflow/example_dags/example_trigger_target_dag.py took 0.097 seconds
[2024-12-27T02:16:12.096+0000] {processor.py:186} INFO - Started process (PID=2521) to work on /home/airflow/.local/lib/python3.12/site-packages/airflow/example_dags/example_trigger_target_dag.py
[2024-12-27T02:16:12.097+0000] {processor.py:914} INFO - Processing file /home/airflow/.local/lib/python3.12/site-packages/airflow/example_dags/example_trigger_target_dag.py for tasks to queue
[2024-12-27T02:16:12.100+0000] {logging_mixin.py:190} INFO - [2024-12-27T02:16:12.099+0000] {dagbag.py:588} INFO - Filling up the DagBag from /home/airflow/.local/lib/python3.12/site-packages/airflow/example_dags/example_trigger_target_dag.py
[2024-12-27T02:16:12.108+0000] {processor.py:925} INFO - DAG(s) 'example_trigger_target_dag' retrieved from /home/airflow/.local/lib/python3.12/site-packages/airflow/example_dags/example_trigger_target_dag.py
[2024-12-27T02:16:12.132+0000] {logging_mixin.py:190} INFO - [2024-12-27T02:16:12.132+0000] {dag.py:3239} INFO - Sync 1 DAGs
[2024-12-27T02:16:12.150+0000] {logging_mixin.py:190} INFO - [2024-12-27T02:16:12.150+0000] {dag.py:4180} INFO - Setting next_dagrun for example_trigger_target_dag to None, run_after=None
[2024-12-27T02:16:12.179+0000] {processor.py:208} INFO - Processing /home/airflow/.local/lib/python3.12/site-packages/airflow/example_dags/example_trigger_target_dag.py took 0.088 seconds
[2024-12-27T02:16:42.507+0000] {processor.py:186} INFO - Started process (PID=2584) to work on /home/airflow/.local/lib/python3.12/site-packages/airflow/example_dags/example_trigger_target_dag.py
[2024-12-27T02:16:42.509+0000] {processor.py:914} INFO - Processing file /home/airflow/.local/lib/python3.12/site-packages/airflow/example_dags/example_trigger_target_dag.py for tasks to queue
[2024-12-27T02:16:42.512+0000] {logging_mixin.py:190} INFO - [2024-12-27T02:16:42.511+0000] {dagbag.py:588} INFO - Filling up the DagBag from /home/airflow/.local/lib/python3.12/site-packages/airflow/example_dags/example_trigger_target_dag.py
[2024-12-27T02:16:42.520+0000] {processor.py:925} INFO - DAG(s) 'example_trigger_target_dag' retrieved from /home/airflow/.local/lib/python3.12/site-packages/airflow/example_dags/example_trigger_target_dag.py
[2024-12-27T02:16:42.544+0000] {logging_mixin.py:190} INFO - [2024-12-27T02:16:42.543+0000] {dag.py:3239} INFO - Sync 1 DAGs
[2024-12-27T02:16:42.559+0000] {logging_mixin.py:190} INFO - [2024-12-27T02:16:42.559+0000] {dag.py:4180} INFO - Setting next_dagrun for example_trigger_target_dag to None, run_after=None
[2024-12-27T02:16:42.586+0000] {processor.py:208} INFO - Processing /home/airflow/.local/lib/python3.12/site-packages/airflow/example_dags/example_trigger_target_dag.py took 0.083 seconds
