[2024-12-27T01:56:35.587+0000] {processor.py:186} INFO - Started process (PID=127) to work on /home/airflow/.local/lib/python3.12/site-packages/airflow/example_dags/example_bash_operator.py
[2024-12-27T01:56:35.589+0000] {processor.py:914} INFO - Processing file /home/airflow/.local/lib/python3.12/site-packages/airflow/example_dags/example_bash_operator.py for tasks to queue
[2024-12-27T01:56:35.593+0000] {logging_mixin.py:190} INFO - [2024-12-27T01:56:35.592+0000] {dagbag.py:588} INFO - Filling up the DagBag from /home/airflow/.local/lib/python3.12/site-packages/airflow/example_dags/example_bash_operator.py
[2024-12-27T01:56:35.608+0000] {processor.py:925} INFO - DAG(s) 'example_bash_operator' retrieved from /home/airflow/.local/lib/python3.12/site-packages/airflow/example_dags/example_bash_operator.py
[2024-12-27T01:56:35.746+0000] {logging_mixin.py:190} INFO - [2024-12-27T01:56:35.745+0000] {override.py:1911} INFO - Created Permission View: can read on DAG:example_bash_operator
[2024-12-27T01:56:35.763+0000] {logging_mixin.py:190} INFO - [2024-12-27T01:56:35.763+0000] {override.py:1911} INFO - Created Permission View: can edit on DAG:example_bash_operator
[2024-12-27T01:56:35.776+0000] {logging_mixin.py:190} INFO - [2024-12-27T01:56:35.775+0000] {override.py:1911} INFO - Created Permission View: can delete on DAG:example_bash_operator
[2024-12-27T01:56:35.791+0000] {logging_mixin.py:190} INFO - [2024-12-27T01:56:35.791+0000] {override.py:1911} INFO - Created Permission View: menu access on DAG Run:example_bash_operator
[2024-12-27T01:56:35.804+0000] {logging_mixin.py:190} INFO - [2024-12-27T01:56:35.804+0000] {override.py:1911} INFO - Created Permission View: can read on DAG Run:example_bash_operator
[2024-12-27T01:56:35.818+0000] {logging_mixin.py:190} INFO - [2024-12-27T01:56:35.818+0000] {override.py:1911} INFO - Created Permission View: can create on DAG Run:example_bash_operator
[2024-12-27T01:56:35.832+0000] {logging_mixin.py:190} INFO - [2024-12-27T01:56:35.831+0000] {override.py:1911} INFO - Created Permission View: can delete on DAG Run:example_bash_operator
[2024-12-27T01:56:35.833+0000] {logging_mixin.py:190} INFO - [2024-12-27T01:56:35.833+0000] {dag.py:3239} INFO - Sync 1 DAGs
[2024-12-27T01:56:35.855+0000] {logging_mixin.py:190} INFO - [2024-12-27T01:56:35.854+0000] {dag.py:3262} INFO - Creating ORM DAG for example_bash_operator
[2024-12-27T01:56:35.870+0000] {logging_mixin.py:190} INFO - [2024-12-27T01:56:35.870+0000] {dag.py:4180} INFO - Setting next_dagrun for example_bash_operator to 2024-12-26 00:00:00+00:00, run_after=2024-12-27 00:00:00+00:00
[2024-12-27T01:56:35.898+0000] {processor.py:208} INFO - Processing /home/airflow/.local/lib/python3.12/site-packages/airflow/example_dags/example_bash_operator.py took 0.317 seconds
[2024-12-27T01:57:06.563+0000] {processor.py:186} INFO - Started process (PID=190) to work on /home/airflow/.local/lib/python3.12/site-packages/airflow/example_dags/example_bash_operator.py
[2024-12-27T01:57:06.565+0000] {processor.py:914} INFO - Processing file /home/airflow/.local/lib/python3.12/site-packages/airflow/example_dags/example_bash_operator.py for tasks to queue
[2024-12-27T01:57:06.568+0000] {logging_mixin.py:190} INFO - [2024-12-27T01:57:06.567+0000] {dagbag.py:588} INFO - Filling up the DagBag from /home/airflow/.local/lib/python3.12/site-packages/airflow/example_dags/example_bash_operator.py
[2024-12-27T01:57:06.582+0000] {processor.py:925} INFO - DAG(s) 'example_bash_operator' retrieved from /home/airflow/.local/lib/python3.12/site-packages/airflow/example_dags/example_bash_operator.py
[2024-12-27T01:57:06.615+0000] {logging_mixin.py:190} INFO - [2024-12-27T01:57:06.615+0000] {dag.py:3239} INFO - Sync 1 DAGs
[2024-12-27T01:57:06.642+0000] {logging_mixin.py:190} INFO - [2024-12-27T01:57:06.641+0000] {dag.py:4180} INFO - Setting next_dagrun for example_bash_operator to 2024-12-26 00:00:00+00:00, run_after=2024-12-27 00:00:00+00:00
[2024-12-27T01:57:06.671+0000] {processor.py:208} INFO - Processing /home/airflow/.local/lib/python3.12/site-packages/airflow/example_dags/example_bash_operator.py took 0.113 seconds
[2024-12-27T01:57:37.246+0000] {processor.py:186} INFO - Started process (PID=253) to work on /home/airflow/.local/lib/python3.12/site-packages/airflow/example_dags/example_bash_operator.py
[2024-12-27T01:57:37.247+0000] {processor.py:914} INFO - Processing file /home/airflow/.local/lib/python3.12/site-packages/airflow/example_dags/example_bash_operator.py for tasks to queue
[2024-12-27T01:57:37.250+0000] {logging_mixin.py:190} INFO - [2024-12-27T01:57:37.250+0000] {dagbag.py:588} INFO - Filling up the DagBag from /home/airflow/.local/lib/python3.12/site-packages/airflow/example_dags/example_bash_operator.py
[2024-12-27T01:57:37.263+0000] {processor.py:925} INFO - DAG(s) 'example_bash_operator' retrieved from /home/airflow/.local/lib/python3.12/site-packages/airflow/example_dags/example_bash_operator.py
[2024-12-27T01:57:37.294+0000] {logging_mixin.py:190} INFO - [2024-12-27T01:57:37.294+0000] {dag.py:3239} INFO - Sync 1 DAGs
[2024-12-27T01:57:37.320+0000] {logging_mixin.py:190} INFO - [2024-12-27T01:57:37.319+0000] {dag.py:4180} INFO - Setting next_dagrun for example_bash_operator to 2024-12-26 00:00:00+00:00, run_after=2024-12-27 00:00:00+00:00
[2024-12-27T01:57:37.343+0000] {processor.py:208} INFO - Processing /home/airflow/.local/lib/python3.12/site-packages/airflow/example_dags/example_bash_operator.py took 0.102 seconds
[2024-12-27T01:58:07.735+0000] {processor.py:186} INFO - Started process (PID=316) to work on /home/airflow/.local/lib/python3.12/site-packages/airflow/example_dags/example_bash_operator.py
[2024-12-27T01:58:07.737+0000] {processor.py:914} INFO - Processing file /home/airflow/.local/lib/python3.12/site-packages/airflow/example_dags/example_bash_operator.py for tasks to queue
[2024-12-27T01:58:07.741+0000] {logging_mixin.py:190} INFO - [2024-12-27T01:58:07.740+0000] {dagbag.py:588} INFO - Filling up the DagBag from /home/airflow/.local/lib/python3.12/site-packages/airflow/example_dags/example_bash_operator.py
[2024-12-27T01:58:07.760+0000] {processor.py:925} INFO - DAG(s) 'example_bash_operator' retrieved from /home/airflow/.local/lib/python3.12/site-packages/airflow/example_dags/example_bash_operator.py
[2024-12-27T01:58:07.799+0000] {logging_mixin.py:190} INFO - [2024-12-27T01:58:07.799+0000] {dag.py:3239} INFO - Sync 1 DAGs
[2024-12-27T01:58:07.833+0000] {logging_mixin.py:190} INFO - [2024-12-27T01:58:07.833+0000] {dag.py:4180} INFO - Setting next_dagrun for example_bash_operator to 2024-12-26 00:00:00+00:00, run_after=2024-12-27 00:00:00+00:00
[2024-12-27T01:58:07.871+0000] {processor.py:208} INFO - Processing /home/airflow/.local/lib/python3.12/site-packages/airflow/example_dags/example_bash_operator.py took 0.142 seconds
[2024-12-27T01:58:38.707+0000] {processor.py:186} INFO - Started process (PID=379) to work on /home/airflow/.local/lib/python3.12/site-packages/airflow/example_dags/example_bash_operator.py
[2024-12-27T01:58:38.708+0000] {processor.py:914} INFO - Processing file /home/airflow/.local/lib/python3.12/site-packages/airflow/example_dags/example_bash_operator.py for tasks to queue
[2024-12-27T01:58:38.711+0000] {logging_mixin.py:190} INFO - [2024-12-27T01:58:38.711+0000] {dagbag.py:588} INFO - Filling up the DagBag from /home/airflow/.local/lib/python3.12/site-packages/airflow/example_dags/example_bash_operator.py
[2024-12-27T01:58:38.728+0000] {processor.py:925} INFO - DAG(s) 'example_bash_operator' retrieved from /home/airflow/.local/lib/python3.12/site-packages/airflow/example_dags/example_bash_operator.py
[2024-12-27T01:58:38.763+0000] {logging_mixin.py:190} INFO - [2024-12-27T01:58:38.763+0000] {dag.py:3239} INFO - Sync 1 DAGs
[2024-12-27T01:58:38.793+0000] {logging_mixin.py:190} INFO - [2024-12-27T01:58:38.793+0000] {dag.py:4180} INFO - Setting next_dagrun for example_bash_operator to 2024-12-26 00:00:00+00:00, run_after=2024-12-27 00:00:00+00:00
[2024-12-27T01:58:38.823+0000] {processor.py:208} INFO - Processing /home/airflow/.local/lib/python3.12/site-packages/airflow/example_dags/example_bash_operator.py took 0.122 seconds
[2024-12-27T01:59:09.023+0000] {processor.py:186} INFO - Started process (PID=442) to work on /home/airflow/.local/lib/python3.12/site-packages/airflow/example_dags/example_bash_operator.py
[2024-12-27T01:59:09.024+0000] {processor.py:914} INFO - Processing file /home/airflow/.local/lib/python3.12/site-packages/airflow/example_dags/example_bash_operator.py for tasks to queue
[2024-12-27T01:59:09.027+0000] {logging_mixin.py:190} INFO - [2024-12-27T01:59:09.027+0000] {dagbag.py:588} INFO - Filling up the DagBag from /home/airflow/.local/lib/python3.12/site-packages/airflow/example_dags/example_bash_operator.py
[2024-12-27T01:59:09.039+0000] {processor.py:925} INFO - DAG(s) 'example_bash_operator' retrieved from /home/airflow/.local/lib/python3.12/site-packages/airflow/example_dags/example_bash_operator.py
[2024-12-27T01:59:09.073+0000] {logging_mixin.py:190} INFO - [2024-12-27T01:59:09.072+0000] {dag.py:3239} INFO - Sync 1 DAGs
[2024-12-27T01:59:09.097+0000] {logging_mixin.py:190} INFO - [2024-12-27T01:59:09.097+0000] {dag.py:4180} INFO - Setting next_dagrun for example_bash_operator to 2024-12-26 00:00:00+00:00, run_after=2024-12-27 00:00:00+00:00
[2024-12-27T01:59:09.127+0000] {processor.py:208} INFO - Processing /home/airflow/.local/lib/python3.12/site-packages/airflow/example_dags/example_bash_operator.py took 0.110 seconds
[2024-12-27T01:59:40.179+0000] {processor.py:186} INFO - Started process (PID=505) to work on /home/airflow/.local/lib/python3.12/site-packages/airflow/example_dags/example_bash_operator.py
[2024-12-27T01:59:40.181+0000] {processor.py:914} INFO - Processing file /home/airflow/.local/lib/python3.12/site-packages/airflow/example_dags/example_bash_operator.py for tasks to queue
[2024-12-27T01:59:40.183+0000] {logging_mixin.py:190} INFO - [2024-12-27T01:59:40.183+0000] {dagbag.py:588} INFO - Filling up the DagBag from /home/airflow/.local/lib/python3.12/site-packages/airflow/example_dags/example_bash_operator.py
[2024-12-27T01:59:40.201+0000] {processor.py:925} INFO - DAG(s) 'example_bash_operator' retrieved from /home/airflow/.local/lib/python3.12/site-packages/airflow/example_dags/example_bash_operator.py
[2024-12-27T01:59:40.234+0000] {logging_mixin.py:190} INFO - [2024-12-27T01:59:40.234+0000] {dag.py:3239} INFO - Sync 1 DAGs
[2024-12-27T01:59:40.261+0000] {logging_mixin.py:190} INFO - [2024-12-27T01:59:40.261+0000] {dag.py:4180} INFO - Setting next_dagrun for example_bash_operator to 2024-12-26 00:00:00+00:00, run_after=2024-12-27 00:00:00+00:00
[2024-12-27T01:59:40.293+0000] {processor.py:208} INFO - Processing /home/airflow/.local/lib/python3.12/site-packages/airflow/example_dags/example_bash_operator.py took 0.120 seconds
[2024-12-27T02:00:11.562+0000] {processor.py:186} INFO - Started process (PID=567) to work on /home/airflow/.local/lib/python3.12/site-packages/airflow/example_dags/example_bash_operator.py
[2024-12-27T02:00:11.563+0000] {processor.py:914} INFO - Processing file /home/airflow/.local/lib/python3.12/site-packages/airflow/example_dags/example_bash_operator.py for tasks to queue
[2024-12-27T02:00:11.566+0000] {logging_mixin.py:190} INFO - [2024-12-27T02:00:11.566+0000] {dagbag.py:588} INFO - Filling up the DagBag from /home/airflow/.local/lib/python3.12/site-packages/airflow/example_dags/example_bash_operator.py
[2024-12-27T02:00:11.580+0000] {processor.py:925} INFO - DAG(s) 'example_bash_operator' retrieved from /home/airflow/.local/lib/python3.12/site-packages/airflow/example_dags/example_bash_operator.py
[2024-12-27T02:00:11.617+0000] {logging_mixin.py:190} INFO - [2024-12-27T02:00:11.617+0000] {dag.py:3239} INFO - Sync 1 DAGs
[2024-12-27T02:00:11.651+0000] {logging_mixin.py:190} INFO - [2024-12-27T02:00:11.650+0000] {dag.py:4180} INFO - Setting next_dagrun for example_bash_operator to 2024-12-26 00:00:00+00:00, run_after=2024-12-27 00:00:00+00:00
[2024-12-27T02:00:11.688+0000] {processor.py:208} INFO - Processing /home/airflow/.local/lib/python3.12/site-packages/airflow/example_dags/example_bash_operator.py took 0.131 seconds
[2024-12-27T02:00:43.429+0000] {processor.py:186} INFO - Started process (PID=630) to work on /home/airflow/.local/lib/python3.12/site-packages/airflow/example_dags/example_bash_operator.py
[2024-12-27T02:00:43.431+0000] {processor.py:914} INFO - Processing file /home/airflow/.local/lib/python3.12/site-packages/airflow/example_dags/example_bash_operator.py for tasks to queue
[2024-12-27T02:00:43.435+0000] {logging_mixin.py:190} INFO - [2024-12-27T02:00:43.434+0000] {dagbag.py:588} INFO - Filling up the DagBag from /home/airflow/.local/lib/python3.12/site-packages/airflow/example_dags/example_bash_operator.py
[2024-12-27T02:00:43.451+0000] {processor.py:925} INFO - DAG(s) 'example_bash_operator' retrieved from /home/airflow/.local/lib/python3.12/site-packages/airflow/example_dags/example_bash_operator.py
[2024-12-27T02:00:43.486+0000] {logging_mixin.py:190} INFO - [2024-12-27T02:00:43.486+0000] {dag.py:3239} INFO - Sync 1 DAGs
[2024-12-27T02:00:43.516+0000] {logging_mixin.py:190} INFO - [2024-12-27T02:00:43.516+0000] {dag.py:4180} INFO - Setting next_dagrun for example_bash_operator to 2024-12-26 00:00:00+00:00, run_after=2024-12-27 00:00:00+00:00
[2024-12-27T02:00:43.545+0000] {processor.py:208} INFO - Processing /home/airflow/.local/lib/python3.12/site-packages/airflow/example_dags/example_bash_operator.py took 0.125 seconds
[2024-12-27T02:01:16.621+0000] {processor.py:186} INFO - Started process (PID=694) to work on /home/airflow/.local/lib/python3.12/site-packages/airflow/example_dags/example_bash_operator.py
[2024-12-27T02:01:16.622+0000] {processor.py:914} INFO - Processing file /home/airflow/.local/lib/python3.12/site-packages/airflow/example_dags/example_bash_operator.py for tasks to queue
[2024-12-27T02:01:16.625+0000] {logging_mixin.py:190} INFO - [2024-12-27T02:01:16.624+0000] {dagbag.py:588} INFO - Filling up the DagBag from /home/airflow/.local/lib/python3.12/site-packages/airflow/example_dags/example_bash_operator.py
[2024-12-27T02:01:16.639+0000] {processor.py:925} INFO - DAG(s) 'example_bash_operator' retrieved from /home/airflow/.local/lib/python3.12/site-packages/airflow/example_dags/example_bash_operator.py
[2024-12-27T02:01:16.672+0000] {logging_mixin.py:190} INFO - [2024-12-27T02:01:16.671+0000] {dag.py:3239} INFO - Sync 1 DAGs
[2024-12-27T02:01:16.705+0000] {logging_mixin.py:190} INFO - [2024-12-27T02:01:16.705+0000] {dag.py:4180} INFO - Setting next_dagrun for example_bash_operator to 2024-12-26 00:00:00+00:00, run_after=2024-12-27 00:00:00+00:00
[2024-12-27T02:01:16.735+0000] {processor.py:208} INFO - Processing /home/airflow/.local/lib/python3.12/site-packages/airflow/example_dags/example_bash_operator.py took 0.120 seconds
[2024-12-27T02:01:47.824+0000] {processor.py:186} INFO - Started process (PID=757) to work on /home/airflow/.local/lib/python3.12/site-packages/airflow/example_dags/example_bash_operator.py
[2024-12-27T02:01:47.826+0000] {processor.py:914} INFO - Processing file /home/airflow/.local/lib/python3.12/site-packages/airflow/example_dags/example_bash_operator.py for tasks to queue
[2024-12-27T02:01:47.831+0000] {logging_mixin.py:190} INFO - [2024-12-27T02:01:47.830+0000] {dagbag.py:588} INFO - Filling up the DagBag from /home/airflow/.local/lib/python3.12/site-packages/airflow/example_dags/example_bash_operator.py
[2024-12-27T02:01:47.848+0000] {processor.py:925} INFO - DAG(s) 'example_bash_operator' retrieved from /home/airflow/.local/lib/python3.12/site-packages/airflow/example_dags/example_bash_operator.py
[2024-12-27T02:01:47.896+0000] {logging_mixin.py:190} INFO - [2024-12-27T02:01:47.896+0000] {dag.py:3239} INFO - Sync 1 DAGs
[2024-12-27T02:01:47.935+0000] {logging_mixin.py:190} INFO - [2024-12-27T02:01:47.935+0000] {dag.py:4180} INFO - Setting next_dagrun for example_bash_operator to 2024-12-26 00:00:00+00:00, run_after=2024-12-27 00:00:00+00:00
[2024-12-27T02:01:47.969+0000] {processor.py:208} INFO - Processing /home/airflow/.local/lib/python3.12/site-packages/airflow/example_dags/example_bash_operator.py took 0.151 seconds
[2024-12-27T02:02:18.507+0000] {processor.py:186} INFO - Started process (PID=819) to work on /home/airflow/.local/lib/python3.12/site-packages/airflow/example_dags/example_bash_operator.py
[2024-12-27T02:02:18.508+0000] {processor.py:914} INFO - Processing file /home/airflow/.local/lib/python3.12/site-packages/airflow/example_dags/example_bash_operator.py for tasks to queue
[2024-12-27T02:02:18.512+0000] {logging_mixin.py:190} INFO - [2024-12-27T02:02:18.511+0000] {dagbag.py:588} INFO - Filling up the DagBag from /home/airflow/.local/lib/python3.12/site-packages/airflow/example_dags/example_bash_operator.py
[2024-12-27T02:02:18.524+0000] {processor.py:925} INFO - DAG(s) 'example_bash_operator' retrieved from /home/airflow/.local/lib/python3.12/site-packages/airflow/example_dags/example_bash_operator.py
[2024-12-27T02:02:18.554+0000] {logging_mixin.py:190} INFO - [2024-12-27T02:02:18.554+0000] {dag.py:3239} INFO - Sync 1 DAGs
[2024-12-27T02:02:18.581+0000] {logging_mixin.py:190} INFO - [2024-12-27T02:02:18.581+0000] {dag.py:4180} INFO - Setting next_dagrun for example_bash_operator to 2024-12-26 00:00:00+00:00, run_after=2024-12-27 00:00:00+00:00
[2024-12-27T02:02:18.606+0000] {processor.py:208} INFO - Processing /home/airflow/.local/lib/python3.12/site-packages/airflow/example_dags/example_bash_operator.py took 0.104 seconds
[2024-12-27T02:02:49.735+0000] {processor.py:186} INFO - Started process (PID=882) to work on /home/airflow/.local/lib/python3.12/site-packages/airflow/example_dags/example_bash_operator.py
[2024-12-27T02:02:49.736+0000] {processor.py:914} INFO - Processing file /home/airflow/.local/lib/python3.12/site-packages/airflow/example_dags/example_bash_operator.py for tasks to queue
[2024-12-27T02:02:49.739+0000] {logging_mixin.py:190} INFO - [2024-12-27T02:02:49.739+0000] {dagbag.py:588} INFO - Filling up the DagBag from /home/airflow/.local/lib/python3.12/site-packages/airflow/example_dags/example_bash_operator.py
[2024-12-27T02:02:49.753+0000] {processor.py:925} INFO - DAG(s) 'example_bash_operator' retrieved from /home/airflow/.local/lib/python3.12/site-packages/airflow/example_dags/example_bash_operator.py
[2024-12-27T02:02:49.788+0000] {logging_mixin.py:190} INFO - [2024-12-27T02:02:49.788+0000] {dag.py:3239} INFO - Sync 1 DAGs
[2024-12-27T02:02:49.827+0000] {logging_mixin.py:190} INFO - [2024-12-27T02:02:49.827+0000] {dag.py:4180} INFO - Setting next_dagrun for example_bash_operator to 2024-12-26 00:00:00+00:00, run_after=2024-12-27 00:00:00+00:00
[2024-12-27T02:02:49.862+0000] {processor.py:208} INFO - Processing /home/airflow/.local/lib/python3.12/site-packages/airflow/example_dags/example_bash_operator.py took 0.133 seconds
[2024-12-27T02:03:20.058+0000] {processor.py:186} INFO - Started process (PID=945) to work on /home/airflow/.local/lib/python3.12/site-packages/airflow/example_dags/example_bash_operator.py
[2024-12-27T02:03:20.060+0000] {processor.py:914} INFO - Processing file /home/airflow/.local/lib/python3.12/site-packages/airflow/example_dags/example_bash_operator.py for tasks to queue
[2024-12-27T02:03:20.064+0000] {logging_mixin.py:190} INFO - [2024-12-27T02:03:20.064+0000] {dagbag.py:588} INFO - Filling up the DagBag from /home/airflow/.local/lib/python3.12/site-packages/airflow/example_dags/example_bash_operator.py
[2024-12-27T02:03:20.082+0000] {processor.py:925} INFO - DAG(s) 'example_bash_operator' retrieved from /home/airflow/.local/lib/python3.12/site-packages/airflow/example_dags/example_bash_operator.py
[2024-12-27T02:03:20.118+0000] {logging_mixin.py:190} INFO - [2024-12-27T02:03:20.118+0000] {dag.py:3239} INFO - Sync 1 DAGs
[2024-12-27T02:03:20.156+0000] {logging_mixin.py:190} INFO - [2024-12-27T02:03:20.155+0000] {dag.py:4180} INFO - Setting next_dagrun for example_bash_operator to 2024-12-26 00:00:00+00:00, run_after=2024-12-27 00:00:00+00:00
[2024-12-27T02:03:20.192+0000] {processor.py:208} INFO - Processing /home/airflow/.local/lib/python3.12/site-packages/airflow/example_dags/example_bash_operator.py took 0.140 seconds
[2024-12-27T02:03:50.743+0000] {processor.py:186} INFO - Started process (PID=1008) to work on /home/airflow/.local/lib/python3.12/site-packages/airflow/example_dags/example_bash_operator.py
[2024-12-27T02:03:50.745+0000] {processor.py:914} INFO - Processing file /home/airflow/.local/lib/python3.12/site-packages/airflow/example_dags/example_bash_operator.py for tasks to queue
[2024-12-27T02:03:50.748+0000] {logging_mixin.py:190} INFO - [2024-12-27T02:03:50.748+0000] {dagbag.py:588} INFO - Filling up the DagBag from /home/airflow/.local/lib/python3.12/site-packages/airflow/example_dags/example_bash_operator.py
[2024-12-27T02:03:50.766+0000] {processor.py:925} INFO - DAG(s) 'example_bash_operator' retrieved from /home/airflow/.local/lib/python3.12/site-packages/airflow/example_dags/example_bash_operator.py
[2024-12-27T02:03:50.800+0000] {logging_mixin.py:190} INFO - [2024-12-27T02:03:50.800+0000] {dag.py:3239} INFO - Sync 1 DAGs
[2024-12-27T02:03:50.829+0000] {logging_mixin.py:190} INFO - [2024-12-27T02:03:50.828+0000] {dag.py:4180} INFO - Setting next_dagrun for example_bash_operator to 2024-12-26 00:00:00+00:00, run_after=2024-12-27 00:00:00+00:00
[2024-12-27T02:03:50.867+0000] {processor.py:208} INFO - Processing /home/airflow/.local/lib/python3.12/site-packages/airflow/example_dags/example_bash_operator.py took 0.130 seconds
[2024-12-27T02:04:22.056+0000] {processor.py:186} INFO - Started process (PID=1071) to work on /home/airflow/.local/lib/python3.12/site-packages/airflow/example_dags/example_bash_operator.py
[2024-12-27T02:04:22.057+0000] {processor.py:914} INFO - Processing file /home/airflow/.local/lib/python3.12/site-packages/airflow/example_dags/example_bash_operator.py for tasks to queue
[2024-12-27T02:04:22.061+0000] {logging_mixin.py:190} INFO - [2024-12-27T02:04:22.060+0000] {dagbag.py:588} INFO - Filling up the DagBag from /home/airflow/.local/lib/python3.12/site-packages/airflow/example_dags/example_bash_operator.py
[2024-12-27T02:04:22.075+0000] {processor.py:925} INFO - DAG(s) 'example_bash_operator' retrieved from /home/airflow/.local/lib/python3.12/site-packages/airflow/example_dags/example_bash_operator.py
[2024-12-27T02:04:22.109+0000] {logging_mixin.py:190} INFO - [2024-12-27T02:04:22.109+0000] {dag.py:3239} INFO - Sync 1 DAGs
[2024-12-27T02:04:22.137+0000] {logging_mixin.py:190} INFO - [2024-12-27T02:04:22.137+0000] {dag.py:4180} INFO - Setting next_dagrun for example_bash_operator to 2024-12-26 00:00:00+00:00, run_after=2024-12-27 00:00:00+00:00
[2024-12-27T02:04:22.166+0000] {processor.py:208} INFO - Processing /home/airflow/.local/lib/python3.12/site-packages/airflow/example_dags/example_bash_operator.py took 0.116 seconds
[2024-12-27T02:04:53.574+0000] {processor.py:186} INFO - Started process (PID=1140) to work on /home/airflow/.local/lib/python3.12/site-packages/airflow/example_dags/example_bash_operator.py
[2024-12-27T02:04:53.576+0000] {processor.py:914} INFO - Processing file /home/airflow/.local/lib/python3.12/site-packages/airflow/example_dags/example_bash_operator.py for tasks to queue
[2024-12-27T02:04:53.579+0000] {logging_mixin.py:190} INFO - [2024-12-27T02:04:53.578+0000] {dagbag.py:588} INFO - Filling up the DagBag from /home/airflow/.local/lib/python3.12/site-packages/airflow/example_dags/example_bash_operator.py
[2024-12-27T02:04:53.593+0000] {processor.py:925} INFO - DAG(s) 'example_bash_operator' retrieved from /home/airflow/.local/lib/python3.12/site-packages/airflow/example_dags/example_bash_operator.py
[2024-12-27T02:04:53.627+0000] {logging_mixin.py:190} INFO - [2024-12-27T02:04:53.626+0000] {dag.py:3239} INFO - Sync 1 DAGs
[2024-12-27T02:04:53.655+0000] {logging_mixin.py:190} INFO - [2024-12-27T02:04:53.655+0000] {dag.py:4180} INFO - Setting next_dagrun for example_bash_operator to 2024-12-26 00:00:00+00:00, run_after=2024-12-27 00:00:00+00:00
[2024-12-27T02:04:53.681+0000] {processor.py:208} INFO - Processing /home/airflow/.local/lib/python3.12/site-packages/airflow/example_dags/example_bash_operator.py took 0.111 seconds
[2024-12-27T02:05:23.995+0000] {processor.py:186} INFO - Started process (PID=1203) to work on /home/airflow/.local/lib/python3.12/site-packages/airflow/example_dags/example_bash_operator.py
[2024-12-27T02:05:23.997+0000] {processor.py:914} INFO - Processing file /home/airflow/.local/lib/python3.12/site-packages/airflow/example_dags/example_bash_operator.py for tasks to queue
[2024-12-27T02:05:24.000+0000] {logging_mixin.py:190} INFO - [2024-12-27T02:05:23.999+0000] {dagbag.py:588} INFO - Filling up the DagBag from /home/airflow/.local/lib/python3.12/site-packages/airflow/example_dags/example_bash_operator.py
[2024-12-27T02:05:24.015+0000] {processor.py:925} INFO - DAG(s) 'example_bash_operator' retrieved from /home/airflow/.local/lib/python3.12/site-packages/airflow/example_dags/example_bash_operator.py
[2024-12-27T02:05:24.051+0000] {logging_mixin.py:190} INFO - [2024-12-27T02:05:24.050+0000] {dag.py:3239} INFO - Sync 1 DAGs
[2024-12-27T02:05:24.083+0000] {logging_mixin.py:190} INFO - [2024-12-27T02:05:24.082+0000] {dag.py:4180} INFO - Setting next_dagrun for example_bash_operator to 2024-12-26 00:00:00+00:00, run_after=2024-12-27 00:00:00+00:00
[2024-12-27T02:05:24.111+0000] {processor.py:208} INFO - Processing /home/airflow/.local/lib/python3.12/site-packages/airflow/example_dags/example_bash_operator.py took 0.121 seconds
[2024-12-27T02:05:55.811+0000] {processor.py:186} INFO - Started process (PID=1266) to work on /home/airflow/.local/lib/python3.12/site-packages/airflow/example_dags/example_bash_operator.py
[2024-12-27T02:05:55.813+0000] {processor.py:914} INFO - Processing file /home/airflow/.local/lib/python3.12/site-packages/airflow/example_dags/example_bash_operator.py for tasks to queue
[2024-12-27T02:05:55.817+0000] {logging_mixin.py:190} INFO - [2024-12-27T02:05:55.816+0000] {dagbag.py:588} INFO - Filling up the DagBag from /home/airflow/.local/lib/python3.12/site-packages/airflow/example_dags/example_bash_operator.py
[2024-12-27T02:05:55.832+0000] {processor.py:925} INFO - DAG(s) 'example_bash_operator' retrieved from /home/airflow/.local/lib/python3.12/site-packages/airflow/example_dags/example_bash_operator.py
[2024-12-27T02:05:55.867+0000] {logging_mixin.py:190} INFO - [2024-12-27T02:05:55.867+0000] {dag.py:3239} INFO - Sync 1 DAGs
[2024-12-27T02:05:55.896+0000] {logging_mixin.py:190} INFO - [2024-12-27T02:05:55.896+0000] {dag.py:4180} INFO - Setting next_dagrun for example_bash_operator to 2024-12-26 00:00:00+00:00, run_after=2024-12-27 00:00:00+00:00
[2024-12-27T02:05:55.922+0000] {processor.py:208} INFO - Processing /home/airflow/.local/lib/python3.12/site-packages/airflow/example_dags/example_bash_operator.py took 0.117 seconds
[2024-12-27T02:06:26.993+0000] {processor.py:186} INFO - Started process (PID=1329) to work on /home/airflow/.local/lib/python3.12/site-packages/airflow/example_dags/example_bash_operator.py
[2024-12-27T02:06:26.995+0000] {processor.py:914} INFO - Processing file /home/airflow/.local/lib/python3.12/site-packages/airflow/example_dags/example_bash_operator.py for tasks to queue
[2024-12-27T02:06:26.998+0000] {logging_mixin.py:190} INFO - [2024-12-27T02:06:26.997+0000] {dagbag.py:588} INFO - Filling up the DagBag from /home/airflow/.local/lib/python3.12/site-packages/airflow/example_dags/example_bash_operator.py
[2024-12-27T02:06:27.013+0000] {processor.py:925} INFO - DAG(s) 'example_bash_operator' retrieved from /home/airflow/.local/lib/python3.12/site-packages/airflow/example_dags/example_bash_operator.py
[2024-12-27T02:06:27.048+0000] {logging_mixin.py:190} INFO - [2024-12-27T02:06:27.048+0000] {dag.py:3239} INFO - Sync 1 DAGs
[2024-12-27T02:06:27.078+0000] {logging_mixin.py:190} INFO - [2024-12-27T02:06:27.078+0000] {dag.py:4180} INFO - Setting next_dagrun for example_bash_operator to 2024-12-26 00:00:00+00:00, run_after=2024-12-27 00:00:00+00:00
[2024-12-27T02:06:27.106+0000] {processor.py:208} INFO - Processing /home/airflow/.local/lib/python3.12/site-packages/airflow/example_dags/example_bash_operator.py took 0.118 seconds
[2024-12-27T02:06:57.336+0000] {processor.py:186} INFO - Started process (PID=1392) to work on /home/airflow/.local/lib/python3.12/site-packages/airflow/example_dags/example_bash_operator.py
[2024-12-27T02:06:57.337+0000] {processor.py:914} INFO - Processing file /home/airflow/.local/lib/python3.12/site-packages/airflow/example_dags/example_bash_operator.py for tasks to queue
[2024-12-27T02:06:57.340+0000] {logging_mixin.py:190} INFO - [2024-12-27T02:06:57.340+0000] {dagbag.py:588} INFO - Filling up the DagBag from /home/airflow/.local/lib/python3.12/site-packages/airflow/example_dags/example_bash_operator.py
[2024-12-27T02:06:57.354+0000] {processor.py:925} INFO - DAG(s) 'example_bash_operator' retrieved from /home/airflow/.local/lib/python3.12/site-packages/airflow/example_dags/example_bash_operator.py
[2024-12-27T02:06:57.384+0000] {logging_mixin.py:190} INFO - [2024-12-27T02:06:57.383+0000] {dag.py:3239} INFO - Sync 1 DAGs
[2024-12-27T02:06:57.414+0000] {logging_mixin.py:190} INFO - [2024-12-27T02:06:57.413+0000] {dag.py:4180} INFO - Setting next_dagrun for example_bash_operator to 2024-12-26 00:00:00+00:00, run_after=2024-12-27 00:00:00+00:00
[2024-12-27T02:06:57.441+0000] {processor.py:208} INFO - Processing /home/airflow/.local/lib/python3.12/site-packages/airflow/example_dags/example_bash_operator.py took 0.110 seconds
[2024-12-27T02:07:28.724+0000] {processor.py:186} INFO - Started process (PID=1455) to work on /home/airflow/.local/lib/python3.12/site-packages/airflow/example_dags/example_bash_operator.py
[2024-12-27T02:07:28.726+0000] {processor.py:914} INFO - Processing file /home/airflow/.local/lib/python3.12/site-packages/airflow/example_dags/example_bash_operator.py for tasks to queue
[2024-12-27T02:07:28.729+0000] {logging_mixin.py:190} INFO - [2024-12-27T02:07:28.729+0000] {dagbag.py:588} INFO - Filling up the DagBag from /home/airflow/.local/lib/python3.12/site-packages/airflow/example_dags/example_bash_operator.py
[2024-12-27T02:07:28.748+0000] {processor.py:925} INFO - DAG(s) 'example_bash_operator' retrieved from /home/airflow/.local/lib/python3.12/site-packages/airflow/example_dags/example_bash_operator.py
[2024-12-27T02:07:28.785+0000] {logging_mixin.py:190} INFO - [2024-12-27T02:07:28.785+0000] {dag.py:3239} INFO - Sync 1 DAGs
[2024-12-27T02:07:28.821+0000] {logging_mixin.py:190} INFO - [2024-12-27T02:07:28.821+0000] {dag.py:4180} INFO - Setting next_dagrun for example_bash_operator to 2024-12-26 00:00:00+00:00, run_after=2024-12-27 00:00:00+00:00
[2024-12-27T02:07:28.855+0000] {processor.py:208} INFO - Processing /home/airflow/.local/lib/python3.12/site-packages/airflow/example_dags/example_bash_operator.py took 0.139 seconds
[2024-12-27T02:08:00.122+0000] {processor.py:186} INFO - Started process (PID=1518) to work on /home/airflow/.local/lib/python3.12/site-packages/airflow/example_dags/example_bash_operator.py
[2024-12-27T02:08:00.124+0000] {processor.py:914} INFO - Processing file /home/airflow/.local/lib/python3.12/site-packages/airflow/example_dags/example_bash_operator.py for tasks to queue
[2024-12-27T02:08:00.127+0000] {logging_mixin.py:190} INFO - [2024-12-27T02:08:00.126+0000] {dagbag.py:588} INFO - Filling up the DagBag from /home/airflow/.local/lib/python3.12/site-packages/airflow/example_dags/example_bash_operator.py
[2024-12-27T02:08:00.141+0000] {processor.py:925} INFO - DAG(s) 'example_bash_operator' retrieved from /home/airflow/.local/lib/python3.12/site-packages/airflow/example_dags/example_bash_operator.py
[2024-12-27T02:08:00.173+0000] {logging_mixin.py:190} INFO - [2024-12-27T02:08:00.173+0000] {dag.py:3239} INFO - Sync 1 DAGs
[2024-12-27T02:08:00.202+0000] {logging_mixin.py:190} INFO - [2024-12-27T02:08:00.202+0000] {dag.py:4180} INFO - Setting next_dagrun for example_bash_operator to 2024-12-26 00:00:00+00:00, run_after=2024-12-27 00:00:00+00:00
[2024-12-27T02:08:00.231+0000] {processor.py:208} INFO - Processing /home/airflow/.local/lib/python3.12/site-packages/airflow/example_dags/example_bash_operator.py took 0.115 seconds
[2024-12-27T02:08:31.524+0000] {processor.py:186} INFO - Started process (PID=1581) to work on /home/airflow/.local/lib/python3.12/site-packages/airflow/example_dags/example_bash_operator.py
[2024-12-27T02:08:31.525+0000] {processor.py:914} INFO - Processing file /home/airflow/.local/lib/python3.12/site-packages/airflow/example_dags/example_bash_operator.py for tasks to queue
[2024-12-27T02:08:31.528+0000] {logging_mixin.py:190} INFO - [2024-12-27T02:08:31.527+0000] {dagbag.py:588} INFO - Filling up the DagBag from /home/airflow/.local/lib/python3.12/site-packages/airflow/example_dags/example_bash_operator.py
[2024-12-27T02:08:31.542+0000] {processor.py:925} INFO - DAG(s) 'example_bash_operator' retrieved from /home/airflow/.local/lib/python3.12/site-packages/airflow/example_dags/example_bash_operator.py
[2024-12-27T02:08:31.572+0000] {logging_mixin.py:190} INFO - [2024-12-27T02:08:31.572+0000] {dag.py:3239} INFO - Sync 1 DAGs
[2024-12-27T02:08:31.599+0000] {logging_mixin.py:190} INFO - [2024-12-27T02:08:31.599+0000] {dag.py:4180} INFO - Setting next_dagrun for example_bash_operator to 2024-12-26 00:00:00+00:00, run_after=2024-12-27 00:00:00+00:00
[2024-12-27T02:08:31.627+0000] {processor.py:208} INFO - Processing /home/airflow/.local/lib/python3.12/site-packages/airflow/example_dags/example_bash_operator.py took 0.109 seconds
[2024-12-27T02:09:02.931+0000] {processor.py:186} INFO - Started process (PID=1644) to work on /home/airflow/.local/lib/python3.12/site-packages/airflow/example_dags/example_bash_operator.py
[2024-12-27T02:09:02.933+0000] {processor.py:914} INFO - Processing file /home/airflow/.local/lib/python3.12/site-packages/airflow/example_dags/example_bash_operator.py for tasks to queue
[2024-12-27T02:09:02.936+0000] {logging_mixin.py:190} INFO - [2024-12-27T02:09:02.935+0000] {dagbag.py:588} INFO - Filling up the DagBag from /home/airflow/.local/lib/python3.12/site-packages/airflow/example_dags/example_bash_operator.py
[2024-12-27T02:09:02.949+0000] {processor.py:925} INFO - DAG(s) 'example_bash_operator' retrieved from /home/airflow/.local/lib/python3.12/site-packages/airflow/example_dags/example_bash_operator.py
[2024-12-27T02:09:02.984+0000] {logging_mixin.py:190} INFO - [2024-12-27T02:09:02.984+0000] {dag.py:3239} INFO - Sync 1 DAGs
[2024-12-27T02:09:03.015+0000] {logging_mixin.py:190} INFO - [2024-12-27T02:09:03.015+0000] {dag.py:4180} INFO - Setting next_dagrun for example_bash_operator to 2024-12-26 00:00:00+00:00, run_after=2024-12-27 00:00:00+00:00
[2024-12-27T02:09:03.045+0000] {processor.py:208} INFO - Processing /home/airflow/.local/lib/python3.12/site-packages/airflow/example_dags/example_bash_operator.py took 0.120 seconds
[2024-12-27T02:09:33.801+0000] {processor.py:186} INFO - Started process (PID=1707) to work on /home/airflow/.local/lib/python3.12/site-packages/airflow/example_dags/example_bash_operator.py
[2024-12-27T02:09:33.802+0000] {processor.py:914} INFO - Processing file /home/airflow/.local/lib/python3.12/site-packages/airflow/example_dags/example_bash_operator.py for tasks to queue
[2024-12-27T02:09:33.805+0000] {logging_mixin.py:190} INFO - [2024-12-27T02:09:33.805+0000] {dagbag.py:588} INFO - Filling up the DagBag from /home/airflow/.local/lib/python3.12/site-packages/airflow/example_dags/example_bash_operator.py
[2024-12-27T02:09:33.826+0000] {processor.py:925} INFO - DAG(s) 'example_bash_operator' retrieved from /home/airflow/.local/lib/python3.12/site-packages/airflow/example_dags/example_bash_operator.py
[2024-12-27T02:09:33.868+0000] {logging_mixin.py:190} INFO - [2024-12-27T02:09:33.868+0000] {dag.py:3239} INFO - Sync 1 DAGs
[2024-12-27T02:09:33.913+0000] {logging_mixin.py:190} INFO - [2024-12-27T02:09:33.912+0000] {dag.py:4180} INFO - Setting next_dagrun for example_bash_operator to 2024-12-26 00:00:00+00:00, run_after=2024-12-27 00:00:00+00:00
[2024-12-27T02:09:33.946+0000] {processor.py:208} INFO - Processing /home/airflow/.local/lib/python3.12/site-packages/airflow/example_dags/example_bash_operator.py took 0.151 seconds
[2024-12-27T02:10:04.846+0000] {processor.py:186} INFO - Started process (PID=1770) to work on /home/airflow/.local/lib/python3.12/site-packages/airflow/example_dags/example_bash_operator.py
[2024-12-27T02:10:04.847+0000] {processor.py:914} INFO - Processing file /home/airflow/.local/lib/python3.12/site-packages/airflow/example_dags/example_bash_operator.py for tasks to queue
[2024-12-27T02:10:04.851+0000] {logging_mixin.py:190} INFO - [2024-12-27T02:10:04.851+0000] {dagbag.py:588} INFO - Filling up the DagBag from /home/airflow/.local/lib/python3.12/site-packages/airflow/example_dags/example_bash_operator.py
[2024-12-27T02:10:04.873+0000] {processor.py:925} INFO - DAG(s) 'example_bash_operator' retrieved from /home/airflow/.local/lib/python3.12/site-packages/airflow/example_dags/example_bash_operator.py
[2024-12-27T02:10:04.921+0000] {logging_mixin.py:190} INFO - [2024-12-27T02:10:04.921+0000] {dag.py:3239} INFO - Sync 1 DAGs
[2024-12-27T02:10:04.967+0000] {logging_mixin.py:190} INFO - [2024-12-27T02:10:04.966+0000] {dag.py:4180} INFO - Setting next_dagrun for example_bash_operator to 2024-12-26 00:00:00+00:00, run_after=2024-12-27 00:00:00+00:00
[2024-12-27T02:10:05.007+0000] {processor.py:208} INFO - Processing /home/airflow/.local/lib/python3.12/site-packages/airflow/example_dags/example_bash_operator.py took 0.169 seconds
[2024-12-27T02:10:35.418+0000] {processor.py:186} INFO - Started process (PID=1832) to work on /home/airflow/.local/lib/python3.12/site-packages/airflow/example_dags/example_bash_operator.py
[2024-12-27T02:10:35.420+0000] {processor.py:914} INFO - Processing file /home/airflow/.local/lib/python3.12/site-packages/airflow/example_dags/example_bash_operator.py for tasks to queue
[2024-12-27T02:10:35.425+0000] {logging_mixin.py:190} INFO - [2024-12-27T02:10:35.424+0000] {dagbag.py:588} INFO - Filling up the DagBag from /home/airflow/.local/lib/python3.12/site-packages/airflow/example_dags/example_bash_operator.py
[2024-12-27T02:10:35.450+0000] {processor.py:925} INFO - DAG(s) 'example_bash_operator' retrieved from /home/airflow/.local/lib/python3.12/site-packages/airflow/example_dags/example_bash_operator.py
[2024-12-27T02:10:35.504+0000] {logging_mixin.py:190} INFO - [2024-12-27T02:10:35.504+0000] {dag.py:3239} INFO - Sync 1 DAGs
[2024-12-27T02:10:35.570+0000] {logging_mixin.py:190} INFO - [2024-12-27T02:10:35.569+0000] {dag.py:4180} INFO - Setting next_dagrun for example_bash_operator to 2024-12-26 00:00:00+00:00, run_after=2024-12-27 00:00:00+00:00
[2024-12-27T02:10:35.605+0000] {processor.py:208} INFO - Processing /home/airflow/.local/lib/python3.12/site-packages/airflow/example_dags/example_bash_operator.py took 0.198 seconds
[2024-12-27T02:11:06.026+0000] {processor.py:186} INFO - Started process (PID=1895) to work on /home/airflow/.local/lib/python3.12/site-packages/airflow/example_dags/example_bash_operator.py
[2024-12-27T02:11:06.027+0000] {processor.py:914} INFO - Processing file /home/airflow/.local/lib/python3.12/site-packages/airflow/example_dags/example_bash_operator.py for tasks to queue
[2024-12-27T02:11:06.031+0000] {logging_mixin.py:190} INFO - [2024-12-27T02:11:06.030+0000] {dagbag.py:588} INFO - Filling up the DagBag from /home/airflow/.local/lib/python3.12/site-packages/airflow/example_dags/example_bash_operator.py
[2024-12-27T02:11:06.047+0000] {processor.py:925} INFO - DAG(s) 'example_bash_operator' retrieved from /home/airflow/.local/lib/python3.12/site-packages/airflow/example_dags/example_bash_operator.py
[2024-12-27T02:11:06.085+0000] {logging_mixin.py:190} INFO - [2024-12-27T02:11:06.084+0000] {dag.py:3239} INFO - Sync 1 DAGs
[2024-12-27T02:11:06.123+0000] {logging_mixin.py:190} INFO - [2024-12-27T02:11:06.123+0000] {dag.py:4180} INFO - Setting next_dagrun for example_bash_operator to 2024-12-26 00:00:00+00:00, run_after=2024-12-27 00:00:00+00:00
[2024-12-27T02:11:06.154+0000] {processor.py:208} INFO - Processing /home/airflow/.local/lib/python3.12/site-packages/airflow/example_dags/example_bash_operator.py took 0.135 seconds
[2024-12-27T02:11:36.781+0000] {processor.py:186} INFO - Started process (PID=1957) to work on /home/airflow/.local/lib/python3.12/site-packages/airflow/example_dags/example_bash_operator.py
[2024-12-27T02:11:36.782+0000] {processor.py:914} INFO - Processing file /home/airflow/.local/lib/python3.12/site-packages/airflow/example_dags/example_bash_operator.py for tasks to queue
[2024-12-27T02:11:36.786+0000] {logging_mixin.py:190} INFO - [2024-12-27T02:11:36.785+0000] {dagbag.py:588} INFO - Filling up the DagBag from /home/airflow/.local/lib/python3.12/site-packages/airflow/example_dags/example_bash_operator.py
[2024-12-27T02:11:36.801+0000] {processor.py:925} INFO - DAG(s) 'example_bash_operator' retrieved from /home/airflow/.local/lib/python3.12/site-packages/airflow/example_dags/example_bash_operator.py
[2024-12-27T02:11:36.835+0000] {logging_mixin.py:190} INFO - [2024-12-27T02:11:36.835+0000] {dag.py:3239} INFO - Sync 1 DAGs
[2024-12-27T02:11:36.866+0000] {logging_mixin.py:190} INFO - [2024-12-27T02:11:36.866+0000] {dag.py:4180} INFO - Setting next_dagrun for example_bash_operator to 2024-12-26 00:00:00+00:00, run_after=2024-12-27 00:00:00+00:00
[2024-12-27T02:11:36.896+0000] {processor.py:208} INFO - Processing /home/airflow/.local/lib/python3.12/site-packages/airflow/example_dags/example_bash_operator.py took 0.120 seconds
[2024-12-27T02:12:07.171+0000] {processor.py:186} INFO - Started process (PID=2021) to work on /home/airflow/.local/lib/python3.12/site-packages/airflow/example_dags/example_bash_operator.py
[2024-12-27T02:12:07.172+0000] {processor.py:914} INFO - Processing file /home/airflow/.local/lib/python3.12/site-packages/airflow/example_dags/example_bash_operator.py for tasks to queue
[2024-12-27T02:12:07.174+0000] {logging_mixin.py:190} INFO - [2024-12-27T02:12:07.174+0000] {dagbag.py:588} INFO - Filling up the DagBag from /home/airflow/.local/lib/python3.12/site-packages/airflow/example_dags/example_bash_operator.py
[2024-12-27T02:12:07.187+0000] {processor.py:925} INFO - DAG(s) 'example_bash_operator' retrieved from /home/airflow/.local/lib/python3.12/site-packages/airflow/example_dags/example_bash_operator.py
[2024-12-27T02:12:07.221+0000] {logging_mixin.py:190} INFO - [2024-12-27T02:12:07.221+0000] {dag.py:3239} INFO - Sync 1 DAGs
[2024-12-27T02:12:07.248+0000] {logging_mixin.py:190} INFO - [2024-12-27T02:12:07.247+0000] {dag.py:4180} INFO - Setting next_dagrun for example_bash_operator to 2024-12-26 00:00:00+00:00, run_after=2024-12-27 00:00:00+00:00
[2024-12-27T02:12:07.274+0000] {processor.py:208} INFO - Processing /home/airflow/.local/lib/python3.12/site-packages/airflow/example_dags/example_bash_operator.py took 0.108 seconds
[2024-12-27T02:12:38.242+0000] {processor.py:186} INFO - Started process (PID=2084) to work on /home/airflow/.local/lib/python3.12/site-packages/airflow/example_dags/example_bash_operator.py
[2024-12-27T02:12:38.243+0000] {processor.py:914} INFO - Processing file /home/airflow/.local/lib/python3.12/site-packages/airflow/example_dags/example_bash_operator.py for tasks to queue
[2024-12-27T02:12:38.246+0000] {logging_mixin.py:190} INFO - [2024-12-27T02:12:38.246+0000] {dagbag.py:588} INFO - Filling up the DagBag from /home/airflow/.local/lib/python3.12/site-packages/airflow/example_dags/example_bash_operator.py
[2024-12-27T02:12:38.261+0000] {processor.py:925} INFO - DAG(s) 'example_bash_operator' retrieved from /home/airflow/.local/lib/python3.12/site-packages/airflow/example_dags/example_bash_operator.py
[2024-12-27T02:12:38.296+0000] {logging_mixin.py:190} INFO - [2024-12-27T02:12:38.295+0000] {dag.py:3239} INFO - Sync 1 DAGs
[2024-12-27T02:12:38.548+0000] {logging_mixin.py:190} INFO - [2024-12-27T02:12:38.548+0000] {dag.py:4180} INFO - Setting next_dagrun for example_bash_operator to 2024-12-26 00:00:00+00:00, run_after=2024-12-27 00:00:00+00:00
[2024-12-27T02:12:38.578+0000] {processor.py:208} INFO - Processing /home/airflow/.local/lib/python3.12/site-packages/airflow/example_dags/example_bash_operator.py took 0.342 seconds
[2024-12-27T02:13:08.648+0000] {processor.py:186} INFO - Started process (PID=2147) to work on /home/airflow/.local/lib/python3.12/site-packages/airflow/example_dags/example_bash_operator.py
[2024-12-27T02:13:08.649+0000] {processor.py:914} INFO - Processing file /home/airflow/.local/lib/python3.12/site-packages/airflow/example_dags/example_bash_operator.py for tasks to queue
[2024-12-27T02:13:08.652+0000] {logging_mixin.py:190} INFO - [2024-12-27T02:13:08.652+0000] {dagbag.py:588} INFO - Filling up the DagBag from /home/airflow/.local/lib/python3.12/site-packages/airflow/example_dags/example_bash_operator.py
[2024-12-27T02:13:08.668+0000] {processor.py:925} INFO - DAG(s) 'example_bash_operator' retrieved from /home/airflow/.local/lib/python3.12/site-packages/airflow/example_dags/example_bash_operator.py
[2024-12-27T02:13:08.707+0000] {logging_mixin.py:190} INFO - [2024-12-27T02:13:08.707+0000] {dag.py:3239} INFO - Sync 1 DAGs
[2024-12-27T02:13:08.740+0000] {logging_mixin.py:190} INFO - [2024-12-27T02:13:08.739+0000] {dag.py:4180} INFO - Setting next_dagrun for example_bash_operator to 2024-12-26 00:00:00+00:00, run_after=2024-12-27 00:00:00+00:00
[2024-12-27T02:13:09.003+0000] {processor.py:208} INFO - Processing /home/airflow/.local/lib/python3.12/site-packages/airflow/example_dags/example_bash_operator.py took 0.360 seconds
[2024-12-27T02:13:39.702+0000] {processor.py:186} INFO - Started process (PID=2210) to work on /home/airflow/.local/lib/python3.12/site-packages/airflow/example_dags/example_bash_operator.py
[2024-12-27T02:13:39.704+0000] {processor.py:914} INFO - Processing file /home/airflow/.local/lib/python3.12/site-packages/airflow/example_dags/example_bash_operator.py for tasks to queue
[2024-12-27T02:13:39.707+0000] {logging_mixin.py:190} INFO - [2024-12-27T02:13:39.707+0000] {dagbag.py:588} INFO - Filling up the DagBag from /home/airflow/.local/lib/python3.12/site-packages/airflow/example_dags/example_bash_operator.py
[2024-12-27T02:13:39.720+0000] {processor.py:925} INFO - DAG(s) 'example_bash_operator' retrieved from /home/airflow/.local/lib/python3.12/site-packages/airflow/example_dags/example_bash_operator.py
[2024-12-27T02:13:39.751+0000] {logging_mixin.py:190} INFO - [2024-12-27T02:13:39.751+0000] {dag.py:3239} INFO - Sync 1 DAGs
[2024-12-27T02:13:39.779+0000] {logging_mixin.py:190} INFO - [2024-12-27T02:13:39.779+0000] {dag.py:4180} INFO - Setting next_dagrun for example_bash_operator to 2024-12-26 00:00:00+00:00, run_after=2024-12-27 00:00:00+00:00
[2024-12-27T02:13:39.804+0000] {processor.py:208} INFO - Processing /home/airflow/.local/lib/python3.12/site-packages/airflow/example_dags/example_bash_operator.py took 0.107 seconds
[2024-12-27T02:14:10.363+0000] {processor.py:186} INFO - Started process (PID=2272) to work on /home/airflow/.local/lib/python3.12/site-packages/airflow/example_dags/example_bash_operator.py
[2024-12-27T02:14:10.366+0000] {processor.py:914} INFO - Processing file /home/airflow/.local/lib/python3.12/site-packages/airflow/example_dags/example_bash_operator.py for tasks to queue
[2024-12-27T02:14:10.369+0000] {logging_mixin.py:190} INFO - [2024-12-27T02:14:10.368+0000] {dagbag.py:588} INFO - Filling up the DagBag from /home/airflow/.local/lib/python3.12/site-packages/airflow/example_dags/example_bash_operator.py
[2024-12-27T02:14:10.387+0000] {processor.py:925} INFO - DAG(s) 'example_bash_operator' retrieved from /home/airflow/.local/lib/python3.12/site-packages/airflow/example_dags/example_bash_operator.py
[2024-12-27T02:14:10.424+0000] {logging_mixin.py:190} INFO - [2024-12-27T02:14:10.423+0000] {dag.py:3239} INFO - Sync 1 DAGs
[2024-12-27T02:14:10.457+0000] {logging_mixin.py:190} INFO - [2024-12-27T02:14:10.457+0000] {dag.py:4180} INFO - Setting next_dagrun for example_bash_operator to 2024-12-26 00:00:00+00:00, run_after=2024-12-27 00:00:00+00:00
[2024-12-27T02:14:10.495+0000] {processor.py:208} INFO - Processing /home/airflow/.local/lib/python3.12/site-packages/airflow/example_dags/example_bash_operator.py took 0.138 seconds
[2024-12-27T02:14:41.015+0000] {processor.py:186} INFO - Started process (PID=2335) to work on /home/airflow/.local/lib/python3.12/site-packages/airflow/example_dags/example_bash_operator.py
[2024-12-27T02:14:41.017+0000] {processor.py:914} INFO - Processing file /home/airflow/.local/lib/python3.12/site-packages/airflow/example_dags/example_bash_operator.py for tasks to queue
[2024-12-27T02:14:41.020+0000] {logging_mixin.py:190} INFO - [2024-12-27T02:14:41.019+0000] {dagbag.py:588} INFO - Filling up the DagBag from /home/airflow/.local/lib/python3.12/site-packages/airflow/example_dags/example_bash_operator.py
[2024-12-27T02:14:41.035+0000] {processor.py:925} INFO - DAG(s) 'example_bash_operator' retrieved from /home/airflow/.local/lib/python3.12/site-packages/airflow/example_dags/example_bash_operator.py
[2024-12-27T02:14:41.082+0000] {logging_mixin.py:190} INFO - [2024-12-27T02:14:41.081+0000] {dag.py:3239} INFO - Sync 1 DAGs
[2024-12-27T02:14:41.114+0000] {logging_mixin.py:190} INFO - [2024-12-27T02:14:41.113+0000] {dag.py:4180} INFO - Setting next_dagrun for example_bash_operator to 2024-12-26 00:00:00+00:00, run_after=2024-12-27 00:00:00+00:00
[2024-12-27T02:14:41.150+0000] {processor.py:208} INFO - Processing /home/airflow/.local/lib/python3.12/site-packages/airflow/example_dags/example_bash_operator.py took 0.141 seconds
[2024-12-27T02:15:11.841+0000] {processor.py:186} INFO - Started process (PID=2398) to work on /home/airflow/.local/lib/python3.12/site-packages/airflow/example_dags/example_bash_operator.py
[2024-12-27T02:15:11.849+0000] {processor.py:914} INFO - Processing file /home/airflow/.local/lib/python3.12/site-packages/airflow/example_dags/example_bash_operator.py for tasks to queue
[2024-12-27T02:15:11.852+0000] {logging_mixin.py:190} INFO - [2024-12-27T02:15:11.852+0000] {dagbag.py:588} INFO - Filling up the DagBag from /home/airflow/.local/lib/python3.12/site-packages/airflow/example_dags/example_bash_operator.py
[2024-12-27T02:15:12.054+0000] {processor.py:925} INFO - DAG(s) 'example_bash_operator' retrieved from /home/airflow/.local/lib/python3.12/site-packages/airflow/example_dags/example_bash_operator.py
[2024-12-27T02:15:12.084+0000] {logging_mixin.py:190} INFO - [2024-12-27T02:15:12.084+0000] {dag.py:3239} INFO - Sync 1 DAGs
[2024-12-27T02:15:12.108+0000] {logging_mixin.py:190} INFO - [2024-12-27T02:15:12.108+0000] {dag.py:4180} INFO - Setting next_dagrun for example_bash_operator to 2024-12-26 00:00:00+00:00, run_after=2024-12-27 00:00:00+00:00
[2024-12-27T02:15:12.132+0000] {processor.py:208} INFO - Processing /home/airflow/.local/lib/python3.12/site-packages/airflow/example_dags/example_bash_operator.py took 0.297 seconds
[2024-12-27T02:15:42.685+0000] {processor.py:186} INFO - Started process (PID=2462) to work on /home/airflow/.local/lib/python3.12/site-packages/airflow/example_dags/example_bash_operator.py
[2024-12-27T02:15:42.687+0000] {processor.py:914} INFO - Processing file /home/airflow/.local/lib/python3.12/site-packages/airflow/example_dags/example_bash_operator.py for tasks to queue
[2024-12-27T02:15:42.691+0000] {logging_mixin.py:190} INFO - [2024-12-27T02:15:42.690+0000] {dagbag.py:588} INFO - Filling up the DagBag from /home/airflow/.local/lib/python3.12/site-packages/airflow/example_dags/example_bash_operator.py
[2024-12-27T02:15:42.705+0000] {processor.py:925} INFO - DAG(s) 'example_bash_operator' retrieved from /home/airflow/.local/lib/python3.12/site-packages/airflow/example_dags/example_bash_operator.py
[2024-12-27T02:15:42.740+0000] {logging_mixin.py:190} INFO - [2024-12-27T02:15:42.740+0000] {dag.py:3239} INFO - Sync 1 DAGs
[2024-12-27T02:15:42.768+0000] {logging_mixin.py:190} INFO - [2024-12-27T02:15:42.767+0000] {dag.py:4180} INFO - Setting next_dagrun for example_bash_operator to 2024-12-26 00:00:00+00:00, run_after=2024-12-27 00:00:00+00:00
[2024-12-27T02:15:42.797+0000] {processor.py:208} INFO - Processing /home/airflow/.local/lib/python3.12/site-packages/airflow/example_dags/example_bash_operator.py took 0.116 seconds
[2024-12-27T02:16:13.605+0000] {processor.py:186} INFO - Started process (PID=2527) to work on /home/airflow/.local/lib/python3.12/site-packages/airflow/example_dags/example_bash_operator.py
[2024-12-27T02:16:13.606+0000] {processor.py:914} INFO - Processing file /home/airflow/.local/lib/python3.12/site-packages/airflow/example_dags/example_bash_operator.py for tasks to queue
[2024-12-27T02:16:13.609+0000] {logging_mixin.py:190} INFO - [2024-12-27T02:16:13.609+0000] {dagbag.py:588} INFO - Filling up the DagBag from /home/airflow/.local/lib/python3.12/site-packages/airflow/example_dags/example_bash_operator.py
[2024-12-27T02:16:13.623+0000] {processor.py:925} INFO - DAG(s) 'example_bash_operator' retrieved from /home/airflow/.local/lib/python3.12/site-packages/airflow/example_dags/example_bash_operator.py
[2024-12-27T02:16:13.655+0000] {logging_mixin.py:190} INFO - [2024-12-27T02:16:13.654+0000] {dag.py:3239} INFO - Sync 1 DAGs
[2024-12-27T02:16:13.684+0000] {logging_mixin.py:190} INFO - [2024-12-27T02:16:13.684+0000] {dag.py:4180} INFO - Setting next_dagrun for example_bash_operator to 2024-12-26 00:00:00+00:00, run_after=2024-12-27 00:00:00+00:00
[2024-12-27T02:16:13.713+0000] {processor.py:208} INFO - Processing /home/airflow/.local/lib/python3.12/site-packages/airflow/example_dags/example_bash_operator.py took 0.113 seconds
[2024-12-27T02:16:43.991+0000] {processor.py:186} INFO - Started process (PID=2590) to work on /home/airflow/.local/lib/python3.12/site-packages/airflow/example_dags/example_bash_operator.py
[2024-12-27T02:16:43.993+0000] {processor.py:914} INFO - Processing file /home/airflow/.local/lib/python3.12/site-packages/airflow/example_dags/example_bash_operator.py for tasks to queue
[2024-12-27T02:16:43.995+0000] {logging_mixin.py:190} INFO - [2024-12-27T02:16:43.995+0000] {dagbag.py:588} INFO - Filling up the DagBag from /home/airflow/.local/lib/python3.12/site-packages/airflow/example_dags/example_bash_operator.py
[2024-12-27T02:16:44.009+0000] {processor.py:925} INFO - DAG(s) 'example_bash_operator' retrieved from /home/airflow/.local/lib/python3.12/site-packages/airflow/example_dags/example_bash_operator.py
[2024-12-27T02:16:44.039+0000] {logging_mixin.py:190} INFO - [2024-12-27T02:16:44.039+0000] {dag.py:3239} INFO - Sync 1 DAGs
[2024-12-27T02:16:44.067+0000] {logging_mixin.py:190} INFO - [2024-12-27T02:16:44.067+0000] {dag.py:4180} INFO - Setting next_dagrun for example_bash_operator to 2024-12-26 00:00:00+00:00, run_after=2024-12-27 00:00:00+00:00
[2024-12-27T02:16:44.096+0000] {processor.py:208} INFO - Processing /home/airflow/.local/lib/python3.12/site-packages/airflow/example_dags/example_bash_operator.py took 0.109 seconds
