[2024-12-27T01:56:34.607+0000] {processor.py:186} INFO - Started process (PID=121) to work on /home/airflow/.local/lib/python3.12/site-packages/airflow/example_dags/tutorial.py
[2024-12-27T01:56:34.609+0000] {processor.py:914} INFO - Processing file /home/airflow/.local/lib/python3.12/site-packages/airflow/example_dags/tutorial.py for tasks to queue
[2024-12-27T01:56:34.611+0000] {logging_mixin.py:190} INFO - [2024-12-27T01:56:34.611+0000] {dagbag.py:588} INFO - Filling up the DagBag from /home/airflow/.local/lib/python3.12/site-packages/airflow/example_dags/tutorial.py
[2024-12-27T01:56:34.621+0000] {processor.py:925} INFO - DAG(s) 'tutorial' retrieved from /home/airflow/.local/lib/python3.12/site-packages/airflow/example_dags/tutorial.py
[2024-12-27T01:56:34.738+0000] {logging_mixin.py:190} INFO - [2024-12-27T01:56:34.737+0000] {override.py:1911} INFO - Created Permission View: can read on DAG:tutorial
[2024-12-27T01:56:34.755+0000] {logging_mixin.py:190} INFO - [2024-12-27T01:56:34.755+0000] {override.py:1911} INFO - Created Permission View: can edit on DAG:tutorial
[2024-12-27T01:56:34.769+0000] {logging_mixin.py:190} INFO - [2024-12-27T01:56:34.768+0000] {override.py:1911} INFO - Created Permission View: can delete on DAG:tutorial
[2024-12-27T01:56:34.782+0000] {logging_mixin.py:190} INFO - [2024-12-27T01:56:34.782+0000] {override.py:1911} INFO - Created Permission View: menu access on DAG Run:tutorial
[2024-12-27T01:56:34.795+0000] {logging_mixin.py:190} INFO - [2024-12-27T01:56:34.794+0000] {override.py:1911} INFO - Created Permission View: can read on DAG Run:tutorial
[2024-12-27T01:56:34.807+0000] {logging_mixin.py:190} INFO - [2024-12-27T01:56:34.807+0000] {override.py:1911} INFO - Created Permission View: can create on DAG Run:tutorial
[2024-12-27T01:56:34.820+0000] {logging_mixin.py:190} INFO - [2024-12-27T01:56:34.819+0000] {override.py:1911} INFO - Created Permission View: can delete on DAG Run:tutorial
[2024-12-27T01:56:34.821+0000] {logging_mixin.py:190} INFO - [2024-12-27T01:56:34.820+0000] {dag.py:3239} INFO - Sync 1 DAGs
[2024-12-27T01:56:34.836+0000] {logging_mixin.py:190} INFO - [2024-12-27T01:56:34.835+0000] {dag.py:3262} INFO - Creating ORM DAG for tutorial
[2024-12-27T01:56:34.847+0000] {logging_mixin.py:190} INFO - [2024-12-27T01:56:34.847+0000] {dag.py:4180} INFO - Setting next_dagrun for tutorial to 2024-12-26 00:00:00+00:00, run_after=2024-12-27 00:00:00+00:00
[2024-12-27T01:56:34.875+0000] {processor.py:208} INFO - Processing /home/airflow/.local/lib/python3.12/site-packages/airflow/example_dags/tutorial.py took 0.274 seconds
[2024-12-27T01:57:05.129+0000] {processor.py:186} INFO - Started process (PID=184) to work on /home/airflow/.local/lib/python3.12/site-packages/airflow/example_dags/tutorial.py
[2024-12-27T01:57:05.130+0000] {processor.py:914} INFO - Processing file /home/airflow/.local/lib/python3.12/site-packages/airflow/example_dags/tutorial.py for tasks to queue
[2024-12-27T01:57:05.134+0000] {logging_mixin.py:190} INFO - [2024-12-27T01:57:05.133+0000] {dagbag.py:588} INFO - Filling up the DagBag from /home/airflow/.local/lib/python3.12/site-packages/airflow/example_dags/tutorial.py
[2024-12-27T01:57:05.142+0000] {processor.py:925} INFO - DAG(s) 'tutorial' retrieved from /home/airflow/.local/lib/python3.12/site-packages/airflow/example_dags/tutorial.py
[2024-12-27T01:57:05.165+0000] {logging_mixin.py:190} INFO - [2024-12-27T01:57:05.165+0000] {dag.py:3239} INFO - Sync 1 DAGs
[2024-12-27T01:57:05.189+0000] {logging_mixin.py:190} INFO - [2024-12-27T01:57:05.189+0000] {dag.py:4180} INFO - Setting next_dagrun for tutorial to 2024-12-26 00:00:00+00:00, run_after=2024-12-27 00:00:00+00:00
[2024-12-27T01:57:05.216+0000] {processor.py:208} INFO - Processing /home/airflow/.local/lib/python3.12/site-packages/airflow/example_dags/tutorial.py took 0.093 seconds
[2024-12-27T01:57:35.707+0000] {processor.py:186} INFO - Started process (PID=247) to work on /home/airflow/.local/lib/python3.12/site-packages/airflow/example_dags/tutorial.py
[2024-12-27T01:57:35.708+0000] {processor.py:914} INFO - Processing file /home/airflow/.local/lib/python3.12/site-packages/airflow/example_dags/tutorial.py for tasks to queue
[2024-12-27T01:57:35.711+0000] {logging_mixin.py:190} INFO - [2024-12-27T01:57:35.711+0000] {dagbag.py:588} INFO - Filling up the DagBag from /home/airflow/.local/lib/python3.12/site-packages/airflow/example_dags/tutorial.py
[2024-12-27T01:57:35.722+0000] {processor.py:925} INFO - DAG(s) 'tutorial' retrieved from /home/airflow/.local/lib/python3.12/site-packages/airflow/example_dags/tutorial.py
[2024-12-27T01:57:35.746+0000] {logging_mixin.py:190} INFO - [2024-12-27T01:57:35.745+0000] {dag.py:3239} INFO - Sync 1 DAGs
[2024-12-27T01:57:35.771+0000] {logging_mixin.py:190} INFO - [2024-12-27T01:57:35.771+0000] {dag.py:4180} INFO - Setting next_dagrun for tutorial to 2024-12-26 00:00:00+00:00, run_after=2024-12-27 00:00:00+00:00
[2024-12-27T01:57:35.798+0000] {processor.py:208} INFO - Processing /home/airflow/.local/lib/python3.12/site-packages/airflow/example_dags/tutorial.py took 0.096 seconds
[2024-12-27T01:58:06.822+0000] {processor.py:186} INFO - Started process (PID=310) to work on /home/airflow/.local/lib/python3.12/site-packages/airflow/example_dags/tutorial.py
[2024-12-27T01:58:06.824+0000] {processor.py:914} INFO - Processing file /home/airflow/.local/lib/python3.12/site-packages/airflow/example_dags/tutorial.py for tasks to queue
[2024-12-27T01:58:06.827+0000] {logging_mixin.py:190} INFO - [2024-12-27T01:58:06.827+0000] {dagbag.py:588} INFO - Filling up the DagBag from /home/airflow/.local/lib/python3.12/site-packages/airflow/example_dags/tutorial.py
[2024-12-27T01:58:06.836+0000] {processor.py:925} INFO - DAG(s) 'tutorial' retrieved from /home/airflow/.local/lib/python3.12/site-packages/airflow/example_dags/tutorial.py
[2024-12-27T01:58:06.866+0000] {logging_mixin.py:190} INFO - [2024-12-27T01:58:06.866+0000] {dag.py:3239} INFO - Sync 1 DAGs
[2024-12-27T01:58:06.896+0000] {logging_mixin.py:190} INFO - [2024-12-27T01:58:06.896+0000] {dag.py:4180} INFO - Setting next_dagrun for tutorial to 2024-12-26 00:00:00+00:00, run_after=2024-12-27 00:00:00+00:00
[2024-12-27T01:58:06.923+0000] {processor.py:208} INFO - Processing /home/airflow/.local/lib/python3.12/site-packages/airflow/example_dags/tutorial.py took 0.107 seconds
[2024-12-27T01:58:37.908+0000] {processor.py:186} INFO - Started process (PID=373) to work on /home/airflow/.local/lib/python3.12/site-packages/airflow/example_dags/tutorial.py
[2024-12-27T01:58:37.909+0000] {processor.py:914} INFO - Processing file /home/airflow/.local/lib/python3.12/site-packages/airflow/example_dags/tutorial.py for tasks to queue
[2024-12-27T01:58:37.913+0000] {logging_mixin.py:190} INFO - [2024-12-27T01:58:37.912+0000] {dagbag.py:588} INFO - Filling up the DagBag from /home/airflow/.local/lib/python3.12/site-packages/airflow/example_dags/tutorial.py
[2024-12-27T01:58:37.922+0000] {processor.py:925} INFO - DAG(s) 'tutorial' retrieved from /home/airflow/.local/lib/python3.12/site-packages/airflow/example_dags/tutorial.py
[2024-12-27T01:58:37.949+0000] {logging_mixin.py:190} INFO - [2024-12-27T01:58:37.949+0000] {dag.py:3239} INFO - Sync 1 DAGs
[2024-12-27T01:58:37.979+0000] {logging_mixin.py:190} INFO - [2024-12-27T01:58:37.978+0000] {dag.py:4180} INFO - Setting next_dagrun for tutorial to 2024-12-26 00:00:00+00:00, run_after=2024-12-27 00:00:00+00:00
[2024-12-27T01:58:38.017+0000] {processor.py:208} INFO - Processing /home/airflow/.local/lib/python3.12/site-packages/airflow/example_dags/tutorial.py took 0.114 seconds
[2024-12-27T01:59:08.323+0000] {processor.py:186} INFO - Started process (PID=435) to work on /home/airflow/.local/lib/python3.12/site-packages/airflow/example_dags/tutorial.py
[2024-12-27T01:59:08.324+0000] {processor.py:914} INFO - Processing file /home/airflow/.local/lib/python3.12/site-packages/airflow/example_dags/tutorial.py for tasks to queue
[2024-12-27T01:59:08.327+0000] {logging_mixin.py:190} INFO - [2024-12-27T01:59:08.327+0000] {dagbag.py:588} INFO - Filling up the DagBag from /home/airflow/.local/lib/python3.12/site-packages/airflow/example_dags/tutorial.py
[2024-12-27T01:59:08.336+0000] {processor.py:925} INFO - DAG(s) 'tutorial' retrieved from /home/airflow/.local/lib/python3.12/site-packages/airflow/example_dags/tutorial.py
[2024-12-27T01:59:08.363+0000] {logging_mixin.py:190} INFO - [2024-12-27T01:59:08.363+0000] {dag.py:3239} INFO - Sync 1 DAGs
[2024-12-27T01:59:08.391+0000] {logging_mixin.py:190} INFO - [2024-12-27T01:59:08.391+0000] {dag.py:4180} INFO - Setting next_dagrun for tutorial to 2024-12-26 00:00:00+00:00, run_after=2024-12-27 00:00:00+00:00
[2024-12-27T01:59:08.418+0000] {processor.py:208} INFO - Processing /home/airflow/.local/lib/python3.12/site-packages/airflow/example_dags/tutorial.py took 0.101 seconds
[2024-12-27T01:59:39.650+0000] {processor.py:186} INFO - Started process (PID=498) to work on /home/airflow/.local/lib/python3.12/site-packages/airflow/example_dags/tutorial.py
[2024-12-27T01:59:39.651+0000] {processor.py:914} INFO - Processing file /home/airflow/.local/lib/python3.12/site-packages/airflow/example_dags/tutorial.py for tasks to queue
[2024-12-27T01:59:39.654+0000] {logging_mixin.py:190} INFO - [2024-12-27T01:59:39.653+0000] {dagbag.py:588} INFO - Filling up the DagBag from /home/airflow/.local/lib/python3.12/site-packages/airflow/example_dags/tutorial.py
[2024-12-27T01:59:39.662+0000] {processor.py:925} INFO - DAG(s) 'tutorial' retrieved from /home/airflow/.local/lib/python3.12/site-packages/airflow/example_dags/tutorial.py
[2024-12-27T01:59:39.686+0000] {logging_mixin.py:190} INFO - [2024-12-27T01:59:39.686+0000] {dag.py:3239} INFO - Sync 1 DAGs
[2024-12-27T01:59:39.713+0000] {logging_mixin.py:190} INFO - [2024-12-27T01:59:39.713+0000] {dag.py:4180} INFO - Setting next_dagrun for tutorial to 2024-12-26 00:00:00+00:00, run_after=2024-12-27 00:00:00+00:00
[2024-12-27T01:59:39.740+0000] {processor.py:208} INFO - Processing /home/airflow/.local/lib/python3.12/site-packages/airflow/example_dags/tutorial.py took 0.095 seconds
[2024-12-27T02:00:10.965+0000] {processor.py:186} INFO - Started process (PID=561) to work on /home/airflow/.local/lib/python3.12/site-packages/airflow/example_dags/tutorial.py
[2024-12-27T02:00:10.967+0000] {processor.py:914} INFO - Processing file /home/airflow/.local/lib/python3.12/site-packages/airflow/example_dags/tutorial.py for tasks to queue
[2024-12-27T02:00:10.970+0000] {logging_mixin.py:190} INFO - [2024-12-27T02:00:10.970+0000] {dagbag.py:588} INFO - Filling up the DagBag from /home/airflow/.local/lib/python3.12/site-packages/airflow/example_dags/tutorial.py
[2024-12-27T02:00:10.979+0000] {processor.py:925} INFO - DAG(s) 'tutorial' retrieved from /home/airflow/.local/lib/python3.12/site-packages/airflow/example_dags/tutorial.py
[2024-12-27T02:00:11.004+0000] {logging_mixin.py:190} INFO - [2024-12-27T02:00:11.004+0000] {dag.py:3239} INFO - Sync 1 DAGs
[2024-12-27T02:00:11.032+0000] {logging_mixin.py:190} INFO - [2024-12-27T02:00:11.031+0000] {dag.py:4180} INFO - Setting next_dagrun for tutorial to 2024-12-26 00:00:00+00:00, run_after=2024-12-27 00:00:00+00:00
[2024-12-27T02:00:11.058+0000] {processor.py:208} INFO - Processing /home/airflow/.local/lib/python3.12/site-packages/airflow/example_dags/tutorial.py took 0.098 seconds
[2024-12-27T02:00:42.834+0000] {processor.py:186} INFO - Started process (PID=624) to work on /home/airflow/.local/lib/python3.12/site-packages/airflow/example_dags/tutorial.py
[2024-12-27T02:00:42.835+0000] {processor.py:914} INFO - Processing file /home/airflow/.local/lib/python3.12/site-packages/airflow/example_dags/tutorial.py for tasks to queue
[2024-12-27T02:00:42.838+0000] {logging_mixin.py:190} INFO - [2024-12-27T02:00:42.837+0000] {dagbag.py:588} INFO - Filling up the DagBag from /home/airflow/.local/lib/python3.12/site-packages/airflow/example_dags/tutorial.py
[2024-12-27T02:00:42.847+0000] {processor.py:925} INFO - DAG(s) 'tutorial' retrieved from /home/airflow/.local/lib/python3.12/site-packages/airflow/example_dags/tutorial.py
[2024-12-27T02:00:42.871+0000] {logging_mixin.py:190} INFO - [2024-12-27T02:00:42.870+0000] {dag.py:3239} INFO - Sync 1 DAGs
[2024-12-27T02:00:42.901+0000] {logging_mixin.py:190} INFO - [2024-12-27T02:00:42.901+0000] {dag.py:4180} INFO - Setting next_dagrun for tutorial to 2024-12-26 00:00:00+00:00, run_after=2024-12-27 00:00:00+00:00
[2024-12-27T02:00:42.930+0000] {processor.py:208} INFO - Processing /home/airflow/.local/lib/python3.12/site-packages/airflow/example_dags/tutorial.py took 0.102 seconds
[2024-12-27T02:01:15.266+0000] {processor.py:186} INFO - Started process (PID=687) to work on /home/airflow/.local/lib/python3.12/site-packages/airflow/example_dags/tutorial.py
[2024-12-27T02:01:15.267+0000] {processor.py:914} INFO - Processing file /home/airflow/.local/lib/python3.12/site-packages/airflow/example_dags/tutorial.py for tasks to queue
[2024-12-27T02:01:15.271+0000] {logging_mixin.py:190} INFO - [2024-12-27T02:01:15.270+0000] {dagbag.py:588} INFO - Filling up the DagBag from /home/airflow/.local/lib/python3.12/site-packages/airflow/example_dags/tutorial.py
[2024-12-27T02:01:15.284+0000] {processor.py:925} INFO - DAG(s) 'tutorial' retrieved from /home/airflow/.local/lib/python3.12/site-packages/airflow/example_dags/tutorial.py
[2024-12-27T02:01:15.318+0000] {logging_mixin.py:190} INFO - [2024-12-27T02:01:15.317+0000] {dag.py:3239} INFO - Sync 1 DAGs
[2024-12-27T02:01:15.348+0000] {logging_mixin.py:190} INFO - [2024-12-27T02:01:15.347+0000] {dag.py:4180} INFO - Setting next_dagrun for tutorial to 2024-12-26 00:00:00+00:00, run_after=2024-12-27 00:00:00+00:00
[2024-12-27T02:01:15.378+0000] {processor.py:208} INFO - Processing /home/airflow/.local/lib/python3.12/site-packages/airflow/example_dags/tutorial.py took 0.118 seconds
[2024-12-27T02:01:45.862+0000] {processor.py:186} INFO - Started process (PID=750) to work on /home/airflow/.local/lib/python3.12/site-packages/airflow/example_dags/tutorial.py
[2024-12-27T02:01:45.864+0000] {processor.py:914} INFO - Processing file /home/airflow/.local/lib/python3.12/site-packages/airflow/example_dags/tutorial.py for tasks to queue
[2024-12-27T02:01:45.868+0000] {logging_mixin.py:190} INFO - [2024-12-27T02:01:45.867+0000] {dagbag.py:588} INFO - Filling up the DagBag from /home/airflow/.local/lib/python3.12/site-packages/airflow/example_dags/tutorial.py
[2024-12-27T02:01:45.878+0000] {processor.py:925} INFO - DAG(s) 'tutorial' retrieved from /home/airflow/.local/lib/python3.12/site-packages/airflow/example_dags/tutorial.py
[2024-12-27T02:01:45.909+0000] {logging_mixin.py:190} INFO - [2024-12-27T02:01:45.909+0000] {dag.py:3239} INFO - Sync 1 DAGs
[2024-12-27T02:01:45.951+0000] {logging_mixin.py:190} INFO - [2024-12-27T02:01:45.951+0000] {dag.py:4180} INFO - Setting next_dagrun for tutorial to 2024-12-26 00:00:00+00:00, run_after=2024-12-27 00:00:00+00:00
[2024-12-27T02:01:45.994+0000] {processor.py:208} INFO - Processing /home/airflow/.local/lib/python3.12/site-packages/airflow/example_dags/tutorial.py took 0.138 seconds
[2024-12-27T02:02:18.101+0000] {processor.py:186} INFO - Started process (PID=813) to work on /home/airflow/.local/lib/python3.12/site-packages/airflow/example_dags/tutorial.py
[2024-12-27T02:02:18.103+0000] {processor.py:914} INFO - Processing file /home/airflow/.local/lib/python3.12/site-packages/airflow/example_dags/tutorial.py for tasks to queue
[2024-12-27T02:02:18.106+0000] {logging_mixin.py:190} INFO - [2024-12-27T02:02:18.106+0000] {dagbag.py:588} INFO - Filling up the DagBag from /home/airflow/.local/lib/python3.12/site-packages/airflow/example_dags/tutorial.py
[2024-12-27T02:02:18.115+0000] {processor.py:925} INFO - DAG(s) 'tutorial' retrieved from /home/airflow/.local/lib/python3.12/site-packages/airflow/example_dags/tutorial.py
[2024-12-27T02:02:18.140+0000] {logging_mixin.py:190} INFO - [2024-12-27T02:02:18.140+0000] {dag.py:3239} INFO - Sync 1 DAGs
[2024-12-27T02:02:18.169+0000] {logging_mixin.py:190} INFO - [2024-12-27T02:02:18.168+0000] {dag.py:4180} INFO - Setting next_dagrun for tutorial to 2024-12-26 00:00:00+00:00, run_after=2024-12-27 00:00:00+00:00
[2024-12-27T02:02:18.195+0000] {processor.py:208} INFO - Processing /home/airflow/.local/lib/python3.12/site-packages/airflow/example_dags/tutorial.py took 0.099 seconds
[2024-12-27T02:02:49.072+0000] {processor.py:186} INFO - Started process (PID=876) to work on /home/airflow/.local/lib/python3.12/site-packages/airflow/example_dags/tutorial.py
[2024-12-27T02:02:49.074+0000] {processor.py:914} INFO - Processing file /home/airflow/.local/lib/python3.12/site-packages/airflow/example_dags/tutorial.py for tasks to queue
[2024-12-27T02:02:49.077+0000] {logging_mixin.py:190} INFO - [2024-12-27T02:02:49.076+0000] {dagbag.py:588} INFO - Filling up the DagBag from /home/airflow/.local/lib/python3.12/site-packages/airflow/example_dags/tutorial.py
[2024-12-27T02:02:49.085+0000] {processor.py:925} INFO - DAG(s) 'tutorial' retrieved from /home/airflow/.local/lib/python3.12/site-packages/airflow/example_dags/tutorial.py
[2024-12-27T02:02:49.112+0000] {logging_mixin.py:190} INFO - [2024-12-27T02:02:49.111+0000] {dag.py:3239} INFO - Sync 1 DAGs
[2024-12-27T02:02:49.140+0000] {logging_mixin.py:190} INFO - [2024-12-27T02:02:49.139+0000] {dag.py:4180} INFO - Setting next_dagrun for tutorial to 2024-12-26 00:00:00+00:00, run_after=2024-12-27 00:00:00+00:00
[2024-12-27T02:02:49.168+0000] {processor.py:208} INFO - Processing /home/airflow/.local/lib/python3.12/site-packages/airflow/example_dags/tutorial.py took 0.101 seconds
[2024-12-27T02:03:19.462+0000] {processor.py:186} INFO - Started process (PID=939) to work on /home/airflow/.local/lib/python3.12/site-packages/airflow/example_dags/tutorial.py
[2024-12-27T02:03:19.463+0000] {processor.py:914} INFO - Processing file /home/airflow/.local/lib/python3.12/site-packages/airflow/example_dags/tutorial.py for tasks to queue
[2024-12-27T02:03:19.467+0000] {logging_mixin.py:190} INFO - [2024-12-27T02:03:19.466+0000] {dagbag.py:588} INFO - Filling up the DagBag from /home/airflow/.local/lib/python3.12/site-packages/airflow/example_dags/tutorial.py
[2024-12-27T02:03:19.482+0000] {processor.py:925} INFO - DAG(s) 'tutorial' retrieved from /home/airflow/.local/lib/python3.12/site-packages/airflow/example_dags/tutorial.py
[2024-12-27T02:03:19.517+0000] {logging_mixin.py:190} INFO - [2024-12-27T02:03:19.517+0000] {dag.py:3239} INFO - Sync 1 DAGs
[2024-12-27T02:03:19.554+0000] {logging_mixin.py:190} INFO - [2024-12-27T02:03:19.554+0000] {dag.py:4180} INFO - Setting next_dagrun for tutorial to 2024-12-26 00:00:00+00:00, run_after=2024-12-27 00:00:00+00:00
[2024-12-27T02:03:19.584+0000] {processor.py:208} INFO - Processing /home/airflow/.local/lib/python3.12/site-packages/airflow/example_dags/tutorial.py took 0.130 seconds
[2024-12-27T02:03:49.801+0000] {processor.py:186} INFO - Started process (PID=1002) to work on /home/airflow/.local/lib/python3.12/site-packages/airflow/example_dags/tutorial.py
[2024-12-27T02:03:49.802+0000] {processor.py:914} INFO - Processing file /home/airflow/.local/lib/python3.12/site-packages/airflow/example_dags/tutorial.py for tasks to queue
[2024-12-27T02:03:49.805+0000] {logging_mixin.py:190} INFO - [2024-12-27T02:03:49.805+0000] {dagbag.py:588} INFO - Filling up the DagBag from /home/airflow/.local/lib/python3.12/site-packages/airflow/example_dags/tutorial.py
[2024-12-27T02:03:49.814+0000] {processor.py:925} INFO - DAG(s) 'tutorial' retrieved from /home/airflow/.local/lib/python3.12/site-packages/airflow/example_dags/tutorial.py
[2024-12-27T02:03:49.839+0000] {logging_mixin.py:190} INFO - [2024-12-27T02:03:49.838+0000] {dag.py:3239} INFO - Sync 1 DAGs
[2024-12-27T02:03:49.865+0000] {logging_mixin.py:190} INFO - [2024-12-27T02:03:49.865+0000] {dag.py:4180} INFO - Setting next_dagrun for tutorial to 2024-12-26 00:00:00+00:00, run_after=2024-12-27 00:00:00+00:00
[2024-12-27T02:03:49.911+0000] {processor.py:208} INFO - Processing /home/airflow/.local/lib/python3.12/site-packages/airflow/example_dags/tutorial.py took 0.115 seconds
[2024-12-27T02:04:21.443+0000] {processor.py:186} INFO - Started process (PID=1065) to work on /home/airflow/.local/lib/python3.12/site-packages/airflow/example_dags/tutorial.py
[2024-12-27T02:04:21.445+0000] {processor.py:914} INFO - Processing file /home/airflow/.local/lib/python3.12/site-packages/airflow/example_dags/tutorial.py for tasks to queue
[2024-12-27T02:04:21.448+0000] {logging_mixin.py:190} INFO - [2024-12-27T02:04:21.448+0000] {dagbag.py:588} INFO - Filling up the DagBag from /home/airflow/.local/lib/python3.12/site-packages/airflow/example_dags/tutorial.py
[2024-12-27T02:04:21.457+0000] {processor.py:925} INFO - DAG(s) 'tutorial' retrieved from /home/airflow/.local/lib/python3.12/site-packages/airflow/example_dags/tutorial.py
[2024-12-27T02:04:21.486+0000] {logging_mixin.py:190} INFO - [2024-12-27T02:04:21.486+0000] {dag.py:3239} INFO - Sync 1 DAGs
[2024-12-27T02:04:21.518+0000] {logging_mixin.py:190} INFO - [2024-12-27T02:04:21.518+0000] {dag.py:4180} INFO - Setting next_dagrun for tutorial to 2024-12-26 00:00:00+00:00, run_after=2024-12-27 00:00:00+00:00
[2024-12-27T02:04:21.548+0000] {processor.py:208} INFO - Processing /home/airflow/.local/lib/python3.12/site-packages/airflow/example_dags/tutorial.py took 0.110 seconds
[2024-12-27T02:04:53.063+0000] {processor.py:186} INFO - Started process (PID=1128) to work on /home/airflow/.local/lib/python3.12/site-packages/airflow/example_dags/tutorial.py
[2024-12-27T02:04:53.064+0000] {processor.py:914} INFO - Processing file /home/airflow/.local/lib/python3.12/site-packages/airflow/example_dags/tutorial.py for tasks to queue
[2024-12-27T02:04:53.068+0000] {logging_mixin.py:190} INFO - [2024-12-27T02:04:53.067+0000] {dagbag.py:588} INFO - Filling up the DagBag from /home/airflow/.local/lib/python3.12/site-packages/airflow/example_dags/tutorial.py
[2024-12-27T02:04:53.077+0000] {processor.py:925} INFO - DAG(s) 'tutorial' retrieved from /home/airflow/.local/lib/python3.12/site-packages/airflow/example_dags/tutorial.py
[2024-12-27T02:04:53.105+0000] {logging_mixin.py:190} INFO - [2024-12-27T02:04:53.105+0000] {dag.py:3239} INFO - Sync 1 DAGs
[2024-12-27T02:04:53.135+0000] {logging_mixin.py:190} INFO - [2024-12-27T02:04:53.135+0000] {dag.py:4180} INFO - Setting next_dagrun for tutorial to 2024-12-26 00:00:00+00:00, run_after=2024-12-27 00:00:00+00:00
[2024-12-27T02:04:53.165+0000] {processor.py:208} INFO - Processing /home/airflow/.local/lib/python3.12/site-packages/airflow/example_dags/tutorial.py took 0.109 seconds
[2024-12-27T02:05:23.296+0000] {processor.py:186} INFO - Started process (PID=1191) to work on /home/airflow/.local/lib/python3.12/site-packages/airflow/example_dags/tutorial.py
[2024-12-27T02:05:23.298+0000] {processor.py:914} INFO - Processing file /home/airflow/.local/lib/python3.12/site-packages/airflow/example_dags/tutorial.py for tasks to queue
[2024-12-27T02:05:23.300+0000] {logging_mixin.py:190} INFO - [2024-12-27T02:05:23.300+0000] {dagbag.py:588} INFO - Filling up the DagBag from /home/airflow/.local/lib/python3.12/site-packages/airflow/example_dags/tutorial.py
[2024-12-27T02:05:23.309+0000] {processor.py:925} INFO - DAG(s) 'tutorial' retrieved from /home/airflow/.local/lib/python3.12/site-packages/airflow/example_dags/tutorial.py
[2024-12-27T02:05:23.337+0000] {logging_mixin.py:190} INFO - [2024-12-27T02:05:23.336+0000] {dag.py:3239} INFO - Sync 1 DAGs
[2024-12-27T02:05:23.367+0000] {logging_mixin.py:190} INFO - [2024-12-27T02:05:23.367+0000] {dag.py:4180} INFO - Setting next_dagrun for tutorial to 2024-12-26 00:00:00+00:00, run_after=2024-12-27 00:00:00+00:00
[2024-12-27T02:05:23.395+0000] {processor.py:208} INFO - Processing /home/airflow/.local/lib/python3.12/site-packages/airflow/example_dags/tutorial.py took 0.104 seconds
[2024-12-27T02:05:54.239+0000] {processor.py:186} INFO - Started process (PID=1259) to work on /home/airflow/.local/lib/python3.12/site-packages/airflow/example_dags/tutorial.py
[2024-12-27T02:05:54.241+0000] {processor.py:914} INFO - Processing file /home/airflow/.local/lib/python3.12/site-packages/airflow/example_dags/tutorial.py for tasks to queue
[2024-12-27T02:05:54.245+0000] {logging_mixin.py:190} INFO - [2024-12-27T02:05:54.244+0000] {dagbag.py:588} INFO - Filling up the DagBag from /home/airflow/.local/lib/python3.12/site-packages/airflow/example_dags/tutorial.py
[2024-12-27T02:05:54.265+0000] {processor.py:925} INFO - DAG(s) 'tutorial' retrieved from /home/airflow/.local/lib/python3.12/site-packages/airflow/example_dags/tutorial.py
[2024-12-27T02:05:54.301+0000] {logging_mixin.py:190} INFO - [2024-12-27T02:05:54.300+0000] {dag.py:3239} INFO - Sync 1 DAGs
[2024-12-27T02:05:54.353+0000] {logging_mixin.py:190} INFO - [2024-12-27T02:05:54.353+0000] {dag.py:4180} INFO - Setting next_dagrun for tutorial to 2024-12-26 00:00:00+00:00, run_after=2024-12-27 00:00:00+00:00
[2024-12-27T02:05:54.387+0000] {processor.py:208} INFO - Processing /home/airflow/.local/lib/python3.12/site-packages/airflow/example_dags/tutorial.py took 0.154 seconds
[2024-12-27T02:06:25.678+0000] {processor.py:186} INFO - Started process (PID=1322) to work on /home/airflow/.local/lib/python3.12/site-packages/airflow/example_dags/tutorial.py
[2024-12-27T02:06:25.680+0000] {processor.py:914} INFO - Processing file /home/airflow/.local/lib/python3.12/site-packages/airflow/example_dags/tutorial.py for tasks to queue
[2024-12-27T02:06:25.683+0000] {logging_mixin.py:190} INFO - [2024-12-27T02:06:25.682+0000] {dagbag.py:588} INFO - Filling up the DagBag from /home/airflow/.local/lib/python3.12/site-packages/airflow/example_dags/tutorial.py
[2024-12-27T02:06:25.692+0000] {processor.py:925} INFO - DAG(s) 'tutorial' retrieved from /home/airflow/.local/lib/python3.12/site-packages/airflow/example_dags/tutorial.py
[2024-12-27T02:06:25.719+0000] {logging_mixin.py:190} INFO - [2024-12-27T02:06:25.718+0000] {dag.py:3239} INFO - Sync 1 DAGs
[2024-12-27T02:06:25.749+0000] {logging_mixin.py:190} INFO - [2024-12-27T02:06:25.749+0000] {dag.py:4180} INFO - Setting next_dagrun for tutorial to 2024-12-26 00:00:00+00:00, run_after=2024-12-27 00:00:00+00:00
[2024-12-27T02:06:25.779+0000] {processor.py:208} INFO - Processing /home/airflow/.local/lib/python3.12/site-packages/airflow/example_dags/tutorial.py took 0.106 seconds
[2024-12-27T02:06:56.133+0000] {processor.py:186} INFO - Started process (PID=1385) to work on /home/airflow/.local/lib/python3.12/site-packages/airflow/example_dags/tutorial.py
[2024-12-27T02:06:56.135+0000] {processor.py:914} INFO - Processing file /home/airflow/.local/lib/python3.12/site-packages/airflow/example_dags/tutorial.py for tasks to queue
[2024-12-27T02:06:56.138+0000] {logging_mixin.py:190} INFO - [2024-12-27T02:06:56.137+0000] {dagbag.py:588} INFO - Filling up the DagBag from /home/airflow/.local/lib/python3.12/site-packages/airflow/example_dags/tutorial.py
[2024-12-27T02:06:56.147+0000] {processor.py:925} INFO - DAG(s) 'tutorial' retrieved from /home/airflow/.local/lib/python3.12/site-packages/airflow/example_dags/tutorial.py
[2024-12-27T02:06:56.173+0000] {logging_mixin.py:190} INFO - [2024-12-27T02:06:56.172+0000] {dag.py:3239} INFO - Sync 1 DAGs
[2024-12-27T02:06:56.203+0000] {logging_mixin.py:190} INFO - [2024-12-27T02:06:56.203+0000] {dag.py:4180} INFO - Setting next_dagrun for tutorial to 2024-12-26 00:00:00+00:00, run_after=2024-12-27 00:00:00+00:00
[2024-12-27T02:06:56.233+0000] {processor.py:208} INFO - Processing /home/airflow/.local/lib/python3.12/site-packages/airflow/example_dags/tutorial.py took 0.106 seconds
[2024-12-27T02:07:26.489+0000] {processor.py:186} INFO - Started process (PID=1447) to work on /home/airflow/.local/lib/python3.12/site-packages/airflow/example_dags/tutorial.py
[2024-12-27T02:07:26.491+0000] {processor.py:914} INFO - Processing file /home/airflow/.local/lib/python3.12/site-packages/airflow/example_dags/tutorial.py for tasks to queue
[2024-12-27T02:07:26.494+0000] {logging_mixin.py:190} INFO - [2024-12-27T02:07:26.493+0000] {dagbag.py:588} INFO - Filling up the DagBag from /home/airflow/.local/lib/python3.12/site-packages/airflow/example_dags/tutorial.py
[2024-12-27T02:07:26.502+0000] {processor.py:925} INFO - DAG(s) 'tutorial' retrieved from /home/airflow/.local/lib/python3.12/site-packages/airflow/example_dags/tutorial.py
[2024-12-27T02:07:26.525+0000] {logging_mixin.py:190} INFO - [2024-12-27T02:07:26.525+0000] {dag.py:3239} INFO - Sync 1 DAGs
[2024-12-27T02:07:26.551+0000] {logging_mixin.py:190} INFO - [2024-12-27T02:07:26.550+0000] {dag.py:4180} INFO - Setting next_dagrun for tutorial to 2024-12-26 00:00:00+00:00, run_after=2024-12-27 00:00:00+00:00
[2024-12-27T02:07:26.576+0000] {processor.py:208} INFO - Processing /home/airflow/.local/lib/python3.12/site-packages/airflow/example_dags/tutorial.py took 0.091 seconds
[2024-12-27T02:07:56.752+0000] {processor.py:186} INFO - Started process (PID=1510) to work on /home/airflow/.local/lib/python3.12/site-packages/airflow/example_dags/tutorial.py
[2024-12-27T02:07:56.754+0000] {processor.py:914} INFO - Processing file /home/airflow/.local/lib/python3.12/site-packages/airflow/example_dags/tutorial.py for tasks to queue
[2024-12-27T02:07:56.758+0000] {logging_mixin.py:190} INFO - [2024-12-27T02:07:56.757+0000] {dagbag.py:588} INFO - Filling up the DagBag from /home/airflow/.local/lib/python3.12/site-packages/airflow/example_dags/tutorial.py
[2024-12-27T02:07:56.766+0000] {processor.py:925} INFO - DAG(s) 'tutorial' retrieved from /home/airflow/.local/lib/python3.12/site-packages/airflow/example_dags/tutorial.py
[2024-12-27T02:07:56.791+0000] {logging_mixin.py:190} INFO - [2024-12-27T02:07:56.791+0000] {dag.py:3239} INFO - Sync 1 DAGs
[2024-12-27T02:07:56.815+0000] {logging_mixin.py:190} INFO - [2024-12-27T02:07:56.815+0000] {dag.py:4180} INFO - Setting next_dagrun for tutorial to 2024-12-26 00:00:00+00:00, run_after=2024-12-27 00:00:00+00:00
[2024-12-27T02:07:56.844+0000] {processor.py:208} INFO - Processing /home/airflow/.local/lib/python3.12/site-packages/airflow/example_dags/tutorial.py took 0.096 seconds
[2024-12-27T02:08:27.424+0000] {processor.py:186} INFO - Started process (PID=1572) to work on /home/airflow/.local/lib/python3.12/site-packages/airflow/example_dags/tutorial.py
[2024-12-27T02:08:27.426+0000] {processor.py:914} INFO - Processing file /home/airflow/.local/lib/python3.12/site-packages/airflow/example_dags/tutorial.py for tasks to queue
[2024-12-27T02:08:27.429+0000] {logging_mixin.py:190} INFO - [2024-12-27T02:08:27.429+0000] {dagbag.py:588} INFO - Filling up the DagBag from /home/airflow/.local/lib/python3.12/site-packages/airflow/example_dags/tutorial.py
[2024-12-27T02:08:27.440+0000] {processor.py:925} INFO - DAG(s) 'tutorial' retrieved from /home/airflow/.local/lib/python3.12/site-packages/airflow/example_dags/tutorial.py
[2024-12-27T02:08:27.466+0000] {logging_mixin.py:190} INFO - [2024-12-27T02:08:27.466+0000] {dag.py:3239} INFO - Sync 1 DAGs
[2024-12-27T02:08:27.495+0000] {logging_mixin.py:190} INFO - [2024-12-27T02:08:27.495+0000] {dag.py:4180} INFO - Setting next_dagrun for tutorial to 2024-12-26 00:00:00+00:00, run_after=2024-12-27 00:00:00+00:00
[2024-12-27T02:08:27.525+0000] {processor.py:208} INFO - Processing /home/airflow/.local/lib/python3.12/site-packages/airflow/example_dags/tutorial.py took 0.106 seconds
[2024-12-27T02:08:57.646+0000] {processor.py:186} INFO - Started process (PID=1635) to work on /home/airflow/.local/lib/python3.12/site-packages/airflow/example_dags/tutorial.py
[2024-12-27T02:08:57.647+0000] {processor.py:914} INFO - Processing file /home/airflow/.local/lib/python3.12/site-packages/airflow/example_dags/tutorial.py for tasks to queue
[2024-12-27T02:08:57.651+0000] {logging_mixin.py:190} INFO - [2024-12-27T02:08:57.651+0000] {dagbag.py:588} INFO - Filling up the DagBag from /home/airflow/.local/lib/python3.12/site-packages/airflow/example_dags/tutorial.py
[2024-12-27T02:08:57.661+0000] {processor.py:925} INFO - DAG(s) 'tutorial' retrieved from /home/airflow/.local/lib/python3.12/site-packages/airflow/example_dags/tutorial.py
[2024-12-27T02:08:57.687+0000] {logging_mixin.py:190} INFO - [2024-12-27T02:08:57.686+0000] {dag.py:3239} INFO - Sync 1 DAGs
[2024-12-27T02:08:57.716+0000] {logging_mixin.py:190} INFO - [2024-12-27T02:08:57.716+0000] {dag.py:4180} INFO - Setting next_dagrun for tutorial to 2024-12-26 00:00:00+00:00, run_after=2024-12-27 00:00:00+00:00
[2024-12-27T02:08:57.746+0000] {processor.py:208} INFO - Processing /home/airflow/.local/lib/python3.12/site-packages/airflow/example_dags/tutorial.py took 0.107 seconds
[2024-12-27T02:09:29.269+0000] {processor.py:186} INFO - Started process (PID=1698) to work on /home/airflow/.local/lib/python3.12/site-packages/airflow/example_dags/tutorial.py
[2024-12-27T02:09:29.271+0000] {processor.py:914} INFO - Processing file /home/airflow/.local/lib/python3.12/site-packages/airflow/example_dags/tutorial.py for tasks to queue
[2024-12-27T02:09:29.275+0000] {logging_mixin.py:190} INFO - [2024-12-27T02:09:29.274+0000] {dagbag.py:588} INFO - Filling up the DagBag from /home/airflow/.local/lib/python3.12/site-packages/airflow/example_dags/tutorial.py
[2024-12-27T02:09:29.284+0000] {processor.py:925} INFO - DAG(s) 'tutorial' retrieved from /home/airflow/.local/lib/python3.12/site-packages/airflow/example_dags/tutorial.py
[2024-12-27T02:09:29.316+0000] {logging_mixin.py:190} INFO - [2024-12-27T02:09:29.315+0000] {dag.py:3239} INFO - Sync 1 DAGs
[2024-12-27T02:09:29.348+0000] {logging_mixin.py:190} INFO - [2024-12-27T02:09:29.348+0000] {dag.py:4180} INFO - Setting next_dagrun for tutorial to 2024-12-26 00:00:00+00:00, run_after=2024-12-27 00:00:00+00:00
[2024-12-27T02:09:29.378+0000] {processor.py:208} INFO - Processing /home/airflow/.local/lib/python3.12/site-packages/airflow/example_dags/tutorial.py took 0.115 seconds
[2024-12-27T02:10:00.033+0000] {processor.py:186} INFO - Started process (PID=1761) to work on /home/airflow/.local/lib/python3.12/site-packages/airflow/example_dags/tutorial.py
[2024-12-27T02:10:00.035+0000] {processor.py:914} INFO - Processing file /home/airflow/.local/lib/python3.12/site-packages/airflow/example_dags/tutorial.py for tasks to queue
[2024-12-27T02:10:00.038+0000] {logging_mixin.py:190} INFO - [2024-12-27T02:10:00.038+0000] {dagbag.py:588} INFO - Filling up the DagBag from /home/airflow/.local/lib/python3.12/site-packages/airflow/example_dags/tutorial.py
[2024-12-27T02:10:00.049+0000] {processor.py:925} INFO - DAG(s) 'tutorial' retrieved from /home/airflow/.local/lib/python3.12/site-packages/airflow/example_dags/tutorial.py
[2024-12-27T02:10:00.079+0000] {logging_mixin.py:190} INFO - [2024-12-27T02:10:00.079+0000] {dag.py:3239} INFO - Sync 1 DAGs
[2024-12-27T02:10:00.111+0000] {logging_mixin.py:190} INFO - [2024-12-27T02:10:00.111+0000] {dag.py:4180} INFO - Setting next_dagrun for tutorial to 2024-12-26 00:00:00+00:00, run_after=2024-12-27 00:00:00+00:00
[2024-12-27T02:10:00.141+0000] {processor.py:208} INFO - Processing /home/airflow/.local/lib/python3.12/site-packages/airflow/example_dags/tutorial.py took 0.115 seconds
[2024-12-27T02:10:30.270+0000] {processor.py:186} INFO - Started process (PID=1824) to work on /home/airflow/.local/lib/python3.12/site-packages/airflow/example_dags/tutorial.py
[2024-12-27T02:10:30.271+0000] {processor.py:914} INFO - Processing file /home/airflow/.local/lib/python3.12/site-packages/airflow/example_dags/tutorial.py for tasks to queue
[2024-12-27T02:10:30.274+0000] {logging_mixin.py:190} INFO - [2024-12-27T02:10:30.273+0000] {dagbag.py:588} INFO - Filling up the DagBag from /home/airflow/.local/lib/python3.12/site-packages/airflow/example_dags/tutorial.py
[2024-12-27T02:10:30.283+0000] {processor.py:925} INFO - DAG(s) 'tutorial' retrieved from /home/airflow/.local/lib/python3.12/site-packages/airflow/example_dags/tutorial.py
[2024-12-27T02:10:30.307+0000] {logging_mixin.py:190} INFO - [2024-12-27T02:10:30.307+0000] {dag.py:3239} INFO - Sync 1 DAGs
[2024-12-27T02:10:30.332+0000] {logging_mixin.py:190} INFO - [2024-12-27T02:10:30.332+0000] {dag.py:4180} INFO - Setting next_dagrun for tutorial to 2024-12-26 00:00:00+00:00, run_after=2024-12-27 00:00:00+00:00
[2024-12-27T02:10:30.357+0000] {processor.py:208} INFO - Processing /home/airflow/.local/lib/python3.12/site-packages/airflow/example_dags/tutorial.py took 0.092 seconds
[2024-12-27T02:11:00.791+0000] {processor.py:186} INFO - Started process (PID=1887) to work on /home/airflow/.local/lib/python3.12/site-packages/airflow/example_dags/tutorial.py
[2024-12-27T02:11:00.792+0000] {processor.py:914} INFO - Processing file /home/airflow/.local/lib/python3.12/site-packages/airflow/example_dags/tutorial.py for tasks to queue
[2024-12-27T02:11:00.796+0000] {logging_mixin.py:190} INFO - [2024-12-27T02:11:00.795+0000] {dagbag.py:588} INFO - Filling up the DagBag from /home/airflow/.local/lib/python3.12/site-packages/airflow/example_dags/tutorial.py
[2024-12-27T02:11:00.805+0000] {processor.py:925} INFO - DAG(s) 'tutorial' retrieved from /home/airflow/.local/lib/python3.12/site-packages/airflow/example_dags/tutorial.py
[2024-12-27T02:11:00.831+0000] {logging_mixin.py:190} INFO - [2024-12-27T02:11:00.830+0000] {dag.py:3239} INFO - Sync 1 DAGs
[2024-12-27T02:11:00.863+0000] {logging_mixin.py:190} INFO - [2024-12-27T02:11:00.862+0000] {dag.py:4180} INFO - Setting next_dagrun for tutorial to 2024-12-26 00:00:00+00:00, run_after=2024-12-27 00:00:00+00:00
[2024-12-27T02:11:00.892+0000] {processor.py:208} INFO - Processing /home/airflow/.local/lib/python3.12/site-packages/airflow/example_dags/tutorial.py took 0.108 seconds
[2024-12-27T02:11:31.125+0000] {processor.py:186} INFO - Started process (PID=1950) to work on /home/airflow/.local/lib/python3.12/site-packages/airflow/example_dags/tutorial.py
[2024-12-27T02:11:31.127+0000] {processor.py:914} INFO - Processing file /home/airflow/.local/lib/python3.12/site-packages/airflow/example_dags/tutorial.py for tasks to queue
[2024-12-27T02:11:31.130+0000] {logging_mixin.py:190} INFO - [2024-12-27T02:11:31.130+0000] {dagbag.py:588} INFO - Filling up the DagBag from /home/airflow/.local/lib/python3.12/site-packages/airflow/example_dags/tutorial.py
[2024-12-27T02:11:31.139+0000] {processor.py:925} INFO - DAG(s) 'tutorial' retrieved from /home/airflow/.local/lib/python3.12/site-packages/airflow/example_dags/tutorial.py
[2024-12-27T02:11:31.169+0000] {logging_mixin.py:190} INFO - [2024-12-27T02:11:31.168+0000] {dag.py:3239} INFO - Sync 1 DAGs
[2024-12-27T02:11:31.196+0000] {logging_mixin.py:190} INFO - [2024-12-27T02:11:31.196+0000] {dag.py:4180} INFO - Setting next_dagrun for tutorial to 2024-12-26 00:00:00+00:00, run_after=2024-12-27 00:00:00+00:00
[2024-12-27T02:11:31.225+0000] {processor.py:208} INFO - Processing /home/airflow/.local/lib/python3.12/site-packages/airflow/example_dags/tutorial.py took 0.105 seconds
[2024-12-27T02:12:01.522+0000] {processor.py:186} INFO - Started process (PID=2013) to work on /home/airflow/.local/lib/python3.12/site-packages/airflow/example_dags/tutorial.py
[2024-12-27T02:12:01.524+0000] {processor.py:914} INFO - Processing file /home/airflow/.local/lib/python3.12/site-packages/airflow/example_dags/tutorial.py for tasks to queue
[2024-12-27T02:12:01.527+0000] {logging_mixin.py:190} INFO - [2024-12-27T02:12:01.526+0000] {dagbag.py:588} INFO - Filling up the DagBag from /home/airflow/.local/lib/python3.12/site-packages/airflow/example_dags/tutorial.py
[2024-12-27T02:12:01.537+0000] {processor.py:925} INFO - DAG(s) 'tutorial' retrieved from /home/airflow/.local/lib/python3.12/site-packages/airflow/example_dags/tutorial.py
[2024-12-27T02:12:01.566+0000] {logging_mixin.py:190} INFO - [2024-12-27T02:12:01.565+0000] {dag.py:3239} INFO - Sync 1 DAGs
[2024-12-27T02:12:01.595+0000] {logging_mixin.py:190} INFO - [2024-12-27T02:12:01.595+0000] {dag.py:4180} INFO - Setting next_dagrun for tutorial to 2024-12-26 00:00:00+00:00, run_after=2024-12-27 00:00:00+00:00
[2024-12-27T02:12:01.624+0000] {processor.py:208} INFO - Processing /home/airflow/.local/lib/python3.12/site-packages/airflow/example_dags/tutorial.py took 0.108 seconds
[2024-12-27T02:12:31.797+0000] {processor.py:186} INFO - Started process (PID=2076) to work on /home/airflow/.local/lib/python3.12/site-packages/airflow/example_dags/tutorial.py
[2024-12-27T02:12:31.798+0000] {processor.py:914} INFO - Processing file /home/airflow/.local/lib/python3.12/site-packages/airflow/example_dags/tutorial.py for tasks to queue
[2024-12-27T02:12:31.802+0000] {logging_mixin.py:190} INFO - [2024-12-27T02:12:31.802+0000] {dagbag.py:588} INFO - Filling up the DagBag from /home/airflow/.local/lib/python3.12/site-packages/airflow/example_dags/tutorial.py
[2024-12-27T02:12:31.811+0000] {processor.py:925} INFO - DAG(s) 'tutorial' retrieved from /home/airflow/.local/lib/python3.12/site-packages/airflow/example_dags/tutorial.py
[2024-12-27T02:12:31.837+0000] {logging_mixin.py:190} INFO - [2024-12-27T02:12:31.837+0000] {dag.py:3239} INFO - Sync 1 DAGs
[2024-12-27T02:12:31.866+0000] {logging_mixin.py:190} INFO - [2024-12-27T02:12:31.866+0000] {dag.py:4180} INFO - Setting next_dagrun for tutorial to 2024-12-26 00:00:00+00:00, run_after=2024-12-27 00:00:00+00:00
[2024-12-27T02:12:32.066+0000] {processor.py:208} INFO - Processing /home/airflow/.local/lib/python3.12/site-packages/airflow/example_dags/tutorial.py took 0.274 seconds
[2024-12-27T02:13:02.780+0000] {processor.py:186} INFO - Started process (PID=2139) to work on /home/airflow/.local/lib/python3.12/site-packages/airflow/example_dags/tutorial.py
[2024-12-27T02:13:02.781+0000] {processor.py:914} INFO - Processing file /home/airflow/.local/lib/python3.12/site-packages/airflow/example_dags/tutorial.py for tasks to queue
[2024-12-27T02:13:02.785+0000] {logging_mixin.py:190} INFO - [2024-12-27T02:13:02.784+0000] {dagbag.py:588} INFO - Filling up the DagBag from /home/airflow/.local/lib/python3.12/site-packages/airflow/example_dags/tutorial.py
[2024-12-27T02:13:02.795+0000] {processor.py:925} INFO - DAG(s) 'tutorial' retrieved from /home/airflow/.local/lib/python3.12/site-packages/airflow/example_dags/tutorial.py
[2024-12-27T02:13:02.823+0000] {logging_mixin.py:190} INFO - [2024-12-27T02:13:02.823+0000] {dag.py:3239} INFO - Sync 1 DAGs
[2024-12-27T02:13:02.853+0000] {logging_mixin.py:190} INFO - [2024-12-27T02:13:02.853+0000] {dag.py:4180} INFO - Setting next_dagrun for tutorial to 2024-12-26 00:00:00+00:00, run_after=2024-12-27 00:00:00+00:00
[2024-12-27T02:13:02.882+0000] {processor.py:208} INFO - Processing /home/airflow/.local/lib/python3.12/site-packages/airflow/example_dags/tutorial.py took 0.107 seconds
[2024-12-27T02:13:32.945+0000] {processor.py:186} INFO - Started process (PID=2202) to work on /home/airflow/.local/lib/python3.12/site-packages/airflow/example_dags/tutorial.py
[2024-12-27T02:13:32.946+0000] {processor.py:914} INFO - Processing file /home/airflow/.local/lib/python3.12/site-packages/airflow/example_dags/tutorial.py for tasks to queue
[2024-12-27T02:13:32.949+0000] {logging_mixin.py:190} INFO - [2024-12-27T02:13:32.949+0000] {dagbag.py:588} INFO - Filling up the DagBag from /home/airflow/.local/lib/python3.12/site-packages/airflow/example_dags/tutorial.py
[2024-12-27T02:13:32.959+0000] {processor.py:925} INFO - DAG(s) 'tutorial' retrieved from /home/airflow/.local/lib/python3.12/site-packages/airflow/example_dags/tutorial.py
[2024-12-27T02:13:32.982+0000] {logging_mixin.py:190} INFO - [2024-12-27T02:13:32.981+0000] {dag.py:3239} INFO - Sync 1 DAGs
[2024-12-27T02:13:33.005+0000] {logging_mixin.py:190} INFO - [2024-12-27T02:13:33.004+0000] {dag.py:4180} INFO - Setting next_dagrun for tutorial to 2024-12-26 00:00:00+00:00, run_after=2024-12-27 00:00:00+00:00
[2024-12-27T02:13:33.034+0000] {processor.py:208} INFO - Processing /home/airflow/.local/lib/python3.12/site-packages/airflow/example_dags/tutorial.py took 0.094 seconds
[2024-12-27T02:14:03.565+0000] {processor.py:186} INFO - Started process (PID=2265) to work on /home/airflow/.local/lib/python3.12/site-packages/airflow/example_dags/tutorial.py
[2024-12-27T02:14:03.568+0000] {processor.py:914} INFO - Processing file /home/airflow/.local/lib/python3.12/site-packages/airflow/example_dags/tutorial.py for tasks to queue
[2024-12-27T02:14:03.571+0000] {logging_mixin.py:190} INFO - [2024-12-27T02:14:03.571+0000] {dagbag.py:588} INFO - Filling up the DagBag from /home/airflow/.local/lib/python3.12/site-packages/airflow/example_dags/tutorial.py
[2024-12-27T02:14:03.584+0000] {processor.py:925} INFO - DAG(s) 'tutorial' retrieved from /home/airflow/.local/lib/python3.12/site-packages/airflow/example_dags/tutorial.py
[2024-12-27T02:14:03.623+0000] {logging_mixin.py:190} INFO - [2024-12-27T02:14:03.622+0000] {dag.py:3239} INFO - Sync 1 DAGs
[2024-12-27T02:14:03.664+0000] {logging_mixin.py:190} INFO - [2024-12-27T02:14:03.663+0000] {dag.py:4180} INFO - Setting next_dagrun for tutorial to 2024-12-26 00:00:00+00:00, run_after=2024-12-27 00:00:00+00:00
[2024-12-27T02:14:03.698+0000] {processor.py:208} INFO - Processing /home/airflow/.local/lib/python3.12/site-packages/airflow/example_dags/tutorial.py took 0.141 seconds
[2024-12-27T02:14:38.498+0000] {processor.py:186} INFO - Started process (PID=2328) to work on /home/airflow/.local/lib/python3.12/site-packages/airflow/example_dags/tutorial.py
[2024-12-27T02:14:38.499+0000] {processor.py:914} INFO - Processing file /home/airflow/.local/lib/python3.12/site-packages/airflow/example_dags/tutorial.py for tasks to queue
[2024-12-27T02:14:38.502+0000] {logging_mixin.py:190} INFO - [2024-12-27T02:14:38.502+0000] {dagbag.py:588} INFO - Filling up the DagBag from /home/airflow/.local/lib/python3.12/site-packages/airflow/example_dags/tutorial.py
[2024-12-27T02:14:38.511+0000] {processor.py:925} INFO - DAG(s) 'tutorial' retrieved from /home/airflow/.local/lib/python3.12/site-packages/airflow/example_dags/tutorial.py
[2024-12-27T02:14:38.536+0000] {logging_mixin.py:190} INFO - [2024-12-27T02:14:38.536+0000] {dag.py:3239} INFO - Sync 1 DAGs
[2024-12-27T02:14:38.569+0000] {logging_mixin.py:190} INFO - [2024-12-27T02:14:38.569+0000] {dag.py:4180} INFO - Setting next_dagrun for tutorial to 2024-12-26 00:00:00+00:00, run_after=2024-12-27 00:00:00+00:00
[2024-12-27T02:14:38.597+0000] {processor.py:208} INFO - Processing /home/airflow/.local/lib/python3.12/site-packages/airflow/example_dags/tutorial.py took 0.105 seconds
[2024-12-27T02:15:08.756+0000] {processor.py:186} INFO - Started process (PID=2391) to work on /home/airflow/.local/lib/python3.12/site-packages/airflow/example_dags/tutorial.py
[2024-12-27T02:15:08.758+0000] {processor.py:914} INFO - Processing file /home/airflow/.local/lib/python3.12/site-packages/airflow/example_dags/tutorial.py for tasks to queue
[2024-12-27T02:15:08.761+0000] {logging_mixin.py:190} INFO - [2024-12-27T02:15:08.761+0000] {dagbag.py:588} INFO - Filling up the DagBag from /home/airflow/.local/lib/python3.12/site-packages/airflow/example_dags/tutorial.py
[2024-12-27T02:15:08.771+0000] {processor.py:925} INFO - DAG(s) 'tutorial' retrieved from /home/airflow/.local/lib/python3.12/site-packages/airflow/example_dags/tutorial.py
[2024-12-27T02:15:09.017+0000] {logging_mixin.py:190} INFO - [2024-12-27T02:15:09.016+0000] {dag.py:3239} INFO - Sync 1 DAGs
[2024-12-27T02:15:09.043+0000] {logging_mixin.py:190} INFO - [2024-12-27T02:15:09.043+0000] {dag.py:4180} INFO - Setting next_dagrun for tutorial to 2024-12-26 00:00:00+00:00, run_after=2024-12-27 00:00:00+00:00
[2024-12-27T02:15:09.069+0000] {processor.py:208} INFO - Processing /home/airflow/.local/lib/python3.12/site-packages/airflow/example_dags/tutorial.py took 0.318 seconds
[2024-12-27T02:15:39.975+0000] {processor.py:186} INFO - Started process (PID=2455) to work on /home/airflow/.local/lib/python3.12/site-packages/airflow/example_dags/tutorial.py
[2024-12-27T02:15:39.976+0000] {processor.py:914} INFO - Processing file /home/airflow/.local/lib/python3.12/site-packages/airflow/example_dags/tutorial.py for tasks to queue
[2024-12-27T02:15:39.979+0000] {logging_mixin.py:190} INFO - [2024-12-27T02:15:39.978+0000] {dagbag.py:588} INFO - Filling up the DagBag from /home/airflow/.local/lib/python3.12/site-packages/airflow/example_dags/tutorial.py
[2024-12-27T02:15:39.986+0000] {processor.py:925} INFO - DAG(s) 'tutorial' retrieved from /home/airflow/.local/lib/python3.12/site-packages/airflow/example_dags/tutorial.py
[2024-12-27T02:15:40.010+0000] {logging_mixin.py:190} INFO - [2024-12-27T02:15:40.009+0000] {dag.py:3239} INFO - Sync 1 DAGs
[2024-12-27T02:15:40.034+0000] {logging_mixin.py:190} INFO - [2024-12-27T02:15:40.034+0000] {dag.py:4180} INFO - Setting next_dagrun for tutorial to 2024-12-26 00:00:00+00:00, run_after=2024-12-27 00:00:00+00:00
[2024-12-27T02:15:40.060+0000] {processor.py:208} INFO - Processing /home/airflow/.local/lib/python3.12/site-packages/airflow/example_dags/tutorial.py took 0.090 seconds
[2024-12-27T02:16:10.802+0000] {processor.py:186} INFO - Started process (PID=2518) to work on /home/airflow/.local/lib/python3.12/site-packages/airflow/example_dags/tutorial.py
[2024-12-27T02:16:10.803+0000] {processor.py:914} INFO - Processing file /home/airflow/.local/lib/python3.12/site-packages/airflow/example_dags/tutorial.py for tasks to queue
[2024-12-27T02:16:10.807+0000] {logging_mixin.py:190} INFO - [2024-12-27T02:16:10.807+0000] {dagbag.py:588} INFO - Filling up the DagBag from /home/airflow/.local/lib/python3.12/site-packages/airflow/example_dags/tutorial.py
[2024-12-27T02:16:10.816+0000] {processor.py:925} INFO - DAG(s) 'tutorial' retrieved from /home/airflow/.local/lib/python3.12/site-packages/airflow/example_dags/tutorial.py
[2024-12-27T02:16:10.844+0000] {logging_mixin.py:190} INFO - [2024-12-27T02:16:10.844+0000] {dag.py:3239} INFO - Sync 1 DAGs
[2024-12-27T02:16:10.873+0000] {logging_mixin.py:190} INFO - [2024-12-27T02:16:10.873+0000] {dag.py:4180} INFO - Setting next_dagrun for tutorial to 2024-12-26 00:00:00+00:00, run_after=2024-12-27 00:00:00+00:00
[2024-12-27T02:16:10.904+0000] {processor.py:208} INFO - Processing /home/airflow/.local/lib/python3.12/site-packages/airflow/example_dags/tutorial.py took 0.107 seconds
[2024-12-27T02:16:41.231+0000] {processor.py:186} INFO - Started process (PID=2581) to work on /home/airflow/.local/lib/python3.12/site-packages/airflow/example_dags/tutorial.py
[2024-12-27T02:16:41.232+0000] {processor.py:914} INFO - Processing file /home/airflow/.local/lib/python3.12/site-packages/airflow/example_dags/tutorial.py for tasks to queue
[2024-12-27T02:16:41.235+0000] {logging_mixin.py:190} INFO - [2024-12-27T02:16:41.235+0000] {dagbag.py:588} INFO - Filling up the DagBag from /home/airflow/.local/lib/python3.12/site-packages/airflow/example_dags/tutorial.py
[2024-12-27T02:16:41.243+0000] {processor.py:925} INFO - DAG(s) 'tutorial' retrieved from /home/airflow/.local/lib/python3.12/site-packages/airflow/example_dags/tutorial.py
[2024-12-27T02:16:41.266+0000] {logging_mixin.py:190} INFO - [2024-12-27T02:16:41.266+0000] {dag.py:3239} INFO - Sync 1 DAGs
[2024-12-27T02:16:41.292+0000] {logging_mixin.py:190} INFO - [2024-12-27T02:16:41.291+0000] {dag.py:4180} INFO - Setting next_dagrun for tutorial to 2024-12-26 00:00:00+00:00, run_after=2024-12-27 00:00:00+00:00
[2024-12-27T02:16:41.318+0000] {processor.py:208} INFO - Processing /home/airflow/.local/lib/python3.12/site-packages/airflow/example_dags/tutorial.py took 0.092 seconds
[2024-12-27T02:17:11.600+0000] {processor.py:186} INFO - Started process (PID=2644) to work on /home/airflow/.local/lib/python3.12/site-packages/airflow/example_dags/tutorial.py
[2024-12-27T02:17:11.601+0000] {processor.py:914} INFO - Processing file /home/airflow/.local/lib/python3.12/site-packages/airflow/example_dags/tutorial.py for tasks to queue
[2024-12-27T02:17:11.604+0000] {logging_mixin.py:190} INFO - [2024-12-27T02:17:11.604+0000] {dagbag.py:588} INFO - Filling up the DagBag from /home/airflow/.local/lib/python3.12/site-packages/airflow/example_dags/tutorial.py
[2024-12-27T02:17:11.612+0000] {processor.py:925} INFO - DAG(s) 'tutorial' retrieved from /home/airflow/.local/lib/python3.12/site-packages/airflow/example_dags/tutorial.py
[2024-12-27T02:17:11.636+0000] {logging_mixin.py:190} INFO - [2024-12-27T02:17:11.636+0000] {dag.py:3239} INFO - Sync 1 DAGs
[2024-12-27T02:17:11.664+0000] {logging_mixin.py:190} INFO - [2024-12-27T02:17:11.664+0000] {dag.py:4180} INFO - Setting next_dagrun for tutorial to 2024-12-26 00:00:00+00:00, run_after=2024-12-27 00:00:00+00:00
[2024-12-27T02:17:11.690+0000] {processor.py:208} INFO - Processing /home/airflow/.local/lib/python3.12/site-packages/airflow/example_dags/tutorial.py took 0.096 seconds
[2024-12-27T02:17:42.353+0000] {processor.py:186} INFO - Started process (PID=2707) to work on /home/airflow/.local/lib/python3.12/site-packages/airflow/example_dags/tutorial.py
[2024-12-27T02:17:42.354+0000] {processor.py:914} INFO - Processing file /home/airflow/.local/lib/python3.12/site-packages/airflow/example_dags/tutorial.py for tasks to queue
[2024-12-27T02:17:42.357+0000] {logging_mixin.py:190} INFO - [2024-12-27T02:17:42.357+0000] {dagbag.py:588} INFO - Filling up the DagBag from /home/airflow/.local/lib/python3.12/site-packages/airflow/example_dags/tutorial.py
[2024-12-27T02:17:42.366+0000] {processor.py:925} INFO - DAG(s) 'tutorial' retrieved from /home/airflow/.local/lib/python3.12/site-packages/airflow/example_dags/tutorial.py
[2024-12-27T02:17:42.390+0000] {logging_mixin.py:190} INFO - [2024-12-27T02:17:42.390+0000] {dag.py:3239} INFO - Sync 1 DAGs
[2024-12-27T02:17:42.418+0000] {logging_mixin.py:190} INFO - [2024-12-27T02:17:42.417+0000] {dag.py:4180} INFO - Setting next_dagrun for tutorial to 2024-12-26 00:00:00+00:00, run_after=2024-12-27 00:00:00+00:00
[2024-12-27T02:17:42.445+0000] {processor.py:208} INFO - Processing /home/airflow/.local/lib/python3.12/site-packages/airflow/example_dags/tutorial.py took 0.098 seconds
[2024-12-27T02:18:12.914+0000] {processor.py:186} INFO - Started process (PID=2770) to work on /home/airflow/.local/lib/python3.12/site-packages/airflow/example_dags/tutorial.py
[2024-12-27T02:18:12.915+0000] {processor.py:914} INFO - Processing file /home/airflow/.local/lib/python3.12/site-packages/airflow/example_dags/tutorial.py for tasks to queue
[2024-12-27T02:18:12.918+0000] {logging_mixin.py:190} INFO - [2024-12-27T02:18:12.917+0000] {dagbag.py:588} INFO - Filling up the DagBag from /home/airflow/.local/lib/python3.12/site-packages/airflow/example_dags/tutorial.py
[2024-12-27T02:18:12.927+0000] {processor.py:925} INFO - DAG(s) 'tutorial' retrieved from /home/airflow/.local/lib/python3.12/site-packages/airflow/example_dags/tutorial.py
[2024-12-27T02:18:12.950+0000] {logging_mixin.py:190} INFO - [2024-12-27T02:18:12.950+0000] {dag.py:3239} INFO - Sync 1 DAGs
[2024-12-27T02:18:12.975+0000] {logging_mixin.py:190} INFO - [2024-12-27T02:18:12.975+0000] {dag.py:4180} INFO - Setting next_dagrun for tutorial to 2024-12-26 00:00:00+00:00, run_after=2024-12-27 00:00:00+00:00
[2024-12-27T02:18:13.003+0000] {processor.py:208} INFO - Processing /home/airflow/.local/lib/python3.12/site-packages/airflow/example_dags/tutorial.py took 0.094 seconds
[2024-12-27T02:18:43.617+0000] {processor.py:186} INFO - Started process (PID=2833) to work on /home/airflow/.local/lib/python3.12/site-packages/airflow/example_dags/tutorial.py
[2024-12-27T02:18:43.619+0000] {processor.py:914} INFO - Processing file /home/airflow/.local/lib/python3.12/site-packages/airflow/example_dags/tutorial.py for tasks to queue
[2024-12-27T02:18:43.623+0000] {logging_mixin.py:190} INFO - [2024-12-27T02:18:43.623+0000] {dagbag.py:588} INFO - Filling up the DagBag from /home/airflow/.local/lib/python3.12/site-packages/airflow/example_dags/tutorial.py
[2024-12-27T02:18:43.635+0000] {processor.py:925} INFO - DAG(s) 'tutorial' retrieved from /home/airflow/.local/lib/python3.12/site-packages/airflow/example_dags/tutorial.py
[2024-12-27T02:18:43.675+0000] {logging_mixin.py:190} INFO - [2024-12-27T02:18:43.674+0000] {dag.py:3239} INFO - Sync 1 DAGs
[2024-12-27T02:18:43.713+0000] {logging_mixin.py:190} INFO - [2024-12-27T02:18:43.713+0000] {dag.py:4180} INFO - Setting next_dagrun for tutorial to 2024-12-26 00:00:00+00:00, run_after=2024-12-27 00:00:00+00:00
[2024-12-27T02:18:43.749+0000] {processor.py:208} INFO - Processing /home/airflow/.local/lib/python3.12/site-packages/airflow/example_dags/tutorial.py took 0.139 seconds
[2024-12-27T02:19:14.218+0000] {processor.py:186} INFO - Started process (PID=2896) to work on /home/airflow/.local/lib/python3.12/site-packages/airflow/example_dags/tutorial.py
[2024-12-27T02:19:14.219+0000] {processor.py:914} INFO - Processing file /home/airflow/.local/lib/python3.12/site-packages/airflow/example_dags/tutorial.py for tasks to queue
[2024-12-27T02:19:14.222+0000] {logging_mixin.py:190} INFO - [2024-12-27T02:19:14.222+0000] {dagbag.py:588} INFO - Filling up the DagBag from /home/airflow/.local/lib/python3.12/site-packages/airflow/example_dags/tutorial.py
[2024-12-27T02:19:14.234+0000] {processor.py:925} INFO - DAG(s) 'tutorial' retrieved from /home/airflow/.local/lib/python3.12/site-packages/airflow/example_dags/tutorial.py
[2024-12-27T02:19:14.266+0000] {logging_mixin.py:190} INFO - [2024-12-27T02:19:14.266+0000] {dag.py:3239} INFO - Sync 1 DAGs
[2024-12-27T02:19:14.299+0000] {logging_mixin.py:190} INFO - [2024-12-27T02:19:14.299+0000] {dag.py:4180} INFO - Setting next_dagrun for tutorial to 2024-12-26 00:00:00+00:00, run_after=2024-12-27 00:00:00+00:00
[2024-12-27T02:19:14.329+0000] {processor.py:208} INFO - Processing /home/airflow/.local/lib/python3.12/site-packages/airflow/example_dags/tutorial.py took 0.118 seconds
[2024-12-27T02:19:44.530+0000] {processor.py:186} INFO - Started process (PID=2959) to work on /home/airflow/.local/lib/python3.12/site-packages/airflow/example_dags/tutorial.py
[2024-12-27T02:19:44.531+0000] {processor.py:914} INFO - Processing file /home/airflow/.local/lib/python3.12/site-packages/airflow/example_dags/tutorial.py for tasks to queue
[2024-12-27T02:19:44.533+0000] {logging_mixin.py:190} INFO - [2024-12-27T02:19:44.533+0000] {dagbag.py:588} INFO - Filling up the DagBag from /home/airflow/.local/lib/python3.12/site-packages/airflow/example_dags/tutorial.py
[2024-12-27T02:19:44.541+0000] {processor.py:925} INFO - DAG(s) 'tutorial' retrieved from /home/airflow/.local/lib/python3.12/site-packages/airflow/example_dags/tutorial.py
[2024-12-27T02:19:44.563+0000] {logging_mixin.py:190} INFO - [2024-12-27T02:19:44.563+0000] {dag.py:3239} INFO - Sync 1 DAGs
[2024-12-27T02:19:44.588+0000] {logging_mixin.py:190} INFO - [2024-12-27T02:19:44.588+0000] {dag.py:4180} INFO - Setting next_dagrun for tutorial to 2024-12-26 00:00:00+00:00, run_after=2024-12-27 00:00:00+00:00
[2024-12-27T02:19:44.620+0000] {processor.py:208} INFO - Processing /home/airflow/.local/lib/python3.12/site-packages/airflow/example_dags/tutorial.py took 0.096 seconds
[2024-12-27T02:20:14.728+0000] {processor.py:186} INFO - Started process (PID=3022) to work on /home/airflow/.local/lib/python3.12/site-packages/airflow/example_dags/tutorial.py
[2024-12-27T02:20:14.730+0000] {processor.py:914} INFO - Processing file /home/airflow/.local/lib/python3.12/site-packages/airflow/example_dags/tutorial.py for tasks to queue
[2024-12-27T02:20:14.733+0000] {logging_mixin.py:190} INFO - [2024-12-27T02:20:14.732+0000] {dagbag.py:588} INFO - Filling up the DagBag from /home/airflow/.local/lib/python3.12/site-packages/airflow/example_dags/tutorial.py
[2024-12-27T02:20:14.742+0000] {processor.py:925} INFO - DAG(s) 'tutorial' retrieved from /home/airflow/.local/lib/python3.12/site-packages/airflow/example_dags/tutorial.py
[2024-12-27T02:20:14.767+0000] {logging_mixin.py:190} INFO - [2024-12-27T02:20:14.767+0000] {dag.py:3239} INFO - Sync 1 DAGs
[2024-12-27T02:20:14.793+0000] {logging_mixin.py:190} INFO - [2024-12-27T02:20:14.793+0000] {dag.py:4180} INFO - Setting next_dagrun for tutorial to 2024-12-26 00:00:00+00:00, run_after=2024-12-27 00:00:00+00:00
[2024-12-27T02:20:14.820+0000] {processor.py:208} INFO - Processing /home/airflow/.local/lib/python3.12/site-packages/airflow/example_dags/tutorial.py took 0.097 seconds
[2024-12-27T02:20:44.986+0000] {processor.py:186} INFO - Started process (PID=3085) to work on /home/airflow/.local/lib/python3.12/site-packages/airflow/example_dags/tutorial.py
[2024-12-27T02:20:44.988+0000] {processor.py:914} INFO - Processing file /home/airflow/.local/lib/python3.12/site-packages/airflow/example_dags/tutorial.py for tasks to queue
[2024-12-27T02:20:44.990+0000] {logging_mixin.py:190} INFO - [2024-12-27T02:20:44.990+0000] {dagbag.py:588} INFO - Filling up the DagBag from /home/airflow/.local/lib/python3.12/site-packages/airflow/example_dags/tutorial.py
[2024-12-27T02:20:44.999+0000] {processor.py:925} INFO - DAG(s) 'tutorial' retrieved from /home/airflow/.local/lib/python3.12/site-packages/airflow/example_dags/tutorial.py
[2024-12-27T02:20:45.025+0000] {logging_mixin.py:190} INFO - [2024-12-27T02:20:45.024+0000] {dag.py:3239} INFO - Sync 1 DAGs
[2024-12-27T02:20:45.050+0000] {logging_mixin.py:190} INFO - [2024-12-27T02:20:45.050+0000] {dag.py:4180} INFO - Setting next_dagrun for tutorial to 2024-12-26 00:00:00+00:00, run_after=2024-12-27 00:00:00+00:00
[2024-12-27T02:20:45.071+0000] {processor.py:208} INFO - Processing /home/airflow/.local/lib/python3.12/site-packages/airflow/example_dags/tutorial.py took 0.090 seconds
[2024-12-27T02:21:15.442+0000] {processor.py:186} INFO - Started process (PID=3148) to work on /home/airflow/.local/lib/python3.12/site-packages/airflow/example_dags/tutorial.py
[2024-12-27T02:21:15.444+0000] {processor.py:914} INFO - Processing file /home/airflow/.local/lib/python3.12/site-packages/airflow/example_dags/tutorial.py for tasks to queue
[2024-12-27T02:21:15.447+0000] {logging_mixin.py:190} INFO - [2024-12-27T02:21:15.447+0000] {dagbag.py:588} INFO - Filling up the DagBag from /home/airflow/.local/lib/python3.12/site-packages/airflow/example_dags/tutorial.py
[2024-12-27T02:21:15.460+0000] {processor.py:925} INFO - DAG(s) 'tutorial' retrieved from /home/airflow/.local/lib/python3.12/site-packages/airflow/example_dags/tutorial.py
[2024-12-27T02:21:15.491+0000] {logging_mixin.py:190} INFO - [2024-12-27T02:21:15.490+0000] {dag.py:3239} INFO - Sync 1 DAGs
[2024-12-27T02:21:15.528+0000] {logging_mixin.py:190} INFO - [2024-12-27T02:21:15.528+0000] {dag.py:4180} INFO - Setting next_dagrun for tutorial to 2024-12-26 00:00:00+00:00, run_after=2024-12-27 00:00:00+00:00
[2024-12-27T02:21:15.565+0000] {processor.py:208} INFO - Processing /home/airflow/.local/lib/python3.12/site-packages/airflow/example_dags/tutorial.py took 0.130 seconds
[2024-12-27T02:21:46.313+0000] {processor.py:186} INFO - Started process (PID=3210) to work on /home/airflow/.local/lib/python3.12/site-packages/airflow/example_dags/tutorial.py
[2024-12-27T02:21:46.314+0000] {processor.py:914} INFO - Processing file /home/airflow/.local/lib/python3.12/site-packages/airflow/example_dags/tutorial.py for tasks to queue
[2024-12-27T02:21:46.317+0000] {logging_mixin.py:190} INFO - [2024-12-27T02:21:46.317+0000] {dagbag.py:588} INFO - Filling up the DagBag from /home/airflow/.local/lib/python3.12/site-packages/airflow/example_dags/tutorial.py
[2024-12-27T02:21:46.328+0000] {processor.py:925} INFO - DAG(s) 'tutorial' retrieved from /home/airflow/.local/lib/python3.12/site-packages/airflow/example_dags/tutorial.py
[2024-12-27T02:21:46.361+0000] {logging_mixin.py:190} INFO - [2024-12-27T02:21:46.361+0000] {dag.py:3239} INFO - Sync 1 DAGs
[2024-12-27T02:21:46.395+0000] {logging_mixin.py:190} INFO - [2024-12-27T02:21:46.395+0000] {dag.py:4180} INFO - Setting next_dagrun for tutorial to 2024-12-26 00:00:00+00:00, run_after=2024-12-27 00:00:00+00:00
[2024-12-27T02:21:46.425+0000] {processor.py:208} INFO - Processing /home/airflow/.local/lib/python3.12/site-packages/airflow/example_dags/tutorial.py took 0.119 seconds
[2024-12-27T02:22:17.121+0000] {processor.py:186} INFO - Started process (PID=3273) to work on /home/airflow/.local/lib/python3.12/site-packages/airflow/example_dags/tutorial.py
[2024-12-27T02:22:17.123+0000] {processor.py:914} INFO - Processing file /home/airflow/.local/lib/python3.12/site-packages/airflow/example_dags/tutorial.py for tasks to queue
[2024-12-27T02:22:17.127+0000] {logging_mixin.py:190} INFO - [2024-12-27T02:22:17.126+0000] {dagbag.py:588} INFO - Filling up the DagBag from /home/airflow/.local/lib/python3.12/site-packages/airflow/example_dags/tutorial.py
[2024-12-27T02:22:17.135+0000] {processor.py:925} INFO - DAG(s) 'tutorial' retrieved from /home/airflow/.local/lib/python3.12/site-packages/airflow/example_dags/tutorial.py
[2024-12-27T02:22:17.159+0000] {logging_mixin.py:190} INFO - [2024-12-27T02:22:17.158+0000] {dag.py:3239} INFO - Sync 1 DAGs
[2024-12-27T02:22:17.186+0000] {logging_mixin.py:190} INFO - [2024-12-27T02:22:17.185+0000] {dag.py:4180} INFO - Setting next_dagrun for tutorial to 2024-12-26 00:00:00+00:00, run_after=2024-12-27 00:00:00+00:00
[2024-12-27T02:22:17.216+0000] {processor.py:208} INFO - Processing /home/airflow/.local/lib/python3.12/site-packages/airflow/example_dags/tutorial.py took 0.100 seconds
[2024-12-27T02:22:48.210+0000] {processor.py:186} INFO - Started process (PID=3336) to work on /home/airflow/.local/lib/python3.12/site-packages/airflow/example_dags/tutorial.py
[2024-12-27T02:22:48.211+0000] {processor.py:914} INFO - Processing file /home/airflow/.local/lib/python3.12/site-packages/airflow/example_dags/tutorial.py for tasks to queue
[2024-12-27T02:22:48.215+0000] {logging_mixin.py:190} INFO - [2024-12-27T02:22:48.215+0000] {dagbag.py:588} INFO - Filling up the DagBag from /home/airflow/.local/lib/python3.12/site-packages/airflow/example_dags/tutorial.py
[2024-12-27T02:22:48.223+0000] {processor.py:925} INFO - DAG(s) 'tutorial' retrieved from /home/airflow/.local/lib/python3.12/site-packages/airflow/example_dags/tutorial.py
[2024-12-27T02:22:48.247+0000] {logging_mixin.py:190} INFO - [2024-12-27T02:22:48.247+0000] {dag.py:3239} INFO - Sync 1 DAGs
[2024-12-27T02:22:48.271+0000] {logging_mixin.py:190} INFO - [2024-12-27T02:22:48.271+0000] {dag.py:4180} INFO - Setting next_dagrun for tutorial to 2024-12-26 00:00:00+00:00, run_after=2024-12-27 00:00:00+00:00
[2024-12-27T02:22:48.300+0000] {processor.py:208} INFO - Processing /home/airflow/.local/lib/python3.12/site-packages/airflow/example_dags/tutorial.py took 0.095 seconds
[2024-12-27T02:23:18.413+0000] {processor.py:186} INFO - Started process (PID=3398) to work on /home/airflow/.local/lib/python3.12/site-packages/airflow/example_dags/tutorial.py
[2024-12-27T02:23:18.414+0000] {processor.py:914} INFO - Processing file /home/airflow/.local/lib/python3.12/site-packages/airflow/example_dags/tutorial.py for tasks to queue
[2024-12-27T02:23:18.417+0000] {logging_mixin.py:190} INFO - [2024-12-27T02:23:18.417+0000] {dagbag.py:588} INFO - Filling up the DagBag from /home/airflow/.local/lib/python3.12/site-packages/airflow/example_dags/tutorial.py
[2024-12-27T02:23:18.426+0000] {processor.py:925} INFO - DAG(s) 'tutorial' retrieved from /home/airflow/.local/lib/python3.12/site-packages/airflow/example_dags/tutorial.py
[2024-12-27T02:23:18.453+0000] {logging_mixin.py:190} INFO - [2024-12-27T02:23:18.453+0000] {dag.py:3239} INFO - Sync 1 DAGs
[2024-12-27T02:23:18.488+0000] {logging_mixin.py:190} INFO - [2024-12-27T02:23:18.488+0000] {dag.py:4180} INFO - Setting next_dagrun for tutorial to 2024-12-26 00:00:00+00:00, run_after=2024-12-27 00:00:00+00:00
[2024-12-27T02:23:18.520+0000] {processor.py:208} INFO - Processing /home/airflow/.local/lib/python3.12/site-packages/airflow/example_dags/tutorial.py took 0.114 seconds
