[2024-12-28T00:00:03.781+0000] {processor.py:186} INFO - Started process (PID=27748) to work on /home/airflow/.local/lib/python3.12/site-packages/airflow/example_dags/example_trigger_controller_dag.py
[2024-12-28T00:00:03.783+0000] {processor.py:914} INFO - Processing file /home/airflow/.local/lib/python3.12/site-packages/airflow/example_dags/example_trigger_controller_dag.py for tasks to queue
[2024-12-28T00:00:03.785+0000] {logging_mixin.py:190} INFO - [2024-12-28T00:00:03.785+0000] {dagbag.py:588} INFO - Filling up the DagBag from /home/airflow/.local/lib/python3.12/site-packages/airflow/example_dags/example_trigger_controller_dag.py
[2024-12-28T00:00:03.792+0000] {processor.py:925} INFO - DAG(s) 'example_trigger_controller_dag' retrieved from /home/airflow/.local/lib/python3.12/site-packages/airflow/example_dags/example_trigger_controller_dag.py
[2024-12-28T00:00:03.818+0000] {logging_mixin.py:190} INFO - [2024-12-28T00:00:03.817+0000] {dag.py:3239} INFO - Sync 1 DAGs
[2024-12-28T00:00:03.844+0000] {logging_mixin.py:190} INFO - [2024-12-28T00:00:03.844+0000] {dag.py:4180} INFO - Setting next_dagrun for example_trigger_controller_dag to 2021-01-01 00:00:00+00:00, run_after=2021-01-01 00:00:00+00:00
[2024-12-28T00:00:03.873+0000] {processor.py:208} INFO - Processing /home/airflow/.local/lib/python3.12/site-packages/airflow/example_dags/example_trigger_controller_dag.py took 0.097 seconds
[2024-12-28T00:00:34.239+0000] {processor.py:186} INFO - Started process (PID=27813) to work on /home/airflow/.local/lib/python3.12/site-packages/airflow/example_dags/example_trigger_controller_dag.py
[2024-12-28T00:00:34.241+0000] {processor.py:914} INFO - Processing file /home/airflow/.local/lib/python3.12/site-packages/airflow/example_dags/example_trigger_controller_dag.py for tasks to queue
[2024-12-28T00:00:34.242+0000] {logging_mixin.py:190} INFO - [2024-12-28T00:00:34.242+0000] {dagbag.py:588} INFO - Filling up the DagBag from /home/airflow/.local/lib/python3.12/site-packages/airflow/example_dags/example_trigger_controller_dag.py
[2024-12-28T00:00:34.250+0000] {processor.py:925} INFO - DAG(s) 'example_trigger_controller_dag' retrieved from /home/airflow/.local/lib/python3.12/site-packages/airflow/example_dags/example_trigger_controller_dag.py
[2024-12-28T00:00:34.273+0000] {logging_mixin.py:190} INFO - [2024-12-28T00:00:34.273+0000] {dag.py:3239} INFO - Sync 1 DAGs
[2024-12-28T00:00:34.298+0000] {logging_mixin.py:190} INFO - [2024-12-28T00:00:34.298+0000] {dag.py:4180} INFO - Setting next_dagrun for example_trigger_controller_dag to 2021-01-01 00:00:00+00:00, run_after=2021-01-01 00:00:00+00:00
[2024-12-28T00:00:34.332+0000] {processor.py:208} INFO - Processing /home/airflow/.local/lib/python3.12/site-packages/airflow/example_dags/example_trigger_controller_dag.py took 0.097 seconds
[2024-12-28T00:01:04.905+0000] {processor.py:186} INFO - Started process (PID=27877) to work on /home/airflow/.local/lib/python3.12/site-packages/airflow/example_dags/example_trigger_controller_dag.py
[2024-12-28T00:01:04.906+0000] {processor.py:914} INFO - Processing file /home/airflow/.local/lib/python3.12/site-packages/airflow/example_dags/example_trigger_controller_dag.py for tasks to queue
[2024-12-28T00:01:04.908+0000] {logging_mixin.py:190} INFO - [2024-12-28T00:01:04.908+0000] {dagbag.py:588} INFO - Filling up the DagBag from /home/airflow/.local/lib/python3.12/site-packages/airflow/example_dags/example_trigger_controller_dag.py
[2024-12-28T00:01:04.915+0000] {processor.py:925} INFO - DAG(s) 'example_trigger_controller_dag' retrieved from /home/airflow/.local/lib/python3.12/site-packages/airflow/example_dags/example_trigger_controller_dag.py
[2024-12-28T00:01:04.938+0000] {logging_mixin.py:190} INFO - [2024-12-28T00:01:04.938+0000] {dag.py:3239} INFO - Sync 1 DAGs
[2024-12-28T00:01:04.965+0000] {logging_mixin.py:190} INFO - [2024-12-28T00:01:04.965+0000] {dag.py:4180} INFO - Setting next_dagrun for example_trigger_controller_dag to 2021-01-01 00:00:00+00:00, run_after=2021-01-01 00:00:00+00:00
[2024-12-28T00:01:04.991+0000] {processor.py:208} INFO - Processing /home/airflow/.local/lib/python3.12/site-packages/airflow/example_dags/example_trigger_controller_dag.py took 0.092 seconds
[2024-12-28T00:01:35.655+0000] {processor.py:186} INFO - Started process (PID=27941) to work on /home/airflow/.local/lib/python3.12/site-packages/airflow/example_dags/example_trigger_controller_dag.py
[2024-12-28T00:01:35.657+0000] {processor.py:914} INFO - Processing file /home/airflow/.local/lib/python3.12/site-packages/airflow/example_dags/example_trigger_controller_dag.py for tasks to queue
[2024-12-28T00:01:35.660+0000] {logging_mixin.py:190} INFO - [2024-12-28T00:01:35.659+0000] {dagbag.py:588} INFO - Filling up the DagBag from /home/airflow/.local/lib/python3.12/site-packages/airflow/example_dags/example_trigger_controller_dag.py
[2024-12-28T00:01:35.677+0000] {processor.py:925} INFO - DAG(s) 'example_trigger_controller_dag' retrieved from /home/airflow/.local/lib/python3.12/site-packages/airflow/example_dags/example_trigger_controller_dag.py
[2024-12-28T00:01:35.717+0000] {logging_mixin.py:190} INFO - [2024-12-28T00:01:35.717+0000] {dag.py:3239} INFO - Sync 1 DAGs
[2024-12-28T00:01:35.770+0000] {logging_mixin.py:190} INFO - [2024-12-28T00:01:35.770+0000] {dag.py:4180} INFO - Setting next_dagrun for example_trigger_controller_dag to 2021-01-01 00:00:00+00:00, run_after=2021-01-01 00:00:00+00:00
[2024-12-28T00:01:35.823+0000] {processor.py:208} INFO - Processing /home/airflow/.local/lib/python3.12/site-packages/airflow/example_dags/example_trigger_controller_dag.py took 0.176 seconds
[2024-12-28T00:02:06.016+0000] {processor.py:186} INFO - Started process (PID=28005) to work on /home/airflow/.local/lib/python3.12/site-packages/airflow/example_dags/example_trigger_controller_dag.py
[2024-12-28T00:02:06.018+0000] {processor.py:914} INFO - Processing file /home/airflow/.local/lib/python3.12/site-packages/airflow/example_dags/example_trigger_controller_dag.py for tasks to queue
[2024-12-28T00:02:06.020+0000] {logging_mixin.py:190} INFO - [2024-12-28T00:02:06.019+0000] {dagbag.py:588} INFO - Filling up the DagBag from /home/airflow/.local/lib/python3.12/site-packages/airflow/example_dags/example_trigger_controller_dag.py
[2024-12-28T00:02:06.027+0000] {processor.py:925} INFO - DAG(s) 'example_trigger_controller_dag' retrieved from /home/airflow/.local/lib/python3.12/site-packages/airflow/example_dags/example_trigger_controller_dag.py
[2024-12-28T00:02:06.052+0000] {logging_mixin.py:190} INFO - [2024-12-28T00:02:06.052+0000] {dag.py:3239} INFO - Sync 1 DAGs
[2024-12-28T00:02:06.080+0000] {logging_mixin.py:190} INFO - [2024-12-28T00:02:06.080+0000] {dag.py:4180} INFO - Setting next_dagrun for example_trigger_controller_dag to 2021-01-01 00:00:00+00:00, run_after=2021-01-01 00:00:00+00:00
[2024-12-28T00:02:06.113+0000] {processor.py:208} INFO - Processing /home/airflow/.local/lib/python3.12/site-packages/airflow/example_dags/example_trigger_controller_dag.py took 0.101 seconds
[2024-12-28T00:02:36.290+0000] {processor.py:186} INFO - Started process (PID=28069) to work on /home/airflow/.local/lib/python3.12/site-packages/airflow/example_dags/example_trigger_controller_dag.py
[2024-12-28T00:02:36.292+0000] {processor.py:914} INFO - Processing file /home/airflow/.local/lib/python3.12/site-packages/airflow/example_dags/example_trigger_controller_dag.py for tasks to queue
[2024-12-28T00:02:36.293+0000] {logging_mixin.py:190} INFO - [2024-12-28T00:02:36.293+0000] {dagbag.py:588} INFO - Filling up the DagBag from /home/airflow/.local/lib/python3.12/site-packages/airflow/example_dags/example_trigger_controller_dag.py
[2024-12-28T00:02:36.302+0000] {processor.py:925} INFO - DAG(s) 'example_trigger_controller_dag' retrieved from /home/airflow/.local/lib/python3.12/site-packages/airflow/example_dags/example_trigger_controller_dag.py
[2024-12-28T00:02:36.327+0000] {logging_mixin.py:190} INFO - [2024-12-28T00:02:36.327+0000] {dag.py:3239} INFO - Sync 1 DAGs
[2024-12-28T00:02:36.355+0000] {logging_mixin.py:190} INFO - [2024-12-28T00:02:36.355+0000] {dag.py:4180} INFO - Setting next_dagrun for example_trigger_controller_dag to 2021-01-01 00:00:00+00:00, run_after=2021-01-01 00:00:00+00:00
[2024-12-28T00:02:36.389+0000] {processor.py:208} INFO - Processing /home/airflow/.local/lib/python3.12/site-packages/airflow/example_dags/example_trigger_controller_dag.py took 0.104 seconds
[2024-12-28T00:03:06.917+0000] {processor.py:186} INFO - Started process (PID=28133) to work on /home/airflow/.local/lib/python3.12/site-packages/airflow/example_dags/example_trigger_controller_dag.py
[2024-12-28T00:03:06.918+0000] {processor.py:914} INFO - Processing file /home/airflow/.local/lib/python3.12/site-packages/airflow/example_dags/example_trigger_controller_dag.py for tasks to queue
[2024-12-28T00:03:06.920+0000] {logging_mixin.py:190} INFO - [2024-12-28T00:03:06.919+0000] {dagbag.py:588} INFO - Filling up the DagBag from /home/airflow/.local/lib/python3.12/site-packages/airflow/example_dags/example_trigger_controller_dag.py
[2024-12-28T00:03:06.928+0000] {processor.py:925} INFO - DAG(s) 'example_trigger_controller_dag' retrieved from /home/airflow/.local/lib/python3.12/site-packages/airflow/example_dags/example_trigger_controller_dag.py
[2024-12-28T00:03:06.953+0000] {logging_mixin.py:190} INFO - [2024-12-28T00:03:06.953+0000] {dag.py:3239} INFO - Sync 1 DAGs
[2024-12-28T00:03:06.979+0000] {logging_mixin.py:190} INFO - [2024-12-28T00:03:06.979+0000] {dag.py:4180} INFO - Setting next_dagrun for example_trigger_controller_dag to 2021-01-01 00:00:00+00:00, run_after=2021-01-01 00:00:00+00:00
[2024-12-28T00:03:07.008+0000] {processor.py:208} INFO - Processing /home/airflow/.local/lib/python3.12/site-packages/airflow/example_dags/example_trigger_controller_dag.py took 0.097 seconds
[2024-12-28T00:03:37.280+0000] {processor.py:186} INFO - Started process (PID=28197) to work on /home/airflow/.local/lib/python3.12/site-packages/airflow/example_dags/example_trigger_controller_dag.py
[2024-12-28T00:03:37.281+0000] {processor.py:914} INFO - Processing file /home/airflow/.local/lib/python3.12/site-packages/airflow/example_dags/example_trigger_controller_dag.py for tasks to queue
[2024-12-28T00:03:37.283+0000] {logging_mixin.py:190} INFO - [2024-12-28T00:03:37.283+0000] {dagbag.py:588} INFO - Filling up the DagBag from /home/airflow/.local/lib/python3.12/site-packages/airflow/example_dags/example_trigger_controller_dag.py
[2024-12-28T00:03:37.292+0000] {processor.py:925} INFO - DAG(s) 'example_trigger_controller_dag' retrieved from /home/airflow/.local/lib/python3.12/site-packages/airflow/example_dags/example_trigger_controller_dag.py
[2024-12-28T00:03:37.316+0000] {logging_mixin.py:190} INFO - [2024-12-28T00:03:37.316+0000] {dag.py:3239} INFO - Sync 1 DAGs
[2024-12-28T00:03:37.347+0000] {logging_mixin.py:190} INFO - [2024-12-28T00:03:37.347+0000] {dag.py:4180} INFO - Setting next_dagrun for example_trigger_controller_dag to 2021-01-01 00:00:00+00:00, run_after=2021-01-01 00:00:00+00:00
[2024-12-28T00:03:37.383+0000] {processor.py:208} INFO - Processing /home/airflow/.local/lib/python3.12/site-packages/airflow/example_dags/example_trigger_controller_dag.py took 0.108 seconds
[2024-12-28T00:04:07.516+0000] {processor.py:186} INFO - Started process (PID=28261) to work on /home/airflow/.local/lib/python3.12/site-packages/airflow/example_dags/example_trigger_controller_dag.py
[2024-12-28T00:04:07.518+0000] {processor.py:914} INFO - Processing file /home/airflow/.local/lib/python3.12/site-packages/airflow/example_dags/example_trigger_controller_dag.py for tasks to queue
[2024-12-28T00:04:07.520+0000] {logging_mixin.py:190} INFO - [2024-12-28T00:04:07.519+0000] {dagbag.py:588} INFO - Filling up the DagBag from /home/airflow/.local/lib/python3.12/site-packages/airflow/example_dags/example_trigger_controller_dag.py
[2024-12-28T00:04:07.530+0000] {processor.py:925} INFO - DAG(s) 'example_trigger_controller_dag' retrieved from /home/airflow/.local/lib/python3.12/site-packages/airflow/example_dags/example_trigger_controller_dag.py
[2024-12-28T00:04:07.563+0000] {logging_mixin.py:190} INFO - [2024-12-28T00:04:07.562+0000] {dag.py:3239} INFO - Sync 1 DAGs
[2024-12-28T00:04:07.595+0000] {logging_mixin.py:190} INFO - [2024-12-28T00:04:07.594+0000] {dag.py:4180} INFO - Setting next_dagrun for example_trigger_controller_dag to 2021-01-01 00:00:00+00:00, run_after=2021-01-01 00:00:00+00:00
[2024-12-28T00:04:07.624+0000] {processor.py:208} INFO - Processing /home/airflow/.local/lib/python3.12/site-packages/airflow/example_dags/example_trigger_controller_dag.py took 0.114 seconds
[2024-12-28T00:04:37.746+0000] {processor.py:186} INFO - Started process (PID=28326) to work on /home/airflow/.local/lib/python3.12/site-packages/airflow/example_dags/example_trigger_controller_dag.py
[2024-12-28T00:04:37.747+0000] {processor.py:914} INFO - Processing file /home/airflow/.local/lib/python3.12/site-packages/airflow/example_dags/example_trigger_controller_dag.py for tasks to queue
[2024-12-28T00:04:37.749+0000] {logging_mixin.py:190} INFO - [2024-12-28T00:04:37.749+0000] {dagbag.py:588} INFO - Filling up the DagBag from /home/airflow/.local/lib/python3.12/site-packages/airflow/example_dags/example_trigger_controller_dag.py
[2024-12-28T00:04:37.756+0000] {processor.py:925} INFO - DAG(s) 'example_trigger_controller_dag' retrieved from /home/airflow/.local/lib/python3.12/site-packages/airflow/example_dags/example_trigger_controller_dag.py
[2024-12-28T00:04:37.782+0000] {logging_mixin.py:190} INFO - [2024-12-28T00:04:37.781+0000] {dag.py:3239} INFO - Sync 1 DAGs
[2024-12-28T00:04:37.810+0000] {logging_mixin.py:190} INFO - [2024-12-28T00:04:37.810+0000] {dag.py:4180} INFO - Setting next_dagrun for example_trigger_controller_dag to 2021-01-01 00:00:00+00:00, run_after=2021-01-01 00:00:00+00:00
[2024-12-28T00:04:37.841+0000] {processor.py:208} INFO - Processing /home/airflow/.local/lib/python3.12/site-packages/airflow/example_dags/example_trigger_controller_dag.py took 0.100 seconds
[2024-12-28T00:05:08.053+0000] {processor.py:186} INFO - Started process (PID=28390) to work on /home/airflow/.local/lib/python3.12/site-packages/airflow/example_dags/example_trigger_controller_dag.py
[2024-12-28T00:05:08.056+0000] {processor.py:914} INFO - Processing file /home/airflow/.local/lib/python3.12/site-packages/airflow/example_dags/example_trigger_controller_dag.py for tasks to queue
[2024-12-28T00:05:08.060+0000] {logging_mixin.py:190} INFO - [2024-12-28T00:05:08.059+0000] {dagbag.py:588} INFO - Filling up the DagBag from /home/airflow/.local/lib/python3.12/site-packages/airflow/example_dags/example_trigger_controller_dag.py
[2024-12-28T00:05:08.075+0000] {processor.py:925} INFO - DAG(s) 'example_trigger_controller_dag' retrieved from /home/airflow/.local/lib/python3.12/site-packages/airflow/example_dags/example_trigger_controller_dag.py
[2024-12-28T00:05:08.107+0000] {logging_mixin.py:190} INFO - [2024-12-28T00:05:08.107+0000] {dag.py:3239} INFO - Sync 1 DAGs
[2024-12-28T00:05:08.148+0000] {logging_mixin.py:190} INFO - [2024-12-28T00:05:08.148+0000] {dag.py:4180} INFO - Setting next_dagrun for example_trigger_controller_dag to 2021-01-01 00:00:00+00:00, run_after=2021-01-01 00:00:00+00:00
[2024-12-28T00:05:08.181+0000] {processor.py:208} INFO - Processing /home/airflow/.local/lib/python3.12/site-packages/airflow/example_dags/example_trigger_controller_dag.py took 0.140 seconds
[2024-12-28T00:05:38.388+0000] {processor.py:186} INFO - Started process (PID=28454) to work on /home/airflow/.local/lib/python3.12/site-packages/airflow/example_dags/example_trigger_controller_dag.py
[2024-12-28T00:05:38.390+0000] {processor.py:914} INFO - Processing file /home/airflow/.local/lib/python3.12/site-packages/airflow/example_dags/example_trigger_controller_dag.py for tasks to queue
[2024-12-28T00:05:38.392+0000] {logging_mixin.py:190} INFO - [2024-12-28T00:05:38.392+0000] {dagbag.py:588} INFO - Filling up the DagBag from /home/airflow/.local/lib/python3.12/site-packages/airflow/example_dags/example_trigger_controller_dag.py
[2024-12-28T00:05:38.401+0000] {processor.py:925} INFO - DAG(s) 'example_trigger_controller_dag' retrieved from /home/airflow/.local/lib/python3.12/site-packages/airflow/example_dags/example_trigger_controller_dag.py
[2024-12-28T00:05:38.428+0000] {logging_mixin.py:190} INFO - [2024-12-28T00:05:38.428+0000] {dag.py:3239} INFO - Sync 1 DAGs
[2024-12-28T00:05:38.457+0000] {logging_mixin.py:190} INFO - [2024-12-28T00:05:38.457+0000] {dag.py:4180} INFO - Setting next_dagrun for example_trigger_controller_dag to 2021-01-01 00:00:00+00:00, run_after=2021-01-01 00:00:00+00:00
[2024-12-28T00:05:38.490+0000] {processor.py:208} INFO - Processing /home/airflow/.local/lib/python3.12/site-packages/airflow/example_dags/example_trigger_controller_dag.py took 0.109 seconds
[2024-12-28T00:06:08.905+0000] {processor.py:186} INFO - Started process (PID=28518) to work on /home/airflow/.local/lib/python3.12/site-packages/airflow/example_dags/example_trigger_controller_dag.py
[2024-12-28T00:06:08.907+0000] {processor.py:914} INFO - Processing file /home/airflow/.local/lib/python3.12/site-packages/airflow/example_dags/example_trigger_controller_dag.py for tasks to queue
[2024-12-28T00:06:08.909+0000] {logging_mixin.py:190} INFO - [2024-12-28T00:06:08.909+0000] {dagbag.py:588} INFO - Filling up the DagBag from /home/airflow/.local/lib/python3.12/site-packages/airflow/example_dags/example_trigger_controller_dag.py
[2024-12-28T00:06:08.918+0000] {processor.py:925} INFO - DAG(s) 'example_trigger_controller_dag' retrieved from /home/airflow/.local/lib/python3.12/site-packages/airflow/example_dags/example_trigger_controller_dag.py
[2024-12-28T00:06:08.947+0000] {logging_mixin.py:190} INFO - [2024-12-28T00:06:08.947+0000] {dag.py:3239} INFO - Sync 1 DAGs
[2024-12-28T00:06:08.977+0000] {logging_mixin.py:190} INFO - [2024-12-28T00:06:08.977+0000] {dag.py:4180} INFO - Setting next_dagrun for example_trigger_controller_dag to 2021-01-01 00:00:00+00:00, run_after=2021-01-01 00:00:00+00:00
[2024-12-28T00:06:09.008+0000] {processor.py:208} INFO - Processing /home/airflow/.local/lib/python3.12/site-packages/airflow/example_dags/example_trigger_controller_dag.py took 0.111 seconds
[2024-12-28T00:06:39.268+0000] {processor.py:186} INFO - Started process (PID=28582) to work on /home/airflow/.local/lib/python3.12/site-packages/airflow/example_dags/example_trigger_controller_dag.py
[2024-12-28T00:06:39.270+0000] {processor.py:914} INFO - Processing file /home/airflow/.local/lib/python3.12/site-packages/airflow/example_dags/example_trigger_controller_dag.py for tasks to queue
[2024-12-28T00:06:39.272+0000] {logging_mixin.py:190} INFO - [2024-12-28T00:06:39.271+0000] {dagbag.py:588} INFO - Filling up the DagBag from /home/airflow/.local/lib/python3.12/site-packages/airflow/example_dags/example_trigger_controller_dag.py
[2024-12-28T00:06:39.282+0000] {processor.py:925} INFO - DAG(s) 'example_trigger_controller_dag' retrieved from /home/airflow/.local/lib/python3.12/site-packages/airflow/example_dags/example_trigger_controller_dag.py
[2024-12-28T00:06:39.314+0000] {logging_mixin.py:190} INFO - [2024-12-28T00:06:39.313+0000] {dag.py:3239} INFO - Sync 1 DAGs
[2024-12-28T00:06:39.349+0000] {logging_mixin.py:190} INFO - [2024-12-28T00:06:39.349+0000] {dag.py:4180} INFO - Setting next_dagrun for example_trigger_controller_dag to 2021-01-01 00:00:00+00:00, run_after=2021-01-01 00:00:00+00:00
[2024-12-28T00:06:39.384+0000] {processor.py:208} INFO - Processing /home/airflow/.local/lib/python3.12/site-packages/airflow/example_dags/example_trigger_controller_dag.py took 0.122 seconds
[2024-12-28T00:07:09.770+0000] {processor.py:186} INFO - Started process (PID=28646) to work on /home/airflow/.local/lib/python3.12/site-packages/airflow/example_dags/example_trigger_controller_dag.py
[2024-12-28T00:07:09.771+0000] {processor.py:914} INFO - Processing file /home/airflow/.local/lib/python3.12/site-packages/airflow/example_dags/example_trigger_controller_dag.py for tasks to queue
[2024-12-28T00:07:09.773+0000] {logging_mixin.py:190} INFO - [2024-12-28T00:07:09.773+0000] {dagbag.py:588} INFO - Filling up the DagBag from /home/airflow/.local/lib/python3.12/site-packages/airflow/example_dags/example_trigger_controller_dag.py
[2024-12-28T00:07:09.782+0000] {processor.py:925} INFO - DAG(s) 'example_trigger_controller_dag' retrieved from /home/airflow/.local/lib/python3.12/site-packages/airflow/example_dags/example_trigger_controller_dag.py
[2024-12-28T00:07:09.809+0000] {logging_mixin.py:190} INFO - [2024-12-28T00:07:09.808+0000] {dag.py:3239} INFO - Sync 1 DAGs
[2024-12-28T00:07:09.836+0000] {logging_mixin.py:190} INFO - [2024-12-28T00:07:09.836+0000] {dag.py:4180} INFO - Setting next_dagrun for example_trigger_controller_dag to 2021-01-01 00:00:00+00:00, run_after=2021-01-01 00:00:00+00:00
[2024-12-28T00:07:09.865+0000] {processor.py:208} INFO - Processing /home/airflow/.local/lib/python3.12/site-packages/airflow/example_dags/example_trigger_controller_dag.py took 0.102 seconds
[2024-12-28T00:07:40.019+0000] {processor.py:186} INFO - Started process (PID=28710) to work on /home/airflow/.local/lib/python3.12/site-packages/airflow/example_dags/example_trigger_controller_dag.py
[2024-12-28T00:07:40.021+0000] {processor.py:914} INFO - Processing file /home/airflow/.local/lib/python3.12/site-packages/airflow/example_dags/example_trigger_controller_dag.py for tasks to queue
[2024-12-28T00:07:40.023+0000] {logging_mixin.py:190} INFO - [2024-12-28T00:07:40.023+0000] {dagbag.py:588} INFO - Filling up the DagBag from /home/airflow/.local/lib/python3.12/site-packages/airflow/example_dags/example_trigger_controller_dag.py
[2024-12-28T00:07:40.031+0000] {processor.py:925} INFO - DAG(s) 'example_trigger_controller_dag' retrieved from /home/airflow/.local/lib/python3.12/site-packages/airflow/example_dags/example_trigger_controller_dag.py
[2024-12-28T00:07:40.061+0000] {logging_mixin.py:190} INFO - [2024-12-28T00:07:40.061+0000] {dag.py:3239} INFO - Sync 1 DAGs
[2024-12-28T00:07:40.095+0000] {logging_mixin.py:190} INFO - [2024-12-28T00:07:40.094+0000] {dag.py:4180} INFO - Setting next_dagrun for example_trigger_controller_dag to 2021-01-01 00:00:00+00:00, run_after=2021-01-01 00:00:00+00:00
[2024-12-28T00:07:40.130+0000] {processor.py:208} INFO - Processing /home/airflow/.local/lib/python3.12/site-packages/airflow/example_dags/example_trigger_controller_dag.py took 0.116 seconds
[2024-12-28T00:08:11.322+0000] {processor.py:186} INFO - Started process (PID=28774) to work on /home/airflow/.local/lib/python3.12/site-packages/airflow/example_dags/example_trigger_controller_dag.py
[2024-12-28T00:08:11.323+0000] {processor.py:914} INFO - Processing file /home/airflow/.local/lib/python3.12/site-packages/airflow/example_dags/example_trigger_controller_dag.py for tasks to queue
[2024-12-28T00:08:11.325+0000] {logging_mixin.py:190} INFO - [2024-12-28T00:08:11.325+0000] {dagbag.py:588} INFO - Filling up the DagBag from /home/airflow/.local/lib/python3.12/site-packages/airflow/example_dags/example_trigger_controller_dag.py
[2024-12-28T00:08:11.335+0000] {processor.py:925} INFO - DAG(s) 'example_trigger_controller_dag' retrieved from /home/airflow/.local/lib/python3.12/site-packages/airflow/example_dags/example_trigger_controller_dag.py
[2024-12-28T00:08:11.361+0000] {logging_mixin.py:190} INFO - [2024-12-28T00:08:11.361+0000] {dag.py:3239} INFO - Sync 1 DAGs
[2024-12-28T00:08:11.388+0000] {logging_mixin.py:190} INFO - [2024-12-28T00:08:11.388+0000] {dag.py:4180} INFO - Setting next_dagrun for example_trigger_controller_dag to 2021-01-01 00:00:00+00:00, run_after=2021-01-01 00:00:00+00:00
[2024-12-28T00:08:11.416+0000] {processor.py:208} INFO - Processing /home/airflow/.local/lib/python3.12/site-packages/airflow/example_dags/example_trigger_controller_dag.py took 0.100 seconds
[2024-12-28T00:08:41.525+0000] {processor.py:186} INFO - Started process (PID=28837) to work on /home/airflow/.local/lib/python3.12/site-packages/airflow/example_dags/example_trigger_controller_dag.py
[2024-12-28T00:08:41.527+0000] {processor.py:914} INFO - Processing file /home/airflow/.local/lib/python3.12/site-packages/airflow/example_dags/example_trigger_controller_dag.py for tasks to queue
[2024-12-28T00:08:41.531+0000] {logging_mixin.py:190} INFO - [2024-12-28T00:08:41.530+0000] {dagbag.py:588} INFO - Filling up the DagBag from /home/airflow/.local/lib/python3.12/site-packages/airflow/example_dags/example_trigger_controller_dag.py
[2024-12-28T00:08:41.546+0000] {processor.py:925} INFO - DAG(s) 'example_trigger_controller_dag' retrieved from /home/airflow/.local/lib/python3.12/site-packages/airflow/example_dags/example_trigger_controller_dag.py
[2024-12-28T00:08:41.577+0000] {logging_mixin.py:190} INFO - [2024-12-28T00:08:41.577+0000] {dag.py:3239} INFO - Sync 1 DAGs
[2024-12-28T00:08:41.623+0000] {logging_mixin.py:190} INFO - [2024-12-28T00:08:41.623+0000] {dag.py:4180} INFO - Setting next_dagrun for example_trigger_controller_dag to 2021-01-01 00:00:00+00:00, run_after=2021-01-01 00:00:00+00:00
[2024-12-28T00:08:41.655+0000] {processor.py:208} INFO - Processing /home/airflow/.local/lib/python3.12/site-packages/airflow/example_dags/example_trigger_controller_dag.py took 0.142 seconds
[2024-12-28T00:09:11.833+0000] {processor.py:186} INFO - Started process (PID=28900) to work on /home/airflow/.local/lib/python3.12/site-packages/airflow/example_dags/example_trigger_controller_dag.py
[2024-12-28T00:09:11.835+0000] {processor.py:914} INFO - Processing file /home/airflow/.local/lib/python3.12/site-packages/airflow/example_dags/example_trigger_controller_dag.py for tasks to queue
[2024-12-28T00:09:11.837+0000] {logging_mixin.py:190} INFO - [2024-12-28T00:09:11.836+0000] {dagbag.py:588} INFO - Filling up the DagBag from /home/airflow/.local/lib/python3.12/site-packages/airflow/example_dags/example_trigger_controller_dag.py
[2024-12-28T00:09:11.845+0000] {processor.py:925} INFO - DAG(s) 'example_trigger_controller_dag' retrieved from /home/airflow/.local/lib/python3.12/site-packages/airflow/example_dags/example_trigger_controller_dag.py
[2024-12-28T00:09:11.869+0000] {logging_mixin.py:190} INFO - [2024-12-28T00:09:11.868+0000] {dag.py:3239} INFO - Sync 1 DAGs
[2024-12-28T00:09:11.894+0000] {logging_mixin.py:190} INFO - [2024-12-28T00:09:11.894+0000] {dag.py:4180} INFO - Setting next_dagrun for example_trigger_controller_dag to 2021-01-01 00:00:00+00:00, run_after=2021-01-01 00:00:00+00:00
[2024-12-28T00:09:11.929+0000] {processor.py:208} INFO - Processing /home/airflow/.local/lib/python3.12/site-packages/airflow/example_dags/example_trigger_controller_dag.py took 0.101 seconds
[2024-12-28T00:09:42.719+0000] {processor.py:186} INFO - Started process (PID=28964) to work on /home/airflow/.local/lib/python3.12/site-packages/airflow/example_dags/example_trigger_controller_dag.py
[2024-12-28T00:09:42.720+0000] {processor.py:914} INFO - Processing file /home/airflow/.local/lib/python3.12/site-packages/airflow/example_dags/example_trigger_controller_dag.py for tasks to queue
[2024-12-28T00:09:42.722+0000] {logging_mixin.py:190} INFO - [2024-12-28T00:09:42.722+0000] {dagbag.py:588} INFO - Filling up the DagBag from /home/airflow/.local/lib/python3.12/site-packages/airflow/example_dags/example_trigger_controller_dag.py
[2024-12-28T00:09:42.730+0000] {processor.py:925} INFO - DAG(s) 'example_trigger_controller_dag' retrieved from /home/airflow/.local/lib/python3.12/site-packages/airflow/example_dags/example_trigger_controller_dag.py
[2024-12-28T00:09:42.757+0000] {logging_mixin.py:190} INFO - [2024-12-28T00:09:42.757+0000] {dag.py:3239} INFO - Sync 1 DAGs
[2024-12-28T00:09:42.784+0000] {logging_mixin.py:190} INFO - [2024-12-28T00:09:42.784+0000] {dag.py:4180} INFO - Setting next_dagrun for example_trigger_controller_dag to 2021-01-01 00:00:00+00:00, run_after=2021-01-01 00:00:00+00:00
[2024-12-28T00:09:42.816+0000] {processor.py:208} INFO - Processing /home/airflow/.local/lib/python3.12/site-packages/airflow/example_dags/example_trigger_controller_dag.py took 0.102 seconds
[2024-12-28T00:10:13.115+0000] {processor.py:186} INFO - Started process (PID=29028) to work on /home/airflow/.local/lib/python3.12/site-packages/airflow/example_dags/example_trigger_controller_dag.py
[2024-12-28T00:10:13.116+0000] {processor.py:914} INFO - Processing file /home/airflow/.local/lib/python3.12/site-packages/airflow/example_dags/example_trigger_controller_dag.py for tasks to queue
[2024-12-28T00:10:13.119+0000] {logging_mixin.py:190} INFO - [2024-12-28T00:10:13.118+0000] {dagbag.py:588} INFO - Filling up the DagBag from /home/airflow/.local/lib/python3.12/site-packages/airflow/example_dags/example_trigger_controller_dag.py
[2024-12-28T00:10:13.126+0000] {processor.py:925} INFO - DAG(s) 'example_trigger_controller_dag' retrieved from /home/airflow/.local/lib/python3.12/site-packages/airflow/example_dags/example_trigger_controller_dag.py
[2024-12-28T00:10:13.153+0000] {logging_mixin.py:190} INFO - [2024-12-28T00:10:13.152+0000] {dag.py:3239} INFO - Sync 1 DAGs
[2024-12-28T00:10:13.180+0000] {logging_mixin.py:190} INFO - [2024-12-28T00:10:13.180+0000] {dag.py:4180} INFO - Setting next_dagrun for example_trigger_controller_dag to 2021-01-01 00:00:00+00:00, run_after=2021-01-01 00:00:00+00:00
[2024-12-28T00:10:13.214+0000] {processor.py:208} INFO - Processing /home/airflow/.local/lib/python3.12/site-packages/airflow/example_dags/example_trigger_controller_dag.py took 0.104 seconds
[2024-12-28T00:10:43.549+0000] {processor.py:186} INFO - Started process (PID=29092) to work on /home/airflow/.local/lib/python3.12/site-packages/airflow/example_dags/example_trigger_controller_dag.py
[2024-12-28T00:10:43.550+0000] {processor.py:914} INFO - Processing file /home/airflow/.local/lib/python3.12/site-packages/airflow/example_dags/example_trigger_controller_dag.py for tasks to queue
[2024-12-28T00:10:43.552+0000] {logging_mixin.py:190} INFO - [2024-12-28T00:10:43.552+0000] {dagbag.py:588} INFO - Filling up the DagBag from /home/airflow/.local/lib/python3.12/site-packages/airflow/example_dags/example_trigger_controller_dag.py
[2024-12-28T00:10:43.559+0000] {processor.py:925} INFO - DAG(s) 'example_trigger_controller_dag' retrieved from /home/airflow/.local/lib/python3.12/site-packages/airflow/example_dags/example_trigger_controller_dag.py
[2024-12-28T00:10:43.584+0000] {logging_mixin.py:190} INFO - [2024-12-28T00:10:43.584+0000] {dag.py:3239} INFO - Sync 1 DAGs
[2024-12-28T00:10:43.613+0000] {logging_mixin.py:190} INFO - [2024-12-28T00:10:43.613+0000] {dag.py:4180} INFO - Setting next_dagrun for example_trigger_controller_dag to 2021-01-01 00:00:00+00:00, run_after=2021-01-01 00:00:00+00:00
[2024-12-28T00:10:43.645+0000] {processor.py:208} INFO - Processing /home/airflow/.local/lib/python3.12/site-packages/airflow/example_dags/example_trigger_controller_dag.py took 0.101 seconds
[2024-12-28T00:11:14.286+0000] {processor.py:186} INFO - Started process (PID=29156) to work on /home/airflow/.local/lib/python3.12/site-packages/airflow/example_dags/example_trigger_controller_dag.py
[2024-12-28T00:11:14.287+0000] {processor.py:914} INFO - Processing file /home/airflow/.local/lib/python3.12/site-packages/airflow/example_dags/example_trigger_controller_dag.py for tasks to queue
[2024-12-28T00:11:14.289+0000] {logging_mixin.py:190} INFO - [2024-12-28T00:11:14.288+0000] {dagbag.py:588} INFO - Filling up the DagBag from /home/airflow/.local/lib/python3.12/site-packages/airflow/example_dags/example_trigger_controller_dag.py
[2024-12-28T00:11:14.296+0000] {processor.py:925} INFO - DAG(s) 'example_trigger_controller_dag' retrieved from /home/airflow/.local/lib/python3.12/site-packages/airflow/example_dags/example_trigger_controller_dag.py
[2024-12-28T00:11:14.319+0000] {logging_mixin.py:190} INFO - [2024-12-28T00:11:14.319+0000] {dag.py:3239} INFO - Sync 1 DAGs
[2024-12-28T00:11:14.345+0000] {logging_mixin.py:190} INFO - [2024-12-28T00:11:14.345+0000] {dag.py:4180} INFO - Setting next_dagrun for example_trigger_controller_dag to 2021-01-01 00:00:00+00:00, run_after=2021-01-01 00:00:00+00:00
[2024-12-28T00:11:14.376+0000] {processor.py:208} INFO - Processing /home/airflow/.local/lib/python3.12/site-packages/airflow/example_dags/example_trigger_controller_dag.py took 0.095 seconds
[2024-12-28T00:11:44.542+0000] {processor.py:186} INFO - Started process (PID=29220) to work on /home/airflow/.local/lib/python3.12/site-packages/airflow/example_dags/example_trigger_controller_dag.py
[2024-12-28T00:11:44.544+0000] {processor.py:914} INFO - Processing file /home/airflow/.local/lib/python3.12/site-packages/airflow/example_dags/example_trigger_controller_dag.py for tasks to queue
[2024-12-28T00:11:44.546+0000] {logging_mixin.py:190} INFO - [2024-12-28T00:11:44.545+0000] {dagbag.py:588} INFO - Filling up the DagBag from /home/airflow/.local/lib/python3.12/site-packages/airflow/example_dags/example_trigger_controller_dag.py
[2024-12-28T00:11:44.555+0000] {processor.py:925} INFO - DAG(s) 'example_trigger_controller_dag' retrieved from /home/airflow/.local/lib/python3.12/site-packages/airflow/example_dags/example_trigger_controller_dag.py
[2024-12-28T00:11:44.579+0000] {logging_mixin.py:190} INFO - [2024-12-28T00:11:44.579+0000] {dag.py:3239} INFO - Sync 1 DAGs
[2024-12-28T00:11:44.610+0000] {logging_mixin.py:190} INFO - [2024-12-28T00:11:44.609+0000] {dag.py:4180} INFO - Setting next_dagrun for example_trigger_controller_dag to 2021-01-01 00:00:00+00:00, run_after=2021-01-01 00:00:00+00:00
[2024-12-28T00:11:44.639+0000] {processor.py:208} INFO - Processing /home/airflow/.local/lib/python3.12/site-packages/airflow/example_dags/example_trigger_controller_dag.py took 0.103 seconds
[2024-12-28T00:12:14.801+0000] {processor.py:186} INFO - Started process (PID=29284) to work on /home/airflow/.local/lib/python3.12/site-packages/airflow/example_dags/example_trigger_controller_dag.py
[2024-12-28T00:12:14.803+0000] {processor.py:914} INFO - Processing file /home/airflow/.local/lib/python3.12/site-packages/airflow/example_dags/example_trigger_controller_dag.py for tasks to queue
[2024-12-28T00:12:14.806+0000] {logging_mixin.py:190} INFO - [2024-12-28T00:12:14.805+0000] {dagbag.py:588} INFO - Filling up the DagBag from /home/airflow/.local/lib/python3.12/site-packages/airflow/example_dags/example_trigger_controller_dag.py
[2024-12-28T00:12:14.813+0000] {processor.py:925} INFO - DAG(s) 'example_trigger_controller_dag' retrieved from /home/airflow/.local/lib/python3.12/site-packages/airflow/example_dags/example_trigger_controller_dag.py
[2024-12-28T00:12:14.838+0000] {logging_mixin.py:190} INFO - [2024-12-28T00:12:14.838+0000] {dag.py:3239} INFO - Sync 1 DAGs
[2024-12-28T00:12:14.870+0000] {logging_mixin.py:190} INFO - [2024-12-28T00:12:14.870+0000] {dag.py:4180} INFO - Setting next_dagrun for example_trigger_controller_dag to 2021-01-01 00:00:00+00:00, run_after=2021-01-01 00:00:00+00:00
[2024-12-28T00:12:14.902+0000] {processor.py:208} INFO - Processing /home/airflow/.local/lib/python3.12/site-packages/airflow/example_dags/example_trigger_controller_dag.py took 0.106 seconds
[2024-12-28T00:12:45.666+0000] {processor.py:186} INFO - Started process (PID=29348) to work on /home/airflow/.local/lib/python3.12/site-packages/airflow/example_dags/example_trigger_controller_dag.py
[2024-12-28T00:12:45.668+0000] {processor.py:914} INFO - Processing file /home/airflow/.local/lib/python3.12/site-packages/airflow/example_dags/example_trigger_controller_dag.py for tasks to queue
[2024-12-28T00:12:45.670+0000] {logging_mixin.py:190} INFO - [2024-12-28T00:12:45.669+0000] {dagbag.py:588} INFO - Filling up the DagBag from /home/airflow/.local/lib/python3.12/site-packages/airflow/example_dags/example_trigger_controller_dag.py
[2024-12-28T00:12:45.677+0000] {processor.py:925} INFO - DAG(s) 'example_trigger_controller_dag' retrieved from /home/airflow/.local/lib/python3.12/site-packages/airflow/example_dags/example_trigger_controller_dag.py
[2024-12-28T00:12:45.703+0000] {logging_mixin.py:190} INFO - [2024-12-28T00:12:45.703+0000] {dag.py:3239} INFO - Sync 1 DAGs
[2024-12-28T00:12:45.730+0000] {logging_mixin.py:190} INFO - [2024-12-28T00:12:45.730+0000] {dag.py:4180} INFO - Setting next_dagrun for example_trigger_controller_dag to 2021-01-01 00:00:00+00:00, run_after=2021-01-01 00:00:00+00:00
[2024-12-28T00:12:45.765+0000] {processor.py:208} INFO - Processing /home/airflow/.local/lib/python3.12/site-packages/airflow/example_dags/example_trigger_controller_dag.py took 0.105 seconds
[2024-12-28T00:13:15.983+0000] {processor.py:186} INFO - Started process (PID=29412) to work on /home/airflow/.local/lib/python3.12/site-packages/airflow/example_dags/example_trigger_controller_dag.py
[2024-12-28T00:13:15.985+0000] {processor.py:914} INFO - Processing file /home/airflow/.local/lib/python3.12/site-packages/airflow/example_dags/example_trigger_controller_dag.py for tasks to queue
[2024-12-28T00:13:15.986+0000] {logging_mixin.py:190} INFO - [2024-12-28T00:13:15.986+0000] {dagbag.py:588} INFO - Filling up the DagBag from /home/airflow/.local/lib/python3.12/site-packages/airflow/example_dags/example_trigger_controller_dag.py
[2024-12-28T00:13:15.993+0000] {processor.py:925} INFO - DAG(s) 'example_trigger_controller_dag' retrieved from /home/airflow/.local/lib/python3.12/site-packages/airflow/example_dags/example_trigger_controller_dag.py
[2024-12-28T00:13:16.020+0000] {logging_mixin.py:190} INFO - [2024-12-28T00:13:16.020+0000] {dag.py:3239} INFO - Sync 1 DAGs
[2024-12-28T00:13:16.045+0000] {logging_mixin.py:190} INFO - [2024-12-28T00:13:16.045+0000] {dag.py:4180} INFO - Setting next_dagrun for example_trigger_controller_dag to 2021-01-01 00:00:00+00:00, run_after=2021-01-01 00:00:00+00:00
[2024-12-28T00:13:16.073+0000] {processor.py:208} INFO - Processing /home/airflow/.local/lib/python3.12/site-packages/airflow/example_dags/example_trigger_controller_dag.py took 0.095 seconds
[2024-12-28T00:13:46.567+0000] {processor.py:186} INFO - Started process (PID=29476) to work on /home/airflow/.local/lib/python3.12/site-packages/airflow/example_dags/example_trigger_controller_dag.py
[2024-12-28T00:13:46.568+0000] {processor.py:914} INFO - Processing file /home/airflow/.local/lib/python3.12/site-packages/airflow/example_dags/example_trigger_controller_dag.py for tasks to queue
[2024-12-28T00:13:46.570+0000] {logging_mixin.py:190} INFO - [2024-12-28T00:13:46.570+0000] {dagbag.py:588} INFO - Filling up the DagBag from /home/airflow/.local/lib/python3.12/site-packages/airflow/example_dags/example_trigger_controller_dag.py
[2024-12-28T00:13:46.578+0000] {processor.py:925} INFO - DAG(s) 'example_trigger_controller_dag' retrieved from /home/airflow/.local/lib/python3.12/site-packages/airflow/example_dags/example_trigger_controller_dag.py
[2024-12-28T00:13:46.602+0000] {logging_mixin.py:190} INFO - [2024-12-28T00:13:46.601+0000] {dag.py:3239} INFO - Sync 1 DAGs
[2024-12-28T00:13:46.628+0000] {logging_mixin.py:190} INFO - [2024-12-28T00:13:46.628+0000] {dag.py:4180} INFO - Setting next_dagrun for example_trigger_controller_dag to 2021-01-01 00:00:00+00:00, run_after=2021-01-01 00:00:00+00:00
[2024-12-28T00:13:46.654+0000] {processor.py:208} INFO - Processing /home/airflow/.local/lib/python3.12/site-packages/airflow/example_dags/example_trigger_controller_dag.py took 0.093 seconds
[2024-12-28T00:14:16.931+0000] {processor.py:186} INFO - Started process (PID=29539) to work on /home/airflow/.local/lib/python3.12/site-packages/airflow/example_dags/example_trigger_controller_dag.py
[2024-12-28T00:14:16.932+0000] {processor.py:914} INFO - Processing file /home/airflow/.local/lib/python3.12/site-packages/airflow/example_dags/example_trigger_controller_dag.py for tasks to queue
[2024-12-28T00:14:16.934+0000] {logging_mixin.py:190} INFO - [2024-12-28T00:14:16.934+0000] {dagbag.py:588} INFO - Filling up the DagBag from /home/airflow/.local/lib/python3.12/site-packages/airflow/example_dags/example_trigger_controller_dag.py
[2024-12-28T00:14:16.941+0000] {processor.py:925} INFO - DAG(s) 'example_trigger_controller_dag' retrieved from /home/airflow/.local/lib/python3.12/site-packages/airflow/example_dags/example_trigger_controller_dag.py
[2024-12-28T00:14:16.967+0000] {logging_mixin.py:190} INFO - [2024-12-28T00:14:16.967+0000] {dag.py:3239} INFO - Sync 1 DAGs
[2024-12-28T00:14:16.993+0000] {logging_mixin.py:190} INFO - [2024-12-28T00:14:16.993+0000] {dag.py:4180} INFO - Setting next_dagrun for example_trigger_controller_dag to 2021-01-01 00:00:00+00:00, run_after=2021-01-01 00:00:00+00:00
[2024-12-28T00:14:17.021+0000] {processor.py:208} INFO - Processing /home/airflow/.local/lib/python3.12/site-packages/airflow/example_dags/example_trigger_controller_dag.py took 0.095 seconds
[2024-12-28T00:14:47.708+0000] {processor.py:186} INFO - Started process (PID=29602) to work on /home/airflow/.local/lib/python3.12/site-packages/airflow/example_dags/example_trigger_controller_dag.py
[2024-12-28T00:14:47.710+0000] {processor.py:914} INFO - Processing file /home/airflow/.local/lib/python3.12/site-packages/airflow/example_dags/example_trigger_controller_dag.py for tasks to queue
[2024-12-28T00:14:47.712+0000] {logging_mixin.py:190} INFO - [2024-12-28T00:14:47.712+0000] {dagbag.py:588} INFO - Filling up the DagBag from /home/airflow/.local/lib/python3.12/site-packages/airflow/example_dags/example_trigger_controller_dag.py
[2024-12-28T00:14:47.719+0000] {processor.py:925} INFO - DAG(s) 'example_trigger_controller_dag' retrieved from /home/airflow/.local/lib/python3.12/site-packages/airflow/example_dags/example_trigger_controller_dag.py
[2024-12-28T00:14:47.744+0000] {logging_mixin.py:190} INFO - [2024-12-28T00:14:47.744+0000] {dag.py:3239} INFO - Sync 1 DAGs
[2024-12-28T00:14:47.770+0000] {logging_mixin.py:190} INFO - [2024-12-28T00:14:47.770+0000] {dag.py:4180} INFO - Setting next_dagrun for example_trigger_controller_dag to 2021-01-01 00:00:00+00:00, run_after=2021-01-01 00:00:00+00:00
[2024-12-28T00:14:47.798+0000] {processor.py:208} INFO - Processing /home/airflow/.local/lib/python3.12/site-packages/airflow/example_dags/example_trigger_controller_dag.py took 0.095 seconds
[2024-12-28T00:15:18.013+0000] {processor.py:186} INFO - Started process (PID=29666) to work on /home/airflow/.local/lib/python3.12/site-packages/airflow/example_dags/example_trigger_controller_dag.py
[2024-12-28T00:15:18.015+0000] {processor.py:914} INFO - Processing file /home/airflow/.local/lib/python3.12/site-packages/airflow/example_dags/example_trigger_controller_dag.py for tasks to queue
[2024-12-28T00:15:18.016+0000] {logging_mixin.py:190} INFO - [2024-12-28T00:15:18.016+0000] {dagbag.py:588} INFO - Filling up the DagBag from /home/airflow/.local/lib/python3.12/site-packages/airflow/example_dags/example_trigger_controller_dag.py
[2024-12-28T00:15:18.024+0000] {processor.py:925} INFO - DAG(s) 'example_trigger_controller_dag' retrieved from /home/airflow/.local/lib/python3.12/site-packages/airflow/example_dags/example_trigger_controller_dag.py
[2024-12-28T00:15:18.046+0000] {logging_mixin.py:190} INFO - [2024-12-28T00:15:18.046+0000] {dag.py:3239} INFO - Sync 1 DAGs
[2024-12-28T00:15:18.073+0000] {logging_mixin.py:190} INFO - [2024-12-28T00:15:18.073+0000] {dag.py:4180} INFO - Setting next_dagrun for example_trigger_controller_dag to 2021-01-01 00:00:00+00:00, run_after=2021-01-01 00:00:00+00:00
[2024-12-28T00:15:18.099+0000] {processor.py:208} INFO - Processing /home/airflow/.local/lib/python3.12/site-packages/airflow/example_dags/example_trigger_controller_dag.py took 0.091 seconds
[2024-12-28T00:15:48.309+0000] {processor.py:186} INFO - Started process (PID=29730) to work on /home/airflow/.local/lib/python3.12/site-packages/airflow/example_dags/example_trigger_controller_dag.py
[2024-12-28T00:15:48.310+0000] {processor.py:914} INFO - Processing file /home/airflow/.local/lib/python3.12/site-packages/airflow/example_dags/example_trigger_controller_dag.py for tasks to queue
[2024-12-28T00:15:48.313+0000] {logging_mixin.py:190} INFO - [2024-12-28T00:15:48.312+0000] {dagbag.py:588} INFO - Filling up the DagBag from /home/airflow/.local/lib/python3.12/site-packages/airflow/example_dags/example_trigger_controller_dag.py
[2024-12-28T00:15:48.320+0000] {processor.py:925} INFO - DAG(s) 'example_trigger_controller_dag' retrieved from /home/airflow/.local/lib/python3.12/site-packages/airflow/example_dags/example_trigger_controller_dag.py
[2024-12-28T00:15:48.344+0000] {logging_mixin.py:190} INFO - [2024-12-28T00:15:48.343+0000] {dag.py:3239} INFO - Sync 1 DAGs
[2024-12-28T00:15:48.368+0000] {logging_mixin.py:190} INFO - [2024-12-28T00:15:48.368+0000] {dag.py:4180} INFO - Setting next_dagrun for example_trigger_controller_dag to 2021-01-01 00:00:00+00:00, run_after=2021-01-01 00:00:00+00:00
[2024-12-28T00:15:48.399+0000] {processor.py:208} INFO - Processing /home/airflow/.local/lib/python3.12/site-packages/airflow/example_dags/example_trigger_controller_dag.py took 0.096 seconds
[2024-12-28T00:16:18.849+0000] {processor.py:186} INFO - Started process (PID=29794) to work on /home/airflow/.local/lib/python3.12/site-packages/airflow/example_dags/example_trigger_controller_dag.py
[2024-12-28T00:16:18.850+0000] {processor.py:914} INFO - Processing file /home/airflow/.local/lib/python3.12/site-packages/airflow/example_dags/example_trigger_controller_dag.py for tasks to queue
[2024-12-28T00:16:18.852+0000] {logging_mixin.py:190} INFO - [2024-12-28T00:16:18.852+0000] {dagbag.py:588} INFO - Filling up the DagBag from /home/airflow/.local/lib/python3.12/site-packages/airflow/example_dags/example_trigger_controller_dag.py
[2024-12-28T00:16:18.862+0000] {processor.py:925} INFO - DAG(s) 'example_trigger_controller_dag' retrieved from /home/airflow/.local/lib/python3.12/site-packages/airflow/example_dags/example_trigger_controller_dag.py
[2024-12-28T00:16:18.892+0000] {logging_mixin.py:190} INFO - [2024-12-28T00:16:18.891+0000] {dag.py:3239} INFO - Sync 1 DAGs
[2024-12-28T00:16:18.919+0000] {logging_mixin.py:190} INFO - [2024-12-28T00:16:18.919+0000] {dag.py:4180} INFO - Setting next_dagrun for example_trigger_controller_dag to 2021-01-01 00:00:00+00:00, run_after=2021-01-01 00:00:00+00:00
[2024-12-28T00:16:18.957+0000] {processor.py:208} INFO - Processing /home/airflow/.local/lib/python3.12/site-packages/airflow/example_dags/example_trigger_controller_dag.py took 0.115 seconds
[2024-12-28T00:16:49.411+0000] {processor.py:186} INFO - Started process (PID=29858) to work on /home/airflow/.local/lib/python3.12/site-packages/airflow/example_dags/example_trigger_controller_dag.py
[2024-12-28T00:16:49.413+0000] {processor.py:914} INFO - Processing file /home/airflow/.local/lib/python3.12/site-packages/airflow/example_dags/example_trigger_controller_dag.py for tasks to queue
[2024-12-28T00:16:49.415+0000] {logging_mixin.py:190} INFO - [2024-12-28T00:16:49.414+0000] {dagbag.py:588} INFO - Filling up the DagBag from /home/airflow/.local/lib/python3.12/site-packages/airflow/example_dags/example_trigger_controller_dag.py
[2024-12-28T00:16:49.423+0000] {processor.py:925} INFO - DAG(s) 'example_trigger_controller_dag' retrieved from /home/airflow/.local/lib/python3.12/site-packages/airflow/example_dags/example_trigger_controller_dag.py
[2024-12-28T00:16:49.450+0000] {logging_mixin.py:190} INFO - [2024-12-28T00:16:49.450+0000] {dag.py:3239} INFO - Sync 1 DAGs
[2024-12-28T00:16:49.480+0000] {logging_mixin.py:190} INFO - [2024-12-28T00:16:49.480+0000] {dag.py:4180} INFO - Setting next_dagrun for example_trigger_controller_dag to 2021-01-01 00:00:00+00:00, run_after=2021-01-01 00:00:00+00:00
[2024-12-28T00:16:49.509+0000] {processor.py:208} INFO - Processing /home/airflow/.local/lib/python3.12/site-packages/airflow/example_dags/example_trigger_controller_dag.py took 0.106 seconds
[2024-12-28T00:17:19.717+0000] {processor.py:186} INFO - Started process (PID=29929) to work on /home/airflow/.local/lib/python3.12/site-packages/airflow/example_dags/example_trigger_controller_dag.py
[2024-12-28T00:17:19.718+0000] {processor.py:914} INFO - Processing file /home/airflow/.local/lib/python3.12/site-packages/airflow/example_dags/example_trigger_controller_dag.py for tasks to queue
[2024-12-28T00:17:19.720+0000] {logging_mixin.py:190} INFO - [2024-12-28T00:17:19.719+0000] {dagbag.py:588} INFO - Filling up the DagBag from /home/airflow/.local/lib/python3.12/site-packages/airflow/example_dags/example_trigger_controller_dag.py
[2024-12-28T00:17:19.726+0000] {processor.py:925} INFO - DAG(s) 'example_trigger_controller_dag' retrieved from /home/airflow/.local/lib/python3.12/site-packages/airflow/example_dags/example_trigger_controller_dag.py
[2024-12-28T00:17:19.749+0000] {logging_mixin.py:190} INFO - [2024-12-28T00:17:19.749+0000] {dag.py:3239} INFO - Sync 1 DAGs
[2024-12-28T00:17:19.775+0000] {logging_mixin.py:190} INFO - [2024-12-28T00:17:19.775+0000] {dag.py:4180} INFO - Setting next_dagrun for example_trigger_controller_dag to 2021-01-01 00:00:00+00:00, run_after=2021-01-01 00:00:00+00:00
[2024-12-28T00:17:19.803+0000] {processor.py:208} INFO - Processing /home/airflow/.local/lib/python3.12/site-packages/airflow/example_dags/example_trigger_controller_dag.py took 0.092 seconds
[2024-12-28T00:17:50.396+0000] {processor.py:186} INFO - Started process (PID=29993) to work on /home/airflow/.local/lib/python3.12/site-packages/airflow/example_dags/example_trigger_controller_dag.py
[2024-12-28T00:17:50.397+0000] {processor.py:914} INFO - Processing file /home/airflow/.local/lib/python3.12/site-packages/airflow/example_dags/example_trigger_controller_dag.py for tasks to queue
[2024-12-28T00:17:50.399+0000] {logging_mixin.py:190} INFO - [2024-12-28T00:17:50.399+0000] {dagbag.py:588} INFO - Filling up the DagBag from /home/airflow/.local/lib/python3.12/site-packages/airflow/example_dags/example_trigger_controller_dag.py
[2024-12-28T00:17:50.407+0000] {processor.py:925} INFO - DAG(s) 'example_trigger_controller_dag' retrieved from /home/airflow/.local/lib/python3.12/site-packages/airflow/example_dags/example_trigger_controller_dag.py
[2024-12-28T00:17:50.431+0000] {logging_mixin.py:190} INFO - [2024-12-28T00:17:50.430+0000] {dag.py:3239} INFO - Sync 1 DAGs
[2024-12-28T00:17:50.456+0000] {logging_mixin.py:190} INFO - [2024-12-28T00:17:50.456+0000] {dag.py:4180} INFO - Setting next_dagrun for example_trigger_controller_dag to 2021-01-01 00:00:00+00:00, run_after=2021-01-01 00:00:00+00:00
[2024-12-28T00:17:50.483+0000] {processor.py:208} INFO - Processing /home/airflow/.local/lib/python3.12/site-packages/airflow/example_dags/example_trigger_controller_dag.py took 0.092 seconds
[2024-12-28T00:18:20.651+0000] {processor.py:186} INFO - Started process (PID=30057) to work on /home/airflow/.local/lib/python3.12/site-packages/airflow/example_dags/example_trigger_controller_dag.py
[2024-12-28T00:18:20.652+0000] {processor.py:914} INFO - Processing file /home/airflow/.local/lib/python3.12/site-packages/airflow/example_dags/example_trigger_controller_dag.py for tasks to queue
[2024-12-28T00:18:20.655+0000] {logging_mixin.py:190} INFO - [2024-12-28T00:18:20.654+0000] {dagbag.py:588} INFO - Filling up the DagBag from /home/airflow/.local/lib/python3.12/site-packages/airflow/example_dags/example_trigger_controller_dag.py
[2024-12-28T00:18:20.663+0000] {processor.py:925} INFO - DAG(s) 'example_trigger_controller_dag' retrieved from /home/airflow/.local/lib/python3.12/site-packages/airflow/example_dags/example_trigger_controller_dag.py
[2024-12-28T00:18:20.687+0000] {logging_mixin.py:190} INFO - [2024-12-28T00:18:20.687+0000] {dag.py:3239} INFO - Sync 1 DAGs
[2024-12-28T00:18:20.715+0000] {logging_mixin.py:190} INFO - [2024-12-28T00:18:20.714+0000] {dag.py:4180} INFO - Setting next_dagrun for example_trigger_controller_dag to 2021-01-01 00:00:00+00:00, run_after=2021-01-01 00:00:00+00:00
[2024-12-28T00:18:20.740+0000] {processor.py:208} INFO - Processing /home/airflow/.local/lib/python3.12/site-packages/airflow/example_dags/example_trigger_controller_dag.py took 0.097 seconds
[2024-12-28T00:18:50.843+0000] {processor.py:186} INFO - Started process (PID=30121) to work on /home/airflow/.local/lib/python3.12/site-packages/airflow/example_dags/example_trigger_controller_dag.py
[2024-12-28T00:18:50.845+0000] {processor.py:914} INFO - Processing file /home/airflow/.local/lib/python3.12/site-packages/airflow/example_dags/example_trigger_controller_dag.py for tasks to queue
[2024-12-28T00:18:50.847+0000] {logging_mixin.py:190} INFO - [2024-12-28T00:18:50.846+0000] {dagbag.py:588} INFO - Filling up the DagBag from /home/airflow/.local/lib/python3.12/site-packages/airflow/example_dags/example_trigger_controller_dag.py
[2024-12-28T00:18:50.853+0000] {processor.py:925} INFO - DAG(s) 'example_trigger_controller_dag' retrieved from /home/airflow/.local/lib/python3.12/site-packages/airflow/example_dags/example_trigger_controller_dag.py
[2024-12-28T00:18:50.878+0000] {logging_mixin.py:190} INFO - [2024-12-28T00:18:50.877+0000] {dag.py:3239} INFO - Sync 1 DAGs
[2024-12-28T00:18:50.904+0000] {logging_mixin.py:190} INFO - [2024-12-28T00:18:50.903+0000] {dag.py:4180} INFO - Setting next_dagrun for example_trigger_controller_dag to 2021-01-01 00:00:00+00:00, run_after=2021-01-01 00:00:00+00:00
[2024-12-28T00:18:50.931+0000] {processor.py:208} INFO - Processing /home/airflow/.local/lib/python3.12/site-packages/airflow/example_dags/example_trigger_controller_dag.py took 0.093 seconds
[2024-12-28T00:19:21.714+0000] {processor.py:186} INFO - Started process (PID=30185) to work on /home/airflow/.local/lib/python3.12/site-packages/airflow/example_dags/example_trigger_controller_dag.py
[2024-12-28T00:19:21.715+0000] {processor.py:914} INFO - Processing file /home/airflow/.local/lib/python3.12/site-packages/airflow/example_dags/example_trigger_controller_dag.py for tasks to queue
[2024-12-28T00:19:21.716+0000] {logging_mixin.py:190} INFO - [2024-12-28T00:19:21.716+0000] {dagbag.py:588} INFO - Filling up the DagBag from /home/airflow/.local/lib/python3.12/site-packages/airflow/example_dags/example_trigger_controller_dag.py
[2024-12-28T00:19:21.723+0000] {processor.py:925} INFO - DAG(s) 'example_trigger_controller_dag' retrieved from /home/airflow/.local/lib/python3.12/site-packages/airflow/example_dags/example_trigger_controller_dag.py
[2024-12-28T00:19:21.747+0000] {logging_mixin.py:190} INFO - [2024-12-28T00:19:21.746+0000] {dag.py:3239} INFO - Sync 1 DAGs
[2024-12-28T00:19:21.773+0000] {logging_mixin.py:190} INFO - [2024-12-28T00:19:21.772+0000] {dag.py:4180} INFO - Setting next_dagrun for example_trigger_controller_dag to 2021-01-01 00:00:00+00:00, run_after=2021-01-01 00:00:00+00:00
[2024-12-28T00:19:21.799+0000] {processor.py:208} INFO - Processing /home/airflow/.local/lib/python3.12/site-packages/airflow/example_dags/example_trigger_controller_dag.py took 0.090 seconds
[2024-12-28T00:19:51.985+0000] {processor.py:186} INFO - Started process (PID=30250) to work on /home/airflow/.local/lib/python3.12/site-packages/airflow/example_dags/example_trigger_controller_dag.py
[2024-12-28T00:19:51.987+0000] {processor.py:914} INFO - Processing file /home/airflow/.local/lib/python3.12/site-packages/airflow/example_dags/example_trigger_controller_dag.py for tasks to queue
[2024-12-28T00:19:51.989+0000] {logging_mixin.py:190} INFO - [2024-12-28T00:19:51.988+0000] {dagbag.py:588} INFO - Filling up the DagBag from /home/airflow/.local/lib/python3.12/site-packages/airflow/example_dags/example_trigger_controller_dag.py
[2024-12-28T00:19:51.997+0000] {processor.py:925} INFO - DAG(s) 'example_trigger_controller_dag' retrieved from /home/airflow/.local/lib/python3.12/site-packages/airflow/example_dags/example_trigger_controller_dag.py
[2024-12-28T00:19:52.022+0000] {logging_mixin.py:190} INFO - [2024-12-28T00:19:52.022+0000] {dag.py:3239} INFO - Sync 1 DAGs
[2024-12-28T00:19:52.050+0000] {logging_mixin.py:190} INFO - [2024-12-28T00:19:52.050+0000] {dag.py:4180} INFO - Setting next_dagrun for example_trigger_controller_dag to 2021-01-01 00:00:00+00:00, run_after=2021-01-01 00:00:00+00:00
[2024-12-28T00:19:52.081+0000] {processor.py:208} INFO - Processing /home/airflow/.local/lib/python3.12/site-packages/airflow/example_dags/example_trigger_controller_dag.py took 0.102 seconds
[2024-12-28T00:20:22.294+0000] {processor.py:186} INFO - Started process (PID=30314) to work on /home/airflow/.local/lib/python3.12/site-packages/airflow/example_dags/example_trigger_controller_dag.py
[2024-12-28T00:20:22.296+0000] {processor.py:914} INFO - Processing file /home/airflow/.local/lib/python3.12/site-packages/airflow/example_dags/example_trigger_controller_dag.py for tasks to queue
[2024-12-28T00:20:22.298+0000] {logging_mixin.py:190} INFO - [2024-12-28T00:20:22.298+0000] {dagbag.py:588} INFO - Filling up the DagBag from /home/airflow/.local/lib/python3.12/site-packages/airflow/example_dags/example_trigger_controller_dag.py
[2024-12-28T00:20:22.305+0000] {processor.py:925} INFO - DAG(s) 'example_trigger_controller_dag' retrieved from /home/airflow/.local/lib/python3.12/site-packages/airflow/example_dags/example_trigger_controller_dag.py
[2024-12-28T00:20:22.328+0000] {logging_mixin.py:190} INFO - [2024-12-28T00:20:22.328+0000] {dag.py:3239} INFO - Sync 1 DAGs
[2024-12-28T00:20:22.354+0000] {logging_mixin.py:190} INFO - [2024-12-28T00:20:22.353+0000] {dag.py:4180} INFO - Setting next_dagrun for example_trigger_controller_dag to 2021-01-01 00:00:00+00:00, run_after=2021-01-01 00:00:00+00:00
[2024-12-28T00:20:22.385+0000] {processor.py:208} INFO - Processing /home/airflow/.local/lib/python3.12/site-packages/airflow/example_dags/example_trigger_controller_dag.py took 0.096 seconds
[2024-12-28T00:20:52.555+0000] {processor.py:186} INFO - Started process (PID=30378) to work on /home/airflow/.local/lib/python3.12/site-packages/airflow/example_dags/example_trigger_controller_dag.py
[2024-12-28T00:20:52.557+0000] {processor.py:914} INFO - Processing file /home/airflow/.local/lib/python3.12/site-packages/airflow/example_dags/example_trigger_controller_dag.py for tasks to queue
[2024-12-28T00:20:52.559+0000] {logging_mixin.py:190} INFO - [2024-12-28T00:20:52.559+0000] {dagbag.py:588} INFO - Filling up the DagBag from /home/airflow/.local/lib/python3.12/site-packages/airflow/example_dags/example_trigger_controller_dag.py
[2024-12-28T00:20:52.568+0000] {processor.py:925} INFO - DAG(s) 'example_trigger_controller_dag' retrieved from /home/airflow/.local/lib/python3.12/site-packages/airflow/example_dags/example_trigger_controller_dag.py
[2024-12-28T00:20:52.590+0000] {logging_mixin.py:190} INFO - [2024-12-28T00:20:52.590+0000] {dag.py:3239} INFO - Sync 1 DAGs
[2024-12-28T00:20:52.616+0000] {logging_mixin.py:190} INFO - [2024-12-28T00:20:52.616+0000] {dag.py:4180} INFO - Setting next_dagrun for example_trigger_controller_dag to 2021-01-01 00:00:00+00:00, run_after=2021-01-01 00:00:00+00:00
[2024-12-28T00:20:52.648+0000] {processor.py:208} INFO - Processing /home/airflow/.local/lib/python3.12/site-packages/airflow/example_dags/example_trigger_controller_dag.py took 0.098 seconds
[2024-12-28T00:21:22.818+0000] {processor.py:186} INFO - Started process (PID=30442) to work on /home/airflow/.local/lib/python3.12/site-packages/airflow/example_dags/example_trigger_controller_dag.py
[2024-12-28T00:21:22.819+0000] {processor.py:914} INFO - Processing file /home/airflow/.local/lib/python3.12/site-packages/airflow/example_dags/example_trigger_controller_dag.py for tasks to queue
[2024-12-28T00:21:22.821+0000] {logging_mixin.py:190} INFO - [2024-12-28T00:21:22.820+0000] {dagbag.py:588} INFO - Filling up the DagBag from /home/airflow/.local/lib/python3.12/site-packages/airflow/example_dags/example_trigger_controller_dag.py
[2024-12-28T00:21:22.828+0000] {processor.py:925} INFO - DAG(s) 'example_trigger_controller_dag' retrieved from /home/airflow/.local/lib/python3.12/site-packages/airflow/example_dags/example_trigger_controller_dag.py
[2024-12-28T00:21:22.850+0000] {logging_mixin.py:190} INFO - [2024-12-28T00:21:22.850+0000] {dag.py:3239} INFO - Sync 1 DAGs
[2024-12-28T00:21:22.876+0000] {logging_mixin.py:190} INFO - [2024-12-28T00:21:22.876+0000] {dag.py:4180} INFO - Setting next_dagrun for example_trigger_controller_dag to 2021-01-01 00:00:00+00:00, run_after=2021-01-01 00:00:00+00:00
[2024-12-28T00:21:22.902+0000] {processor.py:208} INFO - Processing /home/airflow/.local/lib/python3.12/site-packages/airflow/example_dags/example_trigger_controller_dag.py took 0.089 seconds
[2024-12-28T00:21:53.130+0000] {processor.py:186} INFO - Started process (PID=30506) to work on /home/airflow/.local/lib/python3.12/site-packages/airflow/example_dags/example_trigger_controller_dag.py
[2024-12-28T00:21:53.131+0000] {processor.py:914} INFO - Processing file /home/airflow/.local/lib/python3.12/site-packages/airflow/example_dags/example_trigger_controller_dag.py for tasks to queue
[2024-12-28T00:21:53.133+0000] {logging_mixin.py:190} INFO - [2024-12-28T00:21:53.133+0000] {dagbag.py:588} INFO - Filling up the DagBag from /home/airflow/.local/lib/python3.12/site-packages/airflow/example_dags/example_trigger_controller_dag.py
[2024-12-28T00:21:53.143+0000] {processor.py:925} INFO - DAG(s) 'example_trigger_controller_dag' retrieved from /home/airflow/.local/lib/python3.12/site-packages/airflow/example_dags/example_trigger_controller_dag.py
[2024-12-28T00:21:53.171+0000] {logging_mixin.py:190} INFO - [2024-12-28T00:21:53.170+0000] {dag.py:3239} INFO - Sync 1 DAGs
[2024-12-28T00:21:53.199+0000] {logging_mixin.py:190} INFO - [2024-12-28T00:21:53.199+0000] {dag.py:4180} INFO - Setting next_dagrun for example_trigger_controller_dag to 2021-01-01 00:00:00+00:00, run_after=2021-01-01 00:00:00+00:00
[2024-12-28T00:21:53.225+0000] {processor.py:208} INFO - Processing /home/airflow/.local/lib/python3.12/site-packages/airflow/example_dags/example_trigger_controller_dag.py took 0.103 seconds
[2024-12-28T00:22:23.601+0000] {processor.py:186} INFO - Started process (PID=30570) to work on /home/airflow/.local/lib/python3.12/site-packages/airflow/example_dags/example_trigger_controller_dag.py
[2024-12-28T00:22:23.602+0000] {processor.py:914} INFO - Processing file /home/airflow/.local/lib/python3.12/site-packages/airflow/example_dags/example_trigger_controller_dag.py for tasks to queue
[2024-12-28T00:22:23.604+0000] {logging_mixin.py:190} INFO - [2024-12-28T00:22:23.604+0000] {dagbag.py:588} INFO - Filling up the DagBag from /home/airflow/.local/lib/python3.12/site-packages/airflow/example_dags/example_trigger_controller_dag.py
[2024-12-28T00:22:23.612+0000] {processor.py:925} INFO - DAG(s) 'example_trigger_controller_dag' retrieved from /home/airflow/.local/lib/python3.12/site-packages/airflow/example_dags/example_trigger_controller_dag.py
[2024-12-28T00:22:23.635+0000] {logging_mixin.py:190} INFO - [2024-12-28T00:22:23.634+0000] {dag.py:3239} INFO - Sync 1 DAGs
[2024-12-28T00:22:23.659+0000] {logging_mixin.py:190} INFO - [2024-12-28T00:22:23.659+0000] {dag.py:4180} INFO - Setting next_dagrun for example_trigger_controller_dag to 2021-01-01 00:00:00+00:00, run_after=2021-01-01 00:00:00+00:00
[2024-12-28T00:22:23.693+0000] {processor.py:208} INFO - Processing /home/airflow/.local/lib/python3.12/site-packages/airflow/example_dags/example_trigger_controller_dag.py took 0.097 seconds
