[2024-12-28T00:00:12.085+0000] {processor.py:186} INFO - Started process (PID=27783) to work on /home/airflow/.local/lib/python3.12/site-packages/airflow/example_dags/example_bash_operator.py
[2024-12-28T00:00:12.087+0000] {processor.py:914} INFO - Processing file /home/airflow/.local/lib/python3.12/site-packages/airflow/example_dags/example_bash_operator.py for tasks to queue
[2024-12-28T00:00:12.089+0000] {logging_mixin.py:190} INFO - [2024-12-28T00:00:12.089+0000] {dagbag.py:588} INFO - Filling up the DagBag from /home/airflow/.local/lib/python3.12/site-packages/airflow/example_dags/example_bash_operator.py
[2024-12-28T00:00:12.102+0000] {processor.py:925} INFO - DAG(s) 'example_bash_operator' retrieved from /home/airflow/.local/lib/python3.12/site-packages/airflow/example_dags/example_bash_operator.py
[2024-12-28T00:00:12.134+0000] {logging_mixin.py:190} INFO - [2024-12-28T00:00:12.133+0000] {dag.py:3239} INFO - Sync 1 DAGs
[2024-12-28T00:00:12.167+0000] {logging_mixin.py:190} INFO - [2024-12-28T00:00:12.166+0000] {dag.py:4180} INFO - Setting next_dagrun for example_bash_operator to 2024-12-27 00:00:00+00:00, run_after=2024-12-28 00:00:00+00:00
[2024-12-28T00:00:12.195+0000] {processor.py:208} INFO - Processing /home/airflow/.local/lib/python3.12/site-packages/airflow/example_dags/example_bash_operator.py took 0.115 seconds
[2024-12-28T00:00:43.105+0000] {processor.py:186} INFO - Started process (PID=27848) to work on /home/airflow/.local/lib/python3.12/site-packages/airflow/example_dags/example_bash_operator.py
[2024-12-28T00:00:43.107+0000] {processor.py:914} INFO - Processing file /home/airflow/.local/lib/python3.12/site-packages/airflow/example_dags/example_bash_operator.py for tasks to queue
[2024-12-28T00:00:43.109+0000] {logging_mixin.py:190} INFO - [2024-12-28T00:00:43.109+0000] {dagbag.py:588} INFO - Filling up the DagBag from /home/airflow/.local/lib/python3.12/site-packages/airflow/example_dags/example_bash_operator.py
[2024-12-28T00:00:43.127+0000] {processor.py:925} INFO - DAG(s) 'example_bash_operator' retrieved from /home/airflow/.local/lib/python3.12/site-packages/airflow/example_dags/example_bash_operator.py
[2024-12-28T00:00:43.165+0000] {logging_mixin.py:190} INFO - [2024-12-28T00:00:43.164+0000] {dag.py:3239} INFO - Sync 1 DAGs
[2024-12-28T00:00:43.196+0000] {logging_mixin.py:190} INFO - [2024-12-28T00:00:43.195+0000] {dag.py:4180} INFO - Setting next_dagrun for example_bash_operator to 2024-12-27 00:00:00+00:00, run_after=2024-12-28 00:00:00+00:00
[2024-12-28T00:00:43.222+0000] {processor.py:208} INFO - Processing /home/airflow/.local/lib/python3.12/site-packages/airflow/example_dags/example_bash_operator.py took 0.123 seconds
[2024-12-28T00:01:14.167+0000] {processor.py:186} INFO - Started process (PID=27911) to work on /home/airflow/.local/lib/python3.12/site-packages/airflow/example_dags/example_bash_operator.py
[2024-12-28T00:01:14.168+0000] {processor.py:914} INFO - Processing file /home/airflow/.local/lib/python3.12/site-packages/airflow/example_dags/example_bash_operator.py for tasks to queue
[2024-12-28T00:01:14.170+0000] {logging_mixin.py:190} INFO - [2024-12-28T00:01:14.170+0000] {dagbag.py:588} INFO - Filling up the DagBag from /home/airflow/.local/lib/python3.12/site-packages/airflow/example_dags/example_bash_operator.py
[2024-12-28T00:01:14.184+0000] {processor.py:925} INFO - DAG(s) 'example_bash_operator' retrieved from /home/airflow/.local/lib/python3.12/site-packages/airflow/example_dags/example_bash_operator.py
[2024-12-28T00:01:14.217+0000] {logging_mixin.py:190} INFO - [2024-12-28T00:01:14.216+0000] {dag.py:3239} INFO - Sync 1 DAGs
[2024-12-28T00:01:14.247+0000] {logging_mixin.py:190} INFO - [2024-12-28T00:01:14.247+0000] {dag.py:4180} INFO - Setting next_dagrun for example_bash_operator to 2024-12-27 00:00:00+00:00, run_after=2024-12-28 00:00:00+00:00
[2024-12-28T00:01:14.276+0000] {processor.py:208} INFO - Processing /home/airflow/.local/lib/python3.12/site-packages/airflow/example_dags/example_bash_operator.py took 0.115 seconds
[2024-12-28T00:01:45.266+0000] {processor.py:186} INFO - Started process (PID=27975) to work on /home/airflow/.local/lib/python3.12/site-packages/airflow/example_dags/example_bash_operator.py
[2024-12-28T00:01:45.267+0000] {processor.py:914} INFO - Processing file /home/airflow/.local/lib/python3.12/site-packages/airflow/example_dags/example_bash_operator.py for tasks to queue
[2024-12-28T00:01:45.269+0000] {logging_mixin.py:190} INFO - [2024-12-28T00:01:45.269+0000] {dagbag.py:588} INFO - Filling up the DagBag from /home/airflow/.local/lib/python3.12/site-packages/airflow/example_dags/example_bash_operator.py
[2024-12-28T00:01:45.283+0000] {processor.py:925} INFO - DAG(s) 'example_bash_operator' retrieved from /home/airflow/.local/lib/python3.12/site-packages/airflow/example_dags/example_bash_operator.py
[2024-12-28T00:01:45.321+0000] {logging_mixin.py:190} INFO - [2024-12-28T00:01:45.321+0000] {dag.py:3239} INFO - Sync 1 DAGs
[2024-12-28T00:01:45.349+0000] {logging_mixin.py:190} INFO - [2024-12-28T00:01:45.348+0000] {dag.py:4180} INFO - Setting next_dagrun for example_bash_operator to 2024-12-27 00:00:00+00:00, run_after=2024-12-28 00:00:00+00:00
[2024-12-28T00:01:45.376+0000] {processor.py:208} INFO - Processing /home/airflow/.local/lib/python3.12/site-packages/airflow/example_dags/example_bash_operator.py took 0.117 seconds
[2024-12-28T00:02:15.782+0000] {processor.py:186} INFO - Started process (PID=28038) to work on /home/airflow/.local/lib/python3.12/site-packages/airflow/example_dags/example_bash_operator.py
[2024-12-28T00:02:15.784+0000] {processor.py:914} INFO - Processing file /home/airflow/.local/lib/python3.12/site-packages/airflow/example_dags/example_bash_operator.py for tasks to queue
[2024-12-28T00:02:15.786+0000] {logging_mixin.py:190} INFO - [2024-12-28T00:02:15.786+0000] {dagbag.py:588} INFO - Filling up the DagBag from /home/airflow/.local/lib/python3.12/site-packages/airflow/example_dags/example_bash_operator.py
[2024-12-28T00:02:15.803+0000] {processor.py:925} INFO - DAG(s) 'example_bash_operator' retrieved from /home/airflow/.local/lib/python3.12/site-packages/airflow/example_dags/example_bash_operator.py
[2024-12-28T00:02:15.839+0000] {logging_mixin.py:190} INFO - [2024-12-28T00:02:15.839+0000] {dag.py:3239} INFO - Sync 1 DAGs
[2024-12-28T00:02:15.868+0000] {logging_mixin.py:190} INFO - [2024-12-28T00:02:15.868+0000] {dag.py:4180} INFO - Setting next_dagrun for example_bash_operator to 2024-12-27 00:00:00+00:00, run_after=2024-12-28 00:00:00+00:00
[2024-12-28T00:02:15.898+0000] {processor.py:208} INFO - Processing /home/airflow/.local/lib/python3.12/site-packages/airflow/example_dags/example_bash_operator.py took 0.122 seconds
[2024-12-28T00:02:46.199+0000] {processor.py:186} INFO - Started process (PID=28102) to work on /home/airflow/.local/lib/python3.12/site-packages/airflow/example_dags/example_bash_operator.py
[2024-12-28T00:02:46.200+0000] {processor.py:914} INFO - Processing file /home/airflow/.local/lib/python3.12/site-packages/airflow/example_dags/example_bash_operator.py for tasks to queue
[2024-12-28T00:02:46.202+0000] {logging_mixin.py:190} INFO - [2024-12-28T00:02:46.202+0000] {dagbag.py:588} INFO - Filling up the DagBag from /home/airflow/.local/lib/python3.12/site-packages/airflow/example_dags/example_bash_operator.py
[2024-12-28T00:02:46.216+0000] {processor.py:925} INFO - DAG(s) 'example_bash_operator' retrieved from /home/airflow/.local/lib/python3.12/site-packages/airflow/example_dags/example_bash_operator.py
[2024-12-28T00:02:46.248+0000] {logging_mixin.py:190} INFO - [2024-12-28T00:02:46.248+0000] {dag.py:3239} INFO - Sync 1 DAGs
[2024-12-28T00:02:46.277+0000] {logging_mixin.py:190} INFO - [2024-12-28T00:02:46.276+0000] {dag.py:4180} INFO - Setting next_dagrun for example_bash_operator to 2024-12-27 00:00:00+00:00, run_after=2024-12-28 00:00:00+00:00
[2024-12-28T00:02:46.327+0000] {processor.py:208} INFO - Processing /home/airflow/.local/lib/python3.12/site-packages/airflow/example_dags/example_bash_operator.py took 0.134 seconds
[2024-12-28T00:03:16.491+0000] {processor.py:186} INFO - Started process (PID=28166) to work on /home/airflow/.local/lib/python3.12/site-packages/airflow/example_dags/example_bash_operator.py
[2024-12-28T00:03:16.492+0000] {processor.py:914} INFO - Processing file /home/airflow/.local/lib/python3.12/site-packages/airflow/example_dags/example_bash_operator.py for tasks to queue
[2024-12-28T00:03:16.494+0000] {logging_mixin.py:190} INFO - [2024-12-28T00:03:16.494+0000] {dagbag.py:588} INFO - Filling up the DagBag from /home/airflow/.local/lib/python3.12/site-packages/airflow/example_dags/example_bash_operator.py
[2024-12-28T00:03:16.508+0000] {processor.py:925} INFO - DAG(s) 'example_bash_operator' retrieved from /home/airflow/.local/lib/python3.12/site-packages/airflow/example_dags/example_bash_operator.py
[2024-12-28T00:03:16.541+0000] {logging_mixin.py:190} INFO - [2024-12-28T00:03:16.540+0000] {dag.py:3239} INFO - Sync 1 DAGs
[2024-12-28T00:03:16.570+0000] {logging_mixin.py:190} INFO - [2024-12-28T00:03:16.570+0000] {dag.py:4180} INFO - Setting next_dagrun for example_bash_operator to 2024-12-27 00:00:00+00:00, run_after=2024-12-28 00:00:00+00:00
[2024-12-28T00:03:16.601+0000] {processor.py:208} INFO - Processing /home/airflow/.local/lib/python3.12/site-packages/airflow/example_dags/example_bash_operator.py took 0.115 seconds
[2024-12-28T00:03:46.839+0000] {processor.py:186} INFO - Started process (PID=28230) to work on /home/airflow/.local/lib/python3.12/site-packages/airflow/example_dags/example_bash_operator.py
[2024-12-28T00:03:46.840+0000] {processor.py:914} INFO - Processing file /home/airflow/.local/lib/python3.12/site-packages/airflow/example_dags/example_bash_operator.py for tasks to queue
[2024-12-28T00:03:46.842+0000] {logging_mixin.py:190} INFO - [2024-12-28T00:03:46.842+0000] {dagbag.py:588} INFO - Filling up the DagBag from /home/airflow/.local/lib/python3.12/site-packages/airflow/example_dags/example_bash_operator.py
[2024-12-28T00:03:46.855+0000] {processor.py:925} INFO - DAG(s) 'example_bash_operator' retrieved from /home/airflow/.local/lib/python3.12/site-packages/airflow/example_dags/example_bash_operator.py
[2024-12-28T00:03:46.886+0000] {logging_mixin.py:190} INFO - [2024-12-28T00:03:46.886+0000] {dag.py:3239} INFO - Sync 1 DAGs
[2024-12-28T00:03:46.913+0000] {logging_mixin.py:190} INFO - [2024-12-28T00:03:46.913+0000] {dag.py:4180} INFO - Setting next_dagrun for example_bash_operator to 2024-12-27 00:00:00+00:00, run_after=2024-12-28 00:00:00+00:00
[2024-12-28T00:03:46.939+0000] {processor.py:208} INFO - Processing /home/airflow/.local/lib/python3.12/site-packages/airflow/example_dags/example_bash_operator.py took 0.106 seconds
[2024-12-28T00:04:17.352+0000] {processor.py:186} INFO - Started process (PID=28294) to work on /home/airflow/.local/lib/python3.12/site-packages/airflow/example_dags/example_bash_operator.py
[2024-12-28T00:04:17.354+0000] {processor.py:914} INFO - Processing file /home/airflow/.local/lib/python3.12/site-packages/airflow/example_dags/example_bash_operator.py for tasks to queue
[2024-12-28T00:04:17.356+0000] {logging_mixin.py:190} INFO - [2024-12-28T00:04:17.355+0000] {dagbag.py:588} INFO - Filling up the DagBag from /home/airflow/.local/lib/python3.12/site-packages/airflow/example_dags/example_bash_operator.py
[2024-12-28T00:04:17.371+0000] {processor.py:925} INFO - DAG(s) 'example_bash_operator' retrieved from /home/airflow/.local/lib/python3.12/site-packages/airflow/example_dags/example_bash_operator.py
[2024-12-28T00:04:17.408+0000] {logging_mixin.py:190} INFO - [2024-12-28T00:04:17.408+0000] {dag.py:3239} INFO - Sync 1 DAGs
[2024-12-28T00:04:17.442+0000] {logging_mixin.py:190} INFO - [2024-12-28T00:04:17.442+0000] {dag.py:4180} INFO - Setting next_dagrun for example_bash_operator to 2024-12-27 00:00:00+00:00, run_after=2024-12-28 00:00:00+00:00
[2024-12-28T00:04:17.474+0000] {processor.py:208} INFO - Processing /home/airflow/.local/lib/python3.12/site-packages/airflow/example_dags/example_bash_operator.py took 0.129 seconds
[2024-12-28T00:04:47.634+0000] {processor.py:186} INFO - Started process (PID=28359) to work on /home/airflow/.local/lib/python3.12/site-packages/airflow/example_dags/example_bash_operator.py
[2024-12-28T00:04:47.636+0000] {processor.py:914} INFO - Processing file /home/airflow/.local/lib/python3.12/site-packages/airflow/example_dags/example_bash_operator.py for tasks to queue
[2024-12-28T00:04:47.639+0000] {logging_mixin.py:190} INFO - [2024-12-28T00:04:47.638+0000] {dagbag.py:588} INFO - Filling up the DagBag from /home/airflow/.local/lib/python3.12/site-packages/airflow/example_dags/example_bash_operator.py
[2024-12-28T00:04:47.652+0000] {processor.py:925} INFO - DAG(s) 'example_bash_operator' retrieved from /home/airflow/.local/lib/python3.12/site-packages/airflow/example_dags/example_bash_operator.py
[2024-12-28T00:04:47.686+0000] {logging_mixin.py:190} INFO - [2024-12-28T00:04:47.685+0000] {dag.py:3239} INFO - Sync 1 DAGs
[2024-12-28T00:04:47.713+0000] {logging_mixin.py:190} INFO - [2024-12-28T00:04:47.713+0000] {dag.py:4180} INFO - Setting next_dagrun for example_bash_operator to 2024-12-27 00:00:00+00:00, run_after=2024-12-28 00:00:00+00:00
[2024-12-28T00:04:47.741+0000] {processor.py:208} INFO - Processing /home/airflow/.local/lib/python3.12/site-packages/airflow/example_dags/example_bash_operator.py took 0.112 seconds
[2024-12-28T00:05:17.908+0000] {processor.py:186} INFO - Started process (PID=28423) to work on /home/airflow/.local/lib/python3.12/site-packages/airflow/example_dags/example_bash_operator.py
[2024-12-28T00:05:17.909+0000] {processor.py:914} INFO - Processing file /home/airflow/.local/lib/python3.12/site-packages/airflow/example_dags/example_bash_operator.py for tasks to queue
[2024-12-28T00:05:17.911+0000] {logging_mixin.py:190} INFO - [2024-12-28T00:05:17.911+0000] {dagbag.py:588} INFO - Filling up the DagBag from /home/airflow/.local/lib/python3.12/site-packages/airflow/example_dags/example_bash_operator.py
[2024-12-28T00:05:17.923+0000] {processor.py:925} INFO - DAG(s) 'example_bash_operator' retrieved from /home/airflow/.local/lib/python3.12/site-packages/airflow/example_dags/example_bash_operator.py
[2024-12-28T00:05:17.956+0000] {logging_mixin.py:190} INFO - [2024-12-28T00:05:17.956+0000] {dag.py:3239} INFO - Sync 1 DAGs
[2024-12-28T00:05:17.985+0000] {logging_mixin.py:190} INFO - [2024-12-28T00:05:17.985+0000] {dag.py:4180} INFO - Setting next_dagrun for example_bash_operator to 2024-12-27 00:00:00+00:00, run_after=2024-12-28 00:00:00+00:00
[2024-12-28T00:05:18.014+0000] {processor.py:208} INFO - Processing /home/airflow/.local/lib/python3.12/site-packages/airflow/example_dags/example_bash_operator.py took 0.112 seconds
[2024-12-28T00:05:48.137+0000] {processor.py:186} INFO - Started process (PID=28487) to work on /home/airflow/.local/lib/python3.12/site-packages/airflow/example_dags/example_bash_operator.py
[2024-12-28T00:05:48.139+0000] {processor.py:914} INFO - Processing file /home/airflow/.local/lib/python3.12/site-packages/airflow/example_dags/example_bash_operator.py for tasks to queue
[2024-12-28T00:05:48.141+0000] {logging_mixin.py:190} INFO - [2024-12-28T00:05:48.141+0000] {dagbag.py:588} INFO - Filling up the DagBag from /home/airflow/.local/lib/python3.12/site-packages/airflow/example_dags/example_bash_operator.py
[2024-12-28T00:05:48.155+0000] {processor.py:925} INFO - DAG(s) 'example_bash_operator' retrieved from /home/airflow/.local/lib/python3.12/site-packages/airflow/example_dags/example_bash_operator.py
[2024-12-28T00:05:48.199+0000] {logging_mixin.py:190} INFO - [2024-12-28T00:05:48.199+0000] {dag.py:3239} INFO - Sync 1 DAGs
[2024-12-28T00:05:48.236+0000] {logging_mixin.py:190} INFO - [2024-12-28T00:05:48.235+0000] {dag.py:4180} INFO - Setting next_dagrun for example_bash_operator to 2024-12-27 00:00:00+00:00, run_after=2024-12-28 00:00:00+00:00
[2024-12-28T00:05:48.266+0000] {processor.py:208} INFO - Processing /home/airflow/.local/lib/python3.12/site-packages/airflow/example_dags/example_bash_operator.py took 0.135 seconds
[2024-12-28T00:06:18.892+0000] {processor.py:186} INFO - Started process (PID=28557) to work on /home/airflow/.local/lib/python3.12/site-packages/airflow/example_dags/example_bash_operator.py
[2024-12-28T00:06:18.893+0000] {processor.py:914} INFO - Processing file /home/airflow/.local/lib/python3.12/site-packages/airflow/example_dags/example_bash_operator.py for tasks to queue
[2024-12-28T00:06:18.895+0000] {logging_mixin.py:190} INFO - [2024-12-28T00:06:18.895+0000] {dagbag.py:588} INFO - Filling up the DagBag from /home/airflow/.local/lib/python3.12/site-packages/airflow/example_dags/example_bash_operator.py
[2024-12-28T00:06:18.913+0000] {processor.py:925} INFO - DAG(s) 'example_bash_operator' retrieved from /home/airflow/.local/lib/python3.12/site-packages/airflow/example_dags/example_bash_operator.py
[2024-12-28T00:06:18.953+0000] {logging_mixin.py:190} INFO - [2024-12-28T00:06:18.953+0000] {dag.py:3239} INFO - Sync 1 DAGs
[2024-12-28T00:06:18.987+0000] {logging_mixin.py:190} INFO - [2024-12-28T00:06:18.987+0000] {dag.py:4180} INFO - Setting next_dagrun for example_bash_operator to 2024-12-27 00:00:00+00:00, run_after=2024-12-28 00:00:00+00:00
[2024-12-28T00:06:19.019+0000] {processor.py:208} INFO - Processing /home/airflow/.local/lib/python3.12/site-packages/airflow/example_dags/example_bash_operator.py took 0.135 seconds
[2024-12-28T00:06:49.864+0000] {processor.py:186} INFO - Started process (PID=28622) to work on /home/airflow/.local/lib/python3.12/site-packages/airflow/example_dags/example_bash_operator.py
[2024-12-28T00:06:49.866+0000] {processor.py:914} INFO - Processing file /home/airflow/.local/lib/python3.12/site-packages/airflow/example_dags/example_bash_operator.py for tasks to queue
[2024-12-28T00:06:49.870+0000] {logging_mixin.py:190} INFO - [2024-12-28T00:06:49.869+0000] {dagbag.py:588} INFO - Filling up the DagBag from /home/airflow/.local/lib/python3.12/site-packages/airflow/example_dags/example_bash_operator.py
[2024-12-28T00:06:49.884+0000] {processor.py:925} INFO - DAG(s) 'example_bash_operator' retrieved from /home/airflow/.local/lib/python3.12/site-packages/airflow/example_dags/example_bash_operator.py
[2024-12-28T00:06:49.929+0000] {logging_mixin.py:190} INFO - [2024-12-28T00:06:49.929+0000] {dag.py:3239} INFO - Sync 1 DAGs
[2024-12-28T00:06:49.966+0000] {logging_mixin.py:190} INFO - [2024-12-28T00:06:49.965+0000] {dag.py:4180} INFO - Setting next_dagrun for example_bash_operator to 2024-12-27 00:00:00+00:00, run_after=2024-12-28 00:00:00+00:00
[2024-12-28T00:06:49.998+0000] {processor.py:208} INFO - Processing /home/airflow/.local/lib/python3.12/site-packages/airflow/example_dags/example_bash_operator.py took 0.140 seconds
[2024-12-28T00:07:20.143+0000] {processor.py:186} INFO - Started process (PID=28686) to work on /home/airflow/.local/lib/python3.12/site-packages/airflow/example_dags/example_bash_operator.py
[2024-12-28T00:07:20.144+0000] {processor.py:914} INFO - Processing file /home/airflow/.local/lib/python3.12/site-packages/airflow/example_dags/example_bash_operator.py for tasks to queue
[2024-12-28T00:07:20.147+0000] {logging_mixin.py:190} INFO - [2024-12-28T00:07:20.146+0000] {dagbag.py:588} INFO - Filling up the DagBag from /home/airflow/.local/lib/python3.12/site-packages/airflow/example_dags/example_bash_operator.py
[2024-12-28T00:07:20.162+0000] {processor.py:925} INFO - DAG(s) 'example_bash_operator' retrieved from /home/airflow/.local/lib/python3.12/site-packages/airflow/example_dags/example_bash_operator.py
[2024-12-28T00:07:20.203+0000] {logging_mixin.py:190} INFO - [2024-12-28T00:07:20.203+0000] {dag.py:3239} INFO - Sync 1 DAGs
[2024-12-28T00:07:20.236+0000] {logging_mixin.py:190} INFO - [2024-12-28T00:07:20.236+0000] {dag.py:4180} INFO - Setting next_dagrun for example_bash_operator to 2024-12-27 00:00:00+00:00, run_after=2024-12-28 00:00:00+00:00
[2024-12-28T00:07:20.268+0000] {processor.py:208} INFO - Processing /home/airflow/.local/lib/python3.12/site-packages/airflow/example_dags/example_bash_operator.py took 0.132 seconds
[2024-12-28T00:07:50.472+0000] {processor.py:186} INFO - Started process (PID=28750) to work on /home/airflow/.local/lib/python3.12/site-packages/airflow/example_dags/example_bash_operator.py
[2024-12-28T00:07:50.474+0000] {processor.py:914} INFO - Processing file /home/airflow/.local/lib/python3.12/site-packages/airflow/example_dags/example_bash_operator.py for tasks to queue
[2024-12-28T00:07:50.477+0000] {logging_mixin.py:190} INFO - [2024-12-28T00:07:50.476+0000] {dagbag.py:588} INFO - Filling up the DagBag from /home/airflow/.local/lib/python3.12/site-packages/airflow/example_dags/example_bash_operator.py
[2024-12-28T00:07:50.496+0000] {processor.py:925} INFO - DAG(s) 'example_bash_operator' retrieved from /home/airflow/.local/lib/python3.12/site-packages/airflow/example_dags/example_bash_operator.py
[2024-12-28T00:07:50.536+0000] {logging_mixin.py:190} INFO - [2024-12-28T00:07:50.536+0000] {dag.py:3239} INFO - Sync 1 DAGs
[2024-12-28T00:07:50.571+0000] {logging_mixin.py:190} INFO - [2024-12-28T00:07:50.570+0000] {dag.py:4180} INFO - Setting next_dagrun for example_bash_operator to 2024-12-27 00:00:00+00:00, run_after=2024-12-28 00:00:00+00:00
[2024-12-28T00:07:50.606+0000] {processor.py:208} INFO - Processing /home/airflow/.local/lib/python3.12/site-packages/airflow/example_dags/example_bash_operator.py took 0.140 seconds
[2024-12-28T00:08:21.519+0000] {processor.py:186} INFO - Started process (PID=28814) to work on /home/airflow/.local/lib/python3.12/site-packages/airflow/example_dags/example_bash_operator.py
[2024-12-28T00:08:21.520+0000] {processor.py:914} INFO - Processing file /home/airflow/.local/lib/python3.12/site-packages/airflow/example_dags/example_bash_operator.py for tasks to queue
[2024-12-28T00:08:21.523+0000] {logging_mixin.py:190} INFO - [2024-12-28T00:08:21.522+0000] {dagbag.py:588} INFO - Filling up the DagBag from /home/airflow/.local/lib/python3.12/site-packages/airflow/example_dags/example_bash_operator.py
[2024-12-28T00:08:21.537+0000] {processor.py:925} INFO - DAG(s) 'example_bash_operator' retrieved from /home/airflow/.local/lib/python3.12/site-packages/airflow/example_dags/example_bash_operator.py
[2024-12-28T00:08:21.573+0000] {logging_mixin.py:190} INFO - [2024-12-28T00:08:21.573+0000] {dag.py:3239} INFO - Sync 1 DAGs
[2024-12-28T00:08:21.601+0000] {logging_mixin.py:190} INFO - [2024-12-28T00:08:21.601+0000] {dag.py:4180} INFO - Setting next_dagrun for example_bash_operator to 2024-12-27 00:00:00+00:00, run_after=2024-12-28 00:00:00+00:00
[2024-12-28T00:08:21.630+0000] {processor.py:208} INFO - Processing /home/airflow/.local/lib/python3.12/site-packages/airflow/example_dags/example_bash_operator.py took 0.116 seconds
[2024-12-28T00:08:51.792+0000] {processor.py:186} INFO - Started process (PID=28878) to work on /home/airflow/.local/lib/python3.12/site-packages/airflow/example_dags/example_bash_operator.py
[2024-12-28T00:08:51.794+0000] {processor.py:914} INFO - Processing file /home/airflow/.local/lib/python3.12/site-packages/airflow/example_dags/example_bash_operator.py for tasks to queue
[2024-12-28T00:08:51.796+0000] {logging_mixin.py:190} INFO - [2024-12-28T00:08:51.795+0000] {dagbag.py:588} INFO - Filling up the DagBag from /home/airflow/.local/lib/python3.12/site-packages/airflow/example_dags/example_bash_operator.py
[2024-12-28T00:08:51.813+0000] {processor.py:925} INFO - DAG(s) 'example_bash_operator' retrieved from /home/airflow/.local/lib/python3.12/site-packages/airflow/example_dags/example_bash_operator.py
[2024-12-28T00:08:51.847+0000] {logging_mixin.py:190} INFO - [2024-12-28T00:08:51.846+0000] {dag.py:3239} INFO - Sync 1 DAGs
[2024-12-28T00:08:51.879+0000] {logging_mixin.py:190} INFO - [2024-12-28T00:08:51.878+0000] {dag.py:4180} INFO - Setting next_dagrun for example_bash_operator to 2024-12-27 00:00:00+00:00, run_after=2024-12-28 00:00:00+00:00
[2024-12-28T00:08:51.908+0000] {processor.py:208} INFO - Processing /home/airflow/.local/lib/python3.12/site-packages/airflow/example_dags/example_bash_operator.py took 0.122 seconds
[2024-12-28T00:09:22.614+0000] {processor.py:186} INFO - Started process (PID=28942) to work on /home/airflow/.local/lib/python3.12/site-packages/airflow/example_dags/example_bash_operator.py
[2024-12-28T00:09:22.616+0000] {processor.py:914} INFO - Processing file /home/airflow/.local/lib/python3.12/site-packages/airflow/example_dags/example_bash_operator.py for tasks to queue
[2024-12-28T00:09:22.618+0000] {logging_mixin.py:190} INFO - [2024-12-28T00:09:22.618+0000] {dagbag.py:588} INFO - Filling up the DagBag from /home/airflow/.local/lib/python3.12/site-packages/airflow/example_dags/example_bash_operator.py
[2024-12-28T00:09:22.633+0000] {processor.py:925} INFO - DAG(s) 'example_bash_operator' retrieved from /home/airflow/.local/lib/python3.12/site-packages/airflow/example_dags/example_bash_operator.py
[2024-12-28T00:09:22.669+0000] {logging_mixin.py:190} INFO - [2024-12-28T00:09:22.669+0000] {dag.py:3239} INFO - Sync 1 DAGs
[2024-12-28T00:09:22.698+0000] {logging_mixin.py:190} INFO - [2024-12-28T00:09:22.697+0000] {dag.py:4180} INFO - Setting next_dagrun for example_bash_operator to 2024-12-27 00:00:00+00:00, run_after=2024-12-28 00:00:00+00:00
[2024-12-28T00:09:22.725+0000] {processor.py:208} INFO - Processing /home/airflow/.local/lib/python3.12/site-packages/airflow/example_dags/example_bash_operator.py took 0.117 seconds
[2024-12-28T00:09:53.364+0000] {processor.py:186} INFO - Started process (PID=29006) to work on /home/airflow/.local/lib/python3.12/site-packages/airflow/example_dags/example_bash_operator.py
[2024-12-28T00:09:53.365+0000] {processor.py:914} INFO - Processing file /home/airflow/.local/lib/python3.12/site-packages/airflow/example_dags/example_bash_operator.py for tasks to queue
[2024-12-28T00:09:53.367+0000] {logging_mixin.py:190} INFO - [2024-12-28T00:09:53.367+0000] {dagbag.py:588} INFO - Filling up the DagBag from /home/airflow/.local/lib/python3.12/site-packages/airflow/example_dags/example_bash_operator.py
[2024-12-28T00:09:53.381+0000] {processor.py:925} INFO - DAG(s) 'example_bash_operator' retrieved from /home/airflow/.local/lib/python3.12/site-packages/airflow/example_dags/example_bash_operator.py
[2024-12-28T00:09:53.416+0000] {logging_mixin.py:190} INFO - [2024-12-28T00:09:53.415+0000] {dag.py:3239} INFO - Sync 1 DAGs
[2024-12-28T00:09:53.445+0000] {logging_mixin.py:190} INFO - [2024-12-28T00:09:53.444+0000] {dag.py:4180} INFO - Setting next_dagrun for example_bash_operator to 2024-12-27 00:00:00+00:00, run_after=2024-12-28 00:00:00+00:00
[2024-12-28T00:09:53.474+0000] {processor.py:208} INFO - Processing /home/airflow/.local/lib/python3.12/site-packages/airflow/example_dags/example_bash_operator.py took 0.115 seconds
[2024-12-28T00:10:23.557+0000] {processor.py:186} INFO - Started process (PID=29070) to work on /home/airflow/.local/lib/python3.12/site-packages/airflow/example_dags/example_bash_operator.py
[2024-12-28T00:10:23.559+0000] {processor.py:914} INFO - Processing file /home/airflow/.local/lib/python3.12/site-packages/airflow/example_dags/example_bash_operator.py for tasks to queue
[2024-12-28T00:10:23.561+0000] {logging_mixin.py:190} INFO - [2024-12-28T00:10:23.560+0000] {dagbag.py:588} INFO - Filling up the DagBag from /home/airflow/.local/lib/python3.12/site-packages/airflow/example_dags/example_bash_operator.py
[2024-12-28T00:10:23.578+0000] {processor.py:925} INFO - DAG(s) 'example_bash_operator' retrieved from /home/airflow/.local/lib/python3.12/site-packages/airflow/example_dags/example_bash_operator.py
[2024-12-28T00:10:23.614+0000] {logging_mixin.py:190} INFO - [2024-12-28T00:10:23.614+0000] {dag.py:3239} INFO - Sync 1 DAGs
[2024-12-28T00:10:23.653+0000] {logging_mixin.py:190} INFO - [2024-12-28T00:10:23.653+0000] {dag.py:4180} INFO - Setting next_dagrun for example_bash_operator to 2024-12-27 00:00:00+00:00, run_after=2024-12-28 00:00:00+00:00
[2024-12-28T00:10:23.682+0000] {processor.py:208} INFO - Processing /home/airflow/.local/lib/python3.12/site-packages/airflow/example_dags/example_bash_operator.py took 0.131 seconds
[2024-12-28T00:10:54.135+0000] {processor.py:186} INFO - Started process (PID=29134) to work on /home/airflow/.local/lib/python3.12/site-packages/airflow/example_dags/example_bash_operator.py
[2024-12-28T00:10:54.137+0000] {processor.py:914} INFO - Processing file /home/airflow/.local/lib/python3.12/site-packages/airflow/example_dags/example_bash_operator.py for tasks to queue
[2024-12-28T00:10:54.139+0000] {logging_mixin.py:190} INFO - [2024-12-28T00:10:54.138+0000] {dagbag.py:588} INFO - Filling up the DagBag from /home/airflow/.local/lib/python3.12/site-packages/airflow/example_dags/example_bash_operator.py
[2024-12-28T00:10:54.154+0000] {processor.py:925} INFO - DAG(s) 'example_bash_operator' retrieved from /home/airflow/.local/lib/python3.12/site-packages/airflow/example_dags/example_bash_operator.py
[2024-12-28T00:10:54.191+0000] {logging_mixin.py:190} INFO - [2024-12-28T00:10:54.190+0000] {dag.py:3239} INFO - Sync 1 DAGs
[2024-12-28T00:10:54.219+0000] {logging_mixin.py:190} INFO - [2024-12-28T00:10:54.218+0000] {dag.py:4180} INFO - Setting next_dagrun for example_bash_operator to 2024-12-27 00:00:00+00:00, run_after=2024-12-28 00:00:00+00:00
[2024-12-28T00:10:54.247+0000] {processor.py:208} INFO - Processing /home/airflow/.local/lib/python3.12/site-packages/airflow/example_dags/example_bash_operator.py took 0.117 seconds
[2024-12-28T00:11:24.504+0000] {processor.py:186} INFO - Started process (PID=29198) to work on /home/airflow/.local/lib/python3.12/site-packages/airflow/example_dags/example_bash_operator.py
[2024-12-28T00:11:24.505+0000] {processor.py:914} INFO - Processing file /home/airflow/.local/lib/python3.12/site-packages/airflow/example_dags/example_bash_operator.py for tasks to queue
[2024-12-28T00:11:24.507+0000] {logging_mixin.py:190} INFO - [2024-12-28T00:11:24.506+0000] {dagbag.py:588} INFO - Filling up the DagBag from /home/airflow/.local/lib/python3.12/site-packages/airflow/example_dags/example_bash_operator.py
[2024-12-28T00:11:24.521+0000] {processor.py:925} INFO - DAG(s) 'example_bash_operator' retrieved from /home/airflow/.local/lib/python3.12/site-packages/airflow/example_dags/example_bash_operator.py
[2024-12-28T00:11:24.555+0000] {logging_mixin.py:190} INFO - [2024-12-28T00:11:24.555+0000] {dag.py:3239} INFO - Sync 1 DAGs
[2024-12-28T00:11:24.586+0000] {logging_mixin.py:190} INFO - [2024-12-28T00:11:24.586+0000] {dag.py:4180} INFO - Setting next_dagrun for example_bash_operator to 2024-12-27 00:00:00+00:00, run_after=2024-12-28 00:00:00+00:00
[2024-12-28T00:11:24.618+0000] {processor.py:208} INFO - Processing /home/airflow/.local/lib/python3.12/site-packages/airflow/example_dags/example_bash_operator.py took 0.120 seconds
[2024-12-28T00:11:54.863+0000] {processor.py:186} INFO - Started process (PID=29262) to work on /home/airflow/.local/lib/python3.12/site-packages/airflow/example_dags/example_bash_operator.py
[2024-12-28T00:11:54.864+0000] {processor.py:914} INFO - Processing file /home/airflow/.local/lib/python3.12/site-packages/airflow/example_dags/example_bash_operator.py for tasks to queue
[2024-12-28T00:11:54.867+0000] {logging_mixin.py:190} INFO - [2024-12-28T00:11:54.866+0000] {dagbag.py:588} INFO - Filling up the DagBag from /home/airflow/.local/lib/python3.12/site-packages/airflow/example_dags/example_bash_operator.py
[2024-12-28T00:11:54.882+0000] {processor.py:925} INFO - DAG(s) 'example_bash_operator' retrieved from /home/airflow/.local/lib/python3.12/site-packages/airflow/example_dags/example_bash_operator.py
[2024-12-28T00:11:54.917+0000] {logging_mixin.py:190} INFO - [2024-12-28T00:11:54.917+0000] {dag.py:3239} INFO - Sync 1 DAGs
[2024-12-28T00:11:54.963+0000] {logging_mixin.py:190} INFO - [2024-12-28T00:11:54.962+0000] {dag.py:4180} INFO - Setting next_dagrun for example_bash_operator to 2024-12-27 00:00:00+00:00, run_after=2024-12-28 00:00:00+00:00
[2024-12-28T00:11:55.010+0000] {processor.py:208} INFO - Processing /home/airflow/.local/lib/python3.12/site-packages/airflow/example_dags/example_bash_operator.py took 0.153 seconds
[2024-12-28T00:12:25.742+0000] {processor.py:186} INFO - Started process (PID=29326) to work on /home/airflow/.local/lib/python3.12/site-packages/airflow/example_dags/example_bash_operator.py
[2024-12-28T00:12:25.744+0000] {processor.py:914} INFO - Processing file /home/airflow/.local/lib/python3.12/site-packages/airflow/example_dags/example_bash_operator.py for tasks to queue
[2024-12-28T00:12:25.746+0000] {logging_mixin.py:190} INFO - [2024-12-28T00:12:25.745+0000] {dagbag.py:588} INFO - Filling up the DagBag from /home/airflow/.local/lib/python3.12/site-packages/airflow/example_dags/example_bash_operator.py
[2024-12-28T00:12:25.761+0000] {processor.py:925} INFO - DAG(s) 'example_bash_operator' retrieved from /home/airflow/.local/lib/python3.12/site-packages/airflow/example_dags/example_bash_operator.py
[2024-12-28T00:12:25.799+0000] {logging_mixin.py:190} INFO - [2024-12-28T00:12:25.798+0000] {dag.py:3239} INFO - Sync 1 DAGs
[2024-12-28T00:12:25.831+0000] {logging_mixin.py:190} INFO - [2024-12-28T00:12:25.830+0000] {dag.py:4180} INFO - Setting next_dagrun for example_bash_operator to 2024-12-27 00:00:00+00:00, run_after=2024-12-28 00:00:00+00:00
[2024-12-28T00:12:25.861+0000] {processor.py:208} INFO - Processing /home/airflow/.local/lib/python3.12/site-packages/airflow/example_dags/example_bash_operator.py took 0.125 seconds
[2024-12-28T00:12:55.975+0000] {processor.py:186} INFO - Started process (PID=29390) to work on /home/airflow/.local/lib/python3.12/site-packages/airflow/example_dags/example_bash_operator.py
[2024-12-28T00:12:55.976+0000] {processor.py:914} INFO - Processing file /home/airflow/.local/lib/python3.12/site-packages/airflow/example_dags/example_bash_operator.py for tasks to queue
[2024-12-28T00:12:55.979+0000] {logging_mixin.py:190} INFO - [2024-12-28T00:12:55.978+0000] {dagbag.py:588} INFO - Filling up the DagBag from /home/airflow/.local/lib/python3.12/site-packages/airflow/example_dags/example_bash_operator.py
[2024-12-28T00:12:55.994+0000] {processor.py:925} INFO - DAG(s) 'example_bash_operator' retrieved from /home/airflow/.local/lib/python3.12/site-packages/airflow/example_dags/example_bash_operator.py
[2024-12-28T00:12:56.041+0000] {logging_mixin.py:190} INFO - [2024-12-28T00:12:56.040+0000] {dag.py:3239} INFO - Sync 1 DAGs
[2024-12-28T00:12:56.074+0000] {logging_mixin.py:190} INFO - [2024-12-28T00:12:56.073+0000] {dag.py:4180} INFO - Setting next_dagrun for example_bash_operator to 2024-12-27 00:00:00+00:00, run_after=2024-12-28 00:00:00+00:00
[2024-12-28T00:12:56.104+0000] {processor.py:208} INFO - Processing /home/airflow/.local/lib/python3.12/site-packages/airflow/example_dags/example_bash_operator.py took 0.135 seconds
[2024-12-28T00:13:26.713+0000] {processor.py:186} INFO - Started process (PID=29454) to work on /home/airflow/.local/lib/python3.12/site-packages/airflow/example_dags/example_bash_operator.py
[2024-12-28T00:13:26.714+0000] {processor.py:914} INFO - Processing file /home/airflow/.local/lib/python3.12/site-packages/airflow/example_dags/example_bash_operator.py for tasks to queue
[2024-12-28T00:13:26.716+0000] {logging_mixin.py:190} INFO - [2024-12-28T00:13:26.715+0000] {dagbag.py:588} INFO - Filling up the DagBag from /home/airflow/.local/lib/python3.12/site-packages/airflow/example_dags/example_bash_operator.py
[2024-12-28T00:13:26.731+0000] {processor.py:925} INFO - DAG(s) 'example_bash_operator' retrieved from /home/airflow/.local/lib/python3.12/site-packages/airflow/example_dags/example_bash_operator.py
[2024-12-28T00:13:26.763+0000] {logging_mixin.py:190} INFO - [2024-12-28T00:13:26.763+0000] {dag.py:3239} INFO - Sync 1 DAGs
[2024-12-28T00:13:26.791+0000] {logging_mixin.py:190} INFO - [2024-12-28T00:13:26.791+0000] {dag.py:4180} INFO - Setting next_dagrun for example_bash_operator to 2024-12-27 00:00:00+00:00, run_after=2024-12-28 00:00:00+00:00
[2024-12-28T00:13:26.823+0000] {processor.py:208} INFO - Processing /home/airflow/.local/lib/python3.12/site-packages/airflow/example_dags/example_bash_operator.py took 0.115 seconds
[2024-12-28T00:13:56.930+0000] {processor.py:186} INFO - Started process (PID=29518) to work on /home/airflow/.local/lib/python3.12/site-packages/airflow/example_dags/example_bash_operator.py
[2024-12-28T00:13:56.932+0000] {processor.py:914} INFO - Processing file /home/airflow/.local/lib/python3.12/site-packages/airflow/example_dags/example_bash_operator.py for tasks to queue
[2024-12-28T00:13:56.934+0000] {logging_mixin.py:190} INFO - [2024-12-28T00:13:56.934+0000] {dagbag.py:588} INFO - Filling up the DagBag from /home/airflow/.local/lib/python3.12/site-packages/airflow/example_dags/example_bash_operator.py
[2024-12-28T00:13:56.949+0000] {processor.py:925} INFO - DAG(s) 'example_bash_operator' retrieved from /home/airflow/.local/lib/python3.12/site-packages/airflow/example_dags/example_bash_operator.py
[2024-12-28T00:13:56.986+0000] {logging_mixin.py:190} INFO - [2024-12-28T00:13:56.985+0000] {dag.py:3239} INFO - Sync 1 DAGs
[2024-12-28T00:13:57.019+0000] {logging_mixin.py:190} INFO - [2024-12-28T00:13:57.019+0000] {dag.py:4180} INFO - Setting next_dagrun for example_bash_operator to 2024-12-27 00:00:00+00:00, run_after=2024-12-28 00:00:00+00:00
[2024-12-28T00:13:57.052+0000] {processor.py:208} INFO - Processing /home/airflow/.local/lib/python3.12/site-packages/airflow/example_dags/example_bash_operator.py took 0.126 seconds
[2024-12-28T00:14:27.672+0000] {processor.py:186} INFO - Started process (PID=29582) to work on /home/airflow/.local/lib/python3.12/site-packages/airflow/example_dags/example_bash_operator.py
[2024-12-28T00:14:27.674+0000] {processor.py:914} INFO - Processing file /home/airflow/.local/lib/python3.12/site-packages/airflow/example_dags/example_bash_operator.py for tasks to queue
[2024-12-28T00:14:27.677+0000] {logging_mixin.py:190} INFO - [2024-12-28T00:14:27.676+0000] {dagbag.py:588} INFO - Filling up the DagBag from /home/airflow/.local/lib/python3.12/site-packages/airflow/example_dags/example_bash_operator.py
[2024-12-28T00:14:27.691+0000] {processor.py:925} INFO - DAG(s) 'example_bash_operator' retrieved from /home/airflow/.local/lib/python3.12/site-packages/airflow/example_dags/example_bash_operator.py
[2024-12-28T00:14:27.723+0000] {logging_mixin.py:190} INFO - [2024-12-28T00:14:27.723+0000] {dag.py:3239} INFO - Sync 1 DAGs
[2024-12-28T00:14:27.752+0000] {logging_mixin.py:190} INFO - [2024-12-28T00:14:27.752+0000] {dag.py:4180} INFO - Setting next_dagrun for example_bash_operator to 2024-12-27 00:00:00+00:00, run_after=2024-12-28 00:00:00+00:00
[2024-12-28T00:14:27.781+0000] {processor.py:208} INFO - Processing /home/airflow/.local/lib/python3.12/site-packages/airflow/example_dags/example_bash_operator.py took 0.114 seconds
[2024-12-28T00:14:57.885+0000] {processor.py:186} INFO - Started process (PID=29645) to work on /home/airflow/.local/lib/python3.12/site-packages/airflow/example_dags/example_bash_operator.py
[2024-12-28T00:14:57.887+0000] {processor.py:914} INFO - Processing file /home/airflow/.local/lib/python3.12/site-packages/airflow/example_dags/example_bash_operator.py for tasks to queue
[2024-12-28T00:14:57.889+0000] {logging_mixin.py:190} INFO - [2024-12-28T00:14:57.888+0000] {dagbag.py:588} INFO - Filling up the DagBag from /home/airflow/.local/lib/python3.12/site-packages/airflow/example_dags/example_bash_operator.py
[2024-12-28T00:14:57.904+0000] {processor.py:925} INFO - DAG(s) 'example_bash_operator' retrieved from /home/airflow/.local/lib/python3.12/site-packages/airflow/example_dags/example_bash_operator.py
[2024-12-28T00:14:57.937+0000] {logging_mixin.py:190} INFO - [2024-12-28T00:14:57.937+0000] {dag.py:3239} INFO - Sync 1 DAGs
[2024-12-28T00:14:57.964+0000] {logging_mixin.py:190} INFO - [2024-12-28T00:14:57.964+0000] {dag.py:4180} INFO - Setting next_dagrun for example_bash_operator to 2024-12-27 00:00:00+00:00, run_after=2024-12-28 00:00:00+00:00
[2024-12-28T00:14:57.992+0000] {processor.py:208} INFO - Processing /home/airflow/.local/lib/python3.12/site-packages/airflow/example_dags/example_bash_operator.py took 0.113 seconds
[2024-12-28T00:15:28.814+0000] {processor.py:186} INFO - Started process (PID=29709) to work on /home/airflow/.local/lib/python3.12/site-packages/airflow/example_dags/example_bash_operator.py
[2024-12-28T00:15:28.816+0000] {processor.py:914} INFO - Processing file /home/airflow/.local/lib/python3.12/site-packages/airflow/example_dags/example_bash_operator.py for tasks to queue
[2024-12-28T00:15:28.818+0000] {logging_mixin.py:190} INFO - [2024-12-28T00:15:28.818+0000] {dagbag.py:588} INFO - Filling up the DagBag from /home/airflow/.local/lib/python3.12/site-packages/airflow/example_dags/example_bash_operator.py
[2024-12-28T00:15:28.831+0000] {processor.py:925} INFO - DAG(s) 'example_bash_operator' retrieved from /home/airflow/.local/lib/python3.12/site-packages/airflow/example_dags/example_bash_operator.py
[2024-12-28T00:15:28.864+0000] {logging_mixin.py:190} INFO - [2024-12-28T00:15:28.863+0000] {dag.py:3239} INFO - Sync 1 DAGs
[2024-12-28T00:15:28.891+0000] {logging_mixin.py:190} INFO - [2024-12-28T00:15:28.891+0000] {dag.py:4180} INFO - Setting next_dagrun for example_bash_operator to 2024-12-27 00:00:00+00:00, run_after=2024-12-28 00:00:00+00:00
[2024-12-28T00:15:28.932+0000] {processor.py:208} INFO - Processing /home/airflow/.local/lib/python3.12/site-packages/airflow/example_dags/example_bash_operator.py took 0.123 seconds
[2024-12-28T00:15:59.368+0000] {processor.py:186} INFO - Started process (PID=29771) to work on /home/airflow/.local/lib/python3.12/site-packages/airflow/example_dags/example_bash_operator.py
[2024-12-28T00:15:59.369+0000] {processor.py:914} INFO - Processing file /home/airflow/.local/lib/python3.12/site-packages/airflow/example_dags/example_bash_operator.py for tasks to queue
[2024-12-28T00:15:59.371+0000] {logging_mixin.py:190} INFO - [2024-12-28T00:15:59.370+0000] {dagbag.py:588} INFO - Filling up the DagBag from /home/airflow/.local/lib/python3.12/site-packages/airflow/example_dags/example_bash_operator.py
[2024-12-28T00:15:59.384+0000] {processor.py:925} INFO - DAG(s) 'example_bash_operator' retrieved from /home/airflow/.local/lib/python3.12/site-packages/airflow/example_dags/example_bash_operator.py
[2024-12-28T00:15:59.415+0000] {logging_mixin.py:190} INFO - [2024-12-28T00:15:59.414+0000] {dag.py:3239} INFO - Sync 1 DAGs
[2024-12-28T00:15:59.440+0000] {logging_mixin.py:190} INFO - [2024-12-28T00:15:59.440+0000] {dag.py:4180} INFO - Setting next_dagrun for example_bash_operator to 2024-12-27 00:00:00+00:00, run_after=2024-12-28 00:00:00+00:00
[2024-12-28T00:15:59.468+0000] {processor.py:208} INFO - Processing /home/airflow/.local/lib/python3.12/site-packages/airflow/example_dags/example_bash_operator.py took 0.106 seconds
[2024-12-28T00:16:30.000+0000] {processor.py:186} INFO - Started process (PID=29835) to work on /home/airflow/.local/lib/python3.12/site-packages/airflow/example_dags/example_bash_operator.py
[2024-12-28T00:16:30.001+0000] {processor.py:914} INFO - Processing file /home/airflow/.local/lib/python3.12/site-packages/airflow/example_dags/example_bash_operator.py for tasks to queue
[2024-12-28T00:16:30.003+0000] {logging_mixin.py:190} INFO - [2024-12-28T00:16:30.003+0000] {dagbag.py:588} INFO - Filling up the DagBag from /home/airflow/.local/lib/python3.12/site-packages/airflow/example_dags/example_bash_operator.py
[2024-12-28T00:16:30.018+0000] {processor.py:925} INFO - DAG(s) 'example_bash_operator' retrieved from /home/airflow/.local/lib/python3.12/site-packages/airflow/example_dags/example_bash_operator.py
[2024-12-28T00:16:30.053+0000] {logging_mixin.py:190} INFO - [2024-12-28T00:16:30.053+0000] {dag.py:3239} INFO - Sync 1 DAGs
[2024-12-28T00:16:30.085+0000] {logging_mixin.py:190} INFO - [2024-12-28T00:16:30.084+0000] {dag.py:4180} INFO - Setting next_dagrun for example_bash_operator to 2024-12-27 00:00:00+00:00, run_after=2024-12-28 00:00:00+00:00
[2024-12-28T00:16:30.115+0000] {processor.py:208} INFO - Processing /home/airflow/.local/lib/python3.12/site-packages/airflow/example_dags/example_bash_operator.py took 0.122 seconds
[2024-12-28T00:17:00.750+0000] {processor.py:186} INFO - Started process (PID=29900) to work on /home/airflow/.local/lib/python3.12/site-packages/airflow/example_dags/example_bash_operator.py
[2024-12-28T00:17:00.751+0000] {processor.py:914} INFO - Processing file /home/airflow/.local/lib/python3.12/site-packages/airflow/example_dags/example_bash_operator.py for tasks to queue
[2024-12-28T00:17:00.754+0000] {logging_mixin.py:190} INFO - [2024-12-28T00:17:00.753+0000] {dagbag.py:588} INFO - Filling up the DagBag from /home/airflow/.local/lib/python3.12/site-packages/airflow/example_dags/example_bash_operator.py
[2024-12-28T00:17:00.767+0000] {processor.py:925} INFO - DAG(s) 'example_bash_operator' retrieved from /home/airflow/.local/lib/python3.12/site-packages/airflow/example_dags/example_bash_operator.py
[2024-12-28T00:17:00.805+0000] {logging_mixin.py:190} INFO - [2024-12-28T00:17:00.805+0000] {dag.py:3239} INFO - Sync 1 DAGs
[2024-12-28T00:17:00.832+0000] {logging_mixin.py:190} INFO - [2024-12-28T00:17:00.832+0000] {dag.py:4180} INFO - Setting next_dagrun for example_bash_operator to 2024-12-27 00:00:00+00:00, run_after=2024-12-28 00:00:00+00:00
[2024-12-28T00:17:00.866+0000] {processor.py:208} INFO - Processing /home/airflow/.local/lib/python3.12/site-packages/airflow/example_dags/example_bash_operator.py took 0.122 seconds
[2024-12-28T00:17:31.680+0000] {processor.py:186} INFO - Started process (PID=29964) to work on /home/airflow/.local/lib/python3.12/site-packages/airflow/example_dags/example_bash_operator.py
[2024-12-28T00:17:31.682+0000] {processor.py:914} INFO - Processing file /home/airflow/.local/lib/python3.12/site-packages/airflow/example_dags/example_bash_operator.py for tasks to queue
[2024-12-28T00:17:31.685+0000] {logging_mixin.py:190} INFO - [2024-12-28T00:17:31.684+0000] {dagbag.py:588} INFO - Filling up the DagBag from /home/airflow/.local/lib/python3.12/site-packages/airflow/example_dags/example_bash_operator.py
[2024-12-28T00:17:31.703+0000] {processor.py:925} INFO - DAG(s) 'example_bash_operator' retrieved from /home/airflow/.local/lib/python3.12/site-packages/airflow/example_dags/example_bash_operator.py
[2024-12-28T00:17:31.741+0000] {logging_mixin.py:190} INFO - [2024-12-28T00:17:31.741+0000] {dag.py:3239} INFO - Sync 1 DAGs
[2024-12-28T00:17:31.770+0000] {logging_mixin.py:190} INFO - [2024-12-28T00:17:31.769+0000] {dag.py:4180} INFO - Setting next_dagrun for example_bash_operator to 2024-12-27 00:00:00+00:00, run_after=2024-12-28 00:00:00+00:00
[2024-12-28T00:17:31.800+0000] {processor.py:208} INFO - Processing /home/airflow/.local/lib/python3.12/site-packages/airflow/example_dags/example_bash_operator.py took 0.128 seconds
[2024-12-28T00:18:02.406+0000] {processor.py:186} INFO - Started process (PID=30028) to work on /home/airflow/.local/lib/python3.12/site-packages/airflow/example_dags/example_bash_operator.py
[2024-12-28T00:18:02.407+0000] {processor.py:914} INFO - Processing file /home/airflow/.local/lib/python3.12/site-packages/airflow/example_dags/example_bash_operator.py for tasks to queue
[2024-12-28T00:18:02.411+0000] {logging_mixin.py:190} INFO - [2024-12-28T00:18:02.410+0000] {dagbag.py:588} INFO - Filling up the DagBag from /home/airflow/.local/lib/python3.12/site-packages/airflow/example_dags/example_bash_operator.py
[2024-12-28T00:18:02.423+0000] {processor.py:925} INFO - DAG(s) 'example_bash_operator' retrieved from /home/airflow/.local/lib/python3.12/site-packages/airflow/example_dags/example_bash_operator.py
[2024-12-28T00:18:02.454+0000] {logging_mixin.py:190} INFO - [2024-12-28T00:18:02.454+0000] {dag.py:3239} INFO - Sync 1 DAGs
[2024-12-28T00:18:02.484+0000] {logging_mixin.py:190} INFO - [2024-12-28T00:18:02.484+0000] {dag.py:4180} INFO - Setting next_dagrun for example_bash_operator to 2024-12-27 00:00:00+00:00, run_after=2024-12-28 00:00:00+00:00
[2024-12-28T00:18:02.512+0000] {processor.py:208} INFO - Processing /home/airflow/.local/lib/python3.12/site-packages/airflow/example_dags/example_bash_operator.py took 0.112 seconds
[2024-12-28T00:18:32.783+0000] {processor.py:186} INFO - Started process (PID=30092) to work on /home/airflow/.local/lib/python3.12/site-packages/airflow/example_dags/example_bash_operator.py
[2024-12-28T00:18:32.785+0000] {processor.py:914} INFO - Processing file /home/airflow/.local/lib/python3.12/site-packages/airflow/example_dags/example_bash_operator.py for tasks to queue
[2024-12-28T00:18:32.787+0000] {logging_mixin.py:190} INFO - [2024-12-28T00:18:32.786+0000] {dagbag.py:588} INFO - Filling up the DagBag from /home/airflow/.local/lib/python3.12/site-packages/airflow/example_dags/example_bash_operator.py
[2024-12-28T00:18:32.803+0000] {processor.py:925} INFO - DAG(s) 'example_bash_operator' retrieved from /home/airflow/.local/lib/python3.12/site-packages/airflow/example_dags/example_bash_operator.py
[2024-12-28T00:18:32.834+0000] {logging_mixin.py:190} INFO - [2024-12-28T00:18:32.833+0000] {dag.py:3239} INFO - Sync 1 DAGs
[2024-12-28T00:18:32.859+0000] {logging_mixin.py:190} INFO - [2024-12-28T00:18:32.859+0000] {dag.py:4180} INFO - Setting next_dagrun for example_bash_operator to 2024-12-27 00:00:00+00:00, run_after=2024-12-28 00:00:00+00:00
[2024-12-28T00:18:32.886+0000] {processor.py:208} INFO - Processing /home/airflow/.local/lib/python3.12/site-packages/airflow/example_dags/example_bash_operator.py took 0.109 seconds
[2024-12-28T00:19:03.327+0000] {processor.py:186} INFO - Started process (PID=30156) to work on /home/airflow/.local/lib/python3.12/site-packages/airflow/example_dags/example_bash_operator.py
[2024-12-28T00:19:03.328+0000] {processor.py:914} INFO - Processing file /home/airflow/.local/lib/python3.12/site-packages/airflow/example_dags/example_bash_operator.py for tasks to queue
[2024-12-28T00:19:03.330+0000] {logging_mixin.py:190} INFO - [2024-12-28T00:19:03.330+0000] {dagbag.py:588} INFO - Filling up the DagBag from /home/airflow/.local/lib/python3.12/site-packages/airflow/example_dags/example_bash_operator.py
[2024-12-28T00:19:03.345+0000] {processor.py:925} INFO - DAG(s) 'example_bash_operator' retrieved from /home/airflow/.local/lib/python3.12/site-packages/airflow/example_dags/example_bash_operator.py
[2024-12-28T00:19:03.382+0000] {logging_mixin.py:190} INFO - [2024-12-28T00:19:03.382+0000] {dag.py:3239} INFO - Sync 1 DAGs
[2024-12-28T00:19:03.410+0000] {logging_mixin.py:190} INFO - [2024-12-28T00:19:03.410+0000] {dag.py:4180} INFO - Setting next_dagrun for example_bash_operator to 2024-12-27 00:00:00+00:00, run_after=2024-12-28 00:00:00+00:00
[2024-12-28T00:19:03.437+0000] {processor.py:208} INFO - Processing /home/airflow/.local/lib/python3.12/site-packages/airflow/example_dags/example_bash_operator.py took 0.116 seconds
[2024-12-28T00:19:33.951+0000] {processor.py:186} INFO - Started process (PID=30220) to work on /home/airflow/.local/lib/python3.12/site-packages/airflow/example_dags/example_bash_operator.py
[2024-12-28T00:19:33.952+0000] {processor.py:914} INFO - Processing file /home/airflow/.local/lib/python3.12/site-packages/airflow/example_dags/example_bash_operator.py for tasks to queue
[2024-12-28T00:19:33.955+0000] {logging_mixin.py:190} INFO - [2024-12-28T00:19:33.954+0000] {dagbag.py:588} INFO - Filling up the DagBag from /home/airflow/.local/lib/python3.12/site-packages/airflow/example_dags/example_bash_operator.py
[2024-12-28T00:19:33.968+0000] {processor.py:925} INFO - DAG(s) 'example_bash_operator' retrieved from /home/airflow/.local/lib/python3.12/site-packages/airflow/example_dags/example_bash_operator.py
[2024-12-28T00:19:34.001+0000] {logging_mixin.py:190} INFO - [2024-12-28T00:19:34.000+0000] {dag.py:3239} INFO - Sync 1 DAGs
[2024-12-28T00:19:34.029+0000] {logging_mixin.py:190} INFO - [2024-12-28T00:19:34.028+0000] {dag.py:4180} INFO - Setting next_dagrun for example_bash_operator to 2024-12-27 00:00:00+00:00, run_after=2024-12-28 00:00:00+00:00
[2024-12-28T00:19:34.057+0000] {processor.py:208} INFO - Processing /home/airflow/.local/lib/python3.12/site-packages/airflow/example_dags/example_bash_operator.py took 0.111 seconds
[2024-12-28T00:20:04.364+0000] {processor.py:186} INFO - Started process (PID=30285) to work on /home/airflow/.local/lib/python3.12/site-packages/airflow/example_dags/example_bash_operator.py
[2024-12-28T00:20:04.366+0000] {processor.py:914} INFO - Processing file /home/airflow/.local/lib/python3.12/site-packages/airflow/example_dags/example_bash_operator.py for tasks to queue
[2024-12-28T00:20:04.368+0000] {logging_mixin.py:190} INFO - [2024-12-28T00:20:04.368+0000] {dagbag.py:588} INFO - Filling up the DagBag from /home/airflow/.local/lib/python3.12/site-packages/airflow/example_dags/example_bash_operator.py
[2024-12-28T00:20:04.382+0000] {processor.py:925} INFO - DAG(s) 'example_bash_operator' retrieved from /home/airflow/.local/lib/python3.12/site-packages/airflow/example_dags/example_bash_operator.py
[2024-12-28T00:20:04.414+0000] {logging_mixin.py:190} INFO - [2024-12-28T00:20:04.414+0000] {dag.py:3239} INFO - Sync 1 DAGs
[2024-12-28T00:20:04.444+0000] {logging_mixin.py:190} INFO - [2024-12-28T00:20:04.444+0000] {dag.py:4180} INFO - Setting next_dagrun for example_bash_operator to 2024-12-27 00:00:00+00:00, run_after=2024-12-28 00:00:00+00:00
[2024-12-28T00:20:04.470+0000] {processor.py:208} INFO - Processing /home/airflow/.local/lib/python3.12/site-packages/airflow/example_dags/example_bash_operator.py took 0.111 seconds
[2024-12-28T00:20:34.580+0000] {processor.py:186} INFO - Started process (PID=30349) to work on /home/airflow/.local/lib/python3.12/site-packages/airflow/example_dags/example_bash_operator.py
[2024-12-28T00:20:34.581+0000] {processor.py:914} INFO - Processing file /home/airflow/.local/lib/python3.12/site-packages/airflow/example_dags/example_bash_operator.py for tasks to queue
[2024-12-28T00:20:34.583+0000] {logging_mixin.py:190} INFO - [2024-12-28T00:20:34.582+0000] {dagbag.py:588} INFO - Filling up the DagBag from /home/airflow/.local/lib/python3.12/site-packages/airflow/example_dags/example_bash_operator.py
[2024-12-28T00:20:34.597+0000] {processor.py:925} INFO - DAG(s) 'example_bash_operator' retrieved from /home/airflow/.local/lib/python3.12/site-packages/airflow/example_dags/example_bash_operator.py
[2024-12-28T00:20:34.633+0000] {logging_mixin.py:190} INFO - [2024-12-28T00:20:34.633+0000] {dag.py:3239} INFO - Sync 1 DAGs
[2024-12-28T00:20:34.661+0000] {logging_mixin.py:190} INFO - [2024-12-28T00:20:34.661+0000] {dag.py:4180} INFO - Setting next_dagrun for example_bash_operator to 2024-12-27 00:00:00+00:00, run_after=2024-12-28 00:00:00+00:00
[2024-12-28T00:20:34.687+0000] {processor.py:208} INFO - Processing /home/airflow/.local/lib/python3.12/site-packages/airflow/example_dags/example_bash_operator.py took 0.113 seconds
[2024-12-28T00:21:05.866+0000] {processor.py:186} INFO - Started process (PID=30413) to work on /home/airflow/.local/lib/python3.12/site-packages/airflow/example_dags/example_bash_operator.py
[2024-12-28T00:21:05.867+0000] {processor.py:914} INFO - Processing file /home/airflow/.local/lib/python3.12/site-packages/airflow/example_dags/example_bash_operator.py for tasks to queue
[2024-12-28T00:21:05.869+0000] {logging_mixin.py:190} INFO - [2024-12-28T00:21:05.869+0000] {dagbag.py:588} INFO - Filling up the DagBag from /home/airflow/.local/lib/python3.12/site-packages/airflow/example_dags/example_bash_operator.py
[2024-12-28T00:21:05.885+0000] {processor.py:925} INFO - DAG(s) 'example_bash_operator' retrieved from /home/airflow/.local/lib/python3.12/site-packages/airflow/example_dags/example_bash_operator.py
[2024-12-28T00:21:05.925+0000] {logging_mixin.py:190} INFO - [2024-12-28T00:21:05.925+0000] {dag.py:3239} INFO - Sync 1 DAGs
[2024-12-28T00:21:05.957+0000] {logging_mixin.py:190} INFO - [2024-12-28T00:21:05.956+0000] {dag.py:4180} INFO - Setting next_dagrun for example_bash_operator to 2024-12-27 00:00:00+00:00, run_after=2024-12-28 00:00:00+00:00
[2024-12-28T00:21:05.985+0000] {processor.py:208} INFO - Processing /home/airflow/.local/lib/python3.12/site-packages/airflow/example_dags/example_bash_operator.py took 0.124 seconds
[2024-12-28T00:21:37.225+0000] {processor.py:186} INFO - Started process (PID=30477) to work on /home/airflow/.local/lib/python3.12/site-packages/airflow/example_dags/example_bash_operator.py
[2024-12-28T00:21:37.226+0000] {processor.py:914} INFO - Processing file /home/airflow/.local/lib/python3.12/site-packages/airflow/example_dags/example_bash_operator.py for tasks to queue
[2024-12-28T00:21:37.228+0000] {logging_mixin.py:190} INFO - [2024-12-28T00:21:37.228+0000] {dagbag.py:588} INFO - Filling up the DagBag from /home/airflow/.local/lib/python3.12/site-packages/airflow/example_dags/example_bash_operator.py
[2024-12-28T00:21:37.241+0000] {processor.py:925} INFO - DAG(s) 'example_bash_operator' retrieved from /home/airflow/.local/lib/python3.12/site-packages/airflow/example_dags/example_bash_operator.py
[2024-12-28T00:21:37.272+0000] {logging_mixin.py:190} INFO - [2024-12-28T00:21:37.272+0000] {dag.py:3239} INFO - Sync 1 DAGs
[2024-12-28T00:21:37.301+0000] {logging_mixin.py:190} INFO - [2024-12-28T00:21:37.301+0000] {dag.py:4180} INFO - Setting next_dagrun for example_bash_operator to 2024-12-27 00:00:00+00:00, run_after=2024-12-28 00:00:00+00:00
[2024-12-28T00:21:37.331+0000] {processor.py:208} INFO - Processing /home/airflow/.local/lib/python3.12/site-packages/airflow/example_dags/example_bash_operator.py took 0.111 seconds
[2024-12-28T00:22:10.459+0000] {processor.py:186} INFO - Started process (PID=30542) to work on /home/airflow/.local/lib/python3.12/site-packages/airflow/example_dags/example_bash_operator.py
[2024-12-28T00:22:10.461+0000] {processor.py:914} INFO - Processing file /home/airflow/.local/lib/python3.12/site-packages/airflow/example_dags/example_bash_operator.py for tasks to queue
[2024-12-28T00:22:10.464+0000] {logging_mixin.py:190} INFO - [2024-12-28T00:22:10.463+0000] {dagbag.py:588} INFO - Filling up the DagBag from /home/airflow/.local/lib/python3.12/site-packages/airflow/example_dags/example_bash_operator.py
[2024-12-28T00:22:10.491+0000] {processor.py:925} INFO - DAG(s) 'example_bash_operator' retrieved from /home/airflow/.local/lib/python3.12/site-packages/airflow/example_dags/example_bash_operator.py
[2024-12-28T00:22:10.553+0000] {logging_mixin.py:190} INFO - [2024-12-28T00:22:10.553+0000] {dag.py:3239} INFO - Sync 1 DAGs
[2024-12-28T00:22:10.604+0000] {logging_mixin.py:190} INFO - [2024-12-28T00:22:10.603+0000] {dag.py:4180} INFO - Setting next_dagrun for example_bash_operator to 2024-12-27 00:00:00+00:00, run_after=2024-12-28 00:00:00+00:00
[2024-12-28T00:22:10.654+0000] {processor.py:208} INFO - Processing /home/airflow/.local/lib/python3.12/site-packages/airflow/example_dags/example_bash_operator.py took 0.209 seconds
