[2024-12-28T00:00:06.729+0000] {processor.py:186} INFO - Started process (PID=27761) to work on /home/airflow/.local/lib/python3.12/site-packages/airflow/example_dags/example_short_circuit_decorator.py
[2024-12-28T00:00:06.731+0000] {processor.py:914} INFO - Processing file /home/airflow/.local/lib/python3.12/site-packages/airflow/example_dags/example_short_circuit_decorator.py for tasks to queue
[2024-12-28T00:00:06.733+0000] {logging_mixin.py:190} INFO - [2024-12-28T00:00:06.732+0000] {dagbag.py:588} INFO - Filling up the DagBag from /home/airflow/.local/lib/python3.12/site-packages/airflow/example_dags/example_short_circuit_decorator.py
[2024-12-28T00:00:06.747+0000] {processor.py:925} INFO - DAG(s) 'example_short_circuit_decorator' retrieved from /home/airflow/.local/lib/python3.12/site-packages/airflow/example_dags/example_short_circuit_decorator.py
[2024-12-28T00:00:06.776+0000] {logging_mixin.py:190} INFO - [2024-12-28T00:00:06.775+0000] {dag.py:3239} INFO - Sync 1 DAGs
[2024-12-28T00:00:06.794+0000] {logging_mixin.py:190} INFO - [2024-12-28T00:00:06.794+0000] {dag.py:4180} INFO - Setting next_dagrun for example_short_circuit_decorator to None, run_after=None
[2024-12-28T00:00:06.820+0000] {processor.py:208} INFO - Processing /home/airflow/.local/lib/python3.12/site-packages/airflow/example_dags/example_short_circuit_decorator.py took 0.098 seconds
[2024-12-28T00:00:37.270+0000] {processor.py:186} INFO - Started process (PID=27826) to work on /home/airflow/.local/lib/python3.12/site-packages/airflow/example_dags/example_short_circuit_decorator.py
[2024-12-28T00:00:37.272+0000] {processor.py:914} INFO - Processing file /home/airflow/.local/lib/python3.12/site-packages/airflow/example_dags/example_short_circuit_decorator.py for tasks to queue
[2024-12-28T00:00:37.274+0000] {logging_mixin.py:190} INFO - [2024-12-28T00:00:37.273+0000] {dagbag.py:588} INFO - Filling up the DagBag from /home/airflow/.local/lib/python3.12/site-packages/airflow/example_dags/example_short_circuit_decorator.py
[2024-12-28T00:00:37.287+0000] {processor.py:925} INFO - DAG(s) 'example_short_circuit_decorator' retrieved from /home/airflow/.local/lib/python3.12/site-packages/airflow/example_dags/example_short_circuit_decorator.py
[2024-12-28T00:00:37.318+0000] {logging_mixin.py:190} INFO - [2024-12-28T00:00:37.318+0000] {dag.py:3239} INFO - Sync 1 DAGs
[2024-12-28T00:00:37.335+0000] {logging_mixin.py:190} INFO - [2024-12-28T00:00:37.335+0000] {dag.py:4180} INFO - Setting next_dagrun for example_short_circuit_decorator to None, run_after=None
[2024-12-28T00:00:37.358+0000] {processor.py:208} INFO - Processing /home/airflow/.local/lib/python3.12/site-packages/airflow/example_dags/example_short_circuit_decorator.py took 0.093 seconds
[2024-12-28T00:01:08.000+0000] {processor.py:186} INFO - Started process (PID=27890) to work on /home/airflow/.local/lib/python3.12/site-packages/airflow/example_dags/example_short_circuit_decorator.py
[2024-12-28T00:01:08.002+0000] {processor.py:914} INFO - Processing file /home/airflow/.local/lib/python3.12/site-packages/airflow/example_dags/example_short_circuit_decorator.py for tasks to queue
[2024-12-28T00:01:08.004+0000] {logging_mixin.py:190} INFO - [2024-12-28T00:01:08.004+0000] {dagbag.py:588} INFO - Filling up the DagBag from /home/airflow/.local/lib/python3.12/site-packages/airflow/example_dags/example_short_circuit_decorator.py
[2024-12-28T00:01:08.017+0000] {processor.py:925} INFO - DAG(s) 'example_short_circuit_decorator' retrieved from /home/airflow/.local/lib/python3.12/site-packages/airflow/example_dags/example_short_circuit_decorator.py
[2024-12-28T00:01:08.048+0000] {logging_mixin.py:190} INFO - [2024-12-28T00:01:08.048+0000] {dag.py:3239} INFO - Sync 1 DAGs
[2024-12-28T00:01:08.066+0000] {logging_mixin.py:190} INFO - [2024-12-28T00:01:08.065+0000] {dag.py:4180} INFO - Setting next_dagrun for example_short_circuit_decorator to None, run_after=None
[2024-12-28T00:01:08.092+0000] {processor.py:208} INFO - Processing /home/airflow/.local/lib/python3.12/site-packages/airflow/example_dags/example_short_circuit_decorator.py took 0.097 seconds
[2024-12-28T00:01:38.390+0000] {processor.py:186} INFO - Started process (PID=27954) to work on /home/airflow/.local/lib/python3.12/site-packages/airflow/example_dags/example_short_circuit_decorator.py
[2024-12-28T00:01:38.391+0000] {processor.py:914} INFO - Processing file /home/airflow/.local/lib/python3.12/site-packages/airflow/example_dags/example_short_circuit_decorator.py for tasks to queue
[2024-12-28T00:01:38.394+0000] {logging_mixin.py:190} INFO - [2024-12-28T00:01:38.393+0000] {dagbag.py:588} INFO - Filling up the DagBag from /home/airflow/.local/lib/python3.12/site-packages/airflow/example_dags/example_short_circuit_decorator.py
[2024-12-28T00:01:38.408+0000] {processor.py:925} INFO - DAG(s) 'example_short_circuit_decorator' retrieved from /home/airflow/.local/lib/python3.12/site-packages/airflow/example_dags/example_short_circuit_decorator.py
[2024-12-28T00:01:38.439+0000] {logging_mixin.py:190} INFO - [2024-12-28T00:01:38.439+0000] {dag.py:3239} INFO - Sync 1 DAGs
[2024-12-28T00:01:38.456+0000] {logging_mixin.py:190} INFO - [2024-12-28T00:01:38.456+0000] {dag.py:4180} INFO - Setting next_dagrun for example_short_circuit_decorator to None, run_after=None
[2024-12-28T00:01:38.494+0000] {processor.py:208} INFO - Processing /home/airflow/.local/lib/python3.12/site-packages/airflow/example_dags/example_short_circuit_decorator.py took 0.110 seconds
