[2024-12-28T00:00:08.049+0000] {processor.py:186} INFO - Started process (PID=27766) to work on /home/airflow/.local/lib/python3.12/site-packages/airflow/example_dags/example_display_name.py
[2024-12-28T00:00:08.051+0000] {processor.py:914} INFO - Processing file /home/airflow/.local/lib/python3.12/site-packages/airflow/example_dags/example_display_name.py for tasks to queue
[2024-12-28T00:00:08.053+0000] {logging_mixin.py:190} INFO - [2024-12-28T00:00:08.052+0000] {dagbag.py:588} INFO - Filling up the DagBag from /home/airflow/.local/lib/python3.12/site-packages/airflow/example_dags/example_display_name.py
[2024-12-28T00:00:08.063+0000] {processor.py:925} INFO - DAG(s) 'example_display_name' retrieved from /home/airflow/.local/lib/python3.12/site-packages/airflow/example_dags/example_display_name.py
[2024-12-28T00:00:08.088+0000] {logging_mixin.py:190} INFO - [2024-12-28T00:00:08.088+0000] {dag.py:3239} INFO - Sync 1 DAGs
[2024-12-28T00:00:08.105+0000] {logging_mixin.py:190} INFO - [2024-12-28T00:00:08.105+0000] {dag.py:4180} INFO - Setting next_dagrun for example_display_name to None, run_after=None
[2024-12-28T00:00:08.132+0000] {processor.py:208} INFO - Processing /home/airflow/.local/lib/python3.12/site-packages/airflow/example_dags/example_display_name.py took 0.089 seconds
[2024-12-28T00:00:38.441+0000] {processor.py:186} INFO - Started process (PID=27830) to work on /home/airflow/.local/lib/python3.12/site-packages/airflow/example_dags/example_display_name.py
[2024-12-28T00:00:38.442+0000] {processor.py:914} INFO - Processing file /home/airflow/.local/lib/python3.12/site-packages/airflow/example_dags/example_display_name.py for tasks to queue
[2024-12-28T00:00:38.444+0000] {logging_mixin.py:190} INFO - [2024-12-28T00:00:38.444+0000] {dagbag.py:588} INFO - Filling up the DagBag from /home/airflow/.local/lib/python3.12/site-packages/airflow/example_dags/example_display_name.py
[2024-12-28T00:00:38.452+0000] {processor.py:925} INFO - DAG(s) 'example_display_name' retrieved from /home/airflow/.local/lib/python3.12/site-packages/airflow/example_dags/example_display_name.py
[2024-12-28T00:00:38.476+0000] {logging_mixin.py:190} INFO - [2024-12-28T00:00:38.476+0000] {dag.py:3239} INFO - Sync 1 DAGs
[2024-12-28T00:00:38.494+0000] {logging_mixin.py:190} INFO - [2024-12-28T00:00:38.494+0000] {dag.py:4180} INFO - Setting next_dagrun for example_display_name to None, run_after=None
[2024-12-28T00:00:38.524+0000] {processor.py:208} INFO - Processing /home/airflow/.local/lib/python3.12/site-packages/airflow/example_dags/example_display_name.py took 0.088 seconds
[2024-12-28T00:01:09.182+0000] {processor.py:186} INFO - Started process (PID=27894) to work on /home/airflow/.local/lib/python3.12/site-packages/airflow/example_dags/example_display_name.py
[2024-12-28T00:01:09.184+0000] {processor.py:914} INFO - Processing file /home/airflow/.local/lib/python3.12/site-packages/airflow/example_dags/example_display_name.py for tasks to queue
[2024-12-28T00:01:09.185+0000] {logging_mixin.py:190} INFO - [2024-12-28T00:01:09.185+0000] {dagbag.py:588} INFO - Filling up the DagBag from /home/airflow/.local/lib/python3.12/site-packages/airflow/example_dags/example_display_name.py
[2024-12-28T00:01:09.195+0000] {processor.py:925} INFO - DAG(s) 'example_display_name' retrieved from /home/airflow/.local/lib/python3.12/site-packages/airflow/example_dags/example_display_name.py
[2024-12-28T00:01:09.221+0000] {logging_mixin.py:190} INFO - [2024-12-28T00:01:09.221+0000] {dag.py:3239} INFO - Sync 1 DAGs
[2024-12-28T00:01:09.237+0000] {logging_mixin.py:190} INFO - [2024-12-28T00:01:09.236+0000] {dag.py:4180} INFO - Setting next_dagrun for example_display_name to None, run_after=None
[2024-12-28T00:01:09.267+0000] {processor.py:208} INFO - Processing /home/airflow/.local/lib/python3.12/site-packages/airflow/example_dags/example_display_name.py took 0.091 seconds
[2024-12-28T00:01:39.711+0000] {processor.py:186} INFO - Started process (PID=27958) to work on /home/airflow/.local/lib/python3.12/site-packages/airflow/example_dags/example_display_name.py
[2024-12-28T00:01:39.713+0000] {processor.py:914} INFO - Processing file /home/airflow/.local/lib/python3.12/site-packages/airflow/example_dags/example_display_name.py for tasks to queue
[2024-12-28T00:01:39.716+0000] {logging_mixin.py:190} INFO - [2024-12-28T00:01:39.715+0000] {dagbag.py:588} INFO - Filling up the DagBag from /home/airflow/.local/lib/python3.12/site-packages/airflow/example_dags/example_display_name.py
[2024-12-28T00:01:39.725+0000] {processor.py:925} INFO - DAG(s) 'example_display_name' retrieved from /home/airflow/.local/lib/python3.12/site-packages/airflow/example_dags/example_display_name.py
[2024-12-28T00:01:39.753+0000] {logging_mixin.py:190} INFO - [2024-12-28T00:01:39.753+0000] {dag.py:3239} INFO - Sync 1 DAGs
[2024-12-28T00:01:39.773+0000] {logging_mixin.py:190} INFO - [2024-12-28T00:01:39.773+0000] {dag.py:4180} INFO - Setting next_dagrun for example_display_name to None, run_after=None
[2024-12-28T00:01:39.819+0000] {processor.py:208} INFO - Processing /home/airflow/.local/lib/python3.12/site-packages/airflow/example_dags/example_display_name.py took 0.114 seconds
