[2024-12-28T00:00:10.838+0000] {processor.py:186} INFO - Started process (PID=27775) to work on /home/airflow/.local/lib/python3.12/site-packages/airflow/example_dags/example_trigger_target_dag.py
[2024-12-28T00:00:10.840+0000] {processor.py:914} INFO - Processing file /home/airflow/.local/lib/python3.12/site-packages/airflow/example_dags/example_trigger_target_dag.py for tasks to queue
[2024-12-28T00:00:10.842+0000] {logging_mixin.py:190} INFO - [2024-12-28T00:00:10.841+0000] {dagbag.py:588} INFO - Filling up the DagBag from /home/airflow/.local/lib/python3.12/site-packages/airflow/example_dags/example_trigger_target_dag.py
[2024-12-28T00:00:10.851+0000] {processor.py:925} INFO - DAG(s) 'example_trigger_target_dag' retrieved from /home/airflow/.local/lib/python3.12/site-packages/airflow/example_dags/example_trigger_target_dag.py
[2024-12-28T00:00:10.876+0000] {logging_mixin.py:190} INFO - [2024-12-28T00:00:10.876+0000] {dag.py:3239} INFO - Sync 1 DAGs
[2024-12-28T00:00:10.893+0000] {logging_mixin.py:190} INFO - [2024-12-28T00:00:10.893+0000] {dag.py:4180} INFO - Setting next_dagrun for example_trigger_target_dag to None, run_after=None
[2024-12-28T00:00:10.923+0000] {processor.py:208} INFO - Processing /home/airflow/.local/lib/python3.12/site-packages/airflow/example_dags/example_trigger_target_dag.py took 0.091 seconds
[2024-12-28T00:00:41.067+0000] {processor.py:186} INFO - Started process (PID=27838) to work on /home/airflow/.local/lib/python3.12/site-packages/airflow/example_dags/example_trigger_target_dag.py
[2024-12-28T00:00:41.069+0000] {processor.py:914} INFO - Processing file /home/airflow/.local/lib/python3.12/site-packages/airflow/example_dags/example_trigger_target_dag.py for tasks to queue
[2024-12-28T00:00:41.072+0000] {logging_mixin.py:190} INFO - [2024-12-28T00:00:41.071+0000] {dagbag.py:588} INFO - Filling up the DagBag from /home/airflow/.local/lib/python3.12/site-packages/airflow/example_dags/example_trigger_target_dag.py
[2024-12-28T00:00:41.080+0000] {processor.py:925} INFO - DAG(s) 'example_trigger_target_dag' retrieved from /home/airflow/.local/lib/python3.12/site-packages/airflow/example_dags/example_trigger_target_dag.py
[2024-12-28T00:00:41.105+0000] {logging_mixin.py:190} INFO - [2024-12-28T00:00:41.105+0000] {dag.py:3239} INFO - Sync 1 DAGs
[2024-12-28T00:00:41.121+0000] {logging_mixin.py:190} INFO - [2024-12-28T00:00:41.121+0000] {dag.py:4180} INFO - Setting next_dagrun for example_trigger_target_dag to None, run_after=None
[2024-12-28T00:00:41.148+0000] {processor.py:208} INFO - Processing /home/airflow/.local/lib/python3.12/site-packages/airflow/example_dags/example_trigger_target_dag.py took 0.086 seconds
[2024-12-28T00:01:11.805+0000] {processor.py:186} INFO - Started process (PID=27902) to work on /home/airflow/.local/lib/python3.12/site-packages/airflow/example_dags/example_trigger_target_dag.py
[2024-12-28T00:01:11.807+0000] {processor.py:914} INFO - Processing file /home/airflow/.local/lib/python3.12/site-packages/airflow/example_dags/example_trigger_target_dag.py for tasks to queue
[2024-12-28T00:01:11.808+0000] {logging_mixin.py:190} INFO - [2024-12-28T00:01:11.808+0000] {dagbag.py:588} INFO - Filling up the DagBag from /home/airflow/.local/lib/python3.12/site-packages/airflow/example_dags/example_trigger_target_dag.py
[2024-12-28T00:01:11.817+0000] {processor.py:925} INFO - DAG(s) 'example_trigger_target_dag' retrieved from /home/airflow/.local/lib/python3.12/site-packages/airflow/example_dags/example_trigger_target_dag.py
[2024-12-28T00:01:11.842+0000] {logging_mixin.py:190} INFO - [2024-12-28T00:01:11.842+0000] {dag.py:3239} INFO - Sync 1 DAGs
[2024-12-28T00:01:11.858+0000] {logging_mixin.py:190} INFO - [2024-12-28T00:01:11.858+0000] {dag.py:4180} INFO - Setting next_dagrun for example_trigger_target_dag to None, run_after=None
[2024-12-28T00:01:11.884+0000] {processor.py:208} INFO - Processing /home/airflow/.local/lib/python3.12/site-packages/airflow/example_dags/example_trigger_target_dag.py took 0.084 seconds
[2024-12-28T00:01:42.384+0000] {processor.py:186} INFO - Started process (PID=27966) to work on /home/airflow/.local/lib/python3.12/site-packages/airflow/example_dags/example_trigger_target_dag.py
[2024-12-28T00:01:42.385+0000] {processor.py:914} INFO - Processing file /home/airflow/.local/lib/python3.12/site-packages/airflow/example_dags/example_trigger_target_dag.py for tasks to queue
[2024-12-28T00:01:42.388+0000] {logging_mixin.py:190} INFO - [2024-12-28T00:01:42.387+0000] {dagbag.py:588} INFO - Filling up the DagBag from /home/airflow/.local/lib/python3.12/site-packages/airflow/example_dags/example_trigger_target_dag.py
[2024-12-28T00:01:42.402+0000] {processor.py:925} INFO - DAG(s) 'example_trigger_target_dag' retrieved from /home/airflow/.local/lib/python3.12/site-packages/airflow/example_dags/example_trigger_target_dag.py
[2024-12-28T00:01:42.439+0000] {logging_mixin.py:190} INFO - [2024-12-28T00:01:42.439+0000] {dag.py:3239} INFO - Sync 1 DAGs
[2024-12-28T00:01:42.461+0000] {logging_mixin.py:190} INFO - [2024-12-28T00:01:42.461+0000] {dag.py:4180} INFO - Setting next_dagrun for example_trigger_target_dag to None, run_after=None
[2024-12-28T00:01:42.498+0000] {processor.py:208} INFO - Processing /home/airflow/.local/lib/python3.12/site-packages/airflow/example_dags/example_trigger_target_dag.py took 0.121 seconds
