[2024-12-28T00:00:09.232+0000] {processor.py:186} INFO - Started process (PID=27769) to work on /home/airflow/.local/lib/python3.12/site-packages/airflow/example_dags/example_branch_labels.py
[2024-12-28T00:00:09.233+0000] {processor.py:914} INFO - Processing file /home/airflow/.local/lib/python3.12/site-packages/airflow/example_dags/example_branch_labels.py for tasks to queue
[2024-12-28T00:00:09.236+0000] {logging_mixin.py:190} INFO - [2024-12-28T00:00:09.235+0000] {dagbag.py:588} INFO - Filling up the DagBag from /home/airflow/.local/lib/python3.12/site-packages/airflow/example_dags/example_branch_labels.py
[2024-12-28T00:00:09.246+0000] {processor.py:925} INFO - DAG(s) 'example_branch_labels' retrieved from /home/airflow/.local/lib/python3.12/site-packages/airflow/example_dags/example_branch_labels.py
[2024-12-28T00:00:09.272+0000] {logging_mixin.py:190} INFO - [2024-12-28T00:00:09.271+0000] {dag.py:3239} INFO - Sync 1 DAGs
[2024-12-28T00:00:09.298+0000] {logging_mixin.py:190} INFO - [2024-12-28T00:00:09.298+0000] {dag.py:4180} INFO - Setting next_dagrun for example_branch_labels to 2024-12-27 00:00:00+00:00, run_after=2024-12-28 00:00:00+00:00
[2024-12-28T00:00:09.331+0000] {processor.py:208} INFO - Processing /home/airflow/.local/lib/python3.12/site-packages/airflow/example_dags/example_branch_labels.py took 0.105 seconds
[2024-12-28T00:00:39.633+0000] {processor.py:186} INFO - Started process (PID=27833) to work on /home/airflow/.local/lib/python3.12/site-packages/airflow/example_dags/example_branch_labels.py
[2024-12-28T00:00:39.635+0000] {processor.py:914} INFO - Processing file /home/airflow/.local/lib/python3.12/site-packages/airflow/example_dags/example_branch_labels.py for tasks to queue
[2024-12-28T00:00:39.637+0000] {logging_mixin.py:190} INFO - [2024-12-28T00:00:39.636+0000] {dagbag.py:588} INFO - Filling up the DagBag from /home/airflow/.local/lib/python3.12/site-packages/airflow/example_dags/example_branch_labels.py
[2024-12-28T00:00:39.648+0000] {processor.py:925} INFO - DAG(s) 'example_branch_labels' retrieved from /home/airflow/.local/lib/python3.12/site-packages/airflow/example_dags/example_branch_labels.py
[2024-12-28T00:00:39.674+0000] {logging_mixin.py:190} INFO - [2024-12-28T00:00:39.674+0000] {dag.py:3239} INFO - Sync 1 DAGs
[2024-12-28T00:00:39.703+0000] {logging_mixin.py:190} INFO - [2024-12-28T00:00:39.703+0000] {dag.py:4180} INFO - Setting next_dagrun for example_branch_labels to 2024-12-27 00:00:00+00:00, run_after=2024-12-28 00:00:00+00:00
[2024-12-28T00:00:39.729+0000] {processor.py:208} INFO - Processing /home/airflow/.local/lib/python3.12/site-packages/airflow/example_dags/example_branch_labels.py took 0.102 seconds
[2024-12-28T00:01:10.359+0000] {processor.py:186} INFO - Started process (PID=27897) to work on /home/airflow/.local/lib/python3.12/site-packages/airflow/example_dags/example_branch_labels.py
[2024-12-28T00:01:10.360+0000] {processor.py:914} INFO - Processing file /home/airflow/.local/lib/python3.12/site-packages/airflow/example_dags/example_branch_labels.py for tasks to queue
[2024-12-28T00:01:10.361+0000] {logging_mixin.py:190} INFO - [2024-12-28T00:01:10.361+0000] {dagbag.py:588} INFO - Filling up the DagBag from /home/airflow/.local/lib/python3.12/site-packages/airflow/example_dags/example_branch_labels.py
[2024-12-28T00:01:10.377+0000] {processor.py:925} INFO - DAG(s) 'example_branch_labels' retrieved from /home/airflow/.local/lib/python3.12/site-packages/airflow/example_dags/example_branch_labels.py
[2024-12-28T00:01:10.411+0000] {logging_mixin.py:190} INFO - [2024-12-28T00:01:10.411+0000] {dag.py:3239} INFO - Sync 1 DAGs
[2024-12-28T00:01:10.441+0000] {logging_mixin.py:190} INFO - [2024-12-28T00:01:10.441+0000] {dag.py:4180} INFO - Setting next_dagrun for example_branch_labels to 2024-12-27 00:00:00+00:00, run_after=2024-12-28 00:00:00+00:00
[2024-12-28T00:01:10.470+0000] {processor.py:208} INFO - Processing /home/airflow/.local/lib/python3.12/site-packages/airflow/example_dags/example_branch_labels.py took 0.116 seconds
[2024-12-28T00:01:40.898+0000] {processor.py:186} INFO - Started process (PID=27961) to work on /home/airflow/.local/lib/python3.12/site-packages/airflow/example_dags/example_branch_labels.py
[2024-12-28T00:01:40.900+0000] {processor.py:914} INFO - Processing file /home/airflow/.local/lib/python3.12/site-packages/airflow/example_dags/example_branch_labels.py for tasks to queue
[2024-12-28T00:01:40.902+0000] {logging_mixin.py:190} INFO - [2024-12-28T00:01:40.901+0000] {dagbag.py:588} INFO - Filling up the DagBag from /home/airflow/.local/lib/python3.12/site-packages/airflow/example_dags/example_branch_labels.py
[2024-12-28T00:01:40.913+0000] {processor.py:925} INFO - DAG(s) 'example_branch_labels' retrieved from /home/airflow/.local/lib/python3.12/site-packages/airflow/example_dags/example_branch_labels.py
[2024-12-28T00:01:40.940+0000] {logging_mixin.py:190} INFO - [2024-12-28T00:01:40.940+0000] {dag.py:3239} INFO - Sync 1 DAGs
[2024-12-28T00:01:40.966+0000] {logging_mixin.py:190} INFO - [2024-12-28T00:01:40.966+0000] {dag.py:4180} INFO - Setting next_dagrun for example_branch_labels to 2024-12-27 00:00:00+00:00, run_after=2024-12-28 00:00:00+00:00
[2024-12-28T00:01:40.994+0000] {processor.py:208} INFO - Processing /home/airflow/.local/lib/python3.12/site-packages/airflow/example_dags/example_branch_labels.py took 0.102 seconds
[2024-12-28T00:02:11.747+0000] {processor.py:186} INFO - Started process (PID=28025) to work on /home/airflow/.local/lib/python3.12/site-packages/airflow/example_dags/example_branch_labels.py
[2024-12-28T00:02:11.749+0000] {processor.py:914} INFO - Processing file /home/airflow/.local/lib/python3.12/site-packages/airflow/example_dags/example_branch_labels.py for tasks to queue
[2024-12-28T00:02:11.751+0000] {logging_mixin.py:190} INFO - [2024-12-28T00:02:11.750+0000] {dagbag.py:588} INFO - Filling up the DagBag from /home/airflow/.local/lib/python3.12/site-packages/airflow/example_dags/example_branch_labels.py
[2024-12-28T00:02:11.760+0000] {processor.py:925} INFO - DAG(s) 'example_branch_labels' retrieved from /home/airflow/.local/lib/python3.12/site-packages/airflow/example_dags/example_branch_labels.py
[2024-12-28T00:02:11.785+0000] {logging_mixin.py:190} INFO - [2024-12-28T00:02:11.785+0000] {dag.py:3239} INFO - Sync 1 DAGs
[2024-12-28T00:02:11.812+0000] {logging_mixin.py:190} INFO - [2024-12-28T00:02:11.812+0000] {dag.py:4180} INFO - Setting next_dagrun for example_branch_labels to 2024-12-27 00:00:00+00:00, run_after=2024-12-28 00:00:00+00:00
[2024-12-28T00:02:11.838+0000] {processor.py:208} INFO - Processing /home/airflow/.local/lib/python3.12/site-packages/airflow/example_dags/example_branch_labels.py took 0.096 seconds
[2024-12-28T00:02:41.981+0000] {processor.py:186} INFO - Started process (PID=28089) to work on /home/airflow/.local/lib/python3.12/site-packages/airflow/example_dags/example_branch_labels.py
[2024-12-28T00:02:41.983+0000] {processor.py:914} INFO - Processing file /home/airflow/.local/lib/python3.12/site-packages/airflow/example_dags/example_branch_labels.py for tasks to queue
[2024-12-28T00:02:41.985+0000] {logging_mixin.py:190} INFO - [2024-12-28T00:02:41.984+0000] {dagbag.py:588} INFO - Filling up the DagBag from /home/airflow/.local/lib/python3.12/site-packages/airflow/example_dags/example_branch_labels.py
[2024-12-28T00:02:42.000+0000] {processor.py:925} INFO - DAG(s) 'example_branch_labels' retrieved from /home/airflow/.local/lib/python3.12/site-packages/airflow/example_dags/example_branch_labels.py
[2024-12-28T00:02:42.030+0000] {logging_mixin.py:190} INFO - [2024-12-28T00:02:42.029+0000] {dag.py:3239} INFO - Sync 1 DAGs
[2024-12-28T00:02:42.056+0000] {logging_mixin.py:190} INFO - [2024-12-28T00:02:42.056+0000] {dag.py:4180} INFO - Setting next_dagrun for example_branch_labels to 2024-12-27 00:00:00+00:00, run_after=2024-12-28 00:00:00+00:00
[2024-12-28T00:02:42.099+0000] {processor.py:208} INFO - Processing /home/airflow/.local/lib/python3.12/site-packages/airflow/example_dags/example_branch_labels.py took 0.124 seconds
[2024-12-28T00:03:12.484+0000] {processor.py:186} INFO - Started process (PID=28153) to work on /home/airflow/.local/lib/python3.12/site-packages/airflow/example_dags/example_branch_labels.py
[2024-12-28T00:03:12.486+0000] {processor.py:914} INFO - Processing file /home/airflow/.local/lib/python3.12/site-packages/airflow/example_dags/example_branch_labels.py for tasks to queue
[2024-12-28T00:03:12.488+0000] {logging_mixin.py:190} INFO - [2024-12-28T00:03:12.487+0000] {dagbag.py:588} INFO - Filling up the DagBag from /home/airflow/.local/lib/python3.12/site-packages/airflow/example_dags/example_branch_labels.py
[2024-12-28T00:03:12.500+0000] {processor.py:925} INFO - DAG(s) 'example_branch_labels' retrieved from /home/airflow/.local/lib/python3.12/site-packages/airflow/example_dags/example_branch_labels.py
[2024-12-28T00:03:12.526+0000] {logging_mixin.py:190} INFO - [2024-12-28T00:03:12.526+0000] {dag.py:3239} INFO - Sync 1 DAGs
[2024-12-28T00:03:12.557+0000] {logging_mixin.py:190} INFO - [2024-12-28T00:03:12.557+0000] {dag.py:4180} INFO - Setting next_dagrun for example_branch_labels to 2024-12-27 00:00:00+00:00, run_after=2024-12-28 00:00:00+00:00
[2024-12-28T00:03:12.582+0000] {processor.py:208} INFO - Processing /home/airflow/.local/lib/python3.12/site-packages/airflow/example_dags/example_branch_labels.py took 0.103 seconds
[2024-12-28T00:03:42.775+0000] {processor.py:186} INFO - Started process (PID=28217) to work on /home/airflow/.local/lib/python3.12/site-packages/airflow/example_dags/example_branch_labels.py
[2024-12-28T00:03:42.777+0000] {processor.py:914} INFO - Processing file /home/airflow/.local/lib/python3.12/site-packages/airflow/example_dags/example_branch_labels.py for tasks to queue
[2024-12-28T00:03:42.779+0000] {logging_mixin.py:190} INFO - [2024-12-28T00:03:42.778+0000] {dagbag.py:588} INFO - Filling up the DagBag from /home/airflow/.local/lib/python3.12/site-packages/airflow/example_dags/example_branch_labels.py
[2024-12-28T00:03:42.790+0000] {processor.py:925} INFO - DAG(s) 'example_branch_labels' retrieved from /home/airflow/.local/lib/python3.12/site-packages/airflow/example_dags/example_branch_labels.py
[2024-12-28T00:03:42.819+0000] {logging_mixin.py:190} INFO - [2024-12-28T00:03:42.819+0000] {dag.py:3239} INFO - Sync 1 DAGs
[2024-12-28T00:03:42.849+0000] {logging_mixin.py:190} INFO - [2024-12-28T00:03:42.848+0000] {dag.py:4180} INFO - Setting next_dagrun for example_branch_labels to 2024-12-27 00:00:00+00:00, run_after=2024-12-28 00:00:00+00:00
[2024-12-28T00:03:42.878+0000] {processor.py:208} INFO - Processing /home/airflow/.local/lib/python3.12/site-packages/airflow/example_dags/example_branch_labels.py took 0.108 seconds
[2024-12-28T00:04:13.169+0000] {processor.py:186} INFO - Started process (PID=28281) to work on /home/airflow/.local/lib/python3.12/site-packages/airflow/example_dags/example_branch_labels.py
[2024-12-28T00:04:13.170+0000] {processor.py:914} INFO - Processing file /home/airflow/.local/lib/python3.12/site-packages/airflow/example_dags/example_branch_labels.py for tasks to queue
[2024-12-28T00:04:13.173+0000] {logging_mixin.py:190} INFO - [2024-12-28T00:04:13.172+0000] {dagbag.py:588} INFO - Filling up the DagBag from /home/airflow/.local/lib/python3.12/site-packages/airflow/example_dags/example_branch_labels.py
[2024-12-28T00:04:13.183+0000] {processor.py:925} INFO - DAG(s) 'example_branch_labels' retrieved from /home/airflow/.local/lib/python3.12/site-packages/airflow/example_dags/example_branch_labels.py
[2024-12-28T00:04:13.209+0000] {logging_mixin.py:190} INFO - [2024-12-28T00:04:13.208+0000] {dag.py:3239} INFO - Sync 1 DAGs
[2024-12-28T00:04:13.237+0000] {logging_mixin.py:190} INFO - [2024-12-28T00:04:13.237+0000] {dag.py:4180} INFO - Setting next_dagrun for example_branch_labels to 2024-12-27 00:00:00+00:00, run_after=2024-12-28 00:00:00+00:00
[2024-12-28T00:04:13.264+0000] {processor.py:208} INFO - Processing /home/airflow/.local/lib/python3.12/site-packages/airflow/example_dags/example_branch_labels.py took 0.101 seconds
[2024-12-28T00:04:43.396+0000] {processor.py:186} INFO - Started process (PID=28346) to work on /home/airflow/.local/lib/python3.12/site-packages/airflow/example_dags/example_branch_labels.py
[2024-12-28T00:04:43.398+0000] {processor.py:914} INFO - Processing file /home/airflow/.local/lib/python3.12/site-packages/airflow/example_dags/example_branch_labels.py for tasks to queue
[2024-12-28T00:04:43.400+0000] {logging_mixin.py:190} INFO - [2024-12-28T00:04:43.400+0000] {dagbag.py:588} INFO - Filling up the DagBag from /home/airflow/.local/lib/python3.12/site-packages/airflow/example_dags/example_branch_labels.py
[2024-12-28T00:04:43.410+0000] {processor.py:925} INFO - DAG(s) 'example_branch_labels' retrieved from /home/airflow/.local/lib/python3.12/site-packages/airflow/example_dags/example_branch_labels.py
[2024-12-28T00:04:43.436+0000] {logging_mixin.py:190} INFO - [2024-12-28T00:04:43.436+0000] {dag.py:3239} INFO - Sync 1 DAGs
[2024-12-28T00:04:43.462+0000] {logging_mixin.py:190} INFO - [2024-12-28T00:04:43.462+0000] {dag.py:4180} INFO - Setting next_dagrun for example_branch_labels to 2024-12-27 00:00:00+00:00, run_after=2024-12-28 00:00:00+00:00
[2024-12-28T00:04:43.487+0000] {processor.py:208} INFO - Processing /home/airflow/.local/lib/python3.12/site-packages/airflow/example_dags/example_branch_labels.py took 0.096 seconds
[2024-12-28T00:05:13.794+0000] {processor.py:186} INFO - Started process (PID=28410) to work on /home/airflow/.local/lib/python3.12/site-packages/airflow/example_dags/example_branch_labels.py
[2024-12-28T00:05:13.796+0000] {processor.py:914} INFO - Processing file /home/airflow/.local/lib/python3.12/site-packages/airflow/example_dags/example_branch_labels.py for tasks to queue
[2024-12-28T00:05:13.798+0000] {logging_mixin.py:190} INFO - [2024-12-28T00:05:13.798+0000] {dagbag.py:588} INFO - Filling up the DagBag from /home/airflow/.local/lib/python3.12/site-packages/airflow/example_dags/example_branch_labels.py
[2024-12-28T00:05:13.810+0000] {processor.py:925} INFO - DAG(s) 'example_branch_labels' retrieved from /home/airflow/.local/lib/python3.12/site-packages/airflow/example_dags/example_branch_labels.py
[2024-12-28T00:05:13.839+0000] {logging_mixin.py:190} INFO - [2024-12-28T00:05:13.839+0000] {dag.py:3239} INFO - Sync 1 DAGs
[2024-12-28T00:05:13.872+0000] {logging_mixin.py:190} INFO - [2024-12-28T00:05:13.871+0000] {dag.py:4180} INFO - Setting next_dagrun for example_branch_labels to 2024-12-27 00:00:00+00:00, run_after=2024-12-28 00:00:00+00:00
[2024-12-28T00:05:13.899+0000] {processor.py:208} INFO - Processing /home/airflow/.local/lib/python3.12/site-packages/airflow/example_dags/example_branch_labels.py took 0.110 seconds
[2024-12-28T00:05:44.065+0000] {processor.py:186} INFO - Started process (PID=28474) to work on /home/airflow/.local/lib/python3.12/site-packages/airflow/example_dags/example_branch_labels.py
[2024-12-28T00:05:44.066+0000] {processor.py:914} INFO - Processing file /home/airflow/.local/lib/python3.12/site-packages/airflow/example_dags/example_branch_labels.py for tasks to queue
[2024-12-28T00:05:44.068+0000] {logging_mixin.py:190} INFO - [2024-12-28T00:05:44.067+0000] {dagbag.py:588} INFO - Filling up the DagBag from /home/airflow/.local/lib/python3.12/site-packages/airflow/example_dags/example_branch_labels.py
[2024-12-28T00:05:44.078+0000] {processor.py:925} INFO - DAG(s) 'example_branch_labels' retrieved from /home/airflow/.local/lib/python3.12/site-packages/airflow/example_dags/example_branch_labels.py
[2024-12-28T00:05:44.106+0000] {logging_mixin.py:190} INFO - [2024-12-28T00:05:44.105+0000] {dag.py:3239} INFO - Sync 1 DAGs
[2024-12-28T00:05:44.132+0000] {logging_mixin.py:190} INFO - [2024-12-28T00:05:44.132+0000] {dag.py:4180} INFO - Setting next_dagrun for example_branch_labels to 2024-12-27 00:00:00+00:00, run_after=2024-12-28 00:00:00+00:00
[2024-12-28T00:05:44.164+0000] {processor.py:208} INFO - Processing /home/airflow/.local/lib/python3.12/site-packages/airflow/example_dags/example_branch_labels.py took 0.105 seconds
[2024-12-28T00:06:14.709+0000] {processor.py:186} INFO - Started process (PID=28538) to work on /home/airflow/.local/lib/python3.12/site-packages/airflow/example_dags/example_branch_labels.py
[2024-12-28T00:06:14.711+0000] {processor.py:914} INFO - Processing file /home/airflow/.local/lib/python3.12/site-packages/airflow/example_dags/example_branch_labels.py for tasks to queue
[2024-12-28T00:06:14.713+0000] {logging_mixin.py:190} INFO - [2024-12-28T00:06:14.712+0000] {dagbag.py:588} INFO - Filling up the DagBag from /home/airflow/.local/lib/python3.12/site-packages/airflow/example_dags/example_branch_labels.py
[2024-12-28T00:06:14.727+0000] {processor.py:925} INFO - DAG(s) 'example_branch_labels' retrieved from /home/airflow/.local/lib/python3.12/site-packages/airflow/example_dags/example_branch_labels.py
[2024-12-28T00:06:14.761+0000] {logging_mixin.py:190} INFO - [2024-12-28T00:06:14.761+0000] {dag.py:3239} INFO - Sync 1 DAGs
[2024-12-28T00:06:14.795+0000] {logging_mixin.py:190} INFO - [2024-12-28T00:06:14.795+0000] {dag.py:4180} INFO - Setting next_dagrun for example_branch_labels to 2024-12-27 00:00:00+00:00, run_after=2024-12-28 00:00:00+00:00
[2024-12-28T00:06:14.827+0000] {processor.py:208} INFO - Processing /home/airflow/.local/lib/python3.12/site-packages/airflow/example_dags/example_branch_labels.py took 0.124 seconds
[2024-12-28T00:06:45.206+0000] {processor.py:186} INFO - Started process (PID=28602) to work on /home/airflow/.local/lib/python3.12/site-packages/airflow/example_dags/example_branch_labels.py
[2024-12-28T00:06:45.207+0000] {processor.py:914} INFO - Processing file /home/airflow/.local/lib/python3.12/site-packages/airflow/example_dags/example_branch_labels.py for tasks to queue
[2024-12-28T00:06:45.209+0000] {logging_mixin.py:190} INFO - [2024-12-28T00:06:45.209+0000] {dagbag.py:588} INFO - Filling up the DagBag from /home/airflow/.local/lib/python3.12/site-packages/airflow/example_dags/example_branch_labels.py
[2024-12-28T00:06:45.222+0000] {processor.py:925} INFO - DAG(s) 'example_branch_labels' retrieved from /home/airflow/.local/lib/python3.12/site-packages/airflow/example_dags/example_branch_labels.py
[2024-12-28T00:06:45.271+0000] {logging_mixin.py:190} INFO - [2024-12-28T00:06:45.271+0000] {dag.py:3239} INFO - Sync 1 DAGs
[2024-12-28T00:06:45.332+0000] {logging_mixin.py:190} INFO - [2024-12-28T00:06:45.332+0000] {dag.py:4180} INFO - Setting next_dagrun for example_branch_labels to 2024-12-27 00:00:00+00:00, run_after=2024-12-28 00:00:00+00:00
[2024-12-28T00:06:45.370+0000] {processor.py:208} INFO - Processing /home/airflow/.local/lib/python3.12/site-packages/airflow/example_dags/example_branch_labels.py took 0.171 seconds
[2024-12-28T00:07:15.540+0000] {processor.py:186} INFO - Started process (PID=28667) to work on /home/airflow/.local/lib/python3.12/site-packages/airflow/example_dags/example_branch_labels.py
[2024-12-28T00:07:15.541+0000] {processor.py:914} INFO - Processing file /home/airflow/.local/lib/python3.12/site-packages/airflow/example_dags/example_branch_labels.py for tasks to queue
[2024-12-28T00:07:15.543+0000] {logging_mixin.py:190} INFO - [2024-12-28T00:07:15.542+0000] {dagbag.py:588} INFO - Filling up the DagBag from /home/airflow/.local/lib/python3.12/site-packages/airflow/example_dags/example_branch_labels.py
[2024-12-28T00:07:15.555+0000] {processor.py:925} INFO - DAG(s) 'example_branch_labels' retrieved from /home/airflow/.local/lib/python3.12/site-packages/airflow/example_dags/example_branch_labels.py
[2024-12-28T00:07:15.582+0000] {logging_mixin.py:190} INFO - [2024-12-28T00:07:15.582+0000] {dag.py:3239} INFO - Sync 1 DAGs
[2024-12-28T00:07:15.611+0000] {logging_mixin.py:190} INFO - [2024-12-28T00:07:15.610+0000] {dag.py:4180} INFO - Setting next_dagrun for example_branch_labels to 2024-12-27 00:00:00+00:00, run_after=2024-12-28 00:00:00+00:00
[2024-12-28T00:07:15.641+0000] {processor.py:208} INFO - Processing /home/airflow/.local/lib/python3.12/site-packages/airflow/example_dags/example_branch_labels.py took 0.107 seconds
[2024-12-28T00:07:45.815+0000] {processor.py:186} INFO - Started process (PID=28731) to work on /home/airflow/.local/lib/python3.12/site-packages/airflow/example_dags/example_branch_labels.py
[2024-12-28T00:07:45.816+0000] {processor.py:914} INFO - Processing file /home/airflow/.local/lib/python3.12/site-packages/airflow/example_dags/example_branch_labels.py for tasks to queue
[2024-12-28T00:07:45.818+0000] {logging_mixin.py:190} INFO - [2024-12-28T00:07:45.818+0000] {dagbag.py:588} INFO - Filling up the DagBag from /home/airflow/.local/lib/python3.12/site-packages/airflow/example_dags/example_branch_labels.py
[2024-12-28T00:07:45.829+0000] {processor.py:925} INFO - DAG(s) 'example_branch_labels' retrieved from /home/airflow/.local/lib/python3.12/site-packages/airflow/example_dags/example_branch_labels.py
[2024-12-28T00:07:45.858+0000] {logging_mixin.py:190} INFO - [2024-12-28T00:07:45.858+0000] {dag.py:3239} INFO - Sync 1 DAGs
[2024-12-28T00:07:45.891+0000] {logging_mixin.py:190} INFO - [2024-12-28T00:07:45.890+0000] {dag.py:4180} INFO - Setting next_dagrun for example_branch_labels to 2024-12-27 00:00:00+00:00, run_after=2024-12-28 00:00:00+00:00
[2024-12-28T00:07:45.920+0000] {processor.py:208} INFO - Processing /home/airflow/.local/lib/python3.12/site-packages/airflow/example_dags/example_branch_labels.py took 0.111 seconds
[2024-12-28T00:08:16.446+0000] {processor.py:186} INFO - Started process (PID=28795) to work on /home/airflow/.local/lib/python3.12/site-packages/airflow/example_dags/example_branch_labels.py
[2024-12-28T00:08:16.447+0000] {processor.py:914} INFO - Processing file /home/airflow/.local/lib/python3.12/site-packages/airflow/example_dags/example_branch_labels.py for tasks to queue
[2024-12-28T00:08:16.449+0000] {logging_mixin.py:190} INFO - [2024-12-28T00:08:16.449+0000] {dagbag.py:588} INFO - Filling up the DagBag from /home/airflow/.local/lib/python3.12/site-packages/airflow/example_dags/example_branch_labels.py
[2024-12-28T00:08:16.459+0000] {processor.py:925} INFO - DAG(s) 'example_branch_labels' retrieved from /home/airflow/.local/lib/python3.12/site-packages/airflow/example_dags/example_branch_labels.py
[2024-12-28T00:08:16.487+0000] {logging_mixin.py:190} INFO - [2024-12-28T00:08:16.487+0000] {dag.py:3239} INFO - Sync 1 DAGs
[2024-12-28T00:08:16.519+0000] {logging_mixin.py:190} INFO - [2024-12-28T00:08:16.518+0000] {dag.py:4180} INFO - Setting next_dagrun for example_branch_labels to 2024-12-27 00:00:00+00:00, run_after=2024-12-28 00:00:00+00:00
[2024-12-28T00:08:16.546+0000] {processor.py:208} INFO - Processing /home/airflow/.local/lib/python3.12/site-packages/airflow/example_dags/example_branch_labels.py took 0.106 seconds
[2024-12-28T00:08:46.665+0000] {processor.py:186} INFO - Started process (PID=28859) to work on /home/airflow/.local/lib/python3.12/site-packages/airflow/example_dags/example_branch_labels.py
[2024-12-28T00:08:46.667+0000] {processor.py:914} INFO - Processing file /home/airflow/.local/lib/python3.12/site-packages/airflow/example_dags/example_branch_labels.py for tasks to queue
[2024-12-28T00:08:46.669+0000] {logging_mixin.py:190} INFO - [2024-12-28T00:08:46.669+0000] {dagbag.py:588} INFO - Filling up the DagBag from /home/airflow/.local/lib/python3.12/site-packages/airflow/example_dags/example_branch_labels.py
[2024-12-28T00:08:46.681+0000] {processor.py:925} INFO - DAG(s) 'example_branch_labels' retrieved from /home/airflow/.local/lib/python3.12/site-packages/airflow/example_dags/example_branch_labels.py
[2024-12-28T00:08:46.711+0000] {logging_mixin.py:190} INFO - [2024-12-28T00:08:46.711+0000] {dag.py:3239} INFO - Sync 1 DAGs
[2024-12-28T00:08:46.743+0000] {logging_mixin.py:190} INFO - [2024-12-28T00:08:46.742+0000] {dag.py:4180} INFO - Setting next_dagrun for example_branch_labels to 2024-12-27 00:00:00+00:00, run_after=2024-12-28 00:00:00+00:00
[2024-12-28T00:08:46.771+0000] {processor.py:208} INFO - Processing /home/airflow/.local/lib/python3.12/site-packages/airflow/example_dags/example_branch_labels.py took 0.112 seconds
[2024-12-28T00:09:17.589+0000] {processor.py:186} INFO - Started process (PID=28923) to work on /home/airflow/.local/lib/python3.12/site-packages/airflow/example_dags/example_branch_labels.py
[2024-12-28T00:09:17.591+0000] {processor.py:914} INFO - Processing file /home/airflow/.local/lib/python3.12/site-packages/airflow/example_dags/example_branch_labels.py for tasks to queue
[2024-12-28T00:09:17.593+0000] {logging_mixin.py:190} INFO - [2024-12-28T00:09:17.592+0000] {dagbag.py:588} INFO - Filling up the DagBag from /home/airflow/.local/lib/python3.12/site-packages/airflow/example_dags/example_branch_labels.py
[2024-12-28T00:09:17.603+0000] {processor.py:925} INFO - DAG(s) 'example_branch_labels' retrieved from /home/airflow/.local/lib/python3.12/site-packages/airflow/example_dags/example_branch_labels.py
[2024-12-28T00:09:17.629+0000] {logging_mixin.py:190} INFO - [2024-12-28T00:09:17.629+0000] {dag.py:3239} INFO - Sync 1 DAGs
[2024-12-28T00:09:17.658+0000] {logging_mixin.py:190} INFO - [2024-12-28T00:09:17.658+0000] {dag.py:4180} INFO - Setting next_dagrun for example_branch_labels to 2024-12-27 00:00:00+00:00, run_after=2024-12-28 00:00:00+00:00
[2024-12-28T00:09:17.686+0000] {processor.py:208} INFO - Processing /home/airflow/.local/lib/python3.12/site-packages/airflow/example_dags/example_branch_labels.py took 0.102 seconds
[2024-12-28T00:09:48.122+0000] {processor.py:186} INFO - Started process (PID=28987) to work on /home/airflow/.local/lib/python3.12/site-packages/airflow/example_dags/example_branch_labels.py
[2024-12-28T00:09:48.124+0000] {processor.py:914} INFO - Processing file /home/airflow/.local/lib/python3.12/site-packages/airflow/example_dags/example_branch_labels.py for tasks to queue
[2024-12-28T00:09:48.126+0000] {logging_mixin.py:190} INFO - [2024-12-28T00:09:48.125+0000] {dagbag.py:588} INFO - Filling up the DagBag from /home/airflow/.local/lib/python3.12/site-packages/airflow/example_dags/example_branch_labels.py
[2024-12-28T00:09:48.139+0000] {processor.py:925} INFO - DAG(s) 'example_branch_labels' retrieved from /home/airflow/.local/lib/python3.12/site-packages/airflow/example_dags/example_branch_labels.py
[2024-12-28T00:09:48.170+0000] {logging_mixin.py:190} INFO - [2024-12-28T00:09:48.169+0000] {dag.py:3239} INFO - Sync 1 DAGs
[2024-12-28T00:09:48.201+0000] {logging_mixin.py:190} INFO - [2024-12-28T00:09:48.200+0000] {dag.py:4180} INFO - Setting next_dagrun for example_branch_labels to 2024-12-27 00:00:00+00:00, run_after=2024-12-28 00:00:00+00:00
[2024-12-28T00:09:48.242+0000] {processor.py:208} INFO - Processing /home/airflow/.local/lib/python3.12/site-packages/airflow/example_dags/example_branch_labels.py took 0.126 seconds
[2024-12-28T00:10:18.548+0000] {processor.py:186} INFO - Started process (PID=29051) to work on /home/airflow/.local/lib/python3.12/site-packages/airflow/example_dags/example_branch_labels.py
[2024-12-28T00:10:18.550+0000] {processor.py:914} INFO - Processing file /home/airflow/.local/lib/python3.12/site-packages/airflow/example_dags/example_branch_labels.py for tasks to queue
[2024-12-28T00:10:18.552+0000] {logging_mixin.py:190} INFO - [2024-12-28T00:10:18.551+0000] {dagbag.py:588} INFO - Filling up the DagBag from /home/airflow/.local/lib/python3.12/site-packages/airflow/example_dags/example_branch_labels.py
[2024-12-28T00:10:18.564+0000] {processor.py:925} INFO - DAG(s) 'example_branch_labels' retrieved from /home/airflow/.local/lib/python3.12/site-packages/airflow/example_dags/example_branch_labels.py
[2024-12-28T00:10:18.595+0000] {logging_mixin.py:190} INFO - [2024-12-28T00:10:18.594+0000] {dag.py:3239} INFO - Sync 1 DAGs
[2024-12-28T00:10:18.630+0000] {logging_mixin.py:190} INFO - [2024-12-28T00:10:18.630+0000] {dag.py:4180} INFO - Setting next_dagrun for example_branch_labels to 2024-12-27 00:00:00+00:00, run_after=2024-12-28 00:00:00+00:00
[2024-12-28T00:10:18.664+0000] {processor.py:208} INFO - Processing /home/airflow/.local/lib/python3.12/site-packages/airflow/example_dags/example_branch_labels.py took 0.123 seconds
[2024-12-28T00:10:48.956+0000] {processor.py:186} INFO - Started process (PID=29121) to work on /home/airflow/.local/lib/python3.12/site-packages/airflow/example_dags/example_branch_labels.py
[2024-12-28T00:10:48.957+0000] {processor.py:914} INFO - Processing file /home/airflow/.local/lib/python3.12/site-packages/airflow/example_dags/example_branch_labels.py for tasks to queue
[2024-12-28T00:10:48.959+0000] {logging_mixin.py:190} INFO - [2024-12-28T00:10:48.959+0000] {dagbag.py:588} INFO - Filling up the DagBag from /home/airflow/.local/lib/python3.12/site-packages/airflow/example_dags/example_branch_labels.py
[2024-12-28T00:10:48.971+0000] {processor.py:925} INFO - DAG(s) 'example_branch_labels' retrieved from /home/airflow/.local/lib/python3.12/site-packages/airflow/example_dags/example_branch_labels.py
[2024-12-28T00:10:49.002+0000] {logging_mixin.py:190} INFO - [2024-12-28T00:10:49.002+0000] {dag.py:3239} INFO - Sync 1 DAGs
[2024-12-28T00:10:49.038+0000] {logging_mixin.py:190} INFO - [2024-12-28T00:10:49.037+0000] {dag.py:4180} INFO - Setting next_dagrun for example_branch_labels to 2024-12-27 00:00:00+00:00, run_after=2024-12-28 00:00:00+00:00
[2024-12-28T00:10:49.070+0000] {processor.py:208} INFO - Processing /home/airflow/.local/lib/python3.12/site-packages/airflow/example_dags/example_branch_labels.py took 0.121 seconds
[2024-12-28T00:11:19.420+0000] {processor.py:186} INFO - Started process (PID=29184) to work on /home/airflow/.local/lib/python3.12/site-packages/airflow/example_dags/example_branch_labels.py
[2024-12-28T00:11:19.421+0000] {processor.py:914} INFO - Processing file /home/airflow/.local/lib/python3.12/site-packages/airflow/example_dags/example_branch_labels.py for tasks to queue
[2024-12-28T00:11:19.423+0000] {logging_mixin.py:190} INFO - [2024-12-28T00:11:19.423+0000] {dagbag.py:588} INFO - Filling up the DagBag from /home/airflow/.local/lib/python3.12/site-packages/airflow/example_dags/example_branch_labels.py
[2024-12-28T00:11:19.435+0000] {processor.py:925} INFO - DAG(s) 'example_branch_labels' retrieved from /home/airflow/.local/lib/python3.12/site-packages/airflow/example_dags/example_branch_labels.py
[2024-12-28T00:11:19.462+0000] {logging_mixin.py:190} INFO - [2024-12-28T00:11:19.461+0000] {dag.py:3239} INFO - Sync 1 DAGs
[2024-12-28T00:11:19.490+0000] {logging_mixin.py:190} INFO - [2024-12-28T00:11:19.489+0000] {dag.py:4180} INFO - Setting next_dagrun for example_branch_labels to 2024-12-27 00:00:00+00:00, run_after=2024-12-28 00:00:00+00:00
[2024-12-28T00:11:19.516+0000] {processor.py:208} INFO - Processing /home/airflow/.local/lib/python3.12/site-packages/airflow/example_dags/example_branch_labels.py took 0.102 seconds
[2024-12-28T00:11:49.850+0000] {processor.py:186} INFO - Started process (PID=29248) to work on /home/airflow/.local/lib/python3.12/site-packages/airflow/example_dags/example_branch_labels.py
[2024-12-28T00:11:49.852+0000] {processor.py:914} INFO - Processing file /home/airflow/.local/lib/python3.12/site-packages/airflow/example_dags/example_branch_labels.py for tasks to queue
[2024-12-28T00:11:49.854+0000] {logging_mixin.py:190} INFO - [2024-12-28T00:11:49.854+0000] {dagbag.py:588} INFO - Filling up the DagBag from /home/airflow/.local/lib/python3.12/site-packages/airflow/example_dags/example_branch_labels.py
[2024-12-28T00:11:49.872+0000] {processor.py:925} INFO - DAG(s) 'example_branch_labels' retrieved from /home/airflow/.local/lib/python3.12/site-packages/airflow/example_dags/example_branch_labels.py
[2024-12-28T00:11:49.903+0000] {logging_mixin.py:190} INFO - [2024-12-28T00:11:49.903+0000] {dag.py:3239} INFO - Sync 1 DAGs
[2024-12-28T00:11:49.944+0000] {logging_mixin.py:190} INFO - [2024-12-28T00:11:49.943+0000] {dag.py:4180} INFO - Setting next_dagrun for example_branch_labels to 2024-12-27 00:00:00+00:00, run_after=2024-12-28 00:00:00+00:00
[2024-12-28T00:11:49.974+0000] {processor.py:208} INFO - Processing /home/airflow/.local/lib/python3.12/site-packages/airflow/example_dags/example_branch_labels.py took 0.133 seconds
[2024-12-28T00:12:20.051+0000] {processor.py:186} INFO - Started process (PID=29311) to work on /home/airflow/.local/lib/python3.12/site-packages/airflow/example_dags/example_branch_labels.py
[2024-12-28T00:12:20.053+0000] {processor.py:914} INFO - Processing file /home/airflow/.local/lib/python3.12/site-packages/airflow/example_dags/example_branch_labels.py for tasks to queue
[2024-12-28T00:12:20.055+0000] {logging_mixin.py:190} INFO - [2024-12-28T00:12:20.055+0000] {dagbag.py:588} INFO - Filling up the DagBag from /home/airflow/.local/lib/python3.12/site-packages/airflow/example_dags/example_branch_labels.py
[2024-12-28T00:12:20.065+0000] {processor.py:925} INFO - DAG(s) 'example_branch_labels' retrieved from /home/airflow/.local/lib/python3.12/site-packages/airflow/example_dags/example_branch_labels.py
[2024-12-28T00:12:20.093+0000] {logging_mixin.py:190} INFO - [2024-12-28T00:12:20.093+0000] {dag.py:3239} INFO - Sync 1 DAGs
[2024-12-28T00:12:20.118+0000] {logging_mixin.py:190} INFO - [2024-12-28T00:12:20.118+0000] {dag.py:4180} INFO - Setting next_dagrun for example_branch_labels to 2024-12-27 00:00:00+00:00, run_after=2024-12-28 00:00:00+00:00
[2024-12-28T00:12:20.142+0000] {processor.py:208} INFO - Processing /home/airflow/.local/lib/python3.12/site-packages/airflow/example_dags/example_branch_labels.py took 0.097 seconds
[2024-12-28T00:12:50.368+0000] {processor.py:186} INFO - Started process (PID=29374) to work on /home/airflow/.local/lib/python3.12/site-packages/airflow/example_dags/example_branch_labels.py
[2024-12-28T00:12:50.369+0000] {processor.py:914} INFO - Processing file /home/airflow/.local/lib/python3.12/site-packages/airflow/example_dags/example_branch_labels.py for tasks to queue
[2024-12-28T00:12:50.371+0000] {logging_mixin.py:190} INFO - [2024-12-28T00:12:50.371+0000] {dagbag.py:588} INFO - Filling up the DagBag from /home/airflow/.local/lib/python3.12/site-packages/airflow/example_dags/example_branch_labels.py
[2024-12-28T00:12:50.381+0000] {processor.py:925} INFO - DAG(s) 'example_branch_labels' retrieved from /home/airflow/.local/lib/python3.12/site-packages/airflow/example_dags/example_branch_labels.py
[2024-12-28T00:12:50.407+0000] {logging_mixin.py:190} INFO - [2024-12-28T00:12:50.407+0000] {dag.py:3239} INFO - Sync 1 DAGs
[2024-12-28T00:12:50.435+0000] {logging_mixin.py:190} INFO - [2024-12-28T00:12:50.435+0000] {dag.py:4180} INFO - Setting next_dagrun for example_branch_labels to 2024-12-27 00:00:00+00:00, run_after=2024-12-28 00:00:00+00:00
[2024-12-28T00:12:50.464+0000] {processor.py:208} INFO - Processing /home/airflow/.local/lib/python3.12/site-packages/airflow/example_dags/example_branch_labels.py took 0.101 seconds
[2024-12-28T00:13:20.926+0000] {processor.py:186} INFO - Started process (PID=29438) to work on /home/airflow/.local/lib/python3.12/site-packages/airflow/example_dags/example_branch_labels.py
[2024-12-28T00:13:20.927+0000] {processor.py:914} INFO - Processing file /home/airflow/.local/lib/python3.12/site-packages/airflow/example_dags/example_branch_labels.py for tasks to queue
[2024-12-28T00:13:20.929+0000] {logging_mixin.py:190} INFO - [2024-12-28T00:13:20.929+0000] {dagbag.py:588} INFO - Filling up the DagBag from /home/airflow/.local/lib/python3.12/site-packages/airflow/example_dags/example_branch_labels.py
[2024-12-28T00:13:20.939+0000] {processor.py:925} INFO - DAG(s) 'example_branch_labels' retrieved from /home/airflow/.local/lib/python3.12/site-packages/airflow/example_dags/example_branch_labels.py
[2024-12-28T00:13:20.966+0000] {logging_mixin.py:190} INFO - [2024-12-28T00:13:20.966+0000] {dag.py:3239} INFO - Sync 1 DAGs
[2024-12-28T00:13:20.998+0000] {logging_mixin.py:190} INFO - [2024-12-28T00:13:20.998+0000] {dag.py:4180} INFO - Setting next_dagrun for example_branch_labels to 2024-12-27 00:00:00+00:00, run_after=2024-12-28 00:00:00+00:00
[2024-12-28T00:13:21.026+0000] {processor.py:208} INFO - Processing /home/airflow/.local/lib/python3.12/site-packages/airflow/example_dags/example_branch_labels.py took 0.105 seconds
[2024-12-28T00:13:51.357+0000] {processor.py:186} INFO - Started process (PID=29502) to work on /home/airflow/.local/lib/python3.12/site-packages/airflow/example_dags/example_branch_labels.py
[2024-12-28T00:13:51.358+0000] {processor.py:914} INFO - Processing file /home/airflow/.local/lib/python3.12/site-packages/airflow/example_dags/example_branch_labels.py for tasks to queue
[2024-12-28T00:13:51.360+0000] {logging_mixin.py:190} INFO - [2024-12-28T00:13:51.360+0000] {dagbag.py:588} INFO - Filling up the DagBag from /home/airflow/.local/lib/python3.12/site-packages/airflow/example_dags/example_branch_labels.py
[2024-12-28T00:13:51.370+0000] {processor.py:925} INFO - DAG(s) 'example_branch_labels' retrieved from /home/airflow/.local/lib/python3.12/site-packages/airflow/example_dags/example_branch_labels.py
[2024-12-28T00:13:51.395+0000] {logging_mixin.py:190} INFO - [2024-12-28T00:13:51.395+0000] {dag.py:3239} INFO - Sync 1 DAGs
[2024-12-28T00:13:51.423+0000] {logging_mixin.py:190} INFO - [2024-12-28T00:13:51.423+0000] {dag.py:4180} INFO - Setting next_dagrun for example_branch_labels to 2024-12-27 00:00:00+00:00, run_after=2024-12-28 00:00:00+00:00
[2024-12-28T00:13:51.449+0000] {processor.py:208} INFO - Processing /home/airflow/.local/lib/python3.12/site-packages/airflow/example_dags/example_branch_labels.py took 0.097 seconds
[2024-12-28T00:14:21.671+0000] {processor.py:186} INFO - Started process (PID=29566) to work on /home/airflow/.local/lib/python3.12/site-packages/airflow/example_dags/example_branch_labels.py
[2024-12-28T00:14:21.673+0000] {processor.py:914} INFO - Processing file /home/airflow/.local/lib/python3.12/site-packages/airflow/example_dags/example_branch_labels.py for tasks to queue
[2024-12-28T00:14:21.676+0000] {logging_mixin.py:190} INFO - [2024-12-28T00:14:21.675+0000] {dagbag.py:588} INFO - Filling up the DagBag from /home/airflow/.local/lib/python3.12/site-packages/airflow/example_dags/example_branch_labels.py
[2024-12-28T00:14:21.687+0000] {processor.py:925} INFO - DAG(s) 'example_branch_labels' retrieved from /home/airflow/.local/lib/python3.12/site-packages/airflow/example_dags/example_branch_labels.py
[2024-12-28T00:14:21.715+0000] {logging_mixin.py:190} INFO - [2024-12-28T00:14:21.715+0000] {dag.py:3239} INFO - Sync 1 DAGs
[2024-12-28T00:14:21.748+0000] {logging_mixin.py:190} INFO - [2024-12-28T00:14:21.747+0000] {dag.py:4180} INFO - Setting next_dagrun for example_branch_labels to 2024-12-27 00:00:00+00:00, run_after=2024-12-28 00:00:00+00:00
[2024-12-28T00:14:21.780+0000] {processor.py:208} INFO - Processing /home/airflow/.local/lib/python3.12/site-packages/airflow/example_dags/example_branch_labels.py took 0.114 seconds
[2024-12-28T00:14:52.479+0000] {processor.py:186} INFO - Started process (PID=29630) to work on /home/airflow/.local/lib/python3.12/site-packages/airflow/example_dags/example_branch_labels.py
[2024-12-28T00:14:52.481+0000] {processor.py:914} INFO - Processing file /home/airflow/.local/lib/python3.12/site-packages/airflow/example_dags/example_branch_labels.py for tasks to queue
[2024-12-28T00:14:52.483+0000] {logging_mixin.py:190} INFO - [2024-12-28T00:14:52.482+0000] {dagbag.py:588} INFO - Filling up the DagBag from /home/airflow/.local/lib/python3.12/site-packages/airflow/example_dags/example_branch_labels.py
[2024-12-28T00:14:52.494+0000] {processor.py:925} INFO - DAG(s) 'example_branch_labels' retrieved from /home/airflow/.local/lib/python3.12/site-packages/airflow/example_dags/example_branch_labels.py
[2024-12-28T00:14:52.522+0000] {logging_mixin.py:190} INFO - [2024-12-28T00:14:52.521+0000] {dag.py:3239} INFO - Sync 1 DAGs
[2024-12-28T00:14:52.556+0000] {logging_mixin.py:190} INFO - [2024-12-28T00:14:52.556+0000] {dag.py:4180} INFO - Setting next_dagrun for example_branch_labels to 2024-12-27 00:00:00+00:00, run_after=2024-12-28 00:00:00+00:00
[2024-12-28T00:14:52.584+0000] {processor.py:208} INFO - Processing /home/airflow/.local/lib/python3.12/site-packages/airflow/example_dags/example_branch_labels.py took 0.110 seconds
[2024-12-28T00:15:22.640+0000] {processor.py:186} INFO - Started process (PID=29693) to work on /home/airflow/.local/lib/python3.12/site-packages/airflow/example_dags/example_branch_labels.py
[2024-12-28T00:15:22.642+0000] {processor.py:914} INFO - Processing file /home/airflow/.local/lib/python3.12/site-packages/airflow/example_dags/example_branch_labels.py for tasks to queue
[2024-12-28T00:15:22.644+0000] {logging_mixin.py:190} INFO - [2024-12-28T00:15:22.643+0000] {dagbag.py:588} INFO - Filling up the DagBag from /home/airflow/.local/lib/python3.12/site-packages/airflow/example_dags/example_branch_labels.py
[2024-12-28T00:15:22.653+0000] {processor.py:925} INFO - DAG(s) 'example_branch_labels' retrieved from /home/airflow/.local/lib/python3.12/site-packages/airflow/example_dags/example_branch_labels.py
[2024-12-28T00:15:22.682+0000] {logging_mixin.py:190} INFO - [2024-12-28T00:15:22.681+0000] {dag.py:3239} INFO - Sync 1 DAGs
[2024-12-28T00:15:22.709+0000] {logging_mixin.py:190} INFO - [2024-12-28T00:15:22.709+0000] {dag.py:4180} INFO - Setting next_dagrun for example_branch_labels to 2024-12-27 00:00:00+00:00, run_after=2024-12-28 00:00:00+00:00
[2024-12-28T00:15:22.741+0000] {processor.py:208} INFO - Processing /home/airflow/.local/lib/python3.12/site-packages/airflow/example_dags/example_branch_labels.py took 0.107 seconds
[2024-12-28T00:15:53.374+0000] {processor.py:186} INFO - Started process (PID=29758) to work on /home/airflow/.local/lib/python3.12/site-packages/airflow/example_dags/example_branch_labels.py
[2024-12-28T00:15:53.375+0000] {processor.py:914} INFO - Processing file /home/airflow/.local/lib/python3.12/site-packages/airflow/example_dags/example_branch_labels.py for tasks to queue
[2024-12-28T00:15:53.378+0000] {logging_mixin.py:190} INFO - [2024-12-28T00:15:53.377+0000] {dagbag.py:588} INFO - Filling up the DagBag from /home/airflow/.local/lib/python3.12/site-packages/airflow/example_dags/example_branch_labels.py
[2024-12-28T00:15:53.389+0000] {processor.py:925} INFO - DAG(s) 'example_branch_labels' retrieved from /home/airflow/.local/lib/python3.12/site-packages/airflow/example_dags/example_branch_labels.py
[2024-12-28T00:15:53.415+0000] {logging_mixin.py:190} INFO - [2024-12-28T00:15:53.414+0000] {dag.py:3239} INFO - Sync 1 DAGs
[2024-12-28T00:15:53.445+0000] {logging_mixin.py:190} INFO - [2024-12-28T00:15:53.444+0000] {dag.py:4180} INFO - Setting next_dagrun for example_branch_labels to 2024-12-27 00:00:00+00:00, run_after=2024-12-28 00:00:00+00:00
[2024-12-28T00:15:53.476+0000] {processor.py:208} INFO - Processing /home/airflow/.local/lib/python3.12/site-packages/airflow/example_dags/example_branch_labels.py took 0.108 seconds
[2024-12-28T00:16:23.866+0000] {processor.py:186} INFO - Started process (PID=29819) to work on /home/airflow/.local/lib/python3.12/site-packages/airflow/example_dags/example_branch_labels.py
[2024-12-28T00:16:23.868+0000] {processor.py:914} INFO - Processing file /home/airflow/.local/lib/python3.12/site-packages/airflow/example_dags/example_branch_labels.py for tasks to queue
[2024-12-28T00:16:23.869+0000] {logging_mixin.py:190} INFO - [2024-12-28T00:16:23.869+0000] {dagbag.py:588} INFO - Filling up the DagBag from /home/airflow/.local/lib/python3.12/site-packages/airflow/example_dags/example_branch_labels.py
[2024-12-28T00:16:23.879+0000] {processor.py:925} INFO - DAG(s) 'example_branch_labels' retrieved from /home/airflow/.local/lib/python3.12/site-packages/airflow/example_dags/example_branch_labels.py
[2024-12-28T00:16:23.905+0000] {logging_mixin.py:190} INFO - [2024-12-28T00:16:23.905+0000] {dag.py:3239} INFO - Sync 1 DAGs
[2024-12-28T00:16:23.931+0000] {logging_mixin.py:190} INFO - [2024-12-28T00:16:23.931+0000] {dag.py:4180} INFO - Setting next_dagrun for example_branch_labels to 2024-12-27 00:00:00+00:00, run_after=2024-12-28 00:00:00+00:00
[2024-12-28T00:16:23.955+0000] {processor.py:208} INFO - Processing /home/airflow/.local/lib/python3.12/site-packages/airflow/example_dags/example_branch_labels.py took 0.093 seconds
[2024-12-28T00:16:55.401+0000] {processor.py:186} INFO - Started process (PID=29883) to work on /home/airflow/.local/lib/python3.12/site-packages/airflow/example_dags/example_branch_labels.py
[2024-12-28T00:16:55.403+0000] {processor.py:914} INFO - Processing file /home/airflow/.local/lib/python3.12/site-packages/airflow/example_dags/example_branch_labels.py for tasks to queue
[2024-12-28T00:16:55.405+0000] {logging_mixin.py:190} INFO - [2024-12-28T00:16:55.405+0000] {dagbag.py:588} INFO - Filling up the DagBag from /home/airflow/.local/lib/python3.12/site-packages/airflow/example_dags/example_branch_labels.py
[2024-12-28T00:16:55.415+0000] {processor.py:925} INFO - DAG(s) 'example_branch_labels' retrieved from /home/airflow/.local/lib/python3.12/site-packages/airflow/example_dags/example_branch_labels.py
[2024-12-28T00:16:55.440+0000] {logging_mixin.py:190} INFO - [2024-12-28T00:16:55.439+0000] {dag.py:3239} INFO - Sync 1 DAGs
[2024-12-28T00:16:55.467+0000] {logging_mixin.py:190} INFO - [2024-12-28T00:16:55.466+0000] {dag.py:4180} INFO - Setting next_dagrun for example_branch_labels to 2024-12-27 00:00:00+00:00, run_after=2024-12-28 00:00:00+00:00
[2024-12-28T00:16:55.494+0000] {processor.py:208} INFO - Processing /home/airflow/.local/lib/python3.12/site-packages/airflow/example_dags/example_branch_labels.py took 0.097 seconds
[2024-12-28T00:17:26.196+0000] {processor.py:186} INFO - Started process (PID=29943) to work on /home/airflow/.local/lib/python3.12/site-packages/airflow/example_dags/example_branch_labels.py
[2024-12-28T00:17:26.198+0000] {processor.py:914} INFO - Processing file /home/airflow/.local/lib/python3.12/site-packages/airflow/example_dags/example_branch_labels.py for tasks to queue
[2024-12-28T00:17:26.199+0000] {logging_mixin.py:190} INFO - [2024-12-28T00:17:26.199+0000] {dagbag.py:588} INFO - Filling up the DagBag from /home/airflow/.local/lib/python3.12/site-packages/airflow/example_dags/example_branch_labels.py
[2024-12-28T00:17:26.209+0000] {processor.py:925} INFO - DAG(s) 'example_branch_labels' retrieved from /home/airflow/.local/lib/python3.12/site-packages/airflow/example_dags/example_branch_labels.py
[2024-12-28T00:17:26.236+0000] {logging_mixin.py:190} INFO - [2024-12-28T00:17:26.235+0000] {dag.py:3239} INFO - Sync 1 DAGs
[2024-12-28T00:17:26.264+0000] {logging_mixin.py:190} INFO - [2024-12-28T00:17:26.264+0000] {dag.py:4180} INFO - Setting next_dagrun for example_branch_labels to 2024-12-27 00:00:00+00:00, run_after=2024-12-28 00:00:00+00:00
[2024-12-28T00:17:26.289+0000] {processor.py:208} INFO - Processing /home/airflow/.local/lib/python3.12/site-packages/airflow/example_dags/example_branch_labels.py took 0.098 seconds
[2024-12-28T00:17:56.632+0000] {processor.py:186} INFO - Started process (PID=30002) to work on /home/airflow/.local/lib/python3.12/site-packages/airflow/example_dags/example_branch_labels.py
[2024-12-28T00:17:56.634+0000] {processor.py:914} INFO - Processing file /home/airflow/.local/lib/python3.12/site-packages/airflow/example_dags/example_branch_labels.py for tasks to queue
[2024-12-28T00:17:56.636+0000] {logging_mixin.py:190} INFO - [2024-12-28T00:17:56.636+0000] {dagbag.py:588} INFO - Filling up the DagBag from /home/airflow/.local/lib/python3.12/site-packages/airflow/example_dags/example_branch_labels.py
[2024-12-28T00:17:56.646+0000] {processor.py:925} INFO - DAG(s) 'example_branch_labels' retrieved from /home/airflow/.local/lib/python3.12/site-packages/airflow/example_dags/example_branch_labels.py
[2024-12-28T00:17:56.675+0000] {logging_mixin.py:190} INFO - [2024-12-28T00:17:56.675+0000] {dag.py:3239} INFO - Sync 1 DAGs
[2024-12-28T00:17:56.712+0000] {logging_mixin.py:190} INFO - [2024-12-28T00:17:56.711+0000] {dag.py:4180} INFO - Setting next_dagrun for example_branch_labels to 2024-12-27 00:00:00+00:00, run_after=2024-12-28 00:00:00+00:00
[2024-12-28T00:17:56.737+0000] {processor.py:208} INFO - Processing /home/airflow/.local/lib/python3.12/site-packages/airflow/example_dags/example_branch_labels.py took 0.111 seconds
[2024-12-28T00:18:27.223+0000] {processor.py:186} INFO - Started process (PID=30065) to work on /home/airflow/.local/lib/python3.12/site-packages/airflow/example_dags/example_branch_labels.py
[2024-12-28T00:18:27.225+0000] {processor.py:914} INFO - Processing file /home/airflow/.local/lib/python3.12/site-packages/airflow/example_dags/example_branch_labels.py for tasks to queue
[2024-12-28T00:18:27.227+0000] {logging_mixin.py:190} INFO - [2024-12-28T00:18:27.227+0000] {dagbag.py:588} INFO - Filling up the DagBag from /home/airflow/.local/lib/python3.12/site-packages/airflow/example_dags/example_branch_labels.py
[2024-12-28T00:18:27.238+0000] {processor.py:925} INFO - DAG(s) 'example_branch_labels' retrieved from /home/airflow/.local/lib/python3.12/site-packages/airflow/example_dags/example_branch_labels.py
[2024-12-28T00:18:27.266+0000] {logging_mixin.py:190} INFO - [2024-12-28T00:18:27.265+0000] {dag.py:3239} INFO - Sync 1 DAGs
[2024-12-28T00:18:27.296+0000] {logging_mixin.py:190} INFO - [2024-12-28T00:18:27.295+0000] {dag.py:4180} INFO - Setting next_dagrun for example_branch_labels to 2024-12-27 00:00:00+00:00, run_after=2024-12-28 00:00:00+00:00
[2024-12-28T00:18:27.324+0000] {processor.py:208} INFO - Processing /home/airflow/.local/lib/python3.12/site-packages/airflow/example_dags/example_branch_labels.py took 0.105 seconds
[2024-12-28T00:18:57.432+0000] {processor.py:186} INFO - Started process (PID=30128) to work on /home/airflow/.local/lib/python3.12/site-packages/airflow/example_dags/example_branch_labels.py
[2024-12-28T00:18:57.433+0000] {processor.py:914} INFO - Processing file /home/airflow/.local/lib/python3.12/site-packages/airflow/example_dags/example_branch_labels.py for tasks to queue
[2024-12-28T00:18:57.435+0000] {logging_mixin.py:190} INFO - [2024-12-28T00:18:57.435+0000] {dagbag.py:588} INFO - Filling up the DagBag from /home/airflow/.local/lib/python3.12/site-packages/airflow/example_dags/example_branch_labels.py
[2024-12-28T00:18:57.446+0000] {processor.py:925} INFO - DAG(s) 'example_branch_labels' retrieved from /home/airflow/.local/lib/python3.12/site-packages/airflow/example_dags/example_branch_labels.py
[2024-12-28T00:18:57.474+0000] {logging_mixin.py:190} INFO - [2024-12-28T00:18:57.473+0000] {dag.py:3239} INFO - Sync 1 DAGs
[2024-12-28T00:18:57.499+0000] {logging_mixin.py:190} INFO - [2024-12-28T00:18:57.499+0000] {dag.py:4180} INFO - Setting next_dagrun for example_branch_labels to 2024-12-27 00:00:00+00:00, run_after=2024-12-28 00:00:00+00:00
[2024-12-28T00:18:57.528+0000] {processor.py:208} INFO - Processing /home/airflow/.local/lib/python3.12/site-packages/airflow/example_dags/example_branch_labels.py took 0.101 seconds
[2024-12-28T00:19:28.106+0000] {processor.py:186} INFO - Started process (PID=30192) to work on /home/airflow/.local/lib/python3.12/site-packages/airflow/example_dags/example_branch_labels.py
[2024-12-28T00:19:28.108+0000] {processor.py:914} INFO - Processing file /home/airflow/.local/lib/python3.12/site-packages/airflow/example_dags/example_branch_labels.py for tasks to queue
[2024-12-28T00:19:28.110+0000] {logging_mixin.py:190} INFO - [2024-12-28T00:19:28.109+0000] {dagbag.py:588} INFO - Filling up the DagBag from /home/airflow/.local/lib/python3.12/site-packages/airflow/example_dags/example_branch_labels.py
[2024-12-28T00:19:28.121+0000] {processor.py:925} INFO - DAG(s) 'example_branch_labels' retrieved from /home/airflow/.local/lib/python3.12/site-packages/airflow/example_dags/example_branch_labels.py
[2024-12-28T00:19:28.147+0000] {logging_mixin.py:190} INFO - [2024-12-28T00:19:28.146+0000] {dag.py:3239} INFO - Sync 1 DAGs
[2024-12-28T00:19:28.186+0000] {logging_mixin.py:190} INFO - [2024-12-28T00:19:28.186+0000] {dag.py:4180} INFO - Setting next_dagrun for example_branch_labels to 2024-12-27 00:00:00+00:00, run_after=2024-12-28 00:00:00+00:00
[2024-12-28T00:19:28.216+0000] {processor.py:208} INFO - Processing /home/airflow/.local/lib/python3.12/site-packages/airflow/example_dags/example_branch_labels.py took 0.116 seconds
[2024-12-28T00:19:58.395+0000] {processor.py:186} INFO - Started process (PID=30257) to work on /home/airflow/.local/lib/python3.12/site-packages/airflow/example_dags/example_branch_labels.py
[2024-12-28T00:19:58.397+0000] {processor.py:914} INFO - Processing file /home/airflow/.local/lib/python3.12/site-packages/airflow/example_dags/example_branch_labels.py for tasks to queue
[2024-12-28T00:19:58.399+0000] {logging_mixin.py:190} INFO - [2024-12-28T00:19:58.398+0000] {dagbag.py:588} INFO - Filling up the DagBag from /home/airflow/.local/lib/python3.12/site-packages/airflow/example_dags/example_branch_labels.py
[2024-12-28T00:19:58.412+0000] {processor.py:925} INFO - DAG(s) 'example_branch_labels' retrieved from /home/airflow/.local/lib/python3.12/site-packages/airflow/example_dags/example_branch_labels.py
[2024-12-28T00:19:58.442+0000] {logging_mixin.py:190} INFO - [2024-12-28T00:19:58.441+0000] {dag.py:3239} INFO - Sync 1 DAGs
[2024-12-28T00:19:58.468+0000] {logging_mixin.py:190} INFO - [2024-12-28T00:19:58.467+0000] {dag.py:4180} INFO - Setting next_dagrun for example_branch_labels to 2024-12-27 00:00:00+00:00, run_after=2024-12-28 00:00:00+00:00
[2024-12-28T00:19:58.493+0000] {processor.py:208} INFO - Processing /home/airflow/.local/lib/python3.12/site-packages/airflow/example_dags/example_branch_labels.py took 0.104 seconds
[2024-12-28T00:20:28.700+0000] {processor.py:186} INFO - Started process (PID=30321) to work on /home/airflow/.local/lib/python3.12/site-packages/airflow/example_dags/example_branch_labels.py
[2024-12-28T00:20:28.702+0000] {processor.py:914} INFO - Processing file /home/airflow/.local/lib/python3.12/site-packages/airflow/example_dags/example_branch_labels.py for tasks to queue
[2024-12-28T00:20:28.704+0000] {logging_mixin.py:190} INFO - [2024-12-28T00:20:28.703+0000] {dagbag.py:588} INFO - Filling up the DagBag from /home/airflow/.local/lib/python3.12/site-packages/airflow/example_dags/example_branch_labels.py
[2024-12-28T00:20:28.718+0000] {processor.py:925} INFO - DAG(s) 'example_branch_labels' retrieved from /home/airflow/.local/lib/python3.12/site-packages/airflow/example_dags/example_branch_labels.py
[2024-12-28T00:20:28.749+0000] {logging_mixin.py:190} INFO - [2024-12-28T00:20:28.748+0000] {dag.py:3239} INFO - Sync 1 DAGs
[2024-12-28T00:20:28.787+0000] {logging_mixin.py:190} INFO - [2024-12-28T00:20:28.786+0000] {dag.py:4180} INFO - Setting next_dagrun for example_branch_labels to 2024-12-27 00:00:00+00:00, run_after=2024-12-28 00:00:00+00:00
[2024-12-28T00:20:28.826+0000] {processor.py:208} INFO - Processing /home/airflow/.local/lib/python3.12/site-packages/airflow/example_dags/example_branch_labels.py took 0.132 seconds
[2024-12-28T00:20:59.042+0000] {processor.py:186} INFO - Started process (PID=30385) to work on /home/airflow/.local/lib/python3.12/site-packages/airflow/example_dags/example_branch_labels.py
[2024-12-28T00:20:59.043+0000] {processor.py:914} INFO - Processing file /home/airflow/.local/lib/python3.12/site-packages/airflow/example_dags/example_branch_labels.py for tasks to queue
[2024-12-28T00:20:59.046+0000] {logging_mixin.py:190} INFO - [2024-12-28T00:20:59.045+0000] {dagbag.py:588} INFO - Filling up the DagBag from /home/airflow/.local/lib/python3.12/site-packages/airflow/example_dags/example_branch_labels.py
[2024-12-28T00:20:59.057+0000] {processor.py:925} INFO - DAG(s) 'example_branch_labels' retrieved from /home/airflow/.local/lib/python3.12/site-packages/airflow/example_dags/example_branch_labels.py
[2024-12-28T00:20:59.085+0000] {logging_mixin.py:190} INFO - [2024-12-28T00:20:59.084+0000] {dag.py:3239} INFO - Sync 1 DAGs
[2024-12-28T00:20:59.113+0000] {logging_mixin.py:190} INFO - [2024-12-28T00:20:59.113+0000] {dag.py:4180} INFO - Setting next_dagrun for example_branch_labels to 2024-12-27 00:00:00+00:00, run_after=2024-12-28 00:00:00+00:00
[2024-12-28T00:20:59.142+0000] {processor.py:208} INFO - Processing /home/airflow/.local/lib/python3.12/site-packages/airflow/example_dags/example_branch_labels.py took 0.106 seconds
[2024-12-28T00:21:29.217+0000] {processor.py:186} INFO - Started process (PID=30448) to work on /home/airflow/.local/lib/python3.12/site-packages/airflow/example_dags/example_branch_labels.py
[2024-12-28T00:21:29.218+0000] {processor.py:914} INFO - Processing file /home/airflow/.local/lib/python3.12/site-packages/airflow/example_dags/example_branch_labels.py for tasks to queue
[2024-12-28T00:21:29.220+0000] {logging_mixin.py:190} INFO - [2024-12-28T00:21:29.219+0000] {dagbag.py:588} INFO - Filling up the DagBag from /home/airflow/.local/lib/python3.12/site-packages/airflow/example_dags/example_branch_labels.py
[2024-12-28T00:21:29.230+0000] {processor.py:925} INFO - DAG(s) 'example_branch_labels' retrieved from /home/airflow/.local/lib/python3.12/site-packages/airflow/example_dags/example_branch_labels.py
[2024-12-28T00:21:29.257+0000] {logging_mixin.py:190} INFO - [2024-12-28T00:21:29.256+0000] {dag.py:3239} INFO - Sync 1 DAGs
[2024-12-28T00:21:29.284+0000] {logging_mixin.py:190} INFO - [2024-12-28T00:21:29.284+0000] {dag.py:4180} INFO - Setting next_dagrun for example_branch_labels to 2024-12-27 00:00:00+00:00, run_after=2024-12-28 00:00:00+00:00
[2024-12-28T00:21:29.318+0000] {processor.py:208} INFO - Processing /home/airflow/.local/lib/python3.12/site-packages/airflow/example_dags/example_branch_labels.py took 0.107 seconds
[2024-12-28T00:21:59.551+0000] {processor.py:186} INFO - Started process (PID=30513) to work on /home/airflow/.local/lib/python3.12/site-packages/airflow/example_dags/example_branch_labels.py
[2024-12-28T00:21:59.553+0000] {processor.py:914} INFO - Processing file /home/airflow/.local/lib/python3.12/site-packages/airflow/example_dags/example_branch_labels.py for tasks to queue
[2024-12-28T00:21:59.555+0000] {logging_mixin.py:190} INFO - [2024-12-28T00:21:59.554+0000] {dagbag.py:588} INFO - Filling up the DagBag from /home/airflow/.local/lib/python3.12/site-packages/airflow/example_dags/example_branch_labels.py
[2024-12-28T00:21:59.566+0000] {processor.py:925} INFO - DAG(s) 'example_branch_labels' retrieved from /home/airflow/.local/lib/python3.12/site-packages/airflow/example_dags/example_branch_labels.py
[2024-12-28T00:21:59.591+0000] {logging_mixin.py:190} INFO - [2024-12-28T00:21:59.591+0000] {dag.py:3239} INFO - Sync 1 DAGs
[2024-12-28T00:21:59.618+0000] {logging_mixin.py:190} INFO - [2024-12-28T00:21:59.618+0000] {dag.py:4180} INFO - Setting next_dagrun for example_branch_labels to 2024-12-27 00:00:00+00:00, run_after=2024-12-28 00:00:00+00:00
[2024-12-28T00:21:59.645+0000] {processor.py:208} INFO - Processing /home/airflow/.local/lib/python3.12/site-packages/airflow/example_dags/example_branch_labels.py took 0.099 seconds
[2024-12-28T00:22:30.221+0000] {processor.py:186} INFO - Started process (PID=30577) to work on /home/airflow/.local/lib/python3.12/site-packages/airflow/example_dags/example_branch_labels.py
[2024-12-28T00:22:30.234+0000] {processor.py:914} INFO - Processing file /home/airflow/.local/lib/python3.12/site-packages/airflow/example_dags/example_branch_labels.py for tasks to queue
[2024-12-28T00:22:30.244+0000] {logging_mixin.py:190} INFO - [2024-12-28T00:22:30.242+0000] {dagbag.py:588} INFO - Filling up the DagBag from /home/airflow/.local/lib/python3.12/site-packages/airflow/example_dags/example_branch_labels.py
[2024-12-28T00:22:30.358+0000] {processor.py:925} INFO - DAG(s) 'example_branch_labels' retrieved from /home/airflow/.local/lib/python3.12/site-packages/airflow/example_dags/example_branch_labels.py
[2024-12-28T00:22:30.510+0000] {logging_mixin.py:190} INFO - [2024-12-28T00:22:30.508+0000] {dag.py:3239} INFO - Sync 1 DAGs
[2024-12-28T00:22:30.586+0000] {logging_mixin.py:190} INFO - [2024-12-28T00:22:30.586+0000] {dag.py:4180} INFO - Setting next_dagrun for example_branch_labels to 2024-12-27 00:00:00+00:00, run_after=2024-12-28 00:00:00+00:00
[2024-12-28T00:22:30.661+0000] {processor.py:208} INFO - Processing /home/airflow/.local/lib/python3.12/site-packages/airflow/example_dags/example_branch_labels.py took 0.475 seconds
