[2024-12-28T00:00:29.738+0000] {processor.py:186} INFO - Started process (PID=27805) to work on /home/airflow/.local/lib/python3.12/site-packages/airflow/example_dags/example_branch_python_dop_operator_3.py
[2024-12-28T00:00:29.740+0000] {processor.py:914} INFO - Processing file /home/airflow/.local/lib/python3.12/site-packages/airflow/example_dags/example_branch_python_dop_operator_3.py for tasks to queue
[2024-12-28T00:00:29.743+0000] {logging_mixin.py:190} INFO - [2024-12-28T00:00:29.742+0000] {dagbag.py:588} INFO - Filling up the DagBag from /home/airflow/.local/lib/python3.12/site-packages/airflow/example_dags/example_branch_python_dop_operator_3.py
[2024-12-28T00:00:29.760+0000] {processor.py:925} INFO - DAG(s) 'example_branch_dop_operator_v3' retrieved from /home/airflow/.local/lib/python3.12/site-packages/airflow/example_dags/example_branch_python_dop_operator_3.py
[2024-12-28T00:00:29.785+0000] {logging_mixin.py:190} INFO - [2024-12-28T00:00:29.785+0000] {dag.py:3239} INFO - Sync 1 DAGs
[2024-12-28T00:00:29.814+0000] {logging_mixin.py:190} INFO - [2024-12-28T00:00:29.814+0000] {dag.py:4180} INFO - Setting next_dagrun for example_branch_dop_operator_v3 to 2024-12-27 23:59:00+00:00, run_after=2024-12-28 00:00:00+00:00
[2024-12-28T00:00:29.839+0000] {processor.py:208} INFO - Processing /home/airflow/.local/lib/python3.12/site-packages/airflow/example_dags/example_branch_python_dop_operator_3.py took 0.107 seconds
[2024-12-28T00:01:00.286+0000] {processor.py:186} INFO - Started process (PID=27869) to work on /home/airflow/.local/lib/python3.12/site-packages/airflow/example_dags/example_branch_python_dop_operator_3.py
[2024-12-28T00:01:00.288+0000] {processor.py:914} INFO - Processing file /home/airflow/.local/lib/python3.12/site-packages/airflow/example_dags/example_branch_python_dop_operator_3.py for tasks to queue
[2024-12-28T00:01:00.290+0000] {logging_mixin.py:190} INFO - [2024-12-28T00:01:00.289+0000] {dagbag.py:588} INFO - Filling up the DagBag from /home/airflow/.local/lib/python3.12/site-packages/airflow/example_dags/example_branch_python_dop_operator_3.py
[2024-12-28T00:01:00.301+0000] {processor.py:925} INFO - DAG(s) 'example_branch_dop_operator_v3' retrieved from /home/airflow/.local/lib/python3.12/site-packages/airflow/example_dags/example_branch_python_dop_operator_3.py
[2024-12-28T00:01:00.331+0000] {logging_mixin.py:190} INFO - [2024-12-28T00:01:00.330+0000] {dag.py:3239} INFO - Sync 1 DAGs
[2024-12-28T00:01:00.370+0000] {logging_mixin.py:190} INFO - [2024-12-28T00:01:00.369+0000] {dag.py:4180} INFO - Setting next_dagrun for example_branch_dop_operator_v3 to 2024-12-28 00:00:00+00:00, run_after=2024-12-28 00:01:00+00:00
[2024-12-28T00:01:00.400+0000] {processor.py:208} INFO - Processing /home/airflow/.local/lib/python3.12/site-packages/airflow/example_dags/example_branch_python_dop_operator_3.py took 0.118 seconds
[2024-12-28T00:01:31.071+0000] {processor.py:186} INFO - Started process (PID=27933) to work on /home/airflow/.local/lib/python3.12/site-packages/airflow/example_dags/example_branch_python_dop_operator_3.py
[2024-12-28T00:01:31.072+0000] {processor.py:914} INFO - Processing file /home/airflow/.local/lib/python3.12/site-packages/airflow/example_dags/example_branch_python_dop_operator_3.py for tasks to queue
[2024-12-28T00:01:31.074+0000] {logging_mixin.py:190} INFO - [2024-12-28T00:01:31.073+0000] {dagbag.py:588} INFO - Filling up the DagBag from /home/airflow/.local/lib/python3.12/site-packages/airflow/example_dags/example_branch_python_dop_operator_3.py
[2024-12-28T00:01:31.085+0000] {processor.py:925} INFO - DAG(s) 'example_branch_dop_operator_v3' retrieved from /home/airflow/.local/lib/python3.12/site-packages/airflow/example_dags/example_branch_python_dop_operator_3.py
[2024-12-28T00:01:31.110+0000] {logging_mixin.py:190} INFO - [2024-12-28T00:01:31.109+0000] {dag.py:3239} INFO - Sync 1 DAGs
[2024-12-28T00:01:31.140+0000] {logging_mixin.py:190} INFO - [2024-12-28T00:01:31.139+0000] {dag.py:4180} INFO - Setting next_dagrun for example_branch_dop_operator_v3 to 2024-12-28 00:00:00+00:00, run_after=2024-12-28 00:01:00+00:00
[2024-12-28T00:01:31.165+0000] {processor.py:208} INFO - Processing /home/airflow/.local/lib/python3.12/site-packages/airflow/example_dags/example_branch_python_dop_operator_3.py took 0.100 seconds
