[2024-12-28T00:00:11.588+0000] {processor.py:186} INFO - Started process (PID=27779) to work on /home/airflow/.local/lib/python3.12/site-packages/airflow/example_dags/example_sla_dag.py
[2024-12-28T00:00:11.590+0000] {processor.py:914} INFO - Processing file /home/airflow/.local/lib/python3.12/site-packages/airflow/example_dags/example_sla_dag.py for tasks to queue
[2024-12-28T00:00:11.592+0000] {logging_mixin.py:190} INFO - [2024-12-28T00:00:11.591+0000] {dagbag.py:588} INFO - Filling up the DagBag from /home/airflow/.local/lib/python3.12/site-packages/airflow/example_dags/example_sla_dag.py
[2024-12-28T00:00:11.603+0000] {processor.py:925} INFO - DAG(s) 'example_sla_dag' retrieved from /home/airflow/.local/lib/python3.12/site-packages/airflow/example_dags/example_sla_dag.py
[2024-12-28T00:00:11.627+0000] {logging_mixin.py:190} INFO - [2024-12-28T00:00:11.627+0000] {dag.py:3239} INFO - Sync 1 DAGs
[2024-12-28T00:00:11.654+0000] {logging_mixin.py:190} INFO - [2024-12-28T00:00:11.654+0000] {dag.py:4180} INFO - Setting next_dagrun for example_sla_dag to 2024-12-27 23:58:00+00:00, run_after=2024-12-28 00:00:00+00:00
[2024-12-28T00:00:11.680+0000] {processor.py:208} INFO - Processing /home/airflow/.local/lib/python3.12/site-packages/airflow/example_dags/example_sla_dag.py took 0.097 seconds
[2024-12-28T00:00:42.521+0000] {processor.py:186} INFO - Started process (PID=27843) to work on /home/airflow/.local/lib/python3.12/site-packages/airflow/example_dags/example_sla_dag.py
[2024-12-28T00:00:42.523+0000] {processor.py:914} INFO - Processing file /home/airflow/.local/lib/python3.12/site-packages/airflow/example_dags/example_sla_dag.py for tasks to queue
[2024-12-28T00:00:42.525+0000] {logging_mixin.py:190} INFO - [2024-12-28T00:00:42.525+0000] {dagbag.py:588} INFO - Filling up the DagBag from /home/airflow/.local/lib/python3.12/site-packages/airflow/example_dags/example_sla_dag.py
[2024-12-28T00:00:42.535+0000] {processor.py:925} INFO - DAG(s) 'example_sla_dag' retrieved from /home/airflow/.local/lib/python3.12/site-packages/airflow/example_dags/example_sla_dag.py
[2024-12-28T00:00:42.559+0000] {logging_mixin.py:190} INFO - [2024-12-28T00:00:42.559+0000] {dag.py:3239} INFO - Sync 1 DAGs
[2024-12-28T00:00:42.589+0000] {logging_mixin.py:190} INFO - [2024-12-28T00:00:42.588+0000] {dag.py:4180} INFO - Setting next_dagrun for example_sla_dag to 2024-12-27 23:58:00+00:00, run_after=2024-12-28 00:00:00+00:00
[2024-12-28T00:00:42.617+0000] {processor.py:208} INFO - Processing /home/airflow/.local/lib/python3.12/site-packages/airflow/example_dags/example_sla_dag.py took 0.102 seconds
[2024-12-28T00:01:13.121+0000] {processor.py:186} INFO - Started process (PID=27906) to work on /home/airflow/.local/lib/python3.12/site-packages/airflow/example_dags/example_sla_dag.py
[2024-12-28T00:01:13.123+0000] {processor.py:914} INFO - Processing file /home/airflow/.local/lib/python3.12/site-packages/airflow/example_dags/example_sla_dag.py for tasks to queue
[2024-12-28T00:01:13.125+0000] {logging_mixin.py:190} INFO - [2024-12-28T00:01:13.124+0000] {dagbag.py:588} INFO - Filling up the DagBag from /home/airflow/.local/lib/python3.12/site-packages/airflow/example_dags/example_sla_dag.py
[2024-12-28T00:01:13.136+0000] {processor.py:925} INFO - DAG(s) 'example_sla_dag' retrieved from /home/airflow/.local/lib/python3.12/site-packages/airflow/example_dags/example_sla_dag.py
[2024-12-28T00:01:13.165+0000] {logging_mixin.py:190} INFO - [2024-12-28T00:01:13.165+0000] {dag.py:3239} INFO - Sync 1 DAGs
[2024-12-28T00:01:13.196+0000] {logging_mixin.py:190} INFO - [2024-12-28T00:01:13.196+0000] {dag.py:4180} INFO - Setting next_dagrun for example_sla_dag to 2024-12-27 23:58:00+00:00, run_after=2024-12-28 00:00:00+00:00
[2024-12-28T00:01:13.224+0000] {processor.py:208} INFO - Processing /home/airflow/.local/lib/python3.12/site-packages/airflow/example_dags/example_sla_dag.py took 0.107 seconds
[2024-12-28T00:01:43.722+0000] {processor.py:186} INFO - Started process (PID=27970) to work on /home/airflow/.local/lib/python3.12/site-packages/airflow/example_dags/example_sla_dag.py
[2024-12-28T00:01:43.724+0000] {processor.py:914} INFO - Processing file /home/airflow/.local/lib/python3.12/site-packages/airflow/example_dags/example_sla_dag.py for tasks to queue
[2024-12-28T00:01:43.726+0000] {logging_mixin.py:190} INFO - [2024-12-28T00:01:43.725+0000] {dagbag.py:588} INFO - Filling up the DagBag from /home/airflow/.local/lib/python3.12/site-packages/airflow/example_dags/example_sla_dag.py
[2024-12-28T00:01:43.742+0000] {processor.py:925} INFO - DAG(s) 'example_sla_dag' retrieved from /home/airflow/.local/lib/python3.12/site-packages/airflow/example_dags/example_sla_dag.py
[2024-12-28T00:01:43.774+0000] {logging_mixin.py:190} INFO - [2024-12-28T00:01:43.774+0000] {dag.py:3239} INFO - Sync 1 DAGs
[2024-12-28T00:01:43.815+0000] {logging_mixin.py:190} INFO - [2024-12-28T00:01:43.814+0000] {dag.py:4180} INFO - Setting next_dagrun for example_sla_dag to 2024-12-27 23:58:00+00:00, run_after=2024-12-28 00:00:00+00:00
[2024-12-28T00:01:43.850+0000] {processor.py:208} INFO - Processing /home/airflow/.local/lib/python3.12/site-packages/airflow/example_dags/example_sla_dag.py took 0.134 seconds
[2024-12-28T00:02:14.546+0000] {processor.py:186} INFO - Started process (PID=28034) to work on /home/airflow/.local/lib/python3.12/site-packages/airflow/example_dags/example_sla_dag.py
[2024-12-28T00:02:14.557+0000] {processor.py:914} INFO - Processing file /home/airflow/.local/lib/python3.12/site-packages/airflow/example_dags/example_sla_dag.py for tasks to queue
[2024-12-28T00:02:14.559+0000] {logging_mixin.py:190} INFO - [2024-12-28T00:02:14.559+0000] {dagbag.py:588} INFO - Filling up the DagBag from /home/airflow/.local/lib/python3.12/site-packages/airflow/example_dags/example_sla_dag.py
[2024-12-28T00:02:14.570+0000] {processor.py:925} INFO - DAG(s) 'example_sla_dag' retrieved from /home/airflow/.local/lib/python3.12/site-packages/airflow/example_dags/example_sla_dag.py
[2024-12-28T00:02:14.597+0000] {logging_mixin.py:190} INFO - [2024-12-28T00:02:14.597+0000] {dag.py:3239} INFO - Sync 1 DAGs
[2024-12-28T00:02:14.632+0000] {logging_mixin.py:190} INFO - [2024-12-28T00:02:14.632+0000] {dag.py:4180} INFO - Setting next_dagrun for example_sla_dag to 2024-12-28 00:00:00+00:00, run_after=2024-12-28 00:02:00+00:00
[2024-12-28T00:02:14.665+0000] {processor.py:208} INFO - Processing /home/airflow/.local/lib/python3.12/site-packages/airflow/example_dags/example_sla_dag.py took 0.126 seconds
[2024-12-28T00:02:44.920+0000] {processor.py:186} INFO - Started process (PID=28099) to work on /home/airflow/.local/lib/python3.12/site-packages/airflow/example_dags/example_sla_dag.py
[2024-12-28T00:02:44.921+0000] {processor.py:914} INFO - Processing file /home/airflow/.local/lib/python3.12/site-packages/airflow/example_dags/example_sla_dag.py for tasks to queue
[2024-12-28T00:02:44.923+0000] {logging_mixin.py:190} INFO - [2024-12-28T00:02:44.923+0000] {dagbag.py:588} INFO - Filling up the DagBag from /home/airflow/.local/lib/python3.12/site-packages/airflow/example_dags/example_sla_dag.py
[2024-12-28T00:02:44.937+0000] {processor.py:925} INFO - DAG(s) 'example_sla_dag' retrieved from /home/airflow/.local/lib/python3.12/site-packages/airflow/example_dags/example_sla_dag.py
[2024-12-28T00:02:44.964+0000] {logging_mixin.py:190} INFO - [2024-12-28T00:02:44.963+0000] {dag.py:3239} INFO - Sync 1 DAGs
[2024-12-28T00:02:44.993+0000] {logging_mixin.py:190} INFO - [2024-12-28T00:02:44.992+0000] {dag.py:4180} INFO - Setting next_dagrun for example_sla_dag to 2024-12-28 00:00:00+00:00, run_after=2024-12-28 00:02:00+00:00
[2024-12-28T00:02:45.048+0000] {processor.py:208} INFO - Processing /home/airflow/.local/lib/python3.12/site-packages/airflow/example_dags/example_sla_dag.py took 0.134 seconds
[2024-12-28T00:03:15.299+0000] {processor.py:186} INFO - Started process (PID=28162) to work on /home/airflow/.local/lib/python3.12/site-packages/airflow/example_dags/example_sla_dag.py
[2024-12-28T00:03:15.300+0000] {processor.py:914} INFO - Processing file /home/airflow/.local/lib/python3.12/site-packages/airflow/example_dags/example_sla_dag.py for tasks to queue
[2024-12-28T00:03:15.302+0000] {logging_mixin.py:190} INFO - [2024-12-28T00:03:15.302+0000] {dagbag.py:588} INFO - Filling up the DagBag from /home/airflow/.local/lib/python3.12/site-packages/airflow/example_dags/example_sla_dag.py
[2024-12-28T00:03:15.315+0000] {processor.py:925} INFO - DAG(s) 'example_sla_dag' retrieved from /home/airflow/.local/lib/python3.12/site-packages/airflow/example_dags/example_sla_dag.py
[2024-12-28T00:03:15.342+0000] {logging_mixin.py:190} INFO - [2024-12-28T00:03:15.342+0000] {dag.py:3239} INFO - Sync 1 DAGs
[2024-12-28T00:03:15.372+0000] {logging_mixin.py:190} INFO - [2024-12-28T00:03:15.372+0000] {dag.py:4180} INFO - Setting next_dagrun for example_sla_dag to 2024-12-28 00:00:00+00:00, run_after=2024-12-28 00:02:00+00:00
[2024-12-28T00:03:15.401+0000] {processor.py:208} INFO - Processing /home/airflow/.local/lib/python3.12/site-packages/airflow/example_dags/example_sla_dag.py took 0.108 seconds
[2024-12-28T00:03:45.535+0000] {processor.py:186} INFO - Started process (PID=28226) to work on /home/airflow/.local/lib/python3.12/site-packages/airflow/example_dags/example_sla_dag.py
[2024-12-28T00:03:45.536+0000] {processor.py:914} INFO - Processing file /home/airflow/.local/lib/python3.12/site-packages/airflow/example_dags/example_sla_dag.py for tasks to queue
[2024-12-28T00:03:45.538+0000] {logging_mixin.py:190} INFO - [2024-12-28T00:03:45.538+0000] {dagbag.py:588} INFO - Filling up the DagBag from /home/airflow/.local/lib/python3.12/site-packages/airflow/example_dags/example_sla_dag.py
[2024-12-28T00:03:45.549+0000] {processor.py:925} INFO - DAG(s) 'example_sla_dag' retrieved from /home/airflow/.local/lib/python3.12/site-packages/airflow/example_dags/example_sla_dag.py
[2024-12-28T00:03:45.573+0000] {logging_mixin.py:190} INFO - [2024-12-28T00:03:45.572+0000] {dag.py:3239} INFO - Sync 1 DAGs
[2024-12-28T00:03:45.602+0000] {logging_mixin.py:190} INFO - [2024-12-28T00:03:45.601+0000] {dag.py:4180} INFO - Setting next_dagrun for example_sla_dag to 2024-12-28 00:00:00+00:00, run_after=2024-12-28 00:02:00+00:00
[2024-12-28T00:03:45.631+0000] {processor.py:208} INFO - Processing /home/airflow/.local/lib/python3.12/site-packages/airflow/example_dags/example_sla_dag.py took 0.101 seconds
[2024-12-28T00:04:15.980+0000] {processor.py:186} INFO - Started process (PID=28290) to work on /home/airflow/.local/lib/python3.12/site-packages/airflow/example_dags/example_sla_dag.py
[2024-12-28T00:04:15.982+0000] {processor.py:914} INFO - Processing file /home/airflow/.local/lib/python3.12/site-packages/airflow/example_dags/example_sla_dag.py for tasks to queue
[2024-12-28T00:04:15.984+0000] {logging_mixin.py:190} INFO - [2024-12-28T00:04:15.983+0000] {dagbag.py:588} INFO - Filling up the DagBag from /home/airflow/.local/lib/python3.12/site-packages/airflow/example_dags/example_sla_dag.py
[2024-12-28T00:04:16.004+0000] {processor.py:925} INFO - DAG(s) 'example_sla_dag' retrieved from /home/airflow/.local/lib/python3.12/site-packages/airflow/example_dags/example_sla_dag.py
[2024-12-28T00:04:16.033+0000] {logging_mixin.py:190} INFO - [2024-12-28T00:04:16.033+0000] {dag.py:3239} INFO - Sync 1 DAGs
[2024-12-28T00:04:16.069+0000] {logging_mixin.py:190} INFO - [2024-12-28T00:04:16.069+0000] {dag.py:4180} INFO - Setting next_dagrun for example_sla_dag to 2024-12-28 00:02:00+00:00, run_after=2024-12-28 00:04:00+00:00
[2024-12-28T00:04:16.100+0000] {processor.py:208} INFO - Processing /home/airflow/.local/lib/python3.12/site-packages/airflow/example_dags/example_sla_dag.py took 0.127 seconds
[2024-12-28T00:04:46.332+0000] {processor.py:186} INFO - Started process (PID=28355) to work on /home/airflow/.local/lib/python3.12/site-packages/airflow/example_dags/example_sla_dag.py
[2024-12-28T00:04:46.333+0000] {processor.py:914} INFO - Processing file /home/airflow/.local/lib/python3.12/site-packages/airflow/example_dags/example_sla_dag.py for tasks to queue
[2024-12-28T00:04:46.336+0000] {logging_mixin.py:190} INFO - [2024-12-28T00:04:46.335+0000] {dagbag.py:588} INFO - Filling up the DagBag from /home/airflow/.local/lib/python3.12/site-packages/airflow/example_dags/example_sla_dag.py
[2024-12-28T00:04:46.347+0000] {processor.py:925} INFO - DAG(s) 'example_sla_dag' retrieved from /home/airflow/.local/lib/python3.12/site-packages/airflow/example_dags/example_sla_dag.py
[2024-12-28T00:04:46.373+0000] {logging_mixin.py:190} INFO - [2024-12-28T00:04:46.372+0000] {dag.py:3239} INFO - Sync 1 DAGs
[2024-12-28T00:04:46.401+0000] {logging_mixin.py:190} INFO - [2024-12-28T00:04:46.401+0000] {dag.py:4180} INFO - Setting next_dagrun for example_sla_dag to 2024-12-28 00:02:00+00:00, run_after=2024-12-28 00:04:00+00:00
[2024-12-28T00:04:46.428+0000] {processor.py:208} INFO - Processing /home/airflow/.local/lib/python3.12/site-packages/airflow/example_dags/example_sla_dag.py took 0.101 seconds
[2024-12-28T00:05:16.559+0000] {processor.py:186} INFO - Started process (PID=28419) to work on /home/airflow/.local/lib/python3.12/site-packages/airflow/example_dags/example_sla_dag.py
[2024-12-28T00:05:16.560+0000] {processor.py:914} INFO - Processing file /home/airflow/.local/lib/python3.12/site-packages/airflow/example_dags/example_sla_dag.py for tasks to queue
[2024-12-28T00:05:16.563+0000] {logging_mixin.py:190} INFO - [2024-12-28T00:05:16.562+0000] {dagbag.py:588} INFO - Filling up the DagBag from /home/airflow/.local/lib/python3.12/site-packages/airflow/example_dags/example_sla_dag.py
[2024-12-28T00:05:16.576+0000] {processor.py:925} INFO - DAG(s) 'example_sla_dag' retrieved from /home/airflow/.local/lib/python3.12/site-packages/airflow/example_dags/example_sla_dag.py
[2024-12-28T00:05:16.605+0000] {logging_mixin.py:190} INFO - [2024-12-28T00:05:16.605+0000] {dag.py:3239} INFO - Sync 1 DAGs
[2024-12-28T00:05:16.643+0000] {logging_mixin.py:190} INFO - [2024-12-28T00:05:16.643+0000] {dag.py:4180} INFO - Setting next_dagrun for example_sla_dag to 2024-12-28 00:02:00+00:00, run_after=2024-12-28 00:04:00+00:00
[2024-12-28T00:05:16.673+0000] {processor.py:208} INFO - Processing /home/airflow/.local/lib/python3.12/site-packages/airflow/example_dags/example_sla_dag.py took 0.120 seconds
[2024-12-28T00:05:46.814+0000] {processor.py:186} INFO - Started process (PID=28483) to work on /home/airflow/.local/lib/python3.12/site-packages/airflow/example_dags/example_sla_dag.py
[2024-12-28T00:05:46.815+0000] {processor.py:914} INFO - Processing file /home/airflow/.local/lib/python3.12/site-packages/airflow/example_dags/example_sla_dag.py for tasks to queue
[2024-12-28T00:05:46.817+0000] {logging_mixin.py:190} INFO - [2024-12-28T00:05:46.816+0000] {dagbag.py:588} INFO - Filling up the DagBag from /home/airflow/.local/lib/python3.12/site-packages/airflow/example_dags/example_sla_dag.py
[2024-12-28T00:05:46.829+0000] {processor.py:925} INFO - DAG(s) 'example_sla_dag' retrieved from /home/airflow/.local/lib/python3.12/site-packages/airflow/example_dags/example_sla_dag.py
[2024-12-28T00:05:46.852+0000] {logging_mixin.py:190} INFO - [2024-12-28T00:05:46.852+0000] {dag.py:3239} INFO - Sync 1 DAGs
[2024-12-28T00:05:46.883+0000] {logging_mixin.py:190} INFO - [2024-12-28T00:05:46.883+0000] {dag.py:4180} INFO - Setting next_dagrun for example_sla_dag to 2024-12-28 00:02:00+00:00, run_after=2024-12-28 00:04:00+00:00
[2024-12-28T00:05:46.907+0000] {processor.py:208} INFO - Processing /home/airflow/.local/lib/python3.12/site-packages/airflow/example_dags/example_sla_dag.py took 0.099 seconds
[2024-12-28T00:06:17.534+0000] {processor.py:186} INFO - Started process (PID=28547) to work on /home/airflow/.local/lib/python3.12/site-packages/airflow/example_dags/example_sla_dag.py
[2024-12-28T00:06:17.535+0000] {processor.py:914} INFO - Processing file /home/airflow/.local/lib/python3.12/site-packages/airflow/example_dags/example_sla_dag.py for tasks to queue
[2024-12-28T00:06:17.537+0000] {logging_mixin.py:190} INFO - [2024-12-28T00:06:17.536+0000] {dagbag.py:588} INFO - Filling up the DagBag from /home/airflow/.local/lib/python3.12/site-packages/airflow/example_dags/example_sla_dag.py
[2024-12-28T00:06:17.549+0000] {processor.py:925} INFO - DAG(s) 'example_sla_dag' retrieved from /home/airflow/.local/lib/python3.12/site-packages/airflow/example_dags/example_sla_dag.py
[2024-12-28T00:06:17.575+0000] {logging_mixin.py:190} INFO - [2024-12-28T00:06:17.574+0000] {dag.py:3239} INFO - Sync 1 DAGs
[2024-12-28T00:06:17.605+0000] {logging_mixin.py:190} INFO - [2024-12-28T00:06:17.604+0000] {dag.py:4180} INFO - Setting next_dagrun for example_sla_dag to 2024-12-28 00:04:00+00:00, run_after=2024-12-28 00:06:00+00:00
[2024-12-28T00:06:17.632+0000] {processor.py:208} INFO - Processing /home/airflow/.local/lib/python3.12/site-packages/airflow/example_dags/example_sla_dag.py took 0.104 seconds
[2024-12-28T00:06:48.354+0000] {processor.py:186} INFO - Started process (PID=28611) to work on /home/airflow/.local/lib/python3.12/site-packages/airflow/example_dags/example_sla_dag.py
[2024-12-28T00:06:48.357+0000] {processor.py:914} INFO - Processing file /home/airflow/.local/lib/python3.12/site-packages/airflow/example_dags/example_sla_dag.py for tasks to queue
[2024-12-28T00:06:48.362+0000] {logging_mixin.py:190} INFO - [2024-12-28T00:06:48.361+0000] {dagbag.py:588} INFO - Filling up the DagBag from /home/airflow/.local/lib/python3.12/site-packages/airflow/example_dags/example_sla_dag.py
[2024-12-28T00:06:48.403+0000] {processor.py:925} INFO - DAG(s) 'example_sla_dag' retrieved from /home/airflow/.local/lib/python3.12/site-packages/airflow/example_dags/example_sla_dag.py
[2024-12-28T00:06:48.458+0000] {logging_mixin.py:190} INFO - [2024-12-28T00:06:48.457+0000] {dag.py:3239} INFO - Sync 1 DAGs
[2024-12-28T00:06:48.556+0000] {logging_mixin.py:190} INFO - [2024-12-28T00:06:48.555+0000] {dag.py:4180} INFO - Setting next_dagrun for example_sla_dag to 2024-12-28 00:04:00+00:00, run_after=2024-12-28 00:06:00+00:00
[2024-12-28T00:06:48.622+0000] {processor.py:208} INFO - Processing /home/airflow/.local/lib/python3.12/site-packages/airflow/example_dags/example_sla_dag.py took 0.290 seconds
[2024-12-28T00:07:18.757+0000] {processor.py:186} INFO - Started process (PID=28682) to work on /home/airflow/.local/lib/python3.12/site-packages/airflow/example_dags/example_sla_dag.py
[2024-12-28T00:07:18.759+0000] {processor.py:914} INFO - Processing file /home/airflow/.local/lib/python3.12/site-packages/airflow/example_dags/example_sla_dag.py for tasks to queue
[2024-12-28T00:07:18.761+0000] {logging_mixin.py:190} INFO - [2024-12-28T00:07:18.760+0000] {dagbag.py:588} INFO - Filling up the DagBag from /home/airflow/.local/lib/python3.12/site-packages/airflow/example_dags/example_sla_dag.py
[2024-12-28T00:07:18.775+0000] {processor.py:925} INFO - DAG(s) 'example_sla_dag' retrieved from /home/airflow/.local/lib/python3.12/site-packages/airflow/example_dags/example_sla_dag.py
[2024-12-28T00:07:18.807+0000] {logging_mixin.py:190} INFO - [2024-12-28T00:07:18.807+0000] {dag.py:3239} INFO - Sync 1 DAGs
[2024-12-28T00:07:18.845+0000] {logging_mixin.py:190} INFO - [2024-12-28T00:07:18.845+0000] {dag.py:4180} INFO - Setting next_dagrun for example_sla_dag to 2024-12-28 00:04:00+00:00, run_after=2024-12-28 00:06:00+00:00
[2024-12-28T00:07:18.876+0000] {processor.py:208} INFO - Processing /home/airflow/.local/lib/python3.12/site-packages/airflow/example_dags/example_sla_dag.py took 0.125 seconds
[2024-12-28T00:07:48.972+0000] {processor.py:186} INFO - Started process (PID=28746) to work on /home/airflow/.local/lib/python3.12/site-packages/airflow/example_dags/example_sla_dag.py
[2024-12-28T00:07:48.973+0000] {processor.py:914} INFO - Processing file /home/airflow/.local/lib/python3.12/site-packages/airflow/example_dags/example_sla_dag.py for tasks to queue
[2024-12-28T00:07:48.975+0000] {logging_mixin.py:190} INFO - [2024-12-28T00:07:48.975+0000] {dagbag.py:588} INFO - Filling up the DagBag from /home/airflow/.local/lib/python3.12/site-packages/airflow/example_dags/example_sla_dag.py
[2024-12-28T00:07:48.987+0000] {processor.py:925} INFO - DAG(s) 'example_sla_dag' retrieved from /home/airflow/.local/lib/python3.12/site-packages/airflow/example_dags/example_sla_dag.py
[2024-12-28T00:07:49.014+0000] {logging_mixin.py:190} INFO - [2024-12-28T00:07:49.013+0000] {dag.py:3239} INFO - Sync 1 DAGs
[2024-12-28T00:07:49.046+0000] {logging_mixin.py:190} INFO - [2024-12-28T00:07:49.046+0000] {dag.py:4180} INFO - Setting next_dagrun for example_sla_dag to 2024-12-28 00:04:00+00:00, run_after=2024-12-28 00:06:00+00:00
[2024-12-28T00:07:49.076+0000] {processor.py:208} INFO - Processing /home/airflow/.local/lib/python3.12/site-packages/airflow/example_dags/example_sla_dag.py took 0.110 seconds
[2024-12-28T00:08:19.289+0000] {processor.py:186} INFO - Started process (PID=28810) to work on /home/airflow/.local/lib/python3.12/site-packages/airflow/example_dags/example_sla_dag.py
[2024-12-28T00:08:19.291+0000] {processor.py:914} INFO - Processing file /home/airflow/.local/lib/python3.12/site-packages/airflow/example_dags/example_sla_dag.py for tasks to queue
[2024-12-28T00:08:19.294+0000] {logging_mixin.py:190} INFO - [2024-12-28T00:08:19.293+0000] {dagbag.py:588} INFO - Filling up the DagBag from /home/airflow/.local/lib/python3.12/site-packages/airflow/example_dags/example_sla_dag.py
[2024-12-28T00:08:19.307+0000] {processor.py:925} INFO - DAG(s) 'example_sla_dag' retrieved from /home/airflow/.local/lib/python3.12/site-packages/airflow/example_dags/example_sla_dag.py
[2024-12-28T00:08:19.341+0000] {logging_mixin.py:190} INFO - [2024-12-28T00:08:19.340+0000] {dag.py:3239} INFO - Sync 1 DAGs
[2024-12-28T00:08:19.380+0000] {logging_mixin.py:190} INFO - [2024-12-28T00:08:19.379+0000] {dag.py:4180} INFO - Setting next_dagrun for example_sla_dag to 2024-12-28 00:06:00+00:00, run_after=2024-12-28 00:08:00+00:00
[2024-12-28T00:08:19.409+0000] {processor.py:208} INFO - Processing /home/airflow/.local/lib/python3.12/site-packages/airflow/example_dags/example_sla_dag.py took 0.128 seconds
[2024-12-28T00:08:49.479+0000] {processor.py:186} INFO - Started process (PID=28875) to work on /home/airflow/.local/lib/python3.12/site-packages/airflow/example_dags/example_sla_dag.py
[2024-12-28T00:08:49.481+0000] {processor.py:914} INFO - Processing file /home/airflow/.local/lib/python3.12/site-packages/airflow/example_dags/example_sla_dag.py for tasks to queue
[2024-12-28T00:08:49.483+0000] {logging_mixin.py:190} INFO - [2024-12-28T00:08:49.483+0000] {dagbag.py:588} INFO - Filling up the DagBag from /home/airflow/.local/lib/python3.12/site-packages/airflow/example_dags/example_sla_dag.py
[2024-12-28T00:08:49.494+0000] {processor.py:925} INFO - DAG(s) 'example_sla_dag' retrieved from /home/airflow/.local/lib/python3.12/site-packages/airflow/example_dags/example_sla_dag.py
[2024-12-28T00:08:49.518+0000] {logging_mixin.py:190} INFO - [2024-12-28T00:08:49.518+0000] {dag.py:3239} INFO - Sync 1 DAGs
[2024-12-28T00:08:49.545+0000] {logging_mixin.py:190} INFO - [2024-12-28T00:08:49.545+0000] {dag.py:4180} INFO - Setting next_dagrun for example_sla_dag to 2024-12-28 00:06:00+00:00, run_after=2024-12-28 00:08:00+00:00
[2024-12-28T00:08:49.572+0000] {processor.py:208} INFO - Processing /home/airflow/.local/lib/python3.12/site-packages/airflow/example_dags/example_sla_dag.py took 0.098 seconds
[2024-12-28T00:09:20.376+0000] {processor.py:186} INFO - Started process (PID=28938) to work on /home/airflow/.local/lib/python3.12/site-packages/airflow/example_dags/example_sla_dag.py
[2024-12-28T00:09:20.378+0000] {processor.py:914} INFO - Processing file /home/airflow/.local/lib/python3.12/site-packages/airflow/example_dags/example_sla_dag.py for tasks to queue
[2024-12-28T00:09:20.380+0000] {logging_mixin.py:190} INFO - [2024-12-28T00:09:20.380+0000] {dagbag.py:588} INFO - Filling up the DagBag from /home/airflow/.local/lib/python3.12/site-packages/airflow/example_dags/example_sla_dag.py
[2024-12-28T00:09:20.392+0000] {processor.py:925} INFO - DAG(s) 'example_sla_dag' retrieved from /home/airflow/.local/lib/python3.12/site-packages/airflow/example_dags/example_sla_dag.py
[2024-12-28T00:09:20.417+0000] {logging_mixin.py:190} INFO - [2024-12-28T00:09:20.417+0000] {dag.py:3239} INFO - Sync 1 DAGs
[2024-12-28T00:09:20.463+0000] {logging_mixin.py:190} INFO - [2024-12-28T00:09:20.463+0000] {dag.py:4180} INFO - Setting next_dagrun for example_sla_dag to 2024-12-28 00:06:00+00:00, run_after=2024-12-28 00:08:00+00:00
[2024-12-28T00:09:20.499+0000] {processor.py:208} INFO - Processing /home/airflow/.local/lib/python3.12/site-packages/airflow/example_dags/example_sla_dag.py took 0.130 seconds
[2024-12-28T00:09:51.111+0000] {processor.py:186} INFO - Started process (PID=29002) to work on /home/airflow/.local/lib/python3.12/site-packages/airflow/example_dags/example_sla_dag.py
[2024-12-28T00:09:51.113+0000] {processor.py:914} INFO - Processing file /home/airflow/.local/lib/python3.12/site-packages/airflow/example_dags/example_sla_dag.py for tasks to queue
[2024-12-28T00:09:51.116+0000] {logging_mixin.py:190} INFO - [2024-12-28T00:09:51.116+0000] {dagbag.py:588} INFO - Filling up the DagBag from /home/airflow/.local/lib/python3.12/site-packages/airflow/example_dags/example_sla_dag.py
[2024-12-28T00:09:51.135+0000] {processor.py:925} INFO - DAG(s) 'example_sla_dag' retrieved from /home/airflow/.local/lib/python3.12/site-packages/airflow/example_dags/example_sla_dag.py
[2024-12-28T00:09:51.174+0000] {logging_mixin.py:190} INFO - [2024-12-28T00:09:51.174+0000] {dag.py:3239} INFO - Sync 1 DAGs
[2024-12-28T00:09:51.215+0000] {logging_mixin.py:190} INFO - [2024-12-28T00:09:51.215+0000] {dag.py:4180} INFO - Setting next_dagrun for example_sla_dag to 2024-12-28 00:06:00+00:00, run_after=2024-12-28 00:08:00+00:00
[2024-12-28T00:09:51.248+0000] {processor.py:208} INFO - Processing /home/airflow/.local/lib/python3.12/site-packages/airflow/example_dags/example_sla_dag.py took 0.145 seconds
[2024-12-28T00:10:21.331+0000] {processor.py:186} INFO - Started process (PID=29066) to work on /home/airflow/.local/lib/python3.12/site-packages/airflow/example_dags/example_sla_dag.py
[2024-12-28T00:10:21.332+0000] {processor.py:914} INFO - Processing file /home/airflow/.local/lib/python3.12/site-packages/airflow/example_dags/example_sla_dag.py for tasks to queue
[2024-12-28T00:10:21.334+0000] {logging_mixin.py:190} INFO - [2024-12-28T00:10:21.334+0000] {dagbag.py:588} INFO - Filling up the DagBag from /home/airflow/.local/lib/python3.12/site-packages/airflow/example_dags/example_sla_dag.py
[2024-12-28T00:10:21.346+0000] {processor.py:925} INFO - DAG(s) 'example_sla_dag' retrieved from /home/airflow/.local/lib/python3.12/site-packages/airflow/example_dags/example_sla_dag.py
[2024-12-28T00:10:21.376+0000] {logging_mixin.py:190} INFO - [2024-12-28T00:10:21.375+0000] {dag.py:3239} INFO - Sync 1 DAGs
[2024-12-28T00:10:21.409+0000] {logging_mixin.py:190} INFO - [2024-12-28T00:10:21.409+0000] {dag.py:4180} INFO - Setting next_dagrun for example_sla_dag to 2024-12-28 00:08:00+00:00, run_after=2024-12-28 00:10:00+00:00
[2024-12-28T00:10:21.437+0000] {processor.py:208} INFO - Processing /home/airflow/.local/lib/python3.12/site-packages/airflow/example_dags/example_sla_dag.py took 0.112 seconds
[2024-12-28T00:10:51.913+0000] {processor.py:186} INFO - Started process (PID=29130) to work on /home/airflow/.local/lib/python3.12/site-packages/airflow/example_dags/example_sla_dag.py
[2024-12-28T00:10:51.915+0000] {processor.py:914} INFO - Processing file /home/airflow/.local/lib/python3.12/site-packages/airflow/example_dags/example_sla_dag.py for tasks to queue
[2024-12-28T00:10:51.917+0000] {logging_mixin.py:190} INFO - [2024-12-28T00:10:51.916+0000] {dagbag.py:588} INFO - Filling up the DagBag from /home/airflow/.local/lib/python3.12/site-packages/airflow/example_dags/example_sla_dag.py
[2024-12-28T00:10:51.930+0000] {processor.py:925} INFO - DAG(s) 'example_sla_dag' retrieved from /home/airflow/.local/lib/python3.12/site-packages/airflow/example_dags/example_sla_dag.py
[2024-12-28T00:10:51.956+0000] {logging_mixin.py:190} INFO - [2024-12-28T00:10:51.956+0000] {dag.py:3239} INFO - Sync 1 DAGs
[2024-12-28T00:10:51.987+0000] {logging_mixin.py:190} INFO - [2024-12-28T00:10:51.987+0000] {dag.py:4180} INFO - Setting next_dagrun for example_sla_dag to 2024-12-28 00:08:00+00:00, run_after=2024-12-28 00:10:00+00:00
[2024-12-28T00:10:52.017+0000] {processor.py:208} INFO - Processing /home/airflow/.local/lib/python3.12/site-packages/airflow/example_dags/example_sla_dag.py took 0.110 seconds
[2024-12-28T00:11:22.301+0000] {processor.py:186} INFO - Started process (PID=29194) to work on /home/airflow/.local/lib/python3.12/site-packages/airflow/example_dags/example_sla_dag.py
[2024-12-28T00:11:22.303+0000] {processor.py:914} INFO - Processing file /home/airflow/.local/lib/python3.12/site-packages/airflow/example_dags/example_sla_dag.py for tasks to queue
[2024-12-28T00:11:22.305+0000] {logging_mixin.py:190} INFO - [2024-12-28T00:11:22.304+0000] {dagbag.py:588} INFO - Filling up the DagBag from /home/airflow/.local/lib/python3.12/site-packages/airflow/example_dags/example_sla_dag.py
[2024-12-28T00:11:22.315+0000] {processor.py:925} INFO - DAG(s) 'example_sla_dag' retrieved from /home/airflow/.local/lib/python3.12/site-packages/airflow/example_dags/example_sla_dag.py
[2024-12-28T00:11:22.339+0000] {logging_mixin.py:190} INFO - [2024-12-28T00:11:22.339+0000] {dag.py:3239} INFO - Sync 1 DAGs
[2024-12-28T00:11:22.368+0000] {logging_mixin.py:190} INFO - [2024-12-28T00:11:22.368+0000] {dag.py:4180} INFO - Setting next_dagrun for example_sla_dag to 2024-12-28 00:08:00+00:00, run_after=2024-12-28 00:10:00+00:00
[2024-12-28T00:11:22.392+0000] {processor.py:208} INFO - Processing /home/airflow/.local/lib/python3.12/site-packages/airflow/example_dags/example_sla_dag.py took 0.096 seconds
[2024-12-28T00:11:52.638+0000] {processor.py:186} INFO - Started process (PID=29258) to work on /home/airflow/.local/lib/python3.12/site-packages/airflow/example_dags/example_sla_dag.py
[2024-12-28T00:11:52.640+0000] {processor.py:914} INFO - Processing file /home/airflow/.local/lib/python3.12/site-packages/airflow/example_dags/example_sla_dag.py for tasks to queue
[2024-12-28T00:11:52.642+0000] {logging_mixin.py:190} INFO - [2024-12-28T00:11:52.642+0000] {dagbag.py:588} INFO - Filling up the DagBag from /home/airflow/.local/lib/python3.12/site-packages/airflow/example_dags/example_sla_dag.py
[2024-12-28T00:11:52.655+0000] {processor.py:925} INFO - DAG(s) 'example_sla_dag' retrieved from /home/airflow/.local/lib/python3.12/site-packages/airflow/example_dags/example_sla_dag.py
[2024-12-28T00:11:52.685+0000] {logging_mixin.py:190} INFO - [2024-12-28T00:11:52.685+0000] {dag.py:3239} INFO - Sync 1 DAGs
[2024-12-28T00:11:52.718+0000] {logging_mixin.py:190} INFO - [2024-12-28T00:11:52.717+0000] {dag.py:4180} INFO - Setting next_dagrun for example_sla_dag to 2024-12-28 00:08:00+00:00, run_after=2024-12-28 00:10:00+00:00
[2024-12-28T00:11:52.748+0000] {processor.py:208} INFO - Processing /home/airflow/.local/lib/python3.12/site-packages/airflow/example_dags/example_sla_dag.py took 0.118 seconds
[2024-12-28T00:12:23.144+0000] {processor.py:186} INFO - Started process (PID=29320) to work on /home/airflow/.local/lib/python3.12/site-packages/airflow/example_dags/example_sla_dag.py
[2024-12-28T00:12:23.146+0000] {processor.py:914} INFO - Processing file /home/airflow/.local/lib/python3.12/site-packages/airflow/example_dags/example_sla_dag.py for tasks to queue
[2024-12-28T00:12:23.148+0000] {logging_mixin.py:190} INFO - [2024-12-28T00:12:23.147+0000] {dagbag.py:588} INFO - Filling up the DagBag from /home/airflow/.local/lib/python3.12/site-packages/airflow/example_dags/example_sla_dag.py
[2024-12-28T00:12:23.160+0000] {processor.py:925} INFO - DAG(s) 'example_sla_dag' retrieved from /home/airflow/.local/lib/python3.12/site-packages/airflow/example_dags/example_sla_dag.py
[2024-12-28T00:12:23.188+0000] {logging_mixin.py:190} INFO - [2024-12-28T00:12:23.187+0000] {dag.py:3239} INFO - Sync 1 DAGs
[2024-12-28T00:12:23.220+0000] {logging_mixin.py:190} INFO - [2024-12-28T00:12:23.220+0000] {dag.py:4180} INFO - Setting next_dagrun for example_sla_dag to 2024-12-28 00:10:00+00:00, run_after=2024-12-28 00:12:00+00:00
[2024-12-28T00:12:23.251+0000] {processor.py:208} INFO - Processing /home/airflow/.local/lib/python3.12/site-packages/airflow/example_dags/example_sla_dag.py took 0.111 seconds
[2024-12-28T00:12:53.473+0000] {processor.py:186} INFO - Started process (PID=29383) to work on /home/airflow/.local/lib/python3.12/site-packages/airflow/example_dags/example_sla_dag.py
[2024-12-28T00:12:53.475+0000] {processor.py:914} INFO - Processing file /home/airflow/.local/lib/python3.12/site-packages/airflow/example_dags/example_sla_dag.py for tasks to queue
[2024-12-28T00:12:53.477+0000] {logging_mixin.py:190} INFO - [2024-12-28T00:12:53.477+0000] {dagbag.py:588} INFO - Filling up the DagBag from /home/airflow/.local/lib/python3.12/site-packages/airflow/example_dags/example_sla_dag.py
[2024-12-28T00:12:53.488+0000] {processor.py:925} INFO - DAG(s) 'example_sla_dag' retrieved from /home/airflow/.local/lib/python3.12/site-packages/airflow/example_dags/example_sla_dag.py
[2024-12-28T00:12:53.515+0000] {logging_mixin.py:190} INFO - [2024-12-28T00:12:53.515+0000] {dag.py:3239} INFO - Sync 1 DAGs
[2024-12-28T00:12:53.549+0000] {logging_mixin.py:190} INFO - [2024-12-28T00:12:53.548+0000] {dag.py:4180} INFO - Setting next_dagrun for example_sla_dag to 2024-12-28 00:10:00+00:00, run_after=2024-12-28 00:12:00+00:00
[2024-12-28T00:12:53.579+0000] {processor.py:208} INFO - Processing /home/airflow/.local/lib/python3.12/site-packages/airflow/example_dags/example_sla_dag.py took 0.111 seconds
[2024-12-28T00:13:24.361+0000] {processor.py:186} INFO - Started process (PID=29447) to work on /home/airflow/.local/lib/python3.12/site-packages/airflow/example_dags/example_sla_dag.py
[2024-12-28T00:13:24.363+0000] {processor.py:914} INFO - Processing file /home/airflow/.local/lib/python3.12/site-packages/airflow/example_dags/example_sla_dag.py for tasks to queue
[2024-12-28T00:13:24.366+0000] {logging_mixin.py:190} INFO - [2024-12-28T00:13:24.365+0000] {dagbag.py:588} INFO - Filling up the DagBag from /home/airflow/.local/lib/python3.12/site-packages/airflow/example_dags/example_sla_dag.py
[2024-12-28T00:13:24.380+0000] {processor.py:925} INFO - DAG(s) 'example_sla_dag' retrieved from /home/airflow/.local/lib/python3.12/site-packages/airflow/example_dags/example_sla_dag.py
[2024-12-28T00:13:24.409+0000] {logging_mixin.py:190} INFO - [2024-12-28T00:13:24.409+0000] {dag.py:3239} INFO - Sync 1 DAGs
[2024-12-28T00:13:24.444+0000] {logging_mixin.py:190} INFO - [2024-12-28T00:13:24.444+0000] {dag.py:4180} INFO - Setting next_dagrun for example_sla_dag to 2024-12-28 00:10:00+00:00, run_after=2024-12-28 00:12:00+00:00
[2024-12-28T00:13:24.469+0000] {processor.py:208} INFO - Processing /home/airflow/.local/lib/python3.12/site-packages/airflow/example_dags/example_sla_dag.py took 0.114 seconds
[2024-12-28T00:13:54.724+0000] {processor.py:186} INFO - Started process (PID=29511) to work on /home/airflow/.local/lib/python3.12/site-packages/airflow/example_dags/example_sla_dag.py
[2024-12-28T00:13:54.726+0000] {processor.py:914} INFO - Processing file /home/airflow/.local/lib/python3.12/site-packages/airflow/example_dags/example_sla_dag.py for tasks to queue
[2024-12-28T00:13:54.728+0000] {logging_mixin.py:190} INFO - [2024-12-28T00:13:54.728+0000] {dagbag.py:588} INFO - Filling up the DagBag from /home/airflow/.local/lib/python3.12/site-packages/airflow/example_dags/example_sla_dag.py
[2024-12-28T00:13:54.741+0000] {processor.py:925} INFO - DAG(s) 'example_sla_dag' retrieved from /home/airflow/.local/lib/python3.12/site-packages/airflow/example_dags/example_sla_dag.py
[2024-12-28T00:13:54.769+0000] {logging_mixin.py:190} INFO - [2024-12-28T00:13:54.769+0000] {dag.py:3239} INFO - Sync 1 DAGs
[2024-12-28T00:13:54.803+0000] {logging_mixin.py:190} INFO - [2024-12-28T00:13:54.803+0000] {dag.py:4180} INFO - Setting next_dagrun for example_sla_dag to 2024-12-28 00:10:00+00:00, run_after=2024-12-28 00:12:00+00:00
[2024-12-28T00:13:54.836+0000] {processor.py:208} INFO - Processing /home/airflow/.local/lib/python3.12/site-packages/airflow/example_dags/example_sla_dag.py took 0.118 seconds
[2024-12-28T00:14:25.209+0000] {processor.py:186} INFO - Started process (PID=29573) to work on /home/airflow/.local/lib/python3.12/site-packages/airflow/example_dags/example_sla_dag.py
[2024-12-28T00:14:25.210+0000] {processor.py:914} INFO - Processing file /home/airflow/.local/lib/python3.12/site-packages/airflow/example_dags/example_sla_dag.py for tasks to queue
[2024-12-28T00:14:25.212+0000] {logging_mixin.py:190} INFO - [2024-12-28T00:14:25.212+0000] {dagbag.py:588} INFO - Filling up the DagBag from /home/airflow/.local/lib/python3.12/site-packages/airflow/example_dags/example_sla_dag.py
[2024-12-28T00:14:25.223+0000] {processor.py:925} INFO - DAG(s) 'example_sla_dag' retrieved from /home/airflow/.local/lib/python3.12/site-packages/airflow/example_dags/example_sla_dag.py
[2024-12-28T00:14:25.249+0000] {logging_mixin.py:190} INFO - [2024-12-28T00:14:25.249+0000] {dag.py:3239} INFO - Sync 1 DAGs
[2024-12-28T00:14:25.280+0000] {logging_mixin.py:190} INFO - [2024-12-28T00:14:25.280+0000] {dag.py:4180} INFO - Setting next_dagrun for example_sla_dag to 2024-12-28 00:12:00+00:00, run_after=2024-12-28 00:14:00+00:00
[2024-12-28T00:14:25.308+0000] {processor.py:208} INFO - Processing /home/airflow/.local/lib/python3.12/site-packages/airflow/example_dags/example_sla_dag.py took 0.106 seconds
[2024-12-28T00:14:56.119+0000] {processor.py:186} INFO - Started process (PID=29637) to work on /home/airflow/.local/lib/python3.12/site-packages/airflow/example_dags/example_sla_dag.py
[2024-12-28T00:14:56.120+0000] {processor.py:914} INFO - Processing file /home/airflow/.local/lib/python3.12/site-packages/airflow/example_dags/example_sla_dag.py for tasks to queue
[2024-12-28T00:14:56.122+0000] {logging_mixin.py:190} INFO - [2024-12-28T00:14:56.122+0000] {dagbag.py:588} INFO - Filling up the DagBag from /home/airflow/.local/lib/python3.12/site-packages/airflow/example_dags/example_sla_dag.py
[2024-12-28T00:14:56.133+0000] {processor.py:925} INFO - DAG(s) 'example_sla_dag' retrieved from /home/airflow/.local/lib/python3.12/site-packages/airflow/example_dags/example_sla_dag.py
[2024-12-28T00:14:56.159+0000] {logging_mixin.py:190} INFO - [2024-12-28T00:14:56.158+0000] {dag.py:3239} INFO - Sync 1 DAGs
[2024-12-28T00:14:56.190+0000] {logging_mixin.py:190} INFO - [2024-12-28T00:14:56.190+0000] {dag.py:4180} INFO - Setting next_dagrun for example_sla_dag to 2024-12-28 00:12:00+00:00, run_after=2024-12-28 00:14:00+00:00
[2024-12-28T00:14:56.218+0000] {processor.py:208} INFO - Processing /home/airflow/.local/lib/python3.12/site-packages/airflow/example_dags/example_sla_dag.py took 0.104 seconds
[2024-12-28T00:15:26.362+0000] {processor.py:186} INFO - Started process (PID=29701) to work on /home/airflow/.local/lib/python3.12/site-packages/airflow/example_dags/example_sla_dag.py
[2024-12-28T00:15:26.364+0000] {processor.py:914} INFO - Processing file /home/airflow/.local/lib/python3.12/site-packages/airflow/example_dags/example_sla_dag.py for tasks to queue
[2024-12-28T00:15:26.366+0000] {logging_mixin.py:190} INFO - [2024-12-28T00:15:26.366+0000] {dagbag.py:588} INFO - Filling up the DagBag from /home/airflow/.local/lib/python3.12/site-packages/airflow/example_dags/example_sla_dag.py
[2024-12-28T00:15:26.376+0000] {processor.py:925} INFO - DAG(s) 'example_sla_dag' retrieved from /home/airflow/.local/lib/python3.12/site-packages/airflow/example_dags/example_sla_dag.py
[2024-12-28T00:15:26.407+0000] {logging_mixin.py:190} INFO - [2024-12-28T00:15:26.406+0000] {dag.py:3239} INFO - Sync 1 DAGs
[2024-12-28T00:15:26.445+0000] {logging_mixin.py:190} INFO - [2024-12-28T00:15:26.445+0000] {dag.py:4180} INFO - Setting next_dagrun for example_sla_dag to 2024-12-28 00:12:00+00:00, run_after=2024-12-28 00:14:00+00:00
[2024-12-28T00:15:26.476+0000] {processor.py:208} INFO - Processing /home/airflow/.local/lib/python3.12/site-packages/airflow/example_dags/example_sla_dag.py took 0.119 seconds
[2024-12-28T00:15:56.888+0000] {processor.py:186} INFO - Started process (PID=29765) to work on /home/airflow/.local/lib/python3.12/site-packages/airflow/example_dags/example_sla_dag.py
[2024-12-28T00:15:56.889+0000] {processor.py:914} INFO - Processing file /home/airflow/.local/lib/python3.12/site-packages/airflow/example_dags/example_sla_dag.py for tasks to queue
[2024-12-28T00:15:56.891+0000] {logging_mixin.py:190} INFO - [2024-12-28T00:15:56.890+0000] {dagbag.py:588} INFO - Filling up the DagBag from /home/airflow/.local/lib/python3.12/site-packages/airflow/example_dags/example_sla_dag.py
[2024-12-28T00:15:56.902+0000] {processor.py:925} INFO - DAG(s) 'example_sla_dag' retrieved from /home/airflow/.local/lib/python3.12/site-packages/airflow/example_dags/example_sla_dag.py
[2024-12-28T00:15:56.929+0000] {logging_mixin.py:190} INFO - [2024-12-28T00:15:56.929+0000] {dag.py:3239} INFO - Sync 1 DAGs
[2024-12-28T00:15:56.957+0000] {logging_mixin.py:190} INFO - [2024-12-28T00:15:56.957+0000] {dag.py:4180} INFO - Setting next_dagrun for example_sla_dag to 2024-12-28 00:12:00+00:00, run_after=2024-12-28 00:14:00+00:00
[2024-12-28T00:15:56.984+0000] {processor.py:208} INFO - Processing /home/airflow/.local/lib/python3.12/site-packages/airflow/example_dags/example_sla_dag.py took 0.101 seconds
[2024-12-28T00:16:27.657+0000] {processor.py:186} INFO - Started process (PID=29829) to work on /home/airflow/.local/lib/python3.12/site-packages/airflow/example_dags/example_sla_dag.py
[2024-12-28T00:16:27.658+0000] {processor.py:914} INFO - Processing file /home/airflow/.local/lib/python3.12/site-packages/airflow/example_dags/example_sla_dag.py for tasks to queue
[2024-12-28T00:16:27.660+0000] {logging_mixin.py:190} INFO - [2024-12-28T00:16:27.660+0000] {dagbag.py:588} INFO - Filling up the DagBag from /home/airflow/.local/lib/python3.12/site-packages/airflow/example_dags/example_sla_dag.py
[2024-12-28T00:16:27.673+0000] {processor.py:925} INFO - DAG(s) 'example_sla_dag' retrieved from /home/airflow/.local/lib/python3.12/site-packages/airflow/example_dags/example_sla_dag.py
[2024-12-28T00:16:27.698+0000] {logging_mixin.py:190} INFO - [2024-12-28T00:16:27.697+0000] {dag.py:3239} INFO - Sync 1 DAGs
[2024-12-28T00:16:27.729+0000] {logging_mixin.py:190} INFO - [2024-12-28T00:16:27.729+0000] {dag.py:4180} INFO - Setting next_dagrun for example_sla_dag to 2024-12-28 00:14:00+00:00, run_after=2024-12-28 00:16:00+00:00
[2024-12-28T00:16:27.755+0000] {processor.py:208} INFO - Processing /home/airflow/.local/lib/python3.12/site-packages/airflow/example_dags/example_sla_dag.py took 0.104 seconds
[2024-12-28T00:16:58.301+0000] {processor.py:186} INFO - Started process (PID=29894) to work on /home/airflow/.local/lib/python3.12/site-packages/airflow/example_dags/example_sla_dag.py
[2024-12-28T00:16:58.302+0000] {processor.py:914} INFO - Processing file /home/airflow/.local/lib/python3.12/site-packages/airflow/example_dags/example_sla_dag.py for tasks to queue
[2024-12-28T00:16:58.304+0000] {logging_mixin.py:190} INFO - [2024-12-28T00:16:58.303+0000] {dagbag.py:588} INFO - Filling up the DagBag from /home/airflow/.local/lib/python3.12/site-packages/airflow/example_dags/example_sla_dag.py
[2024-12-28T00:16:58.314+0000] {processor.py:925} INFO - DAG(s) 'example_sla_dag' retrieved from /home/airflow/.local/lib/python3.12/site-packages/airflow/example_dags/example_sla_dag.py
[2024-12-28T00:16:58.336+0000] {logging_mixin.py:190} INFO - [2024-12-28T00:16:58.336+0000] {dag.py:3239} INFO - Sync 1 DAGs
[2024-12-28T00:16:58.365+0000] {logging_mixin.py:190} INFO - [2024-12-28T00:16:58.364+0000] {dag.py:4180} INFO - Setting next_dagrun for example_sla_dag to 2024-12-28 00:14:00+00:00, run_after=2024-12-28 00:16:00+00:00
[2024-12-28T00:16:58.390+0000] {processor.py:208} INFO - Processing /home/airflow/.local/lib/python3.12/site-packages/airflow/example_dags/example_sla_dag.py took 0.096 seconds
[2024-12-28T00:17:29.204+0000] {processor.py:186} INFO - Started process (PID=29958) to work on /home/airflow/.local/lib/python3.12/site-packages/airflow/example_dags/example_sla_dag.py
[2024-12-28T00:17:29.205+0000] {processor.py:914} INFO - Processing file /home/airflow/.local/lib/python3.12/site-packages/airflow/example_dags/example_sla_dag.py for tasks to queue
[2024-12-28T00:17:29.208+0000] {logging_mixin.py:190} INFO - [2024-12-28T00:17:29.207+0000] {dagbag.py:588} INFO - Filling up the DagBag from /home/airflow/.local/lib/python3.12/site-packages/airflow/example_dags/example_sla_dag.py
[2024-12-28T00:17:29.220+0000] {processor.py:925} INFO - DAG(s) 'example_sla_dag' retrieved from /home/airflow/.local/lib/python3.12/site-packages/airflow/example_dags/example_sla_dag.py
[2024-12-28T00:17:29.244+0000] {logging_mixin.py:190} INFO - [2024-12-28T00:17:29.244+0000] {dag.py:3239} INFO - Sync 1 DAGs
[2024-12-28T00:17:29.276+0000] {logging_mixin.py:190} INFO - [2024-12-28T00:17:29.276+0000] {dag.py:4180} INFO - Setting next_dagrun for example_sla_dag to 2024-12-28 00:14:00+00:00, run_after=2024-12-28 00:16:00+00:00
[2024-12-28T00:17:29.305+0000] {processor.py:208} INFO - Processing /home/airflow/.local/lib/python3.12/site-packages/airflow/example_dags/example_sla_dag.py took 0.106 seconds
[2024-12-28T00:17:59.950+0000] {processor.py:186} INFO - Started process (PID=30022) to work on /home/airflow/.local/lib/python3.12/site-packages/airflow/example_dags/example_sla_dag.py
[2024-12-28T00:17:59.951+0000] {processor.py:914} INFO - Processing file /home/airflow/.local/lib/python3.12/site-packages/airflow/example_dags/example_sla_dag.py for tasks to queue
[2024-12-28T00:17:59.953+0000] {logging_mixin.py:190} INFO - [2024-12-28T00:17:59.952+0000] {dagbag.py:588} INFO - Filling up the DagBag from /home/airflow/.local/lib/python3.12/site-packages/airflow/example_dags/example_sla_dag.py
[2024-12-28T00:17:59.963+0000] {processor.py:925} INFO - DAG(s) 'example_sla_dag' retrieved from /home/airflow/.local/lib/python3.12/site-packages/airflow/example_dags/example_sla_dag.py
[2024-12-28T00:17:59.987+0000] {logging_mixin.py:190} INFO - [2024-12-28T00:17:59.987+0000] {dag.py:3239} INFO - Sync 1 DAGs
[2024-12-28T00:18:00.020+0000] {logging_mixin.py:190} INFO - [2024-12-28T00:18:00.020+0000] {dag.py:4180} INFO - Setting next_dagrun for example_sla_dag to 2024-12-28 00:16:00+00:00, run_after=2024-12-28 00:18:00+00:00
[2024-12-28T00:18:00.046+0000] {processor.py:208} INFO - Processing /home/airflow/.local/lib/python3.12/site-packages/airflow/example_dags/example_sla_dag.py took 0.102 seconds
[2024-12-28T00:18:30.325+0000] {processor.py:186} INFO - Started process (PID=30086) to work on /home/airflow/.local/lib/python3.12/site-packages/airflow/example_dags/example_sla_dag.py
[2024-12-28T00:18:30.326+0000] {processor.py:914} INFO - Processing file /home/airflow/.local/lib/python3.12/site-packages/airflow/example_dags/example_sla_dag.py for tasks to queue
[2024-12-28T00:18:30.328+0000] {logging_mixin.py:190} INFO - [2024-12-28T00:18:30.327+0000] {dagbag.py:588} INFO - Filling up the DagBag from /home/airflow/.local/lib/python3.12/site-packages/airflow/example_dags/example_sla_dag.py
[2024-12-28T00:18:30.339+0000] {processor.py:925} INFO - DAG(s) 'example_sla_dag' retrieved from /home/airflow/.local/lib/python3.12/site-packages/airflow/example_dags/example_sla_dag.py
[2024-12-28T00:18:30.364+0000] {logging_mixin.py:190} INFO - [2024-12-28T00:18:30.364+0000] {dag.py:3239} INFO - Sync 1 DAGs
[2024-12-28T00:18:30.391+0000] {logging_mixin.py:190} INFO - [2024-12-28T00:18:30.391+0000] {dag.py:4180} INFO - Setting next_dagrun for example_sla_dag to 2024-12-28 00:16:00+00:00, run_after=2024-12-28 00:18:00+00:00
[2024-12-28T00:18:30.418+0000] {processor.py:208} INFO - Processing /home/airflow/.local/lib/python3.12/site-packages/airflow/example_dags/example_sla_dag.py took 0.098 seconds
[2024-12-28T00:19:00.845+0000] {processor.py:186} INFO - Started process (PID=30150) to work on /home/airflow/.local/lib/python3.12/site-packages/airflow/example_dags/example_sla_dag.py
[2024-12-28T00:19:00.846+0000] {processor.py:914} INFO - Processing file /home/airflow/.local/lib/python3.12/site-packages/airflow/example_dags/example_sla_dag.py for tasks to queue
[2024-12-28T00:19:00.849+0000] {logging_mixin.py:190} INFO - [2024-12-28T00:19:00.848+0000] {dagbag.py:588} INFO - Filling up the DagBag from /home/airflow/.local/lib/python3.12/site-packages/airflow/example_dags/example_sla_dag.py
[2024-12-28T00:19:00.861+0000] {processor.py:925} INFO - DAG(s) 'example_sla_dag' retrieved from /home/airflow/.local/lib/python3.12/site-packages/airflow/example_dags/example_sla_dag.py
[2024-12-28T00:19:00.886+0000] {logging_mixin.py:190} INFO - [2024-12-28T00:19:00.886+0000] {dag.py:3239} INFO - Sync 1 DAGs
[2024-12-28T00:19:00.919+0000] {logging_mixin.py:190} INFO - [2024-12-28T00:19:00.918+0000] {dag.py:4180} INFO - Setting next_dagrun for example_sla_dag to 2024-12-28 00:16:00+00:00, run_after=2024-12-28 00:18:00+00:00
[2024-12-28T00:19:00.951+0000] {processor.py:208} INFO - Processing /home/airflow/.local/lib/python3.12/site-packages/airflow/example_dags/example_sla_dag.py took 0.111 seconds
[2024-12-28T00:19:31.482+0000] {processor.py:186} INFO - Started process (PID=30214) to work on /home/airflow/.local/lib/python3.12/site-packages/airflow/example_dags/example_sla_dag.py
[2024-12-28T00:19:31.484+0000] {processor.py:914} INFO - Processing file /home/airflow/.local/lib/python3.12/site-packages/airflow/example_dags/example_sla_dag.py for tasks to queue
[2024-12-28T00:19:31.487+0000] {logging_mixin.py:190} INFO - [2024-12-28T00:19:31.486+0000] {dagbag.py:588} INFO - Filling up the DagBag from /home/airflow/.local/lib/python3.12/site-packages/airflow/example_dags/example_sla_dag.py
[2024-12-28T00:19:31.501+0000] {processor.py:925} INFO - DAG(s) 'example_sla_dag' retrieved from /home/airflow/.local/lib/python3.12/site-packages/airflow/example_dags/example_sla_dag.py
[2024-12-28T00:19:31.531+0000] {logging_mixin.py:190} INFO - [2024-12-28T00:19:31.530+0000] {dag.py:3239} INFO - Sync 1 DAGs
[2024-12-28T00:19:31.561+0000] {logging_mixin.py:190} INFO - [2024-12-28T00:19:31.561+0000] {dag.py:4180} INFO - Setting next_dagrun for example_sla_dag to 2024-12-28 00:16:00+00:00, run_after=2024-12-28 00:18:00+00:00
[2024-12-28T00:19:31.588+0000] {processor.py:208} INFO - Processing /home/airflow/.local/lib/python3.12/site-packages/airflow/example_dags/example_sla_dag.py took 0.112 seconds
[2024-12-28T00:20:02.902+0000] {processor.py:186} INFO - Started process (PID=30279) to work on /home/airflow/.local/lib/python3.12/site-packages/airflow/example_dags/example_sla_dag.py
[2024-12-28T00:20:02.903+0000] {processor.py:914} INFO - Processing file /home/airflow/.local/lib/python3.12/site-packages/airflow/example_dags/example_sla_dag.py for tasks to queue
[2024-12-28T00:20:02.905+0000] {logging_mixin.py:190} INFO - [2024-12-28T00:20:02.905+0000] {dagbag.py:588} INFO - Filling up the DagBag from /home/airflow/.local/lib/python3.12/site-packages/airflow/example_dags/example_sla_dag.py
[2024-12-28T00:20:02.915+0000] {processor.py:925} INFO - DAG(s) 'example_sla_dag' retrieved from /home/airflow/.local/lib/python3.12/site-packages/airflow/example_dags/example_sla_dag.py
[2024-12-28T00:20:02.940+0000] {logging_mixin.py:190} INFO - [2024-12-28T00:20:02.939+0000] {dag.py:3239} INFO - Sync 1 DAGs
[2024-12-28T00:20:02.969+0000] {logging_mixin.py:190} INFO - [2024-12-28T00:20:02.969+0000] {dag.py:4180} INFO - Setting next_dagrun for example_sla_dag to 2024-12-28 00:18:00+00:00, run_after=2024-12-28 00:20:00+00:00
[2024-12-28T00:20:02.994+0000] {processor.py:208} INFO - Processing /home/airflow/.local/lib/python3.12/site-packages/airflow/example_dags/example_sla_dag.py took 0.097 seconds
[2024-12-28T00:20:33.424+0000] {processor.py:186} INFO - Started process (PID=30334) to work on /home/airflow/.local/lib/python3.12/site-packages/airflow/example_dags/example_sla_dag.py
[2024-12-28T00:20:33.426+0000] {processor.py:914} INFO - Processing file /home/airflow/.local/lib/python3.12/site-packages/airflow/example_dags/example_sla_dag.py for tasks to queue
[2024-12-28T00:20:33.428+0000] {logging_mixin.py:190} INFO - [2024-12-28T00:20:33.428+0000] {dagbag.py:588} INFO - Filling up the DagBag from /home/airflow/.local/lib/python3.12/site-packages/airflow/example_dags/example_sla_dag.py
[2024-12-28T00:20:33.439+0000] {processor.py:925} INFO - DAG(s) 'example_sla_dag' retrieved from /home/airflow/.local/lib/python3.12/site-packages/airflow/example_dags/example_sla_dag.py
[2024-12-28T00:20:33.463+0000] {logging_mixin.py:190} INFO - [2024-12-28T00:20:33.463+0000] {dag.py:3239} INFO - Sync 1 DAGs
[2024-12-28T00:20:33.492+0000] {logging_mixin.py:190} INFO - [2024-12-28T00:20:33.492+0000] {dag.py:4180} INFO - Setting next_dagrun for example_sla_dag to 2024-12-28 00:18:00+00:00, run_after=2024-12-28 00:20:00+00:00
[2024-12-28T00:20:33.520+0000] {processor.py:208} INFO - Processing /home/airflow/.local/lib/python3.12/site-packages/airflow/example_dags/example_sla_dag.py took 0.102 seconds
[2024-12-28T00:21:04.764+0000] {processor.py:186} INFO - Started process (PID=30398) to work on /home/airflow/.local/lib/python3.12/site-packages/airflow/example_dags/example_sla_dag.py
[2024-12-28T00:21:04.766+0000] {processor.py:914} INFO - Processing file /home/airflow/.local/lib/python3.12/site-packages/airflow/example_dags/example_sla_dag.py for tasks to queue
[2024-12-28T00:21:04.768+0000] {logging_mixin.py:190} INFO - [2024-12-28T00:21:04.767+0000] {dagbag.py:588} INFO - Filling up the DagBag from /home/airflow/.local/lib/python3.12/site-packages/airflow/example_dags/example_sla_dag.py
[2024-12-28T00:21:04.780+0000] {processor.py:925} INFO - DAG(s) 'example_sla_dag' retrieved from /home/airflow/.local/lib/python3.12/site-packages/airflow/example_dags/example_sla_dag.py
[2024-12-28T00:21:04.805+0000] {logging_mixin.py:190} INFO - [2024-12-28T00:21:04.805+0000] {dag.py:3239} INFO - Sync 1 DAGs
[2024-12-28T00:21:04.835+0000] {logging_mixin.py:190} INFO - [2024-12-28T00:21:04.834+0000] {dag.py:4180} INFO - Setting next_dagrun for example_sla_dag to 2024-12-28 00:18:00+00:00, run_after=2024-12-28 00:20:00+00:00
[2024-12-28T00:21:04.863+0000] {processor.py:208} INFO - Processing /home/airflow/.local/lib/python3.12/site-packages/airflow/example_dags/example_sla_dag.py took 0.104 seconds
[2024-12-28T00:21:35.788+0000] {processor.py:186} INFO - Started process (PID=30459) to work on /home/airflow/.local/lib/python3.12/site-packages/airflow/example_dags/example_sla_dag.py
[2024-12-28T00:21:35.789+0000] {processor.py:914} INFO - Processing file /home/airflow/.local/lib/python3.12/site-packages/airflow/example_dags/example_sla_dag.py for tasks to queue
[2024-12-28T00:21:35.792+0000] {logging_mixin.py:190} INFO - [2024-12-28T00:21:35.791+0000] {dagbag.py:588} INFO - Filling up the DagBag from /home/airflow/.local/lib/python3.12/site-packages/airflow/example_dags/example_sla_dag.py
[2024-12-28T00:21:35.803+0000] {processor.py:925} INFO - DAG(s) 'example_sla_dag' retrieved from /home/airflow/.local/lib/python3.12/site-packages/airflow/example_dags/example_sla_dag.py
[2024-12-28T00:21:35.827+0000] {logging_mixin.py:190} INFO - [2024-12-28T00:21:35.826+0000] {dag.py:3239} INFO - Sync 1 DAGs
[2024-12-28T00:21:35.855+0000] {logging_mixin.py:190} INFO - [2024-12-28T00:21:35.855+0000] {dag.py:4180} INFO - Setting next_dagrun for example_sla_dag to 2024-12-28 00:18:00+00:00, run_after=2024-12-28 00:20:00+00:00
[2024-12-28T00:21:35.883+0000] {processor.py:208} INFO - Processing /home/airflow/.local/lib/python3.12/site-packages/airflow/example_dags/example_sla_dag.py took 0.100 seconds
[2024-12-28T00:22:07.000+0000] {processor.py:186} INFO - Started process (PID=30520) to work on /home/airflow/.local/lib/python3.12/site-packages/airflow/example_dags/example_sla_dag.py
[2024-12-28T00:22:07.002+0000] {processor.py:914} INFO - Processing file /home/airflow/.local/lib/python3.12/site-packages/airflow/example_dags/example_sla_dag.py for tasks to queue
[2024-12-28T00:22:07.006+0000] {logging_mixin.py:190} INFO - [2024-12-28T00:22:07.005+0000] {dagbag.py:588} INFO - Filling up the DagBag from /home/airflow/.local/lib/python3.12/site-packages/airflow/example_dags/example_sla_dag.py
[2024-12-28T00:22:07.024+0000] {processor.py:925} INFO - DAG(s) 'example_sla_dag' retrieved from /home/airflow/.local/lib/python3.12/site-packages/airflow/example_dags/example_sla_dag.py
[2024-12-28T00:22:07.060+0000] {logging_mixin.py:190} INFO - [2024-12-28T00:22:07.059+0000] {dag.py:3239} INFO - Sync 1 DAGs
[2024-12-28T00:22:07.109+0000] {logging_mixin.py:190} INFO - [2024-12-28T00:22:07.108+0000] {dag.py:4180} INFO - Setting next_dagrun for example_sla_dag to 2024-12-28 00:20:00+00:00, run_after=2024-12-28 00:22:00+00:00
[2024-12-28T00:22:07.146+0000] {processor.py:208} INFO - Processing /home/airflow/.local/lib/python3.12/site-packages/airflow/example_dags/example_sla_dag.py took 0.156 seconds
