[2024-12-28T00:00:21.286+0000] {processor.py:186} INFO - Started process (PID=27802) to work on /home/airflow/.local/lib/python3.12/site-packages/airflow/example_dags/example_dataset_alias.py
[2024-12-28T00:00:21.287+0000] {processor.py:914} INFO - Processing file /home/airflow/.local/lib/python3.12/site-packages/airflow/example_dags/example_dataset_alias.py for tasks to queue
[2024-12-28T00:00:21.290+0000] {logging_mixin.py:190} INFO - [2024-12-28T00:00:21.289+0000] {dagbag.py:588} INFO - Filling up the DagBag from /home/airflow/.local/lib/python3.12/site-packages/airflow/example_dags/example_dataset_alias.py
[2024-12-28T00:00:21.685+0000] {processor.py:925} INFO - DAG(s) 'dataset_alias_example_alias_producer', 'dataset_s3_bucket_producer', 'dataset_alias_example_alias_consumer', 'dataset_s3_bucket_consumer' retrieved from /home/airflow/.local/lib/python3.12/site-packages/airflow/example_dags/example_dataset_alias.py
[2024-12-28T00:00:21.718+0000] {logging_mixin.py:190} INFO - [2024-12-28T00:00:21.717+0000] {dag.py:3239} INFO - Sync 4 DAGs
[2024-12-28T00:00:21.746+0000] {logging_mixin.py:190} INFO - [2024-12-28T00:00:21.746+0000] {dag.py:4180} INFO - Setting next_dagrun for dataset_alias_example_alias_consumer to None, run_after=None
[2024-12-28T00:00:21.751+0000] {logging_mixin.py:190} INFO - [2024-12-28T00:00:21.750+0000] {dag.py:4180} INFO - Setting next_dagrun for dataset_alias_example_alias_producer to None, run_after=None
[2024-12-28T00:00:21.754+0000] {logging_mixin.py:190} INFO - [2024-12-28T00:00:21.753+0000] {dag.py:4180} INFO - Setting next_dagrun for dataset_s3_bucket_consumer to None, run_after=None
[2024-12-28T00:00:21.757+0000] {logging_mixin.py:190} INFO - [2024-12-28T00:00:21.757+0000] {dag.py:4180} INFO - Setting next_dagrun for dataset_s3_bucket_producer to None, run_after=None
[2024-12-28T00:00:21.789+0000] {processor.py:208} INFO - Processing /home/airflow/.local/lib/python3.12/site-packages/airflow/example_dags/example_dataset_alias.py took 0.509 seconds
[2024-12-28T00:00:52.636+0000] {processor.py:186} INFO - Started process (PID=27866) to work on /home/airflow/.local/lib/python3.12/site-packages/airflow/example_dags/example_dataset_alias.py
[2024-12-28T00:00:52.637+0000] {processor.py:914} INFO - Processing file /home/airflow/.local/lib/python3.12/site-packages/airflow/example_dags/example_dataset_alias.py for tasks to queue
[2024-12-28T00:00:52.638+0000] {logging_mixin.py:190} INFO - [2024-12-28T00:00:52.638+0000] {dagbag.py:588} INFO - Filling up the DagBag from /home/airflow/.local/lib/python3.12/site-packages/airflow/example_dags/example_dataset_alias.py
[2024-12-28T00:00:53.042+0000] {processor.py:925} INFO - DAG(s) 'dataset_s3_bucket_consumer', 'dataset_s3_bucket_producer', 'dataset_alias_example_alias_consumer', 'dataset_alias_example_alias_producer' retrieved from /home/airflow/.local/lib/python3.12/site-packages/airflow/example_dags/example_dataset_alias.py
[2024-12-28T00:00:53.072+0000] {logging_mixin.py:190} INFO - [2024-12-28T00:00:53.071+0000] {dag.py:3239} INFO - Sync 4 DAGs
[2024-12-28T00:00:53.101+0000] {logging_mixin.py:190} INFO - [2024-12-28T00:00:53.100+0000] {dag.py:4180} INFO - Setting next_dagrun for dataset_alias_example_alias_consumer to None, run_after=None
[2024-12-28T00:00:53.106+0000] {logging_mixin.py:190} INFO - [2024-12-28T00:00:53.105+0000] {dag.py:4180} INFO - Setting next_dagrun for dataset_alias_example_alias_producer to None, run_after=None
[2024-12-28T00:00:53.109+0000] {logging_mixin.py:190} INFO - [2024-12-28T00:00:53.108+0000] {dag.py:4180} INFO - Setting next_dagrun for dataset_s3_bucket_consumer to None, run_after=None
[2024-12-28T00:00:53.112+0000] {logging_mixin.py:190} INFO - [2024-12-28T00:00:53.111+0000] {dag.py:4180} INFO - Setting next_dagrun for dataset_s3_bucket_producer to None, run_after=None
[2024-12-28T00:00:53.144+0000] {processor.py:208} INFO - Processing /home/airflow/.local/lib/python3.12/site-packages/airflow/example_dags/example_dataset_alias.py took 0.514 seconds
[2024-12-28T00:01:23.426+0000] {processor.py:186} INFO - Started process (PID=27930) to work on /home/airflow/.local/lib/python3.12/site-packages/airflow/example_dags/example_dataset_alias.py
[2024-12-28T00:01:23.428+0000] {processor.py:914} INFO - Processing file /home/airflow/.local/lib/python3.12/site-packages/airflow/example_dags/example_dataset_alias.py for tasks to queue
[2024-12-28T00:01:23.430+0000] {logging_mixin.py:190} INFO - [2024-12-28T00:01:23.429+0000] {dagbag.py:588} INFO - Filling up the DagBag from /home/airflow/.local/lib/python3.12/site-packages/airflow/example_dags/example_dataset_alias.py
[2024-12-28T00:01:24.039+0000] {processor.py:925} INFO - DAG(s) 'dataset_alias_example_alias_producer', 'dataset_s3_bucket_producer', 'dataset_alias_example_alias_consumer', 'dataset_s3_bucket_consumer' retrieved from /home/airflow/.local/lib/python3.12/site-packages/airflow/example_dags/example_dataset_alias.py
[2024-12-28T00:01:24.068+0000] {logging_mixin.py:190} INFO - [2024-12-28T00:01:24.068+0000] {dag.py:3239} INFO - Sync 4 DAGs
[2024-12-28T00:01:24.093+0000] {logging_mixin.py:190} INFO - [2024-12-28T00:01:24.092+0000] {dag.py:4180} INFO - Setting next_dagrun for dataset_alias_example_alias_consumer to None, run_after=None
[2024-12-28T00:01:24.098+0000] {logging_mixin.py:190} INFO - [2024-12-28T00:01:24.098+0000] {dag.py:4180} INFO - Setting next_dagrun for dataset_alias_example_alias_producer to None, run_after=None
[2024-12-28T00:01:24.101+0000] {logging_mixin.py:190} INFO - [2024-12-28T00:01:24.100+0000] {dag.py:4180} INFO - Setting next_dagrun for dataset_s3_bucket_consumer to None, run_after=None
[2024-12-28T00:01:24.104+0000] {logging_mixin.py:190} INFO - [2024-12-28T00:01:24.104+0000] {dag.py:4180} INFO - Setting next_dagrun for dataset_s3_bucket_producer to None, run_after=None
[2024-12-28T00:01:24.133+0000] {processor.py:208} INFO - Processing /home/airflow/.local/lib/python3.12/site-packages/airflow/example_dags/example_dataset_alias.py took 0.712 seconds
[2024-12-28T00:01:54.404+0000] {processor.py:186} INFO - Started process (PID=27994) to work on /home/airflow/.local/lib/python3.12/site-packages/airflow/example_dags/example_dataset_alias.py
[2024-12-28T00:01:54.405+0000] {processor.py:914} INFO - Processing file /home/airflow/.local/lib/python3.12/site-packages/airflow/example_dags/example_dataset_alias.py for tasks to queue
[2024-12-28T00:01:54.408+0000] {logging_mixin.py:190} INFO - [2024-12-28T00:01:54.407+0000] {dagbag.py:588} INFO - Filling up the DagBag from /home/airflow/.local/lib/python3.12/site-packages/airflow/example_dags/example_dataset_alias.py
[2024-12-28T00:01:55.089+0000] {processor.py:925} INFO - DAG(s) 'dataset_s3_bucket_consumer', 'dataset_s3_bucket_producer', 'dataset_alias_example_alias_producer', 'dataset_alias_example_alias_consumer' retrieved from /home/airflow/.local/lib/python3.12/site-packages/airflow/example_dags/example_dataset_alias.py
[2024-12-28T00:01:55.120+0000] {logging_mixin.py:190} INFO - [2024-12-28T00:01:55.119+0000] {dag.py:3239} INFO - Sync 4 DAGs
[2024-12-28T00:01:55.146+0000] {logging_mixin.py:190} INFO - [2024-12-28T00:01:55.146+0000] {dag.py:4180} INFO - Setting next_dagrun for dataset_alias_example_alias_consumer to None, run_after=None
[2024-12-28T00:01:55.150+0000] {logging_mixin.py:190} INFO - [2024-12-28T00:01:55.150+0000] {dag.py:4180} INFO - Setting next_dagrun for dataset_alias_example_alias_producer to None, run_after=None
[2024-12-28T00:01:55.153+0000] {logging_mixin.py:190} INFO - [2024-12-28T00:01:55.153+0000] {dag.py:4180} INFO - Setting next_dagrun for dataset_s3_bucket_consumer to None, run_after=None
[2024-12-28T00:01:55.156+0000] {logging_mixin.py:190} INFO - [2024-12-28T00:01:55.155+0000] {dag.py:4180} INFO - Setting next_dagrun for dataset_s3_bucket_producer to None, run_after=None
[2024-12-28T00:01:55.190+0000] {processor.py:208} INFO - Processing /home/airflow/.local/lib/python3.12/site-packages/airflow/example_dags/example_dataset_alias.py took 0.792 seconds
[2024-12-28T00:02:25.303+0000] {processor.py:186} INFO - Started process (PID=28058) to work on /home/airflow/.local/lib/python3.12/site-packages/airflow/example_dags/example_dataset_alias.py
[2024-12-28T00:02:25.305+0000] {processor.py:914} INFO - Processing file /home/airflow/.local/lib/python3.12/site-packages/airflow/example_dags/example_dataset_alias.py for tasks to queue
[2024-12-28T00:02:25.308+0000] {logging_mixin.py:190} INFO - [2024-12-28T00:02:25.307+0000] {dagbag.py:588} INFO - Filling up the DagBag from /home/airflow/.local/lib/python3.12/site-packages/airflow/example_dags/example_dataset_alias.py
[2024-12-28T00:02:26.278+0000] {processor.py:925} INFO - DAG(s) 'dataset_s3_bucket_consumer', 'dataset_s3_bucket_producer', 'dataset_alias_example_alias_producer', 'dataset_alias_example_alias_consumer' retrieved from /home/airflow/.local/lib/python3.12/site-packages/airflow/example_dags/example_dataset_alias.py
[2024-12-28T00:02:26.350+0000] {logging_mixin.py:190} INFO - [2024-12-28T00:02:26.348+0000] {dag.py:3239} INFO - Sync 4 DAGs
[2024-12-28T00:02:26.409+0000] {logging_mixin.py:190} INFO - [2024-12-28T00:02:26.408+0000] {dag.py:4180} INFO - Setting next_dagrun for dataset_alias_example_alias_consumer to None, run_after=None
[2024-12-28T00:02:26.421+0000] {logging_mixin.py:190} INFO - [2024-12-28T00:02:26.420+0000] {dag.py:4180} INFO - Setting next_dagrun for dataset_alias_example_alias_producer to None, run_after=None
[2024-12-28T00:02:26.427+0000] {logging_mixin.py:190} INFO - [2024-12-28T00:02:26.426+0000] {dag.py:4180} INFO - Setting next_dagrun for dataset_s3_bucket_consumer to None, run_after=None
[2024-12-28T00:02:26.435+0000] {logging_mixin.py:190} INFO - [2024-12-28T00:02:26.434+0000] {dag.py:4180} INFO - Setting next_dagrun for dataset_s3_bucket_producer to None, run_after=None
[2024-12-28T00:02:26.494+0000] {processor.py:208} INFO - Processing /home/airflow/.local/lib/python3.12/site-packages/airflow/example_dags/example_dataset_alias.py took 1.200 seconds
[2024-12-28T00:02:56.745+0000] {processor.py:186} INFO - Started process (PID=28122) to work on /home/airflow/.local/lib/python3.12/site-packages/airflow/example_dags/example_dataset_alias.py
[2024-12-28T00:02:56.746+0000] {processor.py:914} INFO - Processing file /home/airflow/.local/lib/python3.12/site-packages/airflow/example_dags/example_dataset_alias.py for tasks to queue
[2024-12-28T00:02:56.748+0000] {logging_mixin.py:190} INFO - [2024-12-28T00:02:56.748+0000] {dagbag.py:588} INFO - Filling up the DagBag from /home/airflow/.local/lib/python3.12/site-packages/airflow/example_dags/example_dataset_alias.py
[2024-12-28T00:02:57.378+0000] {processor.py:925} INFO - DAG(s) 'dataset_s3_bucket_consumer', 'dataset_s3_bucket_producer', 'dataset_alias_example_alias_consumer', 'dataset_alias_example_alias_producer' retrieved from /home/airflow/.local/lib/python3.12/site-packages/airflow/example_dags/example_dataset_alias.py
[2024-12-28T00:02:57.411+0000] {logging_mixin.py:190} INFO - [2024-12-28T00:02:57.410+0000] {dag.py:3239} INFO - Sync 4 DAGs
[2024-12-28T00:02:57.439+0000] {logging_mixin.py:190} INFO - [2024-12-28T00:02:57.439+0000] {dag.py:4180} INFO - Setting next_dagrun for dataset_alias_example_alias_consumer to None, run_after=None
[2024-12-28T00:02:57.444+0000] {logging_mixin.py:190} INFO - [2024-12-28T00:02:57.444+0000] {dag.py:4180} INFO - Setting next_dagrun for dataset_alias_example_alias_producer to None, run_after=None
[2024-12-28T00:02:57.447+0000] {logging_mixin.py:190} INFO - [2024-12-28T00:02:57.447+0000] {dag.py:4180} INFO - Setting next_dagrun for dataset_s3_bucket_consumer to None, run_after=None
[2024-12-28T00:02:57.449+0000] {logging_mixin.py:190} INFO - [2024-12-28T00:02:57.449+0000] {dag.py:4180} INFO - Setting next_dagrun for dataset_s3_bucket_producer to None, run_after=None
[2024-12-28T00:02:57.480+0000] {processor.py:208} INFO - Processing /home/airflow/.local/lib/python3.12/site-packages/airflow/example_dags/example_dataset_alias.py took 0.740 seconds
[2024-12-28T00:03:27.893+0000] {processor.py:186} INFO - Started process (PID=28186) to work on /home/airflow/.local/lib/python3.12/site-packages/airflow/example_dags/example_dataset_alias.py
[2024-12-28T00:03:27.895+0000] {processor.py:914} INFO - Processing file /home/airflow/.local/lib/python3.12/site-packages/airflow/example_dags/example_dataset_alias.py for tasks to queue
[2024-12-28T00:03:27.897+0000] {logging_mixin.py:190} INFO - [2024-12-28T00:03:27.897+0000] {dagbag.py:588} INFO - Filling up the DagBag from /home/airflow/.local/lib/python3.12/site-packages/airflow/example_dags/example_dataset_alias.py
[2024-12-28T00:03:28.542+0000] {processor.py:925} INFO - DAG(s) 'dataset_alias_example_alias_consumer', 'dataset_s3_bucket_consumer', 'dataset_alias_example_alias_producer', 'dataset_s3_bucket_producer' retrieved from /home/airflow/.local/lib/python3.12/site-packages/airflow/example_dags/example_dataset_alias.py
[2024-12-28T00:03:28.574+0000] {logging_mixin.py:190} INFO - [2024-12-28T00:03:28.573+0000] {dag.py:3239} INFO - Sync 4 DAGs
[2024-12-28T00:03:28.598+0000] {logging_mixin.py:190} INFO - [2024-12-28T00:03:28.598+0000] {dag.py:4180} INFO - Setting next_dagrun for dataset_alias_example_alias_consumer to None, run_after=None
[2024-12-28T00:03:28.603+0000] {logging_mixin.py:190} INFO - [2024-12-28T00:03:28.603+0000] {dag.py:4180} INFO - Setting next_dagrun for dataset_alias_example_alias_producer to None, run_after=None
[2024-12-28T00:03:28.606+0000] {logging_mixin.py:190} INFO - [2024-12-28T00:03:28.605+0000] {dag.py:4180} INFO - Setting next_dagrun for dataset_s3_bucket_consumer to None, run_after=None
[2024-12-28T00:03:28.608+0000] {logging_mixin.py:190} INFO - [2024-12-28T00:03:28.608+0000] {dag.py:4180} INFO - Setting next_dagrun for dataset_s3_bucket_producer to None, run_after=None
[2024-12-28T00:03:28.642+0000] {processor.py:208} INFO - Processing /home/airflow/.local/lib/python3.12/site-packages/airflow/example_dags/example_dataset_alias.py took 0.757 seconds
[2024-12-28T00:03:59.022+0000] {processor.py:186} INFO - Started process (PID=28250) to work on /home/airflow/.local/lib/python3.12/site-packages/airflow/example_dags/example_dataset_alias.py
[2024-12-28T00:03:59.024+0000] {processor.py:914} INFO - Processing file /home/airflow/.local/lib/python3.12/site-packages/airflow/example_dags/example_dataset_alias.py for tasks to queue
[2024-12-28T00:03:59.026+0000] {logging_mixin.py:190} INFO - [2024-12-28T00:03:59.026+0000] {dagbag.py:588} INFO - Filling up the DagBag from /home/airflow/.local/lib/python3.12/site-packages/airflow/example_dags/example_dataset_alias.py
[2024-12-28T00:03:59.708+0000] {processor.py:925} INFO - DAG(s) 'dataset_s3_bucket_producer', 'dataset_alias_example_alias_consumer', 'dataset_s3_bucket_consumer', 'dataset_alias_example_alias_producer' retrieved from /home/airflow/.local/lib/python3.12/site-packages/airflow/example_dags/example_dataset_alias.py
[2024-12-28T00:03:59.744+0000] {logging_mixin.py:190} INFO - [2024-12-28T00:03:59.743+0000] {dag.py:3239} INFO - Sync 4 DAGs
[2024-12-28T00:03:59.773+0000] {logging_mixin.py:190} INFO - [2024-12-28T00:03:59.773+0000] {dag.py:4180} INFO - Setting next_dagrun for dataset_alias_example_alias_consumer to None, run_after=None
[2024-12-28T00:03:59.777+0000] {logging_mixin.py:190} INFO - [2024-12-28T00:03:59.777+0000] {dag.py:4180} INFO - Setting next_dagrun for dataset_alias_example_alias_producer to None, run_after=None
[2024-12-28T00:03:59.780+0000] {logging_mixin.py:190} INFO - [2024-12-28T00:03:59.780+0000] {dag.py:4180} INFO - Setting next_dagrun for dataset_s3_bucket_consumer to None, run_after=None
[2024-12-28T00:03:59.783+0000] {logging_mixin.py:190} INFO - [2024-12-28T00:03:59.783+0000] {dag.py:4180} INFO - Setting next_dagrun for dataset_s3_bucket_producer to None, run_after=None
[2024-12-28T00:03:59.818+0000] {processor.py:208} INFO - Processing /home/airflow/.local/lib/python3.12/site-packages/airflow/example_dags/example_dataset_alias.py took 0.801 seconds
[2024-12-28T00:04:30.316+0000] {processor.py:186} INFO - Started process (PID=28315) to work on /home/airflow/.local/lib/python3.12/site-packages/airflow/example_dags/example_dataset_alias.py
[2024-12-28T00:04:30.317+0000] {processor.py:914} INFO - Processing file /home/airflow/.local/lib/python3.12/site-packages/airflow/example_dags/example_dataset_alias.py for tasks to queue
[2024-12-28T00:04:30.320+0000] {logging_mixin.py:190} INFO - [2024-12-28T00:04:30.319+0000] {dagbag.py:588} INFO - Filling up the DagBag from /home/airflow/.local/lib/python3.12/site-packages/airflow/example_dags/example_dataset_alias.py
[2024-12-28T00:04:30.931+0000] {processor.py:925} INFO - DAG(s) 'dataset_alias_example_alias_producer', 'dataset_s3_bucket_producer', 'dataset_alias_example_alias_consumer', 'dataset_s3_bucket_consumer' retrieved from /home/airflow/.local/lib/python3.12/site-packages/airflow/example_dags/example_dataset_alias.py
[2024-12-28T00:04:30.963+0000] {logging_mixin.py:190} INFO - [2024-12-28T00:04:30.962+0000] {dag.py:3239} INFO - Sync 4 DAGs
[2024-12-28T00:04:30.992+0000] {logging_mixin.py:190} INFO - [2024-12-28T00:04:30.992+0000] {dag.py:4180} INFO - Setting next_dagrun for dataset_alias_example_alias_consumer to None, run_after=None
[2024-12-28T00:04:30.996+0000] {logging_mixin.py:190} INFO - [2024-12-28T00:04:30.996+0000] {dag.py:4180} INFO - Setting next_dagrun for dataset_alias_example_alias_producer to None, run_after=None
[2024-12-28T00:04:31.000+0000] {logging_mixin.py:190} INFO - [2024-12-28T00:04:30.999+0000] {dag.py:4180} INFO - Setting next_dagrun for dataset_s3_bucket_consumer to None, run_after=None
[2024-12-28T00:04:31.003+0000] {logging_mixin.py:190} INFO - [2024-12-28T00:04:31.003+0000] {dag.py:4180} INFO - Setting next_dagrun for dataset_s3_bucket_producer to None, run_after=None
[2024-12-28T00:04:31.038+0000] {processor.py:208} INFO - Processing /home/airflow/.local/lib/python3.12/site-packages/airflow/example_dags/example_dataset_alias.py took 0.728 seconds
[2024-12-28T00:05:01.280+0000] {processor.py:186} INFO - Started process (PID=28379) to work on /home/airflow/.local/lib/python3.12/site-packages/airflow/example_dags/example_dataset_alias.py
[2024-12-28T00:05:01.282+0000] {processor.py:914} INFO - Processing file /home/airflow/.local/lib/python3.12/site-packages/airflow/example_dags/example_dataset_alias.py for tasks to queue
[2024-12-28T00:05:01.284+0000] {logging_mixin.py:190} INFO - [2024-12-28T00:05:01.283+0000] {dagbag.py:588} INFO - Filling up the DagBag from /home/airflow/.local/lib/python3.12/site-packages/airflow/example_dags/example_dataset_alias.py
[2024-12-28T00:05:02.016+0000] {processor.py:925} INFO - DAG(s) 'dataset_s3_bucket_consumer', 'dataset_alias_example_alias_consumer', 'dataset_alias_example_alias_producer', 'dataset_s3_bucket_producer' retrieved from /home/airflow/.local/lib/python3.12/site-packages/airflow/example_dags/example_dataset_alias.py
[2024-12-28T00:05:02.055+0000] {logging_mixin.py:190} INFO - [2024-12-28T00:05:02.054+0000] {dag.py:3239} INFO - Sync 4 DAGs
[2024-12-28T00:05:02.091+0000] {logging_mixin.py:190} INFO - [2024-12-28T00:05:02.091+0000] {dag.py:4180} INFO - Setting next_dagrun for dataset_alias_example_alias_consumer to None, run_after=None
[2024-12-28T00:05:02.096+0000] {logging_mixin.py:190} INFO - [2024-12-28T00:05:02.096+0000] {dag.py:4180} INFO - Setting next_dagrun for dataset_alias_example_alias_producer to None, run_after=None
[2024-12-28T00:05:02.100+0000] {logging_mixin.py:190} INFO - [2024-12-28T00:05:02.099+0000] {dag.py:4180} INFO - Setting next_dagrun for dataset_s3_bucket_consumer to None, run_after=None
[2024-12-28T00:05:02.103+0000] {logging_mixin.py:190} INFO - [2024-12-28T00:05:02.102+0000] {dag.py:4180} INFO - Setting next_dagrun for dataset_s3_bucket_producer to None, run_after=None
[2024-12-28T00:05:02.138+0000] {processor.py:208} INFO - Processing /home/airflow/.local/lib/python3.12/site-packages/airflow/example_dags/example_dataset_alias.py took 0.863 seconds
[2024-12-28T00:05:32.625+0000] {processor.py:186} INFO - Started process (PID=28443) to work on /home/airflow/.local/lib/python3.12/site-packages/airflow/example_dags/example_dataset_alias.py
[2024-12-28T00:05:32.626+0000] {processor.py:914} INFO - Processing file /home/airflow/.local/lib/python3.12/site-packages/airflow/example_dags/example_dataset_alias.py for tasks to queue
[2024-12-28T00:05:32.630+0000] {logging_mixin.py:190} INFO - [2024-12-28T00:05:32.629+0000] {dagbag.py:588} INFO - Filling up the DagBag from /home/airflow/.local/lib/python3.12/site-packages/airflow/example_dags/example_dataset_alias.py
[2024-12-28T00:05:33.394+0000] {processor.py:925} INFO - DAG(s) 'dataset_alias_example_alias_consumer', 'dataset_s3_bucket_producer', 'dataset_alias_example_alias_producer', 'dataset_s3_bucket_consumer' retrieved from /home/airflow/.local/lib/python3.12/site-packages/airflow/example_dags/example_dataset_alias.py
[2024-12-28T00:05:33.429+0000] {logging_mixin.py:190} INFO - [2024-12-28T00:05:33.428+0000] {dag.py:3239} INFO - Sync 4 DAGs
[2024-12-28T00:05:33.459+0000] {logging_mixin.py:190} INFO - [2024-12-28T00:05:33.459+0000] {dag.py:4180} INFO - Setting next_dagrun for dataset_alias_example_alias_consumer to None, run_after=None
[2024-12-28T00:05:33.464+0000] {logging_mixin.py:190} INFO - [2024-12-28T00:05:33.464+0000] {dag.py:4180} INFO - Setting next_dagrun for dataset_alias_example_alias_producer to None, run_after=None
[2024-12-28T00:05:33.468+0000] {logging_mixin.py:190} INFO - [2024-12-28T00:05:33.468+0000] {dag.py:4180} INFO - Setting next_dagrun for dataset_s3_bucket_consumer to None, run_after=None
[2024-12-28T00:05:33.471+0000] {logging_mixin.py:190} INFO - [2024-12-28T00:05:33.471+0000] {dag.py:4180} INFO - Setting next_dagrun for dataset_s3_bucket_producer to None, run_after=None
[2024-12-28T00:05:33.507+0000] {processor.py:208} INFO - Processing /home/airflow/.local/lib/python3.12/site-packages/airflow/example_dags/example_dataset_alias.py took 0.888 seconds
[2024-12-28T00:06:04.097+0000] {processor.py:186} INFO - Started process (PID=28508) to work on /home/airflow/.local/lib/python3.12/site-packages/airflow/example_dags/example_dataset_alias.py
[2024-12-28T00:06:04.099+0000] {processor.py:914} INFO - Processing file /home/airflow/.local/lib/python3.12/site-packages/airflow/example_dags/example_dataset_alias.py for tasks to queue
[2024-12-28T00:06:04.102+0000] {logging_mixin.py:190} INFO - [2024-12-28T00:06:04.101+0000] {dagbag.py:588} INFO - Filling up the DagBag from /home/airflow/.local/lib/python3.12/site-packages/airflow/example_dags/example_dataset_alias.py
[2024-12-28T00:06:04.922+0000] {processor.py:925} INFO - DAG(s) 'dataset_s3_bucket_consumer', 'dataset_alias_example_alias_consumer', 'dataset_s3_bucket_producer', 'dataset_alias_example_alias_producer' retrieved from /home/airflow/.local/lib/python3.12/site-packages/airflow/example_dags/example_dataset_alias.py
[2024-12-28T00:06:04.964+0000] {logging_mixin.py:190} INFO - [2024-12-28T00:06:04.963+0000] {dag.py:3239} INFO - Sync 4 DAGs
[2024-12-28T00:06:05.000+0000] {logging_mixin.py:190} INFO - [2024-12-28T00:06:05.000+0000] {dag.py:4180} INFO - Setting next_dagrun for dataset_alias_example_alias_consumer to None, run_after=None
[2024-12-28T00:06:05.006+0000] {logging_mixin.py:190} INFO - [2024-12-28T00:06:05.005+0000] {dag.py:4180} INFO - Setting next_dagrun for dataset_alias_example_alias_producer to None, run_after=None
[2024-12-28T00:06:05.010+0000] {logging_mixin.py:190} INFO - [2024-12-28T00:06:05.010+0000] {dag.py:4180} INFO - Setting next_dagrun for dataset_s3_bucket_consumer to None, run_after=None
[2024-12-28T00:06:05.014+0000] {logging_mixin.py:190} INFO - [2024-12-28T00:06:05.013+0000] {dag.py:4180} INFO - Setting next_dagrun for dataset_s3_bucket_producer to None, run_after=None
[2024-12-28T00:06:05.056+0000] {processor.py:208} INFO - Processing /home/airflow/.local/lib/python3.12/site-packages/airflow/example_dags/example_dataset_alias.py took 0.965 seconds
[2024-12-28T00:06:35.590+0000] {processor.py:186} INFO - Started process (PID=28572) to work on /home/airflow/.local/lib/python3.12/site-packages/airflow/example_dags/example_dataset_alias.py
[2024-12-28T00:06:35.591+0000] {processor.py:914} INFO - Processing file /home/airflow/.local/lib/python3.12/site-packages/airflow/example_dags/example_dataset_alias.py for tasks to queue
[2024-12-28T00:06:35.593+0000] {logging_mixin.py:190} INFO - [2024-12-28T00:06:35.593+0000] {dagbag.py:588} INFO - Filling up the DagBag from /home/airflow/.local/lib/python3.12/site-packages/airflow/example_dags/example_dataset_alias.py
[2024-12-28T00:06:36.344+0000] {processor.py:925} INFO - DAG(s) 'dataset_alias_example_alias_consumer', 'dataset_alias_example_alias_producer', 'dataset_s3_bucket_producer', 'dataset_s3_bucket_consumer' retrieved from /home/airflow/.local/lib/python3.12/site-packages/airflow/example_dags/example_dataset_alias.py
[2024-12-28T00:06:36.380+0000] {logging_mixin.py:190} INFO - [2024-12-28T00:06:36.379+0000] {dag.py:3239} INFO - Sync 4 DAGs
[2024-12-28T00:06:36.411+0000] {logging_mixin.py:190} INFO - [2024-12-28T00:06:36.410+0000] {dag.py:4180} INFO - Setting next_dagrun for dataset_alias_example_alias_consumer to None, run_after=None
[2024-12-28T00:06:36.415+0000] {logging_mixin.py:190} INFO - [2024-12-28T00:06:36.415+0000] {dag.py:4180} INFO - Setting next_dagrun for dataset_alias_example_alias_producer to None, run_after=None
[2024-12-28T00:06:36.419+0000] {logging_mixin.py:190} INFO - [2024-12-28T00:06:36.418+0000] {dag.py:4180} INFO - Setting next_dagrun for dataset_s3_bucket_consumer to None, run_after=None
[2024-12-28T00:06:36.421+0000] {logging_mixin.py:190} INFO - [2024-12-28T00:06:36.421+0000] {dag.py:4180} INFO - Setting next_dagrun for dataset_s3_bucket_producer to None, run_after=None
[2024-12-28T00:06:36.458+0000] {processor.py:208} INFO - Processing /home/airflow/.local/lib/python3.12/site-packages/airflow/example_dags/example_dataset_alias.py took 0.874 seconds
[2024-12-28T00:07:07.108+0000] {processor.py:186} INFO - Started process (PID=28639) to work on /home/airflow/.local/lib/python3.12/site-packages/airflow/example_dags/example_dataset_alias.py
[2024-12-28T00:07:07.110+0000] {processor.py:914} INFO - Processing file /home/airflow/.local/lib/python3.12/site-packages/airflow/example_dags/example_dataset_alias.py for tasks to queue
[2024-12-28T00:07:07.112+0000] {logging_mixin.py:190} INFO - [2024-12-28T00:07:07.112+0000] {dagbag.py:588} INFO - Filling up the DagBag from /home/airflow/.local/lib/python3.12/site-packages/airflow/example_dags/example_dataset_alias.py
[2024-12-28T00:07:07.742+0000] {processor.py:925} INFO - DAG(s) 'dataset_s3_bucket_producer', 'dataset_s3_bucket_consumer', 'dataset_alias_example_alias_consumer', 'dataset_alias_example_alias_producer' retrieved from /home/airflow/.local/lib/python3.12/site-packages/airflow/example_dags/example_dataset_alias.py
[2024-12-28T00:07:07.774+0000] {logging_mixin.py:190} INFO - [2024-12-28T00:07:07.773+0000] {dag.py:3239} INFO - Sync 4 DAGs
[2024-12-28T00:07:07.802+0000] {logging_mixin.py:190} INFO - [2024-12-28T00:07:07.802+0000] {dag.py:4180} INFO - Setting next_dagrun for dataset_alias_example_alias_consumer to None, run_after=None
[2024-12-28T00:07:07.806+0000] {logging_mixin.py:190} INFO - [2024-12-28T00:07:07.806+0000] {dag.py:4180} INFO - Setting next_dagrun for dataset_alias_example_alias_producer to None, run_after=None
[2024-12-28T00:07:07.810+0000] {logging_mixin.py:190} INFO - [2024-12-28T00:07:07.810+0000] {dag.py:4180} INFO - Setting next_dagrun for dataset_s3_bucket_consumer to None, run_after=None
[2024-12-28T00:07:07.814+0000] {logging_mixin.py:190} INFO - [2024-12-28T00:07:07.813+0000] {dag.py:4180} INFO - Setting next_dagrun for dataset_s3_bucket_producer to None, run_after=None
[2024-12-28T00:07:07.852+0000] {processor.py:208} INFO - Processing /home/airflow/.local/lib/python3.12/site-packages/airflow/example_dags/example_dataset_alias.py took 0.748 seconds
[2024-12-28T00:07:38.344+0000] {processor.py:186} INFO - Started process (PID=28704) to work on /home/airflow/.local/lib/python3.12/site-packages/airflow/example_dags/example_dataset_alias.py
[2024-12-28T00:07:38.345+0000] {processor.py:914} INFO - Processing file /home/airflow/.local/lib/python3.12/site-packages/airflow/example_dags/example_dataset_alias.py for tasks to queue
[2024-12-28T00:07:38.347+0000] {logging_mixin.py:190} INFO - [2024-12-28T00:07:38.346+0000] {dagbag.py:588} INFO - Filling up the DagBag from /home/airflow/.local/lib/python3.12/site-packages/airflow/example_dags/example_dataset_alias.py
[2024-12-28T00:07:39.005+0000] {processor.py:925} INFO - DAG(s) 'dataset_alias_example_alias_producer', 'dataset_alias_example_alias_consumer', 'dataset_s3_bucket_producer', 'dataset_s3_bucket_consumer' retrieved from /home/airflow/.local/lib/python3.12/site-packages/airflow/example_dags/example_dataset_alias.py
[2024-12-28T00:07:39.035+0000] {logging_mixin.py:190} INFO - [2024-12-28T00:07:39.034+0000] {dag.py:3239} INFO - Sync 4 DAGs
[2024-12-28T00:07:39.061+0000] {logging_mixin.py:190} INFO - [2024-12-28T00:07:39.060+0000] {dag.py:4180} INFO - Setting next_dagrun for dataset_alias_example_alias_consumer to None, run_after=None
[2024-12-28T00:07:39.065+0000] {logging_mixin.py:190} INFO - [2024-12-28T00:07:39.064+0000] {dag.py:4180} INFO - Setting next_dagrun for dataset_alias_example_alias_producer to None, run_after=None
[2024-12-28T00:07:39.067+0000] {logging_mixin.py:190} INFO - [2024-12-28T00:07:39.067+0000] {dag.py:4180} INFO - Setting next_dagrun for dataset_s3_bucket_consumer to None, run_after=None
[2024-12-28T00:07:39.070+0000] {logging_mixin.py:190} INFO - [2024-12-28T00:07:39.069+0000] {dag.py:4180} INFO - Setting next_dagrun for dataset_s3_bucket_producer to None, run_after=None
[2024-12-28T00:07:39.103+0000] {processor.py:208} INFO - Processing /home/airflow/.local/lib/python3.12/site-packages/airflow/example_dags/example_dataset_alias.py took 0.764 seconds
[2024-12-28T00:08:09.979+0000] {processor.py:186} INFO - Started process (PID=28771) to work on /home/airflow/.local/lib/python3.12/site-packages/airflow/example_dags/example_dataset_alias.py
[2024-12-28T00:08:09.980+0000] {processor.py:914} INFO - Processing file /home/airflow/.local/lib/python3.12/site-packages/airflow/example_dags/example_dataset_alias.py for tasks to queue
[2024-12-28T00:08:09.983+0000] {logging_mixin.py:190} INFO - [2024-12-28T00:08:09.982+0000] {dagbag.py:588} INFO - Filling up the DagBag from /home/airflow/.local/lib/python3.12/site-packages/airflow/example_dags/example_dataset_alias.py
[2024-12-28T00:08:10.555+0000] {processor.py:925} INFO - DAG(s) 'dataset_s3_bucket_producer', 'dataset_alias_example_alias_producer', 'dataset_alias_example_alias_consumer', 'dataset_s3_bucket_consumer' retrieved from /home/airflow/.local/lib/python3.12/site-packages/airflow/example_dags/example_dataset_alias.py
[2024-12-28T00:08:10.587+0000] {logging_mixin.py:190} INFO - [2024-12-28T00:08:10.586+0000] {dag.py:3239} INFO - Sync 4 DAGs
[2024-12-28T00:08:10.613+0000] {logging_mixin.py:190} INFO - [2024-12-28T00:08:10.613+0000] {dag.py:4180} INFO - Setting next_dagrun for dataset_alias_example_alias_consumer to None, run_after=None
[2024-12-28T00:08:10.617+0000] {logging_mixin.py:190} INFO - [2024-12-28T00:08:10.617+0000] {dag.py:4180} INFO - Setting next_dagrun for dataset_alias_example_alias_producer to None, run_after=None
[2024-12-28T00:08:10.621+0000] {logging_mixin.py:190} INFO - [2024-12-28T00:08:10.621+0000] {dag.py:4180} INFO - Setting next_dagrun for dataset_s3_bucket_consumer to None, run_after=None
[2024-12-28T00:08:10.625+0000] {logging_mixin.py:190} INFO - [2024-12-28T00:08:10.624+0000] {dag.py:4180} INFO - Setting next_dagrun for dataset_s3_bucket_producer to None, run_after=None
[2024-12-28T00:08:10.658+0000] {processor.py:208} INFO - Processing /home/airflow/.local/lib/python3.12/site-packages/airflow/example_dags/example_dataset_alias.py took 0.685 seconds
[2024-12-28T00:08:41.328+0000] {processor.py:186} INFO - Started process (PID=28835) to work on /home/airflow/.local/lib/python3.12/site-packages/airflow/example_dags/example_dataset_alias.py
[2024-12-28T00:08:41.329+0000] {processor.py:914} INFO - Processing file /home/airflow/.local/lib/python3.12/site-packages/airflow/example_dags/example_dataset_alias.py for tasks to queue
[2024-12-28T00:08:41.331+0000] {logging_mixin.py:190} INFO - [2024-12-28T00:08:41.330+0000] {dagbag.py:588} INFO - Filling up the DagBag from /home/airflow/.local/lib/python3.12/site-packages/airflow/example_dags/example_dataset_alias.py
[2024-12-28T00:08:42.041+0000] {processor.py:925} INFO - DAG(s) 'dataset_s3_bucket_consumer', 'dataset_alias_example_alias_consumer', 'dataset_s3_bucket_producer', 'dataset_alias_example_alias_producer' retrieved from /home/airflow/.local/lib/python3.12/site-packages/airflow/example_dags/example_dataset_alias.py
[2024-12-28T00:08:42.076+0000] {logging_mixin.py:190} INFO - [2024-12-28T00:08:42.075+0000] {dag.py:3239} INFO - Sync 4 DAGs
[2024-12-28T00:08:42.104+0000] {logging_mixin.py:190} INFO - [2024-12-28T00:08:42.103+0000] {dag.py:4180} INFO - Setting next_dagrun for dataset_alias_example_alias_consumer to None, run_after=None
[2024-12-28T00:08:42.109+0000] {logging_mixin.py:190} INFO - [2024-12-28T00:08:42.108+0000] {dag.py:4180} INFO - Setting next_dagrun for dataset_alias_example_alias_producer to None, run_after=None
[2024-12-28T00:08:42.112+0000] {logging_mixin.py:190} INFO - [2024-12-28T00:08:42.112+0000] {dag.py:4180} INFO - Setting next_dagrun for dataset_s3_bucket_consumer to None, run_after=None
[2024-12-28T00:08:42.115+0000] {logging_mixin.py:190} INFO - [2024-12-28T00:08:42.115+0000] {dag.py:4180} INFO - Setting next_dagrun for dataset_s3_bucket_producer to None, run_after=None
[2024-12-28T00:08:42.152+0000] {processor.py:208} INFO - Processing /home/airflow/.local/lib/python3.12/site-packages/airflow/example_dags/example_dataset_alias.py took 0.829 seconds
[2024-12-28T00:09:13.175+0000] {processor.py:186} INFO - Started process (PID=28904) to work on /home/airflow/.local/lib/python3.12/site-packages/airflow/example_dags/example_dataset_alias.py
[2024-12-28T00:09:13.177+0000] {processor.py:914} INFO - Processing file /home/airflow/.local/lib/python3.12/site-packages/airflow/example_dags/example_dataset_alias.py for tasks to queue
[2024-12-28T00:09:13.178+0000] {logging_mixin.py:190} INFO - [2024-12-28T00:09:13.178+0000] {dagbag.py:588} INFO - Filling up the DagBag from /home/airflow/.local/lib/python3.12/site-packages/airflow/example_dags/example_dataset_alias.py
[2024-12-28T00:09:13.805+0000] {processor.py:925} INFO - DAG(s) 'dataset_alias_example_alias_producer', 'dataset_s3_bucket_producer', 'dataset_alias_example_alias_consumer', 'dataset_s3_bucket_consumer' retrieved from /home/airflow/.local/lib/python3.12/site-packages/airflow/example_dags/example_dataset_alias.py
[2024-12-28T00:09:13.837+0000] {logging_mixin.py:190} INFO - [2024-12-28T00:09:13.836+0000] {dag.py:3239} INFO - Sync 4 DAGs
[2024-12-28T00:09:13.863+0000] {logging_mixin.py:190} INFO - [2024-12-28T00:09:13.863+0000] {dag.py:4180} INFO - Setting next_dagrun for dataset_alias_example_alias_consumer to None, run_after=None
[2024-12-28T00:09:13.868+0000] {logging_mixin.py:190} INFO - [2024-12-28T00:09:13.867+0000] {dag.py:4180} INFO - Setting next_dagrun for dataset_alias_example_alias_producer to None, run_after=None
[2024-12-28T00:09:13.871+0000] {logging_mixin.py:190} INFO - [2024-12-28T00:09:13.870+0000] {dag.py:4180} INFO - Setting next_dagrun for dataset_s3_bucket_consumer to None, run_after=None
[2024-12-28T00:09:13.874+0000] {logging_mixin.py:190} INFO - [2024-12-28T00:09:13.873+0000] {dag.py:4180} INFO - Setting next_dagrun for dataset_s3_bucket_producer to None, run_after=None
[2024-12-28T00:09:13.911+0000] {processor.py:208} INFO - Processing /home/airflow/.local/lib/python3.12/site-packages/airflow/example_dags/example_dataset_alias.py took 0.742 seconds
[2024-12-28T00:09:44.077+0000] {processor.py:186} INFO - Started process (PID=28968) to work on /home/airflow/.local/lib/python3.12/site-packages/airflow/example_dags/example_dataset_alias.py
[2024-12-28T00:09:44.079+0000] {processor.py:914} INFO - Processing file /home/airflow/.local/lib/python3.12/site-packages/airflow/example_dags/example_dataset_alias.py for tasks to queue
[2024-12-28T00:09:44.081+0000] {logging_mixin.py:190} INFO - [2024-12-28T00:09:44.081+0000] {dagbag.py:588} INFO - Filling up the DagBag from /home/airflow/.local/lib/python3.12/site-packages/airflow/example_dags/example_dataset_alias.py
[2024-12-28T00:09:44.775+0000] {processor.py:925} INFO - DAG(s) 'dataset_alias_example_alias_consumer', 'dataset_alias_example_alias_producer', 'dataset_s3_bucket_producer', 'dataset_s3_bucket_consumer' retrieved from /home/airflow/.local/lib/python3.12/site-packages/airflow/example_dags/example_dataset_alias.py
[2024-12-28T00:09:44.805+0000] {logging_mixin.py:190} INFO - [2024-12-28T00:09:44.804+0000] {dag.py:3239} INFO - Sync 4 DAGs
[2024-12-28T00:09:44.829+0000] {logging_mixin.py:190} INFO - [2024-12-28T00:09:44.828+0000] {dag.py:4180} INFO - Setting next_dagrun for dataset_alias_example_alias_consumer to None, run_after=None
[2024-12-28T00:09:44.834+0000] {logging_mixin.py:190} INFO - [2024-12-28T00:09:44.833+0000] {dag.py:4180} INFO - Setting next_dagrun for dataset_alias_example_alias_producer to None, run_after=None
[2024-12-28T00:09:44.837+0000] {logging_mixin.py:190} INFO - [2024-12-28T00:09:44.837+0000] {dag.py:4180} INFO - Setting next_dagrun for dataset_s3_bucket_consumer to None, run_after=None
[2024-12-28T00:09:44.841+0000] {logging_mixin.py:190} INFO - [2024-12-28T00:09:44.841+0000] {dag.py:4180} INFO - Setting next_dagrun for dataset_s3_bucket_producer to None, run_after=None
[2024-12-28T00:09:44.877+0000] {processor.py:208} INFO - Processing /home/airflow/.local/lib/python3.12/site-packages/airflow/example_dags/example_dataset_alias.py took 0.806 seconds
[2024-12-28T00:10:15.752+0000] {processor.py:186} INFO - Started process (PID=29036) to work on /home/airflow/.local/lib/python3.12/site-packages/airflow/example_dags/example_dataset_alias.py
[2024-12-28T00:10:15.753+0000] {processor.py:914} INFO - Processing file /home/airflow/.local/lib/python3.12/site-packages/airflow/example_dags/example_dataset_alias.py for tasks to queue
[2024-12-28T00:10:15.756+0000] {logging_mixin.py:190} INFO - [2024-12-28T00:10:15.755+0000] {dagbag.py:588} INFO - Filling up the DagBag from /home/airflow/.local/lib/python3.12/site-packages/airflow/example_dags/example_dataset_alias.py
[2024-12-28T00:10:16.437+0000] {processor.py:925} INFO - DAG(s) 'dataset_s3_bucket_producer', 'dataset_alias_example_alias_consumer', 'dataset_alias_example_alias_producer', 'dataset_s3_bucket_consumer' retrieved from /home/airflow/.local/lib/python3.12/site-packages/airflow/example_dags/example_dataset_alias.py
[2024-12-28T00:10:16.470+0000] {logging_mixin.py:190} INFO - [2024-12-28T00:10:16.469+0000] {dag.py:3239} INFO - Sync 4 DAGs
[2024-12-28T00:10:16.500+0000] {logging_mixin.py:190} INFO - [2024-12-28T00:10:16.499+0000] {dag.py:4180} INFO - Setting next_dagrun for dataset_alias_example_alias_consumer to None, run_after=None
[2024-12-28T00:10:16.505+0000] {logging_mixin.py:190} INFO - [2024-12-28T00:10:16.505+0000] {dag.py:4180} INFO - Setting next_dagrun for dataset_alias_example_alias_producer to None, run_after=None
[2024-12-28T00:10:16.509+0000] {logging_mixin.py:190} INFO - [2024-12-28T00:10:16.509+0000] {dag.py:4180} INFO - Setting next_dagrun for dataset_s3_bucket_consumer to None, run_after=None
[2024-12-28T00:10:16.512+0000] {logging_mixin.py:190} INFO - [2024-12-28T00:10:16.512+0000] {dag.py:4180} INFO - Setting next_dagrun for dataset_s3_bucket_producer to None, run_after=None
[2024-12-28T00:10:16.550+0000] {processor.py:208} INFO - Processing /home/airflow/.local/lib/python3.12/site-packages/airflow/example_dags/example_dataset_alias.py took 0.804 seconds
[2024-12-28T00:10:46.622+0000] {processor.py:186} INFO - Started process (PID=29104) to work on /home/airflow/.local/lib/python3.12/site-packages/airflow/example_dags/example_dataset_alias.py
[2024-12-28T00:10:46.623+0000] {processor.py:914} INFO - Processing file /home/airflow/.local/lib/python3.12/site-packages/airflow/example_dags/example_dataset_alias.py for tasks to queue
[2024-12-28T00:10:46.625+0000] {logging_mixin.py:190} INFO - [2024-12-28T00:10:46.625+0000] {dagbag.py:588} INFO - Filling up the DagBag from /home/airflow/.local/lib/python3.12/site-packages/airflow/example_dags/example_dataset_alias.py
[2024-12-28T00:10:47.265+0000] {processor.py:925} INFO - DAG(s) 'dataset_alias_example_alias_producer', 'dataset_s3_bucket_consumer', 'dataset_s3_bucket_producer', 'dataset_alias_example_alias_consumer' retrieved from /home/airflow/.local/lib/python3.12/site-packages/airflow/example_dags/example_dataset_alias.py
[2024-12-28T00:10:47.298+0000] {logging_mixin.py:190} INFO - [2024-12-28T00:10:47.297+0000] {dag.py:3239} INFO - Sync 4 DAGs
[2024-12-28T00:10:47.325+0000] {logging_mixin.py:190} INFO - [2024-12-28T00:10:47.325+0000] {dag.py:4180} INFO - Setting next_dagrun for dataset_alias_example_alias_consumer to None, run_after=None
[2024-12-28T00:10:47.330+0000] {logging_mixin.py:190} INFO - [2024-12-28T00:10:47.329+0000] {dag.py:4180} INFO - Setting next_dagrun for dataset_alias_example_alias_producer to None, run_after=None
[2024-12-28T00:10:47.333+0000] {logging_mixin.py:190} INFO - [2024-12-28T00:10:47.333+0000] {dag.py:4180} INFO - Setting next_dagrun for dataset_s3_bucket_consumer to None, run_after=None
[2024-12-28T00:10:47.337+0000] {logging_mixin.py:190} INFO - [2024-12-28T00:10:47.336+0000] {dag.py:4180} INFO - Setting next_dagrun for dataset_s3_bucket_producer to None, run_after=None
[2024-12-28T00:10:47.372+0000] {processor.py:208} INFO - Processing /home/airflow/.local/lib/python3.12/site-packages/airflow/example_dags/example_dataset_alias.py took 0.755 seconds
[2024-12-28T00:11:17.685+0000] {processor.py:186} INFO - Started process (PID=29170) to work on /home/airflow/.local/lib/python3.12/site-packages/airflow/example_dags/example_dataset_alias.py
[2024-12-28T00:11:17.687+0000] {processor.py:914} INFO - Processing file /home/airflow/.local/lib/python3.12/site-packages/airflow/example_dags/example_dataset_alias.py for tasks to queue
[2024-12-28T00:11:17.688+0000] {logging_mixin.py:190} INFO - [2024-12-28T00:11:17.688+0000] {dagbag.py:588} INFO - Filling up the DagBag from /home/airflow/.local/lib/python3.12/site-packages/airflow/example_dags/example_dataset_alias.py
[2024-12-28T00:11:18.437+0000] {processor.py:925} INFO - DAG(s) 'dataset_alias_example_alias_producer', 'dataset_s3_bucket_producer', 'dataset_s3_bucket_consumer', 'dataset_alias_example_alias_consumer' retrieved from /home/airflow/.local/lib/python3.12/site-packages/airflow/example_dags/example_dataset_alias.py
[2024-12-28T00:11:18.468+0000] {logging_mixin.py:190} INFO - [2024-12-28T00:11:18.467+0000] {dag.py:3239} INFO - Sync 4 DAGs
[2024-12-28T00:11:18.493+0000] {logging_mixin.py:190} INFO - [2024-12-28T00:11:18.493+0000] {dag.py:4180} INFO - Setting next_dagrun for dataset_alias_example_alias_consumer to None, run_after=None
[2024-12-28T00:11:18.498+0000] {logging_mixin.py:190} INFO - [2024-12-28T00:11:18.498+0000] {dag.py:4180} INFO - Setting next_dagrun for dataset_alias_example_alias_producer to None, run_after=None
[2024-12-28T00:11:18.502+0000] {logging_mixin.py:190} INFO - [2024-12-28T00:11:18.502+0000] {dag.py:4180} INFO - Setting next_dagrun for dataset_s3_bucket_consumer to None, run_after=None
[2024-12-28T00:11:18.505+0000] {logging_mixin.py:190} INFO - [2024-12-28T00:11:18.504+0000] {dag.py:4180} INFO - Setting next_dagrun for dataset_s3_bucket_producer to None, run_after=None
[2024-12-28T00:11:18.537+0000] {processor.py:208} INFO - Processing /home/airflow/.local/lib/python3.12/site-packages/airflow/example_dags/example_dataset_alias.py took 0.858 seconds
[2024-12-28T00:11:48.635+0000] {processor.py:186} INFO - Started process (PID=29239) to work on /home/airflow/.local/lib/python3.12/site-packages/airflow/example_dags/example_dataset_alias.py
[2024-12-28T00:11:48.637+0000] {processor.py:914} INFO - Processing file /home/airflow/.local/lib/python3.12/site-packages/airflow/example_dags/example_dataset_alias.py for tasks to queue
[2024-12-28T00:11:48.639+0000] {logging_mixin.py:190} INFO - [2024-12-28T00:11:48.638+0000] {dagbag.py:588} INFO - Filling up the DagBag from /home/airflow/.local/lib/python3.12/site-packages/airflow/example_dags/example_dataset_alias.py
[2024-12-28T00:11:49.404+0000] {processor.py:925} INFO - DAG(s) 'dataset_alias_example_alias_producer', 'dataset_alias_example_alias_consumer', 'dataset_s3_bucket_consumer', 'dataset_s3_bucket_producer' retrieved from /home/airflow/.local/lib/python3.12/site-packages/airflow/example_dags/example_dataset_alias.py
[2024-12-28T00:11:49.445+0000] {logging_mixin.py:190} INFO - [2024-12-28T00:11:49.445+0000] {dag.py:3239} INFO - Sync 4 DAGs
[2024-12-28T00:11:49.480+0000] {logging_mixin.py:190} INFO - [2024-12-28T00:11:49.480+0000] {dag.py:4180} INFO - Setting next_dagrun for dataset_alias_example_alias_consumer to None, run_after=None
[2024-12-28T00:11:49.486+0000] {logging_mixin.py:190} INFO - [2024-12-28T00:11:49.485+0000] {dag.py:4180} INFO - Setting next_dagrun for dataset_alias_example_alias_producer to None, run_after=None
[2024-12-28T00:11:49.491+0000] {logging_mixin.py:190} INFO - [2024-12-28T00:11:49.491+0000] {dag.py:4180} INFO - Setting next_dagrun for dataset_s3_bucket_consumer to None, run_after=None
[2024-12-28T00:11:49.495+0000] {logging_mixin.py:190} INFO - [2024-12-28T00:11:49.494+0000] {dag.py:4180} INFO - Setting next_dagrun for dataset_s3_bucket_producer to None, run_after=None
[2024-12-28T00:11:49.540+0000] {processor.py:208} INFO - Processing /home/airflow/.local/lib/python3.12/site-packages/airflow/example_dags/example_dataset_alias.py took 0.910 seconds
[2024-12-28T00:12:19.735+0000] {processor.py:186} INFO - Started process (PID=29309) to work on /home/airflow/.local/lib/python3.12/site-packages/airflow/example_dags/example_dataset_alias.py
[2024-12-28T00:12:19.737+0000] {processor.py:914} INFO - Processing file /home/airflow/.local/lib/python3.12/site-packages/airflow/example_dags/example_dataset_alias.py for tasks to queue
[2024-12-28T00:12:19.738+0000] {logging_mixin.py:190} INFO - [2024-12-28T00:12:19.738+0000] {dagbag.py:588} INFO - Filling up the DagBag from /home/airflow/.local/lib/python3.12/site-packages/airflow/example_dags/example_dataset_alias.py
[2024-12-28T00:12:20.351+0000] {processor.py:925} INFO - DAG(s) 'dataset_s3_bucket_producer', 'dataset_alias_example_alias_consumer', 'dataset_alias_example_alias_producer', 'dataset_s3_bucket_consumer' retrieved from /home/airflow/.local/lib/python3.12/site-packages/airflow/example_dags/example_dataset_alias.py
[2024-12-28T00:12:20.379+0000] {logging_mixin.py:190} INFO - [2024-12-28T00:12:20.379+0000] {dag.py:3239} INFO - Sync 4 DAGs
[2024-12-28T00:12:20.404+0000] {logging_mixin.py:190} INFO - [2024-12-28T00:12:20.403+0000] {dag.py:4180} INFO - Setting next_dagrun for dataset_alias_example_alias_consumer to None, run_after=None
[2024-12-28T00:12:20.408+0000] {logging_mixin.py:190} INFO - [2024-12-28T00:12:20.408+0000] {dag.py:4180} INFO - Setting next_dagrun for dataset_alias_example_alias_producer to None, run_after=None
[2024-12-28T00:12:20.412+0000] {logging_mixin.py:190} INFO - [2024-12-28T00:12:20.411+0000] {dag.py:4180} INFO - Setting next_dagrun for dataset_s3_bucket_consumer to None, run_after=None
[2024-12-28T00:12:20.415+0000] {logging_mixin.py:190} INFO - [2024-12-28T00:12:20.415+0000] {dag.py:4180} INFO - Setting next_dagrun for dataset_s3_bucket_producer to None, run_after=None
[2024-12-28T00:12:20.444+0000] {processor.py:208} INFO - Processing /home/airflow/.local/lib/python3.12/site-packages/airflow/example_dags/example_dataset_alias.py took 0.714 seconds
[2024-12-28T00:12:50.546+0000] {processor.py:186} INFO - Started process (PID=29376) to work on /home/airflow/.local/lib/python3.12/site-packages/airflow/example_dags/example_dataset_alias.py
[2024-12-28T00:12:50.548+0000] {processor.py:914} INFO - Processing file /home/airflow/.local/lib/python3.12/site-packages/airflow/example_dags/example_dataset_alias.py for tasks to queue
[2024-12-28T00:12:50.550+0000] {logging_mixin.py:190} INFO - [2024-12-28T00:12:50.550+0000] {dagbag.py:588} INFO - Filling up the DagBag from /home/airflow/.local/lib/python3.12/site-packages/airflow/example_dags/example_dataset_alias.py
[2024-12-28T00:12:51.174+0000] {processor.py:925} INFO - DAG(s) 'dataset_alias_example_alias_producer', 'dataset_alias_example_alias_consumer', 'dataset_s3_bucket_consumer', 'dataset_s3_bucket_producer' retrieved from /home/airflow/.local/lib/python3.12/site-packages/airflow/example_dags/example_dataset_alias.py
[2024-12-28T00:12:51.206+0000] {logging_mixin.py:190} INFO - [2024-12-28T00:12:51.205+0000] {dag.py:3239} INFO - Sync 4 DAGs
[2024-12-28T00:12:51.232+0000] {logging_mixin.py:190} INFO - [2024-12-28T00:12:51.231+0000] {dag.py:4180} INFO - Setting next_dagrun for dataset_alias_example_alias_consumer to None, run_after=None
[2024-12-28T00:12:51.235+0000] {logging_mixin.py:190} INFO - [2024-12-28T00:12:51.235+0000] {dag.py:4180} INFO - Setting next_dagrun for dataset_alias_example_alias_producer to None, run_after=None
[2024-12-28T00:12:51.239+0000] {logging_mixin.py:190} INFO - [2024-12-28T00:12:51.239+0000] {dag.py:4180} INFO - Setting next_dagrun for dataset_s3_bucket_consumer to None, run_after=None
[2024-12-28T00:12:51.242+0000] {logging_mixin.py:190} INFO - [2024-12-28T00:12:51.242+0000] {dag.py:4180} INFO - Setting next_dagrun for dataset_s3_bucket_producer to None, run_after=None
[2024-12-28T00:12:51.280+0000] {processor.py:208} INFO - Processing /home/airflow/.local/lib/python3.12/site-packages/airflow/example_dags/example_dataset_alias.py took 0.739 seconds
[2024-12-28T00:13:22.219+0000] {processor.py:186} INFO - Started process (PID=29441) to work on /home/airflow/.local/lib/python3.12/site-packages/airflow/example_dags/example_dataset_alias.py
[2024-12-28T00:13:22.220+0000] {processor.py:914} INFO - Processing file /home/airflow/.local/lib/python3.12/site-packages/airflow/example_dags/example_dataset_alias.py for tasks to queue
[2024-12-28T00:13:22.222+0000] {logging_mixin.py:190} INFO - [2024-12-28T00:13:22.222+0000] {dagbag.py:588} INFO - Filling up the DagBag from /home/airflow/.local/lib/python3.12/site-packages/airflow/example_dags/example_dataset_alias.py
[2024-12-28T00:13:22.852+0000] {processor.py:925} INFO - DAG(s) 'dataset_s3_bucket_producer', 'dataset_s3_bucket_consumer', 'dataset_alias_example_alias_producer', 'dataset_alias_example_alias_consumer' retrieved from /home/airflow/.local/lib/python3.12/site-packages/airflow/example_dags/example_dataset_alias.py
[2024-12-28T00:13:22.888+0000] {logging_mixin.py:190} INFO - [2024-12-28T00:13:22.888+0000] {dag.py:3239} INFO - Sync 4 DAGs
[2024-12-28T00:13:22.918+0000] {logging_mixin.py:190} INFO - [2024-12-28T00:13:22.917+0000] {dag.py:4180} INFO - Setting next_dagrun for dataset_alias_example_alias_consumer to None, run_after=None
[2024-12-28T00:13:22.922+0000] {logging_mixin.py:190} INFO - [2024-12-28T00:13:22.922+0000] {dag.py:4180} INFO - Setting next_dagrun for dataset_alias_example_alias_producer to None, run_after=None
[2024-12-28T00:13:22.925+0000] {logging_mixin.py:190} INFO - [2024-12-28T00:13:22.925+0000] {dag.py:4180} INFO - Setting next_dagrun for dataset_s3_bucket_consumer to None, run_after=None
[2024-12-28T00:13:22.928+0000] {logging_mixin.py:190} INFO - [2024-12-28T00:13:22.928+0000] {dag.py:4180} INFO - Setting next_dagrun for dataset_s3_bucket_producer to None, run_after=None
[2024-12-28T00:13:22.959+0000] {processor.py:208} INFO - Processing /home/airflow/.local/lib/python3.12/site-packages/airflow/example_dags/example_dataset_alias.py took 0.746 seconds
[2024-12-28T00:13:53.663+0000] {processor.py:186} INFO - Started process (PID=29506) to work on /home/airflow/.local/lib/python3.12/site-packages/airflow/example_dags/example_dataset_alias.py
[2024-12-28T00:13:53.664+0000] {processor.py:914} INFO - Processing file /home/airflow/.local/lib/python3.12/site-packages/airflow/example_dags/example_dataset_alias.py for tasks to queue
[2024-12-28T00:13:53.666+0000] {logging_mixin.py:190} INFO - [2024-12-28T00:13:53.665+0000] {dagbag.py:588} INFO - Filling up the DagBag from /home/airflow/.local/lib/python3.12/site-packages/airflow/example_dags/example_dataset_alias.py
[2024-12-28T00:13:54.277+0000] {processor.py:925} INFO - DAG(s) 'dataset_s3_bucket_consumer', 'dataset_alias_example_alias_consumer', 'dataset_s3_bucket_producer', 'dataset_alias_example_alias_producer' retrieved from /home/airflow/.local/lib/python3.12/site-packages/airflow/example_dags/example_dataset_alias.py
[2024-12-28T00:13:54.317+0000] {logging_mixin.py:190} INFO - [2024-12-28T00:13:54.317+0000] {dag.py:3239} INFO - Sync 4 DAGs
[2024-12-28T00:13:54.348+0000] {logging_mixin.py:190} INFO - [2024-12-28T00:13:54.348+0000] {dag.py:4180} INFO - Setting next_dagrun for dataset_alias_example_alias_consumer to None, run_after=None
[2024-12-28T00:13:54.353+0000] {logging_mixin.py:190} INFO - [2024-12-28T00:13:54.353+0000] {dag.py:4180} INFO - Setting next_dagrun for dataset_alias_example_alias_producer to None, run_after=None
[2024-12-28T00:13:54.356+0000] {logging_mixin.py:190} INFO - [2024-12-28T00:13:54.356+0000] {dag.py:4180} INFO - Setting next_dagrun for dataset_s3_bucket_consumer to None, run_after=None
[2024-12-28T00:13:54.359+0000] {logging_mixin.py:190} INFO - [2024-12-28T00:13:54.359+0000] {dag.py:4180} INFO - Setting next_dagrun for dataset_s3_bucket_producer to None, run_after=None
[2024-12-28T00:13:54.395+0000] {processor.py:208} INFO - Processing /home/airflow/.local/lib/python3.12/site-packages/airflow/example_dags/example_dataset_alias.py took 0.737 seconds
[2024-12-28T00:14:25.357+0000] {processor.py:186} INFO - Started process (PID=29575) to work on /home/airflow/.local/lib/python3.12/site-packages/airflow/example_dags/example_dataset_alias.py
[2024-12-28T00:14:25.359+0000] {processor.py:914} INFO - Processing file /home/airflow/.local/lib/python3.12/site-packages/airflow/example_dags/example_dataset_alias.py for tasks to queue
[2024-12-28T00:14:25.361+0000] {logging_mixin.py:190} INFO - [2024-12-28T00:14:25.360+0000] {dagbag.py:588} INFO - Filling up the DagBag from /home/airflow/.local/lib/python3.12/site-packages/airflow/example_dags/example_dataset_alias.py
[2024-12-28T00:14:26.079+0000] {processor.py:925} INFO - DAG(s) 'dataset_alias_example_alias_producer', 'dataset_alias_example_alias_consumer', 'dataset_s3_bucket_consumer', 'dataset_s3_bucket_producer' retrieved from /home/airflow/.local/lib/python3.12/site-packages/airflow/example_dags/example_dataset_alias.py
[2024-12-28T00:14:26.124+0000] {logging_mixin.py:190} INFO - [2024-12-28T00:14:26.123+0000] {dag.py:3239} INFO - Sync 4 DAGs
[2024-12-28T00:14:26.152+0000] {logging_mixin.py:190} INFO - [2024-12-28T00:14:26.151+0000] {dag.py:4180} INFO - Setting next_dagrun for dataset_alias_example_alias_consumer to None, run_after=None
[2024-12-28T00:14:26.156+0000] {logging_mixin.py:190} INFO - [2024-12-28T00:14:26.156+0000] {dag.py:4180} INFO - Setting next_dagrun for dataset_alias_example_alias_producer to None, run_after=None
[2024-12-28T00:14:26.160+0000] {logging_mixin.py:190} INFO - [2024-12-28T00:14:26.159+0000] {dag.py:4180} INFO - Setting next_dagrun for dataset_s3_bucket_consumer to None, run_after=None
[2024-12-28T00:14:26.165+0000] {logging_mixin.py:190} INFO - [2024-12-28T00:14:26.164+0000] {dag.py:4180} INFO - Setting next_dagrun for dataset_s3_bucket_producer to None, run_after=None
[2024-12-28T00:14:26.220+0000] {processor.py:208} INFO - Processing /home/airflow/.local/lib/python3.12/site-packages/airflow/example_dags/example_dataset_alias.py took 0.868 seconds
[2024-12-28T00:14:57.122+0000] {processor.py:186} INFO - Started process (PID=29641) to work on /home/airflow/.local/lib/python3.12/site-packages/airflow/example_dags/example_dataset_alias.py
[2024-12-28T00:14:57.124+0000] {processor.py:914} INFO - Processing file /home/airflow/.local/lib/python3.12/site-packages/airflow/example_dags/example_dataset_alias.py for tasks to queue
[2024-12-28T00:14:57.126+0000] {logging_mixin.py:190} INFO - [2024-12-28T00:14:57.126+0000] {dagbag.py:588} INFO - Filling up the DagBag from /home/airflow/.local/lib/python3.12/site-packages/airflow/example_dags/example_dataset_alias.py
[2024-12-28T00:14:57.710+0000] {processor.py:925} INFO - DAG(s) 'dataset_alias_example_alias_producer', 'dataset_s3_bucket_producer', 'dataset_alias_example_alias_consumer', 'dataset_s3_bucket_consumer' retrieved from /home/airflow/.local/lib/python3.12/site-packages/airflow/example_dags/example_dataset_alias.py
[2024-12-28T00:14:57.743+0000] {logging_mixin.py:190} INFO - [2024-12-28T00:14:57.743+0000] {dag.py:3239} INFO - Sync 4 DAGs
[2024-12-28T00:14:57.771+0000] {logging_mixin.py:190} INFO - [2024-12-28T00:14:57.770+0000] {dag.py:4180} INFO - Setting next_dagrun for dataset_alias_example_alias_consumer to None, run_after=None
[2024-12-28T00:14:57.776+0000] {logging_mixin.py:190} INFO - [2024-12-28T00:14:57.775+0000] {dag.py:4180} INFO - Setting next_dagrun for dataset_alias_example_alias_producer to None, run_after=None
[2024-12-28T00:14:57.779+0000] {logging_mixin.py:190} INFO - [2024-12-28T00:14:57.779+0000] {dag.py:4180} INFO - Setting next_dagrun for dataset_s3_bucket_consumer to None, run_after=None
[2024-12-28T00:14:57.782+0000] {logging_mixin.py:190} INFO - [2024-12-28T00:14:57.782+0000] {dag.py:4180} INFO - Setting next_dagrun for dataset_s3_bucket_producer to None, run_after=None
[2024-12-28T00:14:57.817+0000] {processor.py:208} INFO - Processing /home/airflow/.local/lib/python3.12/site-packages/airflow/example_dags/example_dataset_alias.py took 0.699 seconds
[2024-12-28T00:15:28.513+0000] {processor.py:186} INFO - Started process (PID=29706) to work on /home/airflow/.local/lib/python3.12/site-packages/airflow/example_dags/example_dataset_alias.py
[2024-12-28T00:15:28.514+0000] {processor.py:914} INFO - Processing file /home/airflow/.local/lib/python3.12/site-packages/airflow/example_dags/example_dataset_alias.py for tasks to queue
[2024-12-28T00:15:28.516+0000] {logging_mixin.py:190} INFO - [2024-12-28T00:15:28.516+0000] {dagbag.py:588} INFO - Filling up the DagBag from /home/airflow/.local/lib/python3.12/site-packages/airflow/example_dags/example_dataset_alias.py
[2024-12-28T00:15:29.222+0000] {processor.py:925} INFO - DAG(s) 'dataset_alias_example_alias_consumer', 'dataset_alias_example_alias_producer', 'dataset_s3_bucket_producer', 'dataset_s3_bucket_consumer' retrieved from /home/airflow/.local/lib/python3.12/site-packages/airflow/example_dags/example_dataset_alias.py
[2024-12-28T00:15:29.257+0000] {logging_mixin.py:190} INFO - [2024-12-28T00:15:29.256+0000] {dag.py:3239} INFO - Sync 4 DAGs
[2024-12-28T00:15:29.287+0000] {logging_mixin.py:190} INFO - [2024-12-28T00:15:29.287+0000] {dag.py:4180} INFO - Setting next_dagrun for dataset_alias_example_alias_consumer to None, run_after=None
[2024-12-28T00:15:29.292+0000] {logging_mixin.py:190} INFO - [2024-12-28T00:15:29.291+0000] {dag.py:4180} INFO - Setting next_dagrun for dataset_alias_example_alias_producer to None, run_after=None
[2024-12-28T00:15:29.295+0000] {logging_mixin.py:190} INFO - [2024-12-28T00:15:29.294+0000] {dag.py:4180} INFO - Setting next_dagrun for dataset_s3_bucket_consumer to None, run_after=None
[2024-12-28T00:15:29.298+0000] {logging_mixin.py:190} INFO - [2024-12-28T00:15:29.297+0000] {dag.py:4180} INFO - Setting next_dagrun for dataset_s3_bucket_producer to None, run_after=None
[2024-12-28T00:15:29.331+0000] {processor.py:208} INFO - Processing /home/airflow/.local/lib/python3.12/site-packages/airflow/example_dags/example_dataset_alias.py took 0.824 seconds
[2024-12-28T00:15:59.655+0000] {processor.py:186} INFO - Started process (PID=29774) to work on /home/airflow/.local/lib/python3.12/site-packages/airflow/example_dags/example_dataset_alias.py
[2024-12-28T00:15:59.656+0000] {processor.py:914} INFO - Processing file /home/airflow/.local/lib/python3.12/site-packages/airflow/example_dags/example_dataset_alias.py for tasks to queue
[2024-12-28T00:15:59.658+0000] {logging_mixin.py:190} INFO - [2024-12-28T00:15:59.658+0000] {dagbag.py:588} INFO - Filling up the DagBag from /home/airflow/.local/lib/python3.12/site-packages/airflow/example_dags/example_dataset_alias.py
[2024-12-28T00:16:00.224+0000] {processor.py:925} INFO - DAG(s) 'dataset_s3_bucket_consumer', 'dataset_alias_example_alias_consumer', 'dataset_alias_example_alias_producer', 'dataset_s3_bucket_producer' retrieved from /home/airflow/.local/lib/python3.12/site-packages/airflow/example_dags/example_dataset_alias.py
[2024-12-28T00:16:00.259+0000] {logging_mixin.py:190} INFO - [2024-12-28T00:16:00.259+0000] {dag.py:3239} INFO - Sync 4 DAGs
[2024-12-28T00:16:00.286+0000] {logging_mixin.py:190} INFO - [2024-12-28T00:16:00.286+0000] {dag.py:4180} INFO - Setting next_dagrun for dataset_alias_example_alias_consumer to None, run_after=None
[2024-12-28T00:16:00.292+0000] {logging_mixin.py:190} INFO - [2024-12-28T00:16:00.291+0000] {dag.py:4180} INFO - Setting next_dagrun for dataset_alias_example_alias_producer to None, run_after=None
[2024-12-28T00:16:00.295+0000] {logging_mixin.py:190} INFO - [2024-12-28T00:16:00.294+0000] {dag.py:4180} INFO - Setting next_dagrun for dataset_s3_bucket_consumer to None, run_after=None
[2024-12-28T00:16:00.298+0000] {logging_mixin.py:190} INFO - [2024-12-28T00:16:00.298+0000] {dag.py:4180} INFO - Setting next_dagrun for dataset_s3_bucket_producer to None, run_after=None
[2024-12-28T00:16:00.332+0000] {processor.py:208} INFO - Processing /home/airflow/.local/lib/python3.12/site-packages/airflow/example_dags/example_dataset_alias.py took 0.682 seconds
[2024-12-28T00:16:31.158+0000] {processor.py:186} INFO - Started process (PID=29837) to work on /home/airflow/.local/lib/python3.12/site-packages/airflow/example_dags/example_dataset_alias.py
[2024-12-28T00:16:31.160+0000] {processor.py:914} INFO - Processing file /home/airflow/.local/lib/python3.12/site-packages/airflow/example_dags/example_dataset_alias.py for tasks to queue
[2024-12-28T00:16:31.162+0000] {logging_mixin.py:190} INFO - [2024-12-28T00:16:31.161+0000] {dagbag.py:588} INFO - Filling up the DagBag from /home/airflow/.local/lib/python3.12/site-packages/airflow/example_dags/example_dataset_alias.py
[2024-12-28T00:16:31.858+0000] {processor.py:925} INFO - DAG(s) 'dataset_s3_bucket_consumer', 'dataset_s3_bucket_producer', 'dataset_alias_example_alias_producer', 'dataset_alias_example_alias_consumer' retrieved from /home/airflow/.local/lib/python3.12/site-packages/airflow/example_dags/example_dataset_alias.py
[2024-12-28T00:16:31.892+0000] {logging_mixin.py:190} INFO - [2024-12-28T00:16:31.891+0000] {dag.py:3239} INFO - Sync 4 DAGs
[2024-12-28T00:16:31.918+0000] {logging_mixin.py:190} INFO - [2024-12-28T00:16:31.918+0000] {dag.py:4180} INFO - Setting next_dagrun for dataset_alias_example_alias_consumer to None, run_after=None
[2024-12-28T00:16:31.922+0000] {logging_mixin.py:190} INFO - [2024-12-28T00:16:31.922+0000] {dag.py:4180} INFO - Setting next_dagrun for dataset_alias_example_alias_producer to None, run_after=None
[2024-12-28T00:16:31.926+0000] {logging_mixin.py:190} INFO - [2024-12-28T00:16:31.926+0000] {dag.py:4180} INFO - Setting next_dagrun for dataset_s3_bucket_consumer to None, run_after=None
[2024-12-28T00:16:31.929+0000] {logging_mixin.py:190} INFO - [2024-12-28T00:16:31.929+0000] {dag.py:4180} INFO - Setting next_dagrun for dataset_s3_bucket_producer to None, run_after=None
[2024-12-28T00:16:31.963+0000] {processor.py:208} INFO - Processing /home/airflow/.local/lib/python3.12/site-packages/airflow/example_dags/example_dataset_alias.py took 0.809 seconds
[2024-12-28T00:17:02.070+0000] {processor.py:186} INFO - Started process (PID=29903) to work on /home/airflow/.local/lib/python3.12/site-packages/airflow/example_dags/example_dataset_alias.py
[2024-12-28T00:17:02.071+0000] {processor.py:914} INFO - Processing file /home/airflow/.local/lib/python3.12/site-packages/airflow/example_dags/example_dataset_alias.py for tasks to queue
[2024-12-28T00:17:02.074+0000] {logging_mixin.py:190} INFO - [2024-12-28T00:17:02.074+0000] {dagbag.py:588} INFO - Filling up the DagBag from /home/airflow/.local/lib/python3.12/site-packages/airflow/example_dags/example_dataset_alias.py
[2024-12-28T00:17:02.881+0000] {processor.py:925} INFO - DAG(s) 'dataset_s3_bucket_producer', 'dataset_alias_example_alias_consumer', 'dataset_s3_bucket_consumer', 'dataset_alias_example_alias_producer' retrieved from /home/airflow/.local/lib/python3.12/site-packages/airflow/example_dags/example_dataset_alias.py
[2024-12-28T00:17:02.919+0000] {logging_mixin.py:190} INFO - [2024-12-28T00:17:02.918+0000] {dag.py:3239} INFO - Sync 4 DAGs
[2024-12-28T00:17:02.949+0000] {logging_mixin.py:190} INFO - [2024-12-28T00:17:02.949+0000] {dag.py:4180} INFO - Setting next_dagrun for dataset_alias_example_alias_consumer to None, run_after=None
[2024-12-28T00:17:02.955+0000] {logging_mixin.py:190} INFO - [2024-12-28T00:17:02.954+0000] {dag.py:4180} INFO - Setting next_dagrun for dataset_alias_example_alias_producer to None, run_after=None
[2024-12-28T00:17:02.958+0000] {logging_mixin.py:190} INFO - [2024-12-28T00:17:02.958+0000] {dag.py:4180} INFO - Setting next_dagrun for dataset_s3_bucket_consumer to None, run_after=None
[2024-12-28T00:17:02.961+0000] {logging_mixin.py:190} INFO - [2024-12-28T00:17:02.961+0000] {dag.py:4180} INFO - Setting next_dagrun for dataset_s3_bucket_producer to None, run_after=None
[2024-12-28T00:17:02.996+0000] {processor.py:208} INFO - Processing /home/airflow/.local/lib/python3.12/site-packages/airflow/example_dags/example_dataset_alias.py took 0.933 seconds
[2024-12-28T00:17:34.184+0000] {processor.py:186} INFO - Started process (PID=29969) to work on /home/airflow/.local/lib/python3.12/site-packages/airflow/example_dags/example_dataset_alias.py
[2024-12-28T00:17:34.186+0000] {processor.py:914} INFO - Processing file /home/airflow/.local/lib/python3.12/site-packages/airflow/example_dags/example_dataset_alias.py for tasks to queue
[2024-12-28T00:17:34.188+0000] {logging_mixin.py:190} INFO - [2024-12-28T00:17:34.187+0000] {dagbag.py:588} INFO - Filling up the DagBag from /home/airflow/.local/lib/python3.12/site-packages/airflow/example_dags/example_dataset_alias.py
[2024-12-28T00:17:34.822+0000] {processor.py:925} INFO - DAG(s) 'dataset_alias_example_alias_consumer', 'dataset_s3_bucket_producer', 'dataset_s3_bucket_consumer', 'dataset_alias_example_alias_producer' retrieved from /home/airflow/.local/lib/python3.12/site-packages/airflow/example_dags/example_dataset_alias.py
[2024-12-28T00:17:34.856+0000] {logging_mixin.py:190} INFO - [2024-12-28T00:17:34.855+0000] {dag.py:3239} INFO - Sync 4 DAGs
[2024-12-28T00:17:34.886+0000] {logging_mixin.py:190} INFO - [2024-12-28T00:17:34.886+0000] {dag.py:4180} INFO - Setting next_dagrun for dataset_alias_example_alias_consumer to None, run_after=None
[2024-12-28T00:17:34.890+0000] {logging_mixin.py:190} INFO - [2024-12-28T00:17:34.890+0000] {dag.py:4180} INFO - Setting next_dagrun for dataset_alias_example_alias_producer to None, run_after=None
[2024-12-28T00:17:34.893+0000] {logging_mixin.py:190} INFO - [2024-12-28T00:17:34.893+0000] {dag.py:4180} INFO - Setting next_dagrun for dataset_s3_bucket_consumer to None, run_after=None
[2024-12-28T00:17:34.896+0000] {logging_mixin.py:190} INFO - [2024-12-28T00:17:34.896+0000] {dag.py:4180} INFO - Setting next_dagrun for dataset_s3_bucket_producer to None, run_after=None
[2024-12-28T00:17:34.935+0000] {processor.py:208} INFO - Processing /home/airflow/.local/lib/python3.12/site-packages/airflow/example_dags/example_dataset_alias.py took 0.756 seconds
[2024-12-28T00:18:05.157+0000] {processor.py:186} INFO - Started process (PID=30039) to work on /home/airflow/.local/lib/python3.12/site-packages/airflow/example_dags/example_dataset_alias.py
[2024-12-28T00:18:05.158+0000] {processor.py:914} INFO - Processing file /home/airflow/.local/lib/python3.12/site-packages/airflow/example_dags/example_dataset_alias.py for tasks to queue
[2024-12-28T00:18:05.159+0000] {logging_mixin.py:190} INFO - [2024-12-28T00:18:05.159+0000] {dagbag.py:588} INFO - Filling up the DagBag from /home/airflow/.local/lib/python3.12/site-packages/airflow/example_dags/example_dataset_alias.py
[2024-12-28T00:18:05.725+0000] {processor.py:925} INFO - DAG(s) 'dataset_alias_example_alias_producer', 'dataset_s3_bucket_consumer', 'dataset_s3_bucket_producer', 'dataset_alias_example_alias_consumer' retrieved from /home/airflow/.local/lib/python3.12/site-packages/airflow/example_dags/example_dataset_alias.py
[2024-12-28T00:18:05.757+0000] {logging_mixin.py:190} INFO - [2024-12-28T00:18:05.757+0000] {dag.py:3239} INFO - Sync 4 DAGs
[2024-12-28T00:18:05.788+0000] {logging_mixin.py:190} INFO - [2024-12-28T00:18:05.787+0000] {dag.py:4180} INFO - Setting next_dagrun for dataset_alias_example_alias_consumer to None, run_after=None
[2024-12-28T00:18:05.792+0000] {logging_mixin.py:190} INFO - [2024-12-28T00:18:05.792+0000] {dag.py:4180} INFO - Setting next_dagrun for dataset_alias_example_alias_producer to None, run_after=None
[2024-12-28T00:18:05.798+0000] {logging_mixin.py:190} INFO - [2024-12-28T00:18:05.797+0000] {dag.py:4180} INFO - Setting next_dagrun for dataset_s3_bucket_consumer to None, run_after=None
[2024-12-28T00:18:05.800+0000] {logging_mixin.py:190} INFO - [2024-12-28T00:18:05.800+0000] {dag.py:4180} INFO - Setting next_dagrun for dataset_s3_bucket_producer to None, run_after=None
[2024-12-28T00:18:05.833+0000] {processor.py:208} INFO - Processing /home/airflow/.local/lib/python3.12/site-packages/airflow/example_dags/example_dataset_alias.py took 0.681 seconds
[2024-12-28T00:18:36.542+0000] {processor.py:186} INFO - Started process (PID=30104) to work on /home/airflow/.local/lib/python3.12/site-packages/airflow/example_dags/example_dataset_alias.py
[2024-12-28T00:18:36.544+0000] {processor.py:914} INFO - Processing file /home/airflow/.local/lib/python3.12/site-packages/airflow/example_dags/example_dataset_alias.py for tasks to queue
[2024-12-28T00:18:36.546+0000] {logging_mixin.py:190} INFO - [2024-12-28T00:18:36.546+0000] {dagbag.py:588} INFO - Filling up the DagBag from /home/airflow/.local/lib/python3.12/site-packages/airflow/example_dags/example_dataset_alias.py
[2024-12-28T00:18:37.114+0000] {processor.py:925} INFO - DAG(s) 'dataset_alias_example_alias_producer', 'dataset_s3_bucket_consumer', 'dataset_alias_example_alias_consumer', 'dataset_s3_bucket_producer' retrieved from /home/airflow/.local/lib/python3.12/site-packages/airflow/example_dags/example_dataset_alias.py
[2024-12-28T00:18:37.148+0000] {logging_mixin.py:190} INFO - [2024-12-28T00:18:37.147+0000] {dag.py:3239} INFO - Sync 4 DAGs
[2024-12-28T00:18:37.177+0000] {logging_mixin.py:190} INFO - [2024-12-28T00:18:37.177+0000] {dag.py:4180} INFO - Setting next_dagrun for dataset_alias_example_alias_consumer to None, run_after=None
[2024-12-28T00:18:37.182+0000] {logging_mixin.py:190} INFO - [2024-12-28T00:18:37.182+0000] {dag.py:4180} INFO - Setting next_dagrun for dataset_alias_example_alias_producer to None, run_after=None
[2024-12-28T00:18:37.186+0000] {logging_mixin.py:190} INFO - [2024-12-28T00:18:37.185+0000] {dag.py:4180} INFO - Setting next_dagrun for dataset_s3_bucket_consumer to None, run_after=None
[2024-12-28T00:18:37.188+0000] {logging_mixin.py:190} INFO - [2024-12-28T00:18:37.188+0000] {dag.py:4180} INFO - Setting next_dagrun for dataset_s3_bucket_producer to None, run_after=None
[2024-12-28T00:18:37.223+0000] {processor.py:208} INFO - Processing /home/airflow/.local/lib/python3.12/site-packages/airflow/example_dags/example_dataset_alias.py took 0.686 seconds
[2024-12-28T00:19:07.312+0000] {processor.py:186} INFO - Started process (PID=30168) to work on /home/airflow/.local/lib/python3.12/site-packages/airflow/example_dags/example_dataset_alias.py
[2024-12-28T00:19:07.314+0000] {processor.py:914} INFO - Processing file /home/airflow/.local/lib/python3.12/site-packages/airflow/example_dags/example_dataset_alias.py for tasks to queue
[2024-12-28T00:19:07.316+0000] {logging_mixin.py:190} INFO - [2024-12-28T00:19:07.315+0000] {dagbag.py:588} INFO - Filling up the DagBag from /home/airflow/.local/lib/python3.12/site-packages/airflow/example_dags/example_dataset_alias.py
[2024-12-28T00:19:07.885+0000] {processor.py:925} INFO - DAG(s) 'dataset_s3_bucket_producer', 'dataset_alias_example_alias_consumer', 'dataset_alias_example_alias_producer', 'dataset_s3_bucket_consumer' retrieved from /home/airflow/.local/lib/python3.12/site-packages/airflow/example_dags/example_dataset_alias.py
[2024-12-28T00:19:07.919+0000] {logging_mixin.py:190} INFO - [2024-12-28T00:19:07.918+0000] {dag.py:3239} INFO - Sync 4 DAGs
[2024-12-28T00:19:07.946+0000] {logging_mixin.py:190} INFO - [2024-12-28T00:19:07.945+0000] {dag.py:4180} INFO - Setting next_dagrun for dataset_alias_example_alias_consumer to None, run_after=None
[2024-12-28T00:19:07.951+0000] {logging_mixin.py:190} INFO - [2024-12-28T00:19:07.950+0000] {dag.py:4180} INFO - Setting next_dagrun for dataset_alias_example_alias_producer to None, run_after=None
[2024-12-28T00:19:07.955+0000] {logging_mixin.py:190} INFO - [2024-12-28T00:19:07.954+0000] {dag.py:4180} INFO - Setting next_dagrun for dataset_s3_bucket_consumer to None, run_after=None
[2024-12-28T00:19:07.958+0000] {logging_mixin.py:190} INFO - [2024-12-28T00:19:07.957+0000] {dag.py:4180} INFO - Setting next_dagrun for dataset_s3_bucket_producer to None, run_after=None
[2024-12-28T00:19:08.004+0000] {processor.py:208} INFO - Processing /home/airflow/.local/lib/python3.12/site-packages/airflow/example_dags/example_dataset_alias.py took 0.698 seconds
[2024-12-28T00:19:38.719+0000] {processor.py:186} INFO - Started process (PID=30232) to work on /home/airflow/.local/lib/python3.12/site-packages/airflow/example_dags/example_dataset_alias.py
[2024-12-28T00:19:38.720+0000] {processor.py:914} INFO - Processing file /home/airflow/.local/lib/python3.12/site-packages/airflow/example_dags/example_dataset_alias.py for tasks to queue
[2024-12-28T00:19:38.722+0000] {logging_mixin.py:190} INFO - [2024-12-28T00:19:38.721+0000] {dagbag.py:588} INFO - Filling up the DagBag from /home/airflow/.local/lib/python3.12/site-packages/airflow/example_dags/example_dataset_alias.py
[2024-12-28T00:19:39.330+0000] {processor.py:925} INFO - DAG(s) 'dataset_alias_example_alias_consumer', 'dataset_alias_example_alias_producer', 'dataset_s3_bucket_consumer', 'dataset_s3_bucket_producer' retrieved from /home/airflow/.local/lib/python3.12/site-packages/airflow/example_dags/example_dataset_alias.py
[2024-12-28T00:19:39.363+0000] {logging_mixin.py:190} INFO - [2024-12-28T00:19:39.363+0000] {dag.py:3239} INFO - Sync 4 DAGs
[2024-12-28T00:19:39.388+0000] {logging_mixin.py:190} INFO - [2024-12-28T00:19:39.388+0000] {dag.py:4180} INFO - Setting next_dagrun for dataset_alias_example_alias_consumer to None, run_after=None
[2024-12-28T00:19:39.392+0000] {logging_mixin.py:190} INFO - [2024-12-28T00:19:39.392+0000] {dag.py:4180} INFO - Setting next_dagrun for dataset_alias_example_alias_producer to None, run_after=None
[2024-12-28T00:19:39.395+0000] {logging_mixin.py:190} INFO - [2024-12-28T00:19:39.395+0000] {dag.py:4180} INFO - Setting next_dagrun for dataset_s3_bucket_consumer to None, run_after=None
[2024-12-28T00:19:39.399+0000] {logging_mixin.py:190} INFO - [2024-12-28T00:19:39.398+0000] {dag.py:4180} INFO - Setting next_dagrun for dataset_s3_bucket_producer to None, run_after=None
[2024-12-28T00:19:39.433+0000] {processor.py:208} INFO - Processing /home/airflow/.local/lib/python3.12/site-packages/airflow/example_dags/example_dataset_alias.py took 0.720 seconds
[2024-12-28T00:20:10.217+0000] {processor.py:186} INFO - Started process (PID=30297) to work on /home/airflow/.local/lib/python3.12/site-packages/airflow/example_dags/example_dataset_alias.py
[2024-12-28T00:20:10.218+0000] {processor.py:914} INFO - Processing file /home/airflow/.local/lib/python3.12/site-packages/airflow/example_dags/example_dataset_alias.py for tasks to queue
[2024-12-28T00:20:10.220+0000] {logging_mixin.py:190} INFO - [2024-12-28T00:20:10.220+0000] {dagbag.py:588} INFO - Filling up the DagBag from /home/airflow/.local/lib/python3.12/site-packages/airflow/example_dags/example_dataset_alias.py
[2024-12-28T00:20:10.781+0000] {processor.py:925} INFO - DAG(s) 'dataset_alias_example_alias_producer', 'dataset_s3_bucket_producer', 'dataset_alias_example_alias_consumer', 'dataset_s3_bucket_consumer' retrieved from /home/airflow/.local/lib/python3.12/site-packages/airflow/example_dags/example_dataset_alias.py
[2024-12-28T00:20:10.812+0000] {logging_mixin.py:190} INFO - [2024-12-28T00:20:10.811+0000] {dag.py:3239} INFO - Sync 4 DAGs
[2024-12-28T00:20:10.840+0000] {logging_mixin.py:190} INFO - [2024-12-28T00:20:10.840+0000] {dag.py:4180} INFO - Setting next_dagrun for dataset_alias_example_alias_consumer to None, run_after=None
[2024-12-28T00:20:10.845+0000] {logging_mixin.py:190} INFO - [2024-12-28T00:20:10.845+0000] {dag.py:4180} INFO - Setting next_dagrun for dataset_alias_example_alias_producer to None, run_after=None
[2024-12-28T00:20:10.848+0000] {logging_mixin.py:190} INFO - [2024-12-28T00:20:10.848+0000] {dag.py:4180} INFO - Setting next_dagrun for dataset_s3_bucket_consumer to None, run_after=None
[2024-12-28T00:20:10.851+0000] {logging_mixin.py:190} INFO - [2024-12-28T00:20:10.851+0000] {dag.py:4180} INFO - Setting next_dagrun for dataset_s3_bucket_producer to None, run_after=None
[2024-12-28T00:20:10.887+0000] {processor.py:208} INFO - Processing /home/airflow/.local/lib/python3.12/site-packages/airflow/example_dags/example_dataset_alias.py took 0.676 seconds
[2024-12-28T00:20:41.484+0000] {processor.py:186} INFO - Started process (PID=30361) to work on /home/airflow/.local/lib/python3.12/site-packages/airflow/example_dags/example_dataset_alias.py
[2024-12-28T00:20:41.485+0000] {processor.py:914} INFO - Processing file /home/airflow/.local/lib/python3.12/site-packages/airflow/example_dags/example_dataset_alias.py for tasks to queue
[2024-12-28T00:20:41.488+0000] {logging_mixin.py:190} INFO - [2024-12-28T00:20:41.487+0000] {dagbag.py:588} INFO - Filling up the DagBag from /home/airflow/.local/lib/python3.12/site-packages/airflow/example_dags/example_dataset_alias.py
[2024-12-28T00:20:42.012+0000] {processor.py:925} INFO - DAG(s) 'dataset_alias_example_alias_producer', 'dataset_alias_example_alias_consumer', 'dataset_s3_bucket_producer', 'dataset_s3_bucket_consumer' retrieved from /home/airflow/.local/lib/python3.12/site-packages/airflow/example_dags/example_dataset_alias.py
[2024-12-28T00:20:42.038+0000] {logging_mixin.py:190} INFO - [2024-12-28T00:20:42.038+0000] {dag.py:3239} INFO - Sync 4 DAGs
[2024-12-28T00:20:42.065+0000] {logging_mixin.py:190} INFO - [2024-12-28T00:20:42.064+0000] {dag.py:4180} INFO - Setting next_dagrun for dataset_alias_example_alias_consumer to None, run_after=None
[2024-12-28T00:20:42.070+0000] {logging_mixin.py:190} INFO - [2024-12-28T00:20:42.069+0000] {dag.py:4180} INFO - Setting next_dagrun for dataset_alias_example_alias_producer to None, run_after=None
[2024-12-28T00:20:42.073+0000] {logging_mixin.py:190} INFO - [2024-12-28T00:20:42.072+0000] {dag.py:4180} INFO - Setting next_dagrun for dataset_s3_bucket_consumer to None, run_after=None
[2024-12-28T00:20:42.076+0000] {logging_mixin.py:190} INFO - [2024-12-28T00:20:42.075+0000] {dag.py:4180} INFO - Setting next_dagrun for dataset_s3_bucket_producer to None, run_after=None
[2024-12-28T00:20:42.108+0000] {processor.py:208} INFO - Processing /home/airflow/.local/lib/python3.12/site-packages/airflow/example_dags/example_dataset_alias.py took 0.629 seconds
[2024-12-28T00:21:12.674+0000] {processor.py:186} INFO - Started process (PID=30425) to work on /home/airflow/.local/lib/python3.12/site-packages/airflow/example_dags/example_dataset_alias.py
[2024-12-28T00:21:12.675+0000] {processor.py:914} INFO - Processing file /home/airflow/.local/lib/python3.12/site-packages/airflow/example_dags/example_dataset_alias.py for tasks to queue
[2024-12-28T00:21:12.677+0000] {logging_mixin.py:190} INFO - [2024-12-28T00:21:12.677+0000] {dagbag.py:588} INFO - Filling up the DagBag from /home/airflow/.local/lib/python3.12/site-packages/airflow/example_dags/example_dataset_alias.py
[2024-12-28T00:21:13.224+0000] {processor.py:925} INFO - DAG(s) 'dataset_alias_example_alias_consumer', 'dataset_s3_bucket_producer', 'dataset_alias_example_alias_producer', 'dataset_s3_bucket_consumer' retrieved from /home/airflow/.local/lib/python3.12/site-packages/airflow/example_dags/example_dataset_alias.py
[2024-12-28T00:21:13.253+0000] {logging_mixin.py:190} INFO - [2024-12-28T00:21:13.251+0000] {dag.py:3239} INFO - Sync 4 DAGs
[2024-12-28T00:21:13.279+0000] {logging_mixin.py:190} INFO - [2024-12-28T00:21:13.279+0000] {dag.py:4180} INFO - Setting next_dagrun for dataset_alias_example_alias_consumer to None, run_after=None
[2024-12-28T00:21:13.283+0000] {logging_mixin.py:190} INFO - [2024-12-28T00:21:13.283+0000] {dag.py:4180} INFO - Setting next_dagrun for dataset_alias_example_alias_producer to None, run_after=None
[2024-12-28T00:21:13.287+0000] {logging_mixin.py:190} INFO - [2024-12-28T00:21:13.287+0000] {dag.py:4180} INFO - Setting next_dagrun for dataset_s3_bucket_consumer to None, run_after=None
[2024-12-28T00:21:13.290+0000] {logging_mixin.py:190} INFO - [2024-12-28T00:21:13.290+0000] {dag.py:4180} INFO - Setting next_dagrun for dataset_s3_bucket_producer to None, run_after=None
[2024-12-28T00:21:13.323+0000] {processor.py:208} INFO - Processing /home/airflow/.local/lib/python3.12/site-packages/airflow/example_dags/example_dataset_alias.py took 0.654 seconds
[2024-12-28T00:21:44.068+0000] {processor.py:186} INFO - Started process (PID=30489) to work on /home/airflow/.local/lib/python3.12/site-packages/airflow/example_dags/example_dataset_alias.py
[2024-12-28T00:21:44.070+0000] {processor.py:914} INFO - Processing file /home/airflow/.local/lib/python3.12/site-packages/airflow/example_dags/example_dataset_alias.py for tasks to queue
[2024-12-28T00:21:44.072+0000] {logging_mixin.py:190} INFO - [2024-12-28T00:21:44.071+0000] {dagbag.py:588} INFO - Filling up the DagBag from /home/airflow/.local/lib/python3.12/site-packages/airflow/example_dags/example_dataset_alias.py
[2024-12-28T00:21:44.596+0000] {processor.py:925} INFO - DAG(s) 'dataset_s3_bucket_producer', 'dataset_alias_example_alias_consumer', 'dataset_alias_example_alias_producer', 'dataset_s3_bucket_consumer' retrieved from /home/airflow/.local/lib/python3.12/site-packages/airflow/example_dags/example_dataset_alias.py
[2024-12-28T00:21:44.628+0000] {logging_mixin.py:190} INFO - [2024-12-28T00:21:44.628+0000] {dag.py:3239} INFO - Sync 4 DAGs
[2024-12-28T00:21:44.656+0000] {logging_mixin.py:190} INFO - [2024-12-28T00:21:44.655+0000] {dag.py:4180} INFO - Setting next_dagrun for dataset_alias_example_alias_consumer to None, run_after=None
[2024-12-28T00:21:44.660+0000] {logging_mixin.py:190} INFO - [2024-12-28T00:21:44.660+0000] {dag.py:4180} INFO - Setting next_dagrun for dataset_alias_example_alias_producer to None, run_after=None
[2024-12-28T00:21:44.665+0000] {logging_mixin.py:190} INFO - [2024-12-28T00:21:44.664+0000] {dag.py:4180} INFO - Setting next_dagrun for dataset_s3_bucket_consumer to None, run_after=None
[2024-12-28T00:21:44.667+0000] {logging_mixin.py:190} INFO - [2024-12-28T00:21:44.667+0000] {dag.py:4180} INFO - Setting next_dagrun for dataset_s3_bucket_producer to None, run_after=None
[2024-12-28T00:21:44.700+0000] {processor.py:208} INFO - Processing /home/airflow/.local/lib/python3.12/site-packages/airflow/example_dags/example_dataset_alias.py took 0.637 seconds
[2024-12-28T00:22:14.927+0000] {processor.py:186} INFO - Started process (PID=30553) to work on /home/airflow/.local/lib/python3.12/site-packages/airflow/example_dags/example_dataset_alias.py
[2024-12-28T00:22:14.930+0000] {processor.py:914} INFO - Processing file /home/airflow/.local/lib/python3.12/site-packages/airflow/example_dags/example_dataset_alias.py for tasks to queue
[2024-12-28T00:22:14.933+0000] {logging_mixin.py:190} INFO - [2024-12-28T00:22:14.932+0000] {dagbag.py:588} INFO - Filling up the DagBag from /home/airflow/.local/lib/python3.12/site-packages/airflow/example_dags/example_dataset_alias.py
[2024-12-28T00:22:15.828+0000] {processor.py:925} INFO - DAG(s) 'dataset_s3_bucket_consumer', 'dataset_s3_bucket_producer', 'dataset_alias_example_alias_consumer', 'dataset_alias_example_alias_producer' retrieved from /home/airflow/.local/lib/python3.12/site-packages/airflow/example_dags/example_dataset_alias.py
[2024-12-28T00:22:15.868+0000] {logging_mixin.py:190} INFO - [2024-12-28T00:22:15.867+0000] {dag.py:3239} INFO - Sync 4 DAGs
[2024-12-28T00:22:15.900+0000] {logging_mixin.py:190} INFO - [2024-12-28T00:22:15.899+0000] {dag.py:4180} INFO - Setting next_dagrun for dataset_alias_example_alias_consumer to None, run_after=None
[2024-12-28T00:22:15.905+0000] {logging_mixin.py:190} INFO - [2024-12-28T00:22:15.904+0000] {dag.py:4180} INFO - Setting next_dagrun for dataset_alias_example_alias_producer to None, run_after=None
[2024-12-28T00:22:15.909+0000] {logging_mixin.py:190} INFO - [2024-12-28T00:22:15.908+0000] {dag.py:4180} INFO - Setting next_dagrun for dataset_s3_bucket_consumer to None, run_after=None
[2024-12-28T00:22:15.911+0000] {logging_mixin.py:190} INFO - [2024-12-28T00:22:15.911+0000] {dag.py:4180} INFO - Setting next_dagrun for dataset_s3_bucket_producer to None, run_after=None
[2024-12-28T00:22:15.949+0000] {processor.py:208} INFO - Processing /home/airflow/.local/lib/python3.12/site-packages/airflow/example_dags/example_dataset_alias.py took 1.033 seconds
