[2024-12-28T00:00:12.085+0000] {processor.py:186} INFO - Started process (PID=27784) to work on /home/airflow/.local/lib/python3.12/site-packages/airflow/example_dags/example_sensor_decorator.py
[2024-12-28T00:00:12.087+0000] {processor.py:914} INFO - Processing file /home/airflow/.local/lib/python3.12/site-packages/airflow/example_dags/example_sensor_decorator.py for tasks to queue
[2024-12-28T00:00:12.090+0000] {logging_mixin.py:190} INFO - [2024-12-28T00:00:12.089+0000] {dagbag.py:588} INFO - Filling up the DagBag from /home/airflow/.local/lib/python3.12/site-packages/airflow/example_dags/example_sensor_decorator.py
[2024-12-28T00:00:12.098+0000] {processor.py:925} INFO - DAG(s) 'example_sensor_decorator' retrieved from /home/airflow/.local/lib/python3.12/site-packages/airflow/example_dags/example_sensor_decorator.py
[2024-12-28T00:00:12.125+0000] {logging_mixin.py:190} INFO - [2024-12-28T00:00:12.124+0000] {dag.py:3239} INFO - Sync 1 DAGs
[2024-12-28T00:00:12.140+0000] {logging_mixin.py:190} INFO - [2024-12-28T00:00:12.140+0000] {dag.py:4180} INFO - Setting next_dagrun for example_sensor_decorator to None, run_after=None
[2024-12-28T00:00:12.170+0000] {processor.py:208} INFO - Processing /home/airflow/.local/lib/python3.12/site-packages/airflow/example_dags/example_sensor_decorator.py took 0.090 seconds
[2024-12-28T00:00:42.984+0000] {processor.py:186} INFO - Started process (PID=27847) to work on /home/airflow/.local/lib/python3.12/site-packages/airflow/example_dags/example_sensor_decorator.py
[2024-12-28T00:00:42.985+0000] {processor.py:914} INFO - Processing file /home/airflow/.local/lib/python3.12/site-packages/airflow/example_dags/example_sensor_decorator.py for tasks to queue
[2024-12-28T00:00:42.987+0000] {logging_mixin.py:190} INFO - [2024-12-28T00:00:42.987+0000] {dagbag.py:588} INFO - Filling up the DagBag from /home/airflow/.local/lib/python3.12/site-packages/airflow/example_dags/example_sensor_decorator.py
[2024-12-28T00:00:42.996+0000] {processor.py:925} INFO - DAG(s) 'example_sensor_decorator' retrieved from /home/airflow/.local/lib/python3.12/site-packages/airflow/example_dags/example_sensor_decorator.py
[2024-12-28T00:00:43.023+0000] {logging_mixin.py:190} INFO - [2024-12-28T00:00:43.023+0000] {dag.py:3239} INFO - Sync 1 DAGs
[2024-12-28T00:00:43.039+0000] {logging_mixin.py:190} INFO - [2024-12-28T00:00:43.039+0000] {dag.py:4180} INFO - Setting next_dagrun for example_sensor_decorator to None, run_after=None
[2024-12-28T00:00:43.065+0000] {processor.py:208} INFO - Processing /home/airflow/.local/lib/python3.12/site-packages/airflow/example_dags/example_sensor_decorator.py took 0.086 seconds
[2024-12-28T00:01:14.330+0000] {processor.py:186} INFO - Started process (PID=27912) to work on /home/airflow/.local/lib/python3.12/site-packages/airflow/example_dags/example_sensor_decorator.py
[2024-12-28T00:01:14.332+0000] {processor.py:914} INFO - Processing file /home/airflow/.local/lib/python3.12/site-packages/airflow/example_dags/example_sensor_decorator.py for tasks to queue
[2024-12-28T00:01:14.334+0000] {logging_mixin.py:190} INFO - [2024-12-28T00:01:14.334+0000] {dagbag.py:588} INFO - Filling up the DagBag from /home/airflow/.local/lib/python3.12/site-packages/airflow/example_dags/example_sensor_decorator.py
[2024-12-28T00:01:14.343+0000] {processor.py:925} INFO - DAG(s) 'example_sensor_decorator' retrieved from /home/airflow/.local/lib/python3.12/site-packages/airflow/example_dags/example_sensor_decorator.py
[2024-12-28T00:01:14.368+0000] {logging_mixin.py:190} INFO - [2024-12-28T00:01:14.368+0000] {dag.py:3239} INFO - Sync 1 DAGs
[2024-12-28T00:01:14.385+0000] {logging_mixin.py:190} INFO - [2024-12-28T00:01:14.384+0000] {dag.py:4180} INFO - Setting next_dagrun for example_sensor_decorator to None, run_after=None
[2024-12-28T00:01:14.413+0000] {processor.py:208} INFO - Processing /home/airflow/.local/lib/python3.12/site-packages/airflow/example_dags/example_sensor_decorator.py took 0.088 seconds
[2024-12-28T00:01:45.421+0000] {processor.py:186} INFO - Started process (PID=27976) to work on /home/airflow/.local/lib/python3.12/site-packages/airflow/example_dags/example_sensor_decorator.py
[2024-12-28T00:01:45.422+0000] {processor.py:914} INFO - Processing file /home/airflow/.local/lib/python3.12/site-packages/airflow/example_dags/example_sensor_decorator.py for tasks to queue
[2024-12-28T00:01:45.425+0000] {logging_mixin.py:190} INFO - [2024-12-28T00:01:45.424+0000] {dagbag.py:588} INFO - Filling up the DagBag from /home/airflow/.local/lib/python3.12/site-packages/airflow/example_dags/example_sensor_decorator.py
[2024-12-28T00:01:45.434+0000] {processor.py:925} INFO - DAG(s) 'example_sensor_decorator' retrieved from /home/airflow/.local/lib/python3.12/site-packages/airflow/example_dags/example_sensor_decorator.py
[2024-12-28T00:01:45.462+0000] {logging_mixin.py:190} INFO - [2024-12-28T00:01:45.462+0000] {dag.py:3239} INFO - Sync 1 DAGs
[2024-12-28T00:01:45.483+0000] {logging_mixin.py:190} INFO - [2024-12-28T00:01:45.483+0000] {dag.py:4180} INFO - Setting next_dagrun for example_sensor_decorator to None, run_after=None
[2024-12-28T00:01:45.525+0000] {processor.py:208} INFO - Processing /home/airflow/.local/lib/python3.12/site-packages/airflow/example_dags/example_sensor_decorator.py took 0.110 seconds
