[2024-12-28T00:00:13.550+0000] {processor.py:186} INFO - Started process (PID=27787) to work on /home/airflow/.local/lib/python3.12/site-packages/airflow/example_dags/example_external_task_marker_dag.py
[2024-12-28T00:00:13.551+0000] {processor.py:914} INFO - Processing file /home/airflow/.local/lib/python3.12/site-packages/airflow/example_dags/example_external_task_marker_dag.py for tasks to queue
[2024-12-28T00:00:13.554+0000] {logging_mixin.py:190} INFO - [2024-12-28T00:00:13.553+0000] {dagbag.py:588} INFO - Filling up the DagBag from /home/airflow/.local/lib/python3.12/site-packages/airflow/example_dags/example_external_task_marker_dag.py
[2024-12-28T00:00:13.563+0000] {processor.py:925} INFO - DAG(s) 'example_external_task_marker_parent', 'example_external_task_marker_child' retrieved from /home/airflow/.local/lib/python3.12/site-packages/airflow/example_dags/example_external_task_marker_dag.py
[2024-12-28T00:00:13.594+0000] {logging_mixin.py:190} INFO - [2024-12-28T00:00:13.594+0000] {dag.py:3239} INFO - Sync 2 DAGs
[2024-12-28T00:00:13.612+0000] {logging_mixin.py:190} INFO - [2024-12-28T00:00:13.612+0000] {dag.py:4180} INFO - Setting next_dagrun for example_external_task_marker_child to None, run_after=None
[2024-12-28T00:00:13.618+0000] {logging_mixin.py:190} INFO - [2024-12-28T00:00:13.618+0000] {dag.py:4180} INFO - Setting next_dagrun for example_external_task_marker_parent to None, run_after=None
[2024-12-28T00:00:13.645+0000] {processor.py:208} INFO - Processing /home/airflow/.local/lib/python3.12/site-packages/airflow/example_dags/example_external_task_marker_dag.py took 0.100 seconds
[2024-12-28T00:00:44.280+0000] {processor.py:186} INFO - Started process (PID=27851) to work on /home/airflow/.local/lib/python3.12/site-packages/airflow/example_dags/example_external_task_marker_dag.py
[2024-12-28T00:00:44.282+0000] {processor.py:914} INFO - Processing file /home/airflow/.local/lib/python3.12/site-packages/airflow/example_dags/example_external_task_marker_dag.py for tasks to queue
[2024-12-28T00:00:44.283+0000] {logging_mixin.py:190} INFO - [2024-12-28T00:00:44.283+0000] {dagbag.py:588} INFO - Filling up the DagBag from /home/airflow/.local/lib/python3.12/site-packages/airflow/example_dags/example_external_task_marker_dag.py
[2024-12-28T00:00:44.291+0000] {processor.py:925} INFO - DAG(s) 'example_external_task_marker_child', 'example_external_task_marker_parent' retrieved from /home/airflow/.local/lib/python3.12/site-packages/airflow/example_dags/example_external_task_marker_dag.py
[2024-12-28T00:00:44.324+0000] {logging_mixin.py:190} INFO - [2024-12-28T00:00:44.324+0000] {dag.py:3239} INFO - Sync 2 DAGs
[2024-12-28T00:00:44.340+0000] {logging_mixin.py:190} INFO - [2024-12-28T00:00:44.340+0000] {dag.py:4180} INFO - Setting next_dagrun for example_external_task_marker_child to None, run_after=None
[2024-12-28T00:00:44.346+0000] {logging_mixin.py:190} INFO - [2024-12-28T00:00:44.345+0000] {dag.py:4180} INFO - Setting next_dagrun for example_external_task_marker_parent to None, run_after=None
[2024-12-28T00:00:44.370+0000] {processor.py:208} INFO - Processing /home/airflow/.local/lib/python3.12/site-packages/airflow/example_dags/example_external_task_marker_dag.py took 0.095 seconds
[2024-12-28T00:01:14.608+0000] {processor.py:186} INFO - Started process (PID=27915) to work on /home/airflow/.local/lib/python3.12/site-packages/airflow/example_dags/example_external_task_marker_dag.py
[2024-12-28T00:01:14.609+0000] {processor.py:914} INFO - Processing file /home/airflow/.local/lib/python3.12/site-packages/airflow/example_dags/example_external_task_marker_dag.py for tasks to queue
[2024-12-28T00:01:14.610+0000] {logging_mixin.py:190} INFO - [2024-12-28T00:01:14.610+0000] {dagbag.py:588} INFO - Filling up the DagBag from /home/airflow/.local/lib/python3.12/site-packages/airflow/example_dags/example_external_task_marker_dag.py
[2024-12-28T00:01:14.619+0000] {processor.py:925} INFO - DAG(s) 'example_external_task_marker_child', 'example_external_task_marker_parent' retrieved from /home/airflow/.local/lib/python3.12/site-packages/airflow/example_dags/example_external_task_marker_dag.py
[2024-12-28T00:01:14.649+0000] {logging_mixin.py:190} INFO - [2024-12-28T00:01:14.649+0000] {dag.py:3239} INFO - Sync 2 DAGs
[2024-12-28T00:01:14.670+0000] {logging_mixin.py:190} INFO - [2024-12-28T00:01:14.670+0000] {dag.py:4180} INFO - Setting next_dagrun for example_external_task_marker_child to None, run_after=None
[2024-12-28T00:01:14.676+0000] {logging_mixin.py:190} INFO - [2024-12-28T00:01:14.676+0000] {dag.py:4180} INFO - Setting next_dagrun for example_external_task_marker_parent to None, run_after=None
[2024-12-28T00:01:14.702+0000] {processor.py:208} INFO - Processing /home/airflow/.local/lib/python3.12/site-packages/airflow/example_dags/example_external_task_marker_dag.py took 0.099 seconds
[2024-12-28T00:01:45.797+0000] {processor.py:186} INFO - Started process (PID=27979) to work on /home/airflow/.local/lib/python3.12/site-packages/airflow/example_dags/example_external_task_marker_dag.py
[2024-12-28T00:01:45.799+0000] {processor.py:914} INFO - Processing file /home/airflow/.local/lib/python3.12/site-packages/airflow/example_dags/example_external_task_marker_dag.py for tasks to queue
[2024-12-28T00:01:45.801+0000] {logging_mixin.py:190} INFO - [2024-12-28T00:01:45.800+0000] {dagbag.py:588} INFO - Filling up the DagBag from /home/airflow/.local/lib/python3.12/site-packages/airflow/example_dags/example_external_task_marker_dag.py
[2024-12-28T00:01:45.811+0000] {processor.py:925} INFO - DAG(s) 'example_external_task_marker_child', 'example_external_task_marker_parent' retrieved from /home/airflow/.local/lib/python3.12/site-packages/airflow/example_dags/example_external_task_marker_dag.py
[2024-12-28T00:01:45.842+0000] {logging_mixin.py:190} INFO - [2024-12-28T00:01:45.841+0000] {dag.py:3239} INFO - Sync 2 DAGs
[2024-12-28T00:01:45.859+0000] {logging_mixin.py:190} INFO - [2024-12-28T00:01:45.859+0000] {dag.py:4180} INFO - Setting next_dagrun for example_external_task_marker_child to None, run_after=None
[2024-12-28T00:01:45.864+0000] {logging_mixin.py:190} INFO - [2024-12-28T00:01:45.864+0000] {dag.py:4180} INFO - Setting next_dagrun for example_external_task_marker_parent to None, run_after=None
[2024-12-28T00:01:45.914+0000] {processor.py:208} INFO - Processing /home/airflow/.local/lib/python3.12/site-packages/airflow/example_dags/example_external_task_marker_dag.py took 0.122 seconds
[2024-12-28T00:02:16.285+0000] {processor.py:186} INFO - Started process (PID=28043) to work on /home/airflow/.local/lib/python3.12/site-packages/airflow/example_dags/example_external_task_marker_dag.py
[2024-12-28T00:02:16.286+0000] {processor.py:914} INFO - Processing file /home/airflow/.local/lib/python3.12/site-packages/airflow/example_dags/example_external_task_marker_dag.py for tasks to queue
[2024-12-28T00:02:16.289+0000] {logging_mixin.py:190} INFO - [2024-12-28T00:02:16.288+0000] {dagbag.py:588} INFO - Filling up the DagBag from /home/airflow/.local/lib/python3.12/site-packages/airflow/example_dags/example_external_task_marker_dag.py
[2024-12-28T00:02:16.299+0000] {processor.py:925} INFO - DAG(s) 'example_external_task_marker_child', 'example_external_task_marker_parent' retrieved from /home/airflow/.local/lib/python3.12/site-packages/airflow/example_dags/example_external_task_marker_dag.py
[2024-12-28T00:02:16.329+0000] {logging_mixin.py:190} INFO - [2024-12-28T00:02:16.328+0000] {dag.py:3239} INFO - Sync 2 DAGs
[2024-12-28T00:02:16.348+0000] {logging_mixin.py:190} INFO - [2024-12-28T00:02:16.348+0000] {dag.py:4180} INFO - Setting next_dagrun for example_external_task_marker_child to None, run_after=None
[2024-12-28T00:02:16.353+0000] {logging_mixin.py:190} INFO - [2024-12-28T00:02:16.353+0000] {dag.py:4180} INFO - Setting next_dagrun for example_external_task_marker_parent to None, run_after=None
[2024-12-28T00:02:16.377+0000] {processor.py:208} INFO - Processing /home/airflow/.local/lib/python3.12/site-packages/airflow/example_dags/example_external_task_marker_dag.py took 0.098 seconds
[2024-12-28T00:02:46.740+0000] {processor.py:186} INFO - Started process (PID=28106) to work on /home/airflow/.local/lib/python3.12/site-packages/airflow/example_dags/example_external_task_marker_dag.py
[2024-12-28T00:02:46.741+0000] {processor.py:914} INFO - Processing file /home/airflow/.local/lib/python3.12/site-packages/airflow/example_dags/example_external_task_marker_dag.py for tasks to queue
[2024-12-28T00:02:46.744+0000] {logging_mixin.py:190} INFO - [2024-12-28T00:02:46.743+0000] {dagbag.py:588} INFO - Filling up the DagBag from /home/airflow/.local/lib/python3.12/site-packages/airflow/example_dags/example_external_task_marker_dag.py
[2024-12-28T00:02:46.753+0000] {processor.py:925} INFO - DAG(s) 'example_external_task_marker_child', 'example_external_task_marker_parent' retrieved from /home/airflow/.local/lib/python3.12/site-packages/airflow/example_dags/example_external_task_marker_dag.py
[2024-12-28T00:02:46.787+0000] {logging_mixin.py:190} INFO - [2024-12-28T00:02:46.787+0000] {dag.py:3239} INFO - Sync 2 DAGs
[2024-12-28T00:02:46.807+0000] {logging_mixin.py:190} INFO - [2024-12-28T00:02:46.807+0000] {dag.py:4180} INFO - Setting next_dagrun for example_external_task_marker_child to None, run_after=None
[2024-12-28T00:02:46.814+0000] {logging_mixin.py:190} INFO - [2024-12-28T00:02:46.813+0000] {dag.py:4180} INFO - Setting next_dagrun for example_external_task_marker_parent to None, run_after=None
[2024-12-28T00:02:46.840+0000] {processor.py:208} INFO - Processing /home/airflow/.local/lib/python3.12/site-packages/airflow/example_dags/example_external_task_marker_dag.py took 0.106 seconds
[2024-12-28T00:03:16.958+0000] {processor.py:186} INFO - Started process (PID=28170) to work on /home/airflow/.local/lib/python3.12/site-packages/airflow/example_dags/example_external_task_marker_dag.py
[2024-12-28T00:03:16.960+0000] {processor.py:914} INFO - Processing file /home/airflow/.local/lib/python3.12/site-packages/airflow/example_dags/example_external_task_marker_dag.py for tasks to queue
[2024-12-28T00:03:16.962+0000] {logging_mixin.py:190} INFO - [2024-12-28T00:03:16.962+0000] {dagbag.py:588} INFO - Filling up the DagBag from /home/airflow/.local/lib/python3.12/site-packages/airflow/example_dags/example_external_task_marker_dag.py
[2024-12-28T00:03:16.971+0000] {processor.py:925} INFO - DAG(s) 'example_external_task_marker_child', 'example_external_task_marker_parent' retrieved from /home/airflow/.local/lib/python3.12/site-packages/airflow/example_dags/example_external_task_marker_dag.py
[2024-12-28T00:03:17.003+0000] {logging_mixin.py:190} INFO - [2024-12-28T00:03:17.002+0000] {dag.py:3239} INFO - Sync 2 DAGs
[2024-12-28T00:03:17.023+0000] {logging_mixin.py:190} INFO - [2024-12-28T00:03:17.023+0000] {dag.py:4180} INFO - Setting next_dagrun for example_external_task_marker_child to None, run_after=None
[2024-12-28T00:03:17.028+0000] {logging_mixin.py:190} INFO - [2024-12-28T00:03:17.028+0000] {dag.py:4180} INFO - Setting next_dagrun for example_external_task_marker_parent to None, run_after=None
[2024-12-28T00:03:17.054+0000] {processor.py:208} INFO - Processing /home/airflow/.local/lib/python3.12/site-packages/airflow/example_dags/example_external_task_marker_dag.py took 0.101 seconds
[2024-12-28T00:03:47.140+0000] {processor.py:186} INFO - Started process (PID=28234) to work on /home/airflow/.local/lib/python3.12/site-packages/airflow/example_dags/example_external_task_marker_dag.py
[2024-12-28T00:03:47.142+0000] {processor.py:914} INFO - Processing file /home/airflow/.local/lib/python3.12/site-packages/airflow/example_dags/example_external_task_marker_dag.py for tasks to queue
[2024-12-28T00:03:47.144+0000] {logging_mixin.py:190} INFO - [2024-12-28T00:03:47.143+0000] {dagbag.py:588} INFO - Filling up the DagBag from /home/airflow/.local/lib/python3.12/site-packages/airflow/example_dags/example_external_task_marker_dag.py
[2024-12-28T00:03:47.154+0000] {processor.py:925} INFO - DAG(s) 'example_external_task_marker_child', 'example_external_task_marker_parent' retrieved from /home/airflow/.local/lib/python3.12/site-packages/airflow/example_dags/example_external_task_marker_dag.py
[2024-12-28T00:03:47.186+0000] {logging_mixin.py:190} INFO - [2024-12-28T00:03:47.186+0000] {dag.py:3239} INFO - Sync 2 DAGs
[2024-12-28T00:03:47.205+0000] {logging_mixin.py:190} INFO - [2024-12-28T00:03:47.205+0000] {dag.py:4180} INFO - Setting next_dagrun for example_external_task_marker_child to None, run_after=None
[2024-12-28T00:03:47.212+0000] {logging_mixin.py:190} INFO - [2024-12-28T00:03:47.211+0000] {dag.py:4180} INFO - Setting next_dagrun for example_external_task_marker_parent to None, run_after=None
[2024-12-28T00:03:47.239+0000] {processor.py:208} INFO - Processing /home/airflow/.local/lib/python3.12/site-packages/airflow/example_dags/example_external_task_marker_dag.py took 0.105 seconds
[2024-12-28T00:04:17.954+0000] {processor.py:186} INFO - Started process (PID=28298) to work on /home/airflow/.local/lib/python3.12/site-packages/airflow/example_dags/example_external_task_marker_dag.py
[2024-12-28T00:04:17.956+0000] {processor.py:914} INFO - Processing file /home/airflow/.local/lib/python3.12/site-packages/airflow/example_dags/example_external_task_marker_dag.py for tasks to queue
[2024-12-28T00:04:17.958+0000] {logging_mixin.py:190} INFO - [2024-12-28T00:04:17.958+0000] {dagbag.py:588} INFO - Filling up the DagBag from /home/airflow/.local/lib/python3.12/site-packages/airflow/example_dags/example_external_task_marker_dag.py
[2024-12-28T00:04:17.968+0000] {processor.py:925} INFO - DAG(s) 'example_external_task_marker_parent', 'example_external_task_marker_child' retrieved from /home/airflow/.local/lib/python3.12/site-packages/airflow/example_dags/example_external_task_marker_dag.py
[2024-12-28T00:04:18.007+0000] {logging_mixin.py:190} INFO - [2024-12-28T00:04:18.006+0000] {dag.py:3239} INFO - Sync 2 DAGs
[2024-12-28T00:04:18.043+0000] {logging_mixin.py:190} INFO - [2024-12-28T00:04:18.042+0000] {dag.py:4180} INFO - Setting next_dagrun for example_external_task_marker_child to None, run_after=None
[2024-12-28T00:04:18.052+0000] {logging_mixin.py:190} INFO - [2024-12-28T00:04:18.051+0000] {dag.py:4180} INFO - Setting next_dagrun for example_external_task_marker_parent to None, run_after=None
[2024-12-28T00:04:18.097+0000] {processor.py:208} INFO - Processing /home/airflow/.local/lib/python3.12/site-packages/airflow/example_dags/example_external_task_marker_dag.py took 0.149 seconds
[2024-12-28T00:04:48.835+0000] {processor.py:186} INFO - Started process (PID=28369) to work on /home/airflow/.local/lib/python3.12/site-packages/airflow/example_dags/example_external_task_marker_dag.py
[2024-12-28T00:04:48.836+0000] {processor.py:914} INFO - Processing file /home/airflow/.local/lib/python3.12/site-packages/airflow/example_dags/example_external_task_marker_dag.py for tasks to queue
[2024-12-28T00:04:48.839+0000] {logging_mixin.py:190} INFO - [2024-12-28T00:04:48.838+0000] {dagbag.py:588} INFO - Filling up the DagBag from /home/airflow/.local/lib/python3.12/site-packages/airflow/example_dags/example_external_task_marker_dag.py
[2024-12-28T00:04:48.854+0000] {processor.py:925} INFO - DAG(s) 'example_external_task_marker_parent', 'example_external_task_marker_child' retrieved from /home/airflow/.local/lib/python3.12/site-packages/airflow/example_dags/example_external_task_marker_dag.py
[2024-12-28T00:04:48.903+0000] {logging_mixin.py:190} INFO - [2024-12-28T00:04:48.903+0000] {dag.py:3239} INFO - Sync 2 DAGs
[2024-12-28T00:04:48.921+0000] {logging_mixin.py:190} INFO - [2024-12-28T00:04:48.921+0000] {dag.py:4180} INFO - Setting next_dagrun for example_external_task_marker_child to None, run_after=None
[2024-12-28T00:04:48.926+0000] {logging_mixin.py:190} INFO - [2024-12-28T00:04:48.926+0000] {dag.py:4180} INFO - Setting next_dagrun for example_external_task_marker_parent to None, run_after=None
[2024-12-28T00:04:48.951+0000] {processor.py:208} INFO - Processing /home/airflow/.local/lib/python3.12/site-packages/airflow/example_dags/example_external_task_marker_dag.py took 0.123 seconds
[2024-12-28T00:05:19.246+0000] {processor.py:186} INFO - Started process (PID=28433) to work on /home/airflow/.local/lib/python3.12/site-packages/airflow/example_dags/example_external_task_marker_dag.py
[2024-12-28T00:05:19.248+0000] {processor.py:914} INFO - Processing file /home/airflow/.local/lib/python3.12/site-packages/airflow/example_dags/example_external_task_marker_dag.py for tasks to queue
[2024-12-28T00:05:19.251+0000] {logging_mixin.py:190} INFO - [2024-12-28T00:05:19.251+0000] {dagbag.py:588} INFO - Filling up the DagBag from /home/airflow/.local/lib/python3.12/site-packages/airflow/example_dags/example_external_task_marker_dag.py
[2024-12-28T00:05:19.261+0000] {processor.py:925} INFO - DAG(s) 'example_external_task_marker_parent', 'example_external_task_marker_child' retrieved from /home/airflow/.local/lib/python3.12/site-packages/airflow/example_dags/example_external_task_marker_dag.py
[2024-12-28T00:05:19.293+0000] {logging_mixin.py:190} INFO - [2024-12-28T00:05:19.293+0000] {dag.py:3239} INFO - Sync 2 DAGs
[2024-12-28T00:05:19.310+0000] {logging_mixin.py:190} INFO - [2024-12-28T00:05:19.310+0000] {dag.py:4180} INFO - Setting next_dagrun for example_external_task_marker_child to None, run_after=None
[2024-12-28T00:05:19.316+0000] {logging_mixin.py:190} INFO - [2024-12-28T00:05:19.315+0000] {dag.py:4180} INFO - Setting next_dagrun for example_external_task_marker_parent to None, run_after=None
[2024-12-28T00:05:19.341+0000] {processor.py:208} INFO - Processing /home/airflow/.local/lib/python3.12/site-packages/airflow/example_dags/example_external_task_marker_dag.py took 0.100 seconds
[2024-12-28T00:05:49.486+0000] {processor.py:186} INFO - Started process (PID=28497) to work on /home/airflow/.local/lib/python3.12/site-packages/airflow/example_dags/example_external_task_marker_dag.py
[2024-12-28T00:05:49.488+0000] {processor.py:914} INFO - Processing file /home/airflow/.local/lib/python3.12/site-packages/airflow/example_dags/example_external_task_marker_dag.py for tasks to queue
[2024-12-28T00:05:49.489+0000] {logging_mixin.py:190} INFO - [2024-12-28T00:05:49.489+0000] {dagbag.py:588} INFO - Filling up the DagBag from /home/airflow/.local/lib/python3.12/site-packages/airflow/example_dags/example_external_task_marker_dag.py
[2024-12-28T00:05:49.499+0000] {processor.py:925} INFO - DAG(s) 'example_external_task_marker_parent', 'example_external_task_marker_child' retrieved from /home/airflow/.local/lib/python3.12/site-packages/airflow/example_dags/example_external_task_marker_dag.py
[2024-12-28T00:05:49.531+0000] {logging_mixin.py:190} INFO - [2024-12-28T00:05:49.531+0000] {dag.py:3239} INFO - Sync 2 DAGs
[2024-12-28T00:05:49.548+0000] {logging_mixin.py:190} INFO - [2024-12-28T00:05:49.548+0000] {dag.py:4180} INFO - Setting next_dagrun for example_external_task_marker_child to None, run_after=None
[2024-12-28T00:05:49.554+0000] {logging_mixin.py:190} INFO - [2024-12-28T00:05:49.553+0000] {dag.py:4180} INFO - Setting next_dagrun for example_external_task_marker_parent to None, run_after=None
[2024-12-28T00:05:49.580+0000] {processor.py:208} INFO - Processing /home/airflow/.local/lib/python3.12/site-packages/airflow/example_dags/example_external_task_marker_dag.py took 0.099 seconds
[2024-12-28T00:06:20.114+0000] {processor.py:186} INFO - Started process (PID=28561) to work on /home/airflow/.local/lib/python3.12/site-packages/airflow/example_dags/example_external_task_marker_dag.py
[2024-12-28T00:06:20.116+0000] {processor.py:914} INFO - Processing file /home/airflow/.local/lib/python3.12/site-packages/airflow/example_dags/example_external_task_marker_dag.py for tasks to queue
[2024-12-28T00:06:20.118+0000] {logging_mixin.py:190} INFO - [2024-12-28T00:06:20.117+0000] {dagbag.py:588} INFO - Filling up the DagBag from /home/airflow/.local/lib/python3.12/site-packages/airflow/example_dags/example_external_task_marker_dag.py
[2024-12-28T00:06:20.132+0000] {processor.py:925} INFO - DAG(s) 'example_external_task_marker_child', 'example_external_task_marker_parent' retrieved from /home/airflow/.local/lib/python3.12/site-packages/airflow/example_dags/example_external_task_marker_dag.py
[2024-12-28T00:06:20.173+0000] {logging_mixin.py:190} INFO - [2024-12-28T00:06:20.172+0000] {dag.py:3239} INFO - Sync 2 DAGs
[2024-12-28T00:06:20.211+0000] {logging_mixin.py:190} INFO - [2024-12-28T00:06:20.210+0000] {dag.py:4180} INFO - Setting next_dagrun for example_external_task_marker_child to None, run_after=None
[2024-12-28T00:06:20.221+0000] {logging_mixin.py:190} INFO - [2024-12-28T00:06:20.221+0000] {dag.py:4180} INFO - Setting next_dagrun for example_external_task_marker_parent to None, run_after=None
[2024-12-28T00:06:20.264+0000] {processor.py:208} INFO - Processing /home/airflow/.local/lib/python3.12/site-packages/airflow/example_dags/example_external_task_marker_dag.py took 0.157 seconds
[2024-12-28T00:06:51.097+0000] {processor.py:186} INFO - Started process (PID=28626) to work on /home/airflow/.local/lib/python3.12/site-packages/airflow/example_dags/example_external_task_marker_dag.py
[2024-12-28T00:06:51.099+0000] {processor.py:914} INFO - Processing file /home/airflow/.local/lib/python3.12/site-packages/airflow/example_dags/example_external_task_marker_dag.py for tasks to queue
[2024-12-28T00:06:51.101+0000] {logging_mixin.py:190} INFO - [2024-12-28T00:06:51.101+0000] {dagbag.py:588} INFO - Filling up the DagBag from /home/airflow/.local/lib/python3.12/site-packages/airflow/example_dags/example_external_task_marker_dag.py
[2024-12-28T00:06:51.114+0000] {processor.py:925} INFO - DAG(s) 'example_external_task_marker_parent', 'example_external_task_marker_child' retrieved from /home/airflow/.local/lib/python3.12/site-packages/airflow/example_dags/example_external_task_marker_dag.py
[2024-12-28T00:06:51.149+0000] {logging_mixin.py:190} INFO - [2024-12-28T00:06:51.148+0000] {dag.py:3239} INFO - Sync 2 DAGs
[2024-12-28T00:06:51.169+0000] {logging_mixin.py:190} INFO - [2024-12-28T00:06:51.169+0000] {dag.py:4180} INFO - Setting next_dagrun for example_external_task_marker_child to None, run_after=None
[2024-12-28T00:06:51.176+0000] {logging_mixin.py:190} INFO - [2024-12-28T00:06:51.176+0000] {dag.py:4180} INFO - Setting next_dagrun for example_external_task_marker_parent to None, run_after=None
[2024-12-28T00:06:51.212+0000] {processor.py:208} INFO - Processing /home/airflow/.local/lib/python3.12/site-packages/airflow/example_dags/example_external_task_marker_dag.py took 0.120 seconds
[2024-12-28T00:07:21.358+0000] {processor.py:186} INFO - Started process (PID=28690) to work on /home/airflow/.local/lib/python3.12/site-packages/airflow/example_dags/example_external_task_marker_dag.py
[2024-12-28T00:07:21.360+0000] {processor.py:914} INFO - Processing file /home/airflow/.local/lib/python3.12/site-packages/airflow/example_dags/example_external_task_marker_dag.py for tasks to queue
[2024-12-28T00:07:21.362+0000] {logging_mixin.py:190} INFO - [2024-12-28T00:07:21.361+0000] {dagbag.py:588} INFO - Filling up the DagBag from /home/airflow/.local/lib/python3.12/site-packages/airflow/example_dags/example_external_task_marker_dag.py
[2024-12-28T00:07:21.373+0000] {processor.py:925} INFO - DAG(s) 'example_external_task_marker_child', 'example_external_task_marker_parent' retrieved from /home/airflow/.local/lib/python3.12/site-packages/airflow/example_dags/example_external_task_marker_dag.py
[2024-12-28T00:07:21.410+0000] {logging_mixin.py:190} INFO - [2024-12-28T00:07:21.410+0000] {dag.py:3239} INFO - Sync 2 DAGs
[2024-12-28T00:07:21.430+0000] {logging_mixin.py:190} INFO - [2024-12-28T00:07:21.430+0000] {dag.py:4180} INFO - Setting next_dagrun for example_external_task_marker_child to None, run_after=None
[2024-12-28T00:07:21.436+0000] {logging_mixin.py:190} INFO - [2024-12-28T00:07:21.436+0000] {dag.py:4180} INFO - Setting next_dagrun for example_external_task_marker_parent to None, run_after=None
[2024-12-28T00:07:21.463+0000] {processor.py:208} INFO - Processing /home/airflow/.local/lib/python3.12/site-packages/airflow/example_dags/example_external_task_marker_dag.py took 0.111 seconds
[2024-12-28T00:07:51.832+0000] {processor.py:186} INFO - Started process (PID=28754) to work on /home/airflow/.local/lib/python3.12/site-packages/airflow/example_dags/example_external_task_marker_dag.py
[2024-12-28T00:07:51.834+0000] {processor.py:914} INFO - Processing file /home/airflow/.local/lib/python3.12/site-packages/airflow/example_dags/example_external_task_marker_dag.py for tasks to queue
[2024-12-28T00:07:51.836+0000] {logging_mixin.py:190} INFO - [2024-12-28T00:07:51.836+0000] {dagbag.py:588} INFO - Filling up the DagBag from /home/airflow/.local/lib/python3.12/site-packages/airflow/example_dags/example_external_task_marker_dag.py
[2024-12-28T00:07:51.848+0000] {processor.py:925} INFO - DAG(s) 'example_external_task_marker_parent', 'example_external_task_marker_child' retrieved from /home/airflow/.local/lib/python3.12/site-packages/airflow/example_dags/example_external_task_marker_dag.py
[2024-12-28T00:07:51.882+0000] {logging_mixin.py:190} INFO - [2024-12-28T00:07:51.882+0000] {dag.py:3239} INFO - Sync 2 DAGs
[2024-12-28T00:07:51.902+0000] {logging_mixin.py:190} INFO - [2024-12-28T00:07:51.902+0000] {dag.py:4180} INFO - Setting next_dagrun for example_external_task_marker_child to None, run_after=None
[2024-12-28T00:07:51.908+0000] {logging_mixin.py:190} INFO - [2024-12-28T00:07:51.908+0000] {dag.py:4180} INFO - Setting next_dagrun for example_external_task_marker_parent to None, run_after=None
[2024-12-28T00:07:51.936+0000] {processor.py:208} INFO - Processing /home/airflow/.local/lib/python3.12/site-packages/airflow/example_dags/example_external_task_marker_dag.py took 0.110 seconds
[2024-12-28T00:08:22.702+0000] {processor.py:186} INFO - Started process (PID=28818) to work on /home/airflow/.local/lib/python3.12/site-packages/airflow/example_dags/example_external_task_marker_dag.py
[2024-12-28T00:08:22.703+0000] {processor.py:914} INFO - Processing file /home/airflow/.local/lib/python3.12/site-packages/airflow/example_dags/example_external_task_marker_dag.py for tasks to queue
[2024-12-28T00:08:22.705+0000] {logging_mixin.py:190} INFO - [2024-12-28T00:08:22.705+0000] {dagbag.py:588} INFO - Filling up the DagBag from /home/airflow/.local/lib/python3.12/site-packages/airflow/example_dags/example_external_task_marker_dag.py
[2024-12-28T00:08:22.715+0000] {processor.py:925} INFO - DAG(s) 'example_external_task_marker_child', 'example_external_task_marker_parent' retrieved from /home/airflow/.local/lib/python3.12/site-packages/airflow/example_dags/example_external_task_marker_dag.py
[2024-12-28T00:08:22.745+0000] {logging_mixin.py:190} INFO - [2024-12-28T00:08:22.745+0000] {dag.py:3239} INFO - Sync 2 DAGs
[2024-12-28T00:08:22.762+0000] {logging_mixin.py:190} INFO - [2024-12-28T00:08:22.762+0000] {dag.py:4180} INFO - Setting next_dagrun for example_external_task_marker_child to None, run_after=None
[2024-12-28T00:08:22.768+0000] {logging_mixin.py:190} INFO - [2024-12-28T00:08:22.768+0000] {dag.py:4180} INFO - Setting next_dagrun for example_external_task_marker_parent to None, run_after=None
[2024-12-28T00:08:22.800+0000] {processor.py:208} INFO - Processing /home/airflow/.local/lib/python3.12/site-packages/airflow/example_dags/example_external_task_marker_dag.py took 0.105 seconds
[2024-12-28T00:08:52.981+0000] {processor.py:186} INFO - Started process (PID=28882) to work on /home/airflow/.local/lib/python3.12/site-packages/airflow/example_dags/example_external_task_marker_dag.py
[2024-12-28T00:08:52.982+0000] {processor.py:914} INFO - Processing file /home/airflow/.local/lib/python3.12/site-packages/airflow/example_dags/example_external_task_marker_dag.py for tasks to queue
[2024-12-28T00:08:52.984+0000] {logging_mixin.py:190} INFO - [2024-12-28T00:08:52.984+0000] {dagbag.py:588} INFO - Filling up the DagBag from /home/airflow/.local/lib/python3.12/site-packages/airflow/example_dags/example_external_task_marker_dag.py
[2024-12-28T00:08:52.995+0000] {processor.py:925} INFO - DAG(s) 'example_external_task_marker_parent', 'example_external_task_marker_child' retrieved from /home/airflow/.local/lib/python3.12/site-packages/airflow/example_dags/example_external_task_marker_dag.py
[2024-12-28T00:08:53.024+0000] {logging_mixin.py:190} INFO - [2024-12-28T00:08:53.024+0000] {dag.py:3239} INFO - Sync 2 DAGs
[2024-12-28T00:08:53.042+0000] {logging_mixin.py:190} INFO - [2024-12-28T00:08:53.042+0000] {dag.py:4180} INFO - Setting next_dagrun for example_external_task_marker_child to None, run_after=None
[2024-12-28T00:08:53.048+0000] {logging_mixin.py:190} INFO - [2024-12-28T00:08:53.047+0000] {dag.py:4180} INFO - Setting next_dagrun for example_external_task_marker_parent to None, run_after=None
[2024-12-28T00:08:53.075+0000] {processor.py:208} INFO - Processing /home/airflow/.local/lib/python3.12/site-packages/airflow/example_dags/example_external_task_marker_dag.py took 0.099 seconds
[2024-12-28T00:09:23.793+0000] {processor.py:186} INFO - Started process (PID=28946) to work on /home/airflow/.local/lib/python3.12/site-packages/airflow/example_dags/example_external_task_marker_dag.py
[2024-12-28T00:09:23.794+0000] {processor.py:914} INFO - Processing file /home/airflow/.local/lib/python3.12/site-packages/airflow/example_dags/example_external_task_marker_dag.py for tasks to queue
[2024-12-28T00:09:23.797+0000] {logging_mixin.py:190} INFO - [2024-12-28T00:09:23.796+0000] {dagbag.py:588} INFO - Filling up the DagBag from /home/airflow/.local/lib/python3.12/site-packages/airflow/example_dags/example_external_task_marker_dag.py
[2024-12-28T00:09:23.806+0000] {processor.py:925} INFO - DAG(s) 'example_external_task_marker_parent', 'example_external_task_marker_child' retrieved from /home/airflow/.local/lib/python3.12/site-packages/airflow/example_dags/example_external_task_marker_dag.py
[2024-12-28T00:09:23.838+0000] {logging_mixin.py:190} INFO - [2024-12-28T00:09:23.838+0000] {dag.py:3239} INFO - Sync 2 DAGs
[2024-12-28T00:09:23.855+0000] {logging_mixin.py:190} INFO - [2024-12-28T00:09:23.854+0000] {dag.py:4180} INFO - Setting next_dagrun for example_external_task_marker_child to None, run_after=None
[2024-12-28T00:09:23.860+0000] {logging_mixin.py:190} INFO - [2024-12-28T00:09:23.859+0000] {dag.py:4180} INFO - Setting next_dagrun for example_external_task_marker_parent to None, run_after=None
[2024-12-28T00:09:23.886+0000] {processor.py:208} INFO - Processing /home/airflow/.local/lib/python3.12/site-packages/airflow/example_dags/example_external_task_marker_dag.py took 0.099 seconds
[2024-12-28T00:09:54.534+0000] {processor.py:186} INFO - Started process (PID=29010) to work on /home/airflow/.local/lib/python3.12/site-packages/airflow/example_dags/example_external_task_marker_dag.py
[2024-12-28T00:09:54.535+0000] {processor.py:914} INFO - Processing file /home/airflow/.local/lib/python3.12/site-packages/airflow/example_dags/example_external_task_marker_dag.py for tasks to queue
[2024-12-28T00:09:54.538+0000] {logging_mixin.py:190} INFO - [2024-12-28T00:09:54.537+0000] {dagbag.py:588} INFO - Filling up the DagBag from /home/airflow/.local/lib/python3.12/site-packages/airflow/example_dags/example_external_task_marker_dag.py
[2024-12-28T00:09:54.547+0000] {processor.py:925} INFO - DAG(s) 'example_external_task_marker_parent', 'example_external_task_marker_child' retrieved from /home/airflow/.local/lib/python3.12/site-packages/airflow/example_dags/example_external_task_marker_dag.py
[2024-12-28T00:09:54.577+0000] {logging_mixin.py:190} INFO - [2024-12-28T00:09:54.576+0000] {dag.py:3239} INFO - Sync 2 DAGs
[2024-12-28T00:09:54.593+0000] {logging_mixin.py:190} INFO - [2024-12-28T00:09:54.593+0000] {dag.py:4180} INFO - Setting next_dagrun for example_external_task_marker_child to None, run_after=None
[2024-12-28T00:09:54.602+0000] {logging_mixin.py:190} INFO - [2024-12-28T00:09:54.601+0000] {dag.py:4180} INFO - Setting next_dagrun for example_external_task_marker_parent to None, run_after=None
[2024-12-28T00:09:54.630+0000] {processor.py:208} INFO - Processing /home/airflow/.local/lib/python3.12/site-packages/airflow/example_dags/example_external_task_marker_dag.py took 0.102 seconds
[2024-12-28T00:10:24.750+0000] {processor.py:186} INFO - Started process (PID=29074) to work on /home/airflow/.local/lib/python3.12/site-packages/airflow/example_dags/example_external_task_marker_dag.py
[2024-12-28T00:10:24.751+0000] {processor.py:914} INFO - Processing file /home/airflow/.local/lib/python3.12/site-packages/airflow/example_dags/example_external_task_marker_dag.py for tasks to queue
[2024-12-28T00:10:24.754+0000] {logging_mixin.py:190} INFO - [2024-12-28T00:10:24.753+0000] {dagbag.py:588} INFO - Filling up the DagBag from /home/airflow/.local/lib/python3.12/site-packages/airflow/example_dags/example_external_task_marker_dag.py
[2024-12-28T00:10:24.764+0000] {processor.py:925} INFO - DAG(s) 'example_external_task_marker_child', 'example_external_task_marker_parent' retrieved from /home/airflow/.local/lib/python3.12/site-packages/airflow/example_dags/example_external_task_marker_dag.py
[2024-12-28T00:10:24.798+0000] {logging_mixin.py:190} INFO - [2024-12-28T00:10:24.797+0000] {dag.py:3239} INFO - Sync 2 DAGs
[2024-12-28T00:10:24.816+0000] {logging_mixin.py:190} INFO - [2024-12-28T00:10:24.815+0000] {dag.py:4180} INFO - Setting next_dagrun for example_external_task_marker_child to None, run_after=None
[2024-12-28T00:10:24.822+0000] {logging_mixin.py:190} INFO - [2024-12-28T00:10:24.822+0000] {dag.py:4180} INFO - Setting next_dagrun for example_external_task_marker_parent to None, run_after=None
[2024-12-28T00:10:24.847+0000] {processor.py:208} INFO - Processing /home/airflow/.local/lib/python3.12/site-packages/airflow/example_dags/example_external_task_marker_dag.py took 0.103 seconds
[2024-12-28T00:10:55.321+0000] {processor.py:186} INFO - Started process (PID=29138) to work on /home/airflow/.local/lib/python3.12/site-packages/airflow/example_dags/example_external_task_marker_dag.py
[2024-12-28T00:10:55.322+0000] {processor.py:914} INFO - Processing file /home/airflow/.local/lib/python3.12/site-packages/airflow/example_dags/example_external_task_marker_dag.py for tasks to queue
[2024-12-28T00:10:55.325+0000] {logging_mixin.py:190} INFO - [2024-12-28T00:10:55.324+0000] {dagbag.py:588} INFO - Filling up the DagBag from /home/airflow/.local/lib/python3.12/site-packages/airflow/example_dags/example_external_task_marker_dag.py
[2024-12-28T00:10:55.336+0000] {processor.py:925} INFO - DAG(s) 'example_external_task_marker_parent', 'example_external_task_marker_child' retrieved from /home/airflow/.local/lib/python3.12/site-packages/airflow/example_dags/example_external_task_marker_dag.py
[2024-12-28T00:10:55.381+0000] {logging_mixin.py:190} INFO - [2024-12-28T00:10:55.380+0000] {dag.py:3239} INFO - Sync 2 DAGs
[2024-12-28T00:10:55.403+0000] {logging_mixin.py:190} INFO - [2024-12-28T00:10:55.403+0000] {dag.py:4180} INFO - Setting next_dagrun for example_external_task_marker_child to None, run_after=None
[2024-12-28T00:10:55.410+0000] {logging_mixin.py:190} INFO - [2024-12-28T00:10:55.409+0000] {dag.py:4180} INFO - Setting next_dagrun for example_external_task_marker_parent to None, run_after=None
[2024-12-28T00:10:55.439+0000] {processor.py:208} INFO - Processing /home/airflow/.local/lib/python3.12/site-packages/airflow/example_dags/example_external_task_marker_dag.py took 0.124 seconds
[2024-12-28T00:11:25.691+0000] {processor.py:186} INFO - Started process (PID=29202) to work on /home/airflow/.local/lib/python3.12/site-packages/airflow/example_dags/example_external_task_marker_dag.py
[2024-12-28T00:11:25.693+0000] {processor.py:914} INFO - Processing file /home/airflow/.local/lib/python3.12/site-packages/airflow/example_dags/example_external_task_marker_dag.py for tasks to queue
[2024-12-28T00:11:25.696+0000] {logging_mixin.py:190} INFO - [2024-12-28T00:11:25.695+0000] {dagbag.py:588} INFO - Filling up the DagBag from /home/airflow/.local/lib/python3.12/site-packages/airflow/example_dags/example_external_task_marker_dag.py
[2024-12-28T00:11:25.705+0000] {processor.py:925} INFO - DAG(s) 'example_external_task_marker_child', 'example_external_task_marker_parent' retrieved from /home/airflow/.local/lib/python3.12/site-packages/airflow/example_dags/example_external_task_marker_dag.py
[2024-12-28T00:11:25.738+0000] {logging_mixin.py:190} INFO - [2024-12-28T00:11:25.738+0000] {dag.py:3239} INFO - Sync 2 DAGs
[2024-12-28T00:11:25.758+0000] {logging_mixin.py:190} INFO - [2024-12-28T00:11:25.757+0000] {dag.py:4180} INFO - Setting next_dagrun for example_external_task_marker_child to None, run_after=None
[2024-12-28T00:11:25.763+0000] {logging_mixin.py:190} INFO - [2024-12-28T00:11:25.763+0000] {dag.py:4180} INFO - Setting next_dagrun for example_external_task_marker_parent to None, run_after=None
[2024-12-28T00:11:25.791+0000] {processor.py:208} INFO - Processing /home/airflow/.local/lib/python3.12/site-packages/airflow/example_dags/example_external_task_marker_dag.py took 0.106 seconds
[2024-12-28T00:11:56.102+0000] {processor.py:186} INFO - Started process (PID=29266) to work on /home/airflow/.local/lib/python3.12/site-packages/airflow/example_dags/example_external_task_marker_dag.py
[2024-12-28T00:11:56.104+0000] {processor.py:914} INFO - Processing file /home/airflow/.local/lib/python3.12/site-packages/airflow/example_dags/example_external_task_marker_dag.py for tasks to queue
[2024-12-28T00:11:56.106+0000] {logging_mixin.py:190} INFO - [2024-12-28T00:11:56.105+0000] {dagbag.py:588} INFO - Filling up the DagBag from /home/airflow/.local/lib/python3.12/site-packages/airflow/example_dags/example_external_task_marker_dag.py
[2024-12-28T00:11:56.117+0000] {processor.py:925} INFO - DAG(s) 'example_external_task_marker_child', 'example_external_task_marker_parent' retrieved from /home/airflow/.local/lib/python3.12/site-packages/airflow/example_dags/example_external_task_marker_dag.py
[2024-12-28T00:11:56.150+0000] {logging_mixin.py:190} INFO - [2024-12-28T00:11:56.149+0000] {dag.py:3239} INFO - Sync 2 DAGs
[2024-12-28T00:11:56.167+0000] {logging_mixin.py:190} INFO - [2024-12-28T00:11:56.166+0000] {dag.py:4180} INFO - Setting next_dagrun for example_external_task_marker_child to None, run_after=None
[2024-12-28T00:11:56.172+0000] {logging_mixin.py:190} INFO - [2024-12-28T00:11:56.172+0000] {dag.py:4180} INFO - Setting next_dagrun for example_external_task_marker_parent to None, run_after=None
[2024-12-28T00:11:56.198+0000] {processor.py:208} INFO - Processing /home/airflow/.local/lib/python3.12/site-packages/airflow/example_dags/example_external_task_marker_dag.py took 0.102 seconds
[2024-12-28T00:12:26.934+0000] {processor.py:186} INFO - Started process (PID=29330) to work on /home/airflow/.local/lib/python3.12/site-packages/airflow/example_dags/example_external_task_marker_dag.py
[2024-12-28T00:12:26.935+0000] {processor.py:914} INFO - Processing file /home/airflow/.local/lib/python3.12/site-packages/airflow/example_dags/example_external_task_marker_dag.py for tasks to queue
[2024-12-28T00:12:26.937+0000] {logging_mixin.py:190} INFO - [2024-12-28T00:12:26.937+0000] {dagbag.py:588} INFO - Filling up the DagBag from /home/airflow/.local/lib/python3.12/site-packages/airflow/example_dags/example_external_task_marker_dag.py
[2024-12-28T00:12:26.945+0000] {processor.py:925} INFO - DAG(s) 'example_external_task_marker_child', 'example_external_task_marker_parent' retrieved from /home/airflow/.local/lib/python3.12/site-packages/airflow/example_dags/example_external_task_marker_dag.py
[2024-12-28T00:12:26.977+0000] {logging_mixin.py:190} INFO - [2024-12-28T00:12:26.976+0000] {dag.py:3239} INFO - Sync 2 DAGs
[2024-12-28T00:12:26.994+0000] {logging_mixin.py:190} INFO - [2024-12-28T00:12:26.994+0000] {dag.py:4180} INFO - Setting next_dagrun for example_external_task_marker_child to None, run_after=None
[2024-12-28T00:12:27.000+0000] {logging_mixin.py:190} INFO - [2024-12-28T00:12:26.999+0000] {dag.py:4180} INFO - Setting next_dagrun for example_external_task_marker_parent to None, run_after=None
[2024-12-28T00:12:27.028+0000] {processor.py:208} INFO - Processing /home/airflow/.local/lib/python3.12/site-packages/airflow/example_dags/example_external_task_marker_dag.py took 0.099 seconds
[2024-12-28T00:12:57.175+0000] {processor.py:186} INFO - Started process (PID=29394) to work on /home/airflow/.local/lib/python3.12/site-packages/airflow/example_dags/example_external_task_marker_dag.py
[2024-12-28T00:12:57.176+0000] {processor.py:914} INFO - Processing file /home/airflow/.local/lib/python3.12/site-packages/airflow/example_dags/example_external_task_marker_dag.py for tasks to queue
[2024-12-28T00:12:57.178+0000] {logging_mixin.py:190} INFO - [2024-12-28T00:12:57.178+0000] {dagbag.py:588} INFO - Filling up the DagBag from /home/airflow/.local/lib/python3.12/site-packages/airflow/example_dags/example_external_task_marker_dag.py
[2024-12-28T00:12:57.187+0000] {processor.py:925} INFO - DAG(s) 'example_external_task_marker_child', 'example_external_task_marker_parent' retrieved from /home/airflow/.local/lib/python3.12/site-packages/airflow/example_dags/example_external_task_marker_dag.py
[2024-12-28T00:12:57.219+0000] {logging_mixin.py:190} INFO - [2024-12-28T00:12:57.219+0000] {dag.py:3239} INFO - Sync 2 DAGs
[2024-12-28T00:12:57.238+0000] {logging_mixin.py:190} INFO - [2024-12-28T00:12:57.237+0000] {dag.py:4180} INFO - Setting next_dagrun for example_external_task_marker_child to None, run_after=None
[2024-12-28T00:12:57.243+0000] {logging_mixin.py:190} INFO - [2024-12-28T00:12:57.243+0000] {dag.py:4180} INFO - Setting next_dagrun for example_external_task_marker_parent to None, run_after=None
[2024-12-28T00:12:57.269+0000] {processor.py:208} INFO - Processing /home/airflow/.local/lib/python3.12/site-packages/airflow/example_dags/example_external_task_marker_dag.py took 0.100 seconds
[2024-12-28T00:13:27.896+0000] {processor.py:186} INFO - Started process (PID=29458) to work on /home/airflow/.local/lib/python3.12/site-packages/airflow/example_dags/example_external_task_marker_dag.py
[2024-12-28T00:13:27.897+0000] {processor.py:914} INFO - Processing file /home/airflow/.local/lib/python3.12/site-packages/airflow/example_dags/example_external_task_marker_dag.py for tasks to queue
[2024-12-28T00:13:27.899+0000] {logging_mixin.py:190} INFO - [2024-12-28T00:13:27.898+0000] {dagbag.py:588} INFO - Filling up the DagBag from /home/airflow/.local/lib/python3.12/site-packages/airflow/example_dags/example_external_task_marker_dag.py
[2024-12-28T00:13:27.909+0000] {processor.py:925} INFO - DAG(s) 'example_external_task_marker_child', 'example_external_task_marker_parent' retrieved from /home/airflow/.local/lib/python3.12/site-packages/airflow/example_dags/example_external_task_marker_dag.py
[2024-12-28T00:13:27.941+0000] {logging_mixin.py:190} INFO - [2024-12-28T00:13:27.940+0000] {dag.py:3239} INFO - Sync 2 DAGs
[2024-12-28T00:13:27.957+0000] {logging_mixin.py:190} INFO - [2024-12-28T00:13:27.957+0000] {dag.py:4180} INFO - Setting next_dagrun for example_external_task_marker_child to None, run_after=None
[2024-12-28T00:13:27.963+0000] {logging_mixin.py:190} INFO - [2024-12-28T00:13:27.963+0000] {dag.py:4180} INFO - Setting next_dagrun for example_external_task_marker_parent to None, run_after=None
[2024-12-28T00:13:27.994+0000] {processor.py:208} INFO - Processing /home/airflow/.local/lib/python3.12/site-packages/airflow/example_dags/example_external_task_marker_dag.py took 0.104 seconds
[2024-12-28T00:13:58.122+0000] {processor.py:186} INFO - Started process (PID=29522) to work on /home/airflow/.local/lib/python3.12/site-packages/airflow/example_dags/example_external_task_marker_dag.py
[2024-12-28T00:13:58.123+0000] {processor.py:914} INFO - Processing file /home/airflow/.local/lib/python3.12/site-packages/airflow/example_dags/example_external_task_marker_dag.py for tasks to queue
[2024-12-28T00:13:58.126+0000] {logging_mixin.py:190} INFO - [2024-12-28T00:13:58.125+0000] {dagbag.py:588} INFO - Filling up the DagBag from /home/airflow/.local/lib/python3.12/site-packages/airflow/example_dags/example_external_task_marker_dag.py
[2024-12-28T00:13:58.134+0000] {processor.py:925} INFO - DAG(s) 'example_external_task_marker_parent', 'example_external_task_marker_child' retrieved from /home/airflow/.local/lib/python3.12/site-packages/airflow/example_dags/example_external_task_marker_dag.py
[2024-12-28T00:13:58.165+0000] {logging_mixin.py:190} INFO - [2024-12-28T00:13:58.165+0000] {dag.py:3239} INFO - Sync 2 DAGs
[2024-12-28T00:13:58.181+0000] {logging_mixin.py:190} INFO - [2024-12-28T00:13:58.181+0000] {dag.py:4180} INFO - Setting next_dagrun for example_external_task_marker_child to None, run_after=None
[2024-12-28T00:13:58.186+0000] {logging_mixin.py:190} INFO - [2024-12-28T00:13:58.186+0000] {dag.py:4180} INFO - Setting next_dagrun for example_external_task_marker_parent to None, run_after=None
[2024-12-28T00:13:58.212+0000] {processor.py:208} INFO - Processing /home/airflow/.local/lib/python3.12/site-packages/airflow/example_dags/example_external_task_marker_dag.py took 0.096 seconds
[2024-12-28T00:14:28.592+0000] {processor.py:186} INFO - Started process (PID=29586) to work on /home/airflow/.local/lib/python3.12/site-packages/airflow/example_dags/example_external_task_marker_dag.py
[2024-12-28T00:14:28.593+0000] {processor.py:914} INFO - Processing file /home/airflow/.local/lib/python3.12/site-packages/airflow/example_dags/example_external_task_marker_dag.py for tasks to queue
[2024-12-28T00:14:28.596+0000] {logging_mixin.py:190} INFO - [2024-12-28T00:14:28.595+0000] {dagbag.py:588} INFO - Filling up the DagBag from /home/airflow/.local/lib/python3.12/site-packages/airflow/example_dags/example_external_task_marker_dag.py
[2024-12-28T00:14:28.604+0000] {processor.py:925} INFO - DAG(s) 'example_external_task_marker_parent', 'example_external_task_marker_child' retrieved from /home/airflow/.local/lib/python3.12/site-packages/airflow/example_dags/example_external_task_marker_dag.py
[2024-12-28T00:14:28.640+0000] {logging_mixin.py:190} INFO - [2024-12-28T00:14:28.639+0000] {dag.py:3239} INFO - Sync 2 DAGs
[2024-12-28T00:14:28.657+0000] {logging_mixin.py:190} INFO - [2024-12-28T00:14:28.656+0000] {dag.py:4180} INFO - Setting next_dagrun for example_external_task_marker_child to None, run_after=None
[2024-12-28T00:14:28.663+0000] {logging_mixin.py:190} INFO - [2024-12-28T00:14:28.662+0000] {dag.py:4180} INFO - Setting next_dagrun for example_external_task_marker_parent to None, run_after=None
[2024-12-28T00:14:28.687+0000] {processor.py:208} INFO - Processing /home/airflow/.local/lib/python3.12/site-packages/airflow/example_dags/example_external_task_marker_dag.py took 0.101 seconds
[2024-12-28T00:14:59.371+0000] {processor.py:186} INFO - Started process (PID=29650) to work on /home/airflow/.local/lib/python3.12/site-packages/airflow/example_dags/example_external_task_marker_dag.py
[2024-12-28T00:14:59.373+0000] {processor.py:914} INFO - Processing file /home/airflow/.local/lib/python3.12/site-packages/airflow/example_dags/example_external_task_marker_dag.py for tasks to queue
[2024-12-28T00:14:59.375+0000] {logging_mixin.py:190} INFO - [2024-12-28T00:14:59.375+0000] {dagbag.py:588} INFO - Filling up the DagBag from /home/airflow/.local/lib/python3.12/site-packages/airflow/example_dags/example_external_task_marker_dag.py
[2024-12-28T00:14:59.384+0000] {processor.py:925} INFO - DAG(s) 'example_external_task_marker_child', 'example_external_task_marker_parent' retrieved from /home/airflow/.local/lib/python3.12/site-packages/airflow/example_dags/example_external_task_marker_dag.py
[2024-12-28T00:14:59.415+0000] {logging_mixin.py:190} INFO - [2024-12-28T00:14:59.414+0000] {dag.py:3239} INFO - Sync 2 DAGs
[2024-12-28T00:14:59.432+0000] {logging_mixin.py:190} INFO - [2024-12-28T00:14:59.432+0000] {dag.py:4180} INFO - Setting next_dagrun for example_external_task_marker_child to None, run_after=None
[2024-12-28T00:14:59.438+0000] {logging_mixin.py:190} INFO - [2024-12-28T00:14:59.437+0000] {dag.py:4180} INFO - Setting next_dagrun for example_external_task_marker_parent to None, run_after=None
[2024-12-28T00:14:59.464+0000] {processor.py:208} INFO - Processing /home/airflow/.local/lib/python3.12/site-packages/airflow/example_dags/example_external_task_marker_dag.py took 0.098 seconds
[2024-12-28T00:15:29.574+0000] {processor.py:186} INFO - Started process (PID=29713) to work on /home/airflow/.local/lib/python3.12/site-packages/airflow/example_dags/example_external_task_marker_dag.py
[2024-12-28T00:15:29.576+0000] {processor.py:914} INFO - Processing file /home/airflow/.local/lib/python3.12/site-packages/airflow/example_dags/example_external_task_marker_dag.py for tasks to queue
[2024-12-28T00:15:29.579+0000] {logging_mixin.py:190} INFO - [2024-12-28T00:15:29.578+0000] {dagbag.py:588} INFO - Filling up the DagBag from /home/airflow/.local/lib/python3.12/site-packages/airflow/example_dags/example_external_task_marker_dag.py
[2024-12-28T00:15:29.590+0000] {processor.py:925} INFO - DAG(s) 'example_external_task_marker_parent', 'example_external_task_marker_child' retrieved from /home/airflow/.local/lib/python3.12/site-packages/airflow/example_dags/example_external_task_marker_dag.py
[2024-12-28T00:15:29.626+0000] {logging_mixin.py:190} INFO - [2024-12-28T00:15:29.626+0000] {dag.py:3239} INFO - Sync 2 DAGs
[2024-12-28T00:15:29.647+0000] {logging_mixin.py:190} INFO - [2024-12-28T00:15:29.646+0000] {dag.py:4180} INFO - Setting next_dagrun for example_external_task_marker_child to None, run_after=None
[2024-12-28T00:15:29.654+0000] {logging_mixin.py:190} INFO - [2024-12-28T00:15:29.654+0000] {dag.py:4180} INFO - Setting next_dagrun for example_external_task_marker_parent to None, run_after=None
[2024-12-28T00:15:29.683+0000] {processor.py:208} INFO - Processing /home/airflow/.local/lib/python3.12/site-packages/airflow/example_dags/example_external_task_marker_dag.py took 0.116 seconds
[2024-12-28T00:16:00.460+0000] {processor.py:186} INFO - Started process (PID=29777) to work on /home/airflow/.local/lib/python3.12/site-packages/airflow/example_dags/example_external_task_marker_dag.py
[2024-12-28T00:16:00.462+0000] {processor.py:914} INFO - Processing file /home/airflow/.local/lib/python3.12/site-packages/airflow/example_dags/example_external_task_marker_dag.py for tasks to queue
[2024-12-28T00:16:00.465+0000] {logging_mixin.py:190} INFO - [2024-12-28T00:16:00.464+0000] {dagbag.py:588} INFO - Filling up the DagBag from /home/airflow/.local/lib/python3.12/site-packages/airflow/example_dags/example_external_task_marker_dag.py
[2024-12-28T00:16:00.476+0000] {processor.py:925} INFO - DAG(s) 'example_external_task_marker_child', 'example_external_task_marker_parent' retrieved from /home/airflow/.local/lib/python3.12/site-packages/airflow/example_dags/example_external_task_marker_dag.py
[2024-12-28T00:16:00.510+0000] {logging_mixin.py:190} INFO - [2024-12-28T00:16:00.510+0000] {dag.py:3239} INFO - Sync 2 DAGs
[2024-12-28T00:16:00.530+0000] {logging_mixin.py:190} INFO - [2024-12-28T00:16:00.529+0000] {dag.py:4180} INFO - Setting next_dagrun for example_external_task_marker_child to None, run_after=None
[2024-12-28T00:16:00.535+0000] {logging_mixin.py:190} INFO - [2024-12-28T00:16:00.535+0000] {dag.py:4180} INFO - Setting next_dagrun for example_external_task_marker_parent to None, run_after=None
[2024-12-28T00:16:00.562+0000] {processor.py:208} INFO - Processing /home/airflow/.local/lib/python3.12/site-packages/airflow/example_dags/example_external_task_marker_dag.py took 0.110 seconds
[2024-12-28T00:16:32.149+0000] {processor.py:186} INFO - Started process (PID=29841) to work on /home/airflow/.local/lib/python3.12/site-packages/airflow/example_dags/example_external_task_marker_dag.py
[2024-12-28T00:16:32.151+0000] {processor.py:914} INFO - Processing file /home/airflow/.local/lib/python3.12/site-packages/airflow/example_dags/example_external_task_marker_dag.py for tasks to queue
[2024-12-28T00:16:32.153+0000] {logging_mixin.py:190} INFO - [2024-12-28T00:16:32.153+0000] {dagbag.py:588} INFO - Filling up the DagBag from /home/airflow/.local/lib/python3.12/site-packages/airflow/example_dags/example_external_task_marker_dag.py
[2024-12-28T00:16:32.163+0000] {processor.py:925} INFO - DAG(s) 'example_external_task_marker_parent', 'example_external_task_marker_child' retrieved from /home/airflow/.local/lib/python3.12/site-packages/airflow/example_dags/example_external_task_marker_dag.py
[2024-12-28T00:16:32.198+0000] {logging_mixin.py:190} INFO - [2024-12-28T00:16:32.198+0000] {dag.py:3239} INFO - Sync 2 DAGs
[2024-12-28T00:16:32.221+0000] {logging_mixin.py:190} INFO - [2024-12-28T00:16:32.221+0000] {dag.py:4180} INFO - Setting next_dagrun for example_external_task_marker_child to None, run_after=None
[2024-12-28T00:16:32.229+0000] {logging_mixin.py:190} INFO - [2024-12-28T00:16:32.228+0000] {dag.py:4180} INFO - Setting next_dagrun for example_external_task_marker_parent to None, run_after=None
[2024-12-28T00:16:32.262+0000] {processor.py:208} INFO - Processing /home/airflow/.local/lib/python3.12/site-packages/airflow/example_dags/example_external_task_marker_dag.py took 0.119 seconds
[2024-12-28T00:17:03.489+0000] {processor.py:186} INFO - Started process (PID=29908) to work on /home/airflow/.local/lib/python3.12/site-packages/airflow/example_dags/example_external_task_marker_dag.py
[2024-12-28T00:17:03.492+0000] {processor.py:914} INFO - Processing file /home/airflow/.local/lib/python3.12/site-packages/airflow/example_dags/example_external_task_marker_dag.py for tasks to queue
[2024-12-28T00:17:03.494+0000] {logging_mixin.py:190} INFO - [2024-12-28T00:17:03.494+0000] {dagbag.py:588} INFO - Filling up the DagBag from /home/airflow/.local/lib/python3.12/site-packages/airflow/example_dags/example_external_task_marker_dag.py
[2024-12-28T00:17:03.505+0000] {processor.py:925} INFO - DAG(s) 'example_external_task_marker_parent', 'example_external_task_marker_child' retrieved from /home/airflow/.local/lib/python3.12/site-packages/airflow/example_dags/example_external_task_marker_dag.py
[2024-12-28T00:17:03.541+0000] {logging_mixin.py:190} INFO - [2024-12-28T00:17:03.540+0000] {dag.py:3239} INFO - Sync 2 DAGs
[2024-12-28T00:17:03.561+0000] {logging_mixin.py:190} INFO - [2024-12-28T00:17:03.560+0000] {dag.py:4180} INFO - Setting next_dagrun for example_external_task_marker_child to None, run_after=None
[2024-12-28T00:17:03.567+0000] {logging_mixin.py:190} INFO - [2024-12-28T00:17:03.567+0000] {dag.py:4180} INFO - Setting next_dagrun for example_external_task_marker_parent to None, run_after=None
[2024-12-28T00:17:03.596+0000] {processor.py:208} INFO - Processing /home/airflow/.local/lib/python3.12/site-packages/airflow/example_dags/example_external_task_marker_dag.py took 0.114 seconds
[2024-12-28T00:17:34.449+0000] {processor.py:186} INFO - Started process (PID=29971) to work on /home/airflow/.local/lib/python3.12/site-packages/airflow/example_dags/example_external_task_marker_dag.py
[2024-12-28T00:17:34.451+0000] {processor.py:914} INFO - Processing file /home/airflow/.local/lib/python3.12/site-packages/airflow/example_dags/example_external_task_marker_dag.py for tasks to queue
[2024-12-28T00:17:34.453+0000] {logging_mixin.py:190} INFO - [2024-12-28T00:17:34.453+0000] {dagbag.py:588} INFO - Filling up the DagBag from /home/airflow/.local/lib/python3.12/site-packages/airflow/example_dags/example_external_task_marker_dag.py
[2024-12-28T00:17:34.463+0000] {processor.py:925} INFO - DAG(s) 'example_external_task_marker_parent', 'example_external_task_marker_child' retrieved from /home/airflow/.local/lib/python3.12/site-packages/airflow/example_dags/example_external_task_marker_dag.py
[2024-12-28T00:17:34.496+0000] {logging_mixin.py:190} INFO - [2024-12-28T00:17:34.495+0000] {dag.py:3239} INFO - Sync 2 DAGs
[2024-12-28T00:17:34.514+0000] {logging_mixin.py:190} INFO - [2024-12-28T00:17:34.513+0000] {dag.py:4180} INFO - Setting next_dagrun for example_external_task_marker_child to None, run_after=None
[2024-12-28T00:17:34.519+0000] {logging_mixin.py:190} INFO - [2024-12-28T00:17:34.519+0000] {dag.py:4180} INFO - Setting next_dagrun for example_external_task_marker_parent to None, run_after=None
[2024-12-28T00:17:34.546+0000] {processor.py:208} INFO - Processing /home/airflow/.local/lib/python3.12/site-packages/airflow/example_dags/example_external_task_marker_dag.py took 0.103 seconds
[2024-12-28T00:18:04.852+0000] {processor.py:186} INFO - Started process (PID=30034) to work on /home/airflow/.local/lib/python3.12/site-packages/airflow/example_dags/example_external_task_marker_dag.py
[2024-12-28T00:18:04.854+0000] {processor.py:914} INFO - Processing file /home/airflow/.local/lib/python3.12/site-packages/airflow/example_dags/example_external_task_marker_dag.py for tasks to queue
[2024-12-28T00:18:04.857+0000] {logging_mixin.py:190} INFO - [2024-12-28T00:18:04.856+0000] {dagbag.py:588} INFO - Filling up the DagBag from /home/airflow/.local/lib/python3.12/site-packages/airflow/example_dags/example_external_task_marker_dag.py
[2024-12-28T00:18:04.866+0000] {processor.py:925} INFO - DAG(s) 'example_external_task_marker_parent', 'example_external_task_marker_child' retrieved from /home/airflow/.local/lib/python3.12/site-packages/airflow/example_dags/example_external_task_marker_dag.py
[2024-12-28T00:18:04.898+0000] {logging_mixin.py:190} INFO - [2024-12-28T00:18:04.898+0000] {dag.py:3239} INFO - Sync 2 DAGs
[2024-12-28T00:18:04.915+0000] {logging_mixin.py:190} INFO - [2024-12-28T00:18:04.915+0000] {dag.py:4180} INFO - Setting next_dagrun for example_external_task_marker_child to None, run_after=None
[2024-12-28T00:18:04.921+0000] {logging_mixin.py:190} INFO - [2024-12-28T00:18:04.921+0000] {dag.py:4180} INFO - Setting next_dagrun for example_external_task_marker_parent to None, run_after=None
[2024-12-28T00:18:04.946+0000] {processor.py:208} INFO - Processing /home/airflow/.local/lib/python3.12/site-packages/airflow/example_dags/example_external_task_marker_dag.py took 0.100 seconds
[2024-12-28T00:18:35.258+0000] {processor.py:186} INFO - Started process (PID=30098) to work on /home/airflow/.local/lib/python3.12/site-packages/airflow/example_dags/example_external_task_marker_dag.py
[2024-12-28T00:18:35.260+0000] {processor.py:914} INFO - Processing file /home/airflow/.local/lib/python3.12/site-packages/airflow/example_dags/example_external_task_marker_dag.py for tasks to queue
[2024-12-28T00:18:35.262+0000] {logging_mixin.py:190} INFO - [2024-12-28T00:18:35.261+0000] {dagbag.py:588} INFO - Filling up the DagBag from /home/airflow/.local/lib/python3.12/site-packages/airflow/example_dags/example_external_task_marker_dag.py
[2024-12-28T00:18:35.272+0000] {processor.py:925} INFO - DAG(s) 'example_external_task_marker_parent', 'example_external_task_marker_child' retrieved from /home/airflow/.local/lib/python3.12/site-packages/airflow/example_dags/example_external_task_marker_dag.py
[2024-12-28T00:18:35.309+0000] {logging_mixin.py:190} INFO - [2024-12-28T00:18:35.308+0000] {dag.py:3239} INFO - Sync 2 DAGs
[2024-12-28T00:18:35.327+0000] {logging_mixin.py:190} INFO - [2024-12-28T00:18:35.327+0000] {dag.py:4180} INFO - Setting next_dagrun for example_external_task_marker_child to None, run_after=None
[2024-12-28T00:18:35.333+0000] {logging_mixin.py:190} INFO - [2024-12-28T00:18:35.332+0000] {dag.py:4180} INFO - Setting next_dagrun for example_external_task_marker_parent to None, run_after=None
[2024-12-28T00:18:35.359+0000] {processor.py:208} INFO - Processing /home/airflow/.local/lib/python3.12/site-packages/airflow/example_dags/example_external_task_marker_dag.py took 0.106 seconds
[2024-12-28T00:19:05.904+0000] {processor.py:186} INFO - Started process (PID=30162) to work on /home/airflow/.local/lib/python3.12/site-packages/airflow/example_dags/example_external_task_marker_dag.py
[2024-12-28T00:19:05.906+0000] {processor.py:914} INFO - Processing file /home/airflow/.local/lib/python3.12/site-packages/airflow/example_dags/example_external_task_marker_dag.py for tasks to queue
[2024-12-28T00:19:05.908+0000] {logging_mixin.py:190} INFO - [2024-12-28T00:19:05.908+0000] {dagbag.py:588} INFO - Filling up the DagBag from /home/airflow/.local/lib/python3.12/site-packages/airflow/example_dags/example_external_task_marker_dag.py
[2024-12-28T00:19:05.917+0000] {processor.py:925} INFO - DAG(s) 'example_external_task_marker_child', 'example_external_task_marker_parent' retrieved from /home/airflow/.local/lib/python3.12/site-packages/airflow/example_dags/example_external_task_marker_dag.py
[2024-12-28T00:19:05.950+0000] {logging_mixin.py:190} INFO - [2024-12-28T00:19:05.949+0000] {dag.py:3239} INFO - Sync 2 DAGs
[2024-12-28T00:19:05.968+0000] {logging_mixin.py:190} INFO - [2024-12-28T00:19:05.968+0000] {dag.py:4180} INFO - Setting next_dagrun for example_external_task_marker_child to None, run_after=None
[2024-12-28T00:19:05.973+0000] {logging_mixin.py:190} INFO - [2024-12-28T00:19:05.973+0000] {dag.py:4180} INFO - Setting next_dagrun for example_external_task_marker_parent to None, run_after=None
[2024-12-28T00:19:05.999+0000] {processor.py:208} INFO - Processing /home/airflow/.local/lib/python3.12/site-packages/airflow/example_dags/example_external_task_marker_dag.py took 0.099 seconds
[2024-12-28T00:19:36.373+0000] {processor.py:186} INFO - Started process (PID=30226) to work on /home/airflow/.local/lib/python3.12/site-packages/airflow/example_dags/example_external_task_marker_dag.py
[2024-12-28T00:19:36.375+0000] {processor.py:914} INFO - Processing file /home/airflow/.local/lib/python3.12/site-packages/airflow/example_dags/example_external_task_marker_dag.py for tasks to queue
[2024-12-28T00:19:36.376+0000] {logging_mixin.py:190} INFO - [2024-12-28T00:19:36.376+0000] {dagbag.py:588} INFO - Filling up the DagBag from /home/airflow/.local/lib/python3.12/site-packages/airflow/example_dags/example_external_task_marker_dag.py
[2024-12-28T00:19:36.385+0000] {processor.py:925} INFO - DAG(s) 'example_external_task_marker_parent', 'example_external_task_marker_child' retrieved from /home/airflow/.local/lib/python3.12/site-packages/airflow/example_dags/example_external_task_marker_dag.py
[2024-12-28T00:19:36.414+0000] {logging_mixin.py:190} INFO - [2024-12-28T00:19:36.414+0000] {dag.py:3239} INFO - Sync 2 DAGs
[2024-12-28T00:19:36.430+0000] {logging_mixin.py:190} INFO - [2024-12-28T00:19:36.430+0000] {dag.py:4180} INFO - Setting next_dagrun for example_external_task_marker_child to None, run_after=None
[2024-12-28T00:19:36.435+0000] {logging_mixin.py:190} INFO - [2024-12-28T00:19:36.435+0000] {dag.py:4180} INFO - Setting next_dagrun for example_external_task_marker_parent to None, run_after=None
[2024-12-28T00:19:36.459+0000] {processor.py:208} INFO - Processing /home/airflow/.local/lib/python3.12/site-packages/airflow/example_dags/example_external_task_marker_dag.py took 0.091 seconds
[2024-12-28T00:20:06.915+0000] {processor.py:186} INFO - Started process (PID=30291) to work on /home/airflow/.local/lib/python3.12/site-packages/airflow/example_dags/example_external_task_marker_dag.py
[2024-12-28T00:20:06.917+0000] {processor.py:914} INFO - Processing file /home/airflow/.local/lib/python3.12/site-packages/airflow/example_dags/example_external_task_marker_dag.py for tasks to queue
[2024-12-28T00:20:06.919+0000] {logging_mixin.py:190} INFO - [2024-12-28T00:20:06.919+0000] {dagbag.py:588} INFO - Filling up the DagBag from /home/airflow/.local/lib/python3.12/site-packages/airflow/example_dags/example_external_task_marker_dag.py
[2024-12-28T00:20:06.928+0000] {processor.py:925} INFO - DAG(s) 'example_external_task_marker_parent', 'example_external_task_marker_child' retrieved from /home/airflow/.local/lib/python3.12/site-packages/airflow/example_dags/example_external_task_marker_dag.py
[2024-12-28T00:20:06.960+0000] {logging_mixin.py:190} INFO - [2024-12-28T00:20:06.960+0000] {dag.py:3239} INFO - Sync 2 DAGs
[2024-12-28T00:20:06.978+0000] {logging_mixin.py:190} INFO - [2024-12-28T00:20:06.978+0000] {dag.py:4180} INFO - Setting next_dagrun for example_external_task_marker_child to None, run_after=None
[2024-12-28T00:20:06.985+0000] {logging_mixin.py:190} INFO - [2024-12-28T00:20:06.984+0000] {dag.py:4180} INFO - Setting next_dagrun for example_external_task_marker_parent to None, run_after=None
[2024-12-28T00:20:07.011+0000] {processor.py:208} INFO - Processing /home/airflow/.local/lib/python3.12/site-packages/airflow/example_dags/example_external_task_marker_dag.py took 0.101 seconds
[2024-12-28T00:20:37.170+0000] {processor.py:186} INFO - Started process (PID=30355) to work on /home/airflow/.local/lib/python3.12/site-packages/airflow/example_dags/example_external_task_marker_dag.py
[2024-12-28T00:20:37.171+0000] {processor.py:914} INFO - Processing file /home/airflow/.local/lib/python3.12/site-packages/airflow/example_dags/example_external_task_marker_dag.py for tasks to queue
[2024-12-28T00:20:37.173+0000] {logging_mixin.py:190} INFO - [2024-12-28T00:20:37.173+0000] {dagbag.py:588} INFO - Filling up the DagBag from /home/airflow/.local/lib/python3.12/site-packages/airflow/example_dags/example_external_task_marker_dag.py
[2024-12-28T00:20:37.183+0000] {processor.py:925} INFO - DAG(s) 'example_external_task_marker_parent', 'example_external_task_marker_child' retrieved from /home/airflow/.local/lib/python3.12/site-packages/airflow/example_dags/example_external_task_marker_dag.py
[2024-12-28T00:20:37.216+0000] {logging_mixin.py:190} INFO - [2024-12-28T00:20:37.215+0000] {dag.py:3239} INFO - Sync 2 DAGs
[2024-12-28T00:20:37.232+0000] {logging_mixin.py:190} INFO - [2024-12-28T00:20:37.231+0000] {dag.py:4180} INFO - Setting next_dagrun for example_external_task_marker_child to None, run_after=None
[2024-12-28T00:20:37.238+0000] {logging_mixin.py:190} INFO - [2024-12-28T00:20:37.238+0000] {dag.py:4180} INFO - Setting next_dagrun for example_external_task_marker_parent to None, run_after=None
[2024-12-28T00:20:37.265+0000] {processor.py:208} INFO - Processing /home/airflow/.local/lib/python3.12/site-packages/airflow/example_dags/example_external_task_marker_dag.py took 0.102 seconds
[2024-12-28T00:21:07.374+0000] {processor.py:186} INFO - Started process (PID=30419) to work on /home/airflow/.local/lib/python3.12/site-packages/airflow/example_dags/example_external_task_marker_dag.py
[2024-12-28T00:21:07.375+0000] {processor.py:914} INFO - Processing file /home/airflow/.local/lib/python3.12/site-packages/airflow/example_dags/example_external_task_marker_dag.py for tasks to queue
[2024-12-28T00:21:07.377+0000] {logging_mixin.py:190} INFO - [2024-12-28T00:21:07.377+0000] {dagbag.py:588} INFO - Filling up the DagBag from /home/airflow/.local/lib/python3.12/site-packages/airflow/example_dags/example_external_task_marker_dag.py
[2024-12-28T00:21:07.390+0000] {processor.py:925} INFO - DAG(s) 'example_external_task_marker_child', 'example_external_task_marker_parent' retrieved from /home/airflow/.local/lib/python3.12/site-packages/airflow/example_dags/example_external_task_marker_dag.py
[2024-12-28T00:21:07.422+0000] {logging_mixin.py:190} INFO - [2024-12-28T00:21:07.422+0000] {dag.py:3239} INFO - Sync 2 DAGs
[2024-12-28T00:21:07.439+0000] {logging_mixin.py:190} INFO - [2024-12-28T00:21:07.438+0000] {dag.py:4180} INFO - Setting next_dagrun for example_external_task_marker_child to None, run_after=None
[2024-12-28T00:21:07.444+0000] {logging_mixin.py:190} INFO - [2024-12-28T00:21:07.443+0000] {dag.py:4180} INFO - Setting next_dagrun for example_external_task_marker_parent to None, run_after=None
[2024-12-28T00:21:07.471+0000] {processor.py:208} INFO - Processing /home/airflow/.local/lib/python3.12/site-packages/airflow/example_dags/example_external_task_marker_dag.py took 0.105 seconds
[2024-12-28T00:21:37.702+0000] {processor.py:186} INFO - Started process (PID=30483) to work on /home/airflow/.local/lib/python3.12/site-packages/airflow/example_dags/example_external_task_marker_dag.py
[2024-12-28T00:21:37.703+0000] {processor.py:914} INFO - Processing file /home/airflow/.local/lib/python3.12/site-packages/airflow/example_dags/example_external_task_marker_dag.py for tasks to queue
[2024-12-28T00:21:37.705+0000] {logging_mixin.py:190} INFO - [2024-12-28T00:21:37.705+0000] {dagbag.py:588} INFO - Filling up the DagBag from /home/airflow/.local/lib/python3.12/site-packages/airflow/example_dags/example_external_task_marker_dag.py
[2024-12-28T00:21:37.714+0000] {processor.py:925} INFO - DAG(s) 'example_external_task_marker_child', 'example_external_task_marker_parent' retrieved from /home/airflow/.local/lib/python3.12/site-packages/airflow/example_dags/example_external_task_marker_dag.py
[2024-12-28T00:21:37.744+0000] {logging_mixin.py:190} INFO - [2024-12-28T00:21:37.743+0000] {dag.py:3239} INFO - Sync 2 DAGs
[2024-12-28T00:21:37.761+0000] {logging_mixin.py:190} INFO - [2024-12-28T00:21:37.761+0000] {dag.py:4180} INFO - Setting next_dagrun for example_external_task_marker_child to None, run_after=None
[2024-12-28T00:21:37.768+0000] {logging_mixin.py:190} INFO - [2024-12-28T00:21:37.767+0000] {dag.py:4180} INFO - Setting next_dagrun for example_external_task_marker_parent to None, run_after=None
[2024-12-28T00:21:37.794+0000] {processor.py:208} INFO - Processing /home/airflow/.local/lib/python3.12/site-packages/airflow/example_dags/example_external_task_marker_dag.py took 0.097 seconds
[2024-12-28T00:22:11.476+0000] {processor.py:186} INFO - Started process (PID=30547) to work on /home/airflow/.local/lib/python3.12/site-packages/airflow/example_dags/example_external_task_marker_dag.py
[2024-12-28T00:22:11.477+0000] {processor.py:914} INFO - Processing file /home/airflow/.local/lib/python3.12/site-packages/airflow/example_dags/example_external_task_marker_dag.py for tasks to queue
[2024-12-28T00:22:11.480+0000] {logging_mixin.py:190} INFO - [2024-12-28T00:22:11.479+0000] {dagbag.py:588} INFO - Filling up the DagBag from /home/airflow/.local/lib/python3.12/site-packages/airflow/example_dags/example_external_task_marker_dag.py
[2024-12-28T00:22:11.493+0000] {processor.py:925} INFO - DAG(s) 'example_external_task_marker_parent', 'example_external_task_marker_child' retrieved from /home/airflow/.local/lib/python3.12/site-packages/airflow/example_dags/example_external_task_marker_dag.py
[2024-12-28T00:22:11.539+0000] {logging_mixin.py:190} INFO - [2024-12-28T00:22:11.539+0000] {dag.py:3239} INFO - Sync 2 DAGs
[2024-12-28T00:22:11.574+0000] {logging_mixin.py:190} INFO - [2024-12-28T00:22:11.574+0000] {dag.py:4180} INFO - Setting next_dagrun for example_external_task_marker_child to None, run_after=None
[2024-12-28T00:22:11.580+0000] {logging_mixin.py:190} INFO - [2024-12-28T00:22:11.580+0000] {dag.py:4180} INFO - Setting next_dagrun for example_external_task_marker_parent to None, run_after=None
[2024-12-28T00:22:11.608+0000] {processor.py:208} INFO - Processing /home/airflow/.local/lib/python3.12/site-packages/airflow/example_dags/example_external_task_marker_dag.py took 0.140 seconds
