[2024-12-28T00:00:10.538+0000] {processor.py:186} INFO - Started process (PID=27772) to work on /home/airflow/.local/lib/python3.12/site-packages/airflow/example_dags/example_outlet_event_extra.py
[2024-12-28T00:00:10.540+0000] {processor.py:914} INFO - Processing file /home/airflow/.local/lib/python3.12/site-packages/airflow/example_dags/example_outlet_event_extra.py for tasks to queue
[2024-12-28T00:00:10.542+0000] {logging_mixin.py:190} INFO - [2024-12-28T00:00:10.541+0000] {dagbag.py:588} INFO - Filling up the DagBag from /home/airflow/.local/lib/python3.12/site-packages/airflow/example_dags/example_outlet_event_extra.py
[2024-12-28T00:00:11.012+0000] {processor.py:925} INFO - DAG(s) 'dataset_with_extra_by_yield', 'dataset_with_extra_by_context', 'dataset_with_extra_from_classic_operator' retrieved from /home/airflow/.local/lib/python3.12/site-packages/airflow/example_dags/example_outlet_event_extra.py
[2024-12-28T00:00:11.051+0000] {logging_mixin.py:190} INFO - [2024-12-28T00:00:11.051+0000] {dag.py:3239} INFO - Sync 3 DAGs
[2024-12-28T00:00:11.317+0000] {logging_mixin.py:190} INFO - [2024-12-28T00:00:11.317+0000] {dag.py:4180} INFO - Setting next_dagrun for dataset_with_extra_by_context to 2024-12-27 00:00:00+00:00, run_after=2024-12-28 00:00:00+00:00
[2024-12-28T00:00:11.324+0000] {logging_mixin.py:190} INFO - [2024-12-28T00:00:11.324+0000] {dag.py:4180} INFO - Setting next_dagrun for dataset_with_extra_by_yield to 2024-12-27 00:00:00+00:00, run_after=2024-12-28 00:00:00+00:00
[2024-12-28T00:00:11.328+0000] {logging_mixin.py:190} INFO - [2024-12-28T00:00:11.328+0000] {dag.py:4180} INFO - Setting next_dagrun for dataset_with_extra_from_classic_operator to 2024-12-27 00:00:00+00:00, run_after=2024-12-28 00:00:00+00:00
[2024-12-28T00:00:11.361+0000] {processor.py:208} INFO - Processing /home/airflow/.local/lib/python3.12/site-packages/airflow/example_dags/example_outlet_event_extra.py took 0.829 seconds
[2024-12-28T00:00:42.224+0000] {processor.py:186} INFO - Started process (PID=27840) to work on /home/airflow/.local/lib/python3.12/site-packages/airflow/example_dags/example_outlet_event_extra.py
[2024-12-28T00:00:42.226+0000] {processor.py:914} INFO - Processing file /home/airflow/.local/lib/python3.12/site-packages/airflow/example_dags/example_outlet_event_extra.py for tasks to queue
[2024-12-28T00:00:42.227+0000] {logging_mixin.py:190} INFO - [2024-12-28T00:00:42.227+0000] {dagbag.py:588} INFO - Filling up the DagBag from /home/airflow/.local/lib/python3.12/site-packages/airflow/example_dags/example_outlet_event_extra.py
[2024-12-28T00:00:42.625+0000] {processor.py:925} INFO - DAG(s) 'dataset_with_extra_from_classic_operator', 'dataset_with_extra_by_context', 'dataset_with_extra_by_yield' retrieved from /home/airflow/.local/lib/python3.12/site-packages/airflow/example_dags/example_outlet_event_extra.py
[2024-12-28T00:00:42.665+0000] {logging_mixin.py:190} INFO - [2024-12-28T00:00:42.665+0000] {dag.py:3239} INFO - Sync 3 DAGs
[2024-12-28T00:00:42.884+0000] {logging_mixin.py:190} INFO - [2024-12-28T00:00:42.884+0000] {dag.py:4180} INFO - Setting next_dagrun for dataset_with_extra_by_context to 2024-12-27 00:00:00+00:00, run_after=2024-12-28 00:00:00+00:00
[2024-12-28T00:00:42.891+0000] {logging_mixin.py:190} INFO - [2024-12-28T00:00:42.891+0000] {dag.py:4180} INFO - Setting next_dagrun for dataset_with_extra_by_yield to 2024-12-27 00:00:00+00:00, run_after=2024-12-28 00:00:00+00:00
[2024-12-28T00:00:42.896+0000] {logging_mixin.py:190} INFO - [2024-12-28T00:00:42.896+0000] {dag.py:4180} INFO - Setting next_dagrun for dataset_with_extra_from_classic_operator to 2024-12-27 00:00:00+00:00, run_after=2024-12-28 00:00:00+00:00
[2024-12-28T00:00:42.929+0000] {processor.py:208} INFO - Processing /home/airflow/.local/lib/python3.12/site-packages/airflow/example_dags/example_outlet_event_extra.py took 0.710 seconds
[2024-12-28T00:01:13.273+0000] {processor.py:186} INFO - Started process (PID=27908) to work on /home/airflow/.local/lib/python3.12/site-packages/airflow/example_dags/example_outlet_event_extra.py
[2024-12-28T00:01:13.274+0000] {processor.py:914} INFO - Processing file /home/airflow/.local/lib/python3.12/site-packages/airflow/example_dags/example_outlet_event_extra.py for tasks to queue
[2024-12-28T00:01:13.276+0000] {logging_mixin.py:190} INFO - [2024-12-28T00:01:13.275+0000] {dagbag.py:588} INFO - Filling up the DagBag from /home/airflow/.local/lib/python3.12/site-packages/airflow/example_dags/example_outlet_event_extra.py
[2024-12-28T00:01:13.643+0000] {processor.py:925} INFO - DAG(s) 'dataset_with_extra_from_classic_operator', 'dataset_with_extra_by_yield', 'dataset_with_extra_by_context' retrieved from /home/airflow/.local/lib/python3.12/site-packages/airflow/example_dags/example_outlet_event_extra.py
[2024-12-28T00:01:13.683+0000] {logging_mixin.py:190} INFO - [2024-12-28T00:01:13.682+0000] {dag.py:3239} INFO - Sync 3 DAGs
[2024-12-28T00:01:13.888+0000] {logging_mixin.py:190} INFO - [2024-12-28T00:01:13.888+0000] {dag.py:4180} INFO - Setting next_dagrun for dataset_with_extra_by_context to 2024-12-27 00:00:00+00:00, run_after=2024-12-28 00:00:00+00:00
[2024-12-28T00:01:13.895+0000] {logging_mixin.py:190} INFO - [2024-12-28T00:01:13.895+0000] {dag.py:4180} INFO - Setting next_dagrun for dataset_with_extra_by_yield to 2024-12-27 00:00:00+00:00, run_after=2024-12-28 00:00:00+00:00
[2024-12-28T00:01:13.900+0000] {logging_mixin.py:190} INFO - [2024-12-28T00:01:13.900+0000] {dag.py:4180} INFO - Setting next_dagrun for dataset_with_extra_from_classic_operator to 2024-12-27 00:00:00+00:00, run_after=2024-12-28 00:00:00+00:00
[2024-12-28T00:01:13.932+0000] {processor.py:208} INFO - Processing /home/airflow/.local/lib/python3.12/site-packages/airflow/example_dags/example_outlet_event_extra.py took 0.664 seconds
[2024-12-28T00:01:44.921+0000] {processor.py:186} INFO - Started process (PID=27972) to work on /home/airflow/.local/lib/python3.12/site-packages/airflow/example_dags/example_outlet_event_extra.py
[2024-12-28T00:01:44.923+0000] {processor.py:914} INFO - Processing file /home/airflow/.local/lib/python3.12/site-packages/airflow/example_dags/example_outlet_event_extra.py for tasks to queue
[2024-12-28T00:01:44.925+0000] {logging_mixin.py:190} INFO - [2024-12-28T00:01:44.925+0000] {dagbag.py:588} INFO - Filling up the DagBag from /home/airflow/.local/lib/python3.12/site-packages/airflow/example_dags/example_outlet_event_extra.py
[2024-12-28T00:01:45.393+0000] {processor.py:925} INFO - DAG(s) 'dataset_with_extra_by_context', 'dataset_with_extra_by_yield', 'dataset_with_extra_from_classic_operator' retrieved from /home/airflow/.local/lib/python3.12/site-packages/airflow/example_dags/example_outlet_event_extra.py
[2024-12-28T00:01:45.431+0000] {logging_mixin.py:190} INFO - [2024-12-28T00:01:45.430+0000] {dag.py:3239} INFO - Sync 3 DAGs
[2024-12-28T00:01:45.700+0000] {logging_mixin.py:190} INFO - [2024-12-28T00:01:45.700+0000] {dag.py:4180} INFO - Setting next_dagrun for dataset_with_extra_by_context to 2024-12-27 00:00:00+00:00, run_after=2024-12-28 00:00:00+00:00
[2024-12-28T00:01:45.707+0000] {logging_mixin.py:190} INFO - [2024-12-28T00:01:45.707+0000] {dag.py:4180} INFO - Setting next_dagrun for dataset_with_extra_by_yield to 2024-12-27 00:00:00+00:00, run_after=2024-12-28 00:00:00+00:00
[2024-12-28T00:01:45.711+0000] {logging_mixin.py:190} INFO - [2024-12-28T00:01:45.711+0000] {dag.py:4180} INFO - Setting next_dagrun for dataset_with_extra_from_classic_operator to 2024-12-27 00:00:00+00:00, run_after=2024-12-28 00:00:00+00:00
[2024-12-28T00:01:45.743+0000] {processor.py:208} INFO - Processing /home/airflow/.local/lib/python3.12/site-packages/airflow/example_dags/example_outlet_event_extra.py took 0.828 seconds
