[2024-12-28T00:00:06.575+0000] {processor.py:186} INFO - Started process (PID=27759) to work on /home/airflow/.local/lib/python3.12/site-packages/airflow/example_dags/example_xcom.py
[2024-12-28T00:00:06.576+0000] {processor.py:914} INFO - Processing file /home/airflow/.local/lib/python3.12/site-packages/airflow/example_dags/example_xcom.py for tasks to queue
[2024-12-28T00:00:06.578+0000] {logging_mixin.py:190} INFO - [2024-12-28T00:00:06.578+0000] {dagbag.py:588} INFO - Filling up the DagBag from /home/airflow/.local/lib/python3.12/site-packages/airflow/example_dags/example_xcom.py
[2024-12-28T00:00:06.589+0000] {processor.py:925} INFO - DAG(s) 'example_xcom' retrieved from /home/airflow/.local/lib/python3.12/site-packages/airflow/example_dags/example_xcom.py
[2024-12-28T00:00:06.614+0000] {logging_mixin.py:190} INFO - [2024-12-28T00:00:06.613+0000] {dag.py:3239} INFO - Sync 1 DAGs
[2024-12-28T00:00:06.641+0000] {logging_mixin.py:190} INFO - [2024-12-28T00:00:06.640+0000] {dag.py:4180} INFO - Setting next_dagrun for example_xcom to 2021-01-01 00:00:00+00:00, run_after=2021-01-01 00:00:00+00:00
[2024-12-28T00:00:06.668+0000] {processor.py:208} INFO - Processing /home/airflow/.local/lib/python3.12/site-packages/airflow/example_dags/example_xcom.py took 0.099 seconds
[2024-12-28T00:00:36.980+0000] {processor.py:186} INFO - Started process (PID=27823) to work on /home/airflow/.local/lib/python3.12/site-packages/airflow/example_dags/example_xcom.py
[2024-12-28T00:00:36.982+0000] {processor.py:914} INFO - Processing file /home/airflow/.local/lib/python3.12/site-packages/airflow/example_dags/example_xcom.py for tasks to queue
[2024-12-28T00:00:36.984+0000] {logging_mixin.py:190} INFO - [2024-12-28T00:00:36.983+0000] {dagbag.py:588} INFO - Filling up the DagBag from /home/airflow/.local/lib/python3.12/site-packages/airflow/example_dags/example_xcom.py
[2024-12-28T00:00:36.993+0000] {processor.py:925} INFO - DAG(s) 'example_xcom' retrieved from /home/airflow/.local/lib/python3.12/site-packages/airflow/example_dags/example_xcom.py
[2024-12-28T00:00:37.019+0000] {logging_mixin.py:190} INFO - [2024-12-28T00:00:37.019+0000] {dag.py:3239} INFO - Sync 1 DAGs
[2024-12-28T00:00:37.047+0000] {logging_mixin.py:190} INFO - [2024-12-28T00:00:37.047+0000] {dag.py:4180} INFO - Setting next_dagrun for example_xcom to 2021-01-01 00:00:00+00:00, run_after=2021-01-01 00:00:00+00:00
[2024-12-28T00:00:37.076+0000] {processor.py:208} INFO - Processing /home/airflow/.local/lib/python3.12/site-packages/airflow/example_dags/example_xcom.py took 0.101 seconds
[2024-12-28T00:01:07.837+0000] {processor.py:186} INFO - Started process (PID=27888) to work on /home/airflow/.local/lib/python3.12/site-packages/airflow/example_dags/example_xcom.py
[2024-12-28T00:01:07.839+0000] {processor.py:914} INFO - Processing file /home/airflow/.local/lib/python3.12/site-packages/airflow/example_dags/example_xcom.py for tasks to queue
[2024-12-28T00:01:07.841+0000] {logging_mixin.py:190} INFO - [2024-12-28T00:01:07.840+0000] {dagbag.py:588} INFO - Filling up the DagBag from /home/airflow/.local/lib/python3.12/site-packages/airflow/example_dags/example_xcom.py
[2024-12-28T00:01:07.849+0000] {processor.py:925} INFO - DAG(s) 'example_xcom' retrieved from /home/airflow/.local/lib/python3.12/site-packages/airflow/example_dags/example_xcom.py
[2024-12-28T00:01:07.876+0000] {logging_mixin.py:190} INFO - [2024-12-28T00:01:07.876+0000] {dag.py:3239} INFO - Sync 1 DAGs
[2024-12-28T00:01:07.902+0000] {logging_mixin.py:190} INFO - [2024-12-28T00:01:07.902+0000] {dag.py:4180} INFO - Setting next_dagrun for example_xcom to 2021-01-01 00:00:00+00:00, run_after=2021-01-01 00:00:00+00:00
[2024-12-28T00:01:07.939+0000] {processor.py:208} INFO - Processing /home/airflow/.local/lib/python3.12/site-packages/airflow/example_dags/example_xcom.py took 0.107 seconds
[2024-12-28T00:01:38.208+0000] {processor.py:186} INFO - Started process (PID=27952) to work on /home/airflow/.local/lib/python3.12/site-packages/airflow/example_dags/example_xcom.py
[2024-12-28T00:01:38.210+0000] {processor.py:914} INFO - Processing file /home/airflow/.local/lib/python3.12/site-packages/airflow/example_dags/example_xcom.py for tasks to queue
[2024-12-28T00:01:38.212+0000] {logging_mixin.py:190} INFO - [2024-12-28T00:01:38.212+0000] {dagbag.py:588} INFO - Filling up the DagBag from /home/airflow/.local/lib/python3.12/site-packages/airflow/example_dags/example_xcom.py
[2024-12-28T00:01:38.224+0000] {processor.py:925} INFO - DAG(s) 'example_xcom' retrieved from /home/airflow/.local/lib/python3.12/site-packages/airflow/example_dags/example_xcom.py
[2024-12-28T00:01:38.253+0000] {logging_mixin.py:190} INFO - [2024-12-28T00:01:38.253+0000] {dag.py:3239} INFO - Sync 1 DAGs
[2024-12-28T00:01:38.287+0000] {logging_mixin.py:190} INFO - [2024-12-28T00:01:38.286+0000] {dag.py:4180} INFO - Setting next_dagrun for example_xcom to 2021-01-01 00:00:00+00:00, run_after=2021-01-01 00:00:00+00:00
[2024-12-28T00:01:38.339+0000] {processor.py:208} INFO - Processing /home/airflow/.local/lib/python3.12/site-packages/airflow/example_dags/example_xcom.py took 0.136 seconds
[2024-12-28T00:02:09.087+0000] {processor.py:186} INFO - Started process (PID=28016) to work on /home/airflow/.local/lib/python3.12/site-packages/airflow/example_dags/example_xcom.py
[2024-12-28T00:02:09.088+0000] {processor.py:914} INFO - Processing file /home/airflow/.local/lib/python3.12/site-packages/airflow/example_dags/example_xcom.py for tasks to queue
[2024-12-28T00:02:09.090+0000] {logging_mixin.py:190} INFO - [2024-12-28T00:02:09.090+0000] {dagbag.py:588} INFO - Filling up the DagBag from /home/airflow/.local/lib/python3.12/site-packages/airflow/example_dags/example_xcom.py
[2024-12-28T00:02:09.101+0000] {processor.py:925} INFO - DAG(s) 'example_xcom' retrieved from /home/airflow/.local/lib/python3.12/site-packages/airflow/example_dags/example_xcom.py
[2024-12-28T00:02:09.131+0000] {logging_mixin.py:190} INFO - [2024-12-28T00:02:09.130+0000] {dag.py:3239} INFO - Sync 1 DAGs
[2024-12-28T00:02:09.162+0000] {logging_mixin.py:190} INFO - [2024-12-28T00:02:09.162+0000] {dag.py:4180} INFO - Setting next_dagrun for example_xcom to 2021-01-01 00:00:00+00:00, run_after=2021-01-01 00:00:00+00:00
[2024-12-28T00:02:09.196+0000] {processor.py:208} INFO - Processing /home/airflow/.local/lib/python3.12/site-packages/airflow/example_dags/example_xcom.py took 0.114 seconds
[2024-12-28T00:02:39.344+0000] {processor.py:186} INFO - Started process (PID=28080) to work on /home/airflow/.local/lib/python3.12/site-packages/airflow/example_dags/example_xcom.py
[2024-12-28T00:02:39.346+0000] {processor.py:914} INFO - Processing file /home/airflow/.local/lib/python3.12/site-packages/airflow/example_dags/example_xcom.py for tasks to queue
[2024-12-28T00:02:39.347+0000] {logging_mixin.py:190} INFO - [2024-12-28T00:02:39.347+0000] {dagbag.py:588} INFO - Filling up the DagBag from /home/airflow/.local/lib/python3.12/site-packages/airflow/example_dags/example_xcom.py
[2024-12-28T00:02:39.358+0000] {processor.py:925} INFO - DAG(s) 'example_xcom' retrieved from /home/airflow/.local/lib/python3.12/site-packages/airflow/example_dags/example_xcom.py
[2024-12-28T00:02:39.384+0000] {logging_mixin.py:190} INFO - [2024-12-28T00:02:39.383+0000] {dag.py:3239} INFO - Sync 1 DAGs
[2024-12-28T00:02:39.409+0000] {logging_mixin.py:190} INFO - [2024-12-28T00:02:39.409+0000] {dag.py:4180} INFO - Setting next_dagrun for example_xcom to 2021-01-01 00:00:00+00:00, run_after=2021-01-01 00:00:00+00:00
[2024-12-28T00:02:39.480+0000] {processor.py:208} INFO - Processing /home/airflow/.local/lib/python3.12/site-packages/airflow/example_dags/example_xcom.py took 0.142 seconds
[2024-12-28T00:03:09.812+0000] {processor.py:186} INFO - Started process (PID=28144) to work on /home/airflow/.local/lib/python3.12/site-packages/airflow/example_dags/example_xcom.py
[2024-12-28T00:03:09.813+0000] {processor.py:914} INFO - Processing file /home/airflow/.local/lib/python3.12/site-packages/airflow/example_dags/example_xcom.py for tasks to queue
[2024-12-28T00:03:09.815+0000] {logging_mixin.py:190} INFO - [2024-12-28T00:03:09.815+0000] {dagbag.py:588} INFO - Filling up the DagBag from /home/airflow/.local/lib/python3.12/site-packages/airflow/example_dags/example_xcom.py
[2024-12-28T00:03:09.827+0000] {processor.py:925} INFO - DAG(s) 'example_xcom' retrieved from /home/airflow/.local/lib/python3.12/site-packages/airflow/example_dags/example_xcom.py
[2024-12-28T00:03:09.853+0000] {logging_mixin.py:190} INFO - [2024-12-28T00:03:09.853+0000] {dag.py:3239} INFO - Sync 1 DAGs
[2024-12-28T00:03:09.881+0000] {logging_mixin.py:190} INFO - [2024-12-28T00:03:09.881+0000] {dag.py:4180} INFO - Setting next_dagrun for example_xcom to 2021-01-01 00:00:00+00:00, run_after=2021-01-01 00:00:00+00:00
[2024-12-28T00:03:09.908+0000] {processor.py:208} INFO - Processing /home/airflow/.local/lib/python3.12/site-packages/airflow/example_dags/example_xcom.py took 0.102 seconds
[2024-12-28T00:03:40.119+0000] {processor.py:186} INFO - Started process (PID=28208) to work on /home/airflow/.local/lib/python3.12/site-packages/airflow/example_dags/example_xcom.py
[2024-12-28T00:03:40.121+0000] {processor.py:914} INFO - Processing file /home/airflow/.local/lib/python3.12/site-packages/airflow/example_dags/example_xcom.py for tasks to queue
[2024-12-28T00:03:40.123+0000] {logging_mixin.py:190} INFO - [2024-12-28T00:03:40.122+0000] {dagbag.py:588} INFO - Filling up the DagBag from /home/airflow/.local/lib/python3.12/site-packages/airflow/example_dags/example_xcom.py
[2024-12-28T00:03:40.132+0000] {processor.py:925} INFO - DAG(s) 'example_xcom' retrieved from /home/airflow/.local/lib/python3.12/site-packages/airflow/example_dags/example_xcom.py
[2024-12-28T00:03:40.157+0000] {logging_mixin.py:190} INFO - [2024-12-28T00:03:40.156+0000] {dag.py:3239} INFO - Sync 1 DAGs
[2024-12-28T00:03:40.185+0000] {logging_mixin.py:190} INFO - [2024-12-28T00:03:40.184+0000] {dag.py:4180} INFO - Setting next_dagrun for example_xcom to 2021-01-01 00:00:00+00:00, run_after=2021-01-01 00:00:00+00:00
[2024-12-28T00:03:40.214+0000] {processor.py:208} INFO - Processing /home/airflow/.local/lib/python3.12/site-packages/airflow/example_dags/example_xcom.py took 0.100 seconds
[2024-12-28T00:04:10.503+0000] {processor.py:186} INFO - Started process (PID=28272) to work on /home/airflow/.local/lib/python3.12/site-packages/airflow/example_dags/example_xcom.py
[2024-12-28T00:04:10.504+0000] {processor.py:914} INFO - Processing file /home/airflow/.local/lib/python3.12/site-packages/airflow/example_dags/example_xcom.py for tasks to queue
[2024-12-28T00:04:10.506+0000] {logging_mixin.py:190} INFO - [2024-12-28T00:04:10.506+0000] {dagbag.py:588} INFO - Filling up the DagBag from /home/airflow/.local/lib/python3.12/site-packages/airflow/example_dags/example_xcom.py
[2024-12-28T00:04:10.516+0000] {processor.py:925} INFO - DAG(s) 'example_xcom' retrieved from /home/airflow/.local/lib/python3.12/site-packages/airflow/example_dags/example_xcom.py
[2024-12-28T00:04:10.542+0000] {logging_mixin.py:190} INFO - [2024-12-28T00:04:10.542+0000] {dag.py:3239} INFO - Sync 1 DAGs
[2024-12-28T00:04:10.568+0000] {logging_mixin.py:190} INFO - [2024-12-28T00:04:10.568+0000] {dag.py:4180} INFO - Setting next_dagrun for example_xcom to 2021-01-01 00:00:00+00:00, run_after=2021-01-01 00:00:00+00:00
[2024-12-28T00:04:10.597+0000] {processor.py:208} INFO - Processing /home/airflow/.local/lib/python3.12/site-packages/airflow/example_dags/example_xcom.py took 0.100 seconds
[2024-12-28T00:04:40.724+0000] {processor.py:186} INFO - Started process (PID=28337) to work on /home/airflow/.local/lib/python3.12/site-packages/airflow/example_dags/example_xcom.py
[2024-12-28T00:04:40.725+0000] {processor.py:914} INFO - Processing file /home/airflow/.local/lib/python3.12/site-packages/airflow/example_dags/example_xcom.py for tasks to queue
[2024-12-28T00:04:40.728+0000] {logging_mixin.py:190} INFO - [2024-12-28T00:04:40.727+0000] {dagbag.py:588} INFO - Filling up the DagBag from /home/airflow/.local/lib/python3.12/site-packages/airflow/example_dags/example_xcom.py
[2024-12-28T00:04:40.739+0000] {processor.py:925} INFO - DAG(s) 'example_xcom' retrieved from /home/airflow/.local/lib/python3.12/site-packages/airflow/example_dags/example_xcom.py
[2024-12-28T00:04:40.767+0000] {logging_mixin.py:190} INFO - [2024-12-28T00:04:40.767+0000] {dag.py:3239} INFO - Sync 1 DAGs
[2024-12-28T00:04:40.795+0000] {logging_mixin.py:190} INFO - [2024-12-28T00:04:40.795+0000] {dag.py:4180} INFO - Setting next_dagrun for example_xcom to 2021-01-01 00:00:00+00:00, run_after=2021-01-01 00:00:00+00:00
[2024-12-28T00:04:40.827+0000] {processor.py:208} INFO - Processing /home/airflow/.local/lib/python3.12/site-packages/airflow/example_dags/example_xcom.py took 0.109 seconds
[2024-12-28T00:05:11.116+0000] {processor.py:186} INFO - Started process (PID=28401) to work on /home/airflow/.local/lib/python3.12/site-packages/airflow/example_dags/example_xcom.py
[2024-12-28T00:05:11.118+0000] {processor.py:914} INFO - Processing file /home/airflow/.local/lib/python3.12/site-packages/airflow/example_dags/example_xcom.py for tasks to queue
[2024-12-28T00:05:11.119+0000] {logging_mixin.py:190} INFO - [2024-12-28T00:05:11.119+0000] {dagbag.py:588} INFO - Filling up the DagBag from /home/airflow/.local/lib/python3.12/site-packages/airflow/example_dags/example_xcom.py
[2024-12-28T00:05:11.131+0000] {processor.py:925} INFO - DAG(s) 'example_xcom' retrieved from /home/airflow/.local/lib/python3.12/site-packages/airflow/example_dags/example_xcom.py
[2024-12-28T00:05:11.162+0000] {logging_mixin.py:190} INFO - [2024-12-28T00:05:11.161+0000] {dag.py:3239} INFO - Sync 1 DAGs
[2024-12-28T00:05:11.190+0000] {logging_mixin.py:190} INFO - [2024-12-28T00:05:11.189+0000] {dag.py:4180} INFO - Setting next_dagrun for example_xcom to 2021-01-01 00:00:00+00:00, run_after=2021-01-01 00:00:00+00:00
[2024-12-28T00:05:11.221+0000] {processor.py:208} INFO - Processing /home/airflow/.local/lib/python3.12/site-packages/airflow/example_dags/example_xcom.py took 0.111 seconds
[2024-12-28T00:05:41.378+0000] {processor.py:186} INFO - Started process (PID=28465) to work on /home/airflow/.local/lib/python3.12/site-packages/airflow/example_dags/example_xcom.py
[2024-12-28T00:05:41.379+0000] {processor.py:914} INFO - Processing file /home/airflow/.local/lib/python3.12/site-packages/airflow/example_dags/example_xcom.py for tasks to queue
[2024-12-28T00:05:41.382+0000] {logging_mixin.py:190} INFO - [2024-12-28T00:05:41.381+0000] {dagbag.py:588} INFO - Filling up the DagBag from /home/airflow/.local/lib/python3.12/site-packages/airflow/example_dags/example_xcom.py
[2024-12-28T00:05:41.393+0000] {processor.py:925} INFO - DAG(s) 'example_xcom' retrieved from /home/airflow/.local/lib/python3.12/site-packages/airflow/example_dags/example_xcom.py
[2024-12-28T00:05:41.424+0000] {logging_mixin.py:190} INFO - [2024-12-28T00:05:41.424+0000] {dag.py:3239} INFO - Sync 1 DAGs
[2024-12-28T00:05:41.456+0000] {logging_mixin.py:190} INFO - [2024-12-28T00:05:41.456+0000] {dag.py:4180} INFO - Setting next_dagrun for example_xcom to 2021-01-01 00:00:00+00:00, run_after=2021-01-01 00:00:00+00:00
[2024-12-28T00:05:41.487+0000] {processor.py:208} INFO - Processing /home/airflow/.local/lib/python3.12/site-packages/airflow/example_dags/example_xcom.py took 0.115 seconds
[2024-12-28T00:06:11.808+0000] {processor.py:186} INFO - Started process (PID=28529) to work on /home/airflow/.local/lib/python3.12/site-packages/airflow/example_dags/example_xcom.py
[2024-12-28T00:06:11.810+0000] {processor.py:914} INFO - Processing file /home/airflow/.local/lib/python3.12/site-packages/airflow/example_dags/example_xcom.py for tasks to queue
[2024-12-28T00:06:11.812+0000] {logging_mixin.py:190} INFO - [2024-12-28T00:06:11.812+0000] {dagbag.py:588} INFO - Filling up the DagBag from /home/airflow/.local/lib/python3.12/site-packages/airflow/example_dags/example_xcom.py
[2024-12-28T00:06:11.823+0000] {processor.py:925} INFO - DAG(s) 'example_xcom' retrieved from /home/airflow/.local/lib/python3.12/site-packages/airflow/example_dags/example_xcom.py
[2024-12-28T00:06:11.851+0000] {logging_mixin.py:190} INFO - [2024-12-28T00:06:11.851+0000] {dag.py:3239} INFO - Sync 1 DAGs
[2024-12-28T00:06:11.881+0000] {logging_mixin.py:190} INFO - [2024-12-28T00:06:11.881+0000] {dag.py:4180} INFO - Setting next_dagrun for example_xcom to 2021-01-01 00:00:00+00:00, run_after=2021-01-01 00:00:00+00:00
[2024-12-28T00:06:11.912+0000] {processor.py:208} INFO - Processing /home/airflow/.local/lib/python3.12/site-packages/airflow/example_dags/example_xcom.py took 0.109 seconds
[2024-12-28T00:06:42.451+0000] {processor.py:186} INFO - Started process (PID=28593) to work on /home/airflow/.local/lib/python3.12/site-packages/airflow/example_dags/example_xcom.py
[2024-12-28T00:06:42.452+0000] {processor.py:914} INFO - Processing file /home/airflow/.local/lib/python3.12/site-packages/airflow/example_dags/example_xcom.py for tasks to queue
[2024-12-28T00:06:42.454+0000] {logging_mixin.py:190} INFO - [2024-12-28T00:06:42.454+0000] {dagbag.py:588} INFO - Filling up the DagBag from /home/airflow/.local/lib/python3.12/site-packages/airflow/example_dags/example_xcom.py
[2024-12-28T00:06:42.464+0000] {processor.py:925} INFO - DAG(s) 'example_xcom' retrieved from /home/airflow/.local/lib/python3.12/site-packages/airflow/example_dags/example_xcom.py
[2024-12-28T00:06:42.492+0000] {logging_mixin.py:190} INFO - [2024-12-28T00:06:42.491+0000] {dag.py:3239} INFO - Sync 1 DAGs
[2024-12-28T00:06:42.520+0000] {logging_mixin.py:190} INFO - [2024-12-28T00:06:42.519+0000] {dag.py:4180} INFO - Setting next_dagrun for example_xcom to 2021-01-01 00:00:00+00:00, run_after=2021-01-01 00:00:00+00:00
[2024-12-28T00:06:42.551+0000] {processor.py:208} INFO - Processing /home/airflow/.local/lib/python3.12/site-packages/airflow/example_dags/example_xcom.py took 0.106 seconds
[2024-12-28T00:07:12.741+0000] {processor.py:186} INFO - Started process (PID=28658) to work on /home/airflow/.local/lib/python3.12/site-packages/airflow/example_dags/example_xcom.py
[2024-12-28T00:07:12.743+0000] {processor.py:914} INFO - Processing file /home/airflow/.local/lib/python3.12/site-packages/airflow/example_dags/example_xcom.py for tasks to queue
[2024-12-28T00:07:12.746+0000] {logging_mixin.py:190} INFO - [2024-12-28T00:07:12.745+0000] {dagbag.py:588} INFO - Filling up the DagBag from /home/airflow/.local/lib/python3.12/site-packages/airflow/example_dags/example_xcom.py
[2024-12-28T00:07:12.759+0000] {processor.py:925} INFO - DAG(s) 'example_xcom' retrieved from /home/airflow/.local/lib/python3.12/site-packages/airflow/example_dags/example_xcom.py
[2024-12-28T00:07:12.794+0000] {logging_mixin.py:190} INFO - [2024-12-28T00:07:12.793+0000] {dag.py:3239} INFO - Sync 1 DAGs
[2024-12-28T00:07:12.832+0000] {logging_mixin.py:190} INFO - [2024-12-28T00:07:12.832+0000] {dag.py:4180} INFO - Setting next_dagrun for example_xcom to 2021-01-01 00:00:00+00:00, run_after=2021-01-01 00:00:00+00:00
[2024-12-28T00:07:12.866+0000] {processor.py:208} INFO - Processing /home/airflow/.local/lib/python3.12/site-packages/airflow/example_dags/example_xcom.py took 0.132 seconds
[2024-12-28T00:07:43.322+0000] {processor.py:186} INFO - Started process (PID=28722) to work on /home/airflow/.local/lib/python3.12/site-packages/airflow/example_dags/example_xcom.py
[2024-12-28T00:07:43.323+0000] {processor.py:914} INFO - Processing file /home/airflow/.local/lib/python3.12/site-packages/airflow/example_dags/example_xcom.py for tasks to queue
[2024-12-28T00:07:43.326+0000] {logging_mixin.py:190} INFO - [2024-12-28T00:07:43.326+0000] {dagbag.py:588} INFO - Filling up the DagBag from /home/airflow/.local/lib/python3.12/site-packages/airflow/example_dags/example_xcom.py
[2024-12-28T00:07:43.336+0000] {processor.py:925} INFO - DAG(s) 'example_xcom' retrieved from /home/airflow/.local/lib/python3.12/site-packages/airflow/example_dags/example_xcom.py
[2024-12-28T00:07:43.363+0000] {logging_mixin.py:190} INFO - [2024-12-28T00:07:43.362+0000] {dag.py:3239} INFO - Sync 1 DAGs
[2024-12-28T00:07:43.389+0000] {logging_mixin.py:190} INFO - [2024-12-28T00:07:43.389+0000] {dag.py:4180} INFO - Setting next_dagrun for example_xcom to 2021-01-01 00:00:00+00:00, run_after=2021-01-01 00:00:00+00:00
[2024-12-28T00:07:43.417+0000] {processor.py:208} INFO - Processing /home/airflow/.local/lib/python3.12/site-packages/airflow/example_dags/example_xcom.py took 0.100 seconds
[2024-12-28T00:08:13.586+0000] {processor.py:186} INFO - Started process (PID=28786) to work on /home/airflow/.local/lib/python3.12/site-packages/airflow/example_dags/example_xcom.py
[2024-12-28T00:08:13.588+0000] {processor.py:914} INFO - Processing file /home/airflow/.local/lib/python3.12/site-packages/airflow/example_dags/example_xcom.py for tasks to queue
[2024-12-28T00:08:13.590+0000] {logging_mixin.py:190} INFO - [2024-12-28T00:08:13.589+0000] {dagbag.py:588} INFO - Filling up the DagBag from /home/airflow/.local/lib/python3.12/site-packages/airflow/example_dags/example_xcom.py
[2024-12-28T00:08:13.601+0000] {processor.py:925} INFO - DAG(s) 'example_xcom' retrieved from /home/airflow/.local/lib/python3.12/site-packages/airflow/example_dags/example_xcom.py
[2024-12-28T00:08:13.631+0000] {logging_mixin.py:190} INFO - [2024-12-28T00:08:13.630+0000] {dag.py:3239} INFO - Sync 1 DAGs
[2024-12-28T00:08:13.663+0000] {logging_mixin.py:190} INFO - [2024-12-28T00:08:13.662+0000] {dag.py:4180} INFO - Setting next_dagrun for example_xcom to 2021-01-01 00:00:00+00:00, run_after=2021-01-01 00:00:00+00:00
[2024-12-28T00:08:13.694+0000] {processor.py:208} INFO - Processing /home/airflow/.local/lib/python3.12/site-packages/airflow/example_dags/example_xcom.py took 0.115 seconds
[2024-12-28T00:08:44.181+0000] {processor.py:186} INFO - Started process (PID=28849) to work on /home/airflow/.local/lib/python3.12/site-packages/airflow/example_dags/example_xcom.py
[2024-12-28T00:08:44.182+0000] {processor.py:914} INFO - Processing file /home/airflow/.local/lib/python3.12/site-packages/airflow/example_dags/example_xcom.py for tasks to queue
[2024-12-28T00:08:44.184+0000] {logging_mixin.py:190} INFO - [2024-12-28T00:08:44.183+0000] {dagbag.py:588} INFO - Filling up the DagBag from /home/airflow/.local/lib/python3.12/site-packages/airflow/example_dags/example_xcom.py
[2024-12-28T00:08:44.193+0000] {processor.py:925} INFO - DAG(s) 'example_xcom' retrieved from /home/airflow/.local/lib/python3.12/site-packages/airflow/example_dags/example_xcom.py
[2024-12-28T00:08:44.220+0000] {logging_mixin.py:190} INFO - [2024-12-28T00:08:44.220+0000] {dag.py:3239} INFO - Sync 1 DAGs
[2024-12-28T00:08:44.250+0000] {logging_mixin.py:190} INFO - [2024-12-28T00:08:44.249+0000] {dag.py:4180} INFO - Setting next_dagrun for example_xcom to 2021-01-01 00:00:00+00:00, run_after=2021-01-01 00:00:00+00:00
[2024-12-28T00:08:44.278+0000] {processor.py:208} INFO - Processing /home/airflow/.local/lib/python3.12/site-packages/airflow/example_dags/example_xcom.py took 0.103 seconds
[2024-12-28T00:09:15.045+0000] {processor.py:186} INFO - Started process (PID=28913) to work on /home/airflow/.local/lib/python3.12/site-packages/airflow/example_dags/example_xcom.py
[2024-12-28T00:09:15.047+0000] {processor.py:914} INFO - Processing file /home/airflow/.local/lib/python3.12/site-packages/airflow/example_dags/example_xcom.py for tasks to queue
[2024-12-28T00:09:15.049+0000] {logging_mixin.py:190} INFO - [2024-12-28T00:09:15.048+0000] {dagbag.py:588} INFO - Filling up the DagBag from /home/airflow/.local/lib/python3.12/site-packages/airflow/example_dags/example_xcom.py
[2024-12-28T00:09:15.058+0000] {processor.py:925} INFO - DAG(s) 'example_xcom' retrieved from /home/airflow/.local/lib/python3.12/site-packages/airflow/example_dags/example_xcom.py
[2024-12-28T00:09:15.088+0000] {logging_mixin.py:190} INFO - [2024-12-28T00:09:15.087+0000] {dag.py:3239} INFO - Sync 1 DAGs
[2024-12-28T00:09:15.113+0000] {logging_mixin.py:190} INFO - [2024-12-28T00:09:15.112+0000] {dag.py:4180} INFO - Setting next_dagrun for example_xcom to 2021-01-01 00:00:00+00:00, run_after=2021-01-01 00:00:00+00:00
[2024-12-28T00:09:15.141+0000] {processor.py:208} INFO - Processing /home/airflow/.local/lib/python3.12/site-packages/airflow/example_dags/example_xcom.py took 0.101 seconds
[2024-12-28T00:09:45.763+0000] {processor.py:186} INFO - Started process (PID=28977) to work on /home/airflow/.local/lib/python3.12/site-packages/airflow/example_dags/example_xcom.py
[2024-12-28T00:09:45.765+0000] {processor.py:914} INFO - Processing file /home/airflow/.local/lib/python3.12/site-packages/airflow/example_dags/example_xcom.py for tasks to queue
[2024-12-28T00:09:45.767+0000] {logging_mixin.py:190} INFO - [2024-12-28T00:09:45.767+0000] {dagbag.py:588} INFO - Filling up the DagBag from /home/airflow/.local/lib/python3.12/site-packages/airflow/example_dags/example_xcom.py
[2024-12-28T00:09:45.780+0000] {processor.py:925} INFO - DAG(s) 'example_xcom' retrieved from /home/airflow/.local/lib/python3.12/site-packages/airflow/example_dags/example_xcom.py
[2024-12-28T00:09:45.807+0000] {logging_mixin.py:190} INFO - [2024-12-28T00:09:45.806+0000] {dag.py:3239} INFO - Sync 1 DAGs
[2024-12-28T00:09:45.837+0000] {logging_mixin.py:190} INFO - [2024-12-28T00:09:45.837+0000] {dag.py:4180} INFO - Setting next_dagrun for example_xcom to 2021-01-01 00:00:00+00:00, run_after=2021-01-01 00:00:00+00:00
[2024-12-28T00:09:45.867+0000] {processor.py:208} INFO - Processing /home/airflow/.local/lib/python3.12/site-packages/airflow/example_dags/example_xcom.py took 0.110 seconds
[2024-12-28T00:10:16.389+0000] {processor.py:186} INFO - Started process (PID=29040) to work on /home/airflow/.local/lib/python3.12/site-packages/airflow/example_dags/example_xcom.py
[2024-12-28T00:10:16.390+0000] {processor.py:914} INFO - Processing file /home/airflow/.local/lib/python3.12/site-packages/airflow/example_dags/example_xcom.py for tasks to queue
[2024-12-28T00:10:16.392+0000] {logging_mixin.py:190} INFO - [2024-12-28T00:10:16.391+0000] {dagbag.py:588} INFO - Filling up the DagBag from /home/airflow/.local/lib/python3.12/site-packages/airflow/example_dags/example_xcom.py
[2024-12-28T00:10:16.403+0000] {processor.py:925} INFO - DAG(s) 'example_xcom' retrieved from /home/airflow/.local/lib/python3.12/site-packages/airflow/example_dags/example_xcom.py
[2024-12-28T00:10:16.433+0000] {logging_mixin.py:190} INFO - [2024-12-28T00:10:16.432+0000] {dag.py:3239} INFO - Sync 1 DAGs
[2024-12-28T00:10:16.461+0000] {logging_mixin.py:190} INFO - [2024-12-28T00:10:16.461+0000] {dag.py:4180} INFO - Setting next_dagrun for example_xcom to 2021-01-01 00:00:00+00:00, run_after=2021-01-01 00:00:00+00:00
[2024-12-28T00:10:16.492+0000] {processor.py:208} INFO - Processing /home/airflow/.local/lib/python3.12/site-packages/airflow/example_dags/example_xcom.py took 0.110 seconds
[2024-12-28T00:10:46.620+0000] {processor.py:186} INFO - Started process (PID=29103) to work on /home/airflow/.local/lib/python3.12/site-packages/airflow/example_dags/example_xcom.py
[2024-12-28T00:10:46.622+0000] {processor.py:914} INFO - Processing file /home/airflow/.local/lib/python3.12/site-packages/airflow/example_dags/example_xcom.py for tasks to queue
[2024-12-28T00:10:46.624+0000] {logging_mixin.py:190} INFO - [2024-12-28T00:10:46.624+0000] {dagbag.py:588} INFO - Filling up the DagBag from /home/airflow/.local/lib/python3.12/site-packages/airflow/example_dags/example_xcom.py
[2024-12-28T00:10:46.635+0000] {processor.py:925} INFO - DAG(s) 'example_xcom' retrieved from /home/airflow/.local/lib/python3.12/site-packages/airflow/example_dags/example_xcom.py
[2024-12-28T00:10:46.663+0000] {logging_mixin.py:190} INFO - [2024-12-28T00:10:46.663+0000] {dag.py:3239} INFO - Sync 1 DAGs
[2024-12-28T00:10:46.691+0000] {logging_mixin.py:190} INFO - [2024-12-28T00:10:46.690+0000] {dag.py:4180} INFO - Setting next_dagrun for example_xcom to 2021-01-01 00:00:00+00:00, run_after=2021-01-01 00:00:00+00:00
[2024-12-28T00:10:46.721+0000] {processor.py:208} INFO - Processing /home/airflow/.local/lib/python3.12/site-packages/airflow/example_dags/example_xcom.py took 0.106 seconds
[2024-12-28T00:11:17.209+0000] {processor.py:186} INFO - Started process (PID=29167) to work on /home/airflow/.local/lib/python3.12/site-packages/airflow/example_dags/example_xcom.py
[2024-12-28T00:11:17.210+0000] {processor.py:914} INFO - Processing file /home/airflow/.local/lib/python3.12/site-packages/airflow/example_dags/example_xcom.py for tasks to queue
[2024-12-28T00:11:17.212+0000] {logging_mixin.py:190} INFO - [2024-12-28T00:11:17.212+0000] {dagbag.py:588} INFO - Filling up the DagBag from /home/airflow/.local/lib/python3.12/site-packages/airflow/example_dags/example_xcom.py
[2024-12-28T00:11:17.224+0000] {processor.py:925} INFO - DAG(s) 'example_xcom' retrieved from /home/airflow/.local/lib/python3.12/site-packages/airflow/example_dags/example_xcom.py
[2024-12-28T00:11:17.254+0000] {logging_mixin.py:190} INFO - [2024-12-28T00:11:17.254+0000] {dag.py:3239} INFO - Sync 1 DAGs
[2024-12-28T00:11:17.289+0000] {logging_mixin.py:190} INFO - [2024-12-28T00:11:17.289+0000] {dag.py:4180} INFO - Setting next_dagrun for example_xcom to 2021-01-01 00:00:00+00:00, run_after=2021-01-01 00:00:00+00:00
[2024-12-28T00:11:17.321+0000] {processor.py:208} INFO - Processing /home/airflow/.local/lib/python3.12/site-packages/airflow/example_dags/example_xcom.py took 0.120 seconds
[2024-12-28T00:11:47.524+0000] {processor.py:186} INFO - Started process (PID=29231) to work on /home/airflow/.local/lib/python3.12/site-packages/airflow/example_dags/example_xcom.py
[2024-12-28T00:11:47.526+0000] {processor.py:914} INFO - Processing file /home/airflow/.local/lib/python3.12/site-packages/airflow/example_dags/example_xcom.py for tasks to queue
[2024-12-28T00:11:47.529+0000] {logging_mixin.py:190} INFO - [2024-12-28T00:11:47.528+0000] {dagbag.py:588} INFO - Filling up the DagBag from /home/airflow/.local/lib/python3.12/site-packages/airflow/example_dags/example_xcom.py
[2024-12-28T00:11:47.539+0000] {processor.py:925} INFO - DAG(s) 'example_xcom' retrieved from /home/airflow/.local/lib/python3.12/site-packages/airflow/example_dags/example_xcom.py
[2024-12-28T00:11:47.568+0000] {logging_mixin.py:190} INFO - [2024-12-28T00:11:47.567+0000] {dag.py:3239} INFO - Sync 1 DAGs
[2024-12-28T00:11:47.594+0000] {logging_mixin.py:190} INFO - [2024-12-28T00:11:47.594+0000] {dag.py:4180} INFO - Setting next_dagrun for example_xcom to 2021-01-01 00:00:00+00:00, run_after=2021-01-01 00:00:00+00:00
[2024-12-28T00:11:47.622+0000] {processor.py:208} INFO - Processing /home/airflow/.local/lib/python3.12/site-packages/airflow/example_dags/example_xcom.py took 0.103 seconds
[2024-12-28T00:12:17.842+0000] {processor.py:186} INFO - Started process (PID=29295) to work on /home/airflow/.local/lib/python3.12/site-packages/airflow/example_dags/example_xcom.py
[2024-12-28T00:12:17.843+0000] {processor.py:914} INFO - Processing file /home/airflow/.local/lib/python3.12/site-packages/airflow/example_dags/example_xcom.py for tasks to queue
[2024-12-28T00:12:17.845+0000] {logging_mixin.py:190} INFO - [2024-12-28T00:12:17.845+0000] {dagbag.py:588} INFO - Filling up the DagBag from /home/airflow/.local/lib/python3.12/site-packages/airflow/example_dags/example_xcom.py
[2024-12-28T00:12:17.855+0000] {processor.py:925} INFO - DAG(s) 'example_xcom' retrieved from /home/airflow/.local/lib/python3.12/site-packages/airflow/example_dags/example_xcom.py
[2024-12-28T00:12:17.880+0000] {logging_mixin.py:190} INFO - [2024-12-28T00:12:17.879+0000] {dag.py:3239} INFO - Sync 1 DAGs
[2024-12-28T00:12:17.905+0000] {logging_mixin.py:190} INFO - [2024-12-28T00:12:17.905+0000] {dag.py:4180} INFO - Setting next_dagrun for example_xcom to 2021-01-01 00:00:00+00:00, run_after=2021-01-01 00:00:00+00:00
[2024-12-28T00:12:17.932+0000] {processor.py:208} INFO - Processing /home/airflow/.local/lib/python3.12/site-packages/airflow/example_dags/example_xcom.py took 0.095 seconds
[2024-12-28T00:12:48.753+0000] {processor.py:186} INFO - Started process (PID=29360) to work on /home/airflow/.local/lib/python3.12/site-packages/airflow/example_dags/example_xcom.py
[2024-12-28T00:12:48.755+0000] {processor.py:914} INFO - Processing file /home/airflow/.local/lib/python3.12/site-packages/airflow/example_dags/example_xcom.py for tasks to queue
[2024-12-28T00:12:48.756+0000] {logging_mixin.py:190} INFO - [2024-12-28T00:12:48.756+0000] {dagbag.py:588} INFO - Filling up the DagBag from /home/airflow/.local/lib/python3.12/site-packages/airflow/example_dags/example_xcom.py
[2024-12-28T00:12:48.765+0000] {processor.py:925} INFO - DAG(s) 'example_xcom' retrieved from /home/airflow/.local/lib/python3.12/site-packages/airflow/example_dags/example_xcom.py
[2024-12-28T00:12:48.794+0000] {logging_mixin.py:190} INFO - [2024-12-28T00:12:48.793+0000] {dag.py:3239} INFO - Sync 1 DAGs
[2024-12-28T00:12:48.825+0000] {logging_mixin.py:190} INFO - [2024-12-28T00:12:48.825+0000] {dag.py:4180} INFO - Setting next_dagrun for example_xcom to 2021-01-01 00:00:00+00:00, run_after=2021-01-01 00:00:00+00:00
[2024-12-28T00:12:48.854+0000] {processor.py:208} INFO - Processing /home/airflow/.local/lib/python3.12/site-packages/airflow/example_dags/example_xcom.py took 0.106 seconds
[2024-12-28T00:13:19.312+0000] {processor.py:186} INFO - Started process (PID=29430) to work on /home/airflow/.local/lib/python3.12/site-packages/airflow/example_dags/example_xcom.py
[2024-12-28T00:13:19.314+0000] {processor.py:914} INFO - Processing file /home/airflow/.local/lib/python3.12/site-packages/airflow/example_dags/example_xcom.py for tasks to queue
[2024-12-28T00:13:19.316+0000] {logging_mixin.py:190} INFO - [2024-12-28T00:13:19.315+0000] {dagbag.py:588} INFO - Filling up the DagBag from /home/airflow/.local/lib/python3.12/site-packages/airflow/example_dags/example_xcom.py
[2024-12-28T00:13:19.326+0000] {processor.py:925} INFO - DAG(s) 'example_xcom' retrieved from /home/airflow/.local/lib/python3.12/site-packages/airflow/example_dags/example_xcom.py
[2024-12-28T00:13:19.354+0000] {logging_mixin.py:190} INFO - [2024-12-28T00:13:19.353+0000] {dag.py:3239} INFO - Sync 1 DAGs
[2024-12-28T00:13:19.378+0000] {logging_mixin.py:190} INFO - [2024-12-28T00:13:19.378+0000] {dag.py:4180} INFO - Setting next_dagrun for example_xcom to 2021-01-01 00:00:00+00:00, run_after=2021-01-01 00:00:00+00:00
[2024-12-28T00:13:19.405+0000] {processor.py:208} INFO - Processing /home/airflow/.local/lib/python3.12/site-packages/airflow/example_dags/example_xcom.py took 0.099 seconds
[2024-12-28T00:13:49.739+0000] {processor.py:186} INFO - Started process (PID=29494) to work on /home/airflow/.local/lib/python3.12/site-packages/airflow/example_dags/example_xcom.py
[2024-12-28T00:13:49.740+0000] {processor.py:914} INFO - Processing file /home/airflow/.local/lib/python3.12/site-packages/airflow/example_dags/example_xcom.py for tasks to queue
[2024-12-28T00:13:49.742+0000] {logging_mixin.py:190} INFO - [2024-12-28T00:13:49.742+0000] {dagbag.py:588} INFO - Filling up the DagBag from /home/airflow/.local/lib/python3.12/site-packages/airflow/example_dags/example_xcom.py
[2024-12-28T00:13:49.751+0000] {processor.py:925} INFO - DAG(s) 'example_xcom' retrieved from /home/airflow/.local/lib/python3.12/site-packages/airflow/example_dags/example_xcom.py
[2024-12-28T00:13:49.779+0000] {logging_mixin.py:190} INFO - [2024-12-28T00:13:49.779+0000] {dag.py:3239} INFO - Sync 1 DAGs
[2024-12-28T00:13:49.804+0000] {logging_mixin.py:190} INFO - [2024-12-28T00:13:49.804+0000] {dag.py:4180} INFO - Setting next_dagrun for example_xcom to 2021-01-01 00:00:00+00:00, run_after=2021-01-01 00:00:00+00:00
[2024-12-28T00:13:49.830+0000] {processor.py:208} INFO - Processing /home/airflow/.local/lib/python3.12/site-packages/airflow/example_dags/example_xcom.py took 0.096 seconds
[2024-12-28T00:14:20.170+0000] {processor.py:186} INFO - Started process (PID=29558) to work on /home/airflow/.local/lib/python3.12/site-packages/airflow/example_dags/example_xcom.py
[2024-12-28T00:14:20.172+0000] {processor.py:914} INFO - Processing file /home/airflow/.local/lib/python3.12/site-packages/airflow/example_dags/example_xcom.py for tasks to queue
[2024-12-28T00:14:20.174+0000] {logging_mixin.py:190} INFO - [2024-12-28T00:14:20.173+0000] {dagbag.py:588} INFO - Filling up the DagBag from /home/airflow/.local/lib/python3.12/site-packages/airflow/example_dags/example_xcom.py
[2024-12-28T00:14:20.185+0000] {processor.py:925} INFO - DAG(s) 'example_xcom' retrieved from /home/airflow/.local/lib/python3.12/site-packages/airflow/example_dags/example_xcom.py
[2024-12-28T00:14:20.211+0000] {logging_mixin.py:190} INFO - [2024-12-28T00:14:20.211+0000] {dag.py:3239} INFO - Sync 1 DAGs
[2024-12-28T00:14:20.240+0000] {logging_mixin.py:190} INFO - [2024-12-28T00:14:20.240+0000] {dag.py:4180} INFO - Setting next_dagrun for example_xcom to 2021-01-01 00:00:00+00:00, run_after=2021-01-01 00:00:00+00:00
[2024-12-28T00:14:20.273+0000] {processor.py:208} INFO - Processing /home/airflow/.local/lib/python3.12/site-packages/airflow/example_dags/example_xcom.py took 0.108 seconds
[2024-12-28T00:14:50.722+0000] {processor.py:186} INFO - Started process (PID=29621) to work on /home/airflow/.local/lib/python3.12/site-packages/airflow/example_dags/example_xcom.py
[2024-12-28T00:14:50.725+0000] {processor.py:914} INFO - Processing file /home/airflow/.local/lib/python3.12/site-packages/airflow/example_dags/example_xcom.py for tasks to queue
[2024-12-28T00:14:50.726+0000] {logging_mixin.py:190} INFO - [2024-12-28T00:14:50.726+0000] {dagbag.py:588} INFO - Filling up the DagBag from /home/airflow/.local/lib/python3.12/site-packages/airflow/example_dags/example_xcom.py
[2024-12-28T00:14:50.736+0000] {processor.py:925} INFO - DAG(s) 'example_xcom' retrieved from /home/airflow/.local/lib/python3.12/site-packages/airflow/example_dags/example_xcom.py
[2024-12-28T00:14:50.762+0000] {logging_mixin.py:190} INFO - [2024-12-28T00:14:50.762+0000] {dag.py:3239} INFO - Sync 1 DAGs
[2024-12-28T00:14:50.791+0000] {logging_mixin.py:190} INFO - [2024-12-28T00:14:50.790+0000] {dag.py:4180} INFO - Setting next_dagrun for example_xcom to 2021-01-01 00:00:00+00:00, run_after=2021-01-01 00:00:00+00:00
[2024-12-28T00:14:50.819+0000] {processor.py:208} INFO - Processing /home/airflow/.local/lib/python3.12/site-packages/airflow/example_dags/example_xcom.py took 0.102 seconds
[2024-12-28T00:15:20.894+0000] {processor.py:186} INFO - Started process (PID=29685) to work on /home/airflow/.local/lib/python3.12/site-packages/airflow/example_dags/example_xcom.py
[2024-12-28T00:15:20.896+0000] {processor.py:914} INFO - Processing file /home/airflow/.local/lib/python3.12/site-packages/airflow/example_dags/example_xcom.py for tasks to queue
[2024-12-28T00:15:20.898+0000] {logging_mixin.py:190} INFO - [2024-12-28T00:15:20.897+0000] {dagbag.py:588} INFO - Filling up the DagBag from /home/airflow/.local/lib/python3.12/site-packages/airflow/example_dags/example_xcom.py
[2024-12-28T00:15:20.908+0000] {processor.py:925} INFO - DAG(s) 'example_xcom' retrieved from /home/airflow/.local/lib/python3.12/site-packages/airflow/example_dags/example_xcom.py
[2024-12-28T00:15:20.934+0000] {logging_mixin.py:190} INFO - [2024-12-28T00:15:20.934+0000] {dag.py:3239} INFO - Sync 1 DAGs
[2024-12-28T00:15:20.960+0000] {logging_mixin.py:190} INFO - [2024-12-28T00:15:20.960+0000] {dag.py:4180} INFO - Setting next_dagrun for example_xcom to 2021-01-01 00:00:00+00:00, run_after=2021-01-01 00:00:00+00:00
[2024-12-28T00:15:20.991+0000] {processor.py:208} INFO - Processing /home/airflow/.local/lib/python3.12/site-packages/airflow/example_dags/example_xcom.py took 0.102 seconds
[2024-12-28T00:15:51.814+0000] {processor.py:186} INFO - Started process (PID=29749) to work on /home/airflow/.local/lib/python3.12/site-packages/airflow/example_dags/example_xcom.py
[2024-12-28T00:15:51.816+0000] {processor.py:914} INFO - Processing file /home/airflow/.local/lib/python3.12/site-packages/airflow/example_dags/example_xcom.py for tasks to queue
[2024-12-28T00:15:51.818+0000] {logging_mixin.py:190} INFO - [2024-12-28T00:15:51.818+0000] {dagbag.py:588} INFO - Filling up the DagBag from /home/airflow/.local/lib/python3.12/site-packages/airflow/example_dags/example_xcom.py
[2024-12-28T00:15:51.828+0000] {processor.py:925} INFO - DAG(s) 'example_xcom' retrieved from /home/airflow/.local/lib/python3.12/site-packages/airflow/example_dags/example_xcom.py
[2024-12-28T00:15:51.855+0000] {logging_mixin.py:190} INFO - [2024-12-28T00:15:51.855+0000] {dag.py:3239} INFO - Sync 1 DAGs
[2024-12-28T00:15:51.884+0000] {logging_mixin.py:190} INFO - [2024-12-28T00:15:51.884+0000] {dag.py:4180} INFO - Setting next_dagrun for example_xcom to 2021-01-01 00:00:00+00:00, run_after=2021-01-01 00:00:00+00:00
[2024-12-28T00:15:51.911+0000] {processor.py:208} INFO - Processing /home/airflow/.local/lib/python3.12/site-packages/airflow/example_dags/example_xcom.py took 0.102 seconds
[2024-12-28T00:16:23.313+0000] {processor.py:186} INFO - Started process (PID=29813) to work on /home/airflow/.local/lib/python3.12/site-packages/airflow/example_dags/example_xcom.py
[2024-12-28T00:16:23.315+0000] {processor.py:914} INFO - Processing file /home/airflow/.local/lib/python3.12/site-packages/airflow/example_dags/example_xcom.py for tasks to queue
[2024-12-28T00:16:23.317+0000] {logging_mixin.py:190} INFO - [2024-12-28T00:16:23.317+0000] {dagbag.py:588} INFO - Filling up the DagBag from /home/airflow/.local/lib/python3.12/site-packages/airflow/example_dags/example_xcom.py
[2024-12-28T00:16:23.327+0000] {processor.py:925} INFO - DAG(s) 'example_xcom' retrieved from /home/airflow/.local/lib/python3.12/site-packages/airflow/example_dags/example_xcom.py
[2024-12-28T00:16:23.354+0000] {logging_mixin.py:190} INFO - [2024-12-28T00:16:23.353+0000] {dag.py:3239} INFO - Sync 1 DAGs
[2024-12-28T00:16:23.378+0000] {logging_mixin.py:190} INFO - [2024-12-28T00:16:23.378+0000] {dag.py:4180} INFO - Setting next_dagrun for example_xcom to 2021-01-01 00:00:00+00:00, run_after=2021-01-01 00:00:00+00:00
[2024-12-28T00:16:23.405+0000] {processor.py:208} INFO - Processing /home/airflow/.local/lib/python3.12/site-packages/airflow/example_dags/example_xcom.py took 0.098 seconds
[2024-12-28T00:16:54.939+0000] {processor.py:186} INFO - Started process (PID=29878) to work on /home/airflow/.local/lib/python3.12/site-packages/airflow/example_dags/example_xcom.py
[2024-12-28T00:16:54.940+0000] {processor.py:914} INFO - Processing file /home/airflow/.local/lib/python3.12/site-packages/airflow/example_dags/example_xcom.py for tasks to queue
[2024-12-28T00:16:54.942+0000] {logging_mixin.py:190} INFO - [2024-12-28T00:16:54.941+0000] {dagbag.py:588} INFO - Filling up the DagBag from /home/airflow/.local/lib/python3.12/site-packages/airflow/example_dags/example_xcom.py
[2024-12-28T00:16:54.952+0000] {processor.py:925} INFO - DAG(s) 'example_xcom' retrieved from /home/airflow/.local/lib/python3.12/site-packages/airflow/example_dags/example_xcom.py
[2024-12-28T00:16:54.981+0000] {logging_mixin.py:190} INFO - [2024-12-28T00:16:54.981+0000] {dag.py:3239} INFO - Sync 1 DAGs
[2024-12-28T00:16:55.019+0000] {logging_mixin.py:190} INFO - [2024-12-28T00:16:55.019+0000] {dag.py:4180} INFO - Setting next_dagrun for example_xcom to 2021-01-01 00:00:00+00:00, run_after=2021-01-01 00:00:00+00:00
[2024-12-28T00:16:55.052+0000] {processor.py:208} INFO - Processing /home/airflow/.local/lib/python3.12/site-packages/airflow/example_dags/example_xcom.py took 0.118 seconds
[2024-12-28T00:17:26.337+0000] {processor.py:186} INFO - Started process (PID=29945) to work on /home/airflow/.local/lib/python3.12/site-packages/airflow/example_dags/example_xcom.py
[2024-12-28T00:17:26.339+0000] {processor.py:914} INFO - Processing file /home/airflow/.local/lib/python3.12/site-packages/airflow/example_dags/example_xcom.py for tasks to queue
[2024-12-28T00:17:26.340+0000] {logging_mixin.py:190} INFO - [2024-12-28T00:17:26.340+0000] {dagbag.py:588} INFO - Filling up the DagBag from /home/airflow/.local/lib/python3.12/site-packages/airflow/example_dags/example_xcom.py
[2024-12-28T00:17:26.350+0000] {processor.py:925} INFO - DAG(s) 'example_xcom' retrieved from /home/airflow/.local/lib/python3.12/site-packages/airflow/example_dags/example_xcom.py
[2024-12-28T00:17:26.377+0000] {logging_mixin.py:190} INFO - [2024-12-28T00:17:26.377+0000] {dag.py:3239} INFO - Sync 1 DAGs
[2024-12-28T00:17:26.403+0000] {logging_mixin.py:190} INFO - [2024-12-28T00:17:26.403+0000] {dag.py:4180} INFO - Setting next_dagrun for example_xcom to 2021-01-01 00:00:00+00:00, run_after=2021-01-01 00:00:00+00:00
[2024-12-28T00:17:26.430+0000] {processor.py:208} INFO - Processing /home/airflow/.local/lib/python3.12/site-packages/airflow/example_dags/example_xcom.py took 0.098 seconds
[2024-12-28T00:17:57.112+0000] {processor.py:186} INFO - Started process (PID=30009) to work on /home/airflow/.local/lib/python3.12/site-packages/airflow/example_dags/example_xcom.py
[2024-12-28T00:17:57.113+0000] {processor.py:914} INFO - Processing file /home/airflow/.local/lib/python3.12/site-packages/airflow/example_dags/example_xcom.py for tasks to queue
[2024-12-28T00:17:57.115+0000] {logging_mixin.py:190} INFO - [2024-12-28T00:17:57.115+0000] {dagbag.py:588} INFO - Filling up the DagBag from /home/airflow/.local/lib/python3.12/site-packages/airflow/example_dags/example_xcom.py
[2024-12-28T00:17:57.124+0000] {processor.py:925} INFO - DAG(s) 'example_xcom' retrieved from /home/airflow/.local/lib/python3.12/site-packages/airflow/example_dags/example_xcom.py
[2024-12-28T00:17:57.152+0000] {logging_mixin.py:190} INFO - [2024-12-28T00:17:57.151+0000] {dag.py:3239} INFO - Sync 1 DAGs
[2024-12-28T00:17:57.178+0000] {logging_mixin.py:190} INFO - [2024-12-28T00:17:57.178+0000] {dag.py:4180} INFO - Setting next_dagrun for example_xcom to 2021-01-01 00:00:00+00:00, run_after=2021-01-01 00:00:00+00:00
[2024-12-28T00:17:57.209+0000] {processor.py:208} INFO - Processing /home/airflow/.local/lib/python3.12/site-packages/airflow/example_dags/example_xcom.py took 0.102 seconds
[2024-12-28T00:18:28.354+0000] {processor.py:186} INFO - Started process (PID=30073) to work on /home/airflow/.local/lib/python3.12/site-packages/airflow/example_dags/example_xcom.py
[2024-12-28T00:18:28.356+0000] {processor.py:914} INFO - Processing file /home/airflow/.local/lib/python3.12/site-packages/airflow/example_dags/example_xcom.py for tasks to queue
[2024-12-28T00:18:28.358+0000] {logging_mixin.py:190} INFO - [2024-12-28T00:18:28.357+0000] {dagbag.py:588} INFO - Filling up the DagBag from /home/airflow/.local/lib/python3.12/site-packages/airflow/example_dags/example_xcom.py
[2024-12-28T00:18:28.368+0000] {processor.py:925} INFO - DAG(s) 'example_xcom' retrieved from /home/airflow/.local/lib/python3.12/site-packages/airflow/example_dags/example_xcom.py
[2024-12-28T00:18:28.395+0000] {logging_mixin.py:190} INFO - [2024-12-28T00:18:28.395+0000] {dag.py:3239} INFO - Sync 1 DAGs
[2024-12-28T00:18:28.418+0000] {logging_mixin.py:190} INFO - [2024-12-28T00:18:28.418+0000] {dag.py:4180} INFO - Setting next_dagrun for example_xcom to 2021-01-01 00:00:00+00:00, run_after=2021-01-01 00:00:00+00:00
[2024-12-28T00:18:28.446+0000] {processor.py:208} INFO - Processing /home/airflow/.local/lib/python3.12/site-packages/airflow/example_dags/example_xcom.py took 0.097 seconds
[2024-12-28T00:18:59.826+0000] {processor.py:186} INFO - Started process (PID=30137) to work on /home/airflow/.local/lib/python3.12/site-packages/airflow/example_dags/example_xcom.py
[2024-12-28T00:18:59.828+0000] {processor.py:914} INFO - Processing file /home/airflow/.local/lib/python3.12/site-packages/airflow/example_dags/example_xcom.py for tasks to queue
[2024-12-28T00:18:59.830+0000] {logging_mixin.py:190} INFO - [2024-12-28T00:18:59.830+0000] {dagbag.py:588} INFO - Filling up the DagBag from /home/airflow/.local/lib/python3.12/site-packages/airflow/example_dags/example_xcom.py
[2024-12-28T00:18:59.840+0000] {processor.py:925} INFO - DAG(s) 'example_xcom' retrieved from /home/airflow/.local/lib/python3.12/site-packages/airflow/example_dags/example_xcom.py
[2024-12-28T00:18:59.865+0000] {logging_mixin.py:190} INFO - [2024-12-28T00:18:59.865+0000] {dag.py:3239} INFO - Sync 1 DAGs
[2024-12-28T00:18:59.891+0000] {logging_mixin.py:190} INFO - [2024-12-28T00:18:59.890+0000] {dag.py:4180} INFO - Setting next_dagrun for example_xcom to 2021-01-01 00:00:00+00:00, run_after=2021-01-01 00:00:00+00:00
[2024-12-28T00:18:59.917+0000] {processor.py:208} INFO - Processing /home/airflow/.local/lib/python3.12/site-packages/airflow/example_dags/example_xcom.py took 0.097 seconds
[2024-12-28T00:19:30.611+0000] {processor.py:186} INFO - Started process (PID=30202) to work on /home/airflow/.local/lib/python3.12/site-packages/airflow/example_dags/example_xcom.py
[2024-12-28T00:19:30.612+0000] {processor.py:914} INFO - Processing file /home/airflow/.local/lib/python3.12/site-packages/airflow/example_dags/example_xcom.py for tasks to queue
[2024-12-28T00:19:30.614+0000] {logging_mixin.py:190} INFO - [2024-12-28T00:19:30.614+0000] {dagbag.py:588} INFO - Filling up the DagBag from /home/airflow/.local/lib/python3.12/site-packages/airflow/example_dags/example_xcom.py
[2024-12-28T00:19:30.625+0000] {processor.py:925} INFO - DAG(s) 'example_xcom' retrieved from /home/airflow/.local/lib/python3.12/site-packages/airflow/example_dags/example_xcom.py
[2024-12-28T00:19:30.650+0000] {logging_mixin.py:190} INFO - [2024-12-28T00:19:30.650+0000] {dag.py:3239} INFO - Sync 1 DAGs
[2024-12-28T00:19:30.675+0000] {logging_mixin.py:190} INFO - [2024-12-28T00:19:30.675+0000] {dag.py:4180} INFO - Setting next_dagrun for example_xcom to 2021-01-01 00:00:00+00:00, run_after=2021-01-01 00:00:00+00:00
[2024-12-28T00:19:30.702+0000] {processor.py:208} INFO - Processing /home/airflow/.local/lib/python3.12/site-packages/airflow/example_dags/example_xcom.py took 0.097 seconds
[2024-12-28T00:20:01.905+0000] {processor.py:186} INFO - Started process (PID=30269) to work on /home/airflow/.local/lib/python3.12/site-packages/airflow/example_dags/example_xcom.py
[2024-12-28T00:20:01.907+0000] {processor.py:914} INFO - Processing file /home/airflow/.local/lib/python3.12/site-packages/airflow/example_dags/example_xcom.py for tasks to queue
[2024-12-28T00:20:01.908+0000] {logging_mixin.py:190} INFO - [2024-12-28T00:20:01.908+0000] {dagbag.py:588} INFO - Filling up the DagBag from /home/airflow/.local/lib/python3.12/site-packages/airflow/example_dags/example_xcom.py
[2024-12-28T00:20:01.919+0000] {processor.py:925} INFO - DAG(s) 'example_xcom' retrieved from /home/airflow/.local/lib/python3.12/site-packages/airflow/example_dags/example_xcom.py
[2024-12-28T00:20:01.944+0000] {logging_mixin.py:190} INFO - [2024-12-28T00:20:01.943+0000] {dag.py:3239} INFO - Sync 1 DAGs
[2024-12-28T00:20:01.967+0000] {logging_mixin.py:190} INFO - [2024-12-28T00:20:01.967+0000] {dag.py:4180} INFO - Setting next_dagrun for example_xcom to 2021-01-01 00:00:00+00:00, run_after=2021-01-01 00:00:00+00:00
[2024-12-28T00:20:01.994+0000] {processor.py:208} INFO - Processing /home/airflow/.local/lib/python3.12/site-packages/airflow/example_dags/example_xcom.py took 0.094 seconds
[2024-12-28T00:20:33.634+0000] {processor.py:186} INFO - Started process (PID=30337) to work on /home/airflow/.local/lib/python3.12/site-packages/airflow/example_dags/example_xcom.py
[2024-12-28T00:20:33.635+0000] {processor.py:914} INFO - Processing file /home/airflow/.local/lib/python3.12/site-packages/airflow/example_dags/example_xcom.py for tasks to queue
[2024-12-28T00:20:33.637+0000] {logging_mixin.py:190} INFO - [2024-12-28T00:20:33.636+0000] {dagbag.py:588} INFO - Filling up the DagBag from /home/airflow/.local/lib/python3.12/site-packages/airflow/example_dags/example_xcom.py
[2024-12-28T00:20:33.648+0000] {processor.py:925} INFO - DAG(s) 'example_xcom' retrieved from /home/airflow/.local/lib/python3.12/site-packages/airflow/example_dags/example_xcom.py
[2024-12-28T00:20:33.675+0000] {logging_mixin.py:190} INFO - [2024-12-28T00:20:33.675+0000] {dag.py:3239} INFO - Sync 1 DAGs
[2024-12-28T00:20:33.701+0000] {logging_mixin.py:190} INFO - [2024-12-28T00:20:33.701+0000] {dag.py:4180} INFO - Setting next_dagrun for example_xcom to 2021-01-01 00:00:00+00:00, run_after=2021-01-01 00:00:00+00:00
[2024-12-28T00:20:33.726+0000] {processor.py:208} INFO - Processing /home/airflow/.local/lib/python3.12/site-packages/airflow/example_dags/example_xcom.py took 0.098 seconds
[2024-12-28T00:21:04.961+0000] {processor.py:186} INFO - Started process (PID=30401) to work on /home/airflow/.local/lib/python3.12/site-packages/airflow/example_dags/example_xcom.py
[2024-12-28T00:21:04.963+0000] {processor.py:914} INFO - Processing file /home/airflow/.local/lib/python3.12/site-packages/airflow/example_dags/example_xcom.py for tasks to queue
[2024-12-28T00:21:04.965+0000] {logging_mixin.py:190} INFO - [2024-12-28T00:21:04.964+0000] {dagbag.py:588} INFO - Filling up the DagBag from /home/airflow/.local/lib/python3.12/site-packages/airflow/example_dags/example_xcom.py
[2024-12-28T00:21:04.976+0000] {processor.py:925} INFO - DAG(s) 'example_xcom' retrieved from /home/airflow/.local/lib/python3.12/site-packages/airflow/example_dags/example_xcom.py
[2024-12-28T00:21:05.001+0000] {logging_mixin.py:190} INFO - [2024-12-28T00:21:05.001+0000] {dag.py:3239} INFO - Sync 1 DAGs
[2024-12-28T00:21:05.026+0000] {logging_mixin.py:190} INFO - [2024-12-28T00:21:05.026+0000] {dag.py:4180} INFO - Setting next_dagrun for example_xcom to 2021-01-01 00:00:00+00:00, run_after=2021-01-01 00:00:00+00:00
[2024-12-28T00:21:05.053+0000] {processor.py:208} INFO - Processing /home/airflow/.local/lib/python3.12/site-packages/airflow/example_dags/example_xcom.py took 0.097 seconds
[2024-12-28T00:21:36.229+0000] {processor.py:186} INFO - Started process (PID=30464) to work on /home/airflow/.local/lib/python3.12/site-packages/airflow/example_dags/example_xcom.py
[2024-12-28T00:21:36.230+0000] {processor.py:914} INFO - Processing file /home/airflow/.local/lib/python3.12/site-packages/airflow/example_dags/example_xcom.py for tasks to queue
[2024-12-28T00:21:36.232+0000] {logging_mixin.py:190} INFO - [2024-12-28T00:21:36.232+0000] {dagbag.py:588} INFO - Filling up the DagBag from /home/airflow/.local/lib/python3.12/site-packages/airflow/example_dags/example_xcom.py
[2024-12-28T00:21:36.245+0000] {processor.py:925} INFO - DAG(s) 'example_xcom' retrieved from /home/airflow/.local/lib/python3.12/site-packages/airflow/example_dags/example_xcom.py
[2024-12-28T00:21:36.271+0000] {logging_mixin.py:190} INFO - [2024-12-28T00:21:36.271+0000] {dag.py:3239} INFO - Sync 1 DAGs
[2024-12-28T00:21:36.298+0000] {logging_mixin.py:190} INFO - [2024-12-28T00:21:36.298+0000] {dag.py:4180} INFO - Setting next_dagrun for example_xcom to 2021-01-01 00:00:00+00:00, run_after=2021-01-01 00:00:00+00:00
[2024-12-28T00:21:36.326+0000] {processor.py:208} INFO - Processing /home/airflow/.local/lib/python3.12/site-packages/airflow/example_dags/example_xcom.py took 0.102 seconds
[2024-12-28T00:22:08.429+0000] {processor.py:186} INFO - Started process (PID=30529) to work on /home/airflow/.local/lib/python3.12/site-packages/airflow/example_dags/example_xcom.py
[2024-12-28T00:22:08.430+0000] {processor.py:914} INFO - Processing file /home/airflow/.local/lib/python3.12/site-packages/airflow/example_dags/example_xcom.py for tasks to queue
[2024-12-28T00:22:08.432+0000] {logging_mixin.py:190} INFO - [2024-12-28T00:22:08.432+0000] {dagbag.py:588} INFO - Filling up the DagBag from /home/airflow/.local/lib/python3.12/site-packages/airflow/example_dags/example_xcom.py
[2024-12-28T00:22:08.445+0000] {processor.py:925} INFO - DAG(s) 'example_xcom' retrieved from /home/airflow/.local/lib/python3.12/site-packages/airflow/example_dags/example_xcom.py
[2024-12-28T00:22:08.481+0000] {logging_mixin.py:190} INFO - [2024-12-28T00:22:08.480+0000] {dag.py:3239} INFO - Sync 1 DAGs
[2024-12-28T00:22:08.511+0000] {logging_mixin.py:190} INFO - [2024-12-28T00:22:08.510+0000] {dag.py:4180} INFO - Setting next_dagrun for example_xcom to 2021-01-01 00:00:00+00:00, run_after=2021-01-01 00:00:00+00:00
[2024-12-28T00:22:08.540+0000] {processor.py:208} INFO - Processing /home/airflow/.local/lib/python3.12/site-packages/airflow/example_dags/example_xcom.py took 0.118 seconds
