[2024-12-28T00:00:22.864+0000] {processor.py:186} INFO - Started process (PID=27804) to work on /home/airflow/.local/lib/python3.12/site-packages/airflow/example_dags/example_datasets.py
[2024-12-28T00:00:22.865+0000] {processor.py:914} INFO - Processing file /home/airflow/.local/lib/python3.12/site-packages/airflow/example_dags/example_datasets.py for tasks to queue
[2024-12-28T00:00:22.867+0000] {logging_mixin.py:190} INFO - [2024-12-28T00:00:22.867+0000] {dagbag.py:588} INFO - Filling up the DagBag from /home/airflow/.local/lib/python3.12/site-packages/airflow/example_dags/example_datasets.py
[2024-12-28T00:00:23.240+0000] {processor.py:925} INFO - DAG(s) 'dataset_consumes_1_and_2', 'conditional_dataset_and_time_based_timetable', 'consume_1_or_2_with_dataset_expressions', 'consume_1_or_both_2_and_3_with_dataset_expressions', 'dataset_produces_2', 'dataset_consumes_1', 'dataset_consumes_1_never_scheduled', 'dataset_produces_1', 'dataset_consumes_unknown_never_scheduled', 'consume_1_and_2_with_dataset_expressions' retrieved from /home/airflow/.local/lib/python3.12/site-packages/airflow/example_dags/example_datasets.py
[2024-12-28T00:00:23.305+0000] {logging_mixin.py:190} INFO - [2024-12-28T00:00:23.304+0000] {dag.py:3239} INFO - Sync 10 DAGs
[2024-12-28T00:00:23.335+0000] {logging_mixin.py:190} INFO - [2024-12-28T00:00:23.335+0000] {dag.py:4180} INFO - Setting next_dagrun for conditional_dataset_and_time_based_timetable to 2024-12-25 01:00:00+00:00, run_after=2024-12-25 01:00:00+00:00
[2024-12-28T00:00:23.341+0000] {logging_mixin.py:190} INFO - [2024-12-28T00:00:23.341+0000] {dag.py:4180} INFO - Setting next_dagrun for consume_1_and_2_with_dataset_expressions to None, run_after=None
[2024-12-28T00:00:23.345+0000] {logging_mixin.py:190} INFO - [2024-12-28T00:00:23.345+0000] {dag.py:4180} INFO - Setting next_dagrun for consume_1_or_2_with_dataset_expressions to None, run_after=None
[2024-12-28T00:00:23.348+0000] {logging_mixin.py:190} INFO - [2024-12-28T00:00:23.348+0000] {dag.py:4180} INFO - Setting next_dagrun for consume_1_or_both_2_and_3_with_dataset_expressions to None, run_after=None
[2024-12-28T00:00:23.351+0000] {logging_mixin.py:190} INFO - [2024-12-28T00:00:23.351+0000] {dag.py:4180} INFO - Setting next_dagrun for dataset_consumes_1 to None, run_after=None
[2024-12-28T00:00:23.354+0000] {logging_mixin.py:190} INFO - [2024-12-28T00:00:23.354+0000] {dag.py:4180} INFO - Setting next_dagrun for dataset_consumes_1_and_2 to None, run_after=None
[2024-12-28T00:00:23.358+0000] {logging_mixin.py:190} INFO - [2024-12-28T00:00:23.357+0000] {dag.py:4180} INFO - Setting next_dagrun for dataset_consumes_1_never_scheduled to None, run_after=None
[2024-12-28T00:00:23.361+0000] {logging_mixin.py:190} INFO - [2024-12-28T00:00:23.361+0000] {dag.py:4180} INFO - Setting next_dagrun for dataset_consumes_unknown_never_scheduled to None, run_after=None
[2024-12-28T00:00:23.366+0000] {logging_mixin.py:190} INFO - [2024-12-28T00:00:23.365+0000] {dag.py:4180} INFO - Setting next_dagrun for dataset_produces_1 to 2024-12-27 00:00:00+00:00, run_after=2024-12-28 00:00:00+00:00
[2024-12-28T00:00:23.369+0000] {logging_mixin.py:190} INFO - [2024-12-28T00:00:23.368+0000] {dag.py:4180} INFO - Setting next_dagrun for dataset_produces_2 to None, run_after=None
[2024-12-28T00:00:23.603+0000] {processor.py:208} INFO - Processing /home/airflow/.local/lib/python3.12/site-packages/airflow/example_dags/example_datasets.py took 0.744 seconds
[2024-12-28T00:00:54.210+0000] {processor.py:186} INFO - Started process (PID=27868) to work on /home/airflow/.local/lib/python3.12/site-packages/airflow/example_dags/example_datasets.py
[2024-12-28T00:00:54.211+0000] {processor.py:914} INFO - Processing file /home/airflow/.local/lib/python3.12/site-packages/airflow/example_dags/example_datasets.py for tasks to queue
[2024-12-28T00:00:54.213+0000] {logging_mixin.py:190} INFO - [2024-12-28T00:00:54.213+0000] {dagbag.py:588} INFO - Filling up the DagBag from /home/airflow/.local/lib/python3.12/site-packages/airflow/example_dags/example_datasets.py
[2024-12-28T00:00:54.693+0000] {processor.py:925} INFO - DAG(s) 'dataset_consumes_1', 'conditional_dataset_and_time_based_timetable', 'dataset_consumes_1_never_scheduled', 'dataset_consumes_1_and_2', 'dataset_consumes_unknown_never_scheduled', 'consume_1_and_2_with_dataset_expressions', 'dataset_produces_2', 'consume_1_or_both_2_and_3_with_dataset_expressions', 'dataset_produces_1', 'consume_1_or_2_with_dataset_expressions' retrieved from /home/airflow/.local/lib/python3.12/site-packages/airflow/example_dags/example_datasets.py
[2024-12-28T00:00:54.759+0000] {logging_mixin.py:190} INFO - [2024-12-28T00:00:54.758+0000] {dag.py:3239} INFO - Sync 10 DAGs
[2024-12-28T00:00:54.791+0000] {logging_mixin.py:190} INFO - [2024-12-28T00:00:54.791+0000] {dag.py:4180} INFO - Setting next_dagrun for conditional_dataset_and_time_based_timetable to 2024-12-25 01:00:00+00:00, run_after=2024-12-25 01:00:00+00:00
[2024-12-28T00:00:54.798+0000] {logging_mixin.py:190} INFO - [2024-12-28T00:00:54.798+0000] {dag.py:4180} INFO - Setting next_dagrun for consume_1_and_2_with_dataset_expressions to None, run_after=None
[2024-12-28T00:00:54.802+0000] {logging_mixin.py:190} INFO - [2024-12-28T00:00:54.801+0000] {dag.py:4180} INFO - Setting next_dagrun for consume_1_or_2_with_dataset_expressions to None, run_after=None
[2024-12-28T00:00:54.805+0000] {logging_mixin.py:190} INFO - [2024-12-28T00:00:54.804+0000] {dag.py:4180} INFO - Setting next_dagrun for consume_1_or_both_2_and_3_with_dataset_expressions to None, run_after=None
[2024-12-28T00:00:54.808+0000] {logging_mixin.py:190} INFO - [2024-12-28T00:00:54.808+0000] {dag.py:4180} INFO - Setting next_dagrun for dataset_consumes_1 to None, run_after=None
[2024-12-28T00:00:54.812+0000] {logging_mixin.py:190} INFO - [2024-12-28T00:00:54.811+0000] {dag.py:4180} INFO - Setting next_dagrun for dataset_consumes_1_and_2 to None, run_after=None
[2024-12-28T00:00:54.814+0000] {logging_mixin.py:190} INFO - [2024-12-28T00:00:54.814+0000] {dag.py:4180} INFO - Setting next_dagrun for dataset_consumes_1_never_scheduled to None, run_after=None
[2024-12-28T00:00:54.817+0000] {logging_mixin.py:190} INFO - [2024-12-28T00:00:54.817+0000] {dag.py:4180} INFO - Setting next_dagrun for dataset_consumes_unknown_never_scheduled to None, run_after=None
[2024-12-28T00:00:54.821+0000] {logging_mixin.py:190} INFO - [2024-12-28T00:00:54.820+0000] {dag.py:4180} INFO - Setting next_dagrun for dataset_produces_1 to 2024-12-27 00:00:00+00:00, run_after=2024-12-28 00:00:00+00:00
[2024-12-28T00:00:54.824+0000] {logging_mixin.py:190} INFO - [2024-12-28T00:00:54.823+0000] {dag.py:4180} INFO - Setting next_dagrun for dataset_produces_2 to None, run_after=None
[2024-12-28T00:00:55.165+0000] {processor.py:208} INFO - Processing /home/airflow/.local/lib/python3.12/site-packages/airflow/example_dags/example_datasets.py took 0.960 seconds
[2024-12-28T00:01:26.196+0000] {processor.py:186} INFO - Started process (PID=27932) to work on /home/airflow/.local/lib/python3.12/site-packages/airflow/example_dags/example_datasets.py
[2024-12-28T00:01:26.198+0000] {processor.py:914} INFO - Processing file /home/airflow/.local/lib/python3.12/site-packages/airflow/example_dags/example_datasets.py for tasks to queue
[2024-12-28T00:01:26.201+0000] {logging_mixin.py:190} INFO - [2024-12-28T00:01:26.200+0000] {dagbag.py:588} INFO - Filling up the DagBag from /home/airflow/.local/lib/python3.12/site-packages/airflow/example_dags/example_datasets.py
[2024-12-28T00:01:26.600+0000] {processor.py:925} INFO - DAG(s) 'consume_1_or_both_2_and_3_with_dataset_expressions', 'dataset_consumes_unknown_never_scheduled', 'dataset_consumes_1_and_2', 'conditional_dataset_and_time_based_timetable', 'dataset_produces_2', 'consume_1_and_2_with_dataset_expressions', 'dataset_produces_1', 'dataset_consumes_1', 'dataset_consumes_1_never_scheduled', 'consume_1_or_2_with_dataset_expressions' retrieved from /home/airflow/.local/lib/python3.12/site-packages/airflow/example_dags/example_datasets.py
[2024-12-28T00:01:26.663+0000] {logging_mixin.py:190} INFO - [2024-12-28T00:01:26.663+0000] {dag.py:3239} INFO - Sync 10 DAGs
[2024-12-28T00:01:26.694+0000] {logging_mixin.py:190} INFO - [2024-12-28T00:01:26.693+0000] {dag.py:4180} INFO - Setting next_dagrun for conditional_dataset_and_time_based_timetable to 2024-12-25 01:00:00+00:00, run_after=2024-12-25 01:00:00+00:00
[2024-12-28T00:01:26.700+0000] {logging_mixin.py:190} INFO - [2024-12-28T00:01:26.699+0000] {dag.py:4180} INFO - Setting next_dagrun for consume_1_and_2_with_dataset_expressions to None, run_after=None
[2024-12-28T00:01:26.703+0000] {logging_mixin.py:190} INFO - [2024-12-28T00:01:26.703+0000] {dag.py:4180} INFO - Setting next_dagrun for consume_1_or_2_with_dataset_expressions to None, run_after=None
[2024-12-28T00:01:26.706+0000] {logging_mixin.py:190} INFO - [2024-12-28T00:01:26.706+0000] {dag.py:4180} INFO - Setting next_dagrun for consume_1_or_both_2_and_3_with_dataset_expressions to None, run_after=None
[2024-12-28T00:01:26.709+0000] {logging_mixin.py:190} INFO - [2024-12-28T00:01:26.709+0000] {dag.py:4180} INFO - Setting next_dagrun for dataset_consumes_1 to None, run_after=None
[2024-12-28T00:01:26.712+0000] {logging_mixin.py:190} INFO - [2024-12-28T00:01:26.712+0000] {dag.py:4180} INFO - Setting next_dagrun for dataset_consumes_1_and_2 to None, run_after=None
[2024-12-28T00:01:26.715+0000] {logging_mixin.py:190} INFO - [2024-12-28T00:01:26.715+0000] {dag.py:4180} INFO - Setting next_dagrun for dataset_consumes_1_never_scheduled to None, run_after=None
[2024-12-28T00:01:26.718+0000] {logging_mixin.py:190} INFO - [2024-12-28T00:01:26.717+0000] {dag.py:4180} INFO - Setting next_dagrun for dataset_consumes_unknown_never_scheduled to None, run_after=None
[2024-12-28T00:01:26.722+0000] {logging_mixin.py:190} INFO - [2024-12-28T00:01:26.722+0000] {dag.py:4180} INFO - Setting next_dagrun for dataset_produces_1 to 2024-12-27 00:00:00+00:00, run_after=2024-12-28 00:00:00+00:00
[2024-12-28T00:01:26.725+0000] {logging_mixin.py:190} INFO - [2024-12-28T00:01:26.725+0000] {dag.py:4180} INFO - Setting next_dagrun for dataset_produces_2 to None, run_after=None
[2024-12-28T00:01:26.961+0000] {processor.py:208} INFO - Processing /home/airflow/.local/lib/python3.12/site-packages/airflow/example_dags/example_datasets.py took 0.769 seconds
[2024-12-28T00:01:57.260+0000] {processor.py:186} INFO - Started process (PID=27996) to work on /home/airflow/.local/lib/python3.12/site-packages/airflow/example_dags/example_datasets.py
[2024-12-28T00:01:57.262+0000] {processor.py:914} INFO - Processing file /home/airflow/.local/lib/python3.12/site-packages/airflow/example_dags/example_datasets.py for tasks to queue
[2024-12-28T00:01:57.264+0000] {logging_mixin.py:190} INFO - [2024-12-28T00:01:57.263+0000] {dagbag.py:588} INFO - Filling up the DagBag from /home/airflow/.local/lib/python3.12/site-packages/airflow/example_dags/example_datasets.py
[2024-12-28T00:01:57.897+0000] {processor.py:925} INFO - DAG(s) 'dataset_consumes_unknown_never_scheduled', 'dataset_consumes_1_and_2', 'conditional_dataset_and_time_based_timetable', 'consume_1_or_2_with_dataset_expressions', 'dataset_consumes_1', 'dataset_produces_1', 'consume_1_and_2_with_dataset_expressions', 'consume_1_or_both_2_and_3_with_dataset_expressions', 'dataset_consumes_1_never_scheduled', 'dataset_produces_2' retrieved from /home/airflow/.local/lib/python3.12/site-packages/airflow/example_dags/example_datasets.py
[2024-12-28T00:01:57.966+0000] {logging_mixin.py:190} INFO - [2024-12-28T00:01:57.966+0000] {dag.py:3239} INFO - Sync 10 DAGs
[2024-12-28T00:01:57.997+0000] {logging_mixin.py:190} INFO - [2024-12-28T00:01:57.997+0000] {dag.py:4180} INFO - Setting next_dagrun for conditional_dataset_and_time_based_timetable to 2024-12-25 01:00:00+00:00, run_after=2024-12-25 01:00:00+00:00
[2024-12-28T00:01:58.004+0000] {logging_mixin.py:190} INFO - [2024-12-28T00:01:58.003+0000] {dag.py:4180} INFO - Setting next_dagrun for consume_1_and_2_with_dataset_expressions to None, run_after=None
[2024-12-28T00:01:58.007+0000] {logging_mixin.py:190} INFO - [2024-12-28T00:01:58.007+0000] {dag.py:4180} INFO - Setting next_dagrun for consume_1_or_2_with_dataset_expressions to None, run_after=None
[2024-12-28T00:01:58.010+0000] {logging_mixin.py:190} INFO - [2024-12-28T00:01:58.010+0000] {dag.py:4180} INFO - Setting next_dagrun for consume_1_or_both_2_and_3_with_dataset_expressions to None, run_after=None
[2024-12-28T00:01:58.012+0000] {logging_mixin.py:190} INFO - [2024-12-28T00:01:58.012+0000] {dag.py:4180} INFO - Setting next_dagrun for dataset_consumes_1 to None, run_after=None
[2024-12-28T00:01:58.015+0000] {logging_mixin.py:190} INFO - [2024-12-28T00:01:58.015+0000] {dag.py:4180} INFO - Setting next_dagrun for dataset_consumes_1_and_2 to None, run_after=None
[2024-12-28T00:01:58.018+0000] {logging_mixin.py:190} INFO - [2024-12-28T00:01:58.018+0000] {dag.py:4180} INFO - Setting next_dagrun for dataset_consumes_1_never_scheduled to None, run_after=None
[2024-12-28T00:01:58.021+0000] {logging_mixin.py:190} INFO - [2024-12-28T00:01:58.021+0000] {dag.py:4180} INFO - Setting next_dagrun for dataset_consumes_unknown_never_scheduled to None, run_after=None
[2024-12-28T00:01:58.025+0000] {logging_mixin.py:190} INFO - [2024-12-28T00:01:58.024+0000] {dag.py:4180} INFO - Setting next_dagrun for dataset_produces_1 to 2024-12-27 00:00:00+00:00, run_after=2024-12-28 00:00:00+00:00
[2024-12-28T00:01:58.028+0000] {logging_mixin.py:190} INFO - [2024-12-28T00:01:58.027+0000] {dag.py:4180} INFO - Setting next_dagrun for dataset_produces_2 to None, run_after=None
[2024-12-28T00:01:58.081+0000] {processor.py:208} INFO - Processing /home/airflow/.local/lib/python3.12/site-packages/airflow/example_dags/example_datasets.py took 0.825 seconds
