[2024-12-28T00:00:05.401+0000] {processor.py:186} INFO - Started process (PID=27756) to work on /home/airflow/.local/lib/python3.12/site-packages/airflow/example_dags/example_latest_only.py
[2024-12-28T00:00:05.402+0000] {processor.py:914} INFO - Processing file /home/airflow/.local/lib/python3.12/site-packages/airflow/example_dags/example_latest_only.py for tasks to queue
[2024-12-28T00:00:05.405+0000] {logging_mixin.py:190} INFO - [2024-12-28T00:00:05.405+0000] {dagbag.py:588} INFO - Filling up the DagBag from /home/airflow/.local/lib/python3.12/site-packages/airflow/example_dags/example_latest_only.py
[2024-12-28T00:00:05.416+0000] {processor.py:925} INFO - DAG(s) 'latest_only' retrieved from /home/airflow/.local/lib/python3.12/site-packages/airflow/example_dags/example_latest_only.py
[2024-12-28T00:00:05.440+0000] {logging_mixin.py:190} INFO - [2024-12-28T00:00:05.439+0000] {dag.py:3239} INFO - Sync 1 DAGs
[2024-12-28T00:00:05.466+0000] {logging_mixin.py:190} INFO - [2024-12-28T00:00:05.466+0000] {dag.py:4180} INFO - Setting next_dagrun for latest_only to 2024-12-27 20:00:00+00:00, run_after=2024-12-28 00:00:00+00:00
[2024-12-28T00:00:05.498+0000] {processor.py:208} INFO - Processing /home/airflow/.local/lib/python3.12/site-packages/airflow/example_dags/example_latest_only.py took 0.102 seconds
[2024-12-28T00:00:35.687+0000] {processor.py:186} INFO - Started process (PID=27819) to work on /home/airflow/.local/lib/python3.12/site-packages/airflow/example_dags/example_latest_only.py
[2024-12-28T00:00:35.688+0000] {processor.py:914} INFO - Processing file /home/airflow/.local/lib/python3.12/site-packages/airflow/example_dags/example_latest_only.py for tasks to queue
[2024-12-28T00:00:35.690+0000] {logging_mixin.py:190} INFO - [2024-12-28T00:00:35.690+0000] {dagbag.py:588} INFO - Filling up the DagBag from /home/airflow/.local/lib/python3.12/site-packages/airflow/example_dags/example_latest_only.py
[2024-12-28T00:00:35.699+0000] {processor.py:925} INFO - DAG(s) 'latest_only' retrieved from /home/airflow/.local/lib/python3.12/site-packages/airflow/example_dags/example_latest_only.py
[2024-12-28T00:00:35.724+0000] {logging_mixin.py:190} INFO - [2024-12-28T00:00:35.723+0000] {dag.py:3239} INFO - Sync 1 DAGs
[2024-12-28T00:00:35.749+0000] {logging_mixin.py:190} INFO - [2024-12-28T00:00:35.748+0000] {dag.py:4180} INFO - Setting next_dagrun for latest_only to 2024-12-27 20:00:00+00:00, run_after=2024-12-28 00:00:00+00:00
[2024-12-28T00:00:35.775+0000] {processor.py:208} INFO - Processing /home/airflow/.local/lib/python3.12/site-packages/airflow/example_dags/example_latest_only.py took 0.093 seconds
[2024-12-28T00:01:06.390+0000] {processor.py:186} INFO - Started process (PID=27884) to work on /home/airflow/.local/lib/python3.12/site-packages/airflow/example_dags/example_latest_only.py
[2024-12-28T00:01:06.391+0000] {processor.py:914} INFO - Processing file /home/airflow/.local/lib/python3.12/site-packages/airflow/example_dags/example_latest_only.py for tasks to queue
[2024-12-28T00:01:06.393+0000] {logging_mixin.py:190} INFO - [2024-12-28T00:01:06.393+0000] {dagbag.py:588} INFO - Filling up the DagBag from /home/airflow/.local/lib/python3.12/site-packages/airflow/example_dags/example_latest_only.py
[2024-12-28T00:01:06.401+0000] {processor.py:925} INFO - DAG(s) 'latest_only' retrieved from /home/airflow/.local/lib/python3.12/site-packages/airflow/example_dags/example_latest_only.py
[2024-12-28T00:01:06.426+0000] {logging_mixin.py:190} INFO - [2024-12-28T00:01:06.426+0000] {dag.py:3239} INFO - Sync 1 DAGs
[2024-12-28T00:01:06.451+0000] {logging_mixin.py:190} INFO - [2024-12-28T00:01:06.451+0000] {dag.py:4180} INFO - Setting next_dagrun for latest_only to 2024-12-27 20:00:00+00:00, run_after=2024-12-28 00:00:00+00:00
[2024-12-28T00:01:06.475+0000] {processor.py:208} INFO - Processing /home/airflow/.local/lib/python3.12/site-packages/airflow/example_dags/example_latest_only.py took 0.090 seconds
[2024-12-28T00:01:36.935+0000] {processor.py:186} INFO - Started process (PID=27948) to work on /home/airflow/.local/lib/python3.12/site-packages/airflow/example_dags/example_latest_only.py
[2024-12-28T00:01:36.937+0000] {processor.py:914} INFO - Processing file /home/airflow/.local/lib/python3.12/site-packages/airflow/example_dags/example_latest_only.py for tasks to queue
[2024-12-28T00:01:36.941+0000] {logging_mixin.py:190} INFO - [2024-12-28T00:01:36.940+0000] {dagbag.py:588} INFO - Filling up the DagBag from /home/airflow/.local/lib/python3.12/site-packages/airflow/example_dags/example_latest_only.py
[2024-12-28T00:01:36.951+0000] {processor.py:925} INFO - DAG(s) 'latest_only' retrieved from /home/airflow/.local/lib/python3.12/site-packages/airflow/example_dags/example_latest_only.py
[2024-12-28T00:01:36.983+0000] {logging_mixin.py:190} INFO - [2024-12-28T00:01:36.983+0000] {dag.py:3239} INFO - Sync 1 DAGs
[2024-12-28T00:01:37.027+0000] {logging_mixin.py:190} INFO - [2024-12-28T00:01:37.027+0000] {dag.py:4180} INFO - Setting next_dagrun for latest_only to 2024-12-27 20:00:00+00:00, run_after=2024-12-28 00:00:00+00:00
[2024-12-28T00:01:37.069+0000] {processor.py:208} INFO - Processing /home/airflow/.local/lib/python3.12/site-packages/airflow/example_dags/example_latest_only.py took 0.139 seconds
