[2024-12-28T00:00:10.697+0000] {processor.py:186} INFO - Started process (PID=27774) to work on /home/airflow/.local/lib/python3.12/site-packages/airflow/example_dags/example_python_operator.py
[2024-12-28T00:00:10.699+0000] {processor.py:914} INFO - Processing file /home/airflow/.local/lib/python3.12/site-packages/airflow/example_dags/example_python_operator.py for tasks to queue
[2024-12-28T00:00:10.701+0000] {logging_mixin.py:190} INFO - [2024-12-28T00:00:10.701+0000] {dagbag.py:588} INFO - Filling up the DagBag from /home/airflow/.local/lib/python3.12/site-packages/airflow/example_dags/example_python_operator.py
[2024-12-28T00:00:10.715+0000] {processor.py:925} INFO - DAG(s) 'example_python_operator' retrieved from /home/airflow/.local/lib/python3.12/site-packages/airflow/example_dags/example_python_operator.py
[2024-12-28T00:00:10.745+0000] {logging_mixin.py:190} INFO - [2024-12-28T00:00:10.745+0000] {dag.py:3239} INFO - Sync 1 DAGs
[2024-12-28T00:00:10.761+0000] {logging_mixin.py:190} INFO - [2024-12-28T00:00:10.760+0000] {dag.py:4180} INFO - Setting next_dagrun for example_python_operator to None, run_after=None
[2024-12-28T00:00:10.790+0000] {processor.py:208} INFO - Processing /home/airflow/.local/lib/python3.12/site-packages/airflow/example_dags/example_python_operator.py took 0.098 seconds
[2024-12-28T00:00:40.926+0000] {processor.py:186} INFO - Started process (PID=27837) to work on /home/airflow/.local/lib/python3.12/site-packages/airflow/example_dags/example_python_operator.py
[2024-12-28T00:00:40.928+0000] {processor.py:914} INFO - Processing file /home/airflow/.local/lib/python3.12/site-packages/airflow/example_dags/example_python_operator.py for tasks to queue
[2024-12-28T00:00:40.930+0000] {logging_mixin.py:190} INFO - [2024-12-28T00:00:40.929+0000] {dagbag.py:588} INFO - Filling up the DagBag from /home/airflow/.local/lib/python3.12/site-packages/airflow/example_dags/example_python_operator.py
[2024-12-28T00:00:40.943+0000] {processor.py:925} INFO - DAG(s) 'example_python_operator' retrieved from /home/airflow/.local/lib/python3.12/site-packages/airflow/example_dags/example_python_operator.py
[2024-12-28T00:00:40.969+0000] {logging_mixin.py:190} INFO - [2024-12-28T00:00:40.968+0000] {dag.py:3239} INFO - Sync 1 DAGs
[2024-12-28T00:00:40.983+0000] {logging_mixin.py:190} INFO - [2024-12-28T00:00:40.982+0000] {dag.py:4180} INFO - Setting next_dagrun for example_python_operator to None, run_after=None
[2024-12-28T00:00:41.010+0000] {processor.py:208} INFO - Processing /home/airflow/.local/lib/python3.12/site-packages/airflow/example_dags/example_python_operator.py took 0.088 seconds
[2024-12-28T00:01:11.660+0000] {processor.py:186} INFO - Started process (PID=27901) to work on /home/airflow/.local/lib/python3.12/site-packages/airflow/example_dags/example_python_operator.py
[2024-12-28T00:01:11.662+0000] {processor.py:914} INFO - Processing file /home/airflow/.local/lib/python3.12/site-packages/airflow/example_dags/example_python_operator.py for tasks to queue
[2024-12-28T00:01:11.664+0000] {logging_mixin.py:190} INFO - [2024-12-28T00:01:11.663+0000] {dagbag.py:588} INFO - Filling up the DagBag from /home/airflow/.local/lib/python3.12/site-packages/airflow/example_dags/example_python_operator.py
[2024-12-28T00:01:11.676+0000] {processor.py:925} INFO - DAG(s) 'example_python_operator' retrieved from /home/airflow/.local/lib/python3.12/site-packages/airflow/example_dags/example_python_operator.py
[2024-12-28T00:01:11.704+0000] {logging_mixin.py:190} INFO - [2024-12-28T00:01:11.703+0000] {dag.py:3239} INFO - Sync 1 DAGs
[2024-12-28T00:01:11.721+0000] {logging_mixin.py:190} INFO - [2024-12-28T00:01:11.721+0000] {dag.py:4180} INFO - Setting next_dagrun for example_python_operator to None, run_after=None
[2024-12-28T00:01:11.750+0000] {processor.py:208} INFO - Processing /home/airflow/.local/lib/python3.12/site-packages/airflow/example_dags/example_python_operator.py took 0.094 seconds
[2024-12-28T00:01:42.206+0000] {processor.py:186} INFO - Started process (PID=27965) to work on /home/airflow/.local/lib/python3.12/site-packages/airflow/example_dags/example_python_operator.py
[2024-12-28T00:01:42.207+0000] {processor.py:914} INFO - Processing file /home/airflow/.local/lib/python3.12/site-packages/airflow/example_dags/example_python_operator.py for tasks to queue
[2024-12-28T00:01:42.209+0000] {logging_mixin.py:190} INFO - [2024-12-28T00:01:42.208+0000] {dagbag.py:588} INFO - Filling up the DagBag from /home/airflow/.local/lib/python3.12/site-packages/airflow/example_dags/example_python_operator.py
[2024-12-28T00:01:42.224+0000] {processor.py:925} INFO - DAG(s) 'example_python_operator' retrieved from /home/airflow/.local/lib/python3.12/site-packages/airflow/example_dags/example_python_operator.py
[2024-12-28T00:01:42.253+0000] {logging_mixin.py:190} INFO - [2024-12-28T00:01:42.253+0000] {dag.py:3239} INFO - Sync 1 DAGs
[2024-12-28T00:01:42.272+0000] {logging_mixin.py:190} INFO - [2024-12-28T00:01:42.271+0000] {dag.py:4180} INFO - Setting next_dagrun for example_python_operator to None, run_after=None
[2024-12-28T00:01:42.326+0000] {processor.py:208} INFO - Processing /home/airflow/.local/lib/python3.12/site-packages/airflow/example_dags/example_python_operator.py took 0.126 seconds
[2024-12-28T00:02:13.048+0000] {processor.py:186} INFO - Started process (PID=28029) to work on /home/airflow/.local/lib/python3.12/site-packages/airflow/example_dags/example_python_operator.py
[2024-12-28T00:02:13.049+0000] {processor.py:914} INFO - Processing file /home/airflow/.local/lib/python3.12/site-packages/airflow/example_dags/example_python_operator.py for tasks to queue
[2024-12-28T00:02:13.051+0000] {logging_mixin.py:190} INFO - [2024-12-28T00:02:13.051+0000] {dagbag.py:588} INFO - Filling up the DagBag from /home/airflow/.local/lib/python3.12/site-packages/airflow/example_dags/example_python_operator.py
[2024-12-28T00:02:13.064+0000] {processor.py:925} INFO - DAG(s) 'example_python_operator' retrieved from /home/airflow/.local/lib/python3.12/site-packages/airflow/example_dags/example_python_operator.py
[2024-12-28T00:02:13.092+0000] {logging_mixin.py:190} INFO - [2024-12-28T00:02:13.092+0000] {dag.py:3239} INFO - Sync 1 DAGs
[2024-12-28T00:02:13.108+0000] {logging_mixin.py:190} INFO - [2024-12-28T00:02:13.108+0000] {dag.py:4180} INFO - Setting next_dagrun for example_python_operator to None, run_after=None
[2024-12-28T00:02:13.138+0000] {processor.py:208} INFO - Processing /home/airflow/.local/lib/python3.12/site-packages/airflow/example_dags/example_python_operator.py took 0.095 seconds
[2024-12-28T00:02:43.356+0000] {processor.py:186} INFO - Started process (PID=28093) to work on /home/airflow/.local/lib/python3.12/site-packages/airflow/example_dags/example_python_operator.py
[2024-12-28T00:02:43.357+0000] {processor.py:914} INFO - Processing file /home/airflow/.local/lib/python3.12/site-packages/airflow/example_dags/example_python_operator.py for tasks to queue
[2024-12-28T00:02:43.360+0000] {logging_mixin.py:190} INFO - [2024-12-28T00:02:43.359+0000] {dagbag.py:588} INFO - Filling up the DagBag from /home/airflow/.local/lib/python3.12/site-packages/airflow/example_dags/example_python_operator.py
[2024-12-28T00:02:43.374+0000] {processor.py:925} INFO - DAG(s) 'example_python_operator' retrieved from /home/airflow/.local/lib/python3.12/site-packages/airflow/example_dags/example_python_operator.py
[2024-12-28T00:02:43.405+0000] {logging_mixin.py:190} INFO - [2024-12-28T00:02:43.405+0000] {dag.py:3239} INFO - Sync 1 DAGs
[2024-12-28T00:02:43.421+0000] {logging_mixin.py:190} INFO - [2024-12-28T00:02:43.421+0000] {dag.py:4180} INFO - Setting next_dagrun for example_python_operator to None, run_after=None
[2024-12-28T00:02:43.450+0000] {processor.py:208} INFO - Processing /home/airflow/.local/lib/python3.12/site-packages/airflow/example_dags/example_python_operator.py took 0.103 seconds
[2024-12-28T00:03:13.794+0000] {processor.py:186} INFO - Started process (PID=28157) to work on /home/airflow/.local/lib/python3.12/site-packages/airflow/example_dags/example_python_operator.py
[2024-12-28T00:03:13.795+0000] {processor.py:914} INFO - Processing file /home/airflow/.local/lib/python3.12/site-packages/airflow/example_dags/example_python_operator.py for tasks to queue
[2024-12-28T00:03:13.797+0000] {logging_mixin.py:190} INFO - [2024-12-28T00:03:13.797+0000] {dagbag.py:588} INFO - Filling up the DagBag from /home/airflow/.local/lib/python3.12/site-packages/airflow/example_dags/example_python_operator.py
[2024-12-28T00:03:13.810+0000] {processor.py:925} INFO - DAG(s) 'example_python_operator' retrieved from /home/airflow/.local/lib/python3.12/site-packages/airflow/example_dags/example_python_operator.py
[2024-12-28T00:03:13.841+0000] {logging_mixin.py:190} INFO - [2024-12-28T00:03:13.841+0000] {dag.py:3239} INFO - Sync 1 DAGs
[2024-12-28T00:03:13.859+0000] {logging_mixin.py:190} INFO - [2024-12-28T00:03:13.858+0000] {dag.py:4180} INFO - Setting next_dagrun for example_python_operator to None, run_after=None
[2024-12-28T00:03:13.890+0000] {processor.py:208} INFO - Processing /home/airflow/.local/lib/python3.12/site-packages/airflow/example_dags/example_python_operator.py took 0.102 seconds
[2024-12-28T00:03:44.087+0000] {processor.py:186} INFO - Started process (PID=28221) to work on /home/airflow/.local/lib/python3.12/site-packages/airflow/example_dags/example_python_operator.py
[2024-12-28T00:03:44.088+0000] {processor.py:914} INFO - Processing file /home/airflow/.local/lib/python3.12/site-packages/airflow/example_dags/example_python_operator.py for tasks to queue
[2024-12-28T00:03:44.090+0000] {logging_mixin.py:190} INFO - [2024-12-28T00:03:44.089+0000] {dagbag.py:588} INFO - Filling up the DagBag from /home/airflow/.local/lib/python3.12/site-packages/airflow/example_dags/example_python_operator.py
[2024-12-28T00:03:44.102+0000] {processor.py:925} INFO - DAG(s) 'example_python_operator' retrieved from /home/airflow/.local/lib/python3.12/site-packages/airflow/example_dags/example_python_operator.py
[2024-12-28T00:03:44.132+0000] {logging_mixin.py:190} INFO - [2024-12-28T00:03:44.131+0000] {dag.py:3239} INFO - Sync 1 DAGs
[2024-12-28T00:03:44.148+0000] {logging_mixin.py:190} INFO - [2024-12-28T00:03:44.148+0000] {dag.py:4180} INFO - Setting next_dagrun for example_python_operator to None, run_after=None
[2024-12-28T00:03:44.181+0000] {processor.py:208} INFO - Processing /home/airflow/.local/lib/python3.12/site-packages/airflow/example_dags/example_python_operator.py took 0.100 seconds
[2024-12-28T00:04:14.473+0000] {processor.py:186} INFO - Started process (PID=28285) to work on /home/airflow/.local/lib/python3.12/site-packages/airflow/example_dags/example_python_operator.py
[2024-12-28T00:04:14.474+0000] {processor.py:914} INFO - Processing file /home/airflow/.local/lib/python3.12/site-packages/airflow/example_dags/example_python_operator.py for tasks to queue
[2024-12-28T00:04:14.477+0000] {logging_mixin.py:190} INFO - [2024-12-28T00:04:14.476+0000] {dagbag.py:588} INFO - Filling up the DagBag from /home/airflow/.local/lib/python3.12/site-packages/airflow/example_dags/example_python_operator.py
[2024-12-28T00:04:14.491+0000] {processor.py:925} INFO - DAG(s) 'example_python_operator' retrieved from /home/airflow/.local/lib/python3.12/site-packages/airflow/example_dags/example_python_operator.py
[2024-12-28T00:04:14.520+0000] {logging_mixin.py:190} INFO - [2024-12-28T00:04:14.520+0000] {dag.py:3239} INFO - Sync 1 DAGs
[2024-12-28T00:04:14.537+0000] {logging_mixin.py:190} INFO - [2024-12-28T00:04:14.537+0000] {dag.py:4180} INFO - Setting next_dagrun for example_python_operator to None, run_after=None
[2024-12-28T00:04:14.566+0000] {processor.py:208} INFO - Processing /home/airflow/.local/lib/python3.12/site-packages/airflow/example_dags/example_python_operator.py took 0.099 seconds
[2024-12-28T00:04:44.686+0000] {processor.py:186} INFO - Started process (PID=28350) to work on /home/airflow/.local/lib/python3.12/site-packages/airflow/example_dags/example_python_operator.py
[2024-12-28T00:04:44.687+0000] {processor.py:914} INFO - Processing file /home/airflow/.local/lib/python3.12/site-packages/airflow/example_dags/example_python_operator.py for tasks to queue
[2024-12-28T00:04:44.689+0000] {logging_mixin.py:190} INFO - [2024-12-28T00:04:44.689+0000] {dagbag.py:588} INFO - Filling up the DagBag from /home/airflow/.local/lib/python3.12/site-packages/airflow/example_dags/example_python_operator.py
[2024-12-28T00:04:44.704+0000] {processor.py:925} INFO - DAG(s) 'example_python_operator' retrieved from /home/airflow/.local/lib/python3.12/site-packages/airflow/example_dags/example_python_operator.py
[2024-12-28T00:04:44.733+0000] {logging_mixin.py:190} INFO - [2024-12-28T00:04:44.733+0000] {dag.py:3239} INFO - Sync 1 DAGs
[2024-12-28T00:04:44.751+0000] {logging_mixin.py:190} INFO - [2024-12-28T00:04:44.750+0000] {dag.py:4180} INFO - Setting next_dagrun for example_python_operator to None, run_after=None
[2024-12-28T00:04:44.780+0000] {processor.py:208} INFO - Processing /home/airflow/.local/lib/python3.12/site-packages/airflow/example_dags/example_python_operator.py took 0.099 seconds
[2024-12-28T00:05:15.115+0000] {processor.py:186} INFO - Started process (PID=28414) to work on /home/airflow/.local/lib/python3.12/site-packages/airflow/example_dags/example_python_operator.py
[2024-12-28T00:05:15.116+0000] {processor.py:914} INFO - Processing file /home/airflow/.local/lib/python3.12/site-packages/airflow/example_dags/example_python_operator.py for tasks to queue
[2024-12-28T00:05:15.118+0000] {logging_mixin.py:190} INFO - [2024-12-28T00:05:15.117+0000] {dagbag.py:588} INFO - Filling up the DagBag from /home/airflow/.local/lib/python3.12/site-packages/airflow/example_dags/example_python_operator.py
[2024-12-28T00:05:15.130+0000] {processor.py:925} INFO - DAG(s) 'example_python_operator' retrieved from /home/airflow/.local/lib/python3.12/site-packages/airflow/example_dags/example_python_operator.py
[2024-12-28T00:05:15.157+0000] {logging_mixin.py:190} INFO - [2024-12-28T00:05:15.156+0000] {dag.py:3239} INFO - Sync 1 DAGs
[2024-12-28T00:05:15.172+0000] {logging_mixin.py:190} INFO - [2024-12-28T00:05:15.171+0000] {dag.py:4180} INFO - Setting next_dagrun for example_python_operator to None, run_after=None
[2024-12-28T00:05:15.199+0000] {processor.py:208} INFO - Processing /home/airflow/.local/lib/python3.12/site-packages/airflow/example_dags/example_python_operator.py took 0.089 seconds
[2024-12-28T00:05:45.373+0000] {processor.py:186} INFO - Started process (PID=28478) to work on /home/airflow/.local/lib/python3.12/site-packages/airflow/example_dags/example_python_operator.py
[2024-12-28T00:05:45.374+0000] {processor.py:914} INFO - Processing file /home/airflow/.local/lib/python3.12/site-packages/airflow/example_dags/example_python_operator.py for tasks to queue
[2024-12-28T00:05:45.376+0000] {logging_mixin.py:190} INFO - [2024-12-28T00:05:45.376+0000] {dagbag.py:588} INFO - Filling up the DagBag from /home/airflow/.local/lib/python3.12/site-packages/airflow/example_dags/example_python_operator.py
[2024-12-28T00:05:45.388+0000] {processor.py:925} INFO - DAG(s) 'example_python_operator' retrieved from /home/airflow/.local/lib/python3.12/site-packages/airflow/example_dags/example_python_operator.py
[2024-12-28T00:05:45.416+0000] {logging_mixin.py:190} INFO - [2024-12-28T00:05:45.415+0000] {dag.py:3239} INFO - Sync 1 DAGs
[2024-12-28T00:05:45.433+0000] {logging_mixin.py:190} INFO - [2024-12-28T00:05:45.433+0000] {dag.py:4180} INFO - Setting next_dagrun for example_python_operator to None, run_after=None
[2024-12-28T00:05:45.464+0000] {processor.py:208} INFO - Processing /home/airflow/.local/lib/python3.12/site-packages/airflow/example_dags/example_python_operator.py took 0.096 seconds
[2024-12-28T00:06:16.054+0000] {processor.py:186} INFO - Started process (PID=28542) to work on /home/airflow/.local/lib/python3.12/site-packages/airflow/example_dags/example_python_operator.py
[2024-12-28T00:06:16.056+0000] {processor.py:914} INFO - Processing file /home/airflow/.local/lib/python3.12/site-packages/airflow/example_dags/example_python_operator.py for tasks to queue
[2024-12-28T00:06:16.058+0000] {logging_mixin.py:190} INFO - [2024-12-28T00:06:16.058+0000] {dagbag.py:588} INFO - Filling up the DagBag from /home/airflow/.local/lib/python3.12/site-packages/airflow/example_dags/example_python_operator.py
[2024-12-28T00:06:16.072+0000] {processor.py:925} INFO - DAG(s) 'example_python_operator' retrieved from /home/airflow/.local/lib/python3.12/site-packages/airflow/example_dags/example_python_operator.py
[2024-12-28T00:06:16.102+0000] {logging_mixin.py:190} INFO - [2024-12-28T00:06:16.102+0000] {dag.py:3239} INFO - Sync 1 DAGs
[2024-12-28T00:06:16.125+0000] {logging_mixin.py:190} INFO - [2024-12-28T00:06:16.124+0000] {dag.py:4180} INFO - Setting next_dagrun for example_python_operator to None, run_after=None
[2024-12-28T00:06:16.155+0000] {processor.py:208} INFO - Processing /home/airflow/.local/lib/python3.12/site-packages/airflow/example_dags/example_python_operator.py took 0.106 seconds
[2024-12-28T00:06:46.678+0000] {processor.py:186} INFO - Started process (PID=28606) to work on /home/airflow/.local/lib/python3.12/site-packages/airflow/example_dags/example_python_operator.py
[2024-12-28T00:06:46.679+0000] {processor.py:914} INFO - Processing file /home/airflow/.local/lib/python3.12/site-packages/airflow/example_dags/example_python_operator.py for tasks to queue
[2024-12-28T00:06:46.681+0000] {logging_mixin.py:190} INFO - [2024-12-28T00:06:46.680+0000] {dagbag.py:588} INFO - Filling up the DagBag from /home/airflow/.local/lib/python3.12/site-packages/airflow/example_dags/example_python_operator.py
[2024-12-28T00:06:46.696+0000] {processor.py:925} INFO - DAG(s) 'example_python_operator' retrieved from /home/airflow/.local/lib/python3.12/site-packages/airflow/example_dags/example_python_operator.py
[2024-12-28T00:06:46.730+0000] {logging_mixin.py:190} INFO - [2024-12-28T00:06:46.730+0000] {dag.py:3239} INFO - Sync 1 DAGs
[2024-12-28T00:06:46.752+0000] {logging_mixin.py:190} INFO - [2024-12-28T00:06:46.752+0000] {dag.py:4180} INFO - Setting next_dagrun for example_python_operator to None, run_after=None
[2024-12-28T00:06:46.787+0000] {processor.py:208} INFO - Processing /home/airflow/.local/lib/python3.12/site-packages/airflow/example_dags/example_python_operator.py took 0.116 seconds
[2024-12-28T00:07:16.863+0000] {processor.py:186} INFO - Started process (PID=28670) to work on /home/airflow/.local/lib/python3.12/site-packages/airflow/example_dags/example_python_operator.py
[2024-12-28T00:07:16.865+0000] {processor.py:914} INFO - Processing file /home/airflow/.local/lib/python3.12/site-packages/airflow/example_dags/example_python_operator.py for tasks to queue
[2024-12-28T00:07:16.867+0000] {logging_mixin.py:190} INFO - [2024-12-28T00:07:16.866+0000] {dagbag.py:588} INFO - Filling up the DagBag from /home/airflow/.local/lib/python3.12/site-packages/airflow/example_dags/example_python_operator.py
[2024-12-28T00:07:16.888+0000] {processor.py:925} INFO - DAG(s) 'example_python_operator' retrieved from /home/airflow/.local/lib/python3.12/site-packages/airflow/example_dags/example_python_operator.py
[2024-12-28T00:07:16.924+0000] {logging_mixin.py:190} INFO - [2024-12-28T00:07:16.923+0000] {dag.py:3239} INFO - Sync 1 DAGs
[2024-12-28T00:07:16.944+0000] {logging_mixin.py:190} INFO - [2024-12-28T00:07:16.943+0000] {dag.py:4180} INFO - Setting next_dagrun for example_python_operator to None, run_after=None
[2024-12-28T00:07:16.975+0000] {processor.py:208} INFO - Processing /home/airflow/.local/lib/python3.12/site-packages/airflow/example_dags/example_python_operator.py took 0.119 seconds
[2024-12-28T00:07:47.135+0000] {processor.py:186} INFO - Started process (PID=28735) to work on /home/airflow/.local/lib/python3.12/site-packages/airflow/example_dags/example_python_operator.py
[2024-12-28T00:07:47.136+0000] {processor.py:914} INFO - Processing file /home/airflow/.local/lib/python3.12/site-packages/airflow/example_dags/example_python_operator.py for tasks to queue
[2024-12-28T00:07:47.139+0000] {logging_mixin.py:190} INFO - [2024-12-28T00:07:47.138+0000] {dagbag.py:588} INFO - Filling up the DagBag from /home/airflow/.local/lib/python3.12/site-packages/airflow/example_dags/example_python_operator.py
[2024-12-28T00:07:47.152+0000] {processor.py:925} INFO - DAG(s) 'example_python_operator' retrieved from /home/airflow/.local/lib/python3.12/site-packages/airflow/example_dags/example_python_operator.py
[2024-12-28T00:07:47.187+0000] {logging_mixin.py:190} INFO - [2024-12-28T00:07:47.187+0000] {dag.py:3239} INFO - Sync 1 DAGs
[2024-12-28T00:07:47.206+0000] {logging_mixin.py:190} INFO - [2024-12-28T00:07:47.206+0000] {dag.py:4180} INFO - Setting next_dagrun for example_python_operator to None, run_after=None
[2024-12-28T00:07:47.236+0000] {processor.py:208} INFO - Processing /home/airflow/.local/lib/python3.12/site-packages/airflow/example_dags/example_python_operator.py took 0.107 seconds
[2024-12-28T00:08:17.749+0000] {processor.py:186} INFO - Started process (PID=28799) to work on /home/airflow/.local/lib/python3.12/site-packages/airflow/example_dags/example_python_operator.py
[2024-12-28T00:08:17.751+0000] {processor.py:914} INFO - Processing file /home/airflow/.local/lib/python3.12/site-packages/airflow/example_dags/example_python_operator.py for tasks to queue
[2024-12-28T00:08:17.753+0000] {logging_mixin.py:190} INFO - [2024-12-28T00:08:17.752+0000] {dagbag.py:588} INFO - Filling up the DagBag from /home/airflow/.local/lib/python3.12/site-packages/airflow/example_dags/example_python_operator.py
[2024-12-28T00:08:17.767+0000] {processor.py:925} INFO - DAG(s) 'example_python_operator' retrieved from /home/airflow/.local/lib/python3.12/site-packages/airflow/example_dags/example_python_operator.py
[2024-12-28T00:08:17.794+0000] {logging_mixin.py:190} INFO - [2024-12-28T00:08:17.794+0000] {dag.py:3239} INFO - Sync 1 DAGs
[2024-12-28T00:08:17.810+0000] {logging_mixin.py:190} INFO - [2024-12-28T00:08:17.810+0000] {dag.py:4180} INFO - Setting next_dagrun for example_python_operator to None, run_after=None
[2024-12-28T00:08:17.836+0000] {processor.py:208} INFO - Processing /home/airflow/.local/lib/python3.12/site-packages/airflow/example_dags/example_python_operator.py took 0.092 seconds
[2024-12-28T00:08:48.008+0000] {processor.py:186} INFO - Started process (PID=28863) to work on /home/airflow/.local/lib/python3.12/site-packages/airflow/example_dags/example_python_operator.py
[2024-12-28T00:08:48.009+0000] {processor.py:914} INFO - Processing file /home/airflow/.local/lib/python3.12/site-packages/airflow/example_dags/example_python_operator.py for tasks to queue
[2024-12-28T00:08:48.012+0000] {logging_mixin.py:190} INFO - [2024-12-28T00:08:48.011+0000] {dagbag.py:588} INFO - Filling up the DagBag from /home/airflow/.local/lib/python3.12/site-packages/airflow/example_dags/example_python_operator.py
[2024-12-28T00:08:48.027+0000] {processor.py:925} INFO - DAG(s) 'example_python_operator' retrieved from /home/airflow/.local/lib/python3.12/site-packages/airflow/example_dags/example_python_operator.py
[2024-12-28T00:08:48.058+0000] {logging_mixin.py:190} INFO - [2024-12-28T00:08:48.057+0000] {dag.py:3239} INFO - Sync 1 DAGs
[2024-12-28T00:08:48.077+0000] {logging_mixin.py:190} INFO - [2024-12-28T00:08:48.077+0000] {dag.py:4180} INFO - Setting next_dagrun for example_python_operator to None, run_after=None
[2024-12-28T00:08:48.106+0000] {processor.py:208} INFO - Processing /home/airflow/.local/lib/python3.12/site-packages/airflow/example_dags/example_python_operator.py took 0.105 seconds
[2024-12-28T00:09:18.945+0000] {processor.py:186} INFO - Started process (PID=28933) to work on /home/airflow/.local/lib/python3.12/site-packages/airflow/example_dags/example_python_operator.py
[2024-12-28T00:09:18.946+0000] {processor.py:914} INFO - Processing file /home/airflow/.local/lib/python3.12/site-packages/airflow/example_dags/example_python_operator.py for tasks to queue
[2024-12-28T00:09:18.947+0000] {logging_mixin.py:190} INFO - [2024-12-28T00:09:18.947+0000] {dagbag.py:588} INFO - Filling up the DagBag from /home/airflow/.local/lib/python3.12/site-packages/airflow/example_dags/example_python_operator.py
[2024-12-28T00:09:18.959+0000] {processor.py:925} INFO - DAG(s) 'example_python_operator' retrieved from /home/airflow/.local/lib/python3.12/site-packages/airflow/example_dags/example_python_operator.py
[2024-12-28T00:09:18.985+0000] {logging_mixin.py:190} INFO - [2024-12-28T00:09:18.985+0000] {dag.py:3239} INFO - Sync 1 DAGs
[2024-12-28T00:09:19.001+0000] {logging_mixin.py:190} INFO - [2024-12-28T00:09:19.001+0000] {dag.py:4180} INFO - Setting next_dagrun for example_python_operator to None, run_after=None
[2024-12-28T00:09:19.029+0000] {processor.py:208} INFO - Processing /home/airflow/.local/lib/python3.12/site-packages/airflow/example_dags/example_python_operator.py took 0.090 seconds
[2024-12-28T00:09:49.517+0000] {processor.py:186} INFO - Started process (PID=28997) to work on /home/airflow/.local/lib/python3.12/site-packages/airflow/example_dags/example_python_operator.py
[2024-12-28T00:09:49.520+0000] {processor.py:914} INFO - Processing file /home/airflow/.local/lib/python3.12/site-packages/airflow/example_dags/example_python_operator.py for tasks to queue
[2024-12-28T00:09:49.524+0000] {logging_mixin.py:190} INFO - [2024-12-28T00:09:49.523+0000] {dagbag.py:588} INFO - Filling up the DagBag from /home/airflow/.local/lib/python3.12/site-packages/airflow/example_dags/example_python_operator.py
[2024-12-28T00:09:49.544+0000] {processor.py:925} INFO - DAG(s) 'example_python_operator' retrieved from /home/airflow/.local/lib/python3.12/site-packages/airflow/example_dags/example_python_operator.py
[2024-12-28T00:09:49.578+0000] {logging_mixin.py:190} INFO - [2024-12-28T00:09:49.577+0000] {dag.py:3239} INFO - Sync 1 DAGs
[2024-12-28T00:09:49.600+0000] {logging_mixin.py:190} INFO - [2024-12-28T00:09:49.600+0000] {dag.py:4180} INFO - Setting next_dagrun for example_python_operator to None, run_after=None
[2024-12-28T00:09:49.636+0000] {processor.py:208} INFO - Processing /home/airflow/.local/lib/python3.12/site-packages/airflow/example_dags/example_python_operator.py took 0.127 seconds
[2024-12-28T00:10:19.828+0000] {processor.py:186} INFO - Started process (PID=29061) to work on /home/airflow/.local/lib/python3.12/site-packages/airflow/example_dags/example_python_operator.py
[2024-12-28T00:10:19.829+0000] {processor.py:914} INFO - Processing file /home/airflow/.local/lib/python3.12/site-packages/airflow/example_dags/example_python_operator.py for tasks to queue
[2024-12-28T00:10:19.831+0000] {logging_mixin.py:190} INFO - [2024-12-28T00:10:19.831+0000] {dagbag.py:588} INFO - Filling up the DagBag from /home/airflow/.local/lib/python3.12/site-packages/airflow/example_dags/example_python_operator.py
[2024-12-28T00:10:19.847+0000] {processor.py:925} INFO - DAG(s) 'example_python_operator' retrieved from /home/airflow/.local/lib/python3.12/site-packages/airflow/example_dags/example_python_operator.py
[2024-12-28T00:10:19.877+0000] {logging_mixin.py:190} INFO - [2024-12-28T00:10:19.877+0000] {dag.py:3239} INFO - Sync 1 DAGs
[2024-12-28T00:10:19.895+0000] {logging_mixin.py:190} INFO - [2024-12-28T00:10:19.895+0000] {dag.py:4180} INFO - Setting next_dagrun for example_python_operator to None, run_after=None
[2024-12-28T00:10:19.920+0000] {processor.py:208} INFO - Processing /home/airflow/.local/lib/python3.12/site-packages/airflow/example_dags/example_python_operator.py took 0.098 seconds
[2024-12-28T00:10:50.446+0000] {processor.py:186} INFO - Started process (PID=29125) to work on /home/airflow/.local/lib/python3.12/site-packages/airflow/example_dags/example_python_operator.py
[2024-12-28T00:10:50.448+0000] {processor.py:914} INFO - Processing file /home/airflow/.local/lib/python3.12/site-packages/airflow/example_dags/example_python_operator.py for tasks to queue
[2024-12-28T00:10:50.451+0000] {logging_mixin.py:190} INFO - [2024-12-28T00:10:50.450+0000] {dagbag.py:588} INFO - Filling up the DagBag from /home/airflow/.local/lib/python3.12/site-packages/airflow/example_dags/example_python_operator.py
[2024-12-28T00:10:50.471+0000] {processor.py:925} INFO - DAG(s) 'example_python_operator' retrieved from /home/airflow/.local/lib/python3.12/site-packages/airflow/example_dags/example_python_operator.py
[2024-12-28T00:10:50.498+0000] {logging_mixin.py:190} INFO - [2024-12-28T00:10:50.497+0000] {dag.py:3239} INFO - Sync 1 DAGs
[2024-12-28T00:10:50.515+0000] {logging_mixin.py:190} INFO - [2024-12-28T00:10:50.515+0000] {dag.py:4180} INFO - Setting next_dagrun for example_python_operator to None, run_after=None
[2024-12-28T00:10:50.544+0000] {processor.py:208} INFO - Processing /home/airflow/.local/lib/python3.12/site-packages/airflow/example_dags/example_python_operator.py took 0.106 seconds
[2024-12-28T00:11:20.861+0000] {processor.py:186} INFO - Started process (PID=29189) to work on /home/airflow/.local/lib/python3.12/site-packages/airflow/example_dags/example_python_operator.py
[2024-12-28T00:11:20.862+0000] {processor.py:914} INFO - Processing file /home/airflow/.local/lib/python3.12/site-packages/airflow/example_dags/example_python_operator.py for tasks to queue
[2024-12-28T00:11:20.864+0000] {logging_mixin.py:190} INFO - [2024-12-28T00:11:20.864+0000] {dagbag.py:588} INFO - Filling up the DagBag from /home/airflow/.local/lib/python3.12/site-packages/airflow/example_dags/example_python_operator.py
[2024-12-28T00:11:20.877+0000] {processor.py:925} INFO - DAG(s) 'example_python_operator' retrieved from /home/airflow/.local/lib/python3.12/site-packages/airflow/example_dags/example_python_operator.py
[2024-12-28T00:11:20.905+0000] {logging_mixin.py:190} INFO - [2024-12-28T00:11:20.904+0000] {dag.py:3239} INFO - Sync 1 DAGs
[2024-12-28T00:11:20.923+0000] {logging_mixin.py:190} INFO - [2024-12-28T00:11:20.922+0000] {dag.py:4180} INFO - Setting next_dagrun for example_python_operator to None, run_after=None
[2024-12-28T00:11:20.954+0000] {processor.py:208} INFO - Processing /home/airflow/.local/lib/python3.12/site-packages/airflow/example_dags/example_python_operator.py took 0.098 seconds
[2024-12-28T00:11:51.617+0000] {processor.py:186} INFO - Started process (PID=29253) to work on /home/airflow/.local/lib/python3.12/site-packages/airflow/example_dags/example_python_operator.py
[2024-12-28T00:11:51.619+0000] {processor.py:914} INFO - Processing file /home/airflow/.local/lib/python3.12/site-packages/airflow/example_dags/example_python_operator.py for tasks to queue
[2024-12-28T00:11:51.623+0000] {logging_mixin.py:190} INFO - [2024-12-28T00:11:51.622+0000] {dagbag.py:588} INFO - Filling up the DagBag from /home/airflow/.local/lib/python3.12/site-packages/airflow/example_dags/example_python_operator.py
[2024-12-28T00:11:51.648+0000] {processor.py:925} INFO - DAG(s) 'example_python_operator' retrieved from /home/airflow/.local/lib/python3.12/site-packages/airflow/example_dags/example_python_operator.py
[2024-12-28T00:11:51.690+0000] {logging_mixin.py:190} INFO - [2024-12-28T00:11:51.689+0000] {dag.py:3239} INFO - Sync 1 DAGs
[2024-12-28T00:11:51.715+0000] {logging_mixin.py:190} INFO - [2024-12-28T00:11:51.715+0000] {dag.py:4180} INFO - Setting next_dagrun for example_python_operator to None, run_after=None
[2024-12-28T00:11:51.749+0000] {processor.py:208} INFO - Processing /home/airflow/.local/lib/python3.12/site-packages/airflow/example_dags/example_python_operator.py took 0.139 seconds
[2024-12-28T00:12:21.833+0000] {processor.py:186} INFO - Started process (PID=29316) to work on /home/airflow/.local/lib/python3.12/site-packages/airflow/example_dags/example_python_operator.py
[2024-12-28T00:12:21.834+0000] {processor.py:914} INFO - Processing file /home/airflow/.local/lib/python3.12/site-packages/airflow/example_dags/example_python_operator.py for tasks to queue
[2024-12-28T00:12:21.837+0000] {logging_mixin.py:190} INFO - [2024-12-28T00:12:21.837+0000] {dagbag.py:588} INFO - Filling up the DagBag from /home/airflow/.local/lib/python3.12/site-packages/airflow/example_dags/example_python_operator.py
[2024-12-28T00:12:21.853+0000] {processor.py:925} INFO - DAG(s) 'example_python_operator' retrieved from /home/airflow/.local/lib/python3.12/site-packages/airflow/example_dags/example_python_operator.py
[2024-12-28T00:12:21.883+0000] {logging_mixin.py:190} INFO - [2024-12-28T00:12:21.882+0000] {dag.py:3239} INFO - Sync 1 DAGs
[2024-12-28T00:12:21.900+0000] {logging_mixin.py:190} INFO - [2024-12-28T00:12:21.900+0000] {dag.py:4180} INFO - Setting next_dagrun for example_python_operator to None, run_after=None
[2024-12-28T00:12:21.931+0000] {processor.py:208} INFO - Processing /home/airflow/.local/lib/python3.12/site-packages/airflow/example_dags/example_python_operator.py took 0.105 seconds
[2024-12-28T00:12:52.179+0000] {processor.py:186} INFO - Started process (PID=29380) to work on /home/airflow/.local/lib/python3.12/site-packages/airflow/example_dags/example_python_operator.py
[2024-12-28T00:12:52.180+0000] {processor.py:914} INFO - Processing file /home/airflow/.local/lib/python3.12/site-packages/airflow/example_dags/example_python_operator.py for tasks to queue
[2024-12-28T00:12:52.182+0000] {logging_mixin.py:190} INFO - [2024-12-28T00:12:52.181+0000] {dagbag.py:588} INFO - Filling up the DagBag from /home/airflow/.local/lib/python3.12/site-packages/airflow/example_dags/example_python_operator.py
[2024-12-28T00:12:52.195+0000] {processor.py:925} INFO - DAG(s) 'example_python_operator' retrieved from /home/airflow/.local/lib/python3.12/site-packages/airflow/example_dags/example_python_operator.py
[2024-12-28T00:12:52.223+0000] {logging_mixin.py:190} INFO - [2024-12-28T00:12:52.222+0000] {dag.py:3239} INFO - Sync 1 DAGs
[2024-12-28T00:12:52.239+0000] {logging_mixin.py:190} INFO - [2024-12-28T00:12:52.238+0000] {dag.py:4180} INFO - Setting next_dagrun for example_python_operator to None, run_after=None
[2024-12-28T00:12:52.266+0000] {processor.py:208} INFO - Processing /home/airflow/.local/lib/python3.12/site-packages/airflow/example_dags/example_python_operator.py took 0.092 seconds
[2024-12-28T00:13:23.183+0000] {processor.py:186} INFO - Started process (PID=29444) to work on /home/airflow/.local/lib/python3.12/site-packages/airflow/example_dags/example_python_operator.py
[2024-12-28T00:13:23.184+0000] {processor.py:914} INFO - Processing file /home/airflow/.local/lib/python3.12/site-packages/airflow/example_dags/example_python_operator.py for tasks to queue
[2024-12-28T00:13:23.186+0000] {logging_mixin.py:190} INFO - [2024-12-28T00:13:23.186+0000] {dagbag.py:588} INFO - Filling up the DagBag from /home/airflow/.local/lib/python3.12/site-packages/airflow/example_dags/example_python_operator.py
[2024-12-28T00:13:23.198+0000] {processor.py:925} INFO - DAG(s) 'example_python_operator' retrieved from /home/airflow/.local/lib/python3.12/site-packages/airflow/example_dags/example_python_operator.py
[2024-12-28T00:13:23.229+0000] {logging_mixin.py:190} INFO - [2024-12-28T00:13:23.229+0000] {dag.py:3239} INFO - Sync 1 DAGs
[2024-12-28T00:13:23.245+0000] {logging_mixin.py:190} INFO - [2024-12-28T00:13:23.244+0000] {dag.py:4180} INFO - Setting next_dagrun for example_python_operator to None, run_after=None
[2024-12-28T00:13:23.272+0000] {processor.py:208} INFO - Processing /home/airflow/.local/lib/python3.12/site-packages/airflow/example_dags/example_python_operator.py took 0.094 seconds
[2024-12-28T00:13:53.802+0000] {processor.py:186} INFO - Started process (PID=29507) to work on /home/airflow/.local/lib/python3.12/site-packages/airflow/example_dags/example_python_operator.py
[2024-12-28T00:13:53.803+0000] {processor.py:914} INFO - Processing file /home/airflow/.local/lib/python3.12/site-packages/airflow/example_dags/example_python_operator.py for tasks to queue
[2024-12-28T00:13:53.805+0000] {logging_mixin.py:190} INFO - [2024-12-28T00:13:53.805+0000] {dagbag.py:588} INFO - Filling up the DagBag from /home/airflow/.local/lib/python3.12/site-packages/airflow/example_dags/example_python_operator.py
[2024-12-28T00:13:53.817+0000] {processor.py:925} INFO - DAG(s) 'example_python_operator' retrieved from /home/airflow/.local/lib/python3.12/site-packages/airflow/example_dags/example_python_operator.py
[2024-12-28T00:13:53.845+0000] {logging_mixin.py:190} INFO - [2024-12-28T00:13:53.845+0000] {dag.py:3239} INFO - Sync 1 DAGs
[2024-12-28T00:13:53.862+0000] {logging_mixin.py:190} INFO - [2024-12-28T00:13:53.861+0000] {dag.py:4180} INFO - Setting next_dagrun for example_python_operator to None, run_after=None
[2024-12-28T00:13:53.888+0000] {processor.py:208} INFO - Processing /home/airflow/.local/lib/python3.12/site-packages/airflow/example_dags/example_python_operator.py took 0.091 seconds
[2024-12-28T00:14:24.003+0000] {processor.py:186} INFO - Started process (PID=29570) to work on /home/airflow/.local/lib/python3.12/site-packages/airflow/example_dags/example_python_operator.py
[2024-12-28T00:14:24.004+0000] {processor.py:914} INFO - Processing file /home/airflow/.local/lib/python3.12/site-packages/airflow/example_dags/example_python_operator.py for tasks to queue
[2024-12-28T00:14:24.006+0000] {logging_mixin.py:190} INFO - [2024-12-28T00:14:24.006+0000] {dagbag.py:588} INFO - Filling up the DagBag from /home/airflow/.local/lib/python3.12/site-packages/airflow/example_dags/example_python_operator.py
[2024-12-28T00:14:24.022+0000] {processor.py:925} INFO - DAG(s) 'example_python_operator' retrieved from /home/airflow/.local/lib/python3.12/site-packages/airflow/example_dags/example_python_operator.py
[2024-12-28T00:14:24.053+0000] {logging_mixin.py:190} INFO - [2024-12-28T00:14:24.052+0000] {dag.py:3239} INFO - Sync 1 DAGs
[2024-12-28T00:14:24.070+0000] {logging_mixin.py:190} INFO - [2024-12-28T00:14:24.070+0000] {dag.py:4180} INFO - Setting next_dagrun for example_python_operator to None, run_after=None
[2024-12-28T00:14:24.098+0000] {processor.py:208} INFO - Processing /home/airflow/.local/lib/python3.12/site-packages/airflow/example_dags/example_python_operator.py took 0.103 seconds
[2024-12-28T00:14:54.817+0000] {processor.py:186} INFO - Started process (PID=29634) to work on /home/airflow/.local/lib/python3.12/site-packages/airflow/example_dags/example_python_operator.py
[2024-12-28T00:14:54.818+0000] {processor.py:914} INFO - Processing file /home/airflow/.local/lib/python3.12/site-packages/airflow/example_dags/example_python_operator.py for tasks to queue
[2024-12-28T00:14:54.820+0000] {logging_mixin.py:190} INFO - [2024-12-28T00:14:54.819+0000] {dagbag.py:588} INFO - Filling up the DagBag from /home/airflow/.local/lib/python3.12/site-packages/airflow/example_dags/example_python_operator.py
[2024-12-28T00:14:54.836+0000] {processor.py:925} INFO - DAG(s) 'example_python_operator' retrieved from /home/airflow/.local/lib/python3.12/site-packages/airflow/example_dags/example_python_operator.py
[2024-12-28T00:14:54.867+0000] {logging_mixin.py:190} INFO - [2024-12-28T00:14:54.867+0000] {dag.py:3239} INFO - Sync 1 DAGs
[2024-12-28T00:14:54.890+0000] {logging_mixin.py:190} INFO - [2024-12-28T00:14:54.889+0000] {dag.py:4180} INFO - Setting next_dagrun for example_python_operator to None, run_after=None
[2024-12-28T00:14:54.926+0000] {processor.py:208} INFO - Processing /home/airflow/.local/lib/python3.12/site-packages/airflow/example_dags/example_python_operator.py took 0.114 seconds
[2024-12-28T00:15:25.039+0000] {processor.py:186} INFO - Started process (PID=29698) to work on /home/airflow/.local/lib/python3.12/site-packages/airflow/example_dags/example_python_operator.py
[2024-12-28T00:15:25.040+0000] {processor.py:914} INFO - Processing file /home/airflow/.local/lib/python3.12/site-packages/airflow/example_dags/example_python_operator.py for tasks to queue
[2024-12-28T00:15:25.042+0000] {logging_mixin.py:190} INFO - [2024-12-28T00:15:25.041+0000] {dagbag.py:588} INFO - Filling up the DagBag from /home/airflow/.local/lib/python3.12/site-packages/airflow/example_dags/example_python_operator.py
[2024-12-28T00:15:25.063+0000] {processor.py:925} INFO - DAG(s) 'example_python_operator' retrieved from /home/airflow/.local/lib/python3.12/site-packages/airflow/example_dags/example_python_operator.py
[2024-12-28T00:15:25.095+0000] {logging_mixin.py:190} INFO - [2024-12-28T00:15:25.095+0000] {dag.py:3239} INFO - Sync 1 DAGs
[2024-12-28T00:15:25.114+0000] {logging_mixin.py:190} INFO - [2024-12-28T00:15:25.113+0000] {dag.py:4180} INFO - Setting next_dagrun for example_python_operator to None, run_after=None
[2024-12-28T00:15:25.147+0000] {processor.py:208} INFO - Processing /home/airflow/.local/lib/python3.12/site-packages/airflow/example_dags/example_python_operator.py took 0.116 seconds
[2024-12-28T00:15:55.684+0000] {processor.py:186} INFO - Started process (PID=29762) to work on /home/airflow/.local/lib/python3.12/site-packages/airflow/example_dags/example_python_operator.py
[2024-12-28T00:15:55.685+0000] {processor.py:914} INFO - Processing file /home/airflow/.local/lib/python3.12/site-packages/airflow/example_dags/example_python_operator.py for tasks to queue
[2024-12-28T00:15:55.687+0000] {logging_mixin.py:190} INFO - [2024-12-28T00:15:55.686+0000] {dagbag.py:588} INFO - Filling up the DagBag from /home/airflow/.local/lib/python3.12/site-packages/airflow/example_dags/example_python_operator.py
[2024-12-28T00:15:55.703+0000] {processor.py:925} INFO - DAG(s) 'example_python_operator' retrieved from /home/airflow/.local/lib/python3.12/site-packages/airflow/example_dags/example_python_operator.py
[2024-12-28T00:15:55.731+0000] {logging_mixin.py:190} INFO - [2024-12-28T00:15:55.730+0000] {dag.py:3239} INFO - Sync 1 DAGs
[2024-12-28T00:15:55.747+0000] {logging_mixin.py:190} INFO - [2024-12-28T00:15:55.747+0000] {dag.py:4180} INFO - Setting next_dagrun for example_python_operator to None, run_after=None
[2024-12-28T00:15:55.773+0000] {processor.py:208} INFO - Processing /home/airflow/.local/lib/python3.12/site-packages/airflow/example_dags/example_python_operator.py took 0.094 seconds
[2024-12-28T00:16:26.364+0000] {processor.py:186} INFO - Started process (PID=29826) to work on /home/airflow/.local/lib/python3.12/site-packages/airflow/example_dags/example_python_operator.py
[2024-12-28T00:16:26.366+0000] {processor.py:914} INFO - Processing file /home/airflow/.local/lib/python3.12/site-packages/airflow/example_dags/example_python_operator.py for tasks to queue
[2024-12-28T00:16:26.367+0000] {logging_mixin.py:190} INFO - [2024-12-28T00:16:26.367+0000] {dagbag.py:588} INFO - Filling up the DagBag from /home/airflow/.local/lib/python3.12/site-packages/airflow/example_dags/example_python_operator.py
[2024-12-28T00:16:26.380+0000] {processor.py:925} INFO - DAG(s) 'example_python_operator' retrieved from /home/airflow/.local/lib/python3.12/site-packages/airflow/example_dags/example_python_operator.py
[2024-12-28T00:16:26.406+0000] {logging_mixin.py:190} INFO - [2024-12-28T00:16:26.406+0000] {dag.py:3239} INFO - Sync 1 DAGs
[2024-12-28T00:16:26.421+0000] {logging_mixin.py:190} INFO - [2024-12-28T00:16:26.421+0000] {dag.py:4180} INFO - Setting next_dagrun for example_python_operator to None, run_after=None
[2024-12-28T00:16:26.446+0000] {processor.py:208} INFO - Processing /home/airflow/.local/lib/python3.12/site-packages/airflow/example_dags/example_python_operator.py took 0.088 seconds
[2024-12-28T00:16:57.017+0000] {processor.py:186} INFO - Started process (PID=29891) to work on /home/airflow/.local/lib/python3.12/site-packages/airflow/example_dags/example_python_operator.py
[2024-12-28T00:16:57.018+0000] {processor.py:914} INFO - Processing file /home/airflow/.local/lib/python3.12/site-packages/airflow/example_dags/example_python_operator.py for tasks to queue
[2024-12-28T00:16:57.020+0000] {logging_mixin.py:190} INFO - [2024-12-28T00:16:57.020+0000] {dagbag.py:588} INFO - Filling up the DagBag from /home/airflow/.local/lib/python3.12/site-packages/airflow/example_dags/example_python_operator.py
[2024-12-28T00:16:57.032+0000] {processor.py:925} INFO - DAG(s) 'example_python_operator' retrieved from /home/airflow/.local/lib/python3.12/site-packages/airflow/example_dags/example_python_operator.py
[2024-12-28T00:16:57.061+0000] {logging_mixin.py:190} INFO - [2024-12-28T00:16:57.061+0000] {dag.py:3239} INFO - Sync 1 DAGs
[2024-12-28T00:16:57.078+0000] {logging_mixin.py:190} INFO - [2024-12-28T00:16:57.078+0000] {dag.py:4180} INFO - Setting next_dagrun for example_python_operator to None, run_after=None
[2024-12-28T00:16:57.113+0000] {processor.py:208} INFO - Processing /home/airflow/.local/lib/python3.12/site-packages/airflow/example_dags/example_python_operator.py took 0.102 seconds
[2024-12-28T00:17:28.028+0000] {processor.py:186} INFO - Started process (PID=29955) to work on /home/airflow/.local/lib/python3.12/site-packages/airflow/example_dags/example_python_operator.py
[2024-12-28T00:17:28.030+0000] {processor.py:914} INFO - Processing file /home/airflow/.local/lib/python3.12/site-packages/airflow/example_dags/example_python_operator.py for tasks to queue
[2024-12-28T00:17:28.032+0000] {logging_mixin.py:190} INFO - [2024-12-28T00:17:28.031+0000] {dagbag.py:588} INFO - Filling up the DagBag from /home/airflow/.local/lib/python3.12/site-packages/airflow/example_dags/example_python_operator.py
[2024-12-28T00:17:28.045+0000] {processor.py:925} INFO - DAG(s) 'example_python_operator' retrieved from /home/airflow/.local/lib/python3.12/site-packages/airflow/example_dags/example_python_operator.py
[2024-12-28T00:17:28.073+0000] {logging_mixin.py:190} INFO - [2024-12-28T00:17:28.072+0000] {dag.py:3239} INFO - Sync 1 DAGs
[2024-12-28T00:17:28.089+0000] {logging_mixin.py:190} INFO - [2024-12-28T00:17:28.089+0000] {dag.py:4180} INFO - Setting next_dagrun for example_python_operator to None, run_after=None
[2024-12-28T00:17:28.118+0000] {processor.py:208} INFO - Processing /home/airflow/.local/lib/python3.12/site-packages/airflow/example_dags/example_python_operator.py took 0.095 seconds
[2024-12-28T00:17:58.699+0000] {processor.py:186} INFO - Started process (PID=30019) to work on /home/airflow/.local/lib/python3.12/site-packages/airflow/example_dags/example_python_operator.py
[2024-12-28T00:17:58.701+0000] {processor.py:914} INFO - Processing file /home/airflow/.local/lib/python3.12/site-packages/airflow/example_dags/example_python_operator.py for tasks to queue
[2024-12-28T00:17:58.702+0000] {logging_mixin.py:190} INFO - [2024-12-28T00:17:58.702+0000] {dagbag.py:588} INFO - Filling up the DagBag from /home/airflow/.local/lib/python3.12/site-packages/airflow/example_dags/example_python_operator.py
[2024-12-28T00:17:58.715+0000] {processor.py:925} INFO - DAG(s) 'example_python_operator' retrieved from /home/airflow/.local/lib/python3.12/site-packages/airflow/example_dags/example_python_operator.py
[2024-12-28T00:17:58.741+0000] {logging_mixin.py:190} INFO - [2024-12-28T00:17:58.741+0000] {dag.py:3239} INFO - Sync 1 DAGs
[2024-12-28T00:17:58.757+0000] {logging_mixin.py:190} INFO - [2024-12-28T00:17:58.757+0000] {dag.py:4180} INFO - Setting next_dagrun for example_python_operator to None, run_after=None
[2024-12-28T00:17:58.789+0000] {processor.py:208} INFO - Processing /home/airflow/.local/lib/python3.12/site-packages/airflow/example_dags/example_python_operator.py took 0.095 seconds
[2024-12-28T00:18:29.046+0000] {processor.py:186} INFO - Started process (PID=30083) to work on /home/airflow/.local/lib/python3.12/site-packages/airflow/example_dags/example_python_operator.py
[2024-12-28T00:18:29.048+0000] {processor.py:914} INFO - Processing file /home/airflow/.local/lib/python3.12/site-packages/airflow/example_dags/example_python_operator.py for tasks to queue
[2024-12-28T00:18:29.050+0000] {logging_mixin.py:190} INFO - [2024-12-28T00:18:29.049+0000] {dagbag.py:588} INFO - Filling up the DagBag from /home/airflow/.local/lib/python3.12/site-packages/airflow/example_dags/example_python_operator.py
[2024-12-28T00:18:29.069+0000] {processor.py:925} INFO - DAG(s) 'example_python_operator' retrieved from /home/airflow/.local/lib/python3.12/site-packages/airflow/example_dags/example_python_operator.py
[2024-12-28T00:18:29.098+0000] {logging_mixin.py:190} INFO - [2024-12-28T00:18:29.097+0000] {dag.py:3239} INFO - Sync 1 DAGs
[2024-12-28T00:18:29.114+0000] {logging_mixin.py:190} INFO - [2024-12-28T00:18:29.114+0000] {dag.py:4180} INFO - Setting next_dagrun for example_python_operator to None, run_after=None
[2024-12-28T00:18:29.144+0000] {processor.py:208} INFO - Processing /home/airflow/.local/lib/python3.12/site-packages/airflow/example_dags/example_python_operator.py took 0.105 seconds
[2024-12-28T00:19:00.582+0000] {processor.py:186} INFO - Started process (PID=30147) to work on /home/airflow/.local/lib/python3.12/site-packages/airflow/example_dags/example_python_operator.py
[2024-12-28T00:19:00.584+0000] {processor.py:914} INFO - Processing file /home/airflow/.local/lib/python3.12/site-packages/airflow/example_dags/example_python_operator.py for tasks to queue
[2024-12-28T00:19:00.586+0000] {logging_mixin.py:190} INFO - [2024-12-28T00:19:00.585+0000] {dagbag.py:588} INFO - Filling up the DagBag from /home/airflow/.local/lib/python3.12/site-packages/airflow/example_dags/example_python_operator.py
[2024-12-28T00:19:00.600+0000] {processor.py:925} INFO - DAG(s) 'example_python_operator' retrieved from /home/airflow/.local/lib/python3.12/site-packages/airflow/example_dags/example_python_operator.py
[2024-12-28T00:19:00.632+0000] {logging_mixin.py:190} INFO - [2024-12-28T00:19:00.631+0000] {dag.py:3239} INFO - Sync 1 DAGs
[2024-12-28T00:19:00.649+0000] {logging_mixin.py:190} INFO - [2024-12-28T00:19:00.649+0000] {dag.py:4180} INFO - Setting next_dagrun for example_python_operator to None, run_after=None
[2024-12-28T00:19:00.679+0000] {processor.py:208} INFO - Processing /home/airflow/.local/lib/python3.12/site-packages/airflow/example_dags/example_python_operator.py took 0.102 seconds
[2024-12-28T00:19:31.337+0000] {processor.py:186} INFO - Started process (PID=30212) to work on /home/airflow/.local/lib/python3.12/site-packages/airflow/example_dags/example_python_operator.py
[2024-12-28T00:19:31.339+0000] {processor.py:914} INFO - Processing file /home/airflow/.local/lib/python3.12/site-packages/airflow/example_dags/example_python_operator.py for tasks to queue
[2024-12-28T00:19:31.341+0000] {logging_mixin.py:190} INFO - [2024-12-28T00:19:31.340+0000] {dagbag.py:588} INFO - Filling up the DagBag from /home/airflow/.local/lib/python3.12/site-packages/airflow/example_dags/example_python_operator.py
[2024-12-28T00:19:31.355+0000] {processor.py:925} INFO - DAG(s) 'example_python_operator' retrieved from /home/airflow/.local/lib/python3.12/site-packages/airflow/example_dags/example_python_operator.py
[2024-12-28T00:19:31.384+0000] {logging_mixin.py:190} INFO - [2024-12-28T00:19:31.383+0000] {dag.py:3239} INFO - Sync 1 DAGs
[2024-12-28T00:19:31.402+0000] {logging_mixin.py:190} INFO - [2024-12-28T00:19:31.402+0000] {dag.py:4180} INFO - Setting next_dagrun for example_python_operator to None, run_after=None
[2024-12-28T00:19:31.433+0000] {processor.py:208} INFO - Processing /home/airflow/.local/lib/python3.12/site-packages/airflow/example_dags/example_python_operator.py took 0.101 seconds
[2024-12-28T00:20:02.764+0000] {processor.py:186} INFO - Started process (PID=30278) to work on /home/airflow/.local/lib/python3.12/site-packages/airflow/example_dags/example_python_operator.py
[2024-12-28T00:20:02.766+0000] {processor.py:914} INFO - Processing file /home/airflow/.local/lib/python3.12/site-packages/airflow/example_dags/example_python_operator.py for tasks to queue
[2024-12-28T00:20:02.768+0000] {logging_mixin.py:190} INFO - [2024-12-28T00:20:02.767+0000] {dagbag.py:588} INFO - Filling up the DagBag from /home/airflow/.local/lib/python3.12/site-packages/airflow/example_dags/example_python_operator.py
[2024-12-28T00:20:02.780+0000] {processor.py:925} INFO - DAG(s) 'example_python_operator' retrieved from /home/airflow/.local/lib/python3.12/site-packages/airflow/example_dags/example_python_operator.py
[2024-12-28T00:20:02.805+0000] {logging_mixin.py:190} INFO - [2024-12-28T00:20:02.805+0000] {dag.py:3239} INFO - Sync 1 DAGs
[2024-12-28T00:20:02.820+0000] {logging_mixin.py:190} INFO - [2024-12-28T00:20:02.819+0000] {dag.py:4180} INFO - Setting next_dagrun for example_python_operator to None, run_after=None
[2024-12-28T00:20:02.843+0000] {processor.py:208} INFO - Processing /home/airflow/.local/lib/python3.12/site-packages/airflow/example_dags/example_python_operator.py took 0.084 seconds
[2024-12-28T00:20:34.228+0000] {processor.py:186} INFO - Started process (PID=30345) to work on /home/airflow/.local/lib/python3.12/site-packages/airflow/example_dags/example_python_operator.py
[2024-12-28T00:20:34.230+0000] {processor.py:914} INFO - Processing file /home/airflow/.local/lib/python3.12/site-packages/airflow/example_dags/example_python_operator.py for tasks to queue
[2024-12-28T00:20:34.231+0000] {logging_mixin.py:190} INFO - [2024-12-28T00:20:34.231+0000] {dagbag.py:588} INFO - Filling up the DagBag from /home/airflow/.local/lib/python3.12/site-packages/airflow/example_dags/example_python_operator.py
[2024-12-28T00:20:34.245+0000] {processor.py:925} INFO - DAG(s) 'example_python_operator' retrieved from /home/airflow/.local/lib/python3.12/site-packages/airflow/example_dags/example_python_operator.py
[2024-12-28T00:20:34.272+0000] {logging_mixin.py:190} INFO - [2024-12-28T00:20:34.271+0000] {dag.py:3239} INFO - Sync 1 DAGs
[2024-12-28T00:20:34.288+0000] {logging_mixin.py:190} INFO - [2024-12-28T00:20:34.288+0000] {dag.py:4180} INFO - Setting next_dagrun for example_python_operator to None, run_after=None
[2024-12-28T00:20:34.318+0000] {processor.py:208} INFO - Processing /home/airflow/.local/lib/python3.12/site-packages/airflow/example_dags/example_python_operator.py took 0.095 seconds
[2024-12-28T00:21:05.572+0000] {processor.py:186} INFO - Started process (PID=30409) to work on /home/airflow/.local/lib/python3.12/site-packages/airflow/example_dags/example_python_operator.py
[2024-12-28T00:21:05.574+0000] {processor.py:914} INFO - Processing file /home/airflow/.local/lib/python3.12/site-packages/airflow/example_dags/example_python_operator.py for tasks to queue
[2024-12-28T00:21:05.577+0000] {logging_mixin.py:190} INFO - [2024-12-28T00:21:05.576+0000] {dagbag.py:588} INFO - Filling up the DagBag from /home/airflow/.local/lib/python3.12/site-packages/airflow/example_dags/example_python_operator.py
[2024-12-28T00:21:05.590+0000] {processor.py:925} INFO - DAG(s) 'example_python_operator' retrieved from /home/airflow/.local/lib/python3.12/site-packages/airflow/example_dags/example_python_operator.py
[2024-12-28T00:21:05.619+0000] {logging_mixin.py:190} INFO - [2024-12-28T00:21:05.619+0000] {dag.py:3239} INFO - Sync 1 DAGs
[2024-12-28T00:21:05.638+0000] {logging_mixin.py:190} INFO - [2024-12-28T00:21:05.637+0000] {dag.py:4180} INFO - Setting next_dagrun for example_python_operator to None, run_after=None
[2024-12-28T00:21:05.668+0000] {processor.py:208} INFO - Processing /home/airflow/.local/lib/python3.12/site-packages/airflow/example_dags/example_python_operator.py took 0.102 seconds
[2024-12-28T00:21:36.951+0000] {processor.py:186} INFO - Started process (PID=30473) to work on /home/airflow/.local/lib/python3.12/site-packages/airflow/example_dags/example_python_operator.py
[2024-12-28T00:21:36.952+0000] {processor.py:914} INFO - Processing file /home/airflow/.local/lib/python3.12/site-packages/airflow/example_dags/example_python_operator.py for tasks to queue
[2024-12-28T00:21:36.955+0000] {logging_mixin.py:190} INFO - [2024-12-28T00:21:36.954+0000] {dagbag.py:588} INFO - Filling up the DagBag from /home/airflow/.local/lib/python3.12/site-packages/airflow/example_dags/example_python_operator.py
[2024-12-28T00:21:36.966+0000] {processor.py:925} INFO - DAG(s) 'example_python_operator' retrieved from /home/airflow/.local/lib/python3.12/site-packages/airflow/example_dags/example_python_operator.py
[2024-12-28T00:21:36.991+0000] {logging_mixin.py:190} INFO - [2024-12-28T00:21:36.990+0000] {dag.py:3239} INFO - Sync 1 DAGs
[2024-12-28T00:21:37.008+0000] {logging_mixin.py:190} INFO - [2024-12-28T00:21:37.008+0000] {dag.py:4180} INFO - Setting next_dagrun for example_python_operator to None, run_after=None
[2024-12-28T00:21:37.032+0000] {processor.py:208} INFO - Processing /home/airflow/.local/lib/python3.12/site-packages/airflow/example_dags/example_python_operator.py took 0.087 seconds
[2024-12-28T00:22:09.627+0000] {processor.py:186} INFO - Started process (PID=30538) to work on /home/airflow/.local/lib/python3.12/site-packages/airflow/example_dags/example_python_operator.py
[2024-12-28T00:22:09.629+0000] {processor.py:914} INFO - Processing file /home/airflow/.local/lib/python3.12/site-packages/airflow/example_dags/example_python_operator.py for tasks to queue
[2024-12-28T00:22:09.631+0000] {logging_mixin.py:190} INFO - [2024-12-28T00:22:09.631+0000] {dagbag.py:588} INFO - Filling up the DagBag from /home/airflow/.local/lib/python3.12/site-packages/airflow/example_dags/example_python_operator.py
[2024-12-28T00:22:09.660+0000] {processor.py:925} INFO - DAG(s) 'example_python_operator' retrieved from /home/airflow/.local/lib/python3.12/site-packages/airflow/example_dags/example_python_operator.py
[2024-12-28T00:22:09.728+0000] {logging_mixin.py:190} INFO - [2024-12-28T00:22:09.727+0000] {dag.py:3239} INFO - Sync 1 DAGs
[2024-12-28T00:22:09.774+0000] {logging_mixin.py:190} INFO - [2024-12-28T00:22:09.774+0000] {dag.py:4180} INFO - Setting next_dagrun for example_python_operator to None, run_after=None
[2024-12-28T00:22:09.843+0000] {processor.py:208} INFO - Processing /home/airflow/.local/lib/python3.12/site-packages/airflow/example_dags/example_python_operator.py took 0.226 seconds
