[2024-12-28T00:00:02.758+0000] {processor.py:186} INFO - Started process (PID=27747) to work on /home/airflow/.local/lib/python3.12/site-packages/airflow/example_dags/example_sensors.py
[2024-12-28T00:00:02.760+0000] {processor.py:914} INFO - Processing file /home/airflow/.local/lib/python3.12/site-packages/airflow/example_dags/example_sensors.py for tasks to queue
[2024-12-28T00:00:02.762+0000] {logging_mixin.py:190} INFO - [2024-12-28T00:00:02.762+0000] {dagbag.py:588} INFO - Filling up the DagBag from /home/airflow/.local/lib/python3.12/site-packages/airflow/example_dags/example_sensors.py
[2024-12-28T00:00:02.775+0000] {processor.py:925} INFO - DAG(s) 'example_sensors' retrieved from /home/airflow/.local/lib/python3.12/site-packages/airflow/example_dags/example_sensors.py
[2024-12-28T00:00:02.810+0000] {logging_mixin.py:190} INFO - [2024-12-28T00:00:02.810+0000] {dag.py:3239} INFO - Sync 1 DAGs
[2024-12-28T00:00:02.828+0000] {logging_mixin.py:190} INFO - [2024-12-28T00:00:02.828+0000] {dag.py:4180} INFO - Setting next_dagrun for example_sensors to None, run_after=None
[2024-12-28T00:00:02.859+0000] {processor.py:208} INFO - Processing /home/airflow/.local/lib/python3.12/site-packages/airflow/example_dags/example_sensors.py took 0.106 seconds
[2024-12-28T00:00:33.222+0000] {processor.py:186} INFO - Started process (PID=27811) to work on /home/airflow/.local/lib/python3.12/site-packages/airflow/example_dags/example_sensors.py
[2024-12-28T00:00:33.223+0000] {processor.py:914} INFO - Processing file /home/airflow/.local/lib/python3.12/site-packages/airflow/example_dags/example_sensors.py for tasks to queue
[2024-12-28T00:00:33.225+0000] {logging_mixin.py:190} INFO - [2024-12-28T00:00:33.225+0000] {dagbag.py:588} INFO - Filling up the DagBag from /home/airflow/.local/lib/python3.12/site-packages/airflow/example_dags/example_sensors.py
[2024-12-28T00:00:33.237+0000] {processor.py:925} INFO - DAG(s) 'example_sensors' retrieved from /home/airflow/.local/lib/python3.12/site-packages/airflow/example_dags/example_sensors.py
[2024-12-28T00:00:33.270+0000] {logging_mixin.py:190} INFO - [2024-12-28T00:00:33.269+0000] {dag.py:3239} INFO - Sync 1 DAGs
[2024-12-28T00:00:33.285+0000] {logging_mixin.py:190} INFO - [2024-12-28T00:00:33.285+0000] {dag.py:4180} INFO - Setting next_dagrun for example_sensors to None, run_after=None
[2024-12-28T00:00:33.309+0000] {processor.py:208} INFO - Processing /home/airflow/.local/lib/python3.12/site-packages/airflow/example_dags/example_sensors.py took 0.093 seconds
[2024-12-28T00:01:03.885+0000] {processor.py:186} INFO - Started process (PID=27875) to work on /home/airflow/.local/lib/python3.12/site-packages/airflow/example_dags/example_sensors.py
[2024-12-28T00:01:03.886+0000] {processor.py:914} INFO - Processing file /home/airflow/.local/lib/python3.12/site-packages/airflow/example_dags/example_sensors.py for tasks to queue
[2024-12-28T00:01:03.888+0000] {logging_mixin.py:190} INFO - [2024-12-28T00:01:03.888+0000] {dagbag.py:588} INFO - Filling up the DagBag from /home/airflow/.local/lib/python3.12/site-packages/airflow/example_dags/example_sensors.py
[2024-12-28T00:01:03.901+0000] {processor.py:925} INFO - DAG(s) 'example_sensors' retrieved from /home/airflow/.local/lib/python3.12/site-packages/airflow/example_dags/example_sensors.py
[2024-12-28T00:01:03.936+0000] {logging_mixin.py:190} INFO - [2024-12-28T00:01:03.935+0000] {dag.py:3239} INFO - Sync 1 DAGs
[2024-12-28T00:01:03.958+0000] {logging_mixin.py:190} INFO - [2024-12-28T00:01:03.958+0000] {dag.py:4180} INFO - Setting next_dagrun for example_sensors to None, run_after=None
[2024-12-28T00:01:03.988+0000] {processor.py:208} INFO - Processing /home/airflow/.local/lib/python3.12/site-packages/airflow/example_dags/example_sensors.py took 0.109 seconds
[2024-12-28T00:01:34.613+0000] {processor.py:186} INFO - Started process (PID=27939) to work on /home/airflow/.local/lib/python3.12/site-packages/airflow/example_dags/example_sensors.py
[2024-12-28T00:01:34.614+0000] {processor.py:914} INFO - Processing file /home/airflow/.local/lib/python3.12/site-packages/airflow/example_dags/example_sensors.py for tasks to queue
[2024-12-28T00:01:34.616+0000] {logging_mixin.py:190} INFO - [2024-12-28T00:01:34.616+0000] {dagbag.py:588} INFO - Filling up the DagBag from /home/airflow/.local/lib/python3.12/site-packages/airflow/example_dags/example_sensors.py
[2024-12-28T00:01:34.632+0000] {processor.py:925} INFO - DAG(s) 'example_sensors' retrieved from /home/airflow/.local/lib/python3.12/site-packages/airflow/example_dags/example_sensors.py
[2024-12-28T00:01:34.665+0000] {logging_mixin.py:190} INFO - [2024-12-28T00:01:34.664+0000] {dag.py:3239} INFO - Sync 1 DAGs
[2024-12-28T00:01:34.680+0000] {logging_mixin.py:190} INFO - [2024-12-28T00:01:34.679+0000] {dag.py:4180} INFO - Setting next_dagrun for example_sensors to None, run_after=None
[2024-12-28T00:01:34.718+0000] {processor.py:208} INFO - Processing /home/airflow/.local/lib/python3.12/site-packages/airflow/example_dags/example_sensors.py took 0.110 seconds
[2024-12-28T00:02:04.842+0000] {processor.py:186} INFO - Started process (PID=28003) to work on /home/airflow/.local/lib/python3.12/site-packages/airflow/example_dags/example_sensors.py
[2024-12-28T00:02:04.843+0000] {processor.py:914} INFO - Processing file /home/airflow/.local/lib/python3.12/site-packages/airflow/example_dags/example_sensors.py for tasks to queue
[2024-12-28T00:02:04.845+0000] {logging_mixin.py:190} INFO - [2024-12-28T00:02:04.845+0000] {dagbag.py:588} INFO - Filling up the DagBag from /home/airflow/.local/lib/python3.12/site-packages/airflow/example_dags/example_sensors.py
[2024-12-28T00:02:04.858+0000] {processor.py:925} INFO - DAG(s) 'example_sensors' retrieved from /home/airflow/.local/lib/python3.12/site-packages/airflow/example_dags/example_sensors.py
[2024-12-28T00:02:04.896+0000] {logging_mixin.py:190} INFO - [2024-12-28T00:02:04.895+0000] {dag.py:3239} INFO - Sync 1 DAGs
[2024-12-28T00:02:04.912+0000] {logging_mixin.py:190} INFO - [2024-12-28T00:02:04.912+0000] {dag.py:4180} INFO - Setting next_dagrun for example_sensors to None, run_after=None
[2024-12-28T00:02:04.949+0000] {processor.py:208} INFO - Processing /home/airflow/.local/lib/python3.12/site-packages/airflow/example_dags/example_sensors.py took 0.112 seconds
[2024-12-28T00:02:35.114+0000] {processor.py:186} INFO - Started process (PID=28067) to work on /home/airflow/.local/lib/python3.12/site-packages/airflow/example_dags/example_sensors.py
[2024-12-28T00:02:35.116+0000] {processor.py:914} INFO - Processing file /home/airflow/.local/lib/python3.12/site-packages/airflow/example_dags/example_sensors.py for tasks to queue
[2024-12-28T00:02:35.118+0000] {logging_mixin.py:190} INFO - [2024-12-28T00:02:35.118+0000] {dagbag.py:588} INFO - Filling up the DagBag from /home/airflow/.local/lib/python3.12/site-packages/airflow/example_dags/example_sensors.py
[2024-12-28T00:02:35.130+0000] {processor.py:925} INFO - DAG(s) 'example_sensors' retrieved from /home/airflow/.local/lib/python3.12/site-packages/airflow/example_dags/example_sensors.py
[2024-12-28T00:02:35.160+0000] {logging_mixin.py:190} INFO - [2024-12-28T00:02:35.160+0000] {dag.py:3239} INFO - Sync 1 DAGs
[2024-12-28T00:02:35.176+0000] {logging_mixin.py:190} INFO - [2024-12-28T00:02:35.176+0000] {dag.py:4180} INFO - Setting next_dagrun for example_sensors to None, run_after=None
[2024-12-28T00:02:35.219+0000] {processor.py:208} INFO - Processing /home/airflow/.local/lib/python3.12/site-packages/airflow/example_dags/example_sensors.py took 0.110 seconds
[2024-12-28T00:03:05.903+0000] {processor.py:186} INFO - Started process (PID=28131) to work on /home/airflow/.local/lib/python3.12/site-packages/airflow/example_dags/example_sensors.py
[2024-12-28T00:03:05.905+0000] {processor.py:914} INFO - Processing file /home/airflow/.local/lib/python3.12/site-packages/airflow/example_dags/example_sensors.py for tasks to queue
[2024-12-28T00:03:05.907+0000] {logging_mixin.py:190} INFO - [2024-12-28T00:03:05.907+0000] {dagbag.py:588} INFO - Filling up the DagBag from /home/airflow/.local/lib/python3.12/site-packages/airflow/example_dags/example_sensors.py
[2024-12-28T00:03:05.920+0000] {processor.py:925} INFO - DAG(s) 'example_sensors' retrieved from /home/airflow/.local/lib/python3.12/site-packages/airflow/example_dags/example_sensors.py
[2024-12-28T00:03:05.954+0000] {logging_mixin.py:190} INFO - [2024-12-28T00:03:05.954+0000] {dag.py:3239} INFO - Sync 1 DAGs
[2024-12-28T00:03:05.970+0000] {logging_mixin.py:190} INFO - [2024-12-28T00:03:05.970+0000] {dag.py:4180} INFO - Setting next_dagrun for example_sensors to None, run_after=None
[2024-12-28T00:03:06.002+0000] {processor.py:208} INFO - Processing /home/airflow/.local/lib/python3.12/site-packages/airflow/example_dags/example_sensors.py took 0.105 seconds
[2024-12-28T00:03:36.262+0000] {processor.py:186} INFO - Started process (PID=28195) to work on /home/airflow/.local/lib/python3.12/site-packages/airflow/example_dags/example_sensors.py
[2024-12-28T00:03:36.264+0000] {processor.py:914} INFO - Processing file /home/airflow/.local/lib/python3.12/site-packages/airflow/example_dags/example_sensors.py for tasks to queue
[2024-12-28T00:03:36.266+0000] {logging_mixin.py:190} INFO - [2024-12-28T00:03:36.266+0000] {dagbag.py:588} INFO - Filling up the DagBag from /home/airflow/.local/lib/python3.12/site-packages/airflow/example_dags/example_sensors.py
[2024-12-28T00:03:36.280+0000] {processor.py:925} INFO - DAG(s) 'example_sensors' retrieved from /home/airflow/.local/lib/python3.12/site-packages/airflow/example_dags/example_sensors.py
[2024-12-28T00:03:36.315+0000] {logging_mixin.py:190} INFO - [2024-12-28T00:03:36.314+0000] {dag.py:3239} INFO - Sync 1 DAGs
[2024-12-28T00:03:36.331+0000] {logging_mixin.py:190} INFO - [2024-12-28T00:03:36.331+0000] {dag.py:4180} INFO - Setting next_dagrun for example_sensors to None, run_after=None
[2024-12-28T00:03:36.365+0000] {processor.py:208} INFO - Processing /home/airflow/.local/lib/python3.12/site-packages/airflow/example_dags/example_sensors.py took 0.109 seconds
[2024-12-28T00:04:06.498+0000] {processor.py:186} INFO - Started process (PID=28259) to work on /home/airflow/.local/lib/python3.12/site-packages/airflow/example_dags/example_sensors.py
[2024-12-28T00:04:06.499+0000] {processor.py:914} INFO - Processing file /home/airflow/.local/lib/python3.12/site-packages/airflow/example_dags/example_sensors.py for tasks to queue
[2024-12-28T00:04:06.502+0000] {logging_mixin.py:190} INFO - [2024-12-28T00:04:06.501+0000] {dagbag.py:588} INFO - Filling up the DagBag from /home/airflow/.local/lib/python3.12/site-packages/airflow/example_dags/example_sensors.py
[2024-12-28T00:04:06.515+0000] {processor.py:925} INFO - DAG(s) 'example_sensors' retrieved from /home/airflow/.local/lib/python3.12/site-packages/airflow/example_dags/example_sensors.py
[2024-12-28T00:04:06.549+0000] {logging_mixin.py:190} INFO - [2024-12-28T00:04:06.548+0000] {dag.py:3239} INFO - Sync 1 DAGs
[2024-12-28T00:04:06.568+0000] {logging_mixin.py:190} INFO - [2024-12-28T00:04:06.567+0000] {dag.py:4180} INFO - Setting next_dagrun for example_sensors to None, run_after=None
[2024-12-28T00:04:06.599+0000] {processor.py:208} INFO - Processing /home/airflow/.local/lib/python3.12/site-packages/airflow/example_dags/example_sensors.py took 0.106 seconds
[2024-12-28T00:04:36.727+0000] {processor.py:186} INFO - Started process (PID=28324) to work on /home/airflow/.local/lib/python3.12/site-packages/airflow/example_dags/example_sensors.py
[2024-12-28T00:04:36.729+0000] {processor.py:914} INFO - Processing file /home/airflow/.local/lib/python3.12/site-packages/airflow/example_dags/example_sensors.py for tasks to queue
[2024-12-28T00:04:36.731+0000] {logging_mixin.py:190} INFO - [2024-12-28T00:04:36.730+0000] {dagbag.py:588} INFO - Filling up the DagBag from /home/airflow/.local/lib/python3.12/site-packages/airflow/example_dags/example_sensors.py
[2024-12-28T00:04:36.744+0000] {processor.py:925} INFO - DAG(s) 'example_sensors' retrieved from /home/airflow/.local/lib/python3.12/site-packages/airflow/example_dags/example_sensors.py
[2024-12-28T00:04:36.777+0000] {logging_mixin.py:190} INFO - [2024-12-28T00:04:36.777+0000] {dag.py:3239} INFO - Sync 1 DAGs
[2024-12-28T00:04:36.795+0000] {logging_mixin.py:190} INFO - [2024-12-28T00:04:36.794+0000] {dag.py:4180} INFO - Setting next_dagrun for example_sensors to None, run_after=None
[2024-12-28T00:04:36.822+0000] {processor.py:208} INFO - Processing /home/airflow/.local/lib/python3.12/site-packages/airflow/example_dags/example_sensors.py took 0.100 seconds
[2024-12-28T00:05:06.938+0000] {processor.py:186} INFO - Started process (PID=28388) to work on /home/airflow/.local/lib/python3.12/site-packages/airflow/example_dags/example_sensors.py
[2024-12-28T00:05:06.939+0000] {processor.py:914} INFO - Processing file /home/airflow/.local/lib/python3.12/site-packages/airflow/example_dags/example_sensors.py for tasks to queue
[2024-12-28T00:05:06.942+0000] {logging_mixin.py:190} INFO - [2024-12-28T00:05:06.941+0000] {dagbag.py:588} INFO - Filling up the DagBag from /home/airflow/.local/lib/python3.12/site-packages/airflow/example_dags/example_sensors.py
[2024-12-28T00:05:06.953+0000] {processor.py:925} INFO - DAG(s) 'example_sensors' retrieved from /home/airflow/.local/lib/python3.12/site-packages/airflow/example_dags/example_sensors.py
[2024-12-28T00:05:06.983+0000] {logging_mixin.py:190} INFO - [2024-12-28T00:05:06.983+0000] {dag.py:3239} INFO - Sync 1 DAGs
[2024-12-28T00:05:06.999+0000] {logging_mixin.py:190} INFO - [2024-12-28T00:05:06.999+0000] {dag.py:4180} INFO - Setting next_dagrun for example_sensors to None, run_after=None
[2024-12-28T00:05:07.026+0000] {processor.py:208} INFO - Processing /home/airflow/.local/lib/python3.12/site-packages/airflow/example_dags/example_sensors.py took 0.093 seconds
[2024-12-28T00:05:37.216+0000] {processor.py:186} INFO - Started process (PID=28452) to work on /home/airflow/.local/lib/python3.12/site-packages/airflow/example_dags/example_sensors.py
[2024-12-28T00:05:37.218+0000] {processor.py:914} INFO - Processing file /home/airflow/.local/lib/python3.12/site-packages/airflow/example_dags/example_sensors.py for tasks to queue
[2024-12-28T00:05:37.220+0000] {logging_mixin.py:190} INFO - [2024-12-28T00:05:37.219+0000] {dagbag.py:588} INFO - Filling up the DagBag from /home/airflow/.local/lib/python3.12/site-packages/airflow/example_dags/example_sensors.py
[2024-12-28T00:05:37.233+0000] {processor.py:925} INFO - DAG(s) 'example_sensors' retrieved from /home/airflow/.local/lib/python3.12/site-packages/airflow/example_dags/example_sensors.py
[2024-12-28T00:05:37.267+0000] {logging_mixin.py:190} INFO - [2024-12-28T00:05:37.266+0000] {dag.py:3239} INFO - Sync 1 DAGs
[2024-12-28T00:05:37.284+0000] {logging_mixin.py:190} INFO - [2024-12-28T00:05:37.283+0000] {dag.py:4180} INFO - Setting next_dagrun for example_sensors to None, run_after=None
[2024-12-28T00:05:37.314+0000] {processor.py:208} INFO - Processing /home/airflow/.local/lib/python3.12/site-packages/airflow/example_dags/example_sensors.py took 0.103 seconds
[2024-12-28T00:06:08.585+0000] {processor.py:186} INFO - Started process (PID=28516) to work on /home/airflow/.local/lib/python3.12/site-packages/airflow/example_dags/example_sensors.py
[2024-12-28T00:06:08.587+0000] {processor.py:914} INFO - Processing file /home/airflow/.local/lib/python3.12/site-packages/airflow/example_dags/example_sensors.py for tasks to queue
[2024-12-28T00:06:08.589+0000] {logging_mixin.py:190} INFO - [2024-12-28T00:06:08.588+0000] {dagbag.py:588} INFO - Filling up the DagBag from /home/airflow/.local/lib/python3.12/site-packages/airflow/example_dags/example_sensors.py
[2024-12-28T00:06:08.603+0000] {processor.py:925} INFO - DAG(s) 'example_sensors' retrieved from /home/airflow/.local/lib/python3.12/site-packages/airflow/example_dags/example_sensors.py
[2024-12-28T00:06:08.636+0000] {logging_mixin.py:190} INFO - [2024-12-28T00:06:08.635+0000] {dag.py:3239} INFO - Sync 1 DAGs
[2024-12-28T00:06:08.653+0000] {logging_mixin.py:190} INFO - [2024-12-28T00:06:08.653+0000] {dag.py:4180} INFO - Setting next_dagrun for example_sensors to None, run_after=None
[2024-12-28T00:06:08.683+0000] {processor.py:208} INFO - Processing /home/airflow/.local/lib/python3.12/site-packages/airflow/example_dags/example_sensors.py took 0.104 seconds
[2024-12-28T00:06:38.882+0000] {processor.py:186} INFO - Started process (PID=28579) to work on /home/airflow/.local/lib/python3.12/site-packages/airflow/example_dags/example_sensors.py
[2024-12-28T00:06:38.884+0000] {processor.py:914} INFO - Processing file /home/airflow/.local/lib/python3.12/site-packages/airflow/example_dags/example_sensors.py for tasks to queue
[2024-12-28T00:06:38.886+0000] {logging_mixin.py:190} INFO - [2024-12-28T00:06:38.885+0000] {dagbag.py:588} INFO - Filling up the DagBag from /home/airflow/.local/lib/python3.12/site-packages/airflow/example_dags/example_sensors.py
[2024-12-28T00:06:38.903+0000] {processor.py:925} INFO - DAG(s) 'example_sensors' retrieved from /home/airflow/.local/lib/python3.12/site-packages/airflow/example_dags/example_sensors.py
[2024-12-28T00:06:38.939+0000] {logging_mixin.py:190} INFO - [2024-12-28T00:06:38.939+0000] {dag.py:3239} INFO - Sync 1 DAGs
[2024-12-28T00:06:38.956+0000] {logging_mixin.py:190} INFO - [2024-12-28T00:06:38.956+0000] {dag.py:4180} INFO - Setting next_dagrun for example_sensors to None, run_after=None
[2024-12-28T00:06:38.986+0000] {processor.py:208} INFO - Processing /home/airflow/.local/lib/python3.12/site-packages/airflow/example_dags/example_sensors.py took 0.112 seconds
[2024-12-28T00:07:09.626+0000] {processor.py:186} INFO - Started process (PID=28644) to work on /home/airflow/.local/lib/python3.12/site-packages/airflow/example_dags/example_sensors.py
[2024-12-28T00:07:09.628+0000] {processor.py:914} INFO - Processing file /home/airflow/.local/lib/python3.12/site-packages/airflow/example_dags/example_sensors.py for tasks to queue
[2024-12-28T00:07:09.630+0000] {logging_mixin.py:190} INFO - [2024-12-28T00:07:09.630+0000] {dagbag.py:588} INFO - Filling up the DagBag from /home/airflow/.local/lib/python3.12/site-packages/airflow/example_dags/example_sensors.py
[2024-12-28T00:07:09.642+0000] {processor.py:925} INFO - DAG(s) 'example_sensors' retrieved from /home/airflow/.local/lib/python3.12/site-packages/airflow/example_dags/example_sensors.py
[2024-12-28T00:07:09.675+0000] {logging_mixin.py:190} INFO - [2024-12-28T00:07:09.675+0000] {dag.py:3239} INFO - Sync 1 DAGs
[2024-12-28T00:07:09.690+0000] {logging_mixin.py:190} INFO - [2024-12-28T00:07:09.690+0000] {dag.py:4180} INFO - Setting next_dagrun for example_sensors to None, run_after=None
[2024-12-28T00:07:09.721+0000] {processor.py:208} INFO - Processing /home/airflow/.local/lib/python3.12/site-packages/airflow/example_dags/example_sensors.py took 0.100 seconds
[2024-12-28T00:07:39.781+0000] {processor.py:186} INFO - Started process (PID=28708) to work on /home/airflow/.local/lib/python3.12/site-packages/airflow/example_dags/example_sensors.py
[2024-12-28T00:07:39.783+0000] {processor.py:914} INFO - Processing file /home/airflow/.local/lib/python3.12/site-packages/airflow/example_dags/example_sensors.py for tasks to queue
[2024-12-28T00:07:39.785+0000] {logging_mixin.py:190} INFO - [2024-12-28T00:07:39.784+0000] {dagbag.py:588} INFO - Filling up the DagBag from /home/airflow/.local/lib/python3.12/site-packages/airflow/example_dags/example_sensors.py
[2024-12-28T00:07:39.798+0000] {processor.py:925} INFO - DAG(s) 'example_sensors' retrieved from /home/airflow/.local/lib/python3.12/site-packages/airflow/example_dags/example_sensors.py
[2024-12-28T00:07:39.833+0000] {logging_mixin.py:190} INFO - [2024-12-28T00:07:39.832+0000] {dag.py:3239} INFO - Sync 1 DAGs
[2024-12-28T00:07:39.850+0000] {logging_mixin.py:190} INFO - [2024-12-28T00:07:39.850+0000] {dag.py:4180} INFO - Setting next_dagrun for example_sensors to None, run_after=None
[2024-12-28T00:07:39.881+0000] {processor.py:208} INFO - Processing /home/airflow/.local/lib/python3.12/site-packages/airflow/example_dags/example_sensors.py took 0.105 seconds
[2024-12-28T00:08:09.978+0000] {processor.py:186} INFO - Started process (PID=28770) to work on /home/airflow/.local/lib/python3.12/site-packages/airflow/example_dags/example_sensors.py
[2024-12-28T00:08:09.979+0000] {processor.py:914} INFO - Processing file /home/airflow/.local/lib/python3.12/site-packages/airflow/example_dags/example_sensors.py for tasks to queue
[2024-12-28T00:08:09.982+0000] {logging_mixin.py:190} INFO - [2024-12-28T00:08:09.981+0000] {dagbag.py:588} INFO - Filling up the DagBag from /home/airflow/.local/lib/python3.12/site-packages/airflow/example_dags/example_sensors.py
[2024-12-28T00:08:09.994+0000] {processor.py:925} INFO - DAG(s) 'example_sensors' retrieved from /home/airflow/.local/lib/python3.12/site-packages/airflow/example_dags/example_sensors.py
[2024-12-28T00:08:10.029+0000] {logging_mixin.py:190} INFO - [2024-12-28T00:08:10.028+0000] {dag.py:3239} INFO - Sync 1 DAGs
[2024-12-28T00:08:10.045+0000] {logging_mixin.py:190} INFO - [2024-12-28T00:08:10.044+0000] {dag.py:4180} INFO - Setting next_dagrun for example_sensors to None, run_after=None
[2024-12-28T00:08:10.072+0000] {processor.py:208} INFO - Processing /home/airflow/.local/lib/python3.12/site-packages/airflow/example_dags/example_sensors.py took 0.100 seconds
[2024-12-28T00:08:40.175+0000] {processor.py:186} INFO - Started process (PID=28834) to work on /home/airflow/.local/lib/python3.12/site-packages/airflow/example_dags/example_sensors.py
[2024-12-28T00:08:40.177+0000] {processor.py:914} INFO - Processing file /home/airflow/.local/lib/python3.12/site-packages/airflow/example_dags/example_sensors.py for tasks to queue
[2024-12-28T00:08:40.179+0000] {logging_mixin.py:190} INFO - [2024-12-28T00:08:40.179+0000] {dagbag.py:588} INFO - Filling up the DagBag from /home/airflow/.local/lib/python3.12/site-packages/airflow/example_dags/example_sensors.py
[2024-12-28T00:08:40.191+0000] {processor.py:925} INFO - DAG(s) 'example_sensors' retrieved from /home/airflow/.local/lib/python3.12/site-packages/airflow/example_dags/example_sensors.py
[2024-12-28T00:08:40.227+0000] {logging_mixin.py:190} INFO - [2024-12-28T00:08:40.226+0000] {dag.py:3239} INFO - Sync 1 DAGs
[2024-12-28T00:08:40.244+0000] {logging_mixin.py:190} INFO - [2024-12-28T00:08:40.244+0000] {dag.py:4180} INFO - Setting next_dagrun for example_sensors to None, run_after=None
[2024-12-28T00:08:40.274+0000] {processor.py:208} INFO - Processing /home/airflow/.local/lib/python3.12/site-packages/airflow/example_dags/example_sensors.py took 0.105 seconds
[2024-12-28T00:09:10.682+0000] {processor.py:186} INFO - Started process (PID=28898) to work on /home/airflow/.local/lib/python3.12/site-packages/airflow/example_dags/example_sensors.py
[2024-12-28T00:09:10.683+0000] {processor.py:914} INFO - Processing file /home/airflow/.local/lib/python3.12/site-packages/airflow/example_dags/example_sensors.py for tasks to queue
[2024-12-28T00:09:10.685+0000] {logging_mixin.py:190} INFO - [2024-12-28T00:09:10.684+0000] {dagbag.py:588} INFO - Filling up the DagBag from /home/airflow/.local/lib/python3.12/site-packages/airflow/example_dags/example_sensors.py
[2024-12-28T00:09:10.696+0000] {processor.py:925} INFO - DAG(s) 'example_sensors' retrieved from /home/airflow/.local/lib/python3.12/site-packages/airflow/example_dags/example_sensors.py
[2024-12-28T00:09:10.727+0000] {logging_mixin.py:190} INFO - [2024-12-28T00:09:10.727+0000] {dag.py:3239} INFO - Sync 1 DAGs
[2024-12-28T00:09:10.746+0000] {logging_mixin.py:190} INFO - [2024-12-28T00:09:10.746+0000] {dag.py:4180} INFO - Setting next_dagrun for example_sensors to None, run_after=None
[2024-12-28T00:09:10.775+0000] {processor.py:208} INFO - Processing /home/airflow/.local/lib/python3.12/site-packages/airflow/example_dags/example_sensors.py took 0.100 seconds
[2024-12-28T00:09:41.571+0000] {processor.py:186} INFO - Started process (PID=28962) to work on /home/airflow/.local/lib/python3.12/site-packages/airflow/example_dags/example_sensors.py
[2024-12-28T00:09:41.573+0000] {processor.py:914} INFO - Processing file /home/airflow/.local/lib/python3.12/site-packages/airflow/example_dags/example_sensors.py for tasks to queue
[2024-12-28T00:09:41.575+0000] {logging_mixin.py:190} INFO - [2024-12-28T00:09:41.575+0000] {dagbag.py:588} INFO - Filling up the DagBag from /home/airflow/.local/lib/python3.12/site-packages/airflow/example_dags/example_sensors.py
[2024-12-28T00:09:41.589+0000] {processor.py:925} INFO - DAG(s) 'example_sensors' retrieved from /home/airflow/.local/lib/python3.12/site-packages/airflow/example_dags/example_sensors.py
[2024-12-28T00:09:41.620+0000] {logging_mixin.py:190} INFO - [2024-12-28T00:09:41.620+0000] {dag.py:3239} INFO - Sync 1 DAGs
[2024-12-28T00:09:41.635+0000] {logging_mixin.py:190} INFO - [2024-12-28T00:09:41.635+0000] {dag.py:4180} INFO - Setting next_dagrun for example_sensors to None, run_after=None
[2024-12-28T00:09:41.677+0000] {processor.py:208} INFO - Processing /home/airflow/.local/lib/python3.12/site-packages/airflow/example_dags/example_sensors.py took 0.111 seconds
[2024-12-28T00:10:12.100+0000] {processor.py:186} INFO - Started process (PID=29026) to work on /home/airflow/.local/lib/python3.12/site-packages/airflow/example_dags/example_sensors.py
[2024-12-28T00:10:12.102+0000] {processor.py:914} INFO - Processing file /home/airflow/.local/lib/python3.12/site-packages/airflow/example_dags/example_sensors.py for tasks to queue
[2024-12-28T00:10:12.104+0000] {logging_mixin.py:190} INFO - [2024-12-28T00:10:12.104+0000] {dagbag.py:588} INFO - Filling up the DagBag from /home/airflow/.local/lib/python3.12/site-packages/airflow/example_dags/example_sensors.py
[2024-12-28T00:10:12.115+0000] {processor.py:925} INFO - DAG(s) 'example_sensors' retrieved from /home/airflow/.local/lib/python3.12/site-packages/airflow/example_dags/example_sensors.py
[2024-12-28T00:10:12.149+0000] {logging_mixin.py:190} INFO - [2024-12-28T00:10:12.149+0000] {dag.py:3239} INFO - Sync 1 DAGs
[2024-12-28T00:10:12.166+0000] {logging_mixin.py:190} INFO - [2024-12-28T00:10:12.166+0000] {dag.py:4180} INFO - Setting next_dagrun for example_sensors to None, run_after=None
[2024-12-28T00:10:12.196+0000] {processor.py:208} INFO - Processing /home/airflow/.local/lib/python3.12/site-packages/airflow/example_dags/example_sensors.py took 0.102 seconds
[2024-12-28T00:10:42.410+0000] {processor.py:186} INFO - Started process (PID=29090) to work on /home/airflow/.local/lib/python3.12/site-packages/airflow/example_dags/example_sensors.py
[2024-12-28T00:10:42.411+0000] {processor.py:914} INFO - Processing file /home/airflow/.local/lib/python3.12/site-packages/airflow/example_dags/example_sensors.py for tasks to queue
[2024-12-28T00:10:42.413+0000] {logging_mixin.py:190} INFO - [2024-12-28T00:10:42.413+0000] {dagbag.py:588} INFO - Filling up the DagBag from /home/airflow/.local/lib/python3.12/site-packages/airflow/example_dags/example_sensors.py
[2024-12-28T00:10:42.426+0000] {processor.py:925} INFO - DAG(s) 'example_sensors' retrieved from /home/airflow/.local/lib/python3.12/site-packages/airflow/example_dags/example_sensors.py
[2024-12-28T00:10:42.455+0000] {logging_mixin.py:190} INFO - [2024-12-28T00:10:42.455+0000] {dag.py:3239} INFO - Sync 1 DAGs
[2024-12-28T00:10:42.470+0000] {logging_mixin.py:190} INFO - [2024-12-28T00:10:42.469+0000] {dag.py:4180} INFO - Setting next_dagrun for example_sensors to None, run_after=None
[2024-12-28T00:10:42.497+0000] {processor.py:208} INFO - Processing /home/airflow/.local/lib/python3.12/site-packages/airflow/example_dags/example_sensors.py took 0.092 seconds
[2024-12-28T00:11:13.152+0000] {processor.py:186} INFO - Started process (PID=29154) to work on /home/airflow/.local/lib/python3.12/site-packages/airflow/example_dags/example_sensors.py
[2024-12-28T00:11:13.154+0000] {processor.py:914} INFO - Processing file /home/airflow/.local/lib/python3.12/site-packages/airflow/example_dags/example_sensors.py for tasks to queue
[2024-12-28T00:11:13.156+0000] {logging_mixin.py:190} INFO - [2024-12-28T00:11:13.156+0000] {dagbag.py:588} INFO - Filling up the DagBag from /home/airflow/.local/lib/python3.12/site-packages/airflow/example_dags/example_sensors.py
[2024-12-28T00:11:13.168+0000] {processor.py:925} INFO - DAG(s) 'example_sensors' retrieved from /home/airflow/.local/lib/python3.12/site-packages/airflow/example_dags/example_sensors.py
[2024-12-28T00:11:13.201+0000] {logging_mixin.py:190} INFO - [2024-12-28T00:11:13.200+0000] {dag.py:3239} INFO - Sync 1 DAGs
[2024-12-28T00:11:13.216+0000] {logging_mixin.py:190} INFO - [2024-12-28T00:11:13.216+0000] {dag.py:4180} INFO - Setting next_dagrun for example_sensors to None, run_after=None
[2024-12-28T00:11:13.241+0000] {processor.py:208} INFO - Processing /home/airflow/.local/lib/python3.12/site-packages/airflow/example_dags/example_sensors.py took 0.094 seconds
[2024-12-28T00:11:43.404+0000] {processor.py:186} INFO - Started process (PID=29218) to work on /home/airflow/.local/lib/python3.12/site-packages/airflow/example_dags/example_sensors.py
[2024-12-28T00:11:43.406+0000] {processor.py:914} INFO - Processing file /home/airflow/.local/lib/python3.12/site-packages/airflow/example_dags/example_sensors.py for tasks to queue
[2024-12-28T00:11:43.407+0000] {logging_mixin.py:190} INFO - [2024-12-28T00:11:43.407+0000] {dagbag.py:588} INFO - Filling up the DagBag from /home/airflow/.local/lib/python3.12/site-packages/airflow/example_dags/example_sensors.py
[2024-12-28T00:11:43.419+0000] {processor.py:925} INFO - DAG(s) 'example_sensors' retrieved from /home/airflow/.local/lib/python3.12/site-packages/airflow/example_dags/example_sensors.py
[2024-12-28T00:11:43.448+0000] {logging_mixin.py:190} INFO - [2024-12-28T00:11:43.448+0000] {dag.py:3239} INFO - Sync 1 DAGs
[2024-12-28T00:11:43.462+0000] {logging_mixin.py:190} INFO - [2024-12-28T00:11:43.462+0000] {dag.py:4180} INFO - Setting next_dagrun for example_sensors to None, run_after=None
[2024-12-28T00:11:43.490+0000] {processor.py:208} INFO - Processing /home/airflow/.local/lib/python3.12/site-packages/airflow/example_dags/example_sensors.py took 0.091 seconds
[2024-12-28T00:12:13.783+0000] {processor.py:186} INFO - Started process (PID=29282) to work on /home/airflow/.local/lib/python3.12/site-packages/airflow/example_dags/example_sensors.py
[2024-12-28T00:12:13.785+0000] {processor.py:914} INFO - Processing file /home/airflow/.local/lib/python3.12/site-packages/airflow/example_dags/example_sensors.py for tasks to queue
[2024-12-28T00:12:13.787+0000] {logging_mixin.py:190} INFO - [2024-12-28T00:12:13.786+0000] {dagbag.py:588} INFO - Filling up the DagBag from /home/airflow/.local/lib/python3.12/site-packages/airflow/example_dags/example_sensors.py
[2024-12-28T00:12:13.800+0000] {processor.py:925} INFO - DAG(s) 'example_sensors' retrieved from /home/airflow/.local/lib/python3.12/site-packages/airflow/example_dags/example_sensors.py
[2024-12-28T00:12:13.831+0000] {logging_mixin.py:190} INFO - [2024-12-28T00:12:13.830+0000] {dag.py:3239} INFO - Sync 1 DAGs
[2024-12-28T00:12:13.846+0000] {logging_mixin.py:190} INFO - [2024-12-28T00:12:13.845+0000] {dag.py:4180} INFO - Setting next_dagrun for example_sensors to None, run_after=None
[2024-12-28T00:12:13.881+0000] {processor.py:208} INFO - Processing /home/airflow/.local/lib/python3.12/site-packages/airflow/example_dags/example_sensors.py took 0.102 seconds
[2024-12-28T00:12:44.523+0000] {processor.py:186} INFO - Started process (PID=29346) to work on /home/airflow/.local/lib/python3.12/site-packages/airflow/example_dags/example_sensors.py
[2024-12-28T00:12:44.525+0000] {processor.py:914} INFO - Processing file /home/airflow/.local/lib/python3.12/site-packages/airflow/example_dags/example_sensors.py for tasks to queue
[2024-12-28T00:12:44.528+0000] {logging_mixin.py:190} INFO - [2024-12-28T00:12:44.527+0000] {dagbag.py:588} INFO - Filling up the DagBag from /home/airflow/.local/lib/python3.12/site-packages/airflow/example_dags/example_sensors.py
[2024-12-28T00:12:44.541+0000] {processor.py:925} INFO - DAG(s) 'example_sensors' retrieved from /home/airflow/.local/lib/python3.12/site-packages/airflow/example_dags/example_sensors.py
[2024-12-28T00:12:44.571+0000] {logging_mixin.py:190} INFO - [2024-12-28T00:12:44.571+0000] {dag.py:3239} INFO - Sync 1 DAGs
[2024-12-28T00:12:44.587+0000] {logging_mixin.py:190} INFO - [2024-12-28T00:12:44.587+0000] {dag.py:4180} INFO - Setting next_dagrun for example_sensors to None, run_after=None
[2024-12-28T00:12:44.618+0000] {processor.py:208} INFO - Processing /home/airflow/.local/lib/python3.12/site-packages/airflow/example_dags/example_sensors.py took 0.100 seconds
[2024-12-28T00:13:14.966+0000] {processor.py:186} INFO - Started process (PID=29410) to work on /home/airflow/.local/lib/python3.12/site-packages/airflow/example_dags/example_sensors.py
[2024-12-28T00:13:14.968+0000] {processor.py:914} INFO - Processing file /home/airflow/.local/lib/python3.12/site-packages/airflow/example_dags/example_sensors.py for tasks to queue
[2024-12-28T00:13:14.971+0000] {logging_mixin.py:190} INFO - [2024-12-28T00:13:14.970+0000] {dagbag.py:588} INFO - Filling up the DagBag from /home/airflow/.local/lib/python3.12/site-packages/airflow/example_dags/example_sensors.py
[2024-12-28T00:13:14.985+0000] {processor.py:925} INFO - DAG(s) 'example_sensors' retrieved from /home/airflow/.local/lib/python3.12/site-packages/airflow/example_dags/example_sensors.py
[2024-12-28T00:13:15.024+0000] {logging_mixin.py:190} INFO - [2024-12-28T00:13:15.023+0000] {dag.py:3239} INFO - Sync 1 DAGs
[2024-12-28T00:13:15.041+0000] {logging_mixin.py:190} INFO - [2024-12-28T00:13:15.041+0000] {dag.py:4180} INFO - Setting next_dagrun for example_sensors to None, run_after=None
[2024-12-28T00:13:15.073+0000] {processor.py:208} INFO - Processing /home/airflow/.local/lib/python3.12/site-packages/airflow/example_dags/example_sensors.py took 0.114 seconds
[2024-12-28T00:13:45.833+0000] {processor.py:186} INFO - Started process (PID=29473) to work on /home/airflow/.local/lib/python3.12/site-packages/airflow/example_dags/example_sensors.py
[2024-12-28T00:13:45.835+0000] {processor.py:914} INFO - Processing file /home/airflow/.local/lib/python3.12/site-packages/airflow/example_dags/example_sensors.py for tasks to queue
[2024-12-28T00:13:45.837+0000] {logging_mixin.py:190} INFO - [2024-12-28T00:13:45.837+0000] {dagbag.py:588} INFO - Filling up the DagBag from /home/airflow/.local/lib/python3.12/site-packages/airflow/example_dags/example_sensors.py
[2024-12-28T00:13:45.850+0000] {processor.py:925} INFO - DAG(s) 'example_sensors' retrieved from /home/airflow/.local/lib/python3.12/site-packages/airflow/example_dags/example_sensors.py
[2024-12-28T00:13:45.889+0000] {logging_mixin.py:190} INFO - [2024-12-28T00:13:45.888+0000] {dag.py:3239} INFO - Sync 1 DAGs
[2024-12-28T00:13:45.904+0000] {logging_mixin.py:190} INFO - [2024-12-28T00:13:45.904+0000] {dag.py:4180} INFO - Setting next_dagrun for example_sensors to None, run_after=None
[2024-12-28T00:13:45.932+0000] {processor.py:208} INFO - Processing /home/airflow/.local/lib/python3.12/site-packages/airflow/example_dags/example_sensors.py took 0.105 seconds
[2024-12-28T00:14:16.208+0000] {processor.py:186} INFO - Started process (PID=29536) to work on /home/airflow/.local/lib/python3.12/site-packages/airflow/example_dags/example_sensors.py
[2024-12-28T00:14:16.209+0000] {processor.py:914} INFO - Processing file /home/airflow/.local/lib/python3.12/site-packages/airflow/example_dags/example_sensors.py for tasks to queue
[2024-12-28T00:14:16.211+0000] {logging_mixin.py:190} INFO - [2024-12-28T00:14:16.211+0000] {dagbag.py:588} INFO - Filling up the DagBag from /home/airflow/.local/lib/python3.12/site-packages/airflow/example_dags/example_sensors.py
[2024-12-28T00:14:16.223+0000] {processor.py:925} INFO - DAG(s) 'example_sensors' retrieved from /home/airflow/.local/lib/python3.12/site-packages/airflow/example_dags/example_sensors.py
[2024-12-28T00:14:16.252+0000] {logging_mixin.py:190} INFO - [2024-12-28T00:14:16.252+0000] {dag.py:3239} INFO - Sync 1 DAGs
[2024-12-28T00:14:16.267+0000] {logging_mixin.py:190} INFO - [2024-12-28T00:14:16.267+0000] {dag.py:4180} INFO - Setting next_dagrun for example_sensors to None, run_after=None
[2024-12-28T00:14:16.298+0000] {processor.py:208} INFO - Processing /home/airflow/.local/lib/python3.12/site-packages/airflow/example_dags/example_sensors.py took 0.095 seconds
[2024-12-28T00:14:46.693+0000] {processor.py:186} INFO - Started process (PID=29600) to work on /home/airflow/.local/lib/python3.12/site-packages/airflow/example_dags/example_sensors.py
[2024-12-28T00:14:46.695+0000] {processor.py:914} INFO - Processing file /home/airflow/.local/lib/python3.12/site-packages/airflow/example_dags/example_sensors.py for tasks to queue
[2024-12-28T00:14:46.697+0000] {logging_mixin.py:190} INFO - [2024-12-28T00:14:46.696+0000] {dagbag.py:588} INFO - Filling up the DagBag from /home/airflow/.local/lib/python3.12/site-packages/airflow/example_dags/example_sensors.py
[2024-12-28T00:14:46.709+0000] {processor.py:925} INFO - DAG(s) 'example_sensors' retrieved from /home/airflow/.local/lib/python3.12/site-packages/airflow/example_dags/example_sensors.py
[2024-12-28T00:14:46.743+0000] {logging_mixin.py:190} INFO - [2024-12-28T00:14:46.743+0000] {dag.py:3239} INFO - Sync 1 DAGs
[2024-12-28T00:14:46.760+0000] {logging_mixin.py:190} INFO - [2024-12-28T00:14:46.759+0000] {dag.py:4180} INFO - Setting next_dagrun for example_sensors to None, run_after=None
[2024-12-28T00:14:46.791+0000] {processor.py:208} INFO - Processing /home/airflow/.local/lib/python3.12/site-packages/airflow/example_dags/example_sensors.py took 0.103 seconds
[2024-12-28T00:15:16.875+0000] {processor.py:186} INFO - Started process (PID=29664) to work on /home/airflow/.local/lib/python3.12/site-packages/airflow/example_dags/example_sensors.py
[2024-12-28T00:15:16.876+0000] {processor.py:914} INFO - Processing file /home/airflow/.local/lib/python3.12/site-packages/airflow/example_dags/example_sensors.py for tasks to queue
[2024-12-28T00:15:16.879+0000] {logging_mixin.py:190} INFO - [2024-12-28T00:15:16.878+0000] {dagbag.py:588} INFO - Filling up the DagBag from /home/airflow/.local/lib/python3.12/site-packages/airflow/example_dags/example_sensors.py
[2024-12-28T00:15:16.890+0000] {processor.py:925} INFO - DAG(s) 'example_sensors' retrieved from /home/airflow/.local/lib/python3.12/site-packages/airflow/example_dags/example_sensors.py
[2024-12-28T00:15:16.922+0000] {logging_mixin.py:190} INFO - [2024-12-28T00:15:16.922+0000] {dag.py:3239} INFO - Sync 1 DAGs
[2024-12-28T00:15:16.938+0000] {logging_mixin.py:190} INFO - [2024-12-28T00:15:16.938+0000] {dag.py:4180} INFO - Setting next_dagrun for example_sensors to None, run_after=None
[2024-12-28T00:15:16.971+0000] {processor.py:208} INFO - Processing /home/airflow/.local/lib/python3.12/site-packages/airflow/example_dags/example_sensors.py took 0.101 seconds
[2024-12-28T00:15:47.172+0000] {processor.py:186} INFO - Started process (PID=29728) to work on /home/airflow/.local/lib/python3.12/site-packages/airflow/example_dags/example_sensors.py
[2024-12-28T00:15:47.174+0000] {processor.py:914} INFO - Processing file /home/airflow/.local/lib/python3.12/site-packages/airflow/example_dags/example_sensors.py for tasks to queue
[2024-12-28T00:15:47.176+0000] {logging_mixin.py:190} INFO - [2024-12-28T00:15:47.175+0000] {dagbag.py:588} INFO - Filling up the DagBag from /home/airflow/.local/lib/python3.12/site-packages/airflow/example_dags/example_sensors.py
[2024-12-28T00:15:47.188+0000] {processor.py:925} INFO - DAG(s) 'example_sensors' retrieved from /home/airflow/.local/lib/python3.12/site-packages/airflow/example_dags/example_sensors.py
[2024-12-28T00:15:47.224+0000] {logging_mixin.py:190} INFO - [2024-12-28T00:15:47.224+0000] {dag.py:3239} INFO - Sync 1 DAGs
[2024-12-28T00:15:47.239+0000] {logging_mixin.py:190} INFO - [2024-12-28T00:15:47.239+0000] {dag.py:4180} INFO - Setting next_dagrun for example_sensors to None, run_after=None
[2024-12-28T00:15:47.267+0000] {processor.py:208} INFO - Processing /home/airflow/.local/lib/python3.12/site-packages/airflow/example_dags/example_sensors.py took 0.100 seconds
[2024-12-28T00:16:17.825+0000] {processor.py:186} INFO - Started process (PID=29792) to work on /home/airflow/.local/lib/python3.12/site-packages/airflow/example_dags/example_sensors.py
[2024-12-28T00:16:17.827+0000] {processor.py:914} INFO - Processing file /home/airflow/.local/lib/python3.12/site-packages/airflow/example_dags/example_sensors.py for tasks to queue
[2024-12-28T00:16:17.828+0000] {logging_mixin.py:190} INFO - [2024-12-28T00:16:17.828+0000] {dagbag.py:588} INFO - Filling up the DagBag from /home/airflow/.local/lib/python3.12/site-packages/airflow/example_dags/example_sensors.py
[2024-12-28T00:16:17.840+0000] {processor.py:925} INFO - DAG(s) 'example_sensors' retrieved from /home/airflow/.local/lib/python3.12/site-packages/airflow/example_dags/example_sensors.py
[2024-12-28T00:16:17.873+0000] {logging_mixin.py:190} INFO - [2024-12-28T00:16:17.873+0000] {dag.py:3239} INFO - Sync 1 DAGs
[2024-12-28T00:16:17.888+0000] {logging_mixin.py:190} INFO - [2024-12-28T00:16:17.888+0000] {dag.py:4180} INFO - Setting next_dagrun for example_sensors to None, run_after=None
[2024-12-28T00:16:17.915+0000] {processor.py:208} INFO - Processing /home/airflow/.local/lib/python3.12/site-packages/airflow/example_dags/example_sensors.py took 0.095 seconds
[2024-12-28T00:16:48.271+0000] {processor.py:186} INFO - Started process (PID=29856) to work on /home/airflow/.local/lib/python3.12/site-packages/airflow/example_dags/example_sensors.py
[2024-12-28T00:16:48.272+0000] {processor.py:914} INFO - Processing file /home/airflow/.local/lib/python3.12/site-packages/airflow/example_dags/example_sensors.py for tasks to queue
[2024-12-28T00:16:48.274+0000] {logging_mixin.py:190} INFO - [2024-12-28T00:16:48.274+0000] {dagbag.py:588} INFO - Filling up the DagBag from /home/airflow/.local/lib/python3.12/site-packages/airflow/example_dags/example_sensors.py
[2024-12-28T00:16:48.286+0000] {processor.py:925} INFO - DAG(s) 'example_sensors' retrieved from /home/airflow/.local/lib/python3.12/site-packages/airflow/example_dags/example_sensors.py
[2024-12-28T00:16:48.316+0000] {logging_mixin.py:190} INFO - [2024-12-28T00:16:48.316+0000] {dag.py:3239} INFO - Sync 1 DAGs
[2024-12-28T00:16:48.333+0000] {logging_mixin.py:190} INFO - [2024-12-28T00:16:48.333+0000] {dag.py:4180} INFO - Setting next_dagrun for example_sensors to None, run_after=None
[2024-12-28T00:16:48.365+0000] {processor.py:208} INFO - Processing /home/airflow/.local/lib/python3.12/site-packages/airflow/example_dags/example_sensors.py took 0.099 seconds
[2024-12-28T00:17:18.586+0000] {processor.py:186} INFO - Started process (PID=29921) to work on /home/airflow/.local/lib/python3.12/site-packages/airflow/example_dags/example_sensors.py
[2024-12-28T00:17:18.587+0000] {processor.py:914} INFO - Processing file /home/airflow/.local/lib/python3.12/site-packages/airflow/example_dags/example_sensors.py for tasks to queue
[2024-12-28T00:17:18.589+0000] {logging_mixin.py:190} INFO - [2024-12-28T00:17:18.589+0000] {dagbag.py:588} INFO - Filling up the DagBag from /home/airflow/.local/lib/python3.12/site-packages/airflow/example_dags/example_sensors.py
[2024-12-28T00:17:18.602+0000] {processor.py:925} INFO - DAG(s) 'example_sensors' retrieved from /home/airflow/.local/lib/python3.12/site-packages/airflow/example_dags/example_sensors.py
[2024-12-28T00:17:18.635+0000] {logging_mixin.py:190} INFO - [2024-12-28T00:17:18.635+0000] {dag.py:3239} INFO - Sync 1 DAGs
[2024-12-28T00:17:18.651+0000] {logging_mixin.py:190} INFO - [2024-12-28T00:17:18.651+0000] {dag.py:4180} INFO - Setting next_dagrun for example_sensors to None, run_after=None
[2024-12-28T00:17:18.678+0000] {processor.py:208} INFO - Processing /home/airflow/.local/lib/python3.12/site-packages/airflow/example_dags/example_sensors.py took 0.098 seconds
[2024-12-28T00:17:49.264+0000] {processor.py:186} INFO - Started process (PID=29985) to work on /home/airflow/.local/lib/python3.12/site-packages/airflow/example_dags/example_sensors.py
[2024-12-28T00:17:49.265+0000] {processor.py:914} INFO - Processing file /home/airflow/.local/lib/python3.12/site-packages/airflow/example_dags/example_sensors.py for tasks to queue
[2024-12-28T00:17:49.267+0000] {logging_mixin.py:190} INFO - [2024-12-28T00:17:49.267+0000] {dagbag.py:588} INFO - Filling up the DagBag from /home/airflow/.local/lib/python3.12/site-packages/airflow/example_dags/example_sensors.py
[2024-12-28T00:17:49.280+0000] {processor.py:925} INFO - DAG(s) 'example_sensors' retrieved from /home/airflow/.local/lib/python3.12/site-packages/airflow/example_dags/example_sensors.py
[2024-12-28T00:17:49.314+0000] {logging_mixin.py:190} INFO - [2024-12-28T00:17:49.313+0000] {dag.py:3239} INFO - Sync 1 DAGs
[2024-12-28T00:17:49.331+0000] {logging_mixin.py:190} INFO - [2024-12-28T00:17:49.331+0000] {dag.py:4180} INFO - Setting next_dagrun for example_sensors to None, run_after=None
[2024-12-28T00:17:49.361+0000] {processor.py:208} INFO - Processing /home/airflow/.local/lib/python3.12/site-packages/airflow/example_dags/example_sensors.py took 0.102 seconds
[2024-12-28T00:18:19.514+0000] {processor.py:186} INFO - Started process (PID=30049) to work on /home/airflow/.local/lib/python3.12/site-packages/airflow/example_dags/example_sensors.py
[2024-12-28T00:18:19.516+0000] {processor.py:914} INFO - Processing file /home/airflow/.local/lib/python3.12/site-packages/airflow/example_dags/example_sensors.py for tasks to queue
[2024-12-28T00:18:19.518+0000] {logging_mixin.py:190} INFO - [2024-12-28T00:18:19.518+0000] {dagbag.py:588} INFO - Filling up the DagBag from /home/airflow/.local/lib/python3.12/site-packages/airflow/example_dags/example_sensors.py
[2024-12-28T00:18:19.531+0000] {processor.py:925} INFO - DAG(s) 'example_sensors' retrieved from /home/airflow/.local/lib/python3.12/site-packages/airflow/example_dags/example_sensors.py
[2024-12-28T00:18:19.570+0000] {logging_mixin.py:190} INFO - [2024-12-28T00:18:19.570+0000] {dag.py:3239} INFO - Sync 1 DAGs
[2024-12-28T00:18:19.589+0000] {logging_mixin.py:190} INFO - [2024-12-28T00:18:19.589+0000] {dag.py:4180} INFO - Setting next_dagrun for example_sensors to None, run_after=None
[2024-12-28T00:18:19.614+0000] {processor.py:208} INFO - Processing /home/airflow/.local/lib/python3.12/site-packages/airflow/example_dags/example_sensors.py took 0.106 seconds
[2024-12-28T00:18:49.709+0000] {processor.py:186} INFO - Started process (PID=30119) to work on /home/airflow/.local/lib/python3.12/site-packages/airflow/example_dags/example_sensors.py
[2024-12-28T00:18:49.710+0000] {processor.py:914} INFO - Processing file /home/airflow/.local/lib/python3.12/site-packages/airflow/example_dags/example_sensors.py for tasks to queue
[2024-12-28T00:18:49.712+0000] {logging_mixin.py:190} INFO - [2024-12-28T00:18:49.712+0000] {dagbag.py:588} INFO - Filling up the DagBag from /home/airflow/.local/lib/python3.12/site-packages/airflow/example_dags/example_sensors.py
[2024-12-28T00:18:49.724+0000] {processor.py:925} INFO - DAG(s) 'example_sensors' retrieved from /home/airflow/.local/lib/python3.12/site-packages/airflow/example_dags/example_sensors.py
[2024-12-28T00:18:49.752+0000] {logging_mixin.py:190} INFO - [2024-12-28T00:18:49.752+0000] {dag.py:3239} INFO - Sync 1 DAGs
[2024-12-28T00:18:49.767+0000] {logging_mixin.py:190} INFO - [2024-12-28T00:18:49.767+0000] {dag.py:4180} INFO - Setting next_dagrun for example_sensors to None, run_after=None
[2024-12-28T00:18:49.792+0000] {processor.py:208} INFO - Processing /home/airflow/.local/lib/python3.12/site-packages/airflow/example_dags/example_sensors.py took 0.088 seconds
[2024-12-28T00:19:20.572+0000] {processor.py:186} INFO - Started process (PID=30183) to work on /home/airflow/.local/lib/python3.12/site-packages/airflow/example_dags/example_sensors.py
[2024-12-28T00:19:20.574+0000] {processor.py:914} INFO - Processing file /home/airflow/.local/lib/python3.12/site-packages/airflow/example_dags/example_sensors.py for tasks to queue
[2024-12-28T00:19:20.576+0000] {logging_mixin.py:190} INFO - [2024-12-28T00:19:20.575+0000] {dagbag.py:588} INFO - Filling up the DagBag from /home/airflow/.local/lib/python3.12/site-packages/airflow/example_dags/example_sensors.py
[2024-12-28T00:19:20.587+0000] {processor.py:925} INFO - DAG(s) 'example_sensors' retrieved from /home/airflow/.local/lib/python3.12/site-packages/airflow/example_dags/example_sensors.py
[2024-12-28T00:19:20.618+0000] {logging_mixin.py:190} INFO - [2024-12-28T00:19:20.617+0000] {dag.py:3239} INFO - Sync 1 DAGs
[2024-12-28T00:19:20.636+0000] {logging_mixin.py:190} INFO - [2024-12-28T00:19:20.636+0000] {dag.py:4180} INFO - Setting next_dagrun for example_sensors to None, run_after=None
[2024-12-28T00:19:20.668+0000] {processor.py:208} INFO - Processing /home/airflow/.local/lib/python3.12/site-packages/airflow/example_dags/example_sensors.py took 0.101 seconds
[2024-12-28T00:19:50.836+0000] {processor.py:186} INFO - Started process (PID=30248) to work on /home/airflow/.local/lib/python3.12/site-packages/airflow/example_dags/example_sensors.py
[2024-12-28T00:19:50.837+0000] {processor.py:914} INFO - Processing file /home/airflow/.local/lib/python3.12/site-packages/airflow/example_dags/example_sensors.py for tasks to queue
[2024-12-28T00:19:50.839+0000] {logging_mixin.py:190} INFO - [2024-12-28T00:19:50.838+0000] {dagbag.py:588} INFO - Filling up the DagBag from /home/airflow/.local/lib/python3.12/site-packages/airflow/example_dags/example_sensors.py
[2024-12-28T00:19:50.850+0000] {processor.py:925} INFO - DAG(s) 'example_sensors' retrieved from /home/airflow/.local/lib/python3.12/site-packages/airflow/example_dags/example_sensors.py
[2024-12-28T00:19:50.885+0000] {logging_mixin.py:190} INFO - [2024-12-28T00:19:50.885+0000] {dag.py:3239} INFO - Sync 1 DAGs
[2024-12-28T00:19:50.901+0000] {logging_mixin.py:190} INFO - [2024-12-28T00:19:50.901+0000] {dag.py:4180} INFO - Setting next_dagrun for example_sensors to None, run_after=None
[2024-12-28T00:19:50.934+0000] {processor.py:208} INFO - Processing /home/airflow/.local/lib/python3.12/site-packages/airflow/example_dags/example_sensors.py took 0.104 seconds
[2024-12-28T00:20:21.157+0000] {processor.py:186} INFO - Started process (PID=30312) to work on /home/airflow/.local/lib/python3.12/site-packages/airflow/example_dags/example_sensors.py
[2024-12-28T00:20:21.158+0000] {processor.py:914} INFO - Processing file /home/airflow/.local/lib/python3.12/site-packages/airflow/example_dags/example_sensors.py for tasks to queue
[2024-12-28T00:20:21.160+0000] {logging_mixin.py:190} INFO - [2024-12-28T00:20:21.160+0000] {dagbag.py:588} INFO - Filling up the DagBag from /home/airflow/.local/lib/python3.12/site-packages/airflow/example_dags/example_sensors.py
[2024-12-28T00:20:21.171+0000] {processor.py:925} INFO - DAG(s) 'example_sensors' retrieved from /home/airflow/.local/lib/python3.12/site-packages/airflow/example_dags/example_sensors.py
[2024-12-28T00:20:21.204+0000] {logging_mixin.py:190} INFO - [2024-12-28T00:20:21.204+0000] {dag.py:3239} INFO - Sync 1 DAGs
[2024-12-28T00:20:21.220+0000] {logging_mixin.py:190} INFO - [2024-12-28T00:20:21.219+0000] {dag.py:4180} INFO - Setting next_dagrun for example_sensors to None, run_after=None
[2024-12-28T00:20:21.253+0000] {processor.py:208} INFO - Processing /home/airflow/.local/lib/python3.12/site-packages/airflow/example_dags/example_sensors.py took 0.102 seconds
[2024-12-28T00:20:51.415+0000] {processor.py:186} INFO - Started process (PID=30376) to work on /home/airflow/.local/lib/python3.12/site-packages/airflow/example_dags/example_sensors.py
[2024-12-28T00:20:51.417+0000] {processor.py:914} INFO - Processing file /home/airflow/.local/lib/python3.12/site-packages/airflow/example_dags/example_sensors.py for tasks to queue
[2024-12-28T00:20:51.419+0000] {logging_mixin.py:190} INFO - [2024-12-28T00:20:51.418+0000] {dagbag.py:588} INFO - Filling up the DagBag from /home/airflow/.local/lib/python3.12/site-packages/airflow/example_dags/example_sensors.py
[2024-12-28T00:20:51.432+0000] {processor.py:925} INFO - DAG(s) 'example_sensors' retrieved from /home/airflow/.local/lib/python3.12/site-packages/airflow/example_dags/example_sensors.py
[2024-12-28T00:20:51.464+0000] {logging_mixin.py:190} INFO - [2024-12-28T00:20:51.463+0000] {dag.py:3239} INFO - Sync 1 DAGs
[2024-12-28T00:20:51.479+0000] {logging_mixin.py:190} INFO - [2024-12-28T00:20:51.479+0000] {dag.py:4180} INFO - Setting next_dagrun for example_sensors to None, run_after=None
[2024-12-28T00:20:51.514+0000] {processor.py:208} INFO - Processing /home/airflow/.local/lib/python3.12/site-packages/airflow/example_dags/example_sensors.py took 0.104 seconds
[2024-12-28T00:21:21.801+0000] {processor.py:186} INFO - Started process (PID=30440) to work on /home/airflow/.local/lib/python3.12/site-packages/airflow/example_dags/example_sensors.py
[2024-12-28T00:21:21.803+0000] {processor.py:914} INFO - Processing file /home/airflow/.local/lib/python3.12/site-packages/airflow/example_dags/example_sensors.py for tasks to queue
[2024-12-28T00:21:21.805+0000] {logging_mixin.py:190} INFO - [2024-12-28T00:21:21.804+0000] {dagbag.py:588} INFO - Filling up the DagBag from /home/airflow/.local/lib/python3.12/site-packages/airflow/example_dags/example_sensors.py
[2024-12-28T00:21:21.817+0000] {processor.py:925} INFO - DAG(s) 'example_sensors' retrieved from /home/airflow/.local/lib/python3.12/site-packages/airflow/example_dags/example_sensors.py
[2024-12-28T00:21:21.848+0000] {logging_mixin.py:190} INFO - [2024-12-28T00:21:21.847+0000] {dag.py:3239} INFO - Sync 1 DAGs
[2024-12-28T00:21:21.862+0000] {logging_mixin.py:190} INFO - [2024-12-28T00:21:21.861+0000] {dag.py:4180} INFO - Setting next_dagrun for example_sensors to None, run_after=None
[2024-12-28T00:21:21.889+0000] {processor.py:208} INFO - Processing /home/airflow/.local/lib/python3.12/site-packages/airflow/example_dags/example_sensors.py took 0.093 seconds
[2024-12-28T00:21:51.983+0000] {processor.py:186} INFO - Started process (PID=30504) to work on /home/airflow/.local/lib/python3.12/site-packages/airflow/example_dags/example_sensors.py
[2024-12-28T00:21:51.985+0000] {processor.py:914} INFO - Processing file /home/airflow/.local/lib/python3.12/site-packages/airflow/example_dags/example_sensors.py for tasks to queue
[2024-12-28T00:21:51.986+0000] {logging_mixin.py:190} INFO - [2024-12-28T00:21:51.986+0000] {dagbag.py:588} INFO - Filling up the DagBag from /home/airflow/.local/lib/python3.12/site-packages/airflow/example_dags/example_sensors.py
[2024-12-28T00:21:51.998+0000] {processor.py:925} INFO - DAG(s) 'example_sensors' retrieved from /home/airflow/.local/lib/python3.12/site-packages/airflow/example_dags/example_sensors.py
[2024-12-28T00:21:52.029+0000] {logging_mixin.py:190} INFO - [2024-12-28T00:21:52.029+0000] {dag.py:3239} INFO - Sync 1 DAGs
[2024-12-28T00:21:52.045+0000] {logging_mixin.py:190} INFO - [2024-12-28T00:21:52.045+0000] {dag.py:4180} INFO - Setting next_dagrun for example_sensors to None, run_after=None
[2024-12-28T00:21:52.079+0000] {processor.py:208} INFO - Processing /home/airflow/.local/lib/python3.12/site-packages/airflow/example_dags/example_sensors.py took 0.100 seconds
[2024-12-28T00:22:22.482+0000] {processor.py:186} INFO - Started process (PID=30568) to work on /home/airflow/.local/lib/python3.12/site-packages/airflow/example_dags/example_sensors.py
[2024-12-28T00:22:22.484+0000] {processor.py:914} INFO - Processing file /home/airflow/.local/lib/python3.12/site-packages/airflow/example_dags/example_sensors.py for tasks to queue
[2024-12-28T00:22:22.487+0000] {logging_mixin.py:190} INFO - [2024-12-28T00:22:22.486+0000] {dagbag.py:588} INFO - Filling up the DagBag from /home/airflow/.local/lib/python3.12/site-packages/airflow/example_dags/example_sensors.py
[2024-12-28T00:22:22.503+0000] {processor.py:925} INFO - DAG(s) 'example_sensors' retrieved from /home/airflow/.local/lib/python3.12/site-packages/airflow/example_dags/example_sensors.py
[2024-12-28T00:22:22.543+0000] {logging_mixin.py:190} INFO - [2024-12-28T00:22:22.543+0000] {dag.py:3239} INFO - Sync 1 DAGs
[2024-12-28T00:22:22.566+0000] {logging_mixin.py:190} INFO - [2024-12-28T00:22:22.565+0000] {dag.py:4180} INFO - Setting next_dagrun for example_sensors to None, run_after=None
[2024-12-28T00:22:22.601+0000] {processor.py:208} INFO - Processing /home/airflow/.local/lib/python3.12/site-packages/airflow/example_dags/example_sensors.py took 0.128 seconds
