[2024-12-28T00:00:21.288+0000] {processor.py:186} INFO - Started process (PID=27803) to work on /home/airflow/.local/lib/python3.12/site-packages/airflow/example_dags/example_dataset_alias_with_no_taskflow.py
[2024-12-28T00:00:21.289+0000] {processor.py:914} INFO - Processing file /home/airflow/.local/lib/python3.12/site-packages/airflow/example_dags/example_dataset_alias_with_no_taskflow.py for tasks to queue
[2024-12-28T00:00:21.291+0000] {logging_mixin.py:190} INFO - [2024-12-28T00:00:21.291+0000] {dagbag.py:588} INFO - Filling up the DagBag from /home/airflow/.local/lib/python3.12/site-packages/airflow/example_dags/example_dataset_alias_with_no_taskflow.py
[2024-12-28T00:00:21.704+0000] {processor.py:925} INFO - DAG(s) 'dataset_s3_bucket_producer_with_no_taskflow', 'dataset_alias_example_alias_producer_with_no_taskflow', 'dataset_s3_bucket_consumer_with_no_taskflow', 'dataset_alias_example_alias_consumer_with_no_taskflow' retrieved from /home/airflow/.local/lib/python3.12/site-packages/airflow/example_dags/example_dataset_alias_with_no_taskflow.py
[2024-12-28T00:00:21.739+0000] {logging_mixin.py:190} INFO - [2024-12-28T00:00:21.738+0000] {dag.py:3239} INFO - Sync 4 DAGs
[2024-12-28T00:00:21.769+0000] {logging_mixin.py:190} INFO - [2024-12-28T00:00:21.768+0000] {dag.py:4180} INFO - Setting next_dagrun for dataset_alias_example_alias_consumer_with_no_taskflow to None, run_after=None
[2024-12-28T00:00:21.773+0000] {logging_mixin.py:190} INFO - [2024-12-28T00:00:21.773+0000] {dag.py:4180} INFO - Setting next_dagrun for dataset_alias_example_alias_producer_with_no_taskflow to None, run_after=None
[2024-12-28T00:00:21.775+0000] {logging_mixin.py:190} INFO - [2024-12-28T00:00:21.775+0000] {dag.py:4180} INFO - Setting next_dagrun for dataset_s3_bucket_consumer_with_no_taskflow to None, run_after=None
[2024-12-28T00:00:21.779+0000] {logging_mixin.py:190} INFO - [2024-12-28T00:00:21.778+0000] {dag.py:4180} INFO - Setting next_dagrun for dataset_s3_bucket_producer_with_no_taskflow to None, run_after=None
[2024-12-28T00:00:21.811+0000] {processor.py:208} INFO - Processing /home/airflow/.local/lib/python3.12/site-packages/airflow/example_dags/example_dataset_alias_with_no_taskflow.py took 0.528 seconds
[2024-12-28T00:00:52.637+0000] {processor.py:186} INFO - Started process (PID=27867) to work on /home/airflow/.local/lib/python3.12/site-packages/airflow/example_dags/example_dataset_alias_with_no_taskflow.py
[2024-12-28T00:00:52.638+0000] {processor.py:914} INFO - Processing file /home/airflow/.local/lib/python3.12/site-packages/airflow/example_dags/example_dataset_alias_with_no_taskflow.py for tasks to queue
[2024-12-28T00:00:52.641+0000] {logging_mixin.py:190} INFO - [2024-12-28T00:00:52.641+0000] {dagbag.py:588} INFO - Filling up the DagBag from /home/airflow/.local/lib/python3.12/site-packages/airflow/example_dags/example_dataset_alias_with_no_taskflow.py
[2024-12-28T00:00:53.041+0000] {processor.py:925} INFO - DAG(s) 'dataset_alias_example_alias_producer_with_no_taskflow', 'dataset_s3_bucket_producer_with_no_taskflow', 'dataset_alias_example_alias_consumer_with_no_taskflow', 'dataset_s3_bucket_consumer_with_no_taskflow' retrieved from /home/airflow/.local/lib/python3.12/site-packages/airflow/example_dags/example_dataset_alias_with_no_taskflow.py
[2024-12-28T00:00:53.069+0000] {logging_mixin.py:190} INFO - [2024-12-28T00:00:53.068+0000] {dag.py:3239} INFO - Sync 4 DAGs
[2024-12-28T00:00:53.095+0000] {logging_mixin.py:190} INFO - [2024-12-28T00:00:53.094+0000] {dag.py:4180} INFO - Setting next_dagrun for dataset_alias_example_alias_consumer_with_no_taskflow to None, run_after=None
[2024-12-28T00:00:53.099+0000] {logging_mixin.py:190} INFO - [2024-12-28T00:00:53.099+0000] {dag.py:4180} INFO - Setting next_dagrun for dataset_alias_example_alias_producer_with_no_taskflow to None, run_after=None
[2024-12-28T00:00:53.102+0000] {logging_mixin.py:190} INFO - [2024-12-28T00:00:53.101+0000] {dag.py:4180} INFO - Setting next_dagrun for dataset_s3_bucket_consumer_with_no_taskflow to None, run_after=None
[2024-12-28T00:00:53.104+0000] {logging_mixin.py:190} INFO - [2024-12-28T00:00:53.104+0000] {dag.py:4180} INFO - Setting next_dagrun for dataset_s3_bucket_producer_with_no_taskflow to None, run_after=None
[2024-12-28T00:00:53.136+0000] {processor.py:208} INFO - Processing /home/airflow/.local/lib/python3.12/site-packages/airflow/example_dags/example_dataset_alias_with_no_taskflow.py took 0.504 seconds
[2024-12-28T00:01:23.426+0000] {processor.py:186} INFO - Started process (PID=27931) to work on /home/airflow/.local/lib/python3.12/site-packages/airflow/example_dags/example_dataset_alias_with_no_taskflow.py
[2024-12-28T00:01:23.428+0000] {processor.py:914} INFO - Processing file /home/airflow/.local/lib/python3.12/site-packages/airflow/example_dags/example_dataset_alias_with_no_taskflow.py for tasks to queue
[2024-12-28T00:01:23.430+0000] {logging_mixin.py:190} INFO - [2024-12-28T00:01:23.430+0000] {dagbag.py:588} INFO - Filling up the DagBag from /home/airflow/.local/lib/python3.12/site-packages/airflow/example_dags/example_dataset_alias_with_no_taskflow.py
[2024-12-28T00:01:24.017+0000] {processor.py:925} INFO - DAG(s) 'dataset_alias_example_alias_producer_with_no_taskflow', 'dataset_s3_bucket_consumer_with_no_taskflow', 'dataset_s3_bucket_producer_with_no_taskflow', 'dataset_alias_example_alias_consumer_with_no_taskflow' retrieved from /home/airflow/.local/lib/python3.12/site-packages/airflow/example_dags/example_dataset_alias_with_no_taskflow.py
[2024-12-28T00:01:24.050+0000] {logging_mixin.py:190} INFO - [2024-12-28T00:01:24.049+0000] {dag.py:3239} INFO - Sync 4 DAGs
[2024-12-28T00:01:24.074+0000] {logging_mixin.py:190} INFO - [2024-12-28T00:01:24.074+0000] {dag.py:4180} INFO - Setting next_dagrun for dataset_alias_example_alias_consumer_with_no_taskflow to None, run_after=None
[2024-12-28T00:01:24.078+0000] {logging_mixin.py:190} INFO - [2024-12-28T00:01:24.078+0000] {dag.py:4180} INFO - Setting next_dagrun for dataset_alias_example_alias_producer_with_no_taskflow to None, run_after=None
[2024-12-28T00:01:24.081+0000] {logging_mixin.py:190} INFO - [2024-12-28T00:01:24.080+0000] {dag.py:4180} INFO - Setting next_dagrun for dataset_s3_bucket_consumer_with_no_taskflow to None, run_after=None
[2024-12-28T00:01:24.084+0000] {logging_mixin.py:190} INFO - [2024-12-28T00:01:24.083+0000] {dag.py:4180} INFO - Setting next_dagrun for dataset_s3_bucket_producer_with_no_taskflow to None, run_after=None
[2024-12-28T00:01:24.114+0000] {processor.py:208} INFO - Processing /home/airflow/.local/lib/python3.12/site-packages/airflow/example_dags/example_dataset_alias_with_no_taskflow.py took 0.693 seconds
[2024-12-28T00:01:54.404+0000] {processor.py:186} INFO - Started process (PID=27995) to work on /home/airflow/.local/lib/python3.12/site-packages/airflow/example_dags/example_dataset_alias_with_no_taskflow.py
[2024-12-28T00:01:54.405+0000] {processor.py:914} INFO - Processing file /home/airflow/.local/lib/python3.12/site-packages/airflow/example_dags/example_dataset_alias_with_no_taskflow.py for tasks to queue
[2024-12-28T00:01:54.408+0000] {logging_mixin.py:190} INFO - [2024-12-28T00:01:54.407+0000] {dagbag.py:588} INFO - Filling up the DagBag from /home/airflow/.local/lib/python3.12/site-packages/airflow/example_dags/example_dataset_alias_with_no_taskflow.py
[2024-12-28T00:01:55.081+0000] {processor.py:925} INFO - DAG(s) 'dataset_alias_example_alias_consumer_with_no_taskflow', 'dataset_alias_example_alias_producer_with_no_taskflow', 'dataset_s3_bucket_producer_with_no_taskflow', 'dataset_s3_bucket_consumer_with_no_taskflow' retrieved from /home/airflow/.local/lib/python3.12/site-packages/airflow/example_dags/example_dataset_alias_with_no_taskflow.py
[2024-12-28T00:01:55.111+0000] {logging_mixin.py:190} INFO - [2024-12-28T00:01:55.110+0000] {dag.py:3239} INFO - Sync 4 DAGs
[2024-12-28T00:01:55.135+0000] {logging_mixin.py:190} INFO - [2024-12-28T00:01:55.135+0000] {dag.py:4180} INFO - Setting next_dagrun for dataset_alias_example_alias_consumer_with_no_taskflow to None, run_after=None
[2024-12-28T00:01:55.140+0000] {logging_mixin.py:190} INFO - [2024-12-28T00:01:55.140+0000] {dag.py:4180} INFO - Setting next_dagrun for dataset_alias_example_alias_producer_with_no_taskflow to None, run_after=None
[2024-12-28T00:01:55.143+0000] {logging_mixin.py:190} INFO - [2024-12-28T00:01:55.143+0000] {dag.py:4180} INFO - Setting next_dagrun for dataset_s3_bucket_consumer_with_no_taskflow to None, run_after=None
[2024-12-28T00:01:55.146+0000] {logging_mixin.py:190} INFO - [2024-12-28T00:01:55.146+0000] {dag.py:4180} INFO - Setting next_dagrun for dataset_s3_bucket_producer_with_no_taskflow to None, run_after=None
[2024-12-28T00:01:55.178+0000] {processor.py:208} INFO - Processing /home/airflow/.local/lib/python3.12/site-packages/airflow/example_dags/example_dataset_alias_with_no_taskflow.py took 0.779 seconds
[2024-12-28T00:02:25.305+0000] {processor.py:186} INFO - Started process (PID=28059) to work on /home/airflow/.local/lib/python3.12/site-packages/airflow/example_dags/example_dataset_alias_with_no_taskflow.py
[2024-12-28T00:02:25.307+0000] {processor.py:914} INFO - Processing file /home/airflow/.local/lib/python3.12/site-packages/airflow/example_dags/example_dataset_alias_with_no_taskflow.py for tasks to queue
[2024-12-28T00:02:25.309+0000] {logging_mixin.py:190} INFO - [2024-12-28T00:02:25.308+0000] {dagbag.py:588} INFO - Filling up the DagBag from /home/airflow/.local/lib/python3.12/site-packages/airflow/example_dags/example_dataset_alias_with_no_taskflow.py
[2024-12-28T00:02:26.274+0000] {processor.py:925} INFO - DAG(s) 'dataset_s3_bucket_consumer_with_no_taskflow', 'dataset_alias_example_alias_consumer_with_no_taskflow', 'dataset_s3_bucket_producer_with_no_taskflow', 'dataset_alias_example_alias_producer_with_no_taskflow' retrieved from /home/airflow/.local/lib/python3.12/site-packages/airflow/example_dags/example_dataset_alias_with_no_taskflow.py
[2024-12-28T00:02:26.343+0000] {logging_mixin.py:190} INFO - [2024-12-28T00:02:26.341+0000] {dag.py:3239} INFO - Sync 4 DAGs
[2024-12-28T00:02:26.406+0000] {logging_mixin.py:190} INFO - [2024-12-28T00:02:26.405+0000] {dag.py:4180} INFO - Setting next_dagrun for dataset_alias_example_alias_consumer_with_no_taskflow to None, run_after=None
[2024-12-28T00:02:26.416+0000] {logging_mixin.py:190} INFO - [2024-12-28T00:02:26.415+0000] {dag.py:4180} INFO - Setting next_dagrun for dataset_alias_example_alias_producer_with_no_taskflow to None, run_after=None
[2024-12-28T00:02:26.421+0000] {logging_mixin.py:190} INFO - [2024-12-28T00:02:26.421+0000] {dag.py:4180} INFO - Setting next_dagrun for dataset_s3_bucket_consumer_with_no_taskflow to None, run_after=None
[2024-12-28T00:02:26.430+0000] {logging_mixin.py:190} INFO - [2024-12-28T00:02:26.429+0000] {dag.py:4180} INFO - Setting next_dagrun for dataset_s3_bucket_producer_with_no_taskflow to None, run_after=None
[2024-12-28T00:02:26.491+0000] {processor.py:208} INFO - Processing /home/airflow/.local/lib/python3.12/site-packages/airflow/example_dags/example_dataset_alias_with_no_taskflow.py took 1.195 seconds
[2024-12-28T00:02:56.745+0000] {processor.py:186} INFO - Started process (PID=28123) to work on /home/airflow/.local/lib/python3.12/site-packages/airflow/example_dags/example_dataset_alias_with_no_taskflow.py
[2024-12-28T00:02:56.747+0000] {processor.py:914} INFO - Processing file /home/airflow/.local/lib/python3.12/site-packages/airflow/example_dags/example_dataset_alias_with_no_taskflow.py for tasks to queue
[2024-12-28T00:02:56.748+0000] {logging_mixin.py:190} INFO - [2024-12-28T00:02:56.748+0000] {dagbag.py:588} INFO - Filling up the DagBag from /home/airflow/.local/lib/python3.12/site-packages/airflow/example_dags/example_dataset_alias_with_no_taskflow.py
[2024-12-28T00:02:57.358+0000] {processor.py:925} INFO - DAG(s) 'dataset_alias_example_alias_consumer_with_no_taskflow', 'dataset_s3_bucket_producer_with_no_taskflow', 'dataset_s3_bucket_consumer_with_no_taskflow', 'dataset_alias_example_alias_producer_with_no_taskflow' retrieved from /home/airflow/.local/lib/python3.12/site-packages/airflow/example_dags/example_dataset_alias_with_no_taskflow.py
[2024-12-28T00:02:57.386+0000] {logging_mixin.py:190} INFO - [2024-12-28T00:02:57.386+0000] {dag.py:3239} INFO - Sync 4 DAGs
[2024-12-28T00:02:57.413+0000] {logging_mixin.py:190} INFO - [2024-12-28T00:02:57.413+0000] {dag.py:4180} INFO - Setting next_dagrun for dataset_alias_example_alias_consumer_with_no_taskflow to None, run_after=None
[2024-12-28T00:02:57.418+0000] {logging_mixin.py:190} INFO - [2024-12-28T00:02:57.417+0000] {dag.py:4180} INFO - Setting next_dagrun for dataset_alias_example_alias_producer_with_no_taskflow to None, run_after=None
[2024-12-28T00:02:57.421+0000] {logging_mixin.py:190} INFO - [2024-12-28T00:02:57.420+0000] {dag.py:4180} INFO - Setting next_dagrun for dataset_s3_bucket_consumer_with_no_taskflow to None, run_after=None
[2024-12-28T00:02:57.424+0000] {logging_mixin.py:190} INFO - [2024-12-28T00:02:57.423+0000] {dag.py:4180} INFO - Setting next_dagrun for dataset_s3_bucket_producer_with_no_taskflow to None, run_after=None
[2024-12-28T00:02:57.457+0000] {processor.py:208} INFO - Processing /home/airflow/.local/lib/python3.12/site-packages/airflow/example_dags/example_dataset_alias_with_no_taskflow.py took 0.716 seconds
[2024-12-28T00:03:27.894+0000] {processor.py:186} INFO - Started process (PID=28187) to work on /home/airflow/.local/lib/python3.12/site-packages/airflow/example_dags/example_dataset_alias_with_no_taskflow.py
[2024-12-28T00:03:27.896+0000] {processor.py:914} INFO - Processing file /home/airflow/.local/lib/python3.12/site-packages/airflow/example_dags/example_dataset_alias_with_no_taskflow.py for tasks to queue
[2024-12-28T00:03:27.897+0000] {logging_mixin.py:190} INFO - [2024-12-28T00:03:27.897+0000] {dagbag.py:588} INFO - Filling up the DagBag from /home/airflow/.local/lib/python3.12/site-packages/airflow/example_dags/example_dataset_alias_with_no_taskflow.py
[2024-12-28T00:03:28.505+0000] {processor.py:925} INFO - DAG(s) 'dataset_alias_example_alias_consumer_with_no_taskflow', 'dataset_s3_bucket_producer_with_no_taskflow', 'dataset_s3_bucket_consumer_with_no_taskflow', 'dataset_alias_example_alias_producer_with_no_taskflow' retrieved from /home/airflow/.local/lib/python3.12/site-packages/airflow/example_dags/example_dataset_alias_with_no_taskflow.py
[2024-12-28T00:03:28.538+0000] {logging_mixin.py:190} INFO - [2024-12-28T00:03:28.538+0000] {dag.py:3239} INFO - Sync 4 DAGs
[2024-12-28T00:03:28.567+0000] {logging_mixin.py:190} INFO - [2024-12-28T00:03:28.567+0000] {dag.py:4180} INFO - Setting next_dagrun for dataset_alias_example_alias_consumer_with_no_taskflow to None, run_after=None
[2024-12-28T00:03:28.571+0000] {logging_mixin.py:190} INFO - [2024-12-28T00:03:28.571+0000] {dag.py:4180} INFO - Setting next_dagrun for dataset_alias_example_alias_producer_with_no_taskflow to None, run_after=None
[2024-12-28T00:03:28.574+0000] {logging_mixin.py:190} INFO - [2024-12-28T00:03:28.574+0000] {dag.py:4180} INFO - Setting next_dagrun for dataset_s3_bucket_consumer_with_no_taskflow to None, run_after=None
[2024-12-28T00:03:28.577+0000] {logging_mixin.py:190} INFO - [2024-12-28T00:03:28.576+0000] {dag.py:4180} INFO - Setting next_dagrun for dataset_s3_bucket_producer_with_no_taskflow to None, run_after=None
[2024-12-28T00:03:28.608+0000] {processor.py:208} INFO - Processing /home/airflow/.local/lib/python3.12/site-packages/airflow/example_dags/example_dataset_alias_with_no_taskflow.py took 0.722 seconds
[2024-12-28T00:03:59.025+0000] {processor.py:186} INFO - Started process (PID=28251) to work on /home/airflow/.local/lib/python3.12/site-packages/airflow/example_dags/example_dataset_alias_with_no_taskflow.py
[2024-12-28T00:03:59.026+0000] {processor.py:914} INFO - Processing file /home/airflow/.local/lib/python3.12/site-packages/airflow/example_dags/example_dataset_alias_with_no_taskflow.py for tasks to queue
[2024-12-28T00:03:59.028+0000] {logging_mixin.py:190} INFO - [2024-12-28T00:03:59.027+0000] {dagbag.py:588} INFO - Filling up the DagBag from /home/airflow/.local/lib/python3.12/site-packages/airflow/example_dags/example_dataset_alias_with_no_taskflow.py
[2024-12-28T00:03:59.706+0000] {processor.py:925} INFO - DAG(s) 'dataset_s3_bucket_producer_with_no_taskflow', 'dataset_alias_example_alias_producer_with_no_taskflow', 'dataset_s3_bucket_consumer_with_no_taskflow', 'dataset_alias_example_alias_consumer_with_no_taskflow' retrieved from /home/airflow/.local/lib/python3.12/site-packages/airflow/example_dags/example_dataset_alias_with_no_taskflow.py
[2024-12-28T00:03:59.736+0000] {logging_mixin.py:190} INFO - [2024-12-28T00:03:59.736+0000] {dag.py:3239} INFO - Sync 4 DAGs
[2024-12-28T00:03:59.764+0000] {logging_mixin.py:190} INFO - [2024-12-28T00:03:59.764+0000] {dag.py:4180} INFO - Setting next_dagrun for dataset_alias_example_alias_consumer_with_no_taskflow to None, run_after=None
[2024-12-28T00:03:59.769+0000] {logging_mixin.py:190} INFO - [2024-12-28T00:03:59.768+0000] {dag.py:4180} INFO - Setting next_dagrun for dataset_alias_example_alias_producer_with_no_taskflow to None, run_after=None
[2024-12-28T00:03:59.772+0000] {logging_mixin.py:190} INFO - [2024-12-28T00:03:59.771+0000] {dag.py:4180} INFO - Setting next_dagrun for dataset_s3_bucket_consumer_with_no_taskflow to None, run_after=None
[2024-12-28T00:03:59.775+0000] {logging_mixin.py:190} INFO - [2024-12-28T00:03:59.774+0000] {dag.py:4180} INFO - Setting next_dagrun for dataset_s3_bucket_producer_with_no_taskflow to None, run_after=None
[2024-12-28T00:03:59.811+0000] {processor.py:208} INFO - Processing /home/airflow/.local/lib/python3.12/site-packages/airflow/example_dags/example_dataset_alias_with_no_taskflow.py took 0.792 seconds
[2024-12-28T00:04:30.319+0000] {processor.py:186} INFO - Started process (PID=28316) to work on /home/airflow/.local/lib/python3.12/site-packages/airflow/example_dags/example_dataset_alias_with_no_taskflow.py
[2024-12-28T00:04:30.320+0000] {processor.py:914} INFO - Processing file /home/airflow/.local/lib/python3.12/site-packages/airflow/example_dags/example_dataset_alias_with_no_taskflow.py for tasks to queue
[2024-12-28T00:04:30.322+0000] {logging_mixin.py:190} INFO - [2024-12-28T00:04:30.321+0000] {dagbag.py:588} INFO - Filling up the DagBag from /home/airflow/.local/lib/python3.12/site-packages/airflow/example_dags/example_dataset_alias_with_no_taskflow.py
[2024-12-28T00:04:30.907+0000] {processor.py:925} INFO - DAG(s) 'dataset_alias_example_alias_consumer_with_no_taskflow', 'dataset_s3_bucket_consumer_with_no_taskflow', 'dataset_alias_example_alias_producer_with_no_taskflow', 'dataset_s3_bucket_producer_with_no_taskflow' retrieved from /home/airflow/.local/lib/python3.12/site-packages/airflow/example_dags/example_dataset_alias_with_no_taskflow.py
[2024-12-28T00:04:30.934+0000] {logging_mixin.py:190} INFO - [2024-12-28T00:04:30.933+0000] {dag.py:3239} INFO - Sync 4 DAGs
[2024-12-28T00:04:30.959+0000] {logging_mixin.py:190} INFO - [2024-12-28T00:04:30.959+0000] {dag.py:4180} INFO - Setting next_dagrun for dataset_alias_example_alias_consumer_with_no_taskflow to None, run_after=None
[2024-12-28T00:04:30.963+0000] {logging_mixin.py:190} INFO - [2024-12-28T00:04:30.963+0000] {dag.py:4180} INFO - Setting next_dagrun for dataset_alias_example_alias_producer_with_no_taskflow to None, run_after=None
[2024-12-28T00:04:30.967+0000] {logging_mixin.py:190} INFO - [2024-12-28T00:04:30.967+0000] {dag.py:4180} INFO - Setting next_dagrun for dataset_s3_bucket_consumer_with_no_taskflow to None, run_after=None
[2024-12-28T00:04:30.970+0000] {logging_mixin.py:190} INFO - [2024-12-28T00:04:30.970+0000] {dag.py:4180} INFO - Setting next_dagrun for dataset_s3_bucket_producer_with_no_taskflow to None, run_after=None
[2024-12-28T00:04:31.001+0000] {processor.py:208} INFO - Processing /home/airflow/.local/lib/python3.12/site-packages/airflow/example_dags/example_dataset_alias_with_no_taskflow.py took 0.688 seconds
[2024-12-28T00:05:01.280+0000] {processor.py:186} INFO - Started process (PID=28380) to work on /home/airflow/.local/lib/python3.12/site-packages/airflow/example_dags/example_dataset_alias_with_no_taskflow.py
[2024-12-28T00:05:01.282+0000] {processor.py:914} INFO - Processing file /home/airflow/.local/lib/python3.12/site-packages/airflow/example_dags/example_dataset_alias_with_no_taskflow.py for tasks to queue
[2024-12-28T00:05:01.284+0000] {logging_mixin.py:190} INFO - [2024-12-28T00:05:01.283+0000] {dagbag.py:588} INFO - Filling up the DagBag from /home/airflow/.local/lib/python3.12/site-packages/airflow/example_dags/example_dataset_alias_with_no_taskflow.py
[2024-12-28T00:05:02.078+0000] {processor.py:925} INFO - DAG(s) 'dataset_s3_bucket_producer_with_no_taskflow', 'dataset_s3_bucket_consumer_with_no_taskflow', 'dataset_alias_example_alias_producer_with_no_taskflow', 'dataset_alias_example_alias_consumer_with_no_taskflow' retrieved from /home/airflow/.local/lib/python3.12/site-packages/airflow/example_dags/example_dataset_alias_with_no_taskflow.py
[2024-12-28T00:05:02.111+0000] {logging_mixin.py:190} INFO - [2024-12-28T00:05:02.110+0000] {dag.py:3239} INFO - Sync 4 DAGs
[2024-12-28T00:05:02.141+0000] {logging_mixin.py:190} INFO - [2024-12-28T00:05:02.140+0000] {dag.py:4180} INFO - Setting next_dagrun for dataset_alias_example_alias_consumer_with_no_taskflow to None, run_after=None
[2024-12-28T00:05:02.145+0000] {logging_mixin.py:190} INFO - [2024-12-28T00:05:02.145+0000] {dag.py:4180} INFO - Setting next_dagrun for dataset_alias_example_alias_producer_with_no_taskflow to None, run_after=None
[2024-12-28T00:05:02.148+0000] {logging_mixin.py:190} INFO - [2024-12-28T00:05:02.148+0000] {dag.py:4180} INFO - Setting next_dagrun for dataset_s3_bucket_consumer_with_no_taskflow to None, run_after=None
[2024-12-28T00:05:02.152+0000] {logging_mixin.py:190} INFO - [2024-12-28T00:05:02.151+0000] {dag.py:4180} INFO - Setting next_dagrun for dataset_s3_bucket_producer_with_no_taskflow to None, run_after=None
[2024-12-28T00:05:02.187+0000] {processor.py:208} INFO - Processing /home/airflow/.local/lib/python3.12/site-packages/airflow/example_dags/example_dataset_alias_with_no_taskflow.py took 0.913 seconds
[2024-12-28T00:05:32.626+0000] {processor.py:186} INFO - Started process (PID=28444) to work on /home/airflow/.local/lib/python3.12/site-packages/airflow/example_dags/example_dataset_alias_with_no_taskflow.py
[2024-12-28T00:05:32.628+0000] {processor.py:914} INFO - Processing file /home/airflow/.local/lib/python3.12/site-packages/airflow/example_dags/example_dataset_alias_with_no_taskflow.py for tasks to queue
[2024-12-28T00:05:32.630+0000] {logging_mixin.py:190} INFO - [2024-12-28T00:05:32.629+0000] {dagbag.py:588} INFO - Filling up the DagBag from /home/airflow/.local/lib/python3.12/site-packages/airflow/example_dags/example_dataset_alias_with_no_taskflow.py
[2024-12-28T00:05:33.398+0000] {processor.py:925} INFO - DAG(s) 'dataset_s3_bucket_consumer_with_no_taskflow', 'dataset_s3_bucket_producer_with_no_taskflow', 'dataset_alias_example_alias_consumer_with_no_taskflow', 'dataset_alias_example_alias_producer_with_no_taskflow' retrieved from /home/airflow/.local/lib/python3.12/site-packages/airflow/example_dags/example_dataset_alias_with_no_taskflow.py
[2024-12-28T00:05:33.433+0000] {logging_mixin.py:190} INFO - [2024-12-28T00:05:33.433+0000] {dag.py:3239} INFO - Sync 4 DAGs
[2024-12-28T00:05:33.464+0000] {logging_mixin.py:190} INFO - [2024-12-28T00:05:33.464+0000] {dag.py:4180} INFO - Setting next_dagrun for dataset_alias_example_alias_consumer_with_no_taskflow to None, run_after=None
[2024-12-28T00:05:33.469+0000] {logging_mixin.py:190} INFO - [2024-12-28T00:05:33.469+0000] {dag.py:4180} INFO - Setting next_dagrun for dataset_alias_example_alias_producer_with_no_taskflow to None, run_after=None
[2024-12-28T00:05:33.473+0000] {logging_mixin.py:190} INFO - [2024-12-28T00:05:33.472+0000] {dag.py:4180} INFO - Setting next_dagrun for dataset_s3_bucket_consumer_with_no_taskflow to None, run_after=None
[2024-12-28T00:05:33.475+0000] {logging_mixin.py:190} INFO - [2024-12-28T00:05:33.475+0000] {dag.py:4180} INFO - Setting next_dagrun for dataset_s3_bucket_producer_with_no_taskflow to None, run_after=None
[2024-12-28T00:05:33.513+0000] {processor.py:208} INFO - Processing /home/airflow/.local/lib/python3.12/site-packages/airflow/example_dags/example_dataset_alias_with_no_taskflow.py took 0.892 seconds
[2024-12-28T00:06:04.262+0000] {processor.py:186} INFO - Started process (PID=28509) to work on /home/airflow/.local/lib/python3.12/site-packages/airflow/example_dags/example_dataset_alias_with_no_taskflow.py
[2024-12-28T00:06:04.264+0000] {processor.py:914} INFO - Processing file /home/airflow/.local/lib/python3.12/site-packages/airflow/example_dags/example_dataset_alias_with_no_taskflow.py for tasks to queue
[2024-12-28T00:06:04.268+0000] {logging_mixin.py:190} INFO - [2024-12-28T00:06:04.267+0000] {dagbag.py:588} INFO - Filling up the DagBag from /home/airflow/.local/lib/python3.12/site-packages/airflow/example_dags/example_dataset_alias_with_no_taskflow.py
[2024-12-28T00:06:05.131+0000] {processor.py:925} INFO - DAG(s) 'dataset_alias_example_alias_producer_with_no_taskflow', 'dataset_s3_bucket_consumer_with_no_taskflow', 'dataset_s3_bucket_producer_with_no_taskflow', 'dataset_alias_example_alias_consumer_with_no_taskflow' retrieved from /home/airflow/.local/lib/python3.12/site-packages/airflow/example_dags/example_dataset_alias_with_no_taskflow.py
[2024-12-28T00:06:05.170+0000] {logging_mixin.py:190} INFO - [2024-12-28T00:06:05.168+0000] {dag.py:3239} INFO - Sync 4 DAGs
[2024-12-28T00:06:05.207+0000] {logging_mixin.py:190} INFO - [2024-12-28T00:06:05.207+0000] {dag.py:4180} INFO - Setting next_dagrun for dataset_alias_example_alias_consumer_with_no_taskflow to None, run_after=None
[2024-12-28T00:06:05.213+0000] {logging_mixin.py:190} INFO - [2024-12-28T00:06:05.212+0000] {dag.py:4180} INFO - Setting next_dagrun for dataset_alias_example_alias_producer_with_no_taskflow to None, run_after=None
[2024-12-28T00:06:05.217+0000] {logging_mixin.py:190} INFO - [2024-12-28T00:06:05.216+0000] {dag.py:4180} INFO - Setting next_dagrun for dataset_s3_bucket_consumer_with_no_taskflow to None, run_after=None
[2024-12-28T00:06:05.221+0000] {logging_mixin.py:190} INFO - [2024-12-28T00:06:05.220+0000] {dag.py:4180} INFO - Setting next_dagrun for dataset_s3_bucket_producer_with_no_taskflow to None, run_after=None
[2024-12-28T00:06:05.262+0000] {processor.py:208} INFO - Processing /home/airflow/.local/lib/python3.12/site-packages/airflow/example_dags/example_dataset_alias_with_no_taskflow.py took 1.006 seconds
[2024-12-28T00:06:35.593+0000] {processor.py:186} INFO - Started process (PID=28573) to work on /home/airflow/.local/lib/python3.12/site-packages/airflow/example_dags/example_dataset_alias_with_no_taskflow.py
[2024-12-28T00:06:35.595+0000] {processor.py:914} INFO - Processing file /home/airflow/.local/lib/python3.12/site-packages/airflow/example_dags/example_dataset_alias_with_no_taskflow.py for tasks to queue
[2024-12-28T00:06:35.597+0000] {logging_mixin.py:190} INFO - [2024-12-28T00:06:35.597+0000] {dagbag.py:588} INFO - Filling up the DagBag from /home/airflow/.local/lib/python3.12/site-packages/airflow/example_dags/example_dataset_alias_with_no_taskflow.py
[2024-12-28T00:06:36.318+0000] {processor.py:925} INFO - DAG(s) 'dataset_alias_example_alias_consumer_with_no_taskflow', 'dataset_alias_example_alias_producer_with_no_taskflow', 'dataset_s3_bucket_consumer_with_no_taskflow', 'dataset_s3_bucket_producer_with_no_taskflow' retrieved from /home/airflow/.local/lib/python3.12/site-packages/airflow/example_dags/example_dataset_alias_with_no_taskflow.py
[2024-12-28T00:06:36.354+0000] {logging_mixin.py:190} INFO - [2024-12-28T00:06:36.353+0000] {dag.py:3239} INFO - Sync 4 DAGs
[2024-12-28T00:06:36.384+0000] {logging_mixin.py:190} INFO - [2024-12-28T00:06:36.384+0000] {dag.py:4180} INFO - Setting next_dagrun for dataset_alias_example_alias_consumer_with_no_taskflow to None, run_after=None
[2024-12-28T00:06:36.389+0000] {logging_mixin.py:190} INFO - [2024-12-28T00:06:36.389+0000] {dag.py:4180} INFO - Setting next_dagrun for dataset_alias_example_alias_producer_with_no_taskflow to None, run_after=None
[2024-12-28T00:06:36.393+0000] {logging_mixin.py:190} INFO - [2024-12-28T00:06:36.392+0000] {dag.py:4180} INFO - Setting next_dagrun for dataset_s3_bucket_consumer_with_no_taskflow to None, run_after=None
[2024-12-28T00:06:36.395+0000] {logging_mixin.py:190} INFO - [2024-12-28T00:06:36.395+0000] {dag.py:4180} INFO - Setting next_dagrun for dataset_s3_bucket_producer_with_no_taskflow to None, run_after=None
[2024-12-28T00:06:36.430+0000] {processor.py:208} INFO - Processing /home/airflow/.local/lib/python3.12/site-packages/airflow/example_dags/example_dataset_alias_with_no_taskflow.py took 0.843 seconds
[2024-12-28T00:07:07.926+0000] {processor.py:186} INFO - Started process (PID=28640) to work on /home/airflow/.local/lib/python3.12/site-packages/airflow/example_dags/example_dataset_alias_with_no_taskflow.py
[2024-12-28T00:07:07.928+0000] {processor.py:914} INFO - Processing file /home/airflow/.local/lib/python3.12/site-packages/airflow/example_dags/example_dataset_alias_with_no_taskflow.py for tasks to queue
[2024-12-28T00:07:07.931+0000] {logging_mixin.py:190} INFO - [2024-12-28T00:07:07.930+0000] {dagbag.py:588} INFO - Filling up the DagBag from /home/airflow/.local/lib/python3.12/site-packages/airflow/example_dags/example_dataset_alias_with_no_taskflow.py
[2024-12-28T00:07:08.609+0000] {processor.py:925} INFO - DAG(s) 'dataset_alias_example_alias_consumer_with_no_taskflow', 'dataset_s3_bucket_producer_with_no_taskflow', 'dataset_alias_example_alias_producer_with_no_taskflow', 'dataset_s3_bucket_consumer_with_no_taskflow' retrieved from /home/airflow/.local/lib/python3.12/site-packages/airflow/example_dags/example_dataset_alias_with_no_taskflow.py
[2024-12-28T00:07:08.643+0000] {logging_mixin.py:190} INFO - [2024-12-28T00:07:08.642+0000] {dag.py:3239} INFO - Sync 4 DAGs
[2024-12-28T00:07:08.671+0000] {logging_mixin.py:190} INFO - [2024-12-28T00:07:08.671+0000] {dag.py:4180} INFO - Setting next_dagrun for dataset_alias_example_alias_consumer_with_no_taskflow to None, run_after=None
[2024-12-28T00:07:08.676+0000] {logging_mixin.py:190} INFO - [2024-12-28T00:07:08.676+0000] {dag.py:4180} INFO - Setting next_dagrun for dataset_alias_example_alias_producer_with_no_taskflow to None, run_after=None
[2024-12-28T00:07:08.679+0000] {logging_mixin.py:190} INFO - [2024-12-28T00:07:08.679+0000] {dag.py:4180} INFO - Setting next_dagrun for dataset_s3_bucket_consumer_with_no_taskflow to None, run_after=None
[2024-12-28T00:07:08.682+0000] {logging_mixin.py:190} INFO - [2024-12-28T00:07:08.681+0000] {dag.py:4180} INFO - Setting next_dagrun for dataset_s3_bucket_producer_with_no_taskflow to None, run_after=None
[2024-12-28T00:07:08.716+0000] {processor.py:208} INFO - Processing /home/airflow/.local/lib/python3.12/site-packages/airflow/example_dags/example_dataset_alias_with_no_taskflow.py took 0.796 seconds
[2024-12-28T00:07:39.171+0000] {processor.py:186} INFO - Started process (PID=28707) to work on /home/airflow/.local/lib/python3.12/site-packages/airflow/example_dags/example_dataset_alias_with_no_taskflow.py
[2024-12-28T00:07:39.172+0000] {processor.py:914} INFO - Processing file /home/airflow/.local/lib/python3.12/site-packages/airflow/example_dags/example_dataset_alias_with_no_taskflow.py for tasks to queue
[2024-12-28T00:07:39.174+0000] {logging_mixin.py:190} INFO - [2024-12-28T00:07:39.174+0000] {dagbag.py:588} INFO - Filling up the DagBag from /home/airflow/.local/lib/python3.12/site-packages/airflow/example_dags/example_dataset_alias_with_no_taskflow.py
[2024-12-28T00:07:39.839+0000] {processor.py:925} INFO - DAG(s) 'dataset_alias_example_alias_producer_with_no_taskflow', 'dataset_s3_bucket_consumer_with_no_taskflow', 'dataset_alias_example_alias_consumer_with_no_taskflow', 'dataset_s3_bucket_producer_with_no_taskflow' retrieved from /home/airflow/.local/lib/python3.12/site-packages/airflow/example_dags/example_dataset_alias_with_no_taskflow.py
[2024-12-28T00:07:39.878+0000] {logging_mixin.py:190} INFO - [2024-12-28T00:07:39.877+0000] {dag.py:3239} INFO - Sync 4 DAGs
[2024-12-28T00:07:39.910+0000] {logging_mixin.py:190} INFO - [2024-12-28T00:07:39.910+0000] {dag.py:4180} INFO - Setting next_dagrun for dataset_alias_example_alias_consumer_with_no_taskflow to None, run_after=None
[2024-12-28T00:07:39.915+0000] {logging_mixin.py:190} INFO - [2024-12-28T00:07:39.915+0000] {dag.py:4180} INFO - Setting next_dagrun for dataset_alias_example_alias_producer_with_no_taskflow to None, run_after=None
[2024-12-28T00:07:39.919+0000] {logging_mixin.py:190} INFO - [2024-12-28T00:07:39.919+0000] {dag.py:4180} INFO - Setting next_dagrun for dataset_s3_bucket_consumer_with_no_taskflow to None, run_after=None
[2024-12-28T00:07:39.921+0000] {logging_mixin.py:190} INFO - [2024-12-28T00:07:39.921+0000] {dag.py:4180} INFO - Setting next_dagrun for dataset_s3_bucket_producer_with_no_taskflow to None, run_after=None
[2024-12-28T00:07:39.958+0000] {processor.py:208} INFO - Processing /home/airflow/.local/lib/python3.12/site-packages/airflow/example_dags/example_dataset_alias_with_no_taskflow.py took 0.793 seconds
[2024-12-28T00:08:10.745+0000] {processor.py:186} INFO - Started process (PID=28772) to work on /home/airflow/.local/lib/python3.12/site-packages/airflow/example_dags/example_dataset_alias_with_no_taskflow.py
[2024-12-28T00:08:10.747+0000] {processor.py:914} INFO - Processing file /home/airflow/.local/lib/python3.12/site-packages/airflow/example_dags/example_dataset_alias_with_no_taskflow.py for tasks to queue
[2024-12-28T00:08:10.749+0000] {logging_mixin.py:190} INFO - [2024-12-28T00:08:10.749+0000] {dagbag.py:588} INFO - Filling up the DagBag from /home/airflow/.local/lib/python3.12/site-packages/airflow/example_dags/example_dataset_alias_with_no_taskflow.py
[2024-12-28T00:08:11.443+0000] {processor.py:925} INFO - DAG(s) 'dataset_s3_bucket_producer_with_no_taskflow', 'dataset_s3_bucket_consumer_with_no_taskflow', 'dataset_alias_example_alias_consumer_with_no_taskflow', 'dataset_alias_example_alias_producer_with_no_taskflow' retrieved from /home/airflow/.local/lib/python3.12/site-packages/airflow/example_dags/example_dataset_alias_with_no_taskflow.py
[2024-12-28T00:08:11.475+0000] {logging_mixin.py:190} INFO - [2024-12-28T00:08:11.475+0000] {dag.py:3239} INFO - Sync 4 DAGs
[2024-12-28T00:08:11.503+0000] {logging_mixin.py:190} INFO - [2024-12-28T00:08:11.503+0000] {dag.py:4180} INFO - Setting next_dagrun for dataset_alias_example_alias_consumer_with_no_taskflow to None, run_after=None
[2024-12-28T00:08:11.508+0000] {logging_mixin.py:190} INFO - [2024-12-28T00:08:11.508+0000] {dag.py:4180} INFO - Setting next_dagrun for dataset_alias_example_alias_producer_with_no_taskflow to None, run_after=None
[2024-12-28T00:08:11.511+0000] {logging_mixin.py:190} INFO - [2024-12-28T00:08:11.511+0000] {dag.py:4180} INFO - Setting next_dagrun for dataset_s3_bucket_consumer_with_no_taskflow to None, run_after=None
[2024-12-28T00:08:11.515+0000] {logging_mixin.py:190} INFO - [2024-12-28T00:08:11.514+0000] {dag.py:4180} INFO - Setting next_dagrun for dataset_s3_bucket_producer_with_no_taskflow to None, run_after=None
[2024-12-28T00:08:11.550+0000] {processor.py:208} INFO - Processing /home/airflow/.local/lib/python3.12/site-packages/airflow/example_dags/example_dataset_alias_with_no_taskflow.py took 0.812 seconds
[2024-12-28T00:08:41.858+0000] {processor.py:186} INFO - Started process (PID=28839) to work on /home/airflow/.local/lib/python3.12/site-packages/airflow/example_dags/example_dataset_alias_with_no_taskflow.py
[2024-12-28T00:08:41.860+0000] {processor.py:914} INFO - Processing file /home/airflow/.local/lib/python3.12/site-packages/airflow/example_dags/example_dataset_alias_with_no_taskflow.py for tasks to queue
[2024-12-28T00:08:41.863+0000] {logging_mixin.py:190} INFO - [2024-12-28T00:08:41.862+0000] {dagbag.py:588} INFO - Filling up the DagBag from /home/airflow/.local/lib/python3.12/site-packages/airflow/example_dags/example_dataset_alias_with_no_taskflow.py
[2024-12-28T00:08:42.513+0000] {processor.py:925} INFO - DAG(s) 'dataset_s3_bucket_producer_with_no_taskflow', 'dataset_alias_example_alias_producer_with_no_taskflow', 'dataset_alias_example_alias_consumer_with_no_taskflow', 'dataset_s3_bucket_consumer_with_no_taskflow' retrieved from /home/airflow/.local/lib/python3.12/site-packages/airflow/example_dags/example_dataset_alias_with_no_taskflow.py
[2024-12-28T00:08:42.544+0000] {logging_mixin.py:190} INFO - [2024-12-28T00:08:42.543+0000] {dag.py:3239} INFO - Sync 4 DAGs
[2024-12-28T00:08:42.570+0000] {logging_mixin.py:190} INFO - [2024-12-28T00:08:42.570+0000] {dag.py:4180} INFO - Setting next_dagrun for dataset_alias_example_alias_consumer_with_no_taskflow to None, run_after=None
[2024-12-28T00:08:42.574+0000] {logging_mixin.py:190} INFO - [2024-12-28T00:08:42.574+0000] {dag.py:4180} INFO - Setting next_dagrun for dataset_alias_example_alias_producer_with_no_taskflow to None, run_after=None
[2024-12-28T00:08:42.578+0000] {logging_mixin.py:190} INFO - [2024-12-28T00:08:42.578+0000] {dag.py:4180} INFO - Setting next_dagrun for dataset_s3_bucket_consumer_with_no_taskflow to None, run_after=None
[2024-12-28T00:08:42.581+0000] {logging_mixin.py:190} INFO - [2024-12-28T00:08:42.581+0000] {dag.py:4180} INFO - Setting next_dagrun for dataset_s3_bucket_producer_with_no_taskflow to None, run_after=None
[2024-12-28T00:08:42.618+0000] {processor.py:208} INFO - Processing /home/airflow/.local/lib/python3.12/site-packages/airflow/example_dags/example_dataset_alias_with_no_taskflow.py took 0.766 seconds
[2024-12-28T00:09:13.975+0000] {processor.py:186} INFO - Started process (PID=28905) to work on /home/airflow/.local/lib/python3.12/site-packages/airflow/example_dags/example_dataset_alias_with_no_taskflow.py
[2024-12-28T00:09:13.977+0000] {processor.py:914} INFO - Processing file /home/airflow/.local/lib/python3.12/site-packages/airflow/example_dags/example_dataset_alias_with_no_taskflow.py for tasks to queue
[2024-12-28T00:09:13.978+0000] {logging_mixin.py:190} INFO - [2024-12-28T00:09:13.978+0000] {dagbag.py:588} INFO - Filling up the DagBag from /home/airflow/.local/lib/python3.12/site-packages/airflow/example_dags/example_dataset_alias_with_no_taskflow.py
[2024-12-28T00:09:14.563+0000] {processor.py:925} INFO - DAG(s) 'dataset_s3_bucket_consumer_with_no_taskflow', 'dataset_alias_example_alias_consumer_with_no_taskflow', 'dataset_alias_example_alias_producer_with_no_taskflow', 'dataset_s3_bucket_producer_with_no_taskflow' retrieved from /home/airflow/.local/lib/python3.12/site-packages/airflow/example_dags/example_dataset_alias_with_no_taskflow.py
[2024-12-28T00:09:14.592+0000] {logging_mixin.py:190} INFO - [2024-12-28T00:09:14.592+0000] {dag.py:3239} INFO - Sync 4 DAGs
[2024-12-28T00:09:14.617+0000] {logging_mixin.py:190} INFO - [2024-12-28T00:09:14.617+0000] {dag.py:4180} INFO - Setting next_dagrun for dataset_alias_example_alias_consumer_with_no_taskflow to None, run_after=None
[2024-12-28T00:09:14.621+0000] {logging_mixin.py:190} INFO - [2024-12-28T00:09:14.621+0000] {dag.py:4180} INFO - Setting next_dagrun for dataset_alias_example_alias_producer_with_no_taskflow to None, run_after=None
[2024-12-28T00:09:14.624+0000] {logging_mixin.py:190} INFO - [2024-12-28T00:09:14.624+0000] {dag.py:4180} INFO - Setting next_dagrun for dataset_s3_bucket_consumer_with_no_taskflow to None, run_after=None
[2024-12-28T00:09:14.626+0000] {logging_mixin.py:190} INFO - [2024-12-28T00:09:14.626+0000] {dag.py:4180} INFO - Setting next_dagrun for dataset_s3_bucket_producer_with_no_taskflow to None, run_after=None
[2024-12-28T00:09:14.659+0000] {processor.py:208} INFO - Processing /home/airflow/.local/lib/python3.12/site-packages/airflow/example_dags/example_dataset_alias_with_no_taskflow.py took 0.689 seconds
[2024-12-28T00:09:45.438+0000] {processor.py:186} INFO - Started process (PID=28974) to work on /home/airflow/.local/lib/python3.12/site-packages/airflow/example_dags/example_dataset_alias_with_no_taskflow.py
[2024-12-28T00:09:45.439+0000] {processor.py:914} INFO - Processing file /home/airflow/.local/lib/python3.12/site-packages/airflow/example_dags/example_dataset_alias_with_no_taskflow.py for tasks to queue
[2024-12-28T00:09:45.442+0000] {logging_mixin.py:190} INFO - [2024-12-28T00:09:45.441+0000] {dagbag.py:588} INFO - Filling up the DagBag from /home/airflow/.local/lib/python3.12/site-packages/airflow/example_dags/example_dataset_alias_with_no_taskflow.py
[2024-12-28T00:09:46.181+0000] {processor.py:925} INFO - DAG(s) 'dataset_s3_bucket_producer_with_no_taskflow', 'dataset_alias_example_alias_producer_with_no_taskflow', 'dataset_s3_bucket_consumer_with_no_taskflow', 'dataset_alias_example_alias_consumer_with_no_taskflow' retrieved from /home/airflow/.local/lib/python3.12/site-packages/airflow/example_dags/example_dataset_alias_with_no_taskflow.py
[2024-12-28T00:09:46.220+0000] {logging_mixin.py:190} INFO - [2024-12-28T00:09:46.219+0000] {dag.py:3239} INFO - Sync 4 DAGs
[2024-12-28T00:09:46.263+0000] {logging_mixin.py:190} INFO - [2024-12-28T00:09:46.262+0000] {dag.py:4180} INFO - Setting next_dagrun for dataset_alias_example_alias_consumer_with_no_taskflow to None, run_after=None
[2024-12-28T00:09:46.269+0000] {logging_mixin.py:190} INFO - [2024-12-28T00:09:46.268+0000] {dag.py:4180} INFO - Setting next_dagrun for dataset_alias_example_alias_producer_with_no_taskflow to None, run_after=None
[2024-12-28T00:09:46.273+0000] {logging_mixin.py:190} INFO - [2024-12-28T00:09:46.273+0000] {dag.py:4180} INFO - Setting next_dagrun for dataset_s3_bucket_consumer_with_no_taskflow to None, run_after=None
[2024-12-28T00:09:46.278+0000] {logging_mixin.py:190} INFO - [2024-12-28T00:09:46.277+0000] {dag.py:4180} INFO - Setting next_dagrun for dataset_s3_bucket_producer_with_no_taskflow to None, run_after=None
[2024-12-28T00:09:46.338+0000] {processor.py:208} INFO - Processing /home/airflow/.local/lib/python3.12/site-packages/airflow/example_dags/example_dataset_alias_with_no_taskflow.py took 0.906 seconds
[2024-12-28T00:10:16.860+0000] {processor.py:186} INFO - Started process (PID=29045) to work on /home/airflow/.local/lib/python3.12/site-packages/airflow/example_dags/example_dataset_alias_with_no_taskflow.py
[2024-12-28T00:10:16.862+0000] {processor.py:914} INFO - Processing file /home/airflow/.local/lib/python3.12/site-packages/airflow/example_dags/example_dataset_alias_with_no_taskflow.py for tasks to queue
[2024-12-28T00:10:16.865+0000] {logging_mixin.py:190} INFO - [2024-12-28T00:10:16.865+0000] {dagbag.py:588} INFO - Filling up the DagBag from /home/airflow/.local/lib/python3.12/site-packages/airflow/example_dags/example_dataset_alias_with_no_taskflow.py
[2024-12-28T00:10:17.508+0000] {processor.py:925} INFO - DAG(s) 'dataset_alias_example_alias_consumer_with_no_taskflow', 'dataset_alias_example_alias_producer_with_no_taskflow', 'dataset_s3_bucket_consumer_with_no_taskflow', 'dataset_s3_bucket_producer_with_no_taskflow' retrieved from /home/airflow/.local/lib/python3.12/site-packages/airflow/example_dags/example_dataset_alias_with_no_taskflow.py
[2024-12-28T00:10:17.541+0000] {logging_mixin.py:190} INFO - [2024-12-28T00:10:17.541+0000] {dag.py:3239} INFO - Sync 4 DAGs
[2024-12-28T00:10:17.572+0000] {logging_mixin.py:190} INFO - [2024-12-28T00:10:17.571+0000] {dag.py:4180} INFO - Setting next_dagrun for dataset_alias_example_alias_consumer_with_no_taskflow to None, run_after=None
[2024-12-28T00:10:17.578+0000] {logging_mixin.py:190} INFO - [2024-12-28T00:10:17.577+0000] {dag.py:4180} INFO - Setting next_dagrun for dataset_alias_example_alias_producer_with_no_taskflow to None, run_after=None
[2024-12-28T00:10:17.586+0000] {logging_mixin.py:190} INFO - [2024-12-28T00:10:17.585+0000] {dag.py:4180} INFO - Setting next_dagrun for dataset_s3_bucket_consumer_with_no_taskflow to None, run_after=None
[2024-12-28T00:10:17.590+0000] {logging_mixin.py:190} INFO - [2024-12-28T00:10:17.589+0000] {dag.py:4180} INFO - Setting next_dagrun for dataset_s3_bucket_producer_with_no_taskflow to None, run_after=None
[2024-12-28T00:10:17.632+0000] {processor.py:208} INFO - Processing /home/airflow/.local/lib/python3.12/site-packages/airflow/example_dags/example_dataset_alias_with_no_taskflow.py took 0.777 seconds
[2024-12-28T00:10:47.719+0000] {processor.py:186} INFO - Started process (PID=29112) to work on /home/airflow/.local/lib/python3.12/site-packages/airflow/example_dags/example_dataset_alias_with_no_taskflow.py
[2024-12-28T00:10:47.720+0000] {processor.py:914} INFO - Processing file /home/airflow/.local/lib/python3.12/site-packages/airflow/example_dags/example_dataset_alias_with_no_taskflow.py for tasks to queue
[2024-12-28T00:10:47.722+0000] {logging_mixin.py:190} INFO - [2024-12-28T00:10:47.722+0000] {dagbag.py:588} INFO - Filling up the DagBag from /home/airflow/.local/lib/python3.12/site-packages/airflow/example_dags/example_dataset_alias_with_no_taskflow.py
[2024-12-28T00:10:48.383+0000] {processor.py:925} INFO - DAG(s) 'dataset_s3_bucket_consumer_with_no_taskflow', 'dataset_s3_bucket_producer_with_no_taskflow', 'dataset_alias_example_alias_consumer_with_no_taskflow', 'dataset_alias_example_alias_producer_with_no_taskflow' retrieved from /home/airflow/.local/lib/python3.12/site-packages/airflow/example_dags/example_dataset_alias_with_no_taskflow.py
[2024-12-28T00:10:48.419+0000] {logging_mixin.py:190} INFO - [2024-12-28T00:10:48.418+0000] {dag.py:3239} INFO - Sync 4 DAGs
[2024-12-28T00:10:48.454+0000] {logging_mixin.py:190} INFO - [2024-12-28T00:10:48.453+0000] {dag.py:4180} INFO - Setting next_dagrun for dataset_alias_example_alias_consumer_with_no_taskflow to None, run_after=None
[2024-12-28T00:10:48.459+0000] {logging_mixin.py:190} INFO - [2024-12-28T00:10:48.459+0000] {dag.py:4180} INFO - Setting next_dagrun for dataset_alias_example_alias_producer_with_no_taskflow to None, run_after=None
[2024-12-28T00:10:48.465+0000] {logging_mixin.py:190} INFO - [2024-12-28T00:10:48.464+0000] {dag.py:4180} INFO - Setting next_dagrun for dataset_s3_bucket_consumer_with_no_taskflow to None, run_after=None
[2024-12-28T00:10:48.468+0000] {logging_mixin.py:190} INFO - [2024-12-28T00:10:48.467+0000] {dag.py:4180} INFO - Setting next_dagrun for dataset_s3_bucket_producer_with_no_taskflow to None, run_after=None
[2024-12-28T00:10:48.505+0000] {processor.py:208} INFO - Processing /home/airflow/.local/lib/python3.12/site-packages/airflow/example_dags/example_dataset_alias_with_no_taskflow.py took 0.792 seconds
[2024-12-28T00:11:18.607+0000] {processor.py:186} INFO - Started process (PID=29176) to work on /home/airflow/.local/lib/python3.12/site-packages/airflow/example_dags/example_dataset_alias_with_no_taskflow.py
[2024-12-28T00:11:18.609+0000] {processor.py:914} INFO - Processing file /home/airflow/.local/lib/python3.12/site-packages/airflow/example_dags/example_dataset_alias_with_no_taskflow.py for tasks to queue
[2024-12-28T00:11:18.612+0000] {logging_mixin.py:190} INFO - [2024-12-28T00:11:18.612+0000] {dagbag.py:588} INFO - Filling up the DagBag from /home/airflow/.local/lib/python3.12/site-packages/airflow/example_dags/example_dataset_alias_with_no_taskflow.py
[2024-12-28T00:11:19.235+0000] {processor.py:925} INFO - DAG(s) 'dataset_alias_example_alias_producer_with_no_taskflow', 'dataset_s3_bucket_producer_with_no_taskflow', 'dataset_alias_example_alias_consumer_with_no_taskflow', 'dataset_s3_bucket_consumer_with_no_taskflow' retrieved from /home/airflow/.local/lib/python3.12/site-packages/airflow/example_dags/example_dataset_alias_with_no_taskflow.py
[2024-12-28T00:11:19.268+0000] {logging_mixin.py:190} INFO - [2024-12-28T00:11:19.267+0000] {dag.py:3239} INFO - Sync 4 DAGs
[2024-12-28T00:11:19.298+0000] {logging_mixin.py:190} INFO - [2024-12-28T00:11:19.297+0000] {dag.py:4180} INFO - Setting next_dagrun for dataset_alias_example_alias_consumer_with_no_taskflow to None, run_after=None
[2024-12-28T00:11:19.303+0000] {logging_mixin.py:190} INFO - [2024-12-28T00:11:19.303+0000] {dag.py:4180} INFO - Setting next_dagrun for dataset_alias_example_alias_producer_with_no_taskflow to None, run_after=None
[2024-12-28T00:11:19.306+0000] {logging_mixin.py:190} INFO - [2024-12-28T00:11:19.306+0000] {dag.py:4180} INFO - Setting next_dagrun for dataset_s3_bucket_consumer_with_no_taskflow to None, run_after=None
[2024-12-28T00:11:19.309+0000] {logging_mixin.py:190} INFO - [2024-12-28T00:11:19.309+0000] {dag.py:4180} INFO - Setting next_dagrun for dataset_s3_bucket_producer_with_no_taskflow to None, run_after=None
[2024-12-28T00:11:19.348+0000] {processor.py:208} INFO - Processing /home/airflow/.local/lib/python3.12/site-packages/airflow/example_dags/example_dataset_alias_with_no_taskflow.py took 0.746 seconds
[2024-12-28T00:11:49.493+0000] {processor.py:186} INFO - Started process (PID=29246) to work on /home/airflow/.local/lib/python3.12/site-packages/airflow/example_dags/example_dataset_alias_with_no_taskflow.py
[2024-12-28T00:11:49.495+0000] {processor.py:914} INFO - Processing file /home/airflow/.local/lib/python3.12/site-packages/airflow/example_dags/example_dataset_alias_with_no_taskflow.py for tasks to queue
[2024-12-28T00:11:49.497+0000] {logging_mixin.py:190} INFO - [2024-12-28T00:11:49.497+0000] {dagbag.py:588} INFO - Filling up the DagBag from /home/airflow/.local/lib/python3.12/site-packages/airflow/example_dags/example_dataset_alias_with_no_taskflow.py
[2024-12-28T00:11:50.327+0000] {processor.py:925} INFO - DAG(s) 'dataset_s3_bucket_consumer_with_no_taskflow', 'dataset_alias_example_alias_consumer_with_no_taskflow', 'dataset_s3_bucket_producer_with_no_taskflow', 'dataset_alias_example_alias_producer_with_no_taskflow' retrieved from /home/airflow/.local/lib/python3.12/site-packages/airflow/example_dags/example_dataset_alias_with_no_taskflow.py
[2024-12-28T00:11:50.359+0000] {logging_mixin.py:190} INFO - [2024-12-28T00:11:50.358+0000] {dag.py:3239} INFO - Sync 4 DAGs
[2024-12-28T00:11:50.387+0000] {logging_mixin.py:190} INFO - [2024-12-28T00:11:50.387+0000] {dag.py:4180} INFO - Setting next_dagrun for dataset_alias_example_alias_consumer_with_no_taskflow to None, run_after=None
[2024-12-28T00:11:50.391+0000] {logging_mixin.py:190} INFO - [2024-12-28T00:11:50.391+0000] {dag.py:4180} INFO - Setting next_dagrun for dataset_alias_example_alias_producer_with_no_taskflow to None, run_after=None
[2024-12-28T00:11:50.394+0000] {logging_mixin.py:190} INFO - [2024-12-28T00:11:50.394+0000] {dag.py:4180} INFO - Setting next_dagrun for dataset_s3_bucket_consumer_with_no_taskflow to None, run_after=None
[2024-12-28T00:11:50.397+0000] {logging_mixin.py:190} INFO - [2024-12-28T00:11:50.397+0000] {dag.py:4180} INFO - Setting next_dagrun for dataset_s3_bucket_producer_with_no_taskflow to None, run_after=None
[2024-12-28T00:11:50.438+0000] {processor.py:208} INFO - Processing /home/airflow/.local/lib/python3.12/site-packages/airflow/example_dags/example_dataset_alias_with_no_taskflow.py took 0.953 seconds
[2024-12-28T00:12:20.510+0000] {processor.py:186} INFO - Started process (PID=29314) to work on /home/airflow/.local/lib/python3.12/site-packages/airflow/example_dags/example_dataset_alias_with_no_taskflow.py
[2024-12-28T00:12:20.512+0000] {processor.py:914} INFO - Processing file /home/airflow/.local/lib/python3.12/site-packages/airflow/example_dags/example_dataset_alias_with_no_taskflow.py for tasks to queue
[2024-12-28T00:12:20.513+0000] {logging_mixin.py:190} INFO - [2024-12-28T00:12:20.513+0000] {dagbag.py:588} INFO - Filling up the DagBag from /home/airflow/.local/lib/python3.12/site-packages/airflow/example_dags/example_dataset_alias_with_no_taskflow.py
[2024-12-28T00:12:21.100+0000] {processor.py:925} INFO - DAG(s) 'dataset_s3_bucket_producer_with_no_taskflow', 'dataset_s3_bucket_consumer_with_no_taskflow', 'dataset_alias_example_alias_producer_with_no_taskflow', 'dataset_alias_example_alias_consumer_with_no_taskflow' retrieved from /home/airflow/.local/lib/python3.12/site-packages/airflow/example_dags/example_dataset_alias_with_no_taskflow.py
[2024-12-28T00:12:21.131+0000] {logging_mixin.py:190} INFO - [2024-12-28T00:12:21.130+0000] {dag.py:3239} INFO - Sync 4 DAGs
[2024-12-28T00:12:21.157+0000] {logging_mixin.py:190} INFO - [2024-12-28T00:12:21.156+0000] {dag.py:4180} INFO - Setting next_dagrun for dataset_alias_example_alias_consumer_with_no_taskflow to None, run_after=None
[2024-12-28T00:12:21.162+0000] {logging_mixin.py:190} INFO - [2024-12-28T00:12:21.161+0000] {dag.py:4180} INFO - Setting next_dagrun for dataset_alias_example_alias_producer_with_no_taskflow to None, run_after=None
[2024-12-28T00:12:21.164+0000] {logging_mixin.py:190} INFO - [2024-12-28T00:12:21.164+0000] {dag.py:4180} INFO - Setting next_dagrun for dataset_s3_bucket_consumer_with_no_taskflow to None, run_after=None
[2024-12-28T00:12:21.167+0000] {logging_mixin.py:190} INFO - [2024-12-28T00:12:21.167+0000] {dag.py:4180} INFO - Setting next_dagrun for dataset_s3_bucket_producer_with_no_taskflow to None, run_after=None
[2024-12-28T00:12:21.203+0000] {processor.py:208} INFO - Processing /home/airflow/.local/lib/python3.12/site-packages/airflow/example_dags/example_dataset_alias_with_no_taskflow.py took 0.698 seconds
[2024-12-28T00:12:51.348+0000] {processor.py:186} INFO - Started process (PID=29378) to work on /home/airflow/.local/lib/python3.12/site-packages/airflow/example_dags/example_dataset_alias_with_no_taskflow.py
[2024-12-28T00:12:51.350+0000] {processor.py:914} INFO - Processing file /home/airflow/.local/lib/python3.12/site-packages/airflow/example_dags/example_dataset_alias_with_no_taskflow.py for tasks to queue
[2024-12-28T00:12:51.352+0000] {logging_mixin.py:190} INFO - [2024-12-28T00:12:51.351+0000] {dagbag.py:588} INFO - Filling up the DagBag from /home/airflow/.local/lib/python3.12/site-packages/airflow/example_dags/example_dataset_alias_with_no_taskflow.py
[2024-12-28T00:12:52.004+0000] {processor.py:925} INFO - DAG(s) 'dataset_alias_example_alias_consumer_with_no_taskflow', 'dataset_s3_bucket_consumer_with_no_taskflow', 'dataset_alias_example_alias_producer_with_no_taskflow', 'dataset_s3_bucket_producer_with_no_taskflow' retrieved from /home/airflow/.local/lib/python3.12/site-packages/airflow/example_dags/example_dataset_alias_with_no_taskflow.py
[2024-12-28T00:12:52.037+0000] {logging_mixin.py:190} INFO - [2024-12-28T00:12:52.036+0000] {dag.py:3239} INFO - Sync 4 DAGs
[2024-12-28T00:12:52.065+0000] {logging_mixin.py:190} INFO - [2024-12-28T00:12:52.065+0000] {dag.py:4180} INFO - Setting next_dagrun for dataset_alias_example_alias_consumer_with_no_taskflow to None, run_after=None
[2024-12-28T00:12:52.070+0000] {logging_mixin.py:190} INFO - [2024-12-28T00:12:52.070+0000] {dag.py:4180} INFO - Setting next_dagrun for dataset_alias_example_alias_producer_with_no_taskflow to None, run_after=None
[2024-12-28T00:12:52.074+0000] {logging_mixin.py:190} INFO - [2024-12-28T00:12:52.073+0000] {dag.py:4180} INFO - Setting next_dagrun for dataset_s3_bucket_consumer_with_no_taskflow to None, run_after=None
[2024-12-28T00:12:52.077+0000] {logging_mixin.py:190} INFO - [2024-12-28T00:12:52.076+0000] {dag.py:4180} INFO - Setting next_dagrun for dataset_s3_bucket_producer_with_no_taskflow to None, run_after=None
[2024-12-28T00:12:52.109+0000] {processor.py:208} INFO - Processing /home/airflow/.local/lib/python3.12/site-packages/airflow/example_dags/example_dataset_alias_with_no_taskflow.py took 0.767 seconds
[2024-12-28T00:13:22.221+0000] {processor.py:186} INFO - Started process (PID=29442) to work on /home/airflow/.local/lib/python3.12/site-packages/airflow/example_dags/example_dataset_alias_with_no_taskflow.py
[2024-12-28T00:13:22.222+0000] {processor.py:914} INFO - Processing file /home/airflow/.local/lib/python3.12/site-packages/airflow/example_dags/example_dataset_alias_with_no_taskflow.py for tasks to queue
[2024-12-28T00:13:22.224+0000] {logging_mixin.py:190} INFO - [2024-12-28T00:13:22.224+0000] {dagbag.py:588} INFO - Filling up the DagBag from /home/airflow/.local/lib/python3.12/site-packages/airflow/example_dags/example_dataset_alias_with_no_taskflow.py
[2024-12-28T00:13:22.852+0000] {processor.py:925} INFO - DAG(s) 'dataset_alias_example_alias_consumer_with_no_taskflow', 'dataset_s3_bucket_consumer_with_no_taskflow', 'dataset_alias_example_alias_producer_with_no_taskflow', 'dataset_s3_bucket_producer_with_no_taskflow' retrieved from /home/airflow/.local/lib/python3.12/site-packages/airflow/example_dags/example_dataset_alias_with_no_taskflow.py
[2024-12-28T00:13:22.891+0000] {logging_mixin.py:190} INFO - [2024-12-28T00:13:22.889+0000] {dag.py:3239} INFO - Sync 4 DAGs
[2024-12-28T00:13:22.924+0000] {logging_mixin.py:190} INFO - [2024-12-28T00:13:22.924+0000] {dag.py:4180} INFO - Setting next_dagrun for dataset_alias_example_alias_consumer_with_no_taskflow to None, run_after=None
[2024-12-28T00:13:22.928+0000] {logging_mixin.py:190} INFO - [2024-12-28T00:13:22.928+0000] {dag.py:4180} INFO - Setting next_dagrun for dataset_alias_example_alias_producer_with_no_taskflow to None, run_after=None
[2024-12-28T00:13:22.931+0000] {logging_mixin.py:190} INFO - [2024-12-28T00:13:22.931+0000] {dag.py:4180} INFO - Setting next_dagrun for dataset_s3_bucket_consumer_with_no_taskflow to None, run_after=None
[2024-12-28T00:13:22.934+0000] {logging_mixin.py:190} INFO - [2024-12-28T00:13:22.934+0000] {dag.py:4180} INFO - Setting next_dagrun for dataset_s3_bucket_producer_with_no_taskflow to None, run_after=None
[2024-12-28T00:13:22.968+0000] {processor.py:208} INFO - Processing /home/airflow/.local/lib/python3.12/site-packages/airflow/example_dags/example_dataset_alias_with_no_taskflow.py took 0.753 seconds
[2024-12-28T00:13:53.934+0000] {processor.py:186} INFO - Started process (PID=29508) to work on /home/airflow/.local/lib/python3.12/site-packages/airflow/example_dags/example_dataset_alias_with_no_taskflow.py
[2024-12-28T00:13:53.935+0000] {processor.py:914} INFO - Processing file /home/airflow/.local/lib/python3.12/site-packages/airflow/example_dags/example_dataset_alias_with_no_taskflow.py for tasks to queue
[2024-12-28T00:13:53.938+0000] {logging_mixin.py:190} INFO - [2024-12-28T00:13:53.937+0000] {dagbag.py:588} INFO - Filling up the DagBag from /home/airflow/.local/lib/python3.12/site-packages/airflow/example_dags/example_dataset_alias_with_no_taskflow.py
[2024-12-28T00:13:54.547+0000] {processor.py:925} INFO - DAG(s) 'dataset_alias_example_alias_producer_with_no_taskflow', 'dataset_s3_bucket_producer_with_no_taskflow', 'dataset_alias_example_alias_consumer_with_no_taskflow', 'dataset_s3_bucket_consumer_with_no_taskflow' retrieved from /home/airflow/.local/lib/python3.12/site-packages/airflow/example_dags/example_dataset_alias_with_no_taskflow.py
[2024-12-28T00:13:54.581+0000] {logging_mixin.py:190} INFO - [2024-12-28T00:13:54.580+0000] {dag.py:3239} INFO - Sync 4 DAGs
[2024-12-28T00:13:54.607+0000] {logging_mixin.py:190} INFO - [2024-12-28T00:13:54.606+0000] {dag.py:4180} INFO - Setting next_dagrun for dataset_alias_example_alias_consumer_with_no_taskflow to None, run_after=None
[2024-12-28T00:13:54.611+0000] {logging_mixin.py:190} INFO - [2024-12-28T00:13:54.611+0000] {dag.py:4180} INFO - Setting next_dagrun for dataset_alias_example_alias_producer_with_no_taskflow to None, run_after=None
[2024-12-28T00:13:54.615+0000] {logging_mixin.py:190} INFO - [2024-12-28T00:13:54.614+0000] {dag.py:4180} INFO - Setting next_dagrun for dataset_s3_bucket_consumer_with_no_taskflow to None, run_after=None
[2024-12-28T00:13:54.618+0000] {logging_mixin.py:190} INFO - [2024-12-28T00:13:54.618+0000] {dag.py:4180} INFO - Setting next_dagrun for dataset_s3_bucket_producer_with_no_taskflow to None, run_after=None
[2024-12-28T00:13:54.654+0000] {processor.py:208} INFO - Processing /home/airflow/.local/lib/python3.12/site-packages/airflow/example_dags/example_dataset_alias_with_no_taskflow.py took 0.726 seconds
[2024-12-28T00:14:25.387+0000] {processor.py:186} INFO - Started process (PID=29576) to work on /home/airflow/.local/lib/python3.12/site-packages/airflow/example_dags/example_dataset_alias_with_no_taskflow.py
[2024-12-28T00:14:25.388+0000] {processor.py:914} INFO - Processing file /home/airflow/.local/lib/python3.12/site-packages/airflow/example_dags/example_dataset_alias_with_no_taskflow.py for tasks to queue
[2024-12-28T00:14:25.390+0000] {logging_mixin.py:190} INFO - [2024-12-28T00:14:25.389+0000] {dagbag.py:588} INFO - Filling up the DagBag from /home/airflow/.local/lib/python3.12/site-packages/airflow/example_dags/example_dataset_alias_with_no_taskflow.py
[2024-12-28T00:14:26.046+0000] {processor.py:925} INFO - DAG(s) 'dataset_s3_bucket_consumer_with_no_taskflow', 'dataset_alias_example_alias_consumer_with_no_taskflow', 'dataset_alias_example_alias_producer_with_no_taskflow', 'dataset_s3_bucket_producer_with_no_taskflow' retrieved from /home/airflow/.local/lib/python3.12/site-packages/airflow/example_dags/example_dataset_alias_with_no_taskflow.py
[2024-12-28T00:14:26.080+0000] {logging_mixin.py:190} INFO - [2024-12-28T00:14:26.079+0000] {dag.py:3239} INFO - Sync 4 DAGs
[2024-12-28T00:14:26.119+0000] {logging_mixin.py:190} INFO - [2024-12-28T00:14:26.118+0000] {dag.py:4180} INFO - Setting next_dagrun for dataset_alias_example_alias_consumer_with_no_taskflow to None, run_after=None
[2024-12-28T00:14:26.124+0000] {logging_mixin.py:190} INFO - [2024-12-28T00:14:26.124+0000] {dag.py:4180} INFO - Setting next_dagrun for dataset_alias_example_alias_producer_with_no_taskflow to None, run_after=None
[2024-12-28T00:14:26.127+0000] {logging_mixin.py:190} INFO - [2024-12-28T00:14:26.127+0000] {dag.py:4180} INFO - Setting next_dagrun for dataset_s3_bucket_consumer_with_no_taskflow to None, run_after=None
[2024-12-28T00:14:26.130+0000] {logging_mixin.py:190} INFO - [2024-12-28T00:14:26.130+0000] {dag.py:4180} INFO - Setting next_dagrun for dataset_s3_bucket_producer_with_no_taskflow to None, run_after=None
[2024-12-28T00:14:26.169+0000] {processor.py:208} INFO - Processing /home/airflow/.local/lib/python3.12/site-packages/airflow/example_dags/example_dataset_alias_with_no_taskflow.py took 0.788 seconds
[2024-12-28T00:14:56.280+0000] {processor.py:186} INFO - Started process (PID=29639) to work on /home/airflow/.local/lib/python3.12/site-packages/airflow/example_dags/example_dataset_alias_with_no_taskflow.py
[2024-12-28T00:14:56.281+0000] {processor.py:914} INFO - Processing file /home/airflow/.local/lib/python3.12/site-packages/airflow/example_dags/example_dataset_alias_with_no_taskflow.py for tasks to queue
[2024-12-28T00:14:56.284+0000] {logging_mixin.py:190} INFO - [2024-12-28T00:14:56.284+0000] {dagbag.py:588} INFO - Filling up the DagBag from /home/airflow/.local/lib/python3.12/site-packages/airflow/example_dags/example_dataset_alias_with_no_taskflow.py
[2024-12-28T00:14:56.955+0000] {processor.py:925} INFO - DAG(s) 'dataset_alias_example_alias_producer_with_no_taskflow', 'dataset_alias_example_alias_consumer_with_no_taskflow', 'dataset_s3_bucket_producer_with_no_taskflow', 'dataset_s3_bucket_consumer_with_no_taskflow' retrieved from /home/airflow/.local/lib/python3.12/site-packages/airflow/example_dags/example_dataset_alias_with_no_taskflow.py
[2024-12-28T00:14:56.985+0000] {logging_mixin.py:190} INFO - [2024-12-28T00:14:56.984+0000] {dag.py:3239} INFO - Sync 4 DAGs
[2024-12-28T00:14:57.012+0000] {logging_mixin.py:190} INFO - [2024-12-28T00:14:57.012+0000] {dag.py:4180} INFO - Setting next_dagrun for dataset_alias_example_alias_consumer_with_no_taskflow to None, run_after=None
[2024-12-28T00:14:57.017+0000] {logging_mixin.py:190} INFO - [2024-12-28T00:14:57.017+0000] {dag.py:4180} INFO - Setting next_dagrun for dataset_alias_example_alias_producer_with_no_taskflow to None, run_after=None
[2024-12-28T00:14:57.020+0000] {logging_mixin.py:190} INFO - [2024-12-28T00:14:57.020+0000] {dag.py:4180} INFO - Setting next_dagrun for dataset_s3_bucket_consumer_with_no_taskflow to None, run_after=None
[2024-12-28T00:14:57.024+0000] {logging_mixin.py:190} INFO - [2024-12-28T00:14:57.023+0000] {dag.py:4180} INFO - Setting next_dagrun for dataset_s3_bucket_producer_with_no_taskflow to None, run_after=None
[2024-12-28T00:14:57.056+0000] {processor.py:208} INFO - Processing /home/airflow/.local/lib/python3.12/site-packages/airflow/example_dags/example_dataset_alias_with_no_taskflow.py took 0.782 seconds
[2024-12-28T00:15:27.691+0000] {processor.py:186} INFO - Started process (PID=29705) to work on /home/airflow/.local/lib/python3.12/site-packages/airflow/example_dags/example_dataset_alias_with_no_taskflow.py
[2024-12-28T00:15:27.693+0000] {processor.py:914} INFO - Processing file /home/airflow/.local/lib/python3.12/site-packages/airflow/example_dags/example_dataset_alias_with_no_taskflow.py for tasks to queue
[2024-12-28T00:15:27.695+0000] {logging_mixin.py:190} INFO - [2024-12-28T00:15:27.695+0000] {dagbag.py:588} INFO - Filling up the DagBag from /home/airflow/.local/lib/python3.12/site-packages/airflow/example_dags/example_dataset_alias_with_no_taskflow.py
[2024-12-28T00:15:28.337+0000] {processor.py:925} INFO - DAG(s) 'dataset_s3_bucket_consumer_with_no_taskflow', 'dataset_alias_example_alias_consumer_with_no_taskflow', 'dataset_alias_example_alias_producer_with_no_taskflow', 'dataset_s3_bucket_producer_with_no_taskflow' retrieved from /home/airflow/.local/lib/python3.12/site-packages/airflow/example_dags/example_dataset_alias_with_no_taskflow.py
[2024-12-28T00:15:28.373+0000] {logging_mixin.py:190} INFO - [2024-12-28T00:15:28.373+0000] {dag.py:3239} INFO - Sync 4 DAGs
[2024-12-28T00:15:28.399+0000] {logging_mixin.py:190} INFO - [2024-12-28T00:15:28.398+0000] {dag.py:4180} INFO - Setting next_dagrun for dataset_alias_example_alias_consumer_with_no_taskflow to None, run_after=None
[2024-12-28T00:15:28.404+0000] {logging_mixin.py:190} INFO - [2024-12-28T00:15:28.404+0000] {dag.py:4180} INFO - Setting next_dagrun for dataset_alias_example_alias_producer_with_no_taskflow to None, run_after=None
[2024-12-28T00:15:28.407+0000] {logging_mixin.py:190} INFO - [2024-12-28T00:15:28.407+0000] {dag.py:4180} INFO - Setting next_dagrun for dataset_s3_bucket_consumer_with_no_taskflow to None, run_after=None
[2024-12-28T00:15:28.411+0000] {logging_mixin.py:190} INFO - [2024-12-28T00:15:28.410+0000] {dag.py:4180} INFO - Setting next_dagrun for dataset_s3_bucket_producer_with_no_taskflow to None, run_after=None
[2024-12-28T00:15:28.447+0000] {processor.py:208} INFO - Processing /home/airflow/.local/lib/python3.12/site-packages/airflow/example_dags/example_dataset_alias_with_no_taskflow.py took 0.763 seconds
[2024-12-28T00:15:59.523+0000] {processor.py:186} INFO - Started process (PID=29773) to work on /home/airflow/.local/lib/python3.12/site-packages/airflow/example_dags/example_dataset_alias_with_no_taskflow.py
[2024-12-28T00:15:59.525+0000] {processor.py:914} INFO - Processing file /home/airflow/.local/lib/python3.12/site-packages/airflow/example_dags/example_dataset_alias_with_no_taskflow.py for tasks to queue
[2024-12-28T00:15:59.527+0000] {logging_mixin.py:190} INFO - [2024-12-28T00:15:59.526+0000] {dagbag.py:588} INFO - Filling up the DagBag from /home/airflow/.local/lib/python3.12/site-packages/airflow/example_dags/example_dataset_alias_with_no_taskflow.py
[2024-12-28T00:16:00.158+0000] {processor.py:925} INFO - DAG(s) 'dataset_alias_example_alias_consumer_with_no_taskflow', 'dataset_alias_example_alias_producer_with_no_taskflow', 'dataset_s3_bucket_producer_with_no_taskflow', 'dataset_s3_bucket_consumer_with_no_taskflow' retrieved from /home/airflow/.local/lib/python3.12/site-packages/airflow/example_dags/example_dataset_alias_with_no_taskflow.py
[2024-12-28T00:16:00.188+0000] {logging_mixin.py:190} INFO - [2024-12-28T00:16:00.188+0000] {dag.py:3239} INFO - Sync 4 DAGs
[2024-12-28T00:16:00.216+0000] {logging_mixin.py:190} INFO - [2024-12-28T00:16:00.216+0000] {dag.py:4180} INFO - Setting next_dagrun for dataset_alias_example_alias_consumer_with_no_taskflow to None, run_after=None
[2024-12-28T00:16:00.220+0000] {logging_mixin.py:190} INFO - [2024-12-28T00:16:00.220+0000] {dag.py:4180} INFO - Setting next_dagrun for dataset_alias_example_alias_producer_with_no_taskflow to None, run_after=None
[2024-12-28T00:16:00.223+0000] {logging_mixin.py:190} INFO - [2024-12-28T00:16:00.223+0000] {dag.py:4180} INFO - Setting next_dagrun for dataset_s3_bucket_consumer_with_no_taskflow to None, run_after=None
[2024-12-28T00:16:00.228+0000] {logging_mixin.py:190} INFO - [2024-12-28T00:16:00.227+0000] {dag.py:4180} INFO - Setting next_dagrun for dataset_s3_bucket_producer_with_no_taskflow to None, run_after=None
[2024-12-28T00:16:00.263+0000] {processor.py:208} INFO - Processing /home/airflow/.local/lib/python3.12/site-packages/airflow/example_dags/example_dataset_alias_with_no_taskflow.py took 0.745 seconds
[2024-12-28T00:16:31.279+0000] {processor.py:186} INFO - Started process (PID=29839) to work on /home/airflow/.local/lib/python3.12/site-packages/airflow/example_dags/example_dataset_alias_with_no_taskflow.py
[2024-12-28T00:16:31.281+0000] {processor.py:914} INFO - Processing file /home/airflow/.local/lib/python3.12/site-packages/airflow/example_dags/example_dataset_alias_with_no_taskflow.py for tasks to queue
[2024-12-28T00:16:31.283+0000] {logging_mixin.py:190} INFO - [2024-12-28T00:16:31.283+0000] {dagbag.py:588} INFO - Filling up the DagBag from /home/airflow/.local/lib/python3.12/site-packages/airflow/example_dags/example_dataset_alias_with_no_taskflow.py
[2024-12-28T00:16:31.982+0000] {processor.py:925} INFO - DAG(s) 'dataset_s3_bucket_producer_with_no_taskflow', 'dataset_s3_bucket_consumer_with_no_taskflow', 'dataset_alias_example_alias_consumer_with_no_taskflow', 'dataset_alias_example_alias_producer_with_no_taskflow' retrieved from /home/airflow/.local/lib/python3.12/site-packages/airflow/example_dags/example_dataset_alias_with_no_taskflow.py
[2024-12-28T00:16:32.015+0000] {logging_mixin.py:190} INFO - [2024-12-28T00:16:32.015+0000] {dag.py:3239} INFO - Sync 4 DAGs
[2024-12-28T00:16:32.040+0000] {logging_mixin.py:190} INFO - [2024-12-28T00:16:32.040+0000] {dag.py:4180} INFO - Setting next_dagrun for dataset_alias_example_alias_consumer_with_no_taskflow to None, run_after=None
[2024-12-28T00:16:32.046+0000] {logging_mixin.py:190} INFO - [2024-12-28T00:16:32.045+0000] {dag.py:4180} INFO - Setting next_dagrun for dataset_alias_example_alias_producer_with_no_taskflow to None, run_after=None
[2024-12-28T00:16:32.049+0000] {logging_mixin.py:190} INFO - [2024-12-28T00:16:32.049+0000] {dag.py:4180} INFO - Setting next_dagrun for dataset_s3_bucket_consumer_with_no_taskflow to None, run_after=None
[2024-12-28T00:16:32.052+0000] {logging_mixin.py:190} INFO - [2024-12-28T00:16:32.052+0000] {dag.py:4180} INFO - Setting next_dagrun for dataset_s3_bucket_producer_with_no_taskflow to None, run_after=None
[2024-12-28T00:16:32.085+0000] {processor.py:208} INFO - Processing /home/airflow/.local/lib/python3.12/site-packages/airflow/example_dags/example_dataset_alias_with_no_taskflow.py took 0.811 seconds
[2024-12-28T00:17:03.233+0000] {processor.py:186} INFO - Started process (PID=29906) to work on /home/airflow/.local/lib/python3.12/site-packages/airflow/example_dags/example_dataset_alias_with_no_taskflow.py
[2024-12-28T00:17:03.234+0000] {processor.py:914} INFO - Processing file /home/airflow/.local/lib/python3.12/site-packages/airflow/example_dags/example_dataset_alias_with_no_taskflow.py for tasks to queue
[2024-12-28T00:17:03.237+0000] {logging_mixin.py:190} INFO - [2024-12-28T00:17:03.236+0000] {dagbag.py:588} INFO - Filling up the DagBag from /home/airflow/.local/lib/python3.12/site-packages/airflow/example_dags/example_dataset_alias_with_no_taskflow.py
[2024-12-28T00:17:03.926+0000] {processor.py:925} INFO - DAG(s) 'dataset_s3_bucket_consumer_with_no_taskflow', 'dataset_alias_example_alias_producer_with_no_taskflow', 'dataset_s3_bucket_producer_with_no_taskflow', 'dataset_alias_example_alias_consumer_with_no_taskflow' retrieved from /home/airflow/.local/lib/python3.12/site-packages/airflow/example_dags/example_dataset_alias_with_no_taskflow.py
[2024-12-28T00:17:03.960+0000] {logging_mixin.py:190} INFO - [2024-12-28T00:17:03.959+0000] {dag.py:3239} INFO - Sync 4 DAGs
[2024-12-28T00:17:03.995+0000] {logging_mixin.py:190} INFO - [2024-12-28T00:17:03.994+0000] {dag.py:4180} INFO - Setting next_dagrun for dataset_alias_example_alias_consumer_with_no_taskflow to None, run_after=None
[2024-12-28T00:17:03.999+0000] {logging_mixin.py:190} INFO - [2024-12-28T00:17:03.998+0000] {dag.py:4180} INFO - Setting next_dagrun for dataset_alias_example_alias_producer_with_no_taskflow to None, run_after=None
[2024-12-28T00:17:04.002+0000] {logging_mixin.py:190} INFO - [2024-12-28T00:17:04.002+0000] {dag.py:4180} INFO - Setting next_dagrun for dataset_s3_bucket_consumer_with_no_taskflow to None, run_after=None
[2024-12-28T00:17:04.005+0000] {logging_mixin.py:190} INFO - [2024-12-28T00:17:04.005+0000] {dag.py:4180} INFO - Setting next_dagrun for dataset_s3_bucket_producer_with_no_taskflow to None, run_after=None
[2024-12-28T00:17:04.049+0000] {processor.py:208} INFO - Processing /home/airflow/.local/lib/python3.12/site-packages/airflow/example_dags/example_dataset_alias_with_no_taskflow.py took 0.823 seconds
[2024-12-28T00:17:34.903+0000] {processor.py:186} INFO - Started process (PID=29976) to work on /home/airflow/.local/lib/python3.12/site-packages/airflow/example_dags/example_dataset_alias_with_no_taskflow.py
[2024-12-28T00:17:34.904+0000] {processor.py:914} INFO - Processing file /home/airflow/.local/lib/python3.12/site-packages/airflow/example_dags/example_dataset_alias_with_no_taskflow.py for tasks to queue
[2024-12-28T00:17:34.906+0000] {logging_mixin.py:190} INFO - [2024-12-28T00:17:34.906+0000] {dagbag.py:588} INFO - Filling up the DagBag from /home/airflow/.local/lib/python3.12/site-packages/airflow/example_dags/example_dataset_alias_with_no_taskflow.py
[2024-12-28T00:17:35.610+0000] {processor.py:925} INFO - DAG(s) 'dataset_s3_bucket_consumer_with_no_taskflow', 'dataset_alias_example_alias_consumer_with_no_taskflow', 'dataset_s3_bucket_producer_with_no_taskflow', 'dataset_alias_example_alias_producer_with_no_taskflow' retrieved from /home/airflow/.local/lib/python3.12/site-packages/airflow/example_dags/example_dataset_alias_with_no_taskflow.py
[2024-12-28T00:17:35.647+0000] {logging_mixin.py:190} INFO - [2024-12-28T00:17:35.646+0000] {dag.py:3239} INFO - Sync 4 DAGs
[2024-12-28T00:17:35.677+0000] {logging_mixin.py:190} INFO - [2024-12-28T00:17:35.677+0000] {dag.py:4180} INFO - Setting next_dagrun for dataset_alias_example_alias_consumer_with_no_taskflow to None, run_after=None
[2024-12-28T00:17:35.681+0000] {logging_mixin.py:190} INFO - [2024-12-28T00:17:35.681+0000] {dag.py:4180} INFO - Setting next_dagrun for dataset_alias_example_alias_producer_with_no_taskflow to None, run_after=None
[2024-12-28T00:17:35.687+0000] {logging_mixin.py:190} INFO - [2024-12-28T00:17:35.686+0000] {dag.py:4180} INFO - Setting next_dagrun for dataset_s3_bucket_consumer_with_no_taskflow to None, run_after=None
[2024-12-28T00:17:35.690+0000] {logging_mixin.py:190} INFO - [2024-12-28T00:17:35.689+0000] {dag.py:4180} INFO - Setting next_dagrun for dataset_s3_bucket_producer_with_no_taskflow to None, run_after=None
[2024-12-28T00:17:35.726+0000] {processor.py:208} INFO - Processing /home/airflow/.local/lib/python3.12/site-packages/airflow/example_dags/example_dataset_alias_with_no_taskflow.py took 0.829 seconds
[2024-12-28T00:18:05.896+0000] {processor.py:186} INFO - Started process (PID=30041) to work on /home/airflow/.local/lib/python3.12/site-packages/airflow/example_dags/example_dataset_alias_with_no_taskflow.py
[2024-12-28T00:18:05.898+0000] {processor.py:914} INFO - Processing file /home/airflow/.local/lib/python3.12/site-packages/airflow/example_dags/example_dataset_alias_with_no_taskflow.py for tasks to queue
[2024-12-28T00:18:05.900+0000] {logging_mixin.py:190} INFO - [2024-12-28T00:18:05.900+0000] {dagbag.py:588} INFO - Filling up the DagBag from /home/airflow/.local/lib/python3.12/site-packages/airflow/example_dags/example_dataset_alias_with_no_taskflow.py
[2024-12-28T00:18:06.617+0000] {processor.py:925} INFO - DAG(s) 'dataset_s3_bucket_producer_with_no_taskflow', 'dataset_alias_example_alias_producer_with_no_taskflow', 'dataset_alias_example_alias_consumer_with_no_taskflow', 'dataset_s3_bucket_consumer_with_no_taskflow' retrieved from /home/airflow/.local/lib/python3.12/site-packages/airflow/example_dags/example_dataset_alias_with_no_taskflow.py
[2024-12-28T00:18:06.648+0000] {logging_mixin.py:190} INFO - [2024-12-28T00:18:06.648+0000] {dag.py:3239} INFO - Sync 4 DAGs
[2024-12-28T00:18:06.675+0000] {logging_mixin.py:190} INFO - [2024-12-28T00:18:06.675+0000] {dag.py:4180} INFO - Setting next_dagrun for dataset_alias_example_alias_consumer_with_no_taskflow to None, run_after=None
[2024-12-28T00:18:06.679+0000] {logging_mixin.py:190} INFO - [2024-12-28T00:18:06.679+0000] {dag.py:4180} INFO - Setting next_dagrun for dataset_alias_example_alias_producer_with_no_taskflow to None, run_after=None
[2024-12-28T00:18:06.683+0000] {logging_mixin.py:190} INFO - [2024-12-28T00:18:06.683+0000] {dag.py:4180} INFO - Setting next_dagrun for dataset_s3_bucket_consumer_with_no_taskflow to None, run_after=None
[2024-12-28T00:18:06.685+0000] {logging_mixin.py:190} INFO - [2024-12-28T00:18:06.685+0000] {dag.py:4180} INFO - Setting next_dagrun for dataset_s3_bucket_producer_with_no_taskflow to None, run_after=None
[2024-12-28T00:18:06.725+0000] {processor.py:208} INFO - Processing /home/airflow/.local/lib/python3.12/site-packages/airflow/example_dags/example_dataset_alias_with_no_taskflow.py took 0.836 seconds
[2024-12-28T00:18:37.286+0000] {processor.py:186} INFO - Started process (PID=30106) to work on /home/airflow/.local/lib/python3.12/site-packages/airflow/example_dags/example_dataset_alias_with_no_taskflow.py
[2024-12-28T00:18:37.288+0000] {processor.py:914} INFO - Processing file /home/airflow/.local/lib/python3.12/site-packages/airflow/example_dags/example_dataset_alias_with_no_taskflow.py for tasks to queue
[2024-12-28T00:18:37.290+0000] {logging_mixin.py:190} INFO - [2024-12-28T00:18:37.289+0000] {dagbag.py:588} INFO - Filling up the DagBag from /home/airflow/.local/lib/python3.12/site-packages/airflow/example_dags/example_dataset_alias_with_no_taskflow.py
[2024-12-28T00:18:37.952+0000] {processor.py:925} INFO - DAG(s) 'dataset_alias_example_alias_consumer_with_no_taskflow', 'dataset_s3_bucket_consumer_with_no_taskflow', 'dataset_alias_example_alias_producer_with_no_taskflow', 'dataset_s3_bucket_producer_with_no_taskflow' retrieved from /home/airflow/.local/lib/python3.12/site-packages/airflow/example_dags/example_dataset_alias_with_no_taskflow.py
[2024-12-28T00:18:37.984+0000] {logging_mixin.py:190} INFO - [2024-12-28T00:18:37.983+0000] {dag.py:3239} INFO - Sync 4 DAGs
[2024-12-28T00:18:38.010+0000] {logging_mixin.py:190} INFO - [2024-12-28T00:18:38.010+0000] {dag.py:4180} INFO - Setting next_dagrun for dataset_alias_example_alias_consumer_with_no_taskflow to None, run_after=None
[2024-12-28T00:18:38.016+0000] {logging_mixin.py:190} INFO - [2024-12-28T00:18:38.016+0000] {dag.py:4180} INFO - Setting next_dagrun for dataset_alias_example_alias_producer_with_no_taskflow to None, run_after=None
[2024-12-28T00:18:38.020+0000] {logging_mixin.py:190} INFO - [2024-12-28T00:18:38.019+0000] {dag.py:4180} INFO - Setting next_dagrun for dataset_s3_bucket_consumer_with_no_taskflow to None, run_after=None
[2024-12-28T00:18:38.023+0000] {logging_mixin.py:190} INFO - [2024-12-28T00:18:38.023+0000] {dag.py:4180} INFO - Setting next_dagrun for dataset_s3_bucket_producer_with_no_taskflow to None, run_after=None
[2024-12-28T00:18:38.061+0000] {processor.py:208} INFO - Processing /home/airflow/.local/lib/python3.12/site-packages/airflow/example_dags/example_dataset_alias_with_no_taskflow.py took 0.780 seconds
[2024-12-28T00:19:08.335+0000] {processor.py:186} INFO - Started process (PID=30170) to work on /home/airflow/.local/lib/python3.12/site-packages/airflow/example_dags/example_dataset_alias_with_no_taskflow.py
[2024-12-28T00:19:08.337+0000] {processor.py:914} INFO - Processing file /home/airflow/.local/lib/python3.12/site-packages/airflow/example_dags/example_dataset_alias_with_no_taskflow.py for tasks to queue
[2024-12-28T00:19:08.339+0000] {logging_mixin.py:190} INFO - [2024-12-28T00:19:08.338+0000] {dagbag.py:588} INFO - Filling up the DagBag from /home/airflow/.local/lib/python3.12/site-packages/airflow/example_dags/example_dataset_alias_with_no_taskflow.py
[2024-12-28T00:19:08.947+0000] {processor.py:925} INFO - DAG(s) 'dataset_s3_bucket_producer_with_no_taskflow', 'dataset_alias_example_alias_consumer_with_no_taskflow', 'dataset_alias_example_alias_producer_with_no_taskflow', 'dataset_s3_bucket_consumer_with_no_taskflow' retrieved from /home/airflow/.local/lib/python3.12/site-packages/airflow/example_dags/example_dataset_alias_with_no_taskflow.py
[2024-12-28T00:19:08.977+0000] {logging_mixin.py:190} INFO - [2024-12-28T00:19:08.977+0000] {dag.py:3239} INFO - Sync 4 DAGs
[2024-12-28T00:19:09.004+0000] {logging_mixin.py:190} INFO - [2024-12-28T00:19:09.003+0000] {dag.py:4180} INFO - Setting next_dagrun for dataset_alias_example_alias_consumer_with_no_taskflow to None, run_after=None
[2024-12-28T00:19:09.008+0000] {logging_mixin.py:190} INFO - [2024-12-28T00:19:09.008+0000] {dag.py:4180} INFO - Setting next_dagrun for dataset_alias_example_alias_producer_with_no_taskflow to None, run_after=None
[2024-12-28T00:19:09.014+0000] {logging_mixin.py:190} INFO - [2024-12-28T00:19:09.014+0000] {dag.py:4180} INFO - Setting next_dagrun for dataset_s3_bucket_consumer_with_no_taskflow to None, run_after=None
[2024-12-28T00:19:09.017+0000] {logging_mixin.py:190} INFO - [2024-12-28T00:19:09.016+0000] {dag.py:4180} INFO - Setting next_dagrun for dataset_s3_bucket_producer_with_no_taskflow to None, run_after=None
[2024-12-28T00:19:09.050+0000] {processor.py:208} INFO - Processing /home/airflow/.local/lib/python3.12/site-packages/airflow/example_dags/example_dataset_alias_with_no_taskflow.py took 0.721 seconds
[2024-12-28T00:19:39.500+0000] {processor.py:186} INFO - Started process (PID=30234) to work on /home/airflow/.local/lib/python3.12/site-packages/airflow/example_dags/example_dataset_alias_with_no_taskflow.py
[2024-12-28T00:19:39.501+0000] {processor.py:914} INFO - Processing file /home/airflow/.local/lib/python3.12/site-packages/airflow/example_dags/example_dataset_alias_with_no_taskflow.py for tasks to queue
[2024-12-28T00:19:39.504+0000] {logging_mixin.py:190} INFO - [2024-12-28T00:19:39.503+0000] {dagbag.py:588} INFO - Filling up the DagBag from /home/airflow/.local/lib/python3.12/site-packages/airflow/example_dags/example_dataset_alias_with_no_taskflow.py
[2024-12-28T00:19:40.152+0000] {processor.py:925} INFO - DAG(s) 'dataset_alias_example_alias_producer_with_no_taskflow', 'dataset_s3_bucket_producer_with_no_taskflow', 'dataset_alias_example_alias_consumer_with_no_taskflow', 'dataset_s3_bucket_consumer_with_no_taskflow' retrieved from /home/airflow/.local/lib/python3.12/site-packages/airflow/example_dags/example_dataset_alias_with_no_taskflow.py
[2024-12-28T00:19:40.184+0000] {logging_mixin.py:190} INFO - [2024-12-28T00:19:40.183+0000] {dag.py:3239} INFO - Sync 4 DAGs
[2024-12-28T00:19:40.212+0000] {logging_mixin.py:190} INFO - [2024-12-28T00:19:40.211+0000] {dag.py:4180} INFO - Setting next_dagrun for dataset_alias_example_alias_consumer_with_no_taskflow to None, run_after=None
[2024-12-28T00:19:40.216+0000] {logging_mixin.py:190} INFO - [2024-12-28T00:19:40.216+0000] {dag.py:4180} INFO - Setting next_dagrun for dataset_alias_example_alias_producer_with_no_taskflow to None, run_after=None
[2024-12-28T00:19:40.220+0000] {logging_mixin.py:190} INFO - [2024-12-28T00:19:40.219+0000] {dag.py:4180} INFO - Setting next_dagrun for dataset_s3_bucket_consumer_with_no_taskflow to None, run_after=None
[2024-12-28T00:19:40.223+0000] {logging_mixin.py:190} INFO - [2024-12-28T00:19:40.223+0000] {dag.py:4180} INFO - Setting next_dagrun for dataset_s3_bucket_producer_with_no_taskflow to None, run_after=None
[2024-12-28T00:19:40.257+0000] {processor.py:208} INFO - Processing /home/airflow/.local/lib/python3.12/site-packages/airflow/example_dags/example_dataset_alias_with_no_taskflow.py took 0.762 seconds
[2024-12-28T00:20:10.954+0000] {processor.py:186} INFO - Started process (PID=30299) to work on /home/airflow/.local/lib/python3.12/site-packages/airflow/example_dags/example_dataset_alias_with_no_taskflow.py
[2024-12-28T00:20:10.955+0000] {processor.py:914} INFO - Processing file /home/airflow/.local/lib/python3.12/site-packages/airflow/example_dags/example_dataset_alias_with_no_taskflow.py for tasks to queue
[2024-12-28T00:20:10.957+0000] {logging_mixin.py:190} INFO - [2024-12-28T00:20:10.957+0000] {dagbag.py:588} INFO - Filling up the DagBag from /home/airflow/.local/lib/python3.12/site-packages/airflow/example_dags/example_dataset_alias_with_no_taskflow.py
[2024-12-28T00:20:11.579+0000] {processor.py:925} INFO - DAG(s) 'dataset_s3_bucket_producer_with_no_taskflow', 'dataset_alias_example_alias_producer_with_no_taskflow', 'dataset_s3_bucket_consumer_with_no_taskflow', 'dataset_alias_example_alias_consumer_with_no_taskflow' retrieved from /home/airflow/.local/lib/python3.12/site-packages/airflow/example_dags/example_dataset_alias_with_no_taskflow.py
[2024-12-28T00:20:11.610+0000] {logging_mixin.py:190} INFO - [2024-12-28T00:20:11.610+0000] {dag.py:3239} INFO - Sync 4 DAGs
[2024-12-28T00:20:11.636+0000] {logging_mixin.py:190} INFO - [2024-12-28T00:20:11.636+0000] {dag.py:4180} INFO - Setting next_dagrun for dataset_alias_example_alias_consumer_with_no_taskflow to None, run_after=None
[2024-12-28T00:20:11.641+0000] {logging_mixin.py:190} INFO - [2024-12-28T00:20:11.641+0000] {dag.py:4180} INFO - Setting next_dagrun for dataset_alias_example_alias_producer_with_no_taskflow to None, run_after=None
[2024-12-28T00:20:11.644+0000] {logging_mixin.py:190} INFO - [2024-12-28T00:20:11.643+0000] {dag.py:4180} INFO - Setting next_dagrun for dataset_s3_bucket_consumer_with_no_taskflow to None, run_after=None
[2024-12-28T00:20:11.647+0000] {logging_mixin.py:190} INFO - [2024-12-28T00:20:11.646+0000] {dag.py:4180} INFO - Setting next_dagrun for dataset_s3_bucket_producer_with_no_taskflow to None, run_after=None
[2024-12-28T00:20:11.681+0000] {processor.py:208} INFO - Processing /home/airflow/.local/lib/python3.12/site-packages/airflow/example_dags/example_dataset_alias_with_no_taskflow.py took 0.733 seconds
[2024-12-28T00:20:42.174+0000] {processor.py:186} INFO - Started process (PID=30363) to work on /home/airflow/.local/lib/python3.12/site-packages/airflow/example_dags/example_dataset_alias_with_no_taskflow.py
[2024-12-28T00:20:42.175+0000] {processor.py:914} INFO - Processing file /home/airflow/.local/lib/python3.12/site-packages/airflow/example_dags/example_dataset_alias_with_no_taskflow.py for tasks to queue
[2024-12-28T00:20:42.177+0000] {logging_mixin.py:190} INFO - [2024-12-28T00:20:42.176+0000] {dagbag.py:588} INFO - Filling up the DagBag from /home/airflow/.local/lib/python3.12/site-packages/airflow/example_dags/example_dataset_alias_with_no_taskflow.py
[2024-12-28T00:20:42.715+0000] {processor.py:925} INFO - DAG(s) 'dataset_alias_example_alias_consumer_with_no_taskflow', 'dataset_alias_example_alias_producer_with_no_taskflow', 'dataset_s3_bucket_producer_with_no_taskflow', 'dataset_s3_bucket_consumer_with_no_taskflow' retrieved from /home/airflow/.local/lib/python3.12/site-packages/airflow/example_dags/example_dataset_alias_with_no_taskflow.py
[2024-12-28T00:20:42.741+0000] {logging_mixin.py:190} INFO - [2024-12-28T00:20:42.741+0000] {dag.py:3239} INFO - Sync 4 DAGs
[2024-12-28T00:20:42.767+0000] {logging_mixin.py:190} INFO - [2024-12-28T00:20:42.767+0000] {dag.py:4180} INFO - Setting next_dagrun for dataset_alias_example_alias_consumer_with_no_taskflow to None, run_after=None
[2024-12-28T00:20:42.772+0000] {logging_mixin.py:190} INFO - [2024-12-28T00:20:42.772+0000] {dag.py:4180} INFO - Setting next_dagrun for dataset_alias_example_alias_producer_with_no_taskflow to None, run_after=None
[2024-12-28T00:20:42.775+0000] {logging_mixin.py:190} INFO - [2024-12-28T00:20:42.775+0000] {dag.py:4180} INFO - Setting next_dagrun for dataset_s3_bucket_consumer_with_no_taskflow to None, run_after=None
[2024-12-28T00:20:42.777+0000] {logging_mixin.py:190} INFO - [2024-12-28T00:20:42.777+0000] {dag.py:4180} INFO - Setting next_dagrun for dataset_s3_bucket_producer_with_no_taskflow to None, run_after=None
[2024-12-28T00:20:42.810+0000] {processor.py:208} INFO - Processing /home/airflow/.local/lib/python3.12/site-packages/airflow/example_dags/example_dataset_alias_with_no_taskflow.py took 0.642 seconds
[2024-12-28T00:21:13.385+0000] {processor.py:186} INFO - Started process (PID=30427) to work on /home/airflow/.local/lib/python3.12/site-packages/airflow/example_dags/example_dataset_alias_with_no_taskflow.py
[2024-12-28T00:21:13.387+0000] {processor.py:914} INFO - Processing file /home/airflow/.local/lib/python3.12/site-packages/airflow/example_dags/example_dataset_alias_with_no_taskflow.py for tasks to queue
[2024-12-28T00:21:13.388+0000] {logging_mixin.py:190} INFO - [2024-12-28T00:21:13.388+0000] {dagbag.py:588} INFO - Filling up the DagBag from /home/airflow/.local/lib/python3.12/site-packages/airflow/example_dags/example_dataset_alias_with_no_taskflow.py
[2024-12-28T00:21:14.003+0000] {processor.py:925} INFO - DAG(s) 'dataset_alias_example_alias_consumer_with_no_taskflow', 'dataset_alias_example_alias_producer_with_no_taskflow', 'dataset_s3_bucket_producer_with_no_taskflow', 'dataset_s3_bucket_consumer_with_no_taskflow' retrieved from /home/airflow/.local/lib/python3.12/site-packages/airflow/example_dags/example_dataset_alias_with_no_taskflow.py
[2024-12-28T00:21:14.034+0000] {logging_mixin.py:190} INFO - [2024-12-28T00:21:14.033+0000] {dag.py:3239} INFO - Sync 4 DAGs
[2024-12-28T00:21:14.060+0000] {logging_mixin.py:190} INFO - [2024-12-28T00:21:14.059+0000] {dag.py:4180} INFO - Setting next_dagrun for dataset_alias_example_alias_consumer_with_no_taskflow to None, run_after=None
[2024-12-28T00:21:14.064+0000] {logging_mixin.py:190} INFO - [2024-12-28T00:21:14.064+0000] {dag.py:4180} INFO - Setting next_dagrun for dataset_alias_example_alias_producer_with_no_taskflow to None, run_after=None
[2024-12-28T00:21:14.068+0000] {logging_mixin.py:190} INFO - [2024-12-28T00:21:14.068+0000] {dag.py:4180} INFO - Setting next_dagrun for dataset_s3_bucket_consumer_with_no_taskflow to None, run_after=None
[2024-12-28T00:21:14.071+0000] {logging_mixin.py:190} INFO - [2024-12-28T00:21:14.070+0000] {dag.py:4180} INFO - Setting next_dagrun for dataset_s3_bucket_producer_with_no_taskflow to None, run_after=None
[2024-12-28T00:21:14.104+0000] {processor.py:208} INFO - Processing /home/airflow/.local/lib/python3.12/site-packages/airflow/example_dags/example_dataset_alias_with_no_taskflow.py took 0.723 seconds
[2024-12-28T00:21:44.768+0000] {processor.py:186} INFO - Started process (PID=30491) to work on /home/airflow/.local/lib/python3.12/site-packages/airflow/example_dags/example_dataset_alias_with_no_taskflow.py
[2024-12-28T00:21:44.769+0000] {processor.py:914} INFO - Processing file /home/airflow/.local/lib/python3.12/site-packages/airflow/example_dags/example_dataset_alias_with_no_taskflow.py for tasks to queue
[2024-12-28T00:21:44.771+0000] {logging_mixin.py:190} INFO - [2024-12-28T00:21:44.770+0000] {dagbag.py:588} INFO - Filling up the DagBag from /home/airflow/.local/lib/python3.12/site-packages/airflow/example_dags/example_dataset_alias_with_no_taskflow.py
[2024-12-28T00:21:45.337+0000] {processor.py:925} INFO - DAG(s) 'dataset_alias_example_alias_producer_with_no_taskflow', 'dataset_alias_example_alias_consumer_with_no_taskflow', 'dataset_s3_bucket_consumer_with_no_taskflow', 'dataset_s3_bucket_producer_with_no_taskflow' retrieved from /home/airflow/.local/lib/python3.12/site-packages/airflow/example_dags/example_dataset_alias_with_no_taskflow.py
[2024-12-28T00:21:45.366+0000] {logging_mixin.py:190} INFO - [2024-12-28T00:21:45.365+0000] {dag.py:3239} INFO - Sync 4 DAGs
[2024-12-28T00:21:45.390+0000] {logging_mixin.py:190} INFO - [2024-12-28T00:21:45.389+0000] {dag.py:4180} INFO - Setting next_dagrun for dataset_alias_example_alias_consumer_with_no_taskflow to None, run_after=None
[2024-12-28T00:21:45.394+0000] {logging_mixin.py:190} INFO - [2024-12-28T00:21:45.394+0000] {dag.py:4180} INFO - Setting next_dagrun for dataset_alias_example_alias_producer_with_no_taskflow to None, run_after=None
[2024-12-28T00:21:45.399+0000] {logging_mixin.py:190} INFO - [2024-12-28T00:21:45.398+0000] {dag.py:4180} INFO - Setting next_dagrun for dataset_s3_bucket_consumer_with_no_taskflow to None, run_after=None
[2024-12-28T00:21:45.402+0000] {logging_mixin.py:190} INFO - [2024-12-28T00:21:45.402+0000] {dag.py:4180} INFO - Setting next_dagrun for dataset_s3_bucket_producer_with_no_taskflow to None, run_after=None
[2024-12-28T00:21:45.439+0000] {processor.py:208} INFO - Processing /home/airflow/.local/lib/python3.12/site-packages/airflow/example_dags/example_dataset_alias_with_no_taskflow.py took 0.677 seconds
[2024-12-28T00:22:16.015+0000] {processor.py:186} INFO - Started process (PID=30555) to work on /home/airflow/.local/lib/python3.12/site-packages/airflow/example_dags/example_dataset_alias_with_no_taskflow.py
[2024-12-28T00:22:16.017+0000] {processor.py:914} INFO - Processing file /home/airflow/.local/lib/python3.12/site-packages/airflow/example_dags/example_dataset_alias_with_no_taskflow.py for tasks to queue
[2024-12-28T00:22:16.019+0000] {logging_mixin.py:190} INFO - [2024-12-28T00:22:16.019+0000] {dagbag.py:588} INFO - Filling up the DagBag from /home/airflow/.local/lib/python3.12/site-packages/airflow/example_dags/example_dataset_alias_with_no_taskflow.py
[2024-12-28T00:22:16.887+0000] {processor.py:925} INFO - DAG(s) 'dataset_s3_bucket_producer_with_no_taskflow', 'dataset_alias_example_alias_producer_with_no_taskflow', 'dataset_alias_example_alias_consumer_with_no_taskflow', 'dataset_s3_bucket_consumer_with_no_taskflow' retrieved from /home/airflow/.local/lib/python3.12/site-packages/airflow/example_dags/example_dataset_alias_with_no_taskflow.py
[2024-12-28T00:22:16.929+0000] {logging_mixin.py:190} INFO - [2024-12-28T00:22:16.928+0000] {dag.py:3239} INFO - Sync 4 DAGs
[2024-12-28T00:22:16.958+0000] {logging_mixin.py:190} INFO - [2024-12-28T00:22:16.957+0000] {dag.py:4180} INFO - Setting next_dagrun for dataset_alias_example_alias_consumer_with_no_taskflow to None, run_after=None
[2024-12-28T00:22:16.962+0000] {logging_mixin.py:190} INFO - [2024-12-28T00:22:16.962+0000] {dag.py:4180} INFO - Setting next_dagrun for dataset_alias_example_alias_producer_with_no_taskflow to None, run_after=None
[2024-12-28T00:22:16.966+0000] {logging_mixin.py:190} INFO - [2024-12-28T00:22:16.966+0000] {dag.py:4180} INFO - Setting next_dagrun for dataset_s3_bucket_consumer_with_no_taskflow to None, run_after=None
[2024-12-28T00:22:16.968+0000] {logging_mixin.py:190} INFO - [2024-12-28T00:22:16.968+0000] {dag.py:4180} INFO - Setting next_dagrun for dataset_s3_bucket_producer_with_no_taskflow to None, run_after=None
[2024-12-28T00:22:17.000+0000] {processor.py:208} INFO - Processing /home/airflow/.local/lib/python3.12/site-packages/airflow/example_dags/example_dataset_alias_with_no_taskflow.py took 0.991 seconds
