[2024-12-28T00:00:11.916+0000] {processor.py:186} INFO - Started process (PID=27782) to work on /home/airflow/.local/lib/python3.12/site-packages/airflow/example_dags/example_kubernetes_executor.py
[2024-12-28T00:00:11.918+0000] {processor.py:914} INFO - Processing file /home/airflow/.local/lib/python3.12/site-packages/airflow/example_dags/example_kubernetes_executor.py for tasks to queue
[2024-12-28T00:00:11.921+0000] {logging_mixin.py:190} INFO - [2024-12-28T00:00:11.920+0000] {dagbag.py:588} INFO - Filling up the DagBag from /home/airflow/.local/lib/python3.12/site-packages/airflow/example_dags/example_kubernetes_executor.py
[2024-12-28T00:00:11.937+0000] {processor.py:925} INFO - DAG(s) 'example_kubernetes_executor' retrieved from /home/airflow/.local/lib/python3.12/site-packages/airflow/example_dags/example_kubernetes_executor.py
[2024-12-28T00:00:11.974+0000] {logging_mixin.py:190} INFO - [2024-12-28T00:00:11.974+0000] {dag.py:3239} INFO - Sync 1 DAGs
[2024-12-28T00:00:11.991+0000] {logging_mixin.py:190} INFO - [2024-12-28T00:00:11.991+0000] {dag.py:4180} INFO - Setting next_dagrun for example_kubernetes_executor to None, run_after=None
[2024-12-28T00:00:12.021+0000] {processor.py:208} INFO - Processing /home/airflow/.local/lib/python3.12/site-packages/airflow/example_dags/example_kubernetes_executor.py took 0.111 seconds
[2024-12-28T00:00:42.956+0000] {processor.py:186} INFO - Started process (PID=27846) to work on /home/airflow/.local/lib/python3.12/site-packages/airflow/example_dags/example_kubernetes_executor.py
[2024-12-28T00:00:42.958+0000] {processor.py:914} INFO - Processing file /home/airflow/.local/lib/python3.12/site-packages/airflow/example_dags/example_kubernetes_executor.py for tasks to queue
[2024-12-28T00:00:42.960+0000] {logging_mixin.py:190} INFO - [2024-12-28T00:00:42.959+0000] {dagbag.py:588} INFO - Filling up the DagBag from /home/airflow/.local/lib/python3.12/site-packages/airflow/example_dags/example_kubernetes_executor.py
[2024-12-28T00:00:42.973+0000] {processor.py:925} INFO - DAG(s) 'example_kubernetes_executor' retrieved from /home/airflow/.local/lib/python3.12/site-packages/airflow/example_dags/example_kubernetes_executor.py
[2024-12-28T00:00:43.001+0000] {logging_mixin.py:190} INFO - [2024-12-28T00:00:43.001+0000] {dag.py:3239} INFO - Sync 1 DAGs
[2024-12-28T00:00:43.019+0000] {logging_mixin.py:190} INFO - [2024-12-28T00:00:43.018+0000] {dag.py:4180} INFO - Setting next_dagrun for example_kubernetes_executor to None, run_after=None
[2024-12-28T00:00:43.046+0000] {processor.py:208} INFO - Processing /home/airflow/.local/lib/python3.12/site-packages/airflow/example_dags/example_kubernetes_executor.py took 0.095 seconds
[2024-12-28T00:01:13.998+0000] {processor.py:186} INFO - Started process (PID=27910) to work on /home/airflow/.local/lib/python3.12/site-packages/airflow/example_dags/example_kubernetes_executor.py
[2024-12-28T00:01:13.999+0000] {processor.py:914} INFO - Processing file /home/airflow/.local/lib/python3.12/site-packages/airflow/example_dags/example_kubernetes_executor.py for tasks to queue
[2024-12-28T00:01:14.001+0000] {logging_mixin.py:190} INFO - [2024-12-28T00:01:14.001+0000] {dagbag.py:588} INFO - Filling up the DagBag from /home/airflow/.local/lib/python3.12/site-packages/airflow/example_dags/example_kubernetes_executor.py
[2024-12-28T00:01:14.015+0000] {processor.py:925} INFO - DAG(s) 'example_kubernetes_executor' retrieved from /home/airflow/.local/lib/python3.12/site-packages/airflow/example_dags/example_kubernetes_executor.py
[2024-12-28T00:01:14.053+0000] {logging_mixin.py:190} INFO - [2024-12-28T00:01:14.053+0000] {dag.py:3239} INFO - Sync 1 DAGs
[2024-12-28T00:01:14.069+0000] {logging_mixin.py:190} INFO - [2024-12-28T00:01:14.069+0000] {dag.py:4180} INFO - Setting next_dagrun for example_kubernetes_executor to None, run_after=None
[2024-12-28T00:01:14.109+0000] {processor.py:208} INFO - Processing /home/airflow/.local/lib/python3.12/site-packages/airflow/example_dags/example_kubernetes_executor.py took 0.116 seconds
[2024-12-28T00:01:45.114+0000] {processor.py:186} INFO - Started process (PID=27974) to work on /home/airflow/.local/lib/python3.12/site-packages/airflow/example_dags/example_kubernetes_executor.py
[2024-12-28T00:01:45.116+0000] {processor.py:914} INFO - Processing file /home/airflow/.local/lib/python3.12/site-packages/airflow/example_dags/example_kubernetes_executor.py for tasks to queue
[2024-12-28T00:01:45.119+0000] {logging_mixin.py:190} INFO - [2024-12-28T00:01:45.118+0000] {dagbag.py:588} INFO - Filling up the DagBag from /home/airflow/.local/lib/python3.12/site-packages/airflow/example_dags/example_kubernetes_executor.py
[2024-12-28T00:01:45.138+0000] {processor.py:925} INFO - DAG(s) 'example_kubernetes_executor' retrieved from /home/airflow/.local/lib/python3.12/site-packages/airflow/example_dags/example_kubernetes_executor.py
[2024-12-28T00:01:45.170+0000] {logging_mixin.py:190} INFO - [2024-12-28T00:01:45.170+0000] {dag.py:3239} INFO - Sync 1 DAGs
[2024-12-28T00:01:45.192+0000] {logging_mixin.py:190} INFO - [2024-12-28T00:01:45.192+0000] {dag.py:4180} INFO - Setting next_dagrun for example_kubernetes_executor to None, run_after=None
[2024-12-28T00:01:45.221+0000] {processor.py:208} INFO - Processing /home/airflow/.local/lib/python3.12/site-packages/airflow/example_dags/example_kubernetes_executor.py took 0.113 seconds
[2024-12-28T00:02:15.597+0000] {processor.py:186} INFO - Started process (PID=28037) to work on /home/airflow/.local/lib/python3.12/site-packages/airflow/example_dags/example_kubernetes_executor.py
[2024-12-28T00:02:15.599+0000] {processor.py:914} INFO - Processing file /home/airflow/.local/lib/python3.12/site-packages/airflow/example_dags/example_kubernetes_executor.py for tasks to queue
[2024-12-28T00:02:15.603+0000] {logging_mixin.py:190} INFO - [2024-12-28T00:02:15.602+0000] {dagbag.py:588} INFO - Filling up the DagBag from /home/airflow/.local/lib/python3.12/site-packages/airflow/example_dags/example_kubernetes_executor.py
[2024-12-28T00:02:15.628+0000] {processor.py:925} INFO - DAG(s) 'example_kubernetes_executor' retrieved from /home/airflow/.local/lib/python3.12/site-packages/airflow/example_dags/example_kubernetes_executor.py
[2024-12-28T00:02:15.683+0000] {logging_mixin.py:190} INFO - [2024-12-28T00:02:15.682+0000] {dag.py:3239} INFO - Sync 1 DAGs
[2024-12-28T00:02:15.702+0000] {logging_mixin.py:190} INFO - [2024-12-28T00:02:15.701+0000] {dag.py:4180} INFO - Setting next_dagrun for example_kubernetes_executor to None, run_after=None
[2024-12-28T00:02:15.741+0000] {processor.py:208} INFO - Processing /home/airflow/.local/lib/python3.12/site-packages/airflow/example_dags/example_kubernetes_executor.py took 0.155 seconds
[2024-12-28T00:02:46.045+0000] {processor.py:186} INFO - Started process (PID=28101) to work on /home/airflow/.local/lib/python3.12/site-packages/airflow/example_dags/example_kubernetes_executor.py
[2024-12-28T00:02:46.046+0000] {processor.py:914} INFO - Processing file /home/airflow/.local/lib/python3.12/site-packages/airflow/example_dags/example_kubernetes_executor.py for tasks to queue
[2024-12-28T00:02:46.048+0000] {logging_mixin.py:190} INFO - [2024-12-28T00:02:46.048+0000] {dagbag.py:588} INFO - Filling up the DagBag from /home/airflow/.local/lib/python3.12/site-packages/airflow/example_dags/example_kubernetes_executor.py
[2024-12-28T00:02:46.063+0000] {processor.py:925} INFO - DAG(s) 'example_kubernetes_executor' retrieved from /home/airflow/.local/lib/python3.12/site-packages/airflow/example_dags/example_kubernetes_executor.py
[2024-12-28T00:02:46.092+0000] {logging_mixin.py:190} INFO - [2024-12-28T00:02:46.092+0000] {dag.py:3239} INFO - Sync 1 DAGs
[2024-12-28T00:02:46.112+0000] {logging_mixin.py:190} INFO - [2024-12-28T00:02:46.112+0000] {dag.py:4180} INFO - Setting next_dagrun for example_kubernetes_executor to None, run_after=None
[2024-12-28T00:02:46.152+0000] {processor.py:208} INFO - Processing /home/airflow/.local/lib/python3.12/site-packages/airflow/example_dags/example_kubernetes_executor.py took 0.112 seconds
[2024-12-28T00:03:16.337+0000] {processor.py:186} INFO - Started process (PID=28165) to work on /home/airflow/.local/lib/python3.12/site-packages/airflow/example_dags/example_kubernetes_executor.py
[2024-12-28T00:03:16.339+0000] {processor.py:914} INFO - Processing file /home/airflow/.local/lib/python3.12/site-packages/airflow/example_dags/example_kubernetes_executor.py for tasks to queue
[2024-12-28T00:03:16.341+0000] {logging_mixin.py:190} INFO - [2024-12-28T00:03:16.341+0000] {dagbag.py:588} INFO - Filling up the DagBag from /home/airflow/.local/lib/python3.12/site-packages/airflow/example_dags/example_kubernetes_executor.py
[2024-12-28T00:03:16.357+0000] {processor.py:925} INFO - DAG(s) 'example_kubernetes_executor' retrieved from /home/airflow/.local/lib/python3.12/site-packages/airflow/example_dags/example_kubernetes_executor.py
[2024-12-28T00:03:16.391+0000] {logging_mixin.py:190} INFO - [2024-12-28T00:03:16.391+0000] {dag.py:3239} INFO - Sync 1 DAGs
[2024-12-28T00:03:16.409+0000] {logging_mixin.py:190} INFO - [2024-12-28T00:03:16.409+0000] {dag.py:4180} INFO - Setting next_dagrun for example_kubernetes_executor to None, run_after=None
[2024-12-28T00:03:16.438+0000] {processor.py:208} INFO - Processing /home/airflow/.local/lib/python3.12/site-packages/airflow/example_dags/example_kubernetes_executor.py took 0.107 seconds
[2024-12-28T00:03:46.702+0000] {processor.py:186} INFO - Started process (PID=28229) to work on /home/airflow/.local/lib/python3.12/site-packages/airflow/example_dags/example_kubernetes_executor.py
[2024-12-28T00:03:46.703+0000] {processor.py:914} INFO - Processing file /home/airflow/.local/lib/python3.12/site-packages/airflow/example_dags/example_kubernetes_executor.py for tasks to queue
[2024-12-28T00:03:46.705+0000] {logging_mixin.py:190} INFO - [2024-12-28T00:03:46.705+0000] {dagbag.py:588} INFO - Filling up the DagBag from /home/airflow/.local/lib/python3.12/site-packages/airflow/example_dags/example_kubernetes_executor.py
[2024-12-28T00:03:46.719+0000] {processor.py:925} INFO - DAG(s) 'example_kubernetes_executor' retrieved from /home/airflow/.local/lib/python3.12/site-packages/airflow/example_dags/example_kubernetes_executor.py
[2024-12-28T00:03:46.749+0000] {logging_mixin.py:190} INFO - [2024-12-28T00:03:46.748+0000] {dag.py:3239} INFO - Sync 1 DAGs
[2024-12-28T00:03:46.767+0000] {logging_mixin.py:190} INFO - [2024-12-28T00:03:46.767+0000] {dag.py:4180} INFO - Setting next_dagrun for example_kubernetes_executor to None, run_after=None
[2024-12-28T00:03:46.793+0000] {processor.py:208} INFO - Processing /home/airflow/.local/lib/python3.12/site-packages/airflow/example_dags/example_kubernetes_executor.py took 0.096 seconds
[2024-12-28T00:04:17.175+0000] {processor.py:186} INFO - Started process (PID=28293) to work on /home/airflow/.local/lib/python3.12/site-packages/airflow/example_dags/example_kubernetes_executor.py
[2024-12-28T00:04:17.177+0000] {processor.py:914} INFO - Processing file /home/airflow/.local/lib/python3.12/site-packages/airflow/example_dags/example_kubernetes_executor.py for tasks to queue
[2024-12-28T00:04:17.178+0000] {logging_mixin.py:190} INFO - [2024-12-28T00:04:17.178+0000] {dagbag.py:588} INFO - Filling up the DagBag from /home/airflow/.local/lib/python3.12/site-packages/airflow/example_dags/example_kubernetes_executor.py
[2024-12-28T00:04:17.197+0000] {processor.py:925} INFO - DAG(s) 'example_kubernetes_executor' retrieved from /home/airflow/.local/lib/python3.12/site-packages/airflow/example_dags/example_kubernetes_executor.py
[2024-12-28T00:04:17.231+0000] {logging_mixin.py:190} INFO - [2024-12-28T00:04:17.230+0000] {dag.py:3239} INFO - Sync 1 DAGs
[2024-12-28T00:04:17.251+0000] {logging_mixin.py:190} INFO - [2024-12-28T00:04:17.251+0000] {dag.py:4180} INFO - Setting next_dagrun for example_kubernetes_executor to None, run_after=None
[2024-12-28T00:04:17.288+0000] {processor.py:208} INFO - Processing /home/airflow/.local/lib/python3.12/site-packages/airflow/example_dags/example_kubernetes_executor.py took 0.118 seconds
[2024-12-28T00:04:47.363+0000] {processor.py:186} INFO - Started process (PID=28357) to work on /home/airflow/.local/lib/python3.12/site-packages/airflow/example_dags/example_kubernetes_executor.py
[2024-12-28T00:04:47.365+0000] {processor.py:914} INFO - Processing file /home/airflow/.local/lib/python3.12/site-packages/airflow/example_dags/example_kubernetes_executor.py for tasks to queue
[2024-12-28T00:04:47.367+0000] {logging_mixin.py:190} INFO - [2024-12-28T00:04:47.366+0000] {dagbag.py:588} INFO - Filling up the DagBag from /home/airflow/.local/lib/python3.12/site-packages/airflow/example_dags/example_kubernetes_executor.py
[2024-12-28T00:04:47.382+0000] {processor.py:925} INFO - DAG(s) 'example_kubernetes_executor' retrieved from /home/airflow/.local/lib/python3.12/site-packages/airflow/example_dags/example_kubernetes_executor.py
[2024-12-28T00:04:47.414+0000] {logging_mixin.py:190} INFO - [2024-12-28T00:04:47.414+0000] {dag.py:3239} INFO - Sync 1 DAGs
[2024-12-28T00:04:47.429+0000] {logging_mixin.py:190} INFO - [2024-12-28T00:04:47.429+0000] {dag.py:4180} INFO - Setting next_dagrun for example_kubernetes_executor to None, run_after=None
[2024-12-28T00:04:47.465+0000] {processor.py:208} INFO - Processing /home/airflow/.local/lib/python3.12/site-packages/airflow/example_dags/example_kubernetes_executor.py took 0.107 seconds
[2024-12-28T00:05:17.748+0000] {processor.py:186} INFO - Started process (PID=28422) to work on /home/airflow/.local/lib/python3.12/site-packages/airflow/example_dags/example_kubernetes_executor.py
[2024-12-28T00:05:17.749+0000] {processor.py:914} INFO - Processing file /home/airflow/.local/lib/python3.12/site-packages/airflow/example_dags/example_kubernetes_executor.py for tasks to queue
[2024-12-28T00:05:17.751+0000] {logging_mixin.py:190} INFO - [2024-12-28T00:05:17.751+0000] {dagbag.py:588} INFO - Filling up the DagBag from /home/airflow/.local/lib/python3.12/site-packages/airflow/example_dags/example_kubernetes_executor.py
[2024-12-28T00:05:17.767+0000] {processor.py:925} INFO - DAG(s) 'example_kubernetes_executor' retrieved from /home/airflow/.local/lib/python3.12/site-packages/airflow/example_dags/example_kubernetes_executor.py
[2024-12-28T00:05:17.802+0000] {logging_mixin.py:190} INFO - [2024-12-28T00:05:17.801+0000] {dag.py:3239} INFO - Sync 1 DAGs
[2024-12-28T00:05:17.819+0000] {logging_mixin.py:190} INFO - [2024-12-28T00:05:17.819+0000] {dag.py:4180} INFO - Setting next_dagrun for example_kubernetes_executor to None, run_after=None
[2024-12-28T00:05:17.851+0000] {processor.py:208} INFO - Processing /home/airflow/.local/lib/python3.12/site-packages/airflow/example_dags/example_kubernetes_executor.py took 0.109 seconds
[2024-12-28T00:05:47.978+0000] {processor.py:186} INFO - Started process (PID=28486) to work on /home/airflow/.local/lib/python3.12/site-packages/airflow/example_dags/example_kubernetes_executor.py
[2024-12-28T00:05:47.979+0000] {processor.py:914} INFO - Processing file /home/airflow/.local/lib/python3.12/site-packages/airflow/example_dags/example_kubernetes_executor.py for tasks to queue
[2024-12-28T00:05:47.981+0000] {logging_mixin.py:190} INFO - [2024-12-28T00:05:47.981+0000] {dagbag.py:588} INFO - Filling up the DagBag from /home/airflow/.local/lib/python3.12/site-packages/airflow/example_dags/example_kubernetes_executor.py
[2024-12-28T00:05:47.997+0000] {processor.py:925} INFO - DAG(s) 'example_kubernetes_executor' retrieved from /home/airflow/.local/lib/python3.12/site-packages/airflow/example_dags/example_kubernetes_executor.py
[2024-12-28T00:05:48.028+0000] {logging_mixin.py:190} INFO - [2024-12-28T00:05:48.027+0000] {dag.py:3239} INFO - Sync 1 DAGs
[2024-12-28T00:05:48.043+0000] {logging_mixin.py:190} INFO - [2024-12-28T00:05:48.043+0000] {dag.py:4180} INFO - Setting next_dagrun for example_kubernetes_executor to None, run_after=None
[2024-12-28T00:05:48.077+0000] {processor.py:208} INFO - Processing /home/airflow/.local/lib/python3.12/site-packages/airflow/example_dags/example_kubernetes_executor.py took 0.105 seconds
[2024-12-28T00:06:18.711+0000] {processor.py:186} INFO - Started process (PID=28556) to work on /home/airflow/.local/lib/python3.12/site-packages/airflow/example_dags/example_kubernetes_executor.py
[2024-12-28T00:06:18.713+0000] {processor.py:914} INFO - Processing file /home/airflow/.local/lib/python3.12/site-packages/airflow/example_dags/example_kubernetes_executor.py for tasks to queue
[2024-12-28T00:06:18.716+0000] {logging_mixin.py:190} INFO - [2024-12-28T00:06:18.715+0000] {dagbag.py:588} INFO - Filling up the DagBag from /home/airflow/.local/lib/python3.12/site-packages/airflow/example_dags/example_kubernetes_executor.py
[2024-12-28T00:06:18.735+0000] {processor.py:925} INFO - DAG(s) 'example_kubernetes_executor' retrieved from /home/airflow/.local/lib/python3.12/site-packages/airflow/example_dags/example_kubernetes_executor.py
[2024-12-28T00:06:18.774+0000] {logging_mixin.py:190} INFO - [2024-12-28T00:06:18.774+0000] {dag.py:3239} INFO - Sync 1 DAGs
[2024-12-28T00:06:18.794+0000] {logging_mixin.py:190} INFO - [2024-12-28T00:06:18.794+0000] {dag.py:4180} INFO - Setting next_dagrun for example_kubernetes_executor to None, run_after=None
[2024-12-28T00:06:18.828+0000] {processor.py:208} INFO - Processing /home/airflow/.local/lib/python3.12/site-packages/airflow/example_dags/example_kubernetes_executor.py took 0.123 seconds
[2024-12-28T00:06:49.705+0000] {processor.py:186} INFO - Started process (PID=28621) to work on /home/airflow/.local/lib/python3.12/site-packages/airflow/example_dags/example_kubernetes_executor.py
[2024-12-28T00:06:49.706+0000] {processor.py:914} INFO - Processing file /home/airflow/.local/lib/python3.12/site-packages/airflow/example_dags/example_kubernetes_executor.py for tasks to queue
[2024-12-28T00:06:49.707+0000] {logging_mixin.py:190} INFO - [2024-12-28T00:06:49.707+0000] {dagbag.py:588} INFO - Filling up the DagBag from /home/airflow/.local/lib/python3.12/site-packages/airflow/example_dags/example_kubernetes_executor.py
[2024-12-28T00:06:49.724+0000] {processor.py:925} INFO - DAG(s) 'example_kubernetes_executor' retrieved from /home/airflow/.local/lib/python3.12/site-packages/airflow/example_dags/example_kubernetes_executor.py
[2024-12-28T00:06:49.758+0000] {logging_mixin.py:190} INFO - [2024-12-28T00:06:49.758+0000] {dag.py:3239} INFO - Sync 1 DAGs
[2024-12-28T00:06:49.774+0000] {logging_mixin.py:190} INFO - [2024-12-28T00:06:49.774+0000] {dag.py:4180} INFO - Setting next_dagrun for example_kubernetes_executor to None, run_after=None
[2024-12-28T00:06:49.806+0000] {processor.py:208} INFO - Processing /home/airflow/.local/lib/python3.12/site-packages/airflow/example_dags/example_kubernetes_executor.py took 0.106 seconds
[2024-12-28T00:07:19.952+0000] {processor.py:186} INFO - Started process (PID=28685) to work on /home/airflow/.local/lib/python3.12/site-packages/airflow/example_dags/example_kubernetes_executor.py
[2024-12-28T00:07:19.954+0000] {processor.py:914} INFO - Processing file /home/airflow/.local/lib/python3.12/site-packages/airflow/example_dags/example_kubernetes_executor.py for tasks to queue
[2024-12-28T00:07:19.956+0000] {logging_mixin.py:190} INFO - [2024-12-28T00:07:19.955+0000] {dagbag.py:588} INFO - Filling up the DagBag from /home/airflow/.local/lib/python3.12/site-packages/airflow/example_dags/example_kubernetes_executor.py
[2024-12-28T00:07:19.973+0000] {processor.py:925} INFO - DAG(s) 'example_kubernetes_executor' retrieved from /home/airflow/.local/lib/python3.12/site-packages/airflow/example_dags/example_kubernetes_executor.py
[2024-12-28T00:07:20.019+0000] {logging_mixin.py:190} INFO - [2024-12-28T00:07:20.019+0000] {dag.py:3239} INFO - Sync 1 DAGs
[2024-12-28T00:07:20.040+0000] {logging_mixin.py:190} INFO - [2024-12-28T00:07:20.040+0000] {dag.py:4180} INFO - Setting next_dagrun for example_kubernetes_executor to None, run_after=None
[2024-12-28T00:07:20.071+0000] {processor.py:208} INFO - Processing /home/airflow/.local/lib/python3.12/site-packages/airflow/example_dags/example_kubernetes_executor.py took 0.125 seconds
[2024-12-28T00:07:50.142+0000] {processor.py:186} INFO - Started process (PID=28748) to work on /home/airflow/.local/lib/python3.12/site-packages/airflow/example_dags/example_kubernetes_executor.py
[2024-12-28T00:07:50.144+0000] {processor.py:914} INFO - Processing file /home/airflow/.local/lib/python3.12/site-packages/airflow/example_dags/example_kubernetes_executor.py for tasks to queue
[2024-12-28T00:07:50.146+0000] {logging_mixin.py:190} INFO - [2024-12-28T00:07:50.145+0000] {dagbag.py:588} INFO - Filling up the DagBag from /home/airflow/.local/lib/python3.12/site-packages/airflow/example_dags/example_kubernetes_executor.py
[2024-12-28T00:07:50.164+0000] {processor.py:925} INFO - DAG(s) 'example_kubernetes_executor' retrieved from /home/airflow/.local/lib/python3.12/site-packages/airflow/example_dags/example_kubernetes_executor.py
[2024-12-28T00:07:50.197+0000] {logging_mixin.py:190} INFO - [2024-12-28T00:07:50.196+0000] {dag.py:3239} INFO - Sync 1 DAGs
[2024-12-28T00:07:50.216+0000] {logging_mixin.py:190} INFO - [2024-12-28T00:07:50.215+0000] {dag.py:4180} INFO - Setting next_dagrun for example_kubernetes_executor to None, run_after=None
[2024-12-28T00:07:50.244+0000] {processor.py:208} INFO - Processing /home/airflow/.local/lib/python3.12/site-packages/airflow/example_dags/example_kubernetes_executor.py took 0.108 seconds
[2024-12-28T00:08:20.327+0000] {processor.py:186} INFO - Started process (PID=28812) to work on /home/airflow/.local/lib/python3.12/site-packages/airflow/example_dags/example_kubernetes_executor.py
[2024-12-28T00:08:20.329+0000] {processor.py:914} INFO - Processing file /home/airflow/.local/lib/python3.12/site-packages/airflow/example_dags/example_kubernetes_executor.py for tasks to queue
[2024-12-28T00:08:20.331+0000] {logging_mixin.py:190} INFO - [2024-12-28T00:08:20.331+0000] {dagbag.py:588} INFO - Filling up the DagBag from /home/airflow/.local/lib/python3.12/site-packages/airflow/example_dags/example_kubernetes_executor.py
[2024-12-28T00:08:20.351+0000] {processor.py:925} INFO - DAG(s) 'example_kubernetes_executor' retrieved from /home/airflow/.local/lib/python3.12/site-packages/airflow/example_dags/example_kubernetes_executor.py
[2024-12-28T00:08:20.389+0000] {logging_mixin.py:190} INFO - [2024-12-28T00:08:20.389+0000] {dag.py:3239} INFO - Sync 1 DAGs
[2024-12-28T00:08:20.410+0000] {logging_mixin.py:190} INFO - [2024-12-28T00:08:20.409+0000] {dag.py:4180} INFO - Setting next_dagrun for example_kubernetes_executor to None, run_after=None
[2024-12-28T00:08:20.445+0000] {processor.py:208} INFO - Processing /home/airflow/.local/lib/python3.12/site-packages/airflow/example_dags/example_kubernetes_executor.py took 0.125 seconds
[2024-12-28T00:08:50.612+0000] {processor.py:186} INFO - Started process (PID=28876) to work on /home/airflow/.local/lib/python3.12/site-packages/airflow/example_dags/example_kubernetes_executor.py
[2024-12-28T00:08:50.614+0000] {processor.py:914} INFO - Processing file /home/airflow/.local/lib/python3.12/site-packages/airflow/example_dags/example_kubernetes_executor.py for tasks to queue
[2024-12-28T00:08:50.616+0000] {logging_mixin.py:190} INFO - [2024-12-28T00:08:50.616+0000] {dagbag.py:588} INFO - Filling up the DagBag from /home/airflow/.local/lib/python3.12/site-packages/airflow/example_dags/example_kubernetes_executor.py
[2024-12-28T00:08:50.637+0000] {processor.py:925} INFO - DAG(s) 'example_kubernetes_executor' retrieved from /home/airflow/.local/lib/python3.12/site-packages/airflow/example_dags/example_kubernetes_executor.py
[2024-12-28T00:08:50.672+0000] {logging_mixin.py:190} INFO - [2024-12-28T00:08:50.672+0000] {dag.py:3239} INFO - Sync 1 DAGs
[2024-12-28T00:08:50.689+0000] {logging_mixin.py:190} INFO - [2024-12-28T00:08:50.688+0000] {dag.py:4180} INFO - Setting next_dagrun for example_kubernetes_executor to None, run_after=None
[2024-12-28T00:08:50.720+0000] {processor.py:208} INFO - Processing /home/airflow/.local/lib/python3.12/site-packages/airflow/example_dags/example_kubernetes_executor.py took 0.113 seconds
[2024-12-28T00:09:21.569+0000] {processor.py:186} INFO - Started process (PID=28941) to work on /home/airflow/.local/lib/python3.12/site-packages/airflow/example_dags/example_kubernetes_executor.py
[2024-12-28T00:09:21.570+0000] {processor.py:914} INFO - Processing file /home/airflow/.local/lib/python3.12/site-packages/airflow/example_dags/example_kubernetes_executor.py for tasks to queue
[2024-12-28T00:09:21.572+0000] {logging_mixin.py:190} INFO - [2024-12-28T00:09:21.572+0000] {dagbag.py:588} INFO - Filling up the DagBag from /home/airflow/.local/lib/python3.12/site-packages/airflow/example_dags/example_kubernetes_executor.py
[2024-12-28T00:09:21.589+0000] {processor.py:925} INFO - DAG(s) 'example_kubernetes_executor' retrieved from /home/airflow/.local/lib/python3.12/site-packages/airflow/example_dags/example_kubernetes_executor.py
[2024-12-28T00:09:21.619+0000] {logging_mixin.py:190} INFO - [2024-12-28T00:09:21.618+0000] {dag.py:3239} INFO - Sync 1 DAGs
[2024-12-28T00:09:21.634+0000] {logging_mixin.py:190} INFO - [2024-12-28T00:09:21.634+0000] {dag.py:4180} INFO - Setting next_dagrun for example_kubernetes_executor to None, run_after=None
[2024-12-28T00:09:21.661+0000] {processor.py:208} INFO - Processing /home/airflow/.local/lib/python3.12/site-packages/airflow/example_dags/example_kubernetes_executor.py took 0.097 seconds
[2024-12-28T00:09:52.327+0000] {processor.py:186} INFO - Started process (PID=29005) to work on /home/airflow/.local/lib/python3.12/site-packages/airflow/example_dags/example_kubernetes_executor.py
[2024-12-28T00:09:52.328+0000] {processor.py:914} INFO - Processing file /home/airflow/.local/lib/python3.12/site-packages/airflow/example_dags/example_kubernetes_executor.py for tasks to queue
[2024-12-28T00:09:52.331+0000] {logging_mixin.py:190} INFO - [2024-12-28T00:09:52.330+0000] {dagbag.py:588} INFO - Filling up the DagBag from /home/airflow/.local/lib/python3.12/site-packages/airflow/example_dags/example_kubernetes_executor.py
[2024-12-28T00:09:52.352+0000] {processor.py:925} INFO - DAG(s) 'example_kubernetes_executor' retrieved from /home/airflow/.local/lib/python3.12/site-packages/airflow/example_dags/example_kubernetes_executor.py
[2024-12-28T00:09:52.387+0000] {logging_mixin.py:190} INFO - [2024-12-28T00:09:52.387+0000] {dag.py:3239} INFO - Sync 1 DAGs
[2024-12-28T00:09:52.405+0000] {logging_mixin.py:190} INFO - [2024-12-28T00:09:52.405+0000] {dag.py:4180} INFO - Setting next_dagrun for example_kubernetes_executor to None, run_after=None
[2024-12-28T00:09:52.433+0000] {processor.py:208} INFO - Processing /home/airflow/.local/lib/python3.12/site-packages/airflow/example_dags/example_kubernetes_executor.py took 0.113 seconds
[2024-12-28T00:10:22.522+0000] {processor.py:186} INFO - Started process (PID=29069) to work on /home/airflow/.local/lib/python3.12/site-packages/airflow/example_dags/example_kubernetes_executor.py
[2024-12-28T00:10:22.523+0000] {processor.py:914} INFO - Processing file /home/airflow/.local/lib/python3.12/site-packages/airflow/example_dags/example_kubernetes_executor.py for tasks to queue
[2024-12-28T00:10:22.525+0000] {logging_mixin.py:190} INFO - [2024-12-28T00:10:22.524+0000] {dagbag.py:588} INFO - Filling up the DagBag from /home/airflow/.local/lib/python3.12/site-packages/airflow/example_dags/example_kubernetes_executor.py
[2024-12-28T00:10:22.539+0000] {processor.py:925} INFO - DAG(s) 'example_kubernetes_executor' retrieved from /home/airflow/.local/lib/python3.12/site-packages/airflow/example_dags/example_kubernetes_executor.py
[2024-12-28T00:10:22.568+0000] {logging_mixin.py:190} INFO - [2024-12-28T00:10:22.568+0000] {dag.py:3239} INFO - Sync 1 DAGs
[2024-12-28T00:10:22.583+0000] {logging_mixin.py:190} INFO - [2024-12-28T00:10:22.583+0000] {dag.py:4180} INFO - Setting next_dagrun for example_kubernetes_executor to None, run_after=None
[2024-12-28T00:10:22.612+0000] {processor.py:208} INFO - Processing /home/airflow/.local/lib/python3.12/site-packages/airflow/example_dags/example_kubernetes_executor.py took 0.096 seconds
[2024-12-28T00:10:53.096+0000] {processor.py:186} INFO - Started process (PID=29133) to work on /home/airflow/.local/lib/python3.12/site-packages/airflow/example_dags/example_kubernetes_executor.py
[2024-12-28T00:10:53.097+0000] {processor.py:914} INFO - Processing file /home/airflow/.local/lib/python3.12/site-packages/airflow/example_dags/example_kubernetes_executor.py for tasks to queue
[2024-12-28T00:10:53.099+0000] {logging_mixin.py:190} INFO - [2024-12-28T00:10:53.099+0000] {dagbag.py:588} INFO - Filling up the DagBag from /home/airflow/.local/lib/python3.12/site-packages/airflow/example_dags/example_kubernetes_executor.py
[2024-12-28T00:10:53.116+0000] {processor.py:925} INFO - DAG(s) 'example_kubernetes_executor' retrieved from /home/airflow/.local/lib/python3.12/site-packages/airflow/example_dags/example_kubernetes_executor.py
[2024-12-28T00:10:53.148+0000] {logging_mixin.py:190} INFO - [2024-12-28T00:10:53.148+0000] {dag.py:3239} INFO - Sync 1 DAGs
[2024-12-28T00:10:53.165+0000] {logging_mixin.py:190} INFO - [2024-12-28T00:10:53.165+0000] {dag.py:4180} INFO - Setting next_dagrun for example_kubernetes_executor to None, run_after=None
[2024-12-28T00:10:53.194+0000] {processor.py:208} INFO - Processing /home/airflow/.local/lib/python3.12/site-packages/airflow/example_dags/example_kubernetes_executor.py took 0.104 seconds
[2024-12-28T00:11:23.463+0000] {processor.py:186} INFO - Started process (PID=29197) to work on /home/airflow/.local/lib/python3.12/site-packages/airflow/example_dags/example_kubernetes_executor.py
[2024-12-28T00:11:23.464+0000] {processor.py:914} INFO - Processing file /home/airflow/.local/lib/python3.12/site-packages/airflow/example_dags/example_kubernetes_executor.py for tasks to queue
[2024-12-28T00:11:23.466+0000] {logging_mixin.py:190} INFO - [2024-12-28T00:11:23.465+0000] {dagbag.py:588} INFO - Filling up the DagBag from /home/airflow/.local/lib/python3.12/site-packages/airflow/example_dags/example_kubernetes_executor.py
[2024-12-28T00:11:23.482+0000] {processor.py:925} INFO - DAG(s) 'example_kubernetes_executor' retrieved from /home/airflow/.local/lib/python3.12/site-packages/airflow/example_dags/example_kubernetes_executor.py
[2024-12-28T00:11:23.511+0000] {logging_mixin.py:190} INFO - [2024-12-28T00:11:23.510+0000] {dag.py:3239} INFO - Sync 1 DAGs
[2024-12-28T00:11:23.529+0000] {logging_mixin.py:190} INFO - [2024-12-28T00:11:23.529+0000] {dag.py:4180} INFO - Setting next_dagrun for example_kubernetes_executor to None, run_after=None
[2024-12-28T00:11:23.564+0000] {processor.py:208} INFO - Processing /home/airflow/.local/lib/python3.12/site-packages/airflow/example_dags/example_kubernetes_executor.py took 0.106 seconds
[2024-12-28T00:11:53.821+0000] {processor.py:186} INFO - Started process (PID=29261) to work on /home/airflow/.local/lib/python3.12/site-packages/airflow/example_dags/example_kubernetes_executor.py
[2024-12-28T00:11:53.822+0000] {processor.py:914} INFO - Processing file /home/airflow/.local/lib/python3.12/site-packages/airflow/example_dags/example_kubernetes_executor.py for tasks to queue
[2024-12-28T00:11:53.824+0000] {logging_mixin.py:190} INFO - [2024-12-28T00:11:53.824+0000] {dagbag.py:588} INFO - Filling up the DagBag from /home/airflow/.local/lib/python3.12/site-packages/airflow/example_dags/example_kubernetes_executor.py
[2024-12-28T00:11:53.842+0000] {processor.py:925} INFO - DAG(s) 'example_kubernetes_executor' retrieved from /home/airflow/.local/lib/python3.12/site-packages/airflow/example_dags/example_kubernetes_executor.py
[2024-12-28T00:11:53.876+0000] {logging_mixin.py:190} INFO - [2024-12-28T00:11:53.875+0000] {dag.py:3239} INFO - Sync 1 DAGs
[2024-12-28T00:11:53.895+0000] {logging_mixin.py:190} INFO - [2024-12-28T00:11:53.895+0000] {dag.py:4180} INFO - Setting next_dagrun for example_kubernetes_executor to None, run_after=None
[2024-12-28T00:11:53.930+0000] {processor.py:208} INFO - Processing /home/airflow/.local/lib/python3.12/site-packages/airflow/example_dags/example_kubernetes_executor.py took 0.115 seconds
[2024-12-28T00:12:24.595+0000] {processor.py:186} INFO - Started process (PID=29325) to work on /home/airflow/.local/lib/python3.12/site-packages/airflow/example_dags/example_kubernetes_executor.py
[2024-12-28T00:12:24.596+0000] {processor.py:914} INFO - Processing file /home/airflow/.local/lib/python3.12/site-packages/airflow/example_dags/example_kubernetes_executor.py for tasks to queue
[2024-12-28T00:12:24.598+0000] {logging_mixin.py:190} INFO - [2024-12-28T00:12:24.598+0000] {dagbag.py:588} INFO - Filling up the DagBag from /home/airflow/.local/lib/python3.12/site-packages/airflow/example_dags/example_kubernetes_executor.py
[2024-12-28T00:12:24.617+0000] {processor.py:925} INFO - DAG(s) 'example_kubernetes_executor' retrieved from /home/airflow/.local/lib/python3.12/site-packages/airflow/example_dags/example_kubernetes_executor.py
[2024-12-28T00:12:24.653+0000] {logging_mixin.py:190} INFO - [2024-12-28T00:12:24.652+0000] {dag.py:3239} INFO - Sync 1 DAGs
[2024-12-28T00:12:24.670+0000] {logging_mixin.py:190} INFO - [2024-12-28T00:12:24.669+0000] {dag.py:4180} INFO - Setting next_dagrun for example_kubernetes_executor to None, run_after=None
[2024-12-28T00:12:24.698+0000] {processor.py:208} INFO - Processing /home/airflow/.local/lib/python3.12/site-packages/airflow/example_dags/example_kubernetes_executor.py took 0.109 seconds
[2024-12-28T00:12:54.962+0000] {processor.py:186} INFO - Started process (PID=29389) to work on /home/airflow/.local/lib/python3.12/site-packages/airflow/example_dags/example_kubernetes_executor.py
[2024-12-28T00:12:54.965+0000] {processor.py:914} INFO - Processing file /home/airflow/.local/lib/python3.12/site-packages/airflow/example_dags/example_kubernetes_executor.py for tasks to queue
[2024-12-28T00:12:54.968+0000] {logging_mixin.py:190} INFO - [2024-12-28T00:12:54.967+0000] {dagbag.py:588} INFO - Filling up the DagBag from /home/airflow/.local/lib/python3.12/site-packages/airflow/example_dags/example_kubernetes_executor.py
[2024-12-28T00:12:54.992+0000] {processor.py:925} INFO - DAG(s) 'example_kubernetes_executor' retrieved from /home/airflow/.local/lib/python3.12/site-packages/airflow/example_dags/example_kubernetes_executor.py
[2024-12-28T00:12:55.041+0000] {logging_mixin.py:190} INFO - [2024-12-28T00:12:55.041+0000] {dag.py:3239} INFO - Sync 1 DAGs
[2024-12-28T00:12:55.067+0000] {logging_mixin.py:190} INFO - [2024-12-28T00:12:55.067+0000] {dag.py:4180} INFO - Setting next_dagrun for example_kubernetes_executor to None, run_after=None
[2024-12-28T00:12:55.106+0000] {processor.py:208} INFO - Processing /home/airflow/.local/lib/python3.12/site-packages/airflow/example_dags/example_kubernetes_executor.py took 0.154 seconds
[2024-12-28T00:13:25.692+0000] {processor.py:186} INFO - Started process (PID=29453) to work on /home/airflow/.local/lib/python3.12/site-packages/airflow/example_dags/example_kubernetes_executor.py
[2024-12-28T00:13:25.694+0000] {processor.py:914} INFO - Processing file /home/airflow/.local/lib/python3.12/site-packages/airflow/example_dags/example_kubernetes_executor.py for tasks to queue
[2024-12-28T00:13:25.696+0000] {logging_mixin.py:190} INFO - [2024-12-28T00:13:25.695+0000] {dagbag.py:588} INFO - Filling up the DagBag from /home/airflow/.local/lib/python3.12/site-packages/airflow/example_dags/example_kubernetes_executor.py
[2024-12-28T00:13:25.714+0000] {processor.py:925} INFO - DAG(s) 'example_kubernetes_executor' retrieved from /home/airflow/.local/lib/python3.12/site-packages/airflow/example_dags/example_kubernetes_executor.py
[2024-12-28T00:13:25.752+0000] {logging_mixin.py:190} INFO - [2024-12-28T00:13:25.752+0000] {dag.py:3239} INFO - Sync 1 DAGs
[2024-12-28T00:13:25.769+0000] {logging_mixin.py:190} INFO - [2024-12-28T00:13:25.769+0000] {dag.py:4180} INFO - Setting next_dagrun for example_kubernetes_executor to None, run_after=None
[2024-12-28T00:13:25.798+0000] {processor.py:208} INFO - Processing /home/airflow/.local/lib/python3.12/site-packages/airflow/example_dags/example_kubernetes_executor.py took 0.114 seconds
[2024-12-28T00:13:56.238+0000] {processor.py:186} INFO - Started process (PID=29517) to work on /home/airflow/.local/lib/python3.12/site-packages/airflow/example_dags/example_kubernetes_executor.py
[2024-12-28T00:13:56.239+0000] {processor.py:914} INFO - Processing file /home/airflow/.local/lib/python3.12/site-packages/airflow/example_dags/example_kubernetes_executor.py for tasks to queue
[2024-12-28T00:13:56.241+0000] {logging_mixin.py:190} INFO - [2024-12-28T00:13:56.241+0000] {dagbag.py:588} INFO - Filling up the DagBag from /home/airflow/.local/lib/python3.12/site-packages/airflow/example_dags/example_kubernetes_executor.py
[2024-12-28T00:13:56.260+0000] {processor.py:925} INFO - DAG(s) 'example_kubernetes_executor' retrieved from /home/airflow/.local/lib/python3.12/site-packages/airflow/example_dags/example_kubernetes_executor.py
[2024-12-28T00:13:56.293+0000] {logging_mixin.py:190} INFO - [2024-12-28T00:13:56.292+0000] {dag.py:3239} INFO - Sync 1 DAGs
[2024-12-28T00:13:56.312+0000] {logging_mixin.py:190} INFO - [2024-12-28T00:13:56.311+0000] {dag.py:4180} INFO - Setting next_dagrun for example_kubernetes_executor to None, run_after=None
[2024-12-28T00:13:56.340+0000] {processor.py:208} INFO - Processing /home/airflow/.local/lib/python3.12/site-packages/airflow/example_dags/example_kubernetes_executor.py took 0.108 seconds
[2024-12-28T00:14:26.652+0000] {processor.py:186} INFO - Started process (PID=29580) to work on /home/airflow/.local/lib/python3.12/site-packages/airflow/example_dags/example_kubernetes_executor.py
[2024-12-28T00:14:26.653+0000] {processor.py:914} INFO - Processing file /home/airflow/.local/lib/python3.12/site-packages/airflow/example_dags/example_kubernetes_executor.py for tasks to queue
[2024-12-28T00:14:26.655+0000] {logging_mixin.py:190} INFO - [2024-12-28T00:14:26.655+0000] {dagbag.py:588} INFO - Filling up the DagBag from /home/airflow/.local/lib/python3.12/site-packages/airflow/example_dags/example_kubernetes_executor.py
[2024-12-28T00:14:26.671+0000] {processor.py:925} INFO - DAG(s) 'example_kubernetes_executor' retrieved from /home/airflow/.local/lib/python3.12/site-packages/airflow/example_dags/example_kubernetes_executor.py
[2024-12-28T00:14:26.711+0000] {logging_mixin.py:190} INFO - [2024-12-28T00:14:26.711+0000] {dag.py:3239} INFO - Sync 1 DAGs
[2024-12-28T00:14:26.729+0000] {logging_mixin.py:190} INFO - [2024-12-28T00:14:26.728+0000] {dag.py:4180} INFO - Setting next_dagrun for example_kubernetes_executor to None, run_after=None
[2024-12-28T00:14:26.761+0000] {processor.py:208} INFO - Processing /home/airflow/.local/lib/python3.12/site-packages/airflow/example_dags/example_kubernetes_executor.py took 0.115 seconds
[2024-12-28T00:14:57.547+0000] {processor.py:186} INFO - Started process (PID=29644) to work on /home/airflow/.local/lib/python3.12/site-packages/airflow/example_dags/example_kubernetes_executor.py
[2024-12-28T00:14:57.548+0000] {processor.py:914} INFO - Processing file /home/airflow/.local/lib/python3.12/site-packages/airflow/example_dags/example_kubernetes_executor.py for tasks to queue
[2024-12-28T00:14:57.550+0000] {logging_mixin.py:190} INFO - [2024-12-28T00:14:57.550+0000] {dagbag.py:588} INFO - Filling up the DagBag from /home/airflow/.local/lib/python3.12/site-packages/airflow/example_dags/example_kubernetes_executor.py
[2024-12-28T00:14:57.567+0000] {processor.py:925} INFO - DAG(s) 'example_kubernetes_executor' retrieved from /home/airflow/.local/lib/python3.12/site-packages/airflow/example_dags/example_kubernetes_executor.py
[2024-12-28T00:14:57.597+0000] {logging_mixin.py:190} INFO - [2024-12-28T00:14:57.597+0000] {dag.py:3239} INFO - Sync 1 DAGs
[2024-12-28T00:14:57.613+0000] {logging_mixin.py:190} INFO - [2024-12-28T00:14:57.613+0000] {dag.py:4180} INFO - Setting next_dagrun for example_kubernetes_executor to None, run_after=None
[2024-12-28T00:14:57.644+0000] {processor.py:208} INFO - Processing /home/airflow/.local/lib/python3.12/site-packages/airflow/example_dags/example_kubernetes_executor.py took 0.102 seconds
[2024-12-28T00:15:28.670+0000] {processor.py:186} INFO - Started process (PID=29708) to work on /home/airflow/.local/lib/python3.12/site-packages/airflow/example_dags/example_kubernetes_executor.py
[2024-12-28T00:15:28.672+0000] {processor.py:914} INFO - Processing file /home/airflow/.local/lib/python3.12/site-packages/airflow/example_dags/example_kubernetes_executor.py for tasks to queue
[2024-12-28T00:15:28.673+0000] {logging_mixin.py:190} INFO - [2024-12-28T00:15:28.673+0000] {dagbag.py:588} INFO - Filling up the DagBag from /home/airflow/.local/lib/python3.12/site-packages/airflow/example_dags/example_kubernetes_executor.py
[2024-12-28T00:15:28.689+0000] {processor.py:925} INFO - DAG(s) 'example_kubernetes_executor' retrieved from /home/airflow/.local/lib/python3.12/site-packages/airflow/example_dags/example_kubernetes_executor.py
[2024-12-28T00:15:28.722+0000] {logging_mixin.py:190} INFO - [2024-12-28T00:15:28.722+0000] {dag.py:3239} INFO - Sync 1 DAGs
[2024-12-28T00:15:28.739+0000] {logging_mixin.py:190} INFO - [2024-12-28T00:15:28.739+0000] {dag.py:4180} INFO - Setting next_dagrun for example_kubernetes_executor to None, run_after=None
[2024-12-28T00:15:28.768+0000] {processor.py:208} INFO - Processing /home/airflow/.local/lib/python3.12/site-packages/airflow/example_dags/example_kubernetes_executor.py took 0.104 seconds
[2024-12-28T00:15:59.214+0000] {processor.py:186} INFO - Started process (PID=29770) to work on /home/airflow/.local/lib/python3.12/site-packages/airflow/example_dags/example_kubernetes_executor.py
[2024-12-28T00:15:59.215+0000] {processor.py:914} INFO - Processing file /home/airflow/.local/lib/python3.12/site-packages/airflow/example_dags/example_kubernetes_executor.py for tasks to queue
[2024-12-28T00:15:59.217+0000] {logging_mixin.py:190} INFO - [2024-12-28T00:15:59.217+0000] {dagbag.py:588} INFO - Filling up the DagBag from /home/airflow/.local/lib/python3.12/site-packages/airflow/example_dags/example_kubernetes_executor.py
[2024-12-28T00:15:59.232+0000] {processor.py:925} INFO - DAG(s) 'example_kubernetes_executor' retrieved from /home/airflow/.local/lib/python3.12/site-packages/airflow/example_dags/example_kubernetes_executor.py
[2024-12-28T00:15:59.268+0000] {logging_mixin.py:190} INFO - [2024-12-28T00:15:59.267+0000] {dag.py:3239} INFO - Sync 1 DAGs
[2024-12-28T00:15:59.291+0000] {logging_mixin.py:190} INFO - [2024-12-28T00:15:59.291+0000] {dag.py:4180} INFO - Setting next_dagrun for example_kubernetes_executor to None, run_after=None
[2024-12-28T00:15:59.318+0000] {processor.py:208} INFO - Processing /home/airflow/.local/lib/python3.12/site-packages/airflow/example_dags/example_kubernetes_executor.py took 0.109 seconds
[2024-12-28T00:16:29.849+0000] {processor.py:186} INFO - Started process (PID=29834) to work on /home/airflow/.local/lib/python3.12/site-packages/airflow/example_dags/example_kubernetes_executor.py
[2024-12-28T00:16:29.850+0000] {processor.py:914} INFO - Processing file /home/airflow/.local/lib/python3.12/site-packages/airflow/example_dags/example_kubernetes_executor.py for tasks to queue
[2024-12-28T00:16:29.852+0000] {logging_mixin.py:190} INFO - [2024-12-28T00:16:29.851+0000] {dagbag.py:588} INFO - Filling up the DagBag from /home/airflow/.local/lib/python3.12/site-packages/airflow/example_dags/example_kubernetes_executor.py
[2024-12-28T00:16:29.867+0000] {processor.py:925} INFO - DAG(s) 'example_kubernetes_executor' retrieved from /home/airflow/.local/lib/python3.12/site-packages/airflow/example_dags/example_kubernetes_executor.py
[2024-12-28T00:16:29.899+0000] {logging_mixin.py:190} INFO - [2024-12-28T00:16:29.898+0000] {dag.py:3239} INFO - Sync 1 DAGs
[2024-12-28T00:16:29.915+0000] {logging_mixin.py:190} INFO - [2024-12-28T00:16:29.915+0000] {dag.py:4180} INFO - Setting next_dagrun for example_kubernetes_executor to None, run_after=None
[2024-12-28T00:16:29.942+0000] {processor.py:208} INFO - Processing /home/airflow/.local/lib/python3.12/site-packages/airflow/example_dags/example_kubernetes_executor.py took 0.098 seconds
[2024-12-28T00:17:00.602+0000] {processor.py:186} INFO - Started process (PID=29899) to work on /home/airflow/.local/lib/python3.12/site-packages/airflow/example_dags/example_kubernetes_executor.py
[2024-12-28T00:17:00.603+0000] {processor.py:914} INFO - Processing file /home/airflow/.local/lib/python3.12/site-packages/airflow/example_dags/example_kubernetes_executor.py for tasks to queue
[2024-12-28T00:17:00.606+0000] {logging_mixin.py:190} INFO - [2024-12-28T00:17:00.605+0000] {dagbag.py:588} INFO - Filling up the DagBag from /home/airflow/.local/lib/python3.12/site-packages/airflow/example_dags/example_kubernetes_executor.py
[2024-12-28T00:17:00.620+0000] {processor.py:925} INFO - DAG(s) 'example_kubernetes_executor' retrieved from /home/airflow/.local/lib/python3.12/site-packages/airflow/example_dags/example_kubernetes_executor.py
[2024-12-28T00:17:00.649+0000] {logging_mixin.py:190} INFO - [2024-12-28T00:17:00.649+0000] {dag.py:3239} INFO - Sync 1 DAGs
[2024-12-28T00:17:00.665+0000] {logging_mixin.py:190} INFO - [2024-12-28T00:17:00.665+0000] {dag.py:4180} INFO - Setting next_dagrun for example_kubernetes_executor to None, run_after=None
[2024-12-28T00:17:00.694+0000] {processor.py:208} INFO - Processing /home/airflow/.local/lib/python3.12/site-packages/airflow/example_dags/example_kubernetes_executor.py took 0.097 seconds
[2024-12-28T00:17:31.530+0000] {processor.py:186} INFO - Started process (PID=29963) to work on /home/airflow/.local/lib/python3.12/site-packages/airflow/example_dags/example_kubernetes_executor.py
[2024-12-28T00:17:31.532+0000] {processor.py:914} INFO - Processing file /home/airflow/.local/lib/python3.12/site-packages/airflow/example_dags/example_kubernetes_executor.py for tasks to queue
[2024-12-28T00:17:31.534+0000] {logging_mixin.py:190} INFO - [2024-12-28T00:17:31.533+0000] {dagbag.py:588} INFO - Filling up the DagBag from /home/airflow/.local/lib/python3.12/site-packages/airflow/example_dags/example_kubernetes_executor.py
[2024-12-28T00:17:31.548+0000] {processor.py:925} INFO - DAG(s) 'example_kubernetes_executor' retrieved from /home/airflow/.local/lib/python3.12/site-packages/airflow/example_dags/example_kubernetes_executor.py
[2024-12-28T00:17:31.576+0000] {logging_mixin.py:190} INFO - [2024-12-28T00:17:31.576+0000] {dag.py:3239} INFO - Sync 1 DAGs
[2024-12-28T00:17:31.592+0000] {logging_mixin.py:190} INFO - [2024-12-28T00:17:31.592+0000] {dag.py:4180} INFO - Setting next_dagrun for example_kubernetes_executor to None, run_after=None
[2024-12-28T00:17:31.620+0000] {processor.py:208} INFO - Processing /home/airflow/.local/lib/python3.12/site-packages/airflow/example_dags/example_kubernetes_executor.py took 0.095 seconds
[2024-12-28T00:18:02.264+0000] {processor.py:186} INFO - Started process (PID=30027) to work on /home/airflow/.local/lib/python3.12/site-packages/airflow/example_dags/example_kubernetes_executor.py
[2024-12-28T00:18:02.266+0000] {processor.py:914} INFO - Processing file /home/airflow/.local/lib/python3.12/site-packages/airflow/example_dags/example_kubernetes_executor.py for tasks to queue
[2024-12-28T00:18:02.268+0000] {logging_mixin.py:190} INFO - [2024-12-28T00:18:02.267+0000] {dagbag.py:588} INFO - Filling up the DagBag from /home/airflow/.local/lib/python3.12/site-packages/airflow/example_dags/example_kubernetes_executor.py
[2024-12-28T00:18:02.282+0000] {processor.py:925} INFO - DAG(s) 'example_kubernetes_executor' retrieved from /home/airflow/.local/lib/python3.12/site-packages/airflow/example_dags/example_kubernetes_executor.py
[2024-12-28T00:18:02.310+0000] {logging_mixin.py:190} INFO - [2024-12-28T00:18:02.310+0000] {dag.py:3239} INFO - Sync 1 DAGs
[2024-12-28T00:18:02.326+0000] {logging_mixin.py:190} INFO - [2024-12-28T00:18:02.326+0000] {dag.py:4180} INFO - Setting next_dagrun for example_kubernetes_executor to None, run_after=None
[2024-12-28T00:18:02.354+0000] {processor.py:208} INFO - Processing /home/airflow/.local/lib/python3.12/site-packages/airflow/example_dags/example_kubernetes_executor.py took 0.096 seconds
[2024-12-28T00:18:32.643+0000] {processor.py:186} INFO - Started process (PID=30091) to work on /home/airflow/.local/lib/python3.12/site-packages/airflow/example_dags/example_kubernetes_executor.py
[2024-12-28T00:18:32.645+0000] {processor.py:914} INFO - Processing file /home/airflow/.local/lib/python3.12/site-packages/airflow/example_dags/example_kubernetes_executor.py for tasks to queue
[2024-12-28T00:18:32.647+0000] {logging_mixin.py:190} INFO - [2024-12-28T00:18:32.647+0000] {dagbag.py:588} INFO - Filling up the DagBag from /home/airflow/.local/lib/python3.12/site-packages/airflow/example_dags/example_kubernetes_executor.py
[2024-12-28T00:18:32.663+0000] {processor.py:925} INFO - DAG(s) 'example_kubernetes_executor' retrieved from /home/airflow/.local/lib/python3.12/site-packages/airflow/example_dags/example_kubernetes_executor.py
[2024-12-28T00:18:32.703+0000] {logging_mixin.py:190} INFO - [2024-12-28T00:18:32.702+0000] {dag.py:3239} INFO - Sync 1 DAGs
[2024-12-28T00:18:32.718+0000] {logging_mixin.py:190} INFO - [2024-12-28T00:18:32.718+0000] {dag.py:4180} INFO - Setting next_dagrun for example_kubernetes_executor to None, run_after=None
[2024-12-28T00:18:32.746+0000] {processor.py:208} INFO - Processing /home/airflow/.local/lib/python3.12/site-packages/airflow/example_dags/example_kubernetes_executor.py took 0.108 seconds
[2024-12-28T00:19:03.169+0000] {processor.py:186} INFO - Started process (PID=30155) to work on /home/airflow/.local/lib/python3.12/site-packages/airflow/example_dags/example_kubernetes_executor.py
[2024-12-28T00:19:03.170+0000] {processor.py:914} INFO - Processing file /home/airflow/.local/lib/python3.12/site-packages/airflow/example_dags/example_kubernetes_executor.py for tasks to queue
[2024-12-28T00:19:03.171+0000] {logging_mixin.py:190} INFO - [2024-12-28T00:19:03.171+0000] {dagbag.py:588} INFO - Filling up the DagBag from /home/airflow/.local/lib/python3.12/site-packages/airflow/example_dags/example_kubernetes_executor.py
[2024-12-28T00:19:03.185+0000] {processor.py:925} INFO - DAG(s) 'example_kubernetes_executor' retrieved from /home/airflow/.local/lib/python3.12/site-packages/airflow/example_dags/example_kubernetes_executor.py
[2024-12-28T00:19:03.216+0000] {logging_mixin.py:190} INFO - [2024-12-28T00:19:03.216+0000] {dag.py:3239} INFO - Sync 1 DAGs
[2024-12-28T00:19:03.238+0000] {logging_mixin.py:190} INFO - [2024-12-28T00:19:03.238+0000] {dag.py:4180} INFO - Setting next_dagrun for example_kubernetes_executor to None, run_after=None
[2024-12-28T00:19:03.272+0000] {processor.py:208} INFO - Processing /home/airflow/.local/lib/python3.12/site-packages/airflow/example_dags/example_kubernetes_executor.py took 0.108 seconds
[2024-12-28T00:19:33.813+0000] {processor.py:186} INFO - Started process (PID=30219) to work on /home/airflow/.local/lib/python3.12/site-packages/airflow/example_dags/example_kubernetes_executor.py
[2024-12-28T00:19:33.814+0000] {processor.py:914} INFO - Processing file /home/airflow/.local/lib/python3.12/site-packages/airflow/example_dags/example_kubernetes_executor.py for tasks to queue
[2024-12-28T00:19:33.816+0000] {logging_mixin.py:190} INFO - [2024-12-28T00:19:33.815+0000] {dagbag.py:588} INFO - Filling up the DagBag from /home/airflow/.local/lib/python3.12/site-packages/airflow/example_dags/example_kubernetes_executor.py
[2024-12-28T00:19:33.829+0000] {processor.py:925} INFO - DAG(s) 'example_kubernetes_executor' retrieved from /home/airflow/.local/lib/python3.12/site-packages/airflow/example_dags/example_kubernetes_executor.py
[2024-12-28T00:19:33.861+0000] {logging_mixin.py:190} INFO - [2024-12-28T00:19:33.861+0000] {dag.py:3239} INFO - Sync 1 DAGs
[2024-12-28T00:19:33.876+0000] {logging_mixin.py:190} INFO - [2024-12-28T00:19:33.876+0000] {dag.py:4180} INFO - Setting next_dagrun for example_kubernetes_executor to None, run_after=None
[2024-12-28T00:19:33.902+0000] {processor.py:208} INFO - Processing /home/airflow/.local/lib/python3.12/site-packages/airflow/example_dags/example_kubernetes_executor.py took 0.095 seconds
[2024-12-28T00:20:04.219+0000] {processor.py:186} INFO - Started process (PID=30284) to work on /home/airflow/.local/lib/python3.12/site-packages/airflow/example_dags/example_kubernetes_executor.py
[2024-12-28T00:20:04.220+0000] {processor.py:914} INFO - Processing file /home/airflow/.local/lib/python3.12/site-packages/airflow/example_dags/example_kubernetes_executor.py for tasks to queue
[2024-12-28T00:20:04.222+0000] {logging_mixin.py:190} INFO - [2024-12-28T00:20:04.221+0000] {dagbag.py:588} INFO - Filling up the DagBag from /home/airflow/.local/lib/python3.12/site-packages/airflow/example_dags/example_kubernetes_executor.py
[2024-12-28T00:20:04.236+0000] {processor.py:925} INFO - DAG(s) 'example_kubernetes_executor' retrieved from /home/airflow/.local/lib/python3.12/site-packages/airflow/example_dags/example_kubernetes_executor.py
[2024-12-28T00:20:04.265+0000] {logging_mixin.py:190} INFO - [2024-12-28T00:20:04.264+0000] {dag.py:3239} INFO - Sync 1 DAGs
[2024-12-28T00:20:04.281+0000] {logging_mixin.py:190} INFO - [2024-12-28T00:20:04.281+0000] {dag.py:4180} INFO - Setting next_dagrun for example_kubernetes_executor to None, run_after=None
[2024-12-28T00:20:04.314+0000] {processor.py:208} INFO - Processing /home/airflow/.local/lib/python3.12/site-packages/airflow/example_dags/example_kubernetes_executor.py took 0.103 seconds
[2024-12-28T00:20:34.422+0000] {processor.py:186} INFO - Started process (PID=30348) to work on /home/airflow/.local/lib/python3.12/site-packages/airflow/example_dags/example_kubernetes_executor.py
[2024-12-28T00:20:34.423+0000] {processor.py:914} INFO - Processing file /home/airflow/.local/lib/python3.12/site-packages/airflow/example_dags/example_kubernetes_executor.py for tasks to queue
[2024-12-28T00:20:34.425+0000] {logging_mixin.py:190} INFO - [2024-12-28T00:20:34.424+0000] {dagbag.py:588} INFO - Filling up the DagBag from /home/airflow/.local/lib/python3.12/site-packages/airflow/example_dags/example_kubernetes_executor.py
[2024-12-28T00:20:34.441+0000] {processor.py:925} INFO - DAG(s) 'example_kubernetes_executor' retrieved from /home/airflow/.local/lib/python3.12/site-packages/airflow/example_dags/example_kubernetes_executor.py
[2024-12-28T00:20:34.474+0000] {logging_mixin.py:190} INFO - [2024-12-28T00:20:34.474+0000] {dag.py:3239} INFO - Sync 1 DAGs
[2024-12-28T00:20:34.491+0000] {logging_mixin.py:190} INFO - [2024-12-28T00:20:34.491+0000] {dag.py:4180} INFO - Setting next_dagrun for example_kubernetes_executor to None, run_after=None
[2024-12-28T00:20:34.520+0000] {processor.py:208} INFO - Processing /home/airflow/.local/lib/python3.12/site-packages/airflow/example_dags/example_kubernetes_executor.py took 0.104 seconds
[2024-12-28T00:21:05.753+0000] {processor.py:186} INFO - Started process (PID=30412) to work on /home/airflow/.local/lib/python3.12/site-packages/airflow/example_dags/example_kubernetes_executor.py
[2024-12-28T00:21:05.755+0000] {processor.py:914} INFO - Processing file /home/airflow/.local/lib/python3.12/site-packages/airflow/example_dags/example_kubernetes_executor.py for tasks to queue
[2024-12-28T00:21:05.758+0000] {logging_mixin.py:190} INFO - [2024-12-28T00:21:05.757+0000] {dagbag.py:588} INFO - Filling up the DagBag from /home/airflow/.local/lib/python3.12/site-packages/airflow/example_dags/example_kubernetes_executor.py
[2024-12-28T00:21:05.773+0000] {processor.py:925} INFO - DAG(s) 'example_kubernetes_executor' retrieved from /home/airflow/.local/lib/python3.12/site-packages/airflow/example_dags/example_kubernetes_executor.py
[2024-12-28T00:21:05.809+0000] {logging_mixin.py:190} INFO - [2024-12-28T00:21:05.808+0000] {dag.py:3239} INFO - Sync 1 DAGs
[2024-12-28T00:21:05.826+0000] {logging_mixin.py:190} INFO - [2024-12-28T00:21:05.826+0000] {dag.py:4180} INFO - Setting next_dagrun for example_kubernetes_executor to None, run_after=None
[2024-12-28T00:21:05.855+0000] {processor.py:208} INFO - Processing /home/airflow/.local/lib/python3.12/site-packages/airflow/example_dags/example_kubernetes_executor.py took 0.107 seconds
[2024-12-28T00:21:37.161+0000] {processor.py:186} INFO - Started process (PID=30476) to work on /home/airflow/.local/lib/python3.12/site-packages/airflow/example_dags/example_kubernetes_executor.py
[2024-12-28T00:21:37.163+0000] {processor.py:914} INFO - Processing file /home/airflow/.local/lib/python3.12/site-packages/airflow/example_dags/example_kubernetes_executor.py for tasks to queue
[2024-12-28T00:21:37.165+0000] {logging_mixin.py:190} INFO - [2024-12-28T00:21:37.164+0000] {dagbag.py:588} INFO - Filling up the DagBag from /home/airflow/.local/lib/python3.12/site-packages/airflow/example_dags/example_kubernetes_executor.py
[2024-12-28T00:21:37.180+0000] {processor.py:925} INFO - DAG(s) 'example_kubernetes_executor' retrieved from /home/airflow/.local/lib/python3.12/site-packages/airflow/example_dags/example_kubernetes_executor.py
[2024-12-28T00:21:37.215+0000] {logging_mixin.py:190} INFO - [2024-12-28T00:21:37.214+0000] {dag.py:3239} INFO - Sync 1 DAGs
[2024-12-28T00:21:37.231+0000] {logging_mixin.py:190} INFO - [2024-12-28T00:21:37.231+0000] {dag.py:4180} INFO - Setting next_dagrun for example_kubernetes_executor to None, run_after=None
[2024-12-28T00:21:37.260+0000] {processor.py:208} INFO - Processing /home/airflow/.local/lib/python3.12/site-packages/airflow/example_dags/example_kubernetes_executor.py took 0.104 seconds
[2024-12-28T00:22:10.453+0000] {processor.py:186} INFO - Started process (PID=30541) to work on /home/airflow/.local/lib/python3.12/site-packages/airflow/example_dags/example_kubernetes_executor.py
[2024-12-28T00:22:10.456+0000] {processor.py:914} INFO - Processing file /home/airflow/.local/lib/python3.12/site-packages/airflow/example_dags/example_kubernetes_executor.py for tasks to queue
[2024-12-28T00:22:10.460+0000] {logging_mixin.py:190} INFO - [2024-12-28T00:22:10.459+0000] {dagbag.py:588} INFO - Filling up the DagBag from /home/airflow/.local/lib/python3.12/site-packages/airflow/example_dags/example_kubernetes_executor.py
[2024-12-28T00:22:10.495+0000] {processor.py:925} INFO - DAG(s) 'example_kubernetes_executor' retrieved from /home/airflow/.local/lib/python3.12/site-packages/airflow/example_dags/example_kubernetes_executor.py
[2024-12-28T00:22:10.556+0000] {logging_mixin.py:190} INFO - [2024-12-28T00:22:10.555+0000] {dag.py:3239} INFO - Sync 1 DAGs
[2024-12-28T00:22:10.581+0000] {logging_mixin.py:190} INFO - [2024-12-28T00:22:10.581+0000] {dag.py:4180} INFO - Setting next_dagrun for example_kubernetes_executor to None, run_after=None
[2024-12-28T00:22:10.629+0000] {processor.py:208} INFO - Processing /home/airflow/.local/lib/python3.12/site-packages/airflow/example_dags/example_kubernetes_executor.py took 0.188 seconds
