[2024-12-28T00:00:02.610+0000] {processor.py:186} INFO - Started process (PID=27746) to work on /home/airflow/.local/lib/python3.12/site-packages/airflow/example_dags/tutorial_taskflow_api.py
[2024-12-28T00:00:02.611+0000] {processor.py:914} INFO - Processing file /home/airflow/.local/lib/python3.12/site-packages/airflow/example_dags/tutorial_taskflow_api.py for tasks to queue
[2024-12-28T00:00:02.613+0000] {logging_mixin.py:190} INFO - [2024-12-28T00:00:02.613+0000] {dagbag.py:588} INFO - Filling up the DagBag from /home/airflow/.local/lib/python3.12/site-packages/airflow/example_dags/tutorial_taskflow_api.py
[2024-12-28T00:00:02.622+0000] {processor.py:925} INFO - DAG(s) 'tutorial_taskflow_api' retrieved from /home/airflow/.local/lib/python3.12/site-packages/airflow/example_dags/tutorial_taskflow_api.py
[2024-12-28T00:00:02.648+0000] {logging_mixin.py:190} INFO - [2024-12-28T00:00:02.648+0000] {dag.py:3239} INFO - Sync 1 DAGs
[2024-12-28T00:00:02.666+0000] {logging_mixin.py:190} INFO - [2024-12-28T00:00:02.666+0000] {dag.py:4180} INFO - Setting next_dagrun for tutorial_taskflow_api to None, run_after=None
[2024-12-28T00:00:02.694+0000] {processor.py:208} INFO - Processing /home/airflow/.local/lib/python3.12/site-packages/airflow/example_dags/tutorial_taskflow_api.py took 0.089 seconds
[2024-12-28T00:00:33.080+0000] {processor.py:186} INFO - Started process (PID=27810) to work on /home/airflow/.local/lib/python3.12/site-packages/airflow/example_dags/tutorial_taskflow_api.py
[2024-12-28T00:00:33.082+0000] {processor.py:914} INFO - Processing file /home/airflow/.local/lib/python3.12/site-packages/airflow/example_dags/tutorial_taskflow_api.py for tasks to queue
[2024-12-28T00:00:33.084+0000] {logging_mixin.py:190} INFO - [2024-12-28T00:00:33.083+0000] {dagbag.py:588} INFO - Filling up the DagBag from /home/airflow/.local/lib/python3.12/site-packages/airflow/example_dags/tutorial_taskflow_api.py
[2024-12-28T00:00:33.092+0000] {processor.py:925} INFO - DAG(s) 'tutorial_taskflow_api' retrieved from /home/airflow/.local/lib/python3.12/site-packages/airflow/example_dags/tutorial_taskflow_api.py
[2024-12-28T00:00:33.119+0000] {logging_mixin.py:190} INFO - [2024-12-28T00:00:33.119+0000] {dag.py:3239} INFO - Sync 1 DAGs
[2024-12-28T00:00:33.136+0000] {logging_mixin.py:190} INFO - [2024-12-28T00:00:33.136+0000] {dag.py:4180} INFO - Setting next_dagrun for tutorial_taskflow_api to None, run_after=None
[2024-12-28T00:00:33.162+0000] {processor.py:208} INFO - Processing /home/airflow/.local/lib/python3.12/site-packages/airflow/example_dags/tutorial_taskflow_api.py took 0.088 seconds
[2024-12-28T00:01:03.753+0000] {processor.py:186} INFO - Started process (PID=27874) to work on /home/airflow/.local/lib/python3.12/site-packages/airflow/example_dags/tutorial_taskflow_api.py
[2024-12-28T00:01:03.754+0000] {processor.py:914} INFO - Processing file /home/airflow/.local/lib/python3.12/site-packages/airflow/example_dags/tutorial_taskflow_api.py for tasks to queue
[2024-12-28T00:01:03.756+0000] {logging_mixin.py:190} INFO - [2024-12-28T00:01:03.756+0000] {dagbag.py:588} INFO - Filling up the DagBag from /home/airflow/.local/lib/python3.12/site-packages/airflow/example_dags/tutorial_taskflow_api.py
[2024-12-28T00:01:03.766+0000] {processor.py:925} INFO - DAG(s) 'tutorial_taskflow_api' retrieved from /home/airflow/.local/lib/python3.12/site-packages/airflow/example_dags/tutorial_taskflow_api.py
[2024-12-28T00:01:03.790+0000] {logging_mixin.py:190} INFO - [2024-12-28T00:01:03.789+0000] {dag.py:3239} INFO - Sync 1 DAGs
[2024-12-28T00:01:03.805+0000] {logging_mixin.py:190} INFO - [2024-12-28T00:01:03.805+0000] {dag.py:4180} INFO - Setting next_dagrun for tutorial_taskflow_api to None, run_after=None
[2024-12-28T00:01:03.831+0000] {processor.py:208} INFO - Processing /home/airflow/.local/lib/python3.12/site-packages/airflow/example_dags/tutorial_taskflow_api.py took 0.083 seconds
[2024-12-28T00:01:34.459+0000] {processor.py:186} INFO - Started process (PID=27938) to work on /home/airflow/.local/lib/python3.12/site-packages/airflow/example_dags/tutorial_taskflow_api.py
[2024-12-28T00:01:34.461+0000] {processor.py:914} INFO - Processing file /home/airflow/.local/lib/python3.12/site-packages/airflow/example_dags/tutorial_taskflow_api.py for tasks to queue
[2024-12-28T00:01:34.462+0000] {logging_mixin.py:190} INFO - [2024-12-28T00:01:34.462+0000] {dagbag.py:588} INFO - Filling up the DagBag from /home/airflow/.local/lib/python3.12/site-packages/airflow/example_dags/tutorial_taskflow_api.py
[2024-12-28T00:01:34.471+0000] {processor.py:925} INFO - DAG(s) 'tutorial_taskflow_api' retrieved from /home/airflow/.local/lib/python3.12/site-packages/airflow/example_dags/tutorial_taskflow_api.py
[2024-12-28T00:01:34.496+0000] {logging_mixin.py:190} INFO - [2024-12-28T00:01:34.496+0000] {dag.py:3239} INFO - Sync 1 DAGs
[2024-12-28T00:01:34.514+0000] {logging_mixin.py:190} INFO - [2024-12-28T00:01:34.514+0000] {dag.py:4180} INFO - Setting next_dagrun for tutorial_taskflow_api to None, run_after=None
[2024-12-28T00:01:34.553+0000] {processor.py:208} INFO - Processing /home/airflow/.local/lib/python3.12/site-packages/airflow/example_dags/tutorial_taskflow_api.py took 0.100 seconds
