[2024-12-31T11:57:17.842+0000] {local_task_job_runner.py:123} INFO - ::group::Pre task execution logs
[2024-12-31T11:57:17.868+0000] {taskinstance.py:2613} INFO - Dependencies all met for dep_context=non-requeueable deps ti=<TaskInstance: de01-final-project-dag.load-and-clean manual__2024-12-31T11:57:10.433445+00:00 [queued]>
[2024-12-31T11:57:17.881+0000] {taskinstance.py:2613} INFO - Dependencies all met for dep_context=requeueable deps ti=<TaskInstance: de01-final-project-dag.load-and-clean manual__2024-12-31T11:57:10.433445+00:00 [queued]>
[2024-12-31T11:57:17.883+0000] {taskinstance.py:2866} INFO - Starting attempt 1 of 11
[2024-12-31T11:57:18.218+0000] {taskinstance.py:2889} INFO - Executing <Task(PythonOperator): load-and-clean> on 2024-12-31 11:57:10.433445+00:00
[2024-12-31T11:57:18.228+0000] {warnings.py:112} WARNING - /home/***/.local/lib/python3.12/site-packages/***/task/task_runner/standard_task_runner.py:70: DeprecationWarning: This process (pid=98) is multi-threaded, use of fork() may lead to deadlocks in the child.
  pid = os.fork()

[2024-12-31T11:57:18.231+0000] {standard_task_runner.py:104} INFO - Running: ['***', 'tasks', 'run', 'de01-final-project-dag', 'load-and-clean', 'manual__2024-12-31T11:57:10.433445+00:00', '--job-id', '58', '--raw', '--subdir', 'DAGS_FOLDER/dags.py', '--cfg-path', '/tmp/tmpi0nwch3x']
[2024-12-31T11:57:18.232+0000] {standard_task_runner.py:72} INFO - Started process 100 to run task
[2024-12-31T11:57:18.233+0000] {standard_task_runner.py:105} INFO - Job 58: Subtask load-and-clean
[2024-12-31T11:57:19.114+0000] {task_command.py:467} INFO - Running <TaskInstance: de01-final-project-dag.load-and-clean manual__2024-12-31T11:57:10.433445+00:00 [running]> on host d42ff0ee97b0
[2024-12-31T11:57:20.585+0000] {taskinstance.py:3132} INFO - Exporting env vars: AIRFLOW_CTX_DAG_EMAIL='test@***.com' AIRFLOW_CTX_DAG_OWNER='***' AIRFLOW_CTX_DAG_ID='de01-final-project-dag' AIRFLOW_CTX_TASK_ID='load-and-clean' AIRFLOW_CTX_EXECUTION_DATE='2024-12-31T11:57:10.433445+00:00' AIRFLOW_CTX_TRY_NUMBER='1' AIRFLOW_CTX_DAG_RUN_ID='manual__2024-12-31T11:57:10.433445+00:00'
[2024-12-31T11:57:20.587+0000] {logging_mixin.py:190} INFO - Task instance is in running state
[2024-12-31T11:57:20.588+0000] {logging_mixin.py:190} INFO -  Previous state of the Task instance: queued
[2024-12-31T11:57:20.589+0000] {logging_mixin.py:190} INFO - Current task name:load-and-clean state:running start_date:2024-12-31 11:57:17.869882+00:00
[2024-12-31T11:57:20.590+0000] {logging_mixin.py:190} INFO - Dag name:de01-final-project-dag and current dag run status:running
[2024-12-31T11:57:20.590+0000] {taskinstance.py:731} INFO - ::endgroup::
[2024-12-31T11:57:24.328+0000] {logging_mixin.py:190} INFO - fetching (1)
[2024-12-31T11:57:27.528+0000] {logging_mixin.py:190} INFO - fetching (2)
[2024-12-31T11:57:29.548+0000] {logging_mixin.py:190} INFO - fetching (3)
[2024-12-31T11:57:31.421+0000] {logging_mixin.py:190} INFO - fetching (4)
[2024-12-31T11:57:33.194+0000] {logging_mixin.py:190} INFO - fetching (5)
[2024-12-31T11:57:35.088+0000] {logging_mixin.py:190} INFO - fetching (6)
[2024-12-31T11:57:39.187+0000] {logging_mixin.py:190} INFO - fetching (7)
[2024-12-31T11:57:41.394+0000] {logging_mixin.py:190} INFO - fetching (8)
[2024-12-31T11:57:43.586+0000] {logging_mixin.py:190} INFO - fetching (9)
[2024-12-31T11:57:47.213+0000] {logging_mixin.py:190} INFO - fetching (10)
[2024-12-31T11:57:50.377+0000] {logging_mixin.py:190} INFO - fetching (11)
[2024-12-31T11:57:53.623+0000] {logging_mixin.py:190} INFO - fetching (12)
[2024-12-31T11:57:56.776+0000] {logging_mixin.py:190} INFO - fetching (13)
[2024-12-31T11:57:59.973+0000] {logging_mixin.py:190} INFO - fetching (14)
[2024-12-31T11:58:01.936+0000] {logging_mixin.py:190} INFO - fetching (15)
[2024-12-31T11:58:04.249+0000] {logging_mixin.py:190} INFO - fetching (16)
[2024-12-31T11:58:06.874+0000] {logging_mixin.py:190} INFO - fetching (17)
[2024-12-31T11:58:08.829+0000] {logging_mixin.py:190} INFO - fetching (18)
[2024-12-31T11:58:11.184+0000] {logging_mixin.py:190} INFO - fetching (19)
[2024-12-31T11:58:13.355+0000] {logging_mixin.py:190} INFO - fetching (20)
[2024-12-31T11:58:15.352+0000] {logging_mixin.py:190} INFO - fetching (21)
[2024-12-31T11:58:17.866+0000] {logging_mixin.py:190} INFO - fetching (22)
[2024-12-31T11:58:20.568+0000] {logging_mixin.py:190} INFO - fetching (23)
[2024-12-31T11:58:23.725+0000] {logging_mixin.py:190} INFO - fetching (24)
[2024-12-31T11:58:26.354+0000] {logging_mixin.py:190} INFO - fetching (25)
[2024-12-31T11:58:28.561+0000] {logging_mixin.py:190} INFO - fetching (26)
[2024-12-31T11:58:30.969+0000] {logging_mixin.py:190} INFO - fetching (27)
[2024-12-31T11:58:33.660+0000] {logging_mixin.py:190} INFO - fetching (28)
[2024-12-31T11:58:35.917+0000] {logging_mixin.py:190} INFO - fetching (29)
[2024-12-31T11:58:37.138+0000] {logging_mixin.py:190} INFO - fetching (30)
[2024-12-31T11:58:43.333+0000] {logging_mixin.py:190} INFO - 30 page(s) of dataset were downloaded successfully.
[2024-12-31T11:58:43.874+0000] {python.py:240} INFO - Done. Returned value was: None
[2024-12-31T11:58:43.890+0000] {taskinstance.py:340} INFO - ::group::Post task execution logs
[2024-12-31T11:58:43.892+0000] {taskinstance.py:352} INFO - Marking task as SUCCESS. dag_id=de01-final-project-dag, task_id=load-and-clean, run_id=manual__2024-12-31T11:57:10.433445+00:00, execution_date=20241231T115710, start_date=20241231T115717, end_date=20241231T115843
[2024-12-31T11:58:43.915+0000] {logging_mixin.py:190} INFO - Task instance in success state
[2024-12-31T11:58:43.916+0000] {logging_mixin.py:190} INFO -  Previous state of the Task instance: running
[2024-12-31T11:58:43.917+0000] {logging_mixin.py:190} INFO - Dag name:de01-final-project-dag queued_at:2024-12-31 11:57:10.471972+00:00
[2024-12-31T11:58:43.918+0000] {logging_mixin.py:190} INFO - Task hostname:d42ff0ee97b0 operator:PythonOperator
[2024-12-31T11:58:43.955+0000] {local_task_job_runner.py:266} INFO - Task exited with return code 0
[2024-12-31T11:58:44.186+0000] {taskinstance.py:3895} INFO - 0 downstream tasks scheduled from follow-on schedule check
[2024-12-31T11:58:44.190+0000] {local_task_job_runner.py:245} INFO - ::endgroup::
